
==========================================================================
cts final report_tns
--------------------------------------------------------------------------
tns -8.66

==========================================================================
cts final report_wns
--------------------------------------------------------------------------
wns -0.80

==========================================================================
cts final report_worst_slack
--------------------------------------------------------------------------
worst slack -0.80

==========================================================================
cts final report_clock_skew
--------------------------------------------------------------------------
Clock core_clock
   1.00 source latency w[1][18]$_DFFE_PP_/CLK ^
  -1.11 target latency w[25][13]$_SDFFCE_PN0P_/CLK ^
   0.00 CRPR
--------------
  -0.11 setup skew


==========================================================================
cts final report_checks -path_delay min
--------------------------------------------------------------------------
Startpoint: ready_dash$_SDFF_PP0_
            (rising edge-triggered flip-flop clocked by core_clock)
Endpoint: ready$_DFF_P_ (rising edge-triggered flip-flop clocked by core_clock)
Path Group: core_clock
Path Type: min

Fanout     Cap    Slew   Delay    Time   Description
-----------------------------------------------------------------------------
                          0.00    0.00   clock core_clock (rise edge)
                          0.00    0.00   clock source latency
     1    0.16    0.00    0.00    0.00 ^ clk (in)
                                         clk (net)
                  0.01    0.01    0.01 ^ clkbuf_0_clk/A (sky130_fd_sc_hd__clkbuf_16)
     4    0.21    0.22    0.25    0.26 ^ clkbuf_0_clk/X (sky130_fd_sc_hd__clkbuf_16)
                                         clknet_0_clk (net)
                  0.22    0.00    0.26 ^ clkbuf_2_3_0_clk/A (sky130_fd_sc_hd__clkbuf_16)
     8    0.21    0.22    0.32    0.58 ^ clkbuf_2_3_0_clk/X (sky130_fd_sc_hd__clkbuf_16)
                                         clknet_2_3_0_clk (net)
                  0.22    0.00    0.58 ^ clkbuf_5_25__f_clk/A (sky130_fd_sc_hd__clkbuf_16)
     6    0.12    0.14    0.26    0.84 ^ clkbuf_5_25__f_clk/X (sky130_fd_sc_hd__clkbuf_16)
                                         clknet_5_25__leaf_clk (net)
                  0.14    0.00    0.84 ^ clkbuf_leaf_180_clk/A (sky130_fd_sc_hd__clkbuf_16)
     8    0.04    0.06    0.18    1.02 ^ clkbuf_leaf_180_clk/X (sky130_fd_sc_hd__clkbuf_16)
                                         clknet_leaf_180_clk (net)
                  0.06    0.00    1.02 ^ ready_dash$_SDFF_PP0_/CLK (sky130_fd_sc_hd__dfxtp_1)
     1    0.00    0.04    0.30    1.32 ^ ready_dash$_SDFF_PP0_/Q (sky130_fd_sc_hd__dfxtp_1)
                                         ready_dash (net)
                  0.04    0.00    1.32 ^ ready$_DFF_P_/D (sky130_fd_sc_hd__dfxtp_1)
                                  1.32   data arrival time

                          0.00    0.00   clock core_clock (rise edge)
                          0.00    0.00   clock source latency
     1    0.16    0.00    0.00    0.00 ^ clk (in)
                                         clk (net)
                  0.01    0.01    0.01 ^ clkbuf_0_clk/A (sky130_fd_sc_hd__clkbuf_16)
     4    0.21    0.22    0.25    0.26 ^ clkbuf_0_clk/X (sky130_fd_sc_hd__clkbuf_16)
                                         clknet_0_clk (net)
                  0.22    0.00    0.26 ^ clkbuf_2_3_0_clk/A (sky130_fd_sc_hd__clkbuf_16)
     8    0.21    0.22    0.32    0.58 ^ clkbuf_2_3_0_clk/X (sky130_fd_sc_hd__clkbuf_16)
                                         clknet_2_3_0_clk (net)
                  0.22    0.00    0.58 ^ clkbuf_5_25__f_clk/A (sky130_fd_sc_hd__clkbuf_16)
     6    0.12    0.14    0.26    0.84 ^ clkbuf_5_25__f_clk/X (sky130_fd_sc_hd__clkbuf_16)
                                         clknet_5_25__leaf_clk (net)
                  0.14    0.00    0.84 ^ clkbuf_leaf_179_clk/A (sky130_fd_sc_hd__clkbuf_16)
     6    0.03    0.05    0.17    1.01 ^ clkbuf_leaf_179_clk/X (sky130_fd_sc_hd__clkbuf_16)
                                         clknet_leaf_179_clk (net)
                  0.05    0.00    1.01 ^ ready$_DFF_P_/CLK (sky130_fd_sc_hd__dfxtp_1)
                          0.00    1.01   clock reconvergence pessimism
                         -0.03    0.98   library hold time
                                  0.98   data required time
-----------------------------------------------------------------------------
                                  0.98   data required time
                                 -1.32   data arrival time
-----------------------------------------------------------------------------
                                  0.34   slack (MET)



==========================================================================
cts final report_checks -path_delay max
--------------------------------------------------------------------------
Startpoint: hash.p2_cap[25]$_DFF_P_
            (rising edge-triggered flip-flop clocked by core_clock)
Endpoint: hash.p2_cap[30]$_DFF_P_
          (rising edge-triggered flip-flop clocked by core_clock)
Path Group: core_clock
Path Type: max

Fanout     Cap    Slew   Delay    Time   Description
-----------------------------------------------------------------------------
                          0.00    0.00   clock core_clock (rise edge)
                          0.00    0.00   clock source latency
     1    0.16    0.00    0.00    0.00 ^ clk (in)
                                         clk (net)
                  0.01    0.01    0.01 ^ clkbuf_0_clk/A (sky130_fd_sc_hd__clkbuf_16)
     4    0.21    0.22    0.25    0.26 ^ clkbuf_0_clk/X (sky130_fd_sc_hd__clkbuf_16)
                                         clknet_0_clk (net)
                  0.22    0.00    0.26 ^ clkbuf_2_3_0_clk/A (sky130_fd_sc_hd__clkbuf_16)
     8    0.21    0.22    0.32    0.58 ^ clkbuf_2_3_0_clk/X (sky130_fd_sc_hd__clkbuf_16)
                                         clknet_2_3_0_clk (net)
                  0.22    0.00    0.58 ^ clkbuf_5_27__f_clk/A (sky130_fd_sc_hd__clkbuf_16)
    10    0.14    0.15    0.27    0.85 ^ clkbuf_5_27__f_clk/X (sky130_fd_sc_hd__clkbuf_16)
                                         clknet_5_27__leaf_clk (net)
                  0.15    0.00    0.85 ^ clkbuf_leaf_160_clk/A (sky130_fd_sc_hd__clkbuf_16)
    11    0.03    0.05    0.17    1.03 ^ clkbuf_leaf_160_clk/X (sky130_fd_sc_hd__clkbuf_16)
                                         clknet_leaf_160_clk (net)
                  0.05    0.00    1.03 ^ hash.p2_cap[25]$_DFF_P_/CLK (sky130_fd_sc_hd__dfxtp_4)
     7    0.05    0.08    0.39    1.42 v hash.p2_cap[25]$_DFF_P_/Q (sky130_fd_sc_hd__dfxtp_4)
                                         hash.CA2.S1.X[25] (net)
                  0.08    0.00    1.42 v _14773_/B (sky130_fd_sc_hd__xnor2_2)
     1    0.01    0.07    0.15    1.58 v _14773_/Y (sky130_fd_sc_hd__xnor2_2)
                                         _04381_ (net)
                  0.07    0.00    1.58 v _14774_/A (sky130_fd_sc_hd__xnor2_2)
     1    0.01    0.21    0.23    1.81 ^ _14774_/Y (sky130_fd_sc_hd__xnor2_2)
                                         _13230_ (net)
                  0.21    0.00    1.81 ^ _27607_/A (sky130_fd_sc_hd__ha_4)
     2    0.01    0.05    0.18    1.98 ^ _27607_/COUT (sky130_fd_sc_hd__ha_4)
                                         _13231_ (net)
                  0.05    0.00    1.99 ^ _18753_/A (sky130_fd_sc_hd__clkinv_2)
     1    0.01    0.03    0.05    2.04 v _18753_/Y (sky130_fd_sc_hd__clkinv_2)
                                         _12083_ (net)
                  0.03    0.00    2.04 v _27310_/CIN (sky130_fd_sc_hd__fa_2)
     2    0.01    0.07    0.33    2.37 v _27310_/COUT (sky130_fd_sc_hd__fa_2)
                                         _12086_ (net)
                  0.07    0.00    2.37 v _14919_/A (sky130_fd_sc_hd__nor2b_1)
     1    0.01    0.13    0.15    2.52 ^ _14919_/Y (sky130_fd_sc_hd__nor2b_1)
                                         _04507_ (net)
                  0.13    0.00    2.52 ^ _14920_/A2 (sky130_fd_sc_hd__o21ai_2)
     2    0.01    0.07    0.08    2.60 v _14920_/Y (sky130_fd_sc_hd__o21ai_2)
                                         _04508_ (net)
                  0.07    0.00    2.60 v _14921_/A1 (sky130_fd_sc_hd__a21boi_2)
     2    0.01    0.11    0.14    2.73 ^ _14921_/Y (sky130_fd_sc_hd__a21boi_2)
                                         _04509_ (net)
                  0.11    0.00    2.73 ^ _14966_/A1 (sky130_fd_sc_hd__o21a_1)
     2    0.01    0.09    0.17    2.91 ^ _14966_/X (sky130_fd_sc_hd__o21a_1)
                                         _04546_ (net)
                  0.09    0.00    2.91 ^ _15011_/A2 (sky130_fd_sc_hd__o21ai_2)
     2    0.01    0.05    0.07    2.98 v _15011_/Y (sky130_fd_sc_hd__o21ai_2)
                                         _04583_ (net)
                  0.05    0.00    2.98 v _15054_/A1 (sky130_fd_sc_hd__a21boi_2)
     2    0.01    0.19    0.20    3.18 ^ _15054_/Y (sky130_fd_sc_hd__a21boi_2)
                                         _04618_ (net)
                  0.19    0.00    3.18 ^ _15079_/A3 (sky130_fd_sc_hd__o31ai_4)
     3    0.02    0.10    0.11    3.28 v _15079_/Y (sky130_fd_sc_hd__o31ai_4)
                                         _04635_ (net)
                  0.10    0.00    3.28 v _15107_/A1 (sky130_fd_sc_hd__o21bai_1)
     1    0.00    0.15    0.18    3.46 ^ _15107_/Y (sky130_fd_sc_hd__o21bai_1)
                                         _04655_ (net)
                  0.15    0.00    3.46 ^ _15108_/A1 (sky130_fd_sc_hd__a211oi_2)
     1    0.00    0.06    0.09    3.56 v _15108_/Y (sky130_fd_sc_hd__a211oi_2)
                                         _04656_ (net)
                  0.06    0.00    3.56 v _15109_/A (sky130_fd_sc_hd__nor2_2)
     2    0.02    0.25    0.24    3.80 ^ _15109_/Y (sky130_fd_sc_hd__nor2_2)
                                         _13330_ (net)
                  0.25    0.00    3.80 ^ _27683_/A (sky130_fd_sc_hd__ha_4)
     4    0.02    0.06    0.27    4.06 v _27683_/SUM (sky130_fd_sc_hd__ha_4)
                                         _13473_ (net)
                  0.06    0.00    4.06 v _17963_/A2 (sky130_fd_sc_hd__a21oi_4)
     2    0.01    0.14    0.17    4.24 ^ _17963_/Y (sky130_fd_sc_hd__a21oi_4)
                                         _06602_ (net)
                  0.14    0.00    4.24 ^ _17964_/B1 (sky130_fd_sc_hd__o21ai_2)
     3    0.01    0.08    0.10    4.34 v _17964_/Y (sky130_fd_sc_hd__o21ai_2)
                                         _06603_ (net)
                  0.08    0.00    4.34 v _17980_/C (sky130_fd_sc_hd__or4_4)
     2    0.01    0.10    0.52    4.85 v _17980_/X (sky130_fd_sc_hd__or4_4)
                                         _06617_ (net)
                  0.10    0.00    4.85 v _17994_/A1 (sky130_fd_sc_hd__a211oi_4)
     2    0.01    0.24    0.27    5.13 ^ _17994_/Y (sky130_fd_sc_hd__a211oi_4)
                                         _06627_ (net)
                  0.24    0.00    5.13 ^ _18047_/A2 (sky130_fd_sc_hd__o21ai_2)
     1    0.01    0.09    0.12    5.24 v _18047_/Y (sky130_fd_sc_hd__o21ai_2)
                                         _06668_ (net)
                  0.09    0.00    5.25 v _18050_/B2 (sky130_fd_sc_hd__a221oi_4)
     3    0.01    0.26    0.31    5.55 ^ _18050_/Y (sky130_fd_sc_hd__a221oi_4)
                                         _06671_ (net)
                  0.26    0.00    5.55 ^ _18090_/B (sky130_fd_sc_hd__nor2_1)
     1    0.00    0.07    0.09    5.64 v _18090_/Y (sky130_fd_sc_hd__nor2_1)
                                         _06703_ (net)
                  0.07    0.00    5.64 v _18091_/A2 (sky130_fd_sc_hd__o31a_1)
     3    0.02    0.11    0.35    5.99 v _18091_/X (sky130_fd_sc_hd__o31a_1)
                                         _06704_ (net)
                  0.11    0.00    5.99 v _18092_/A1 (sky130_fd_sc_hd__o21ai_4)
     4    0.03    0.24    0.27    6.26 ^ _18092_/Y (sky130_fd_sc_hd__o21ai_4)
                                         _06705_ (net)
                  0.24    0.00    6.26 ^ _18107_/B (sky130_fd_sc_hd__nor2_4)
     1    0.01    0.05    0.06    6.32 v _18107_/Y (sky130_fd_sc_hd__nor2_4)
                                         _06716_ (net)
                  0.05    0.00    6.32 v _18112_/C1 (sky130_fd_sc_hd__a211oi_4)
     2    0.02    0.34    0.29    6.61 ^ _18112_/Y (sky130_fd_sc_hd__a211oi_4)
                                         hash.CA1.S1.X[30] (net)
                  0.34    0.00    6.61 ^ _20011_/B (sky130_fd_sc_hd__xnor2_2)
     1    0.01    0.08    0.12    6.74 v _20011_/Y (sky130_fd_sc_hd__xnor2_2)
                                         _13896_ (net)
                  0.08    0.00    6.74 v _27835_/B (sky130_fd_sc_hd__ha_4)
     3    0.01    0.04    0.18    6.92 v _27835_/COUT (sky130_fd_sc_hd__ha_4)
                                         _13898_ (net)
                  0.04    0.00    6.92 v _18498_/B (sky130_fd_sc_hd__or3_4)
     1    0.01    0.07    0.37    7.28 v _18498_/X (sky130_fd_sc_hd__or3_4)
                                         _06951_ (net)
                  0.07    0.00    7.28 v _18499_/B1 (sky130_fd_sc_hd__a311oi_4)
     2    0.02    0.32    0.35    7.63 ^ _18499_/Y (sky130_fd_sc_hd__a311oi_4)
                                         _06952_ (net)
                  0.32    0.00    7.63 ^ _18500_/A (sky130_fd_sc_hd__or2_4)
     3    0.01    0.06    0.20    7.84 ^ _18500_/X (sky130_fd_sc_hd__or2_4)
                                         _06953_ (net)
                  0.06    0.00    7.84 ^ _18721_/A2 (sky130_fd_sc_hd__o21bai_1)
     1    0.01    0.06    0.07    7.91 v _18721_/Y (sky130_fd_sc_hd__o21bai_1)
                                         _07116_ (net)
                  0.06    0.00    7.91 v _18722_/A1 (sky130_fd_sc_hd__a21oi_2)
     2    0.02    0.24    0.24    8.15 ^ _18722_/Y (sky130_fd_sc_hd__a21oi_2)
                                         _07117_ (net)
                  0.24    0.00    8.15 ^ _18723_/A (sky130_fd_sc_hd__xnor2_2)
     1    0.01    0.08    0.13    8.28 v _18723_/Y (sky130_fd_sc_hd__xnor2_2)
                                         _12720_ (net)
                  0.08    0.00    8.28 v _27455_/A (sky130_fd_sc_hd__fa_1)
     1    0.01    0.12    0.60    8.88 ^ _27455_/SUM (sky130_fd_sc_hd__fa_1)
                                         _12722_ (net)
                  0.12    0.00    8.88 ^ _27919_/A (sky130_fd_sc_hd__ha_4)
     4    0.02    0.05    0.23    9.11 v _27919_/SUM (sky130_fd_sc_hd__ha_4)
                                         _14158_ (net)
                  0.05    0.00    9.11 v _23293_/A1 (sky130_fd_sc_hd__a21o_1)
     1    0.00    0.04    0.16    9.28 v _23293_/X (sky130_fd_sc_hd__a21o_1)
                                         _09340_ (net)
                  0.04    0.00    9.28 v _23294_/A1 (sky130_fd_sc_hd__a21o_4)
     3    0.02    0.05    0.22    9.50 v _23294_/X (sky130_fd_sc_hd__a21o_4)
                                         _09341_ (net)
                  0.05    0.00    9.50 v _23310_/B1 (sky130_fd_sc_hd__a21oi_4)
     1    0.01    0.12    0.13    9.62 ^ _23310_/Y (sky130_fd_sc_hd__a21oi_4)
                                         _09356_ (net)
                  0.12    0.00    9.62 ^ _23311_/B1 (sky130_fd_sc_hd__o21ai_4)
     2    0.02    0.09    0.10    9.72 v _23311_/Y (sky130_fd_sc_hd__o21ai_4)
                                         _09357_ (net)
                  0.09    0.00    9.72 v _23319_/B (sky130_fd_sc_hd__nor3_2)
     2    0.01    0.16    0.19    9.91 ^ _23319_/Y (sky130_fd_sc_hd__nor3_2)
                                         _09363_ (net)
                  0.16    0.00    9.91 ^ _23329_/C (sky130_fd_sc_hd__or3_4)
     2    0.02    0.06    0.17   10.08 ^ _23329_/X (sky130_fd_sc_hd__or3_4)
                                         _09371_ (net)
                  0.06    0.00   10.08 ^ _23344_/A1 (sky130_fd_sc_hd__a31oi_4)
     3    0.01    0.10    0.09   10.18 v _23344_/Y (sky130_fd_sc_hd__a31oi_4)
                                         _09384_ (net)
                  0.10    0.00   10.18 v _23354_/A1 (sky130_fd_sc_hd__a41o_4)
     3    0.02    0.06    0.25   10.43 v _23354_/X (sky130_fd_sc_hd__a41o_4)
                                         _09392_ (net)
                  0.06    0.00   10.43 v _23377_/A1 (sky130_fd_sc_hd__o41ai_4)
     2    0.01    0.32    0.41   10.84 ^ _23377_/Y (sky130_fd_sc_hd__o41ai_4)
                                         _09411_ (net)
                  0.32    0.00   10.84 ^ _23386_/A2 (sky130_fd_sc_hd__o22ai_2)
     2    0.01    0.09    0.13   10.97 v _23386_/Y (sky130_fd_sc_hd__o22ai_2)
                                         _09418_ (net)
                  0.09    0.00   10.97 v _23397_/A3 (sky130_fd_sc_hd__o41ai_2)
     2    0.01    0.34    0.37   11.34 ^ _23397_/Y (sky130_fd_sc_hd__o41ai_2)
                                         _09427_ (net)
                  0.34    0.00   11.34 ^ _23404_/A1 (sky130_fd_sc_hd__o21bai_1)
     1    0.00    0.08    0.13   11.46 v _23404_/Y (sky130_fd_sc_hd__o21bai_1)
                                         _09432_ (net)
                  0.08    0.00   11.46 v _23405_/A1 (sky130_fd_sc_hd__a21oi_1)
     1    0.01    0.15    0.16   11.63 ^ _23405_/Y (sky130_fd_sc_hd__a21oi_1)
                                         _09433_ (net)
                  0.15    0.00   11.63 ^ _23406_/A (sky130_fd_sc_hd__xnor2_1)
     1    0.00    0.12    0.13   11.76 ^ _23406_/Y (sky130_fd_sc_hd__xnor2_1)
                                         hash.CA1.p2[30] (net)
                  0.12    0.00   11.76 ^ hash.p2_cap[30]$_DFF_P_/D (sky130_fd_sc_hd__dfxtp_1)
                                 11.76   data arrival time

                         10.00   10.00   clock core_clock (rise edge)
                          0.00   10.00   clock source latency
     1    0.16    0.00    0.00   10.00 ^ clk (in)
                                         clk (net)
                  0.01    0.01   10.01 ^ clkbuf_0_clk/A (sky130_fd_sc_hd__clkbuf_16)
     4    0.21    0.22    0.25   10.26 ^ clkbuf_0_clk/X (sky130_fd_sc_hd__clkbuf_16)
                                         clknet_0_clk (net)
                  0.22    0.00   10.26 ^ clkbuf_2_3_0_clk/A (sky130_fd_sc_hd__clkbuf_16)
     8    0.21    0.22    0.32   10.58 ^ clkbuf_2_3_0_clk/X (sky130_fd_sc_hd__clkbuf_16)
                                         clknet_2_3_0_clk (net)
                  0.22    0.00   10.58 ^ clkbuf_5_27__f_clk/A (sky130_fd_sc_hd__clkbuf_16)
    10    0.14    0.15    0.27   10.85 ^ clkbuf_5_27__f_clk/X (sky130_fd_sc_hd__clkbuf_16)
                                         clknet_5_27__leaf_clk (net)
                  0.15    0.00   10.85 ^ clkbuf_leaf_159_clk/A (sky130_fd_sc_hd__clkbuf_16)
     9    0.03    0.05    0.18   11.03 ^ clkbuf_leaf_159_clk/X (sky130_fd_sc_hd__clkbuf_16)
                                         clknet_leaf_159_clk (net)
                  0.05    0.00   11.03 ^ hash.p2_cap[30]$_DFF_P_/CLK (sky130_fd_sc_hd__dfxtp_1)
                          0.00   11.03   clock reconvergence pessimism
                         -0.07   10.96   library setup time
                                 10.96   data required time
-----------------------------------------------------------------------------
                                 10.96   data required time
                                -11.76   data arrival time
-----------------------------------------------------------------------------
                                 -0.80   slack (VIOLATED)



==========================================================================
cts final report_checks -unconstrained
--------------------------------------------------------------------------
Startpoint: hash.p2_cap[25]$_DFF_P_
            (rising edge-triggered flip-flop clocked by core_clock)
Endpoint: hash.p2_cap[30]$_DFF_P_
          (rising edge-triggered flip-flop clocked by core_clock)
Path Group: core_clock
Path Type: max

Fanout     Cap    Slew   Delay    Time   Description
-----------------------------------------------------------------------------
                          0.00    0.00   clock core_clock (rise edge)
                          0.00    0.00   clock source latency
     1    0.16    0.00    0.00    0.00 ^ clk (in)
                                         clk (net)
                  0.01    0.01    0.01 ^ clkbuf_0_clk/A (sky130_fd_sc_hd__clkbuf_16)
     4    0.21    0.22    0.25    0.26 ^ clkbuf_0_clk/X (sky130_fd_sc_hd__clkbuf_16)
                                         clknet_0_clk (net)
                  0.22    0.00    0.26 ^ clkbuf_2_3_0_clk/A (sky130_fd_sc_hd__clkbuf_16)
     8    0.21    0.22    0.32    0.58 ^ clkbuf_2_3_0_clk/X (sky130_fd_sc_hd__clkbuf_16)
                                         clknet_2_3_0_clk (net)
                  0.22    0.00    0.58 ^ clkbuf_5_27__f_clk/A (sky130_fd_sc_hd__clkbuf_16)
    10    0.14    0.15    0.27    0.85 ^ clkbuf_5_27__f_clk/X (sky130_fd_sc_hd__clkbuf_16)
                                         clknet_5_27__leaf_clk (net)
                  0.15    0.00    0.85 ^ clkbuf_leaf_160_clk/A (sky130_fd_sc_hd__clkbuf_16)
    11    0.03    0.05    0.17    1.03 ^ clkbuf_leaf_160_clk/X (sky130_fd_sc_hd__clkbuf_16)
                                         clknet_leaf_160_clk (net)
                  0.05    0.00    1.03 ^ hash.p2_cap[25]$_DFF_P_/CLK (sky130_fd_sc_hd__dfxtp_4)
     7    0.05    0.08    0.39    1.42 v hash.p2_cap[25]$_DFF_P_/Q (sky130_fd_sc_hd__dfxtp_4)
                                         hash.CA2.S1.X[25] (net)
                  0.08    0.00    1.42 v _14773_/B (sky130_fd_sc_hd__xnor2_2)
     1    0.01    0.07    0.15    1.58 v _14773_/Y (sky130_fd_sc_hd__xnor2_2)
                                         _04381_ (net)
                  0.07    0.00    1.58 v _14774_/A (sky130_fd_sc_hd__xnor2_2)
     1    0.01    0.21    0.23    1.81 ^ _14774_/Y (sky130_fd_sc_hd__xnor2_2)
                                         _13230_ (net)
                  0.21    0.00    1.81 ^ _27607_/A (sky130_fd_sc_hd__ha_4)
     2    0.01    0.05    0.18    1.98 ^ _27607_/COUT (sky130_fd_sc_hd__ha_4)
                                         _13231_ (net)
                  0.05    0.00    1.99 ^ _18753_/A (sky130_fd_sc_hd__clkinv_2)
     1    0.01    0.03    0.05    2.04 v _18753_/Y (sky130_fd_sc_hd__clkinv_2)
                                         _12083_ (net)
                  0.03    0.00    2.04 v _27310_/CIN (sky130_fd_sc_hd__fa_2)
     2    0.01    0.07    0.33    2.37 v _27310_/COUT (sky130_fd_sc_hd__fa_2)
                                         _12086_ (net)
                  0.07    0.00    2.37 v _14919_/A (sky130_fd_sc_hd__nor2b_1)
     1    0.01    0.13    0.15    2.52 ^ _14919_/Y (sky130_fd_sc_hd__nor2b_1)
                                         _04507_ (net)
                  0.13    0.00    2.52 ^ _14920_/A2 (sky130_fd_sc_hd__o21ai_2)
     2    0.01    0.07    0.08    2.60 v _14920_/Y (sky130_fd_sc_hd__o21ai_2)
                                         _04508_ (net)
                  0.07    0.00    2.60 v _14921_/A1 (sky130_fd_sc_hd__a21boi_2)
     2    0.01    0.11    0.14    2.73 ^ _14921_/Y (sky130_fd_sc_hd__a21boi_2)
                                         _04509_ (net)
                  0.11    0.00    2.73 ^ _14966_/A1 (sky130_fd_sc_hd__o21a_1)
     2    0.01    0.09    0.17    2.91 ^ _14966_/X (sky130_fd_sc_hd__o21a_1)
                                         _04546_ (net)
                  0.09    0.00    2.91 ^ _15011_/A2 (sky130_fd_sc_hd__o21ai_2)
     2    0.01    0.05    0.07    2.98 v _15011_/Y (sky130_fd_sc_hd__o21ai_2)
                                         _04583_ (net)
                  0.05    0.00    2.98 v _15054_/A1 (sky130_fd_sc_hd__a21boi_2)
     2    0.01    0.19    0.20    3.18 ^ _15054_/Y (sky130_fd_sc_hd__a21boi_2)
                                         _04618_ (net)
                  0.19    0.00    3.18 ^ _15079_/A3 (sky130_fd_sc_hd__o31ai_4)
     3    0.02    0.10    0.11    3.28 v _15079_/Y (sky130_fd_sc_hd__o31ai_4)
                                         _04635_ (net)
                  0.10    0.00    3.28 v _15107_/A1 (sky130_fd_sc_hd__o21bai_1)
     1    0.00    0.15    0.18    3.46 ^ _15107_/Y (sky130_fd_sc_hd__o21bai_1)
                                         _04655_ (net)
                  0.15    0.00    3.46 ^ _15108_/A1 (sky130_fd_sc_hd__a211oi_2)
     1    0.00    0.06    0.09    3.56 v _15108_/Y (sky130_fd_sc_hd__a211oi_2)
                                         _04656_ (net)
                  0.06    0.00    3.56 v _15109_/A (sky130_fd_sc_hd__nor2_2)
     2    0.02    0.25    0.24    3.80 ^ _15109_/Y (sky130_fd_sc_hd__nor2_2)
                                         _13330_ (net)
                  0.25    0.00    3.80 ^ _27683_/A (sky130_fd_sc_hd__ha_4)
     4    0.02    0.06    0.27    4.06 v _27683_/SUM (sky130_fd_sc_hd__ha_4)
                                         _13473_ (net)
                  0.06    0.00    4.06 v _17963_/A2 (sky130_fd_sc_hd__a21oi_4)
     2    0.01    0.14    0.17    4.24 ^ _17963_/Y (sky130_fd_sc_hd__a21oi_4)
                                         _06602_ (net)
                  0.14    0.00    4.24 ^ _17964_/B1 (sky130_fd_sc_hd__o21ai_2)
     3    0.01    0.08    0.10    4.34 v _17964_/Y (sky130_fd_sc_hd__o21ai_2)
                                         _06603_ (net)
                  0.08    0.00    4.34 v _17980_/C (sky130_fd_sc_hd__or4_4)
     2    0.01    0.10    0.52    4.85 v _17980_/X (sky130_fd_sc_hd__or4_4)
                                         _06617_ (net)
                  0.10    0.00    4.85 v _17994_/A1 (sky130_fd_sc_hd__a211oi_4)
     2    0.01    0.24    0.27    5.13 ^ _17994_/Y (sky130_fd_sc_hd__a211oi_4)
                                         _06627_ (net)
                  0.24    0.00    5.13 ^ _18047_/A2 (sky130_fd_sc_hd__o21ai_2)
     1    0.01    0.09    0.12    5.24 v _18047_/Y (sky130_fd_sc_hd__o21ai_2)
                                         _06668_ (net)
                  0.09    0.00    5.25 v _18050_/B2 (sky130_fd_sc_hd__a221oi_4)
     3    0.01    0.26    0.31    5.55 ^ _18050_/Y (sky130_fd_sc_hd__a221oi_4)
                                         _06671_ (net)
                  0.26    0.00    5.55 ^ _18090_/B (sky130_fd_sc_hd__nor2_1)
     1    0.00    0.07    0.09    5.64 v _18090_/Y (sky130_fd_sc_hd__nor2_1)
                                         _06703_ (net)
                  0.07    0.00    5.64 v _18091_/A2 (sky130_fd_sc_hd__o31a_1)
     3    0.02    0.11    0.35    5.99 v _18091_/X (sky130_fd_sc_hd__o31a_1)
                                         _06704_ (net)
                  0.11    0.00    5.99 v _18092_/A1 (sky130_fd_sc_hd__o21ai_4)
     4    0.03    0.24    0.27    6.26 ^ _18092_/Y (sky130_fd_sc_hd__o21ai_4)
                                         _06705_ (net)
                  0.24    0.00    6.26 ^ _18107_/B (sky130_fd_sc_hd__nor2_4)
     1    0.01    0.05    0.06    6.32 v _18107_/Y (sky130_fd_sc_hd__nor2_4)
                                         _06716_ (net)
                  0.05    0.00    6.32 v _18112_/C1 (sky130_fd_sc_hd__a211oi_4)
     2    0.02    0.34    0.29    6.61 ^ _18112_/Y (sky130_fd_sc_hd__a211oi_4)
                                         hash.CA1.S1.X[30] (net)
                  0.34    0.00    6.61 ^ _20011_/B (sky130_fd_sc_hd__xnor2_2)
     1    0.01    0.08    0.12    6.74 v _20011_/Y (sky130_fd_sc_hd__xnor2_2)
                                         _13896_ (net)
                  0.08    0.00    6.74 v _27835_/B (sky130_fd_sc_hd__ha_4)
     3    0.01    0.04    0.18    6.92 v _27835_/COUT (sky130_fd_sc_hd__ha_4)
                                         _13898_ (net)
                  0.04    0.00    6.92 v _18498_/B (sky130_fd_sc_hd__or3_4)
     1    0.01    0.07    0.37    7.28 v _18498_/X (sky130_fd_sc_hd__or3_4)
                                         _06951_ (net)
                  0.07    0.00    7.28 v _18499_/B1 (sky130_fd_sc_hd__a311oi_4)
     2    0.02    0.32    0.35    7.63 ^ _18499_/Y (sky130_fd_sc_hd__a311oi_4)
                                         _06952_ (net)
                  0.32    0.00    7.63 ^ _18500_/A (sky130_fd_sc_hd__or2_4)
     3    0.01    0.06    0.20    7.84 ^ _18500_/X (sky130_fd_sc_hd__or2_4)
                                         _06953_ (net)
                  0.06    0.00    7.84 ^ _18721_/A2 (sky130_fd_sc_hd__o21bai_1)
     1    0.01    0.06    0.07    7.91 v _18721_/Y (sky130_fd_sc_hd__o21bai_1)
                                         _07116_ (net)
                  0.06    0.00    7.91 v _18722_/A1 (sky130_fd_sc_hd__a21oi_2)
     2    0.02    0.24    0.24    8.15 ^ _18722_/Y (sky130_fd_sc_hd__a21oi_2)
                                         _07117_ (net)
                  0.24    0.00    8.15 ^ _18723_/A (sky130_fd_sc_hd__xnor2_2)
     1    0.01    0.08    0.13    8.28 v _18723_/Y (sky130_fd_sc_hd__xnor2_2)
                                         _12720_ (net)
                  0.08    0.00    8.28 v _27455_/A (sky130_fd_sc_hd__fa_1)
     1    0.01    0.12    0.60    8.88 ^ _27455_/SUM (sky130_fd_sc_hd__fa_1)
                                         _12722_ (net)
                  0.12    0.00    8.88 ^ _27919_/A (sky130_fd_sc_hd__ha_4)
     4    0.02    0.05    0.23    9.11 v _27919_/SUM (sky130_fd_sc_hd__ha_4)
                                         _14158_ (net)
                  0.05    0.00    9.11 v _23293_/A1 (sky130_fd_sc_hd__a21o_1)
     1    0.00    0.04    0.16    9.28 v _23293_/X (sky130_fd_sc_hd__a21o_1)
                                         _09340_ (net)
                  0.04    0.00    9.28 v _23294_/A1 (sky130_fd_sc_hd__a21o_4)
     3    0.02    0.05    0.22    9.50 v _23294_/X (sky130_fd_sc_hd__a21o_4)
                                         _09341_ (net)
                  0.05    0.00    9.50 v _23310_/B1 (sky130_fd_sc_hd__a21oi_4)
     1    0.01    0.12    0.13    9.62 ^ _23310_/Y (sky130_fd_sc_hd__a21oi_4)
                                         _09356_ (net)
                  0.12    0.00    9.62 ^ _23311_/B1 (sky130_fd_sc_hd__o21ai_4)
     2    0.02    0.09    0.10    9.72 v _23311_/Y (sky130_fd_sc_hd__o21ai_4)
                                         _09357_ (net)
                  0.09    0.00    9.72 v _23319_/B (sky130_fd_sc_hd__nor3_2)
     2    0.01    0.16    0.19    9.91 ^ _23319_/Y (sky130_fd_sc_hd__nor3_2)
                                         _09363_ (net)
                  0.16    0.00    9.91 ^ _23329_/C (sky130_fd_sc_hd__or3_4)
     2    0.02    0.06    0.17   10.08 ^ _23329_/X (sky130_fd_sc_hd__or3_4)
                                         _09371_ (net)
                  0.06    0.00   10.08 ^ _23344_/A1 (sky130_fd_sc_hd__a31oi_4)
     3    0.01    0.10    0.09   10.18 v _23344_/Y (sky130_fd_sc_hd__a31oi_4)
                                         _09384_ (net)
                  0.10    0.00   10.18 v _23354_/A1 (sky130_fd_sc_hd__a41o_4)
     3    0.02    0.06    0.25   10.43 v _23354_/X (sky130_fd_sc_hd__a41o_4)
                                         _09392_ (net)
                  0.06    0.00   10.43 v _23377_/A1 (sky130_fd_sc_hd__o41ai_4)
     2    0.01    0.32    0.41   10.84 ^ _23377_/Y (sky130_fd_sc_hd__o41ai_4)
                                         _09411_ (net)
                  0.32    0.00   10.84 ^ _23386_/A2 (sky130_fd_sc_hd__o22ai_2)
     2    0.01    0.09    0.13   10.97 v _23386_/Y (sky130_fd_sc_hd__o22ai_2)
                                         _09418_ (net)
                  0.09    0.00   10.97 v _23397_/A3 (sky130_fd_sc_hd__o41ai_2)
     2    0.01    0.34    0.37   11.34 ^ _23397_/Y (sky130_fd_sc_hd__o41ai_2)
                                         _09427_ (net)
                  0.34    0.00   11.34 ^ _23404_/A1 (sky130_fd_sc_hd__o21bai_1)
     1    0.00    0.08    0.13   11.46 v _23404_/Y (sky130_fd_sc_hd__o21bai_1)
                                         _09432_ (net)
                  0.08    0.00   11.46 v _23405_/A1 (sky130_fd_sc_hd__a21oi_1)
     1    0.01    0.15    0.16   11.63 ^ _23405_/Y (sky130_fd_sc_hd__a21oi_1)
                                         _09433_ (net)
                  0.15    0.00   11.63 ^ _23406_/A (sky130_fd_sc_hd__xnor2_1)
     1    0.00    0.12    0.13   11.76 ^ _23406_/Y (sky130_fd_sc_hd__xnor2_1)
                                         hash.CA1.p2[30] (net)
                  0.12    0.00   11.76 ^ hash.p2_cap[30]$_DFF_P_/D (sky130_fd_sc_hd__dfxtp_1)
                                 11.76   data arrival time

                         10.00   10.00   clock core_clock (rise edge)
                          0.00   10.00   clock source latency
     1    0.16    0.00    0.00   10.00 ^ clk (in)
                                         clk (net)
                  0.01    0.01   10.01 ^ clkbuf_0_clk/A (sky130_fd_sc_hd__clkbuf_16)
     4    0.21    0.22    0.25   10.26 ^ clkbuf_0_clk/X (sky130_fd_sc_hd__clkbuf_16)
                                         clknet_0_clk (net)
                  0.22    0.00   10.26 ^ clkbuf_2_3_0_clk/A (sky130_fd_sc_hd__clkbuf_16)
     8    0.21    0.22    0.32   10.58 ^ clkbuf_2_3_0_clk/X (sky130_fd_sc_hd__clkbuf_16)
                                         clknet_2_3_0_clk (net)
                  0.22    0.00   10.58 ^ clkbuf_5_27__f_clk/A (sky130_fd_sc_hd__clkbuf_16)
    10    0.14    0.15    0.27   10.85 ^ clkbuf_5_27__f_clk/X (sky130_fd_sc_hd__clkbuf_16)
                                         clknet_5_27__leaf_clk (net)
                  0.15    0.00   10.85 ^ clkbuf_leaf_159_clk/A (sky130_fd_sc_hd__clkbuf_16)
     9    0.03    0.05    0.18   11.03 ^ clkbuf_leaf_159_clk/X (sky130_fd_sc_hd__clkbuf_16)
                                         clknet_leaf_159_clk (net)
                  0.05    0.00   11.03 ^ hash.p2_cap[30]$_DFF_P_/CLK (sky130_fd_sc_hd__dfxtp_1)
                          0.00   11.03   clock reconvergence pessimism
                         -0.07   10.96   library setup time
                                 10.96   data required time
-----------------------------------------------------------------------------
                                 10.96   data required time
                                -11.76   data arrival time
-----------------------------------------------------------------------------
                                 -0.80   slack (VIOLATED)



==========================================================================
cts final report_check_types -max_slew -max_cap -max_fanout -violators
--------------------------------------------------------------------------
max slew

Pin                                    Limit    Slew   Slack
------------------------------------------------------------
_21880_/A                               1.50    1.50   -0.00 (VIOLATED)
_21808_/A                               1.50    1.50   -0.00 (VIOLATED)
_21736_/A                               1.50    1.50   -0.00 (VIOLATED)
_16730_/A1                              1.50    1.50   -0.00 (VIOLATED)
_21664_/A                               1.50    1.50   -0.00 (VIOLATED)
_16588_/A1                              1.50    1.50   -0.00 (VIOLATED)
_21519_/A                               1.50    1.50   -0.00 (VIOLATED)
_21592_/A                               1.50    1.50   -0.00 (VIOLATED)
_16872_/A1                              1.50    1.50   -0.00 (VIOLATED)
_21447_/A                               1.50    1.50   -0.00 (VIOLATED)
_17015_/A1                              1.50    1.50   -0.00 (VIOLATED)
_21363_/A                               1.50    1.50   -0.00 (VIOLATED)
_16154_/A1                              1.50    1.50   -0.00 (VIOLATED)
_16446_/A1                              1.50    1.50   -0.00 (VIOLATED)
_16301_/A1                              1.50    1.50   -0.00 (VIOLATED)
_15941_/A2                              1.50    1.50   -0.00 (VIOLATED)
_22233_/A                               1.50    1.50   -0.00 (VIOLATED)
_21952_/A                               1.50    1.50   -0.00 (VIOLATED)
_22024_/A                               1.50    1.50   -0.00 (VIOLATED)
_22148_/A                               1.50    1.50   -0.00 (VIOLATED)
_22665_/A                               1.50    1.50   -0.00 (VIOLATED)
_22810_/A                               1.50    1.50   -0.00 (VIOLATED)
_22593_/A                               1.50    1.50   -0.00 (VIOLATED)
_22737_/A                               1.50    1.50   -0.00 (VIOLATED)
_22521_/A                               1.50    1.50   -0.00 (VIOLATED)
_22377_/A                               1.50    1.50   -0.00 (VIOLATED)
_22305_/A                               1.50    1.50   -0.00 (VIOLATED)
_22449_/A                               1.50    1.50   -0.00 (VIOLATED)
_22954_/A                               1.50    1.50   -0.00 (VIOLATED)
_23026_/A                               1.50    1.50   -0.00 (VIOLATED)
_22882_/A                               1.50    1.50   -0.00 (VIOLATED)
_23098_/A                               1.50    1.50   -0.00 (VIOLATED)

max capacitance

Pin                                    Limit     Cap   Slack
------------------------------------------------------------
_15938_/X                               0.15    0.15   -0.00 (VIOLATED)


==========================================================================
cts final max_slew_check_slack
--------------------------------------------------------------------------
-0.001151523320004344

==========================================================================
cts final max_slew_check_limit
--------------------------------------------------------------------------
1.5

==========================================================================
cts final max_slew_check_slack_limit
--------------------------------------------------------------------------
-0.0008

==========================================================================
cts final max_fanout_check_slack
--------------------------------------------------------------------------
1.0000000150474662e+30

==========================================================================
cts final max_fanout_check_limit
--------------------------------------------------------------------------
1.0000000150474662e+30

==========================================================================
cts final max_capacitance_check_slack
--------------------------------------------------------------------------
-0.0001858593604993075

==========================================================================
cts final max_capacitance_check_limit
--------------------------------------------------------------------------
0.14924100041389465

==========================================================================
cts final max_capacitance_check_slack_limit
--------------------------------------------------------------------------
-0.0012

==========================================================================
cts final max_slew_violation_count
--------------------------------------------------------------------------
max slew violation count 32

==========================================================================
cts final max_fanout_violation_count
--------------------------------------------------------------------------
max fanout violation count 0

==========================================================================
cts final max_cap_violation_count
--------------------------------------------------------------------------
max cap violation count 1

==========================================================================
cts final setup_violation_count
--------------------------------------------------------------------------
setup violation count 22

==========================================================================
cts final hold_violation_count
--------------------------------------------------------------------------
hold violation count 0

==========================================================================
cts final report_checks -path_delay max reg to reg
--------------------------------------------------------------------------
Startpoint: hash.p2_cap[25]$_DFF_P_
            (rising edge-triggered flip-flop clocked by core_clock)
Endpoint: hash.p2_cap[30]$_DFF_P_
          (rising edge-triggered flip-flop clocked by core_clock)
Path Group: core_clock
Path Type: max

  Delay    Time   Description
---------------------------------------------------------
   0.00    0.00   clock core_clock (rise edge)
   0.00    0.00   clock source latency
   0.00    0.00 ^ clk (in)
   0.26    0.26 ^ clkbuf_0_clk/X (sky130_fd_sc_hd__clkbuf_16)
   0.32    0.58 ^ clkbuf_2_3_0_clk/X (sky130_fd_sc_hd__clkbuf_16)
   0.27    0.85 ^ clkbuf_5_27__f_clk/X (sky130_fd_sc_hd__clkbuf_16)
   0.18    1.03 ^ clkbuf_leaf_160_clk/X (sky130_fd_sc_hd__clkbuf_16)
   0.00    1.03 ^ hash.p2_cap[25]$_DFF_P_/CLK (sky130_fd_sc_hd__dfxtp_4)
   0.39    1.42 v hash.p2_cap[25]$_DFF_P_/Q (sky130_fd_sc_hd__dfxtp_4)
   0.16    1.58 v _14773_/Y (sky130_fd_sc_hd__xnor2_2)
   0.23    1.81 ^ _14774_/Y (sky130_fd_sc_hd__xnor2_2)
   0.18    1.98 ^ _27607_/COUT (sky130_fd_sc_hd__ha_4)
   0.05    2.04 v _18753_/Y (sky130_fd_sc_hd__clkinv_2)
   0.33    2.37 v _27310_/COUT (sky130_fd_sc_hd__fa_2)
   0.15    2.52 ^ _14919_/Y (sky130_fd_sc_hd__nor2b_1)
   0.08    2.60 v _14920_/Y (sky130_fd_sc_hd__o21ai_2)
   0.14    2.73 ^ _14921_/Y (sky130_fd_sc_hd__a21boi_2)
   0.17    2.91 ^ _14966_/X (sky130_fd_sc_hd__o21a_1)
   0.07    2.98 v _15011_/Y (sky130_fd_sc_hd__o21ai_2)
   0.20    3.18 ^ _15054_/Y (sky130_fd_sc_hd__a21boi_2)
   0.11    3.28 v _15079_/Y (sky130_fd_sc_hd__o31ai_4)
   0.18    3.46 ^ _15107_/Y (sky130_fd_sc_hd__o21bai_1)
   0.09    3.56 v _15108_/Y (sky130_fd_sc_hd__a211oi_2)
   0.24    3.80 ^ _15109_/Y (sky130_fd_sc_hd__nor2_2)
   0.27    4.06 v _27683_/SUM (sky130_fd_sc_hd__ha_4)
   0.17    4.24 ^ _17963_/Y (sky130_fd_sc_hd__a21oi_4)
   0.10    4.34 v _17964_/Y (sky130_fd_sc_hd__o21ai_2)
   0.52    4.85 v _17980_/X (sky130_fd_sc_hd__or4_4)
   0.27    5.13 ^ _17994_/Y (sky130_fd_sc_hd__a211oi_4)
   0.12    5.24 v _18047_/Y (sky130_fd_sc_hd__o21ai_2)
   0.31    5.55 ^ _18050_/Y (sky130_fd_sc_hd__a221oi_4)
   0.09    5.64 v _18090_/Y (sky130_fd_sc_hd__nor2_1)
   0.35    5.99 v _18091_/X (sky130_fd_sc_hd__o31a_1)
   0.27    6.26 ^ _18092_/Y (sky130_fd_sc_hd__o21ai_4)
   0.06    6.32 v _18107_/Y (sky130_fd_sc_hd__nor2_4)
   0.29    6.61 ^ _18112_/Y (sky130_fd_sc_hd__a211oi_4)
   0.13    6.74 v _20011_/Y (sky130_fd_sc_hd__xnor2_2)
   0.18    6.92 v _27835_/COUT (sky130_fd_sc_hd__ha_4)
   0.37    7.28 v _18498_/X (sky130_fd_sc_hd__or3_4)
   0.35    7.63 ^ _18499_/Y (sky130_fd_sc_hd__a311oi_4)
   0.20    7.84 ^ _18500_/X (sky130_fd_sc_hd__or2_4)
   0.07    7.91 v _18721_/Y (sky130_fd_sc_hd__o21bai_1)
   0.24    8.15 ^ _18722_/Y (sky130_fd_sc_hd__a21oi_2)
   0.13    8.28 v _18723_/Y (sky130_fd_sc_hd__xnor2_2)
   0.60    8.88 ^ _27455_/SUM (sky130_fd_sc_hd__fa_1)
   0.23    9.11 v _27919_/SUM (sky130_fd_sc_hd__ha_4)
   0.16    9.28 v _23293_/X (sky130_fd_sc_hd__a21o_1)
   0.22    9.50 v _23294_/X (sky130_fd_sc_hd__a21o_4)
   0.13    9.62 ^ _23310_/Y (sky130_fd_sc_hd__a21oi_4)
   0.10    9.72 v _23311_/Y (sky130_fd_sc_hd__o21ai_4)
   0.19    9.91 ^ _23319_/Y (sky130_fd_sc_hd__nor3_2)
   0.17   10.08 ^ _23329_/X (sky130_fd_sc_hd__or3_4)
   0.09   10.18 v _23344_/Y (sky130_fd_sc_hd__a31oi_4)
   0.25   10.43 v _23354_/X (sky130_fd_sc_hd__a41o_4)
   0.41   10.84 ^ _23377_/Y (sky130_fd_sc_hd__o41ai_4)
   0.13   10.97 v _23386_/Y (sky130_fd_sc_hd__o22ai_2)
   0.37   11.34 ^ _23397_/Y (sky130_fd_sc_hd__o41ai_2)
   0.13   11.46 v _23404_/Y (sky130_fd_sc_hd__o21bai_1)
   0.16   11.63 ^ _23405_/Y (sky130_fd_sc_hd__a21oi_1)
   0.13   11.76 ^ _23406_/Y (sky130_fd_sc_hd__xnor2_1)
   0.00   11.76 ^ hash.p2_cap[30]$_DFF_P_/D (sky130_fd_sc_hd__dfxtp_1)
          11.76   data arrival time

  10.00   10.00   clock core_clock (rise edge)
   0.00   10.00   clock source latency
   0.00   10.00 ^ clk (in)
   0.26   10.26 ^ clkbuf_0_clk/X (sky130_fd_sc_hd__clkbuf_16)
   0.32   10.58 ^ clkbuf_2_3_0_clk/X (sky130_fd_sc_hd__clkbuf_16)
   0.27   10.85 ^ clkbuf_5_27__f_clk/X (sky130_fd_sc_hd__clkbuf_16)
   0.18   11.03 ^ clkbuf_leaf_159_clk/X (sky130_fd_sc_hd__clkbuf_16)
   0.00   11.03 ^ hash.p2_cap[30]$_DFF_P_/CLK (sky130_fd_sc_hd__dfxtp_1)
   0.00   11.03   clock reconvergence pessimism
  -0.07   10.96   library setup time
          10.96   data required time
---------------------------------------------------------
          10.96   data required time
         -11.76   data arrival time
---------------------------------------------------------
          -0.80   slack (VIOLATED)



==========================================================================
cts final report_checks -path_delay min reg to reg
--------------------------------------------------------------------------
Startpoint: ready_dash$_SDFF_PP0_
            (rising edge-triggered flip-flop clocked by core_clock)
Endpoint: ready$_DFF_P_ (rising edge-triggered flip-flop clocked by core_clock)
Path Group: core_clock
Path Type: min

  Delay    Time   Description
---------------------------------------------------------
   0.00    0.00   clock core_clock (rise edge)
   0.00    0.00   clock source latency
   0.00    0.00 ^ clk (in)
   0.26    0.26 ^ clkbuf_0_clk/X (sky130_fd_sc_hd__clkbuf_16)
   0.32    0.58 ^ clkbuf_2_3_0_clk/X (sky130_fd_sc_hd__clkbuf_16)
   0.26    0.84 ^ clkbuf_5_25__f_clk/X (sky130_fd_sc_hd__clkbuf_16)
   0.18    1.02 ^ clkbuf_leaf_180_clk/X (sky130_fd_sc_hd__clkbuf_16)
   0.00    1.02 ^ ready_dash$_SDFF_PP0_/CLK (sky130_fd_sc_hd__dfxtp_1)
   0.30    1.32 ^ ready_dash$_SDFF_PP0_/Q (sky130_fd_sc_hd__dfxtp_1)
   0.00    1.32 ^ ready$_DFF_P_/D (sky130_fd_sc_hd__dfxtp_1)
           1.32   data arrival time

   0.00    0.00   clock core_clock (rise edge)
   0.00    0.00   clock source latency
   0.00    0.00 ^ clk (in)
   0.26    0.26 ^ clkbuf_0_clk/X (sky130_fd_sc_hd__clkbuf_16)
   0.32    0.58 ^ clkbuf_2_3_0_clk/X (sky130_fd_sc_hd__clkbuf_16)
   0.26    0.84 ^ clkbuf_5_25__f_clk/X (sky130_fd_sc_hd__clkbuf_16)
   0.17    1.01 ^ clkbuf_leaf_179_clk/X (sky130_fd_sc_hd__clkbuf_16)
   0.00    1.01 ^ ready$_DFF_P_/CLK (sky130_fd_sc_hd__dfxtp_1)
   0.00    1.01   clock reconvergence pessimism
  -0.03    0.98   library hold time
           0.98   data required time
---------------------------------------------------------
           0.98   data required time
          -1.32   data arrival time
---------------------------------------------------------
           0.34   slack (MET)



==========================================================================
cts final critical path target clock latency max path
--------------------------------------------------------------------------
1.0726

==========================================================================
cts final critical path target clock latency min path
--------------------------------------------------------------------------
1.0754

==========================================================================
cts final critical path source clock latency min path
--------------------------------------------------------------------------
0.0000

==========================================================================
cts final critical path delay
--------------------------------------------------------------------------
11.7606

==========================================================================
cts final critical path slack
--------------------------------------------------------------------------
-0.8023

==========================================================================
cts final slack div critical path delay
--------------------------------------------------------------------------
-6.821931

==========================================================================
cts final report_power
--------------------------------------------------------------------------
Group                  Internal  Switching    Leakage      Total
                          Power      Power      Power      Power (Watts)
----------------------------------------------------------------
Sequential             1.99e-02   3.05e-03   2.77e-08   2.29e-02   5.0%
Combinational          1.79e-01   2.42e-01   5.43e-08   4.21e-01  92.2%
Clock                  7.43e-03   5.48e-03   5.45e-09   1.29e-02   2.8%
Macro                  0.00e+00   0.00e+00   0.00e+00   0.00e+00   0.0%
Pad                    0.00e+00   0.00e+00   0.00e+00   0.00e+00   0.0%
----------------------------------------------------------------
Total                  2.06e-01   2.50e-01   8.74e-08   4.57e-01 100.0%
                          45.2%      54.8%       0.0%
