OpenROAD v2.0-19814-g250e48e05 
Features included (+) or not (-): +GPU +GUI +Python
This program is licensed under the BSD-3 license. See the LICENSE file for details.
Components of this program may be licensed under more restrictive licenses which must be honored.
[INFO ORD-0030] Using 8 thread(s).
clock_tree_synthesis -sink_clustering_enable -balance_levels
[INFO CTS-0050] Root buffer is sky130_fd_sc_hd__clkbuf_16.
[INFO CTS-0051] Sink buffer is sky130_fd_sc_hd__clkbuf_16.
[INFO CTS-0052] The following clock buffers will be used for CTS:
                    sky130_fd_sc_hd__clkbuf_16
[INFO CTS-0049] Characterization buffer is sky130_fd_sc_hd__clkbuf_16.
[INFO CTS-0007] Net "clk" found for clock "core_clock".
[INFO CTS-0010]  Clock net "clk" has 2787 sinks.
[INFO CTS-0008] TritonCTS found 1 clock nets.
[INFO CTS-0097] Characterization used 1 buffer(s) types.
[INFO CTS-0201] 0 blockages from hard placement blockages and placed macros will be used.
[INFO CTS-0027] Generating H-Tree topology for net clk.
[INFO CTS-0028]  Total number of sinks: 2787.
[INFO CTS-0090]  Sinks will be clustered based on buffer max cap.
[INFO CTS-0030]  Number of static layers: 0.
[INFO CTS-0020]  Wire segment unit: 13600  dbu (13 um).
[INFO CTS-0206] Best clustering solution was found from clustering size of 30 and clustering diameter of 50.
[INFO CTS-0019]  Total number of sinks after clustering: 291.
[INFO CTS-0024]  Normalized sink region: [(5.36679, 1.70147), (54.4757, 53.3841)].
[INFO CTS-0025]     Width:  49.1089.
[INFO CTS-0026]     Height: 51.6826.
 Level 1
    Direction: Vertical
    Sinks per sub-region: 146
    Sub-region size: 49.1089 X 25.8413
[INFO CTS-0034]     Segment length (rounded): 12.
 Level 2
    Direction: Horizontal
    Sinks per sub-region: 73
    Sub-region size: 24.5545 X 25.8413
[INFO CTS-0034]     Segment length (rounded): 12.
 Level 3
    Direction: Vertical
    Sinks per sub-region: 37
    Sub-region size: 24.5545 X 12.9206
[INFO CTS-0034]     Segment length (rounded): 6.
 Level 4
    Direction: Horizontal
    Sinks per sub-region: 19
    Sub-region size: 12.2772 X 12.9206
[INFO CTS-0034]     Segment length (rounded): 6.
 Level 5
    Direction: Vertical
    Sinks per sub-region: 10
    Sub-region size: 12.2772 X 6.4603
[INFO CTS-0034]     Segment length (rounded): 4.
[INFO CTS-0032]  Stop criterion found. Max number of sinks is 15.
[INFO CTS-0035]  Number of sinks covered: 291.
[INFO CTS-0018]     Created 328 clock buffers.
[INFO CTS-0012]     Minimum number of buffers in the clock path: 4.
[INFO CTS-0013]     Maximum number of buffers in the clock path: 4.
[INFO CTS-0015]     Created 328 clock nets.
[INFO CTS-0016]     Fanout distribution for the current clock = 4:2, 5:7, 6:11, 7:21, 8:48, 9:62, 10:71, 11:54, 12:37, 13:9, 15:1..
[INFO CTS-0017]     Max level of the clock tree: 5.
[INFO CTS-0098] Clock net "clk"
[INFO CTS-0099]  Sinks 3060
[INFO CTS-0100]  Leaf buffers 291
[INFO CTS-0101]  Average sink wire length 1196.14 um
[INFO CTS-0102]  Path depth 3 - 4
[INFO CTS-0207]  Leaf load cells 273
[INFO RSZ-0058] Using max wire length 2154um.
Placement Analysis
---------------------------------
total displacement      17151.9 u
average displacement        0.7 u
max displacement           38.5 u
original HPWL          731457.3 u
legalized HPWL         762333.6 u
delta HPWL                    4 %

repair_timing -verbose -setup_margin 0 -hold_margin 0 -repair_tns 100 -match_cell_footprint
[INFO RSZ-0094] Found 29 endpoints with setup violations.
[INFO RSZ-0099] Repairing 29 out of 29 (100.00%) violating endpoints...
   Iter   | Removed | Resized | Inserted | Cloned |  Pin  |   Area   |    WNS   |   TNS      |  Viol  | Worst
          | Buffers |  Gates  | Buffers  |  Gates | Swaps |          |          |            | Endpts | Endpt
--------------------------------------------------------------------------------------------------------------
        0 |       0 |       0 |        0 |      0 |     0 |    +0.0% |   -0.736 |       -9.0 |     29 | hash/p3_cap\[31\]$_DFF_P_/D
       10 |       0 |       7 |        0 |      0 |     2 |    +0.0% |   -0.548 |       -5.8 |     29 | hash/p3_cap\[29\]$_DFF_P_/D
       20 |       0 |      13 |        2 |      0 |     5 |    +0.0% |   -0.481 |       -4.0 |     29 | hash/p3_cap\[29\]$_DFF_P_/D
       30 |       0 |      19 |        4 |      0 |     8 |    +0.0% |   -0.329 |       -2.2 |     29 | hash/p3_cap\[29\]$_DFF_P_/D
       40 |       0 |      25 |        4 |      0 |    12 |    +0.0% |   -0.321 |       -2.9 |     29 | hash/p3_cap\[29\]$_DFF_P_/D
       50 |       0 |      31 |        7 |      0 |    15 |    +0.1% |   -0.226 |       -1.7 |     29 | hash/p3_cap\[29\]$_DFF_P_/D
       60 |       0 |      38 |        7 |      0 |    18 |    +0.1% |   -0.120 |       -0.7 |     29 | hash/p3_cap\[29\]$_DFF_P_/D
       70 |       0 |      43 |        7 |      0 |    23 |    +0.1% |   -0.157 |       -1.1 |     29 | hash/p3_cap\[29\]$_DFF_P_/D
       80 |       0 |      50 |        7 |      0 |    26 |    +0.1% |   -0.085 |       -0.6 |     29 | hash/p3_cap\[28\]$_DFF_P_/D
       90 |       0 |      54 |        7 |      0 |    32 |    +0.1% |   -0.078 |       -0.5 |     29 | hash/p2_cap\[31\]$_DFF_P_/D
      100 |       0 |      56 |        9 |      0 |    39 |    +0.1% |   -0.102 |       -0.5 |     29 | hash/p2_cap\[30\]$_DFF_P_/D
      110 |       0 |      60 |        9 |      0 |    45 |    +0.1% |   -0.092 |       -0.2 |     29 | hash/p1_cap\[31\]$_DFF_P_/D
      111 |       0 |      60 |       14 |      0 |    45 |    +0.1% |   -0.028 |       -0.1 |     27 | hash/p3_cap\[29\]$_DFF_P_/D
      120 |       0 |      62 |       14 |      0 |    51 |    +0.1% |   -0.086 |       -0.6 |     27 | hash/p2_cap\[31\]$_DFF_P_/D
      126 |       0 |      60 |       15 |      0 |    46 |    +0.1% |   -0.006 |       -0.0 |     26 | hash/p3_cap\[29\]$_DFF_P_/D
      128 |       0 |      61 |       15 |      0 |    46 |    +0.1% |   -0.006 |       -0.0 |     24 | hash/p3_cap\[29\]$_DFF_P_/D
      130 |       0 |      62 |       15 |      0 |    46 |    +0.1% |   -0.006 |       -0.0 |     23 | hash/p3_cap\[29\]$_DFF_P_/D
      130 |       0 |      62 |       15 |      0 |    46 |    +0.1% |   -0.006 |       -0.0 |     22 | hash/p3_cap\[29\]$_DFF_P_/D
      131 |       0 |      62 |       15 |      0 |    46 |    +0.1% |   -0.006 |       -0.0 |     21 | hash/p3_cap\[29\]$_DFF_P_/D
      132 |       0 |      62 |       15 |      0 |    46 |    +0.1% |   -0.006 |       -0.0 |     20 | hash/p3_cap\[29\]$_DFF_P_/D
      133 |       0 |      62 |       15 |      0 |    46 |    +0.1% |   -0.006 |       -0.0 |     19 | hash/p3_cap\[29\]$_DFF_P_/D
      134 |       0 |      62 |       15 |      0 |    46 |    +0.1% |   -0.006 |       -0.0 |     18 | hash/p3_cap\[29\]$_DFF_P_/D
      135 |       0 |      62 |       15 |      0 |    46 |    +0.1% |   -0.006 |       -0.0 |     17 | hash/p3_cap\[29\]$_DFF_P_/D
      136 |       0 |      62 |       15 |      0 |    46 |    +0.1% |   -0.006 |       -0.0 |     16 | hash/p3_cap\[29\]$_DFF_P_/D
      137 |       0 |      62 |       15 |      0 |    46 |    +0.1% |   -0.006 |       -0.0 |     15 | hash/p3_cap\[29\]$_DFF_P_/D
      138 |       0 |      62 |       15 |      0 |    46 |    +0.1% |   -0.006 |       -0.0 |     14 | hash/p3_cap\[29\]$_DFF_P_/D
      139 |       0 |      62 |       15 |      0 |    46 |    +0.1% |   -0.006 |       -0.0 |     13 | hash/p3_cap\[29\]$_DFF_P_/D
      140 |       0 |      62 |       15 |      0 |    46 |    +0.1% |   -0.006 |       -0.0 |     13 | hash/p3_cap\[29\]$_DFF_P_/D
      140 |       0 |      62 |       15 |      0 |    46 |    +0.1% |   -0.006 |       -0.0 |     12 | hash/p3_cap\[29\]$_DFF_P_/D
      141 |       0 |      62 |       15 |      0 |    46 |    +0.1% |   -0.006 |       -0.0 |     11 | hash/p3_cap\[29\]$_DFF_P_/D
      142 |       0 |      62 |       15 |      0 |    46 |    +0.1% |   -0.006 |       -0.0 |     10 | hash/p3_cap\[29\]$_DFF_P_/D
      143 |       0 |      62 |       15 |      0 |    46 |    +0.1% |   -0.006 |       -0.0 |      9 | hash/p3_cap\[29\]$_DFF_P_/D
      144 |       0 |      62 |       15 |      0 |    46 |    +0.1% |   -0.006 |       -0.0 |      8 | hash/p3_cap\[29\]$_DFF_P_/D
      145 |       0 |      62 |       15 |      0 |    46 |    +0.1% |   -0.006 |       -0.0 |      7 | hash/p3_cap\[29\]$_DFF_P_/D
      146 |       0 |      62 |       15 |      0 |    46 |    +0.1% |   -0.006 |       -0.0 |      6 | hash/p3_cap\[29\]$_DFF_P_/D
      147 |       0 |      62 |       15 |      0 |    46 |    +0.1% |   -0.006 |       -0.0 |      5 | hash/p3_cap\[29\]$_DFF_P_/D
      148 |       0 |      62 |       15 |      0 |    46 |    +0.1% |   -0.006 |       -0.0 |      4 | hash/p3_cap\[29\]$_DFF_P_/D
      149 |       0 |      62 |       15 |      0 |    46 |    +0.1% |   -0.006 |       -0.0 |      3 | hash/p3_cap\[29\]$_DFF_P_/D
      150 |       0 |      62 |       15 |      0 |    46 |    +0.1% |   -0.006 |       -0.0 |      3 | hash/p3_cap\[29\]$_DFF_P_/D
      150 |       0 |      62 |       15 |      0 |    46 |    +0.1% |   -0.006 |       -0.0 |      2 | hash/p3_cap\[29\]$_DFF_P_/D
      151 |       0 |      62 |       15 |      0 |    46 |    +0.1% |   -0.006 |       -0.0 |      1 | hash/p3_cap\[29\]$_DFF_P_/D
      152 |       0 |      62 |       15 |      0 |    46 |    +0.1% |   -0.006 |       -0.0 |      0 | hash/p3_cap\[29\]$_DFF_P_/D
      153 |       0 |      62 |       15 |      0 |    46 |    +0.1% |   -0.006 |       -0.0 |      0 | hash/p3_cap\[29\]$_DFF_P_/D
      154 |       0 |      62 |       15 |      0 |    46 |    +0.1% |   -0.006 |       -0.0 |      0 | hash/p3_cap\[29\]$_DFF_P_/D
      155 |       0 |      62 |       15 |      0 |    46 |    +0.1% |   -0.006 |       -0.0 |      0 | hash/p3_cap\[29\]$_DFF_P_/D
     157* |       0 |      63 |       15 |      0 |    46 |    +0.1% |    0.011 |        0.0 |      0 | hash/p3_cap\[29\]$_DFF_P_/D
     158* |       0 |      63 |       15 |      0 |    46 |    +0.1% |    0.011 |        0.0 |      0 | hash/p3_cap\[29\]$_DFF_P_/D
    final |       0 |      63 |       15 |      0 |    46 |    +0.1% |    0.011 |        0.0 |      0 | hash/p3_cap\[29\]$_DFF_P_/D
--------------------------------------------------------------------------------------------------------------
[INFO RSZ-0040] Inserted 9 buffers.
[INFO RSZ-0041] Resized 63 instances.
[INFO RSZ-0043] Swapped pins on 46 instances.
[INFO RSZ-0033] No hold violations found.
Placement Analysis
---------------------------------
total displacement        242.8 u
average displacement        0.0 u
max displacement            9.6 u
original HPWL          762452.9 u
legalized HPWL         762679.8 u
delta HPWL                    0 %

Report metrics stage 4, cts final...

==========================================================================
cts final report_design_area
--------------------------------------------------------------------------
Design area 265804 u^2 47% utilization.
Elapsed time: 0:30.30[h:]min:sec. CPU time: user 29.95 sys 0.34 (99%). Peak memory: 866056KB.
