OpenROAD v2.0-19814-g250e48e05 
Features included (+) or not (-): +GPU +GUI +Python
This program is licensed under the BSD-3 license. See the LICENSE file for details.
Components of this program may be licensed under more restrictive licenses which must be honored.
[INFO ORD-0030] Using 8 thread(s).
[INFO DRT-0149] Reading tech and libs.
[WARNING DRT-0349] LEF58_ENCLOSURE with no CUTCLASS is not supported. Skipping for layer mcon
[WARNING DRT-0349] LEF58_ENCLOSURE with no CUTCLASS is not supported. Skipping for layer mcon
[WARNING DRT-0349] LEF58_ENCLOSURE with no CUTCLASS is not supported. Skipping for layer via
[WARNING DRT-0349] LEF58_ENCLOSURE with no CUTCLASS is not supported. Skipping for layer via
[WARNING DRT-0349] LEF58_ENCLOSURE with no CUTCLASS is not supported. Skipping for layer via2
[WARNING DRT-0349] LEF58_ENCLOSURE with no CUTCLASS is not supported. Skipping for layer via2
[WARNING DRT-0349] LEF58_ENCLOSURE with no CUTCLASS is not supported. Skipping for layer via3
[WARNING DRT-0349] LEF58_ENCLOSURE with no CUTCLASS is not supported. Skipping for layer via3
[WARNING DRT-0349] LEF58_ENCLOSURE with no CUTCLASS is not supported. Skipping for layer via4
[WARNING DRT-0349] LEF58_ENCLOSURE with no CUTCLASS is not supported. Skipping for layer via4

Units:                1000
Number of layers:     13
Number of macros:     441
Number of vias:       29
Number of viarulegen: 25

[INFO DRT-0150] Reading design.
[WARNING DRT-0120] Large net select has 257 pins which may impact routing performance. Consider optimization.

Design:                   sha256_unrolled_pipelined
Die area:                 ( 0 0 ) ( 757070 757070 )
Number of track patterns: 12
Number of DEF vias:       0
Number of components:     25592
Number of terminals:      771
Number of snets:          2
Number of nets:           19330

[INFO DRT-0167] List of default vias:
  Layer via
    default via: M1M2_PR
  Layer via2
    default via: M2M3_PR
  Layer via3
    default via: M3M4_PR
  Layer via4
    default via: M4M5_PR
[INFO DRT-0162] Library cell analysis.
[INFO DRT-0163] Instance analysis.
[INFO DRT-0164] Number of unique instances = 355.
[INFO DRT-0168] Init region query.
[INFO DRT-0024]   Complete FR_MASTERSLICE.
[INFO DRT-0024]   Complete Fr_VIA.
[INFO DRT-0024]   Complete li1.
[INFO DRT-0024]   Complete mcon.
[INFO DRT-0024]   Complete met1.
[INFO DRT-0024]   Complete via.
[INFO DRT-0024]   Complete met2.
[INFO DRT-0024]   Complete via2.
[INFO DRT-0024]   Complete met3.
[INFO DRT-0024]   Complete via3.
[INFO DRT-0024]   Complete met4.
[INFO DRT-0024]   Complete via4.
[INFO DRT-0024]   Complete met5.
[INFO DRT-0033] FR_MASTERSLICE shape region query size = 0.
[INFO DRT-0033] FR_VIA shape region query size = 0.
[INFO DRT-0033] li1 shape region query size = 768007.
[INFO DRT-0033] mcon shape region query size = 502061.
[INFO DRT-0033] met1 shape region query size = 161410.
[INFO DRT-0033] via shape region query size = 38090.
[INFO DRT-0033] met2 shape region query size = 23219.
[INFO DRT-0033] via2 shape region query size = 30472.
[INFO DRT-0033] met3 shape region query size = 23260.
[INFO DRT-0033] via3 shape region query size = 30472.
[INFO DRT-0033] met4 shape region query size = 9186.
[INFO DRT-0033] via4 shape region query size = 1513.
[INFO DRT-0033] met5 shape region query size = 1568.
[INFO DRT-0165] Start pin access.
[INFO DRT-0076]   Complete 1000 pins.
[INFO DRT-0076]   Complete 2000 pins.
[INFO DRT-0078]   Complete 2918 pins.
[INFO DRT-0079]   Complete 100 unique inst patterns.
[INFO DRT-0079]   Complete 200 unique inst patterns.
[INFO DRT-0079]   Complete 300 unique inst patterns.
[INFO DRT-0081]   Complete 355 unique inst patterns.
[INFO DRT-0082]   Complete 10000 groups.
[INFO DRT-0084]   Complete 11162 groups.
#scanned instances     = 25592
#unique  instances     = 355
#stdCellGenAp          = 12198
#stdCellValidPlanarAp  = 163
#stdCellValidViaAp     = 8475
#stdCellPinNoAp        = 8
#stdCellPinCnt         = 72251
#instTermValidViaApCnt = 0
#macroGenAp            = 0
#macroValidPlanarAp    = 0
#macroValidViaAp       = 0
#macroNoAp             = 0
[INFO DRT-0166] Complete pin access.
[INFO DRT-0267] cpu time = 00:17:24, elapsed time = 00:02:17, memory = 306.21 (MB), peak = 321.74 (MB)
global_route -congestion_report_file ./reports/sky130hd/sha256_unrolled_pipelined/base/congestion.rpt -congestion_iterations 30 -congestion_report_iter_step 5 -verbose
[INFO GRT-0020] Min routing layer: met1
[INFO GRT-0021] Max routing layer: met5
[INFO GRT-0022] Global adjustment: 0%
[INFO GRT-0023] Grid origin: (0, 0)
[INFO GRT-0043] No OR_DEFAULT vias defined.
[INFO GRT-0088] Layer li1     Track-Pitch = 0.4600  line-2-Via Pitch: 0.3400
[INFO GRT-0088] Layer met1    Track-Pitch = 0.3400  line-2-Via Pitch: 0.3400
[INFO GRT-0088] Layer met2    Track-Pitch = 0.4600  line-2-Via Pitch: 0.3500
[INFO GRT-0088] Layer met3    Track-Pitch = 0.6800  line-2-Via Pitch: 0.6150
[INFO GRT-0088] Layer met4    Track-Pitch = 0.9200  line-2-Via Pitch: 1.0400
[INFO GRT-0088] Layer met5    Track-Pitch = 3.4000  line-2-Via Pitch: 3.1100
[INFO GRT-0003] Macros: 0
[INFO GRT-0043] No OR_DEFAULT vias defined.
[INFO GRT-0004] Blockages: 113507
[INFO GRT-0019] Found 329 clock nets.
[INFO GRT-0001] Minimum degree: 2
[INFO GRT-0002] Maximum degree: 257

[INFO GRT-0053] Routing resources analysis:
          Routing      Original      Derated      Resource
Layer     Direction    Resources     Resources    Reduction (%)
---------------------------------------------------------------
li1        Vertical            0             0          0.00%
met1       Horizontal     239146         98961          58.62%
met2       Vertical       179305        117504          34.47%
met3       Horizontal     119573         86940          27.29%
met4       Vertical        71940         41904          41.75%
met5       Horizontal      23871         11774          50.68%
---------------------------------------------------------------

[INFO GRT-0101] Running extra iterations to remove overflow.
[INFO GRT-0197] Via related to pin nodes: 136694
[INFO GRT-0198] Via related Steiner nodes: 4717
[INFO GRT-0199] Via filling finished.
[INFO GRT-0111] Final number of vias: 184747
[INFO GRT-0112] Final usage 3D: 699571

[INFO GRT-0096] Final congestion report:
Layer         Resource        Demand        Usage (%)    Max H / Max V / Total Overflow
---------------------------------------------------------------------------------------
li1                  0             0            0.00%             0 /  0 /  0
met1             98961         35605           35.98%             0 /  0 /  0
met2            117504         60598           51.57%             0 /  0 /  0
met3             86940         31215           35.90%             0 /  0 /  0
met4             41904         15176           36.22%             0 /  0 /  0
met5             11774          2736           23.24%             0 /  0 /  0
---------------------------------------------------------------------------------------
Total           357083        145330           40.70%             0 /  0 /  0

[INFO GRT-0018] Total wirelength: 1447840 um
[INFO GRT-0014] Routed nets: 19315
Perform buffer insertion and gate resizing...
repair_design -verbose
[INFO RSZ-0058] Using max wire length 2154um.
Iteration |   Area    | Resized | Buffers | Nets repaired | Remaining
---------------------------------------------------------------------
        0 |     +0.0% |       0 |       0 |             0 |     20123
     1000 |     +0.0% |       0 |       0 |             0 |     19123
     2000 |     +0.0% |       0 |       0 |             0 |     18123
     3000 |     +0.0% |       0 |       0 |             0 |     17123
     4000 |     +0.0% |       0 |       0 |             0 |     16123
     5000 |     +0.0% |       0 |       0 |             0 |     15123
     6000 |     +0.0% |       0 |       0 |             0 |     14123
     7000 |     +0.0% |       0 |       0 |             0 |     13123
     8000 |     +0.0% |       0 |       0 |             0 |     12123
     9000 |     +0.0% |       0 |       0 |             0 |     11123
    10000 |     +0.0% |       0 |       0 |             0 |     10123
    11000 |     +0.0% |       0 |       0 |             0 |      9123
    12000 |     +0.0% |       0 |       0 |             0 |      8123
    13000 |     +0.0% |       0 |       0 |             0 |      7123
    14000 |     +0.0% |       0 |       0 |             0 |      6123
    15000 |     +0.0% |       0 |       0 |             0 |      5123
    16000 |     +0.0% |       0 |       0 |             0 |      4123
    17000 |     +0.0% |       0 |       0 |             0 |      3123
    18000 |     +0.0% |       3 |       0 |             3 |      2123
    19000 |     +0.0% |       3 |       0 |             3 |      1123
    20000 |     +0.0% |       3 |       0 |             3 |       123
    final |     +0.0% |       3 |       0 |             3 |         0
---------------------------------------------------------------------
[INFO RSZ-0034] Found 3 slew violations.
[INFO RSZ-0039] Resized 3 instances.
global_route -start_incremental
detailed_placement
Placement Analysis
---------------------------------
total displacement          0.0 u
average displacement        0.0 u
max displacement            0.0 u
original HPWL          762679.8 u
legalized HPWL         762679.8 u
delta HPWL                    0 %

global_route -end_incremental -congestion_report_file ./reports/sky130hd/sha256_unrolled_pipelined/base/congestion_post_repair_design.rpt
Repair setup and hold violations...
repair_timing -verbose -setup_margin 0 -hold_margin 0 -repair_tns 100
[INFO RSZ-0094] Found 38 endpoints with setup violations.
[INFO RSZ-0099] Repairing 38 out of 38 (100.00%) violating endpoints...
   Iter   | Removed | Resized | Inserted | Cloned |  Pin  |   Area   |    WNS   |   TNS      |  Viol  | Worst
          | Buffers |  Gates  | Buffers  |  Gates | Swaps |          |          |            | Endpts | Endpt
--------------------------------------------------------------------------------------------------------------
        0 |       0 |       0 |        0 |      0 |     0 |    +0.0% |   -0.665 |      -12.7 |     38 | hash/p2_cap\[30\]$_DFF_P_/D
       10 |       0 |       8 |        0 |      0 |     1 |    +0.0% |   -0.543 |       -9.1 |     38 | hash/p2_cap\[30\]$_DFF_P_/D
       20 |       0 |      16 |        0 |      0 |     3 |    +0.0% |   -0.437 |       -6.6 |     38 | hash/p3_cap\[28\]$_DFF_P_/D
       30 |       0 |      20 |        0 |      0 |     9 |    +0.0% |   -0.418 |       -6.2 |     38 | hash/p3_cap\[31\]$_DFF_P_/D
       40 |       0 |      24 |        0 |      0 |    15 |    +0.1% |   -0.393 |       -4.6 |     38 | hash/p2_cap\[31\]$_DFF_P_/D
       50 |       0 |      31 |        0 |      0 |    18 |    +0.1% |   -0.343 |       -4.0 |     38 | hash/p3_cap\[31\]$_DFF_P_/D
       60 |       0 |      35 |        3 |      0 |    23 |    +0.1% |   -0.393 |       -4.8 |     38 | hash/p3_cap\[31\]$_DFF_P_/D
       70 |       0 |      41 |        3 |      0 |    27 |    +0.1% |   -0.310 |       -3.6 |     38 | hash/p3_cap\[31\]$_DFF_P_/D
       80 |       0 |      46 |        3 |      0 |    32 |    +0.1% |   -0.229 |       -2.4 |     38 | hash/p2_cap\[31\]$_DFF_P_/D
       90 |       0 |      49 |        3 |      0 |    39 |    +0.1% |   -0.343 |       -3.5 |     38 | hash/p3_cap\[31\]$_DFF_P_/D
      100 |       0 |      52 |        3 |      0 |    46 |    +0.1% |   -0.249 |       -2.6 |     38 | hash/p3_cap\[31\]$_DFF_P_/D
      110 |       0 |      54 |        3 |      0 |    54 |    +0.1% |   -0.256 |       -2.5 |     38 | hash/p3_cap\[28\]$_DFF_P_/D
      120 |       0 |      58 |        3 |      0 |    60 |    +0.1% |   -0.251 |       -2.3 |     38 | hash/p3_cap\[31\]$_DFF_P_/D
      120 |       0 |      49 |        3 |      0 |    33 |    +0.1% |   -0.208 |       -2.1 |     38 | hash/p3_cap\[31\]$_DFF_P_/D
      122 |       0 |      50 |        3 |      0 |    33 |    +0.1% |   -0.208 |       -2.1 |     38 | hash/p2_cap\[31\]$_DFF_P_/D
      130 |       0 |      55 |        3 |      0 |    35 |    +0.1% |   -0.214 |       -2.1 |     38 | hash/p2_cap\[30\]$_DFF_P_/D
      140 |       0 |      60 |        3 |      0 |    40 |    +0.1% |   -0.208 |       -1.8 |     38 | hash/p2_cap\[31\]$_DFF_P_/D
      150 |       0 |      64 |        3 |      0 |    46 |    +0.1% |   -0.208 |       -1.9 |     38 | hash/p2_cap\[31\]$_DFF_P_/D
      151 |       0 |      62 |        3 |      0 |    44 |    +0.1% |   -0.208 |       -1.8 |     38 | hash/p2_cap\[31\]$_DFF_P_/D
      158 |       0 |      64 |        3 |      0 |    46 |    +0.1% |   -0.208 |       -1.7 |     37 | hash/p2_cap\[31\]$_DFF_P_/D
      160 |       0 |      65 |        3 |      0 |    46 |    +0.1% |   -0.208 |       -1.7 |     37 | hash/p2_cap\[31\]$_DFF_P_/D
      165 |       0 |      67 |        3 |      0 |    49 |    +0.1% |   -0.208 |       -1.6 |     35 | hash/p2_cap\[31\]$_DFF_P_/D
      170 |       0 |      70 |        3 |      0 |    50 |    +0.1% |   -0.207 |       -1.5 |     35 | hash/p2_cap\[30\]$_DFF_P_/D
      180 |       0 |      79 |        3 |      0 |    51 |    +0.1% |   -0.207 |       -1.5 |     35 | hash/p2_cap\[30\]$_DFF_P_/D
      190 |       0 |      84 |        3 |      0 |    56 |    +0.2% |   -0.207 |       -1.4 |     35 | hash/p2_cap\[30\]$_DFF_P_/D
      200 |       0 |      85 |        3 |      0 |    65 |    +0.2% |   -0.207 |       -1.4 |     35 | hash/p2_cap\[30\]$_DFF_P_/D
      204 |       0 |      71 |        3 |      0 |    49 |    +0.1% |   -0.204 |       -1.6 |     35 | hash/p2_cap\[30\]$_DFF_P_/D
      210 |       0 |      75 |        3 |      0 |    50 |    +0.1% |   -0.210 |       -1.4 |     35 | hash/p2_cap\[30\]$_DFF_P_/D
      220 |       0 |      78 |        3 |      0 |    57 |    +0.1% |   -0.214 |       -1.4 |     35 | hash/p2_cap\[30\]$_DFF_P_/D
      220 |       0 |      73 |        3 |      0 |    49 |    +0.1% |   -0.204 |       -1.6 |     34 | hash/p2_cap\[30\]$_DFF_P_/D
      230 |       0 |      75 |        3 |      0 |    56 |    +0.1% |   -0.200 |       -1.5 |     34 | hash/p3_cap\[31\]$_DFF_P_/D
      230 |       0 |      74 |        3 |      0 |    49 |    +0.1% |   -0.200 |       -1.5 |     34 | hash/p3_cap\[31\]$_DFF_P_/D
      236 |       0 |      74 |        3 |      0 |    49 |    +0.1% |   -0.200 |       -1.5 |     34 | hash/p3_cap\[31\]$_DFF_P_/D
      238 |       0 |      74 |        3 |      0 |    50 |    +0.1% |   -0.200 |       -1.6 |     34 | hash/p3_cap\[31\]$_DFF_P_/D
      240 |       0 |      75 |        3 |      0 |    50 |    +0.1% |   -0.200 |       -1.6 |     34 | hash/p3_cap\[31\]$_DFF_P_/D
      250 |       0 |      82 |        3 |      0 |    53 |    +0.1% |   -0.200 |       -1.5 |     33 | hash/p3_cap\[31\]$_DFF_P_/D
      250 |       0 |      82 |        3 |      0 |    53 |    +0.1% |   -0.200 |       -1.5 |     32 | hash/p3_cap\[31\]$_DFF_P_/D
      251 |       0 |      82 |        3 |      0 |    53 |    +0.1% |   -0.200 |       -1.5 |     31 | hash/p3_cap\[31\]$_DFF_P_/D
      254 |       0 |      84 |        3 |      0 |    53 |    +0.1% |   -0.200 |       -1.4 |     29 | hash/p3_cap\[31\]$_DFF_P_/D
      260 |       0 |      87 |        3 |      0 |    55 |    +0.2% |   -0.200 |       -1.3 |     29 | hash/p3_cap\[31\]$_DFF_P_/D
      270 |       0 |      95 |        3 |      0 |    57 |    +0.2% |   -0.200 |       -1.2 |     29 | hash/p3_cap\[31\]$_DFF_P_/D
      271 |       0 |      96 |        3 |      0 |    57 |    +0.2% |   -0.200 |       -1.2 |     27 | hash/p3_cap\[31\]$_DFF_P_/D
      272 |       0 |      96 |        3 |      0 |    57 |    +0.2% |   -0.200 |       -1.2 |     26 | hash/p3_cap\[31\]$_DFF_P_/D
      273 |       0 |      96 |        3 |      0 |    57 |    +0.2% |   -0.200 |       -1.2 |     25 | hash/p3_cap\[31\]$_DFF_P_/D
      274 |       0 |      96 |        3 |      0 |    57 |    +0.2% |   -0.200 |       -1.2 |     24 | hash/p3_cap\[31\]$_DFF_P_/D
      275 |       0 |      96 |        3 |      0 |    57 |    +0.2% |   -0.200 |       -1.2 |     23 | hash/p3_cap\[31\]$_DFF_P_/D
      276 |       0 |      96 |        3 |      0 |    57 |    +0.2% |   -0.200 |       -1.2 |     22 | hash/p3_cap\[31\]$_DFF_P_/D
      277 |       0 |      96 |        3 |      0 |    57 |    +0.2% |   -0.200 |       -1.2 |     21 | hash/p3_cap\[31\]$_DFF_P_/D
      278 |       0 |      96 |        3 |      0 |    57 |    +0.2% |   -0.200 |       -1.2 |     20 | hash/p3_cap\[31\]$_DFF_P_/D
      279 |       0 |      96 |        3 |      0 |    57 |    +0.2% |   -0.200 |       -1.2 |     19 | hash/p3_cap\[31\]$_DFF_P_/D
      280 |       0 |      96 |        3 |      0 |    57 |    +0.2% |   -0.200 |       -1.2 |     19 | hash/p3_cap\[31\]$_DFF_P_/D
      280 |       0 |      96 |        3 |      0 |    57 |    +0.2% |   -0.200 |       -1.2 |     18 | hash/p3_cap\[31\]$_DFF_P_/D
      281 |       0 |      96 |        3 |      0 |    57 |    +0.2% |   -0.200 |       -1.2 |     17 | hash/p3_cap\[31\]$_DFF_P_/D
      282 |       0 |      96 |        3 |      0 |    57 |    +0.2% |   -0.200 |       -1.2 |     16 | hash/p3_cap\[31\]$_DFF_P_/D
      283 |       0 |      96 |        3 |      0 |    57 |    +0.2% |   -0.200 |       -1.2 |     15 | hash/p3_cap\[31\]$_DFF_P_/D
      284 |       0 |      96 |        3 |      0 |    57 |    +0.2% |   -0.200 |       -1.2 |     14 | hash/p3_cap\[31\]$_DFF_P_/D
      285 |       0 |      96 |        3 |      0 |    57 |    +0.2% |   -0.200 |       -1.2 |     13 | hash/p3_cap\[31\]$_DFF_P_/D
      286 |       0 |      96 |        3 |      0 |    57 |    +0.2% |   -0.200 |       -1.2 |     12 | hash/p3_cap\[31\]$_DFF_P_/D
      287 |       0 |      96 |        3 |      0 |    57 |    +0.2% |   -0.200 |       -1.2 |     11 | hash/p3_cap\[31\]$_DFF_P_/D
      288 |       0 |      96 |        3 |      0 |    57 |    +0.2% |   -0.200 |       -1.2 |     10 | hash/p3_cap\[31\]$_DFF_P_/D
      289 |       0 |      96 |        3 |      0 |    57 |    +0.2% |   -0.200 |       -1.2 |      9 | hash/p3_cap\[31\]$_DFF_P_/D
      290 |       0 |      96 |        3 |      0 |    57 |    +0.2% |   -0.200 |       -1.2 |      9 | hash/p3_cap\[31\]$_DFF_P_/D
      290 |       0 |      96 |        3 |      0 |    57 |    +0.2% |   -0.200 |       -1.2 |      8 | hash/p3_cap\[31\]$_DFF_P_/D
      291 |       0 |      96 |        3 |      0 |    57 |    +0.2% |   -0.200 |       -1.2 |      7 | hash/p3_cap\[31\]$_DFF_P_/D
      292 |       0 |      96 |        3 |      0 |    57 |    +0.2% |   -0.200 |       -1.2 |      6 | hash/p3_cap\[31\]$_DFF_P_/D
      293 |       0 |      96 |        3 |      0 |    57 |    +0.2% |   -0.200 |       -1.2 |      5 | hash/p3_cap\[31\]$_DFF_P_/D
      294 |       0 |      96 |        3 |      0 |    57 |    +0.2% |   -0.200 |       -1.2 |      4 | hash/p3_cap\[31\]$_DFF_P_/D
      295 |       0 |      96 |        3 |      0 |    57 |    +0.2% |   -0.200 |       -1.2 |      3 | hash/p3_cap\[31\]$_DFF_P_/D
     296* |       0 |      96 |        3 |      0 |    57 |    +0.2% |   -0.200 |       -1.2 |      9 | hash/p3_cap\[31\]$_DFF_P_/D
     297* |       0 |      96 |        3 |      0 |    57 |    +0.2% |   -0.200 |       -1.2 |      9 | hash/p3_cap\[31\]$_DFF_P_/D
     298* |       0 |      96 |        3 |      0 |    57 |    +0.2% |   -0.200 |       -1.2 |      9 | hash/p3_cap\[31\]$_DFF_P_/D
     300* |       0 |      97 |        3 |      0 |    57 |    +0.2% |   -0.200 |       -1.2 |      9 | hash/p3_cap\[31\]$_DFF_P_/D
     306* |       0 |     103 |        3 |      0 |    57 |    +0.2% |   -0.200 |       -1.1 |      9 | hash/p3_cap\[31\]$_DFF_P_/D
     308* |       0 |     104 |        3 |      0 |    57 |    +0.2% |   -0.200 |       -1.1 |      9 | hash/p3_cap\[31\]$_DFF_P_/D
     309* |       0 |     104 |        3 |      0 |    57 |    +0.2% |   -0.200 |       -1.1 |      9 | hash/p3_cap\[31\]$_DFF_P_/D
     310* |       0 |     104 |        3 |      0 |    57 |    +0.2% |   -0.200 |       -1.1 |      9 | hash/p3_cap\[31\]$_DFF_P_/D
     310* |       0 |     104 |        3 |      0 |    57 |    +0.2% |   -0.200 |       -1.1 |      9 | hash/p3_cap\[31\]$_DFF_P_/D
     311* |       0 |     104 |        3 |      0 |    57 |    +0.2% |   -0.200 |       -1.1 |      9 | hash/p3_cap\[31\]$_DFF_P_/D
     313* |       0 |     105 |        3 |      0 |    57 |    +0.2% |   -0.200 |       -1.1 |      9 | hash/p3_cap\[31\]$_DFF_P_/D
    final |       0 |     105 |        3 |      0 |    57 |    +0.2% |   -0.200 |       -1.1 |      9 | hash/p3_cap\[31\]$_DFF_P_/D
--------------------------------------------------------------------------------------------------------------
[INFO RSZ-0040] Inserted 2 buffers.
[INFO RSZ-0041] Resized 105 instances.
[INFO RSZ-0043] Swapped pins on 57 instances.
[WARNING RSZ-0062] Unable to repair all setup violations.
[INFO RSZ-0033] No hold violations found.
global_route -start_incremental
detailed_placement
Placement Analysis
---------------------------------
total displacement        338.4 u
average displacement        0.0 u
max displacement            7.8 u
original HPWL          762744.1 u
legalized HPWL         763059.1 u
delta HPWL                    0 %

global_route -end_incremental -congestion_report_file ./reports/sky130hd/sha256_unrolled_pipelined/base/congestion_post_repair_timing.rpt
global_route -start_incremental
Downsizing/switching to higher Vt for non critical gates for power recovery
Percent of paths optimized 100
tns -1.10
wns -0.20
Group                  Internal  Switching    Leakage      Total
                          Power      Power      Power      Power (Watts)
----------------------------------------------------------------
Sequential             1.85e-02   2.73e-03   2.80e-08   2.12e-02   5.4%
Combinational          1.46e-01   2.13e-01   6.57e-08   3.59e-01  91.3%
Clock                  7.16e-03   5.77e-03   5.31e-09   1.29e-02   3.3%
Macro                  0.00e+00   0.00e+00   0.00e+00   0.00e+00   0.0%
Pad                    0.00e+00   0.00e+00   0.00e+00   0.00e+00   0.0%
----------------------------------------------------------------
Total                  1.72e-01   2.21e-01   9.90e-08   3.93e-01 100.0%
                          43.7%      56.3%       0.0%
repair_timing -verbose -recover_power 100
Iteration |   Area    |  Resized |   WNS    | Endpt
---------------------------------------------------
        0 |     +0.0% |        0 |   -0.200 | hash/p3_cap\[31\]$_DFF_P_/D
      100 |     -0.0% |       29 |   -0.200 | hash/p3_cap\[31\]$_DFF_P_/D
      200 |     -0.0% |       34 |   -0.200 | hash/p3_cap\[31\]$_DFF_P_/D
      300 |     -0.0% |       36 |   -0.200 | hash/p3_cap\[31\]$_DFF_P_/D
      400 |     -0.0% |       76 |   -0.200 | hash/p3_cap\[31\]$_DFF_P_/D
      500 |     -0.0% |       93 |   -0.200 | hash/p3_cap\[31\]$_DFF_P_/D
      600 |     -0.0% |      100 |   -0.208 | hash/p3_cap\[31\]$_DFF_P_/D
      700 |     -0.0% |      105 |   -0.208 | hash/p3_cap\[31\]$_DFF_P_/D
      800 |     -0.0% |      110 |   -0.208 | hash/p3_cap\[31\]$_DFF_P_/D
      900 |     -0.0% |      114 |   -0.208 | hash/p3_cap\[31\]$_DFF_P_/D
     1000 |     -0.0% |      120 |   -0.208 | hash/p3_cap\[31\]$_DFF_P_/D
     1100 |     -0.0% |      125 |   -0.208 | hash/p3_cap\[31\]$_DFF_P_/D
     1200 |     -0.0% |      133 |   -0.208 | hash/p3_cap\[31\]$_DFF_P_/D
     1300 |     -0.0% |      139 |   -0.208 | hash/p3_cap\[31\]$_DFF_P_/D
     1400 |     -0.0% |      142 |   -0.208 | hash/p3_cap\[31\]$_DFF_P_/D
     1500 |     -0.0% |      144 |   -0.208 | hash/p3_cap\[31\]$_DFF_P_/D
     1600 |     -0.0% |      144 |   -0.208 | hash/p3_cap\[31\]$_DFF_P_/D
     1700 |     -0.0% |      145 |   -0.208 | hash/p3_cap\[31\]$_DFF_P_/D
     1800 |     -0.0% |      146 |   -0.208 | hash/p3_cap\[31\]$_DFF_P_/D
     1900 |     -0.0% |      146 |   -0.208 | hash/p3_cap\[31\]$_DFF_P_/D
     2000 |     -0.0% |      148 |   -0.208 | hash/p3_cap\[31\]$_DFF_P_/D
     2100 |     -0.0% |      148 |   -0.208 | hash/p3_cap\[31\]$_DFF_P_/D
     2200 |     -0.0% |      150 |   -0.208 | hash/p3_cap\[31\]$_DFF_P_/D
     2300 |     -0.0% |      150 |   -0.208 | hash/p3_cap\[31\]$_DFF_P_/D
     2400 |     -0.0% |      153 |   -0.208 | hash/p3_cap\[31\]$_DFF_P_/D
     2500 |     -0.0% |      154 |   -0.208 | hash/p3_cap\[31\]$_DFF_P_/D
     2600 |     -0.0% |      155 |   -0.208 | hash/p3_cap\[31\]$_DFF_P_/D
     2700 |     -0.0% |      181 |   -0.208 | hash/p3_cap\[31\]$_DFF_P_/D
     2800 |     -0.0% |      234 |   -0.208 | hash/p3_cap\[31\]$_DFF_P_/D
     2900 |     -0.0% |      291 |   -0.208 | hash/p3_cap\[31\]$_DFF_P_/D
     3000 |     -0.0% |      364 |   -0.192 | hash/p3_cap\[31\]$_DFF_P_/D
     3100 |     -0.0% |      425 |   -0.197 | hash/p3_cap\[31\]$_DFF_P_/D
     3200 |     -0.0% |      461 |   -0.197 | hash/p3_cap\[31\]$_DFF_P_/D
     3300 |     -0.0% |      493 |   -0.197 | hash/p3_cap\[31\]$_DFF_P_/D
[INFO RSZ-0142] 500 successive tries yielded negative slack. Ending power recovery
    final |     -0.0% |      504 |   -0.191 | hash/p3_cap\[31\]$_DFF_P_/D
---------------------------------------------------
[INFO RSZ-0141] Resized 504 instances.
Took 76 seconds: repair_timing -verbose -recover_power 100
tns -1.02
wns -0.19
Group                  Internal  Switching    Leakage      Total
                          Power      Power      Power      Power (Watts)
----------------------------------------------------------------
Sequential             1.85e-02   2.73e-03   2.80e-08   2.12e-02   5.4%
Combinational          1.46e-01   2.13e-01   6.57e-08   3.59e-01  91.3%
Clock                  7.16e-03   5.77e-03   5.31e-09   1.29e-02   3.3%
Macro                  0.00e+00   0.00e+00   0.00e+00   0.00e+00   0.0%
Pad                    0.00e+00   0.00e+00   0.00e+00   0.00e+00   0.0%
----------------------------------------------------------------
Total                  1.72e-01   2.21e-01   9.90e-08   3.93e-01 100.0%
                          43.7%      56.3%       0.0%
global_route -end_incremental -congestion_report_file ./reports/sky130hd/sha256_unrolled_pipelined/base/congestion_post_recover_power.rpt
Repair antennas...
[INFO GRT-0012] Found 76 antenna violations.
[INFO GRT-0302] Inserted 46 jumpers for 40 nets.
[INFO GRT-0012] Found 42 antenna violations.
[INFO GRT-0015] Inserted 156 diodes.
[INFO GRT-0012] Found 3 antenna violations.
[INFO GRT-0302] Inserted 1 jumpers for 1 nets.
[INFO GRT-0012] Found 2 antenna violations.
[INFO GRT-0015] Inserted 14 diodes.
[INFO GRT-0012] Found 0 antenna violations.
[INFO ANT-0002] Found 0 net violations.
[INFO ANT-0001] Found 0 pin violations.
Estimate parasitics...
Report metrics stage 5, global route...

==========================================================================
global route report_design_area
--------------------------------------------------------------------------
Design area 266696 u^2 47% utilization.
[INFO FLW-0007] clock core_clock period 10.000000
[INFO FLW-0008] Clock core_clock period 9.709
[INFO FLW-0009] Clock core_clock slack -0.220
[INFO FLW-0011] Path endpoint path count 5917
Elapsed time: 4:54.55[h:]min:sec. CPU time: user 1444.06 sys 0.75 (490%). Peak memory: 1328732KB.
