
==========================================================================
cts final report_tns
--------------------------------------------------------------------------
tns 0.00

==========================================================================
cts final report_wns
--------------------------------------------------------------------------
wns 0.00

==========================================================================
cts final report_worst_slack
--------------------------------------------------------------------------
worst slack 0.00

==========================================================================
cts final report_clock_skew
--------------------------------------------------------------------------
Clock core_clock
   1.13 source latency w[17][3]$_SDFFCE_PN0P_/CLK ^
  -1.05 target latency w[24][24]$_SDFFCE_PN0P_/CLK ^
   0.00 CRPR
--------------
   0.08 setup skew


==========================================================================
cts final report_checks -path_delay min
--------------------------------------------------------------------------
Startpoint: ready_dash$_SDFF_PP0_
            (rising edge-triggered flip-flop clocked by core_clock)
Endpoint: ready$_DFF_P_ (rising edge-triggered flip-flop clocked by core_clock)
Path Group: core_clock
Path Type: min

Fanout     Cap    Slew   Delay    Time   Description
-----------------------------------------------------------------------------
                          0.00    0.00   clock core_clock (rise edge)
                          0.00    0.00   clock source latency
     1    0.16    0.00    0.00    0.00 ^ clk (in)
                                         clk (net)
                  0.01    0.01    0.01 ^ clkbuf_0_clk/A (sky130_fd_sc_hd__clkbuf_16)
     4    0.23    0.24    0.26    0.27 ^ clkbuf_0_clk/X (sky130_fd_sc_hd__clkbuf_16)
                                         clknet_0_clk (net)
                  0.24    0.00    0.27 ^ clkbuf_2_1_0_clk/A (sky130_fd_sc_hd__clkbuf_16)
     8    0.20    0.21    0.32    0.59 ^ clkbuf_2_1_0_clk/X (sky130_fd_sc_hd__clkbuf_16)
                                         clknet_2_1_0_clk (net)
                  0.21    0.00    0.60 ^ clkbuf_5_13__f_clk/A (sky130_fd_sc_hd__clkbuf_16)
    10    0.18    0.19    0.30    0.89 ^ clkbuf_5_13__f_clk/X (sky130_fd_sc_hd__clkbuf_16)
                                         clknet_5_13__leaf_clk (net)
                  0.19    0.00    0.89 ^ clkbuf_leaf_201_clk/A (sky130_fd_sc_hd__clkbuf_16)
    11    0.04    0.06    0.19    1.08 ^ clkbuf_leaf_201_clk/X (sky130_fd_sc_hd__clkbuf_16)
                                         clknet_leaf_201_clk (net)
                  0.06    0.00    1.08 ^ ready_dash$_SDFF_PP0_/CLK (sky130_fd_sc_hd__dfxtp_1)
     1    0.00    0.04    0.30    1.38 ^ ready_dash$_SDFF_PP0_/Q (sky130_fd_sc_hd__dfxtp_1)
                                         ready_dash (net)
                  0.04    0.00    1.38 ^ ready$_DFF_P_/D (sky130_fd_sc_hd__dfxtp_1)
                                  1.38   data arrival time

                          0.00    0.00   clock core_clock (rise edge)
                          0.00    0.00   clock source latency
     1    0.16    0.00    0.00    0.00 ^ clk (in)
                                         clk (net)
                  0.01    0.01    0.01 ^ clkbuf_0_clk/A (sky130_fd_sc_hd__clkbuf_16)
     4    0.23    0.24    0.26    0.27 ^ clkbuf_0_clk/X (sky130_fd_sc_hd__clkbuf_16)
                                         clknet_0_clk (net)
                  0.24    0.00    0.27 ^ clkbuf_2_1_0_clk/A (sky130_fd_sc_hd__clkbuf_16)
     8    0.20    0.21    0.32    0.59 ^ clkbuf_2_1_0_clk/X (sky130_fd_sc_hd__clkbuf_16)
                                         clknet_2_1_0_clk (net)
                  0.21    0.00    0.60 ^ clkbuf_5_13__f_clk/A (sky130_fd_sc_hd__clkbuf_16)
    10    0.18    0.19    0.30    0.89 ^ clkbuf_5_13__f_clk/X (sky130_fd_sc_hd__clkbuf_16)
                                         clknet_5_13__leaf_clk (net)
                  0.19    0.00    0.89 ^ clkbuf_leaf_201_clk/A (sky130_fd_sc_hd__clkbuf_16)
    11    0.04    0.06    0.19    1.08 ^ clkbuf_leaf_201_clk/X (sky130_fd_sc_hd__clkbuf_16)
                                         clknet_leaf_201_clk (net)
                  0.06    0.00    1.08 ^ ready$_DFF_P_/CLK (sky130_fd_sc_hd__dfxtp_1)
                          0.00    1.08   clock reconvergence pessimism
                         -0.03    1.06   library hold time
                                  1.06   data required time
-----------------------------------------------------------------------------
                                  1.06   data required time
                                 -1.38   data arrival time
-----------------------------------------------------------------------------
                                  0.33   slack (MET)



==========================================================================
cts final report_checks -path_delay max
--------------------------------------------------------------------------
Startpoint: hash/p2_cap[15]$_DFF_P_
            (rising edge-triggered flip-flop clocked by core_clock)
Endpoint: hash/p3_cap[29]$_DFF_P_
          (rising edge-triggered flip-flop clocked by core_clock)
Path Group: core_clock
Path Type: max

Fanout     Cap    Slew   Delay    Time   Description
-----------------------------------------------------------------------------
                          0.00    0.00   clock core_clock (rise edge)
                          0.00    0.00   clock source latency
     1    0.16    0.00    0.00    0.00 ^ clk (in)
                                         clk (net)
                  0.01    0.01    0.01 ^ clkbuf_0_clk/A (sky130_fd_sc_hd__clkbuf_16)
     4    0.23    0.24    0.26    0.27 ^ clkbuf_0_clk/X (sky130_fd_sc_hd__clkbuf_16)
                                         clknet_0_clk (net)
                  0.24    0.00    0.27 ^ clkbuf_2_3_0_clk/A (sky130_fd_sc_hd__clkbuf_16)
     8    0.22    0.23    0.33    0.61 ^ clkbuf_2_3_0_clk/X (sky130_fd_sc_hd__clkbuf_16)
                                         clknet_2_3_0_clk (net)
                  0.23    0.00    0.61 ^ clkbuf_5_26__f_clk/A (sky130_fd_sc_hd__clkbuf_16)
    11    0.17    0.18    0.30    0.91 ^ clkbuf_5_26__f_clk/X (sky130_fd_sc_hd__clkbuf_16)
                                         clknet_5_26__leaf_clk (net)
                  0.18    0.00    0.91 ^ clkbuf_leaf_189_clk/A (sky130_fd_sc_hd__clkbuf_16)
    10    0.03    0.05    0.18    1.09 ^ clkbuf_leaf_189_clk/X (sky130_fd_sc_hd__clkbuf_16)
                                         clknet_leaf_189_clk (net)
                  0.05    0.00    1.09 ^ hash/p2_cap[15]$_DFF_P_/CLK (sky130_fd_sc_hd__dfxtp_2)
     5    0.04    0.19    0.43    1.52 ^ hash/p2_cap[15]$_DFF_P_/Q (sky130_fd_sc_hd__dfxtp_2)
                                         hash/p2_cap[15] (net)
                  0.19    0.00    1.52 ^ hash/CA2/S1/_31_/A (sky130_fd_sc_hd__xor3_1)
     1    0.01    0.08    0.46    1.98 v hash/CA2/S1/_31_/X (sky130_fd_sc_hd__xor3_1)
                                         hash/CA2/s1[9] (net)
                  0.08    0.00    1.98 v hash/CA2/_2259_/A (sky130_fd_sc_hd__ha_1)
     5    0.02    0.13    0.39    2.37 v hash/CA2/_2259_/SUM (sky130_fd_sc_hd__ha_1)
                                         hash/CA2/_0975_ (net)
                  0.13    0.00    2.37 v hash/CA2/_1264_/A1 (sky130_fd_sc_hd__a21o_1)
     2    0.01    0.04    0.20    2.57 v hash/CA2/_1264_/X (sky130_fd_sc_hd__a21o_1)
                                         hash/CA2/_0549_ (net)
                  0.04    0.00    2.57 v hash/CA2/_1273_/A2 (sky130_fd_sc_hd__a21o_1)
     1    0.01    0.05    0.19    2.76 v hash/CA2/_1273_/X (sky130_fd_sc_hd__a21o_1)
                                         hash/CA2/_0555_ (net)
                  0.05    0.00    2.76 v hash/CA2/_1274_/A2 (sky130_fd_sc_hd__a21o_4)
     2    0.01    0.04    0.22    2.99 v hash/CA2/_1274_/X (sky130_fd_sc_hd__a21o_4)
                                         hash/CA2/_0556_ (net)
                  0.04    0.00    2.99 v hash/CA2/_1301_/A1 (sky130_fd_sc_hd__a221oi_2)
     2    0.01    0.27    0.31    3.29 ^ hash/CA2/_1301_/Y (sky130_fd_sc_hd__a221oi_2)
                                         hash/CA2/_0571_ (net)
                  0.27    0.00    3.29 ^ hash/CA2/_1304_/A1 (sky130_fd_sc_hd__a21oi_1)
     2    0.01    0.10    0.13    3.42 v hash/CA2/_1304_/Y (sky130_fd_sc_hd__a21oi_1)
                                         hash/CA2/_0574_ (net)
                  0.10    0.00    3.42 v hash/CA2/_1305_/B (sky130_fd_sc_hd__nor2_1)
     2    0.01    0.23    0.21    3.64 ^ hash/CA2/_1305_/Y (sky130_fd_sc_hd__nor2_1)
                                         hash/CA2/_0575_ (net)
                  0.23    0.00    3.64 ^ hash/CA2/_1306_/B (sky130_fd_sc_hd__xnor2_2)
     2    0.02    0.26    0.19    3.82 ^ hash/CA2/_1306_/Y (sky130_fd_sc_hd__xnor2_2)
                                         hash/CA2/_0752_ (net)
                  0.26    0.00    3.82 ^ hash/CA2/_2274_/A (sky130_fd_sc_hd__ha_1)
     5    0.02    0.11    0.33    4.16 v hash/CA2/_2274_/SUM (sky130_fd_sc_hd__ha_1)
                                         hash/CA2/_1019_ (net)
                  0.11    0.00    4.16 v hash/CA2/_2045_/B (sky130_fd_sc_hd__and3_4)
     3    0.01    0.04    0.20    4.36 v hash/CA2/_2045_/X (sky130_fd_sc_hd__and3_4)
                                         hash/CA2/_0443_ (net)
                  0.04    0.00    4.36 v hash/CA2/_2046_/C (sky130_fd_sc_hd__and3_1)
     1    0.01    0.05    0.19    4.55 v hash/CA2/_2046_/X (sky130_fd_sc_hd__and3_1)
                                         hash/CA2/_0444_ (net)
                  0.05    0.00    4.55 v hash/CA2/_2047_/B1 (sky130_fd_sc_hd__o211ai_1)
     2    0.01    0.34    0.17    4.72 ^ hash/CA2/_2047_/Y (sky130_fd_sc_hd__o211ai_1)
                                         hash/CA2/_0445_ (net)
                  0.34    0.00    4.72 ^ hash/CA2/_2063_/A2 (sky130_fd_sc_hd__a21oi_1)
     1    0.00    0.09    0.14    4.86 v hash/CA2/_2063_/Y (sky130_fd_sc_hd__a21oi_1)
                                         hash/CA2/_0459_ (net)
                  0.09    0.00    4.86 v hash/CA2/_2064_/C1 (sky130_fd_sc_hd__a211o_4)
     4    0.02    0.08    0.32    5.18 v hash/CA2/_2064_/X (sky130_fd_sc_hd__a211o_4)
                                         hash/CA2/_0460_ (net)
                  0.08    0.00    5.18 v hash/CA2/_2086_/A1 (sky130_fd_sc_hd__a311o_1)
     1    0.01    0.07    0.30    5.47 v hash/CA2/_2086_/X (sky130_fd_sc_hd__a311o_1)
                                         hash/CA2/_0478_ (net)
                  0.07    0.00    5.47 v hash/CA2/_2087_/A2 (sky130_fd_sc_hd__a21oi_2)
     1    0.01    0.11    0.16    5.63 ^ hash/CA2/_2087_/Y (sky130_fd_sc_hd__a21oi_2)
                                         hash/CA2/_0479_ (net)
                  0.11    0.00    5.63 ^ hash/CA2/_2088_/B (sky130_fd_sc_hd__xnor2_1)
     1    0.01    0.07    0.10    5.73 v hash/CA2/_2088_/Y (sky130_fd_sc_hd__xnor2_1)
                                         hash/e_new[25] (net)
                  0.07    0.00    5.73 v hash/_3540_/A0 (sky130_fd_sc_hd__mux2_8)
     6    0.05    0.09    0.36    6.09 v hash/_3540_/X (sky130_fd_sc_hd__mux2_8)
                                         hash/e[25] (net)
                  0.09    0.00    6.09 v hash/CA1/S1/_00_/C (sky130_fd_sc_hd__xor3_1)
     1    0.00    0.07    0.21    6.30 ^ hash/CA1/S1/_00_/X (sky130_fd_sc_hd__xor3_1)
                                         hash/CA1/s1[0] (net)
                  0.07    0.00    6.30 ^ hash/CA1/_3621_/A (sky130_fd_sc_hd__ha_1)
     3    0.01    0.11    0.19    6.50 ^ hash/CA1/_3621_/COUT (sky130_fd_sc_hd__ha_1)
                                         hash/CA1/_1631_ (net)
                  0.11    0.00    6.50 ^ hash/CA1/_2333_/A (sky130_fd_sc_hd__inv_1)
     1    0.01    0.05    0.08    6.57 v hash/CA1/_2333_/Y (sky130_fd_sc_hd__inv_1)
                                         hash/CA1/_1056_ (net)
                  0.05    0.00    6.57 v hash/CA1/_3433_/B (sky130_fd_sc_hd__fa_2)
     2    0.01    0.09    0.39    6.96 v hash/CA1/_3433_/COUT (sky130_fd_sc_hd__fa_2)
                                         hash/CA1/_1058_ (net)
                  0.09    0.00    6.96 v hash/CA1/_1984_/A (sky130_fd_sc_hd__nor2b_1)
     1    0.01    0.14    0.16    7.11 ^ hash/CA1/_1984_/Y (sky130_fd_sc_hd__nor2b_1)
                                         hash/CA1/_0005_ (net)
                  0.14    0.00    7.11 ^ hash/CA1/_1985_/A2 (sky130_fd_sc_hd__o21ai_2)
     1    0.01    0.07    0.09    7.20 v hash/CA1/_1985_/Y (sky130_fd_sc_hd__o21ai_2)
                                         hash/CA1/_0006_ (net)
                  0.07    0.00    7.20 v hash/CA1/_1986_/B (sky130_fd_sc_hd__nand2b_4)
     2    0.02    0.07    0.09    7.29 ^ hash/CA1/_1986_/Y (sky130_fd_sc_hd__nand2b_4)
                                         hash/CA1/_0007_ (net)
                  0.07    0.00    7.29 ^ hash/CA1/_2009_/A2 (sky130_fd_sc_hd__a21oi_2)
     3    0.01    0.06    0.08    7.37 v hash/CA1/_2009_/Y (sky130_fd_sc_hd__a21oi_2)
                                         hash/CA1/_0021_ (net)
                  0.06    0.00    7.37 v hash/CA1/_2071_/A1 (sky130_fd_sc_hd__o211a_4)
     1    0.01    0.05    0.26    7.63 v hash/CA1/_2071_/X (sky130_fd_sc_hd__o211a_4)
                                         hash/CA1/_0065_ (net)
                  0.05    0.00    7.63 v hash/CA1/_2074_/B (sky130_fd_sc_hd__nor2_4)
     4    0.03    0.20    0.18    7.81 ^ hash/CA1/_2074_/Y (sky130_fd_sc_hd__nor2_4)
                                         hash/CA1/_0068_ (net)
                  0.20    0.00    7.81 ^ hash/CA1/_2133_/A1 (sky130_fd_sc_hd__a41oi_2)
     2    0.01    0.15    0.18    8.00 v hash/CA1/_2133_/Y (sky130_fd_sc_hd__a41oi_2)
                                         hash/CA1/_0111_ (net)
                  0.15    0.00    8.00 v hash/CA1/_2134_/A (sky130_fd_sc_hd__xnor2_2)
     2    0.02    0.26    0.30    8.29 ^ hash/CA1/_2134_/Y (sky130_fd_sc_hd__xnor2_2)
                                         hash/CA1/_1311_ (net)
                  0.26    0.00    8.29 ^ hash/CA1/_2135_/A (sky130_fd_sc_hd__inv_2)
     1    0.02    0.08    0.10    8.39 v hash/CA1/_2135_/Y (sky130_fd_sc_hd__inv_2)
                                         hash/CA1/_1133_ (net)
                  0.08    0.00    8.39 v hash/CA1/_3449_/B (sky130_fd_sc_hd__fa_1)
     1    0.01    0.07    0.52    8.92 ^ hash/CA1/_3449_/SUM (sky130_fd_sc_hd__fa_1)
                                         hash/CA1/_1136_ (net)
                  0.07    0.00    8.92 ^ hash/CA1/_2380_/A (sky130_fd_sc_hd__clkinv_1)
     1    0.01    0.09    0.10    9.02 v hash/CA1/_2380_/Y (sky130_fd_sc_hd__clkinv_1)
                                         hash/CA1/_1755_ (net)
                  0.09    0.00    9.02 v hash/CA1/_3668_/A (sky130_fd_sc_hd__ha_4)
     6    0.03    0.06    0.29    9.31 v hash/CA1/_3668_/SUM (sky130_fd_sc_hd__ha_4)
                                         hash/CA1/_1757_ (net)
                  0.06    0.00    9.31 v hash/CA1/_3125_/A1 (sky130_fd_sc_hd__a21oi_2)
     2    0.01    0.13    0.15    9.46 ^ hash/CA1/_3125_/Y (sky130_fd_sc_hd__a21oi_2)
                                         hash/CA1/_0762_ (net)
                  0.13    0.00    9.46 ^ hash/CA1/_3132_/A2 (sky130_fd_sc_hd__o21bai_1)
     1    0.00    0.06    0.08    9.54 v hash/CA1/_3132_/Y (sky130_fd_sc_hd__o21bai_1)
                                         hash/CA1/_0767_ (net)
                  0.06    0.00    9.54 v hash/CA1/_3133_/A2 (sky130_fd_sc_hd__a21o_1)
     2    0.01    0.05    0.20    9.74 v hash/CA1/_3133_/X (sky130_fd_sc_hd__a21o_1)
                                         hash/CA1/_0768_ (net)
                  0.05    0.00    9.74 v hash/CA1/_3143_/A2 (sky130_fd_sc_hd__a21o_1)
     1    0.00    0.04    0.18    9.92 v hash/CA1/_3143_/X (sky130_fd_sc_hd__a21o_1)
                                         hash/CA1/_0776_ (net)
                  0.04    0.00    9.92 v hash/CA1/_3144_/A1 (sky130_fd_sc_hd__a21oi_2)
     2    0.01    0.19    0.19   10.11 ^ hash/CA1/_3144_/Y (sky130_fd_sc_hd__a21oi_2)
                                         hash/CA1/_0777_ (net)
                  0.19    0.00   10.11 ^ hash/CA1/_3172_/A1 (sky130_fd_sc_hd__o21ai_2)
     1    0.01    0.07    0.11   10.22 v hash/CA1/_3172_/Y (sky130_fd_sc_hd__o21ai_2)
                                         hash/CA1/_0801_ (net)
                  0.07    0.00   10.22 v hash/CA1/_3173_/B1 (sky130_fd_sc_hd__a21oi_4)
     2    0.02    0.18    0.18   10.41 ^ hash/CA1/_3173_/Y (sky130_fd_sc_hd__a21oi_4)
                                         hash/CA1/_0802_ (net)
                  0.18    0.00   10.41 ^ hash/CA1/_3188_/A1 (sky130_fd_sc_hd__o21ai_4)
     4    0.02    0.09    0.11   10.52 v hash/CA1/_3188_/Y (sky130_fd_sc_hd__o21ai_4)
                                         hash/CA1/_0815_ (net)
                  0.09    0.00   10.52 v hash/CA1/_3194_/A2 (sky130_fd_sc_hd__a2111o_1)
     1    0.00    0.06    0.42   10.94 v hash/CA1/_3194_/X (sky130_fd_sc_hd__a2111o_1)
                                         hash/CA1/_0819_ (net)
                  0.06    0.00   10.94 v hash/CA1/_3199_/A (sky130_fd_sc_hd__nand3_1)
     1    0.00    0.06    0.07   11.01 ^ hash/CA1/_3199_/Y (sky130_fd_sc_hd__nand3_1)
                                         hash/p3[29] (net)
                  0.06    0.00   11.01 ^ hash/p3_cap[29]$_DFF_P_/D (sky130_fd_sc_hd__dfxtp_1)
                                 11.01   data arrival time

                         10.00   10.00   clock core_clock (rise edge)
                          0.00   10.00   clock source latency
     1    0.16    0.00    0.00   10.00 ^ clk (in)
                                         clk (net)
                  0.01    0.01   10.01 ^ clkbuf_0_clk/A (sky130_fd_sc_hd__clkbuf_16)
     4    0.23    0.24    0.26   10.27 ^ clkbuf_0_clk/X (sky130_fd_sc_hd__clkbuf_16)
                                         clknet_0_clk (net)
                  0.24    0.00   10.27 ^ clkbuf_2_1_0_clk/A (sky130_fd_sc_hd__clkbuf_16)
     8    0.20    0.21    0.32   10.59 ^ clkbuf_2_1_0_clk/X (sky130_fd_sc_hd__clkbuf_16)
                                         clknet_2_1_0_clk (net)
                  0.22    0.00   10.60 ^ clkbuf_5_15__f_clk/A (sky130_fd_sc_hd__clkbuf_16)
     8    0.16    0.18    0.29   10.88 ^ clkbuf_5_15__f_clk/X (sky130_fd_sc_hd__clkbuf_16)
                                         clknet_5_15__leaf_clk (net)
                  0.18    0.00   10.88 ^ clkbuf_leaf_209_clk/A (sky130_fd_sc_hd__clkbuf_16)
     9    0.04    0.06    0.19   11.07 ^ clkbuf_leaf_209_clk/X (sky130_fd_sc_hd__clkbuf_16)
                                         clknet_leaf_209_clk (net)
                  0.06    0.00   11.07 ^ hash/p3_cap[29]$_DFF_P_/CLK (sky130_fd_sc_hd__dfxtp_1)
                          0.00   11.07   clock reconvergence pessimism
                         -0.06   11.01   library setup time
                                 11.01   data required time
-----------------------------------------------------------------------------
                                 11.01   data required time
                                -11.01   data arrival time
-----------------------------------------------------------------------------
                                  0.00   slack (MET)



==========================================================================
cts final report_checks -unconstrained
--------------------------------------------------------------------------
Startpoint: hash/p2_cap[15]$_DFF_P_
            (rising edge-triggered flip-flop clocked by core_clock)
Endpoint: hash/p3_cap[29]$_DFF_P_
          (rising edge-triggered flip-flop clocked by core_clock)
Path Group: core_clock
Path Type: max

Fanout     Cap    Slew   Delay    Time   Description
-----------------------------------------------------------------------------
                          0.00    0.00   clock core_clock (rise edge)
                          0.00    0.00   clock source latency
     1    0.16    0.00    0.00    0.00 ^ clk (in)
                                         clk (net)
                  0.01    0.01    0.01 ^ clkbuf_0_clk/A (sky130_fd_sc_hd__clkbuf_16)
     4    0.23    0.24    0.26    0.27 ^ clkbuf_0_clk/X (sky130_fd_sc_hd__clkbuf_16)
                                         clknet_0_clk (net)
                  0.24    0.00    0.27 ^ clkbuf_2_3_0_clk/A (sky130_fd_sc_hd__clkbuf_16)
     8    0.22    0.23    0.33    0.61 ^ clkbuf_2_3_0_clk/X (sky130_fd_sc_hd__clkbuf_16)
                                         clknet_2_3_0_clk (net)
                  0.23    0.00    0.61 ^ clkbuf_5_26__f_clk/A (sky130_fd_sc_hd__clkbuf_16)
    11    0.17    0.18    0.30    0.91 ^ clkbuf_5_26__f_clk/X (sky130_fd_sc_hd__clkbuf_16)
                                         clknet_5_26__leaf_clk (net)
                  0.18    0.00    0.91 ^ clkbuf_leaf_189_clk/A (sky130_fd_sc_hd__clkbuf_16)
    10    0.03    0.05    0.18    1.09 ^ clkbuf_leaf_189_clk/X (sky130_fd_sc_hd__clkbuf_16)
                                         clknet_leaf_189_clk (net)
                  0.05    0.00    1.09 ^ hash/p2_cap[15]$_DFF_P_/CLK (sky130_fd_sc_hd__dfxtp_2)
     5    0.04    0.19    0.43    1.52 ^ hash/p2_cap[15]$_DFF_P_/Q (sky130_fd_sc_hd__dfxtp_2)
                                         hash/p2_cap[15] (net)
                  0.19    0.00    1.52 ^ hash/CA2/S1/_31_/A (sky130_fd_sc_hd__xor3_1)
     1    0.01    0.08    0.46    1.98 v hash/CA2/S1/_31_/X (sky130_fd_sc_hd__xor3_1)
                                         hash/CA2/s1[9] (net)
                  0.08    0.00    1.98 v hash/CA2/_2259_/A (sky130_fd_sc_hd__ha_1)
     5    0.02    0.13    0.39    2.37 v hash/CA2/_2259_/SUM (sky130_fd_sc_hd__ha_1)
                                         hash/CA2/_0975_ (net)
                  0.13    0.00    2.37 v hash/CA2/_1264_/A1 (sky130_fd_sc_hd__a21o_1)
     2    0.01    0.04    0.20    2.57 v hash/CA2/_1264_/X (sky130_fd_sc_hd__a21o_1)
                                         hash/CA2/_0549_ (net)
                  0.04    0.00    2.57 v hash/CA2/_1273_/A2 (sky130_fd_sc_hd__a21o_1)
     1    0.01    0.05    0.19    2.76 v hash/CA2/_1273_/X (sky130_fd_sc_hd__a21o_1)
                                         hash/CA2/_0555_ (net)
                  0.05    0.00    2.76 v hash/CA2/_1274_/A2 (sky130_fd_sc_hd__a21o_4)
     2    0.01    0.04    0.22    2.99 v hash/CA2/_1274_/X (sky130_fd_sc_hd__a21o_4)
                                         hash/CA2/_0556_ (net)
                  0.04    0.00    2.99 v hash/CA2/_1301_/A1 (sky130_fd_sc_hd__a221oi_2)
     2    0.01    0.27    0.31    3.29 ^ hash/CA2/_1301_/Y (sky130_fd_sc_hd__a221oi_2)
                                         hash/CA2/_0571_ (net)
                  0.27    0.00    3.29 ^ hash/CA2/_1304_/A1 (sky130_fd_sc_hd__a21oi_1)
     2    0.01    0.10    0.13    3.42 v hash/CA2/_1304_/Y (sky130_fd_sc_hd__a21oi_1)
                                         hash/CA2/_0574_ (net)
                  0.10    0.00    3.42 v hash/CA2/_1305_/B (sky130_fd_sc_hd__nor2_1)
     2    0.01    0.23    0.21    3.64 ^ hash/CA2/_1305_/Y (sky130_fd_sc_hd__nor2_1)
                                         hash/CA2/_0575_ (net)
                  0.23    0.00    3.64 ^ hash/CA2/_1306_/B (sky130_fd_sc_hd__xnor2_2)
     2    0.02    0.26    0.19    3.82 ^ hash/CA2/_1306_/Y (sky130_fd_sc_hd__xnor2_2)
                                         hash/CA2/_0752_ (net)
                  0.26    0.00    3.82 ^ hash/CA2/_2274_/A (sky130_fd_sc_hd__ha_1)
     5    0.02    0.11    0.33    4.16 v hash/CA2/_2274_/SUM (sky130_fd_sc_hd__ha_1)
                                         hash/CA2/_1019_ (net)
                  0.11    0.00    4.16 v hash/CA2/_2045_/B (sky130_fd_sc_hd__and3_4)
     3    0.01    0.04    0.20    4.36 v hash/CA2/_2045_/X (sky130_fd_sc_hd__and3_4)
                                         hash/CA2/_0443_ (net)
                  0.04    0.00    4.36 v hash/CA2/_2046_/C (sky130_fd_sc_hd__and3_1)
     1    0.01    0.05    0.19    4.55 v hash/CA2/_2046_/X (sky130_fd_sc_hd__and3_1)
                                         hash/CA2/_0444_ (net)
                  0.05    0.00    4.55 v hash/CA2/_2047_/B1 (sky130_fd_sc_hd__o211ai_1)
     2    0.01    0.34    0.17    4.72 ^ hash/CA2/_2047_/Y (sky130_fd_sc_hd__o211ai_1)
                                         hash/CA2/_0445_ (net)
                  0.34    0.00    4.72 ^ hash/CA2/_2063_/A2 (sky130_fd_sc_hd__a21oi_1)
     1    0.00    0.09    0.14    4.86 v hash/CA2/_2063_/Y (sky130_fd_sc_hd__a21oi_1)
                                         hash/CA2/_0459_ (net)
                  0.09    0.00    4.86 v hash/CA2/_2064_/C1 (sky130_fd_sc_hd__a211o_4)
     4    0.02    0.08    0.32    5.18 v hash/CA2/_2064_/X (sky130_fd_sc_hd__a211o_4)
                                         hash/CA2/_0460_ (net)
                  0.08    0.00    5.18 v hash/CA2/_2086_/A1 (sky130_fd_sc_hd__a311o_1)
     1    0.01    0.07    0.30    5.47 v hash/CA2/_2086_/X (sky130_fd_sc_hd__a311o_1)
                                         hash/CA2/_0478_ (net)
                  0.07    0.00    5.47 v hash/CA2/_2087_/A2 (sky130_fd_sc_hd__a21oi_2)
     1    0.01    0.11    0.16    5.63 ^ hash/CA2/_2087_/Y (sky130_fd_sc_hd__a21oi_2)
                                         hash/CA2/_0479_ (net)
                  0.11    0.00    5.63 ^ hash/CA2/_2088_/B (sky130_fd_sc_hd__xnor2_1)
     1    0.01    0.07    0.10    5.73 v hash/CA2/_2088_/Y (sky130_fd_sc_hd__xnor2_1)
                                         hash/e_new[25] (net)
                  0.07    0.00    5.73 v hash/_3540_/A0 (sky130_fd_sc_hd__mux2_8)
     6    0.05    0.09    0.36    6.09 v hash/_3540_/X (sky130_fd_sc_hd__mux2_8)
                                         hash/e[25] (net)
                  0.09    0.00    6.09 v hash/CA1/S1/_00_/C (sky130_fd_sc_hd__xor3_1)
     1    0.00    0.07    0.21    6.30 ^ hash/CA1/S1/_00_/X (sky130_fd_sc_hd__xor3_1)
                                         hash/CA1/s1[0] (net)
                  0.07    0.00    6.30 ^ hash/CA1/_3621_/A (sky130_fd_sc_hd__ha_1)
     3    0.01    0.11    0.19    6.50 ^ hash/CA1/_3621_/COUT (sky130_fd_sc_hd__ha_1)
                                         hash/CA1/_1631_ (net)
                  0.11    0.00    6.50 ^ hash/CA1/_2333_/A (sky130_fd_sc_hd__inv_1)
     1    0.01    0.05    0.08    6.57 v hash/CA1/_2333_/Y (sky130_fd_sc_hd__inv_1)
                                         hash/CA1/_1056_ (net)
                  0.05    0.00    6.57 v hash/CA1/_3433_/B (sky130_fd_sc_hd__fa_2)
     2    0.01    0.09    0.39    6.96 v hash/CA1/_3433_/COUT (sky130_fd_sc_hd__fa_2)
                                         hash/CA1/_1058_ (net)
                  0.09    0.00    6.96 v hash/CA1/_1984_/A (sky130_fd_sc_hd__nor2b_1)
     1    0.01    0.14    0.16    7.11 ^ hash/CA1/_1984_/Y (sky130_fd_sc_hd__nor2b_1)
                                         hash/CA1/_0005_ (net)
                  0.14    0.00    7.11 ^ hash/CA1/_1985_/A2 (sky130_fd_sc_hd__o21ai_2)
     1    0.01    0.07    0.09    7.20 v hash/CA1/_1985_/Y (sky130_fd_sc_hd__o21ai_2)
                                         hash/CA1/_0006_ (net)
                  0.07    0.00    7.20 v hash/CA1/_1986_/B (sky130_fd_sc_hd__nand2b_4)
     2    0.02    0.07    0.09    7.29 ^ hash/CA1/_1986_/Y (sky130_fd_sc_hd__nand2b_4)
                                         hash/CA1/_0007_ (net)
                  0.07    0.00    7.29 ^ hash/CA1/_2009_/A2 (sky130_fd_sc_hd__a21oi_2)
     3    0.01    0.06    0.08    7.37 v hash/CA1/_2009_/Y (sky130_fd_sc_hd__a21oi_2)
                                         hash/CA1/_0021_ (net)
                  0.06    0.00    7.37 v hash/CA1/_2071_/A1 (sky130_fd_sc_hd__o211a_4)
     1    0.01    0.05    0.26    7.63 v hash/CA1/_2071_/X (sky130_fd_sc_hd__o211a_4)
                                         hash/CA1/_0065_ (net)
                  0.05    0.00    7.63 v hash/CA1/_2074_/B (sky130_fd_sc_hd__nor2_4)
     4    0.03    0.20    0.18    7.81 ^ hash/CA1/_2074_/Y (sky130_fd_sc_hd__nor2_4)
                                         hash/CA1/_0068_ (net)
                  0.20    0.00    7.81 ^ hash/CA1/_2133_/A1 (sky130_fd_sc_hd__a41oi_2)
     2    0.01    0.15    0.18    8.00 v hash/CA1/_2133_/Y (sky130_fd_sc_hd__a41oi_2)
                                         hash/CA1/_0111_ (net)
                  0.15    0.00    8.00 v hash/CA1/_2134_/A (sky130_fd_sc_hd__xnor2_2)
     2    0.02    0.26    0.30    8.29 ^ hash/CA1/_2134_/Y (sky130_fd_sc_hd__xnor2_2)
                                         hash/CA1/_1311_ (net)
                  0.26    0.00    8.29 ^ hash/CA1/_2135_/A (sky130_fd_sc_hd__inv_2)
     1    0.02    0.08    0.10    8.39 v hash/CA1/_2135_/Y (sky130_fd_sc_hd__inv_2)
                                         hash/CA1/_1133_ (net)
                  0.08    0.00    8.39 v hash/CA1/_3449_/B (sky130_fd_sc_hd__fa_1)
     1    0.01    0.07    0.52    8.92 ^ hash/CA1/_3449_/SUM (sky130_fd_sc_hd__fa_1)
                                         hash/CA1/_1136_ (net)
                  0.07    0.00    8.92 ^ hash/CA1/_2380_/A (sky130_fd_sc_hd__clkinv_1)
     1    0.01    0.09    0.10    9.02 v hash/CA1/_2380_/Y (sky130_fd_sc_hd__clkinv_1)
                                         hash/CA1/_1755_ (net)
                  0.09    0.00    9.02 v hash/CA1/_3668_/A (sky130_fd_sc_hd__ha_4)
     6    0.03    0.06    0.29    9.31 v hash/CA1/_3668_/SUM (sky130_fd_sc_hd__ha_4)
                                         hash/CA1/_1757_ (net)
                  0.06    0.00    9.31 v hash/CA1/_3125_/A1 (sky130_fd_sc_hd__a21oi_2)
     2    0.01    0.13    0.15    9.46 ^ hash/CA1/_3125_/Y (sky130_fd_sc_hd__a21oi_2)
                                         hash/CA1/_0762_ (net)
                  0.13    0.00    9.46 ^ hash/CA1/_3132_/A2 (sky130_fd_sc_hd__o21bai_1)
     1    0.00    0.06    0.08    9.54 v hash/CA1/_3132_/Y (sky130_fd_sc_hd__o21bai_1)
                                         hash/CA1/_0767_ (net)
                  0.06    0.00    9.54 v hash/CA1/_3133_/A2 (sky130_fd_sc_hd__a21o_1)
     2    0.01    0.05    0.20    9.74 v hash/CA1/_3133_/X (sky130_fd_sc_hd__a21o_1)
                                         hash/CA1/_0768_ (net)
                  0.05    0.00    9.74 v hash/CA1/_3143_/A2 (sky130_fd_sc_hd__a21o_1)
     1    0.00    0.04    0.18    9.92 v hash/CA1/_3143_/X (sky130_fd_sc_hd__a21o_1)
                                         hash/CA1/_0776_ (net)
                  0.04    0.00    9.92 v hash/CA1/_3144_/A1 (sky130_fd_sc_hd__a21oi_2)
     2    0.01    0.19    0.19   10.11 ^ hash/CA1/_3144_/Y (sky130_fd_sc_hd__a21oi_2)
                                         hash/CA1/_0777_ (net)
                  0.19    0.00   10.11 ^ hash/CA1/_3172_/A1 (sky130_fd_sc_hd__o21ai_2)
     1    0.01    0.07    0.11   10.22 v hash/CA1/_3172_/Y (sky130_fd_sc_hd__o21ai_2)
                                         hash/CA1/_0801_ (net)
                  0.07    0.00   10.22 v hash/CA1/_3173_/B1 (sky130_fd_sc_hd__a21oi_4)
     2    0.02    0.18    0.18   10.41 ^ hash/CA1/_3173_/Y (sky130_fd_sc_hd__a21oi_4)
                                         hash/CA1/_0802_ (net)
                  0.18    0.00   10.41 ^ hash/CA1/_3188_/A1 (sky130_fd_sc_hd__o21ai_4)
     4    0.02    0.09    0.11   10.52 v hash/CA1/_3188_/Y (sky130_fd_sc_hd__o21ai_4)
                                         hash/CA1/_0815_ (net)
                  0.09    0.00   10.52 v hash/CA1/_3194_/A2 (sky130_fd_sc_hd__a2111o_1)
     1    0.00    0.06    0.42   10.94 v hash/CA1/_3194_/X (sky130_fd_sc_hd__a2111o_1)
                                         hash/CA1/_0819_ (net)
                  0.06    0.00   10.94 v hash/CA1/_3199_/A (sky130_fd_sc_hd__nand3_1)
     1    0.00    0.06    0.07   11.01 ^ hash/CA1/_3199_/Y (sky130_fd_sc_hd__nand3_1)
                                         hash/p3[29] (net)
                  0.06    0.00   11.01 ^ hash/p3_cap[29]$_DFF_P_/D (sky130_fd_sc_hd__dfxtp_1)
                                 11.01   data arrival time

                         10.00   10.00   clock core_clock (rise edge)
                          0.00   10.00   clock source latency
     1    0.16    0.00    0.00   10.00 ^ clk (in)
                                         clk (net)
                  0.01    0.01   10.01 ^ clkbuf_0_clk/A (sky130_fd_sc_hd__clkbuf_16)
     4    0.23    0.24    0.26   10.27 ^ clkbuf_0_clk/X (sky130_fd_sc_hd__clkbuf_16)
                                         clknet_0_clk (net)
                  0.24    0.00   10.27 ^ clkbuf_2_1_0_clk/A (sky130_fd_sc_hd__clkbuf_16)
     8    0.20    0.21    0.32   10.59 ^ clkbuf_2_1_0_clk/X (sky130_fd_sc_hd__clkbuf_16)
                                         clknet_2_1_0_clk (net)
                  0.22    0.00   10.60 ^ clkbuf_5_15__f_clk/A (sky130_fd_sc_hd__clkbuf_16)
     8    0.16    0.18    0.29   10.88 ^ clkbuf_5_15__f_clk/X (sky130_fd_sc_hd__clkbuf_16)
                                         clknet_5_15__leaf_clk (net)
                  0.18    0.00   10.88 ^ clkbuf_leaf_209_clk/A (sky130_fd_sc_hd__clkbuf_16)
     9    0.04    0.06    0.19   11.07 ^ clkbuf_leaf_209_clk/X (sky130_fd_sc_hd__clkbuf_16)
                                         clknet_leaf_209_clk (net)
                  0.06    0.00   11.07 ^ hash/p3_cap[29]$_DFF_P_/CLK (sky130_fd_sc_hd__dfxtp_1)
                          0.00   11.07   clock reconvergence pessimism
                         -0.06   11.01   library setup time
                                 11.01   data required time
-----------------------------------------------------------------------------
                                 11.01   data required time
                                -11.01   data arrival time
-----------------------------------------------------------------------------
                                  0.00   slack (MET)



==========================================================================
cts final report_check_types -max_slew -max_cap -max_fanout -violators
--------------------------------------------------------------------------
max slew

Pin                                    Limit    Slew   Slack
------------------------------------------------------------
count15_1[3]$_SDFF_PP0_/Q               1.50    1.50   -0.00 (VIOLATED)
_17671_/S0                              1.50    1.50   -0.00 (VIOLATED)
_17473_/S0                              1.50    1.50   -0.00 (VIOLATED)
_17627_/S0                              1.50    1.50   -0.00 (VIOLATED)
_17573_/S0                              1.50    1.50   -0.00 (VIOLATED)
_17448_/S0                              1.50    1.50   -0.00 (VIOLATED)
_17579_/S0                              1.50    1.50   -0.00 (VIOLATED)
_17421_/S0                              1.50    1.50   -0.00 (VIOLATED)
_17342_/S0                              1.50    1.50   -0.00 (VIOLATED)
_17328_/S0                              1.50    1.50   -0.00 (VIOLATED)
_17366_/S0                              1.50    1.50   -0.00 (VIOLATED)
_10618_/C                               1.50    1.50   -0.00 (VIOLATED)

max capacitance

Pin                                    Limit     Cap   Slack
------------------------------------------------------------
count15_1[3]$_SDFF_PP0_/Q               0.16    0.16   -0.00 (VIOLATED)


==========================================================================
cts final max_slew_check_slack
--------------------------------------------------------------------------
-0.002172373468056321

==========================================================================
cts final max_slew_check_limit
--------------------------------------------------------------------------
1.4979510307312012

==========================================================================
cts final max_slew_check_slack_limit
--------------------------------------------------------------------------
-0.0015

==========================================================================
cts final max_fanout_check_slack
--------------------------------------------------------------------------
1.0000000150474662e+30

==========================================================================
cts final max_fanout_check_limit
--------------------------------------------------------------------------
1.0000000150474662e+30

==========================================================================
cts final max_capacitance_check_slack
--------------------------------------------------------------------------
-0.0006613904261030257

==========================================================================
cts final max_capacitance_check_limit
--------------------------------------------------------------------------
0.1620579957962036

==========================================================================
cts final max_capacitance_check_slack_limit
--------------------------------------------------------------------------
-0.0041

==========================================================================
cts final max_slew_violation_count
--------------------------------------------------------------------------
max slew violation count 12

==========================================================================
cts final max_fanout_violation_count
--------------------------------------------------------------------------
max fanout violation count 0

==========================================================================
cts final max_cap_violation_count
--------------------------------------------------------------------------
max cap violation count 1

==========================================================================
cts final setup_violation_count
--------------------------------------------------------------------------
setup violation count 0

==========================================================================
cts final hold_violation_count
--------------------------------------------------------------------------
hold violation count 0

==========================================================================
cts final report_checks -path_delay max reg to reg
--------------------------------------------------------------------------
Startpoint: hash/p2_cap[15]$_DFF_P_
            (rising edge-triggered flip-flop clocked by core_clock)
Endpoint: hash/p3_cap[29]$_DFF_P_
          (rising edge-triggered flip-flop clocked by core_clock)
Path Group: core_clock
Path Type: max

  Delay    Time   Description
---------------------------------------------------------
   0.00    0.00   clock core_clock (rise edge)
   0.00    0.00   clock source latency
   0.00    0.00 ^ clk (in)
   0.27    0.27 ^ clkbuf_0_clk/X (sky130_fd_sc_hd__clkbuf_16)
   0.34    0.61 ^ clkbuf_2_3_0_clk/X (sky130_fd_sc_hd__clkbuf_16)
   0.30    0.91 ^ clkbuf_5_26__f_clk/X (sky130_fd_sc_hd__clkbuf_16)
   0.18    1.09 ^ clkbuf_leaf_189_clk/X (sky130_fd_sc_hd__clkbuf_16)
   0.00    1.09 ^ hash/p2_cap[15]$_DFF_P_/CLK (sky130_fd_sc_hd__dfxtp_2)
   0.43    1.52 ^ hash/p2_cap[15]$_DFF_P_/Q (sky130_fd_sc_hd__dfxtp_2)
   0.46    1.98 v hash/CA2/S1/_31_/X (sky130_fd_sc_hd__xor3_1)
   0.39    2.37 v hash/CA2/_2259_/SUM (sky130_fd_sc_hd__ha_1)
   0.20    2.57 v hash/CA2/_1264_/X (sky130_fd_sc_hd__a21o_1)
   0.19    2.76 v hash/CA2/_1273_/X (sky130_fd_sc_hd__a21o_1)
   0.22    2.99 v hash/CA2/_1274_/X (sky130_fd_sc_hd__a21o_4)
   0.31    3.29 ^ hash/CA2/_1301_/Y (sky130_fd_sc_hd__a221oi_2)
   0.13    3.42 v hash/CA2/_1304_/Y (sky130_fd_sc_hd__a21oi_1)
   0.21    3.64 ^ hash/CA2/_1305_/Y (sky130_fd_sc_hd__nor2_1)
   0.19    3.82 ^ hash/CA2/_1306_/Y (sky130_fd_sc_hd__xnor2_2)
   0.33    4.16 v hash/CA2/_2274_/SUM (sky130_fd_sc_hd__ha_1)
   0.20    4.36 v hash/CA2/_2045_/X (sky130_fd_sc_hd__and3_4)
   0.19    4.55 v hash/CA2/_2046_/X (sky130_fd_sc_hd__and3_1)
   0.17    4.72 ^ hash/CA2/_2047_/Y (sky130_fd_sc_hd__o211ai_1)
   0.14    4.86 v hash/CA2/_2063_/Y (sky130_fd_sc_hd__a21oi_1)
   0.32    5.18 v hash/CA2/_2064_/X (sky130_fd_sc_hd__a211o_4)
   0.30    5.47 v hash/CA2/_2086_/X (sky130_fd_sc_hd__a311o_1)
   0.16    5.63 ^ hash/CA2/_2087_/Y (sky130_fd_sc_hd__a21oi_2)
   0.10    5.73 v hash/CA2/_2088_/Y (sky130_fd_sc_hd__xnor2_1)
   0.36    6.09 v hash/_3540_/X (sky130_fd_sc_hd__mux2_8)
   0.21    6.30 ^ hash/CA1/S1/_00_/X (sky130_fd_sc_hd__xor3_1)
   0.19    6.50 ^ hash/CA1/_3621_/COUT (sky130_fd_sc_hd__ha_1)
   0.08    6.57 v hash/CA1/_2333_/Y (sky130_fd_sc_hd__inv_1)
   0.39    6.96 v hash/CA1/_3433_/COUT (sky130_fd_sc_hd__fa_2)
   0.16    7.11 ^ hash/CA1/_1984_/Y (sky130_fd_sc_hd__nor2b_1)
   0.09    7.20 v hash/CA1/_1985_/Y (sky130_fd_sc_hd__o21ai_2)
   0.09    7.29 ^ hash/CA1/_1986_/Y (sky130_fd_sc_hd__nand2b_4)
   0.08    7.37 v hash/CA1/_2009_/Y (sky130_fd_sc_hd__a21oi_2)
   0.26    7.63 v hash/CA1/_2071_/X (sky130_fd_sc_hd__o211a_4)
   0.18    7.81 ^ hash/CA1/_2074_/Y (sky130_fd_sc_hd__nor2_4)
   0.18    8.00 v hash/CA1/_2133_/Y (sky130_fd_sc_hd__a41oi_2)
   0.30    8.29 ^ hash/CA1/_2134_/Y (sky130_fd_sc_hd__xnor2_2)
   0.10    8.39 v hash/CA1/_2135_/Y (sky130_fd_sc_hd__inv_2)
   0.52    8.92 ^ hash/CA1/_3449_/SUM (sky130_fd_sc_hd__fa_1)
   0.10    9.02 v hash/CA1/_2380_/Y (sky130_fd_sc_hd__clkinv_1)
   0.29    9.31 v hash/CA1/_3668_/SUM (sky130_fd_sc_hd__ha_4)
   0.15    9.46 ^ hash/CA1/_3125_/Y (sky130_fd_sc_hd__a21oi_2)
   0.08    9.54 v hash/CA1/_3132_/Y (sky130_fd_sc_hd__o21bai_1)
   0.20    9.74 v hash/CA1/_3133_/X (sky130_fd_sc_hd__a21o_1)
   0.18    9.92 v hash/CA1/_3143_/X (sky130_fd_sc_hd__a21o_1)
   0.19   10.11 ^ hash/CA1/_3144_/Y (sky130_fd_sc_hd__a21oi_2)
   0.11   10.22 v hash/CA1/_3172_/Y (sky130_fd_sc_hd__o21ai_2)
   0.18   10.41 ^ hash/CA1/_3173_/Y (sky130_fd_sc_hd__a21oi_4)
   0.11   10.52 v hash/CA1/_3188_/Y (sky130_fd_sc_hd__o21ai_4)
   0.42   10.94 v hash/CA1/_3194_/X (sky130_fd_sc_hd__a2111o_1)
   0.07   11.01 ^ hash/CA1/_3199_/Y (sky130_fd_sc_hd__nand3_1)
   0.00   11.01 ^ hash/p3_cap[29]$_DFF_P_/D (sky130_fd_sc_hd__dfxtp_1)
          11.01   data arrival time

  10.00   10.00   clock core_clock (rise edge)
   0.00   10.00   clock source latency
   0.00   10.00 ^ clk (in)
   0.27   10.27 ^ clkbuf_0_clk/X (sky130_fd_sc_hd__clkbuf_16)
   0.32   10.59 ^ clkbuf_2_1_0_clk/X (sky130_fd_sc_hd__clkbuf_16)
   0.29   10.88 ^ clkbuf_5_15__f_clk/X (sky130_fd_sc_hd__clkbuf_16)
   0.19   11.07 ^ clkbuf_leaf_209_clk/X (sky130_fd_sc_hd__clkbuf_16)
   0.00   11.07 ^ hash/p3_cap[29]$_DFF_P_/CLK (sky130_fd_sc_hd__dfxtp_1)
   0.00   11.07   clock reconvergence pessimism
  -0.06   11.01   library setup time
          11.01   data required time
---------------------------------------------------------
          11.01   data required time
         -11.01   data arrival time
---------------------------------------------------------
           0.00   slack (MET)



==========================================================================
cts final report_checks -path_delay min reg to reg
--------------------------------------------------------------------------
Startpoint: ready_dash$_SDFF_PP0_
            (rising edge-triggered flip-flop clocked by core_clock)
Endpoint: ready$_DFF_P_ (rising edge-triggered flip-flop clocked by core_clock)
Path Group: core_clock
Path Type: min

  Delay    Time   Description
---------------------------------------------------------
   0.00    0.00   clock core_clock (rise edge)
   0.00    0.00   clock source latency
   0.00    0.00 ^ clk (in)
   0.27    0.27 ^ clkbuf_0_clk/X (sky130_fd_sc_hd__clkbuf_16)
   0.32    0.59 ^ clkbuf_2_1_0_clk/X (sky130_fd_sc_hd__clkbuf_16)
   0.30    0.89 ^ clkbuf_5_13__f_clk/X (sky130_fd_sc_hd__clkbuf_16)
   0.19    1.08 ^ clkbuf_leaf_201_clk/X (sky130_fd_sc_hd__clkbuf_16)
   0.00    1.08 ^ ready_dash$_SDFF_PP0_/CLK (sky130_fd_sc_hd__dfxtp_1)
   0.30    1.38 ^ ready_dash$_SDFF_PP0_/Q (sky130_fd_sc_hd__dfxtp_1)
   0.00    1.38 ^ ready$_DFF_P_/D (sky130_fd_sc_hd__dfxtp_1)
           1.38   data arrival time

   0.00    0.00   clock core_clock (rise edge)
   0.00    0.00   clock source latency
   0.00    0.00 ^ clk (in)
   0.27    0.27 ^ clkbuf_0_clk/X (sky130_fd_sc_hd__clkbuf_16)
   0.32    0.59 ^ clkbuf_2_1_0_clk/X (sky130_fd_sc_hd__clkbuf_16)
   0.30    0.89 ^ clkbuf_5_13__f_clk/X (sky130_fd_sc_hd__clkbuf_16)
   0.19    1.08 ^ clkbuf_leaf_201_clk/X (sky130_fd_sc_hd__clkbuf_16)
   0.00    1.08 ^ ready$_DFF_P_/CLK (sky130_fd_sc_hd__dfxtp_1)
   0.00    1.08   clock reconvergence pessimism
  -0.03    1.06   library hold time
           1.06   data required time
---------------------------------------------------------
           1.06   data required time
          -1.38   data arrival time
---------------------------------------------------------
           0.33   slack (MET)



==========================================================================
cts final critical path target clock latency max path
--------------------------------------------------------------------------
1.0551

==========================================================================
cts final critical path target clock latency min path
--------------------------------------------------------------------------
1.1138

==========================================================================
cts final critical path source clock latency min path
--------------------------------------------------------------------------
0.0000

==========================================================================
cts final critical path delay
--------------------------------------------------------------------------
11.0129

==========================================================================
cts final critical path slack
--------------------------------------------------------------------------
0.0003

==========================================================================
cts final slack div critical path delay
--------------------------------------------------------------------------
0.002724

==========================================================================
cts final report_power
--------------------------------------------------------------------------
Group                  Internal  Switching    Leakage      Total
                          Power      Power      Power      Power (Watts)
----------------------------------------------------------------
Sequential             1.87e-02   2.26e-03   2.80e-08   2.10e-02   5.5%
Combinational          1.48e-01   1.96e-01   6.63e-08   3.44e-01  91.0%
Clock                  7.53e-03   5.74e-03   5.61e-09   1.33e-02   3.5%
Macro                  0.00e+00   0.00e+00   0.00e+00   0.00e+00   0.0%
Pad                    0.00e+00   0.00e+00   0.00e+00   0.00e+00   0.0%
----------------------------------------------------------------
Total                  1.74e-01   2.04e-01   9.99e-08   3.79e-01 100.0%
                          46.0%      54.0%       0.0%
