
==========================================================================
global route report_tns
--------------------------------------------------------------------------
tns -0.30

==========================================================================
global route report_wns
--------------------------------------------------------------------------
wns -0.06

==========================================================================
global route report_worst_slack
--------------------------------------------------------------------------
worst slack -0.06

==========================================================================
global route report_clock_skew
--------------------------------------------------------------------------
Clock core_clock
   0.99 source latency w[22][21]$_SDFFCE_PN0P_/CLK ^
  -1.06 target latency w[38][31]$_SDFFCE_PN0P_/CLK ^
   0.00 CRPR
--------------
  -0.08 setup skew


==========================================================================
global route report_checks -path_delay min
--------------------------------------------------------------------------
Startpoint: ready_dash$_SDFF_PP0_
            (rising edge-triggered flip-flop clocked by core_clock)
Endpoint: ready$_DFF_P_ (rising edge-triggered flip-flop clocked by core_clock)
Path Group: core_clock
Path Type: min

Fanout     Cap    Slew   Delay    Time   Description
-----------------------------------------------------------------------------
                          0.00    0.00   clock core_clock (rise edge)
                          0.00    0.00   clock source latency
     2    0.14    0.00    0.00    0.00 ^ clk (in)
                                         clk (net)
                  0.01    0.01    0.01 ^ clkbuf_0_clk/A (sky130_fd_sc_hd__clkbuf_16)
     4    0.19    0.20    0.23    0.24 ^ clkbuf_0_clk/X (sky130_fd_sc_hd__clkbuf_16)
                                         clknet_0_clk (net)
                  0.20    0.01    0.24 ^ clkbuf_2_1_0_clk/A (sky130_fd_sc_hd__clkbuf_16)
     8    0.18    0.19    0.29    0.54 ^ clkbuf_2_1_0_clk/X (sky130_fd_sc_hd__clkbuf_16)
                                         clknet_2_1_0_clk (net)
                  0.19    0.00    0.54 ^ clkbuf_5_13__f_clk/A (sky130_fd_sc_hd__clkbuf_16)
    10    0.17    0.18    0.28    0.82 ^ clkbuf_5_13__f_clk/X (sky130_fd_sc_hd__clkbuf_16)
                                         clknet_5_13__leaf_clk (net)
                  0.18    0.00    0.82 ^ clkbuf_leaf_201_clk/A (sky130_fd_sc_hd__clkbuf_16)
    11    0.04    0.07    0.19    1.02 ^ clkbuf_leaf_201_clk/X (sky130_fd_sc_hd__clkbuf_16)
                                         clknet_leaf_201_clk (net)
                  0.07    0.00    1.02 ^ ready_dash$_SDFF_PP0_/CLK (sky130_fd_sc_hd__dfxtp_1)
     1    0.00    0.04    0.31    1.32 ^ ready_dash$_SDFF_PP0_/Q (sky130_fd_sc_hd__dfxtp_1)
                                         ready_dash (net)
                  0.04    0.00    1.32 ^ ready$_DFF_P_/D (sky130_fd_sc_hd__dfxtp_1)
                                  1.32   data arrival time

                          0.00    0.00   clock core_clock (rise edge)
                          0.00    0.00   clock source latency
     2    0.14    0.00    0.00    0.00 ^ clk (in)
                                         clk (net)
                  0.01    0.01    0.01 ^ clkbuf_0_clk/A (sky130_fd_sc_hd__clkbuf_16)
     4    0.19    0.20    0.23    0.24 ^ clkbuf_0_clk/X (sky130_fd_sc_hd__clkbuf_16)
                                         clknet_0_clk (net)
                  0.20    0.01    0.24 ^ clkbuf_2_1_0_clk/A (sky130_fd_sc_hd__clkbuf_16)
     8    0.18    0.19    0.29    0.54 ^ clkbuf_2_1_0_clk/X (sky130_fd_sc_hd__clkbuf_16)
                                         clknet_2_1_0_clk (net)
                  0.19    0.00    0.54 ^ clkbuf_5_13__f_clk/A (sky130_fd_sc_hd__clkbuf_16)
    10    0.17    0.18    0.28    0.82 ^ clkbuf_5_13__f_clk/X (sky130_fd_sc_hd__clkbuf_16)
                                         clknet_5_13__leaf_clk (net)
                  0.18    0.00    0.82 ^ clkbuf_leaf_201_clk/A (sky130_fd_sc_hd__clkbuf_16)
    11    0.04    0.07    0.19    1.02 ^ clkbuf_leaf_201_clk/X (sky130_fd_sc_hd__clkbuf_16)
                                         clknet_leaf_201_clk (net)
                  0.07    0.00    1.02 ^ ready$_DFF_P_/CLK (sky130_fd_sc_hd__dfxtp_1)
                          0.00    1.02   clock reconvergence pessimism
                         -0.03    0.99   library hold time
                                  0.99   data required time
-----------------------------------------------------------------------------
                                  0.99   data required time
                                 -1.32   data arrival time
-----------------------------------------------------------------------------
                                  0.34   slack (MET)



==========================================================================
global route report_checks -path_delay max
--------------------------------------------------------------------------
Startpoint: hash/p1_cap[0]$_DFF_P_
            (rising edge-triggered flip-flop clocked by core_clock)
Endpoint: hash/p1_cap[31]$_DFF_P_
          (rising edge-triggered flip-flop clocked by core_clock)
Path Group: core_clock
Path Type: max

Fanout     Cap    Slew   Delay    Time   Description
-----------------------------------------------------------------------------
                          0.00    0.00   clock core_clock (rise edge)
                          0.00    0.00   clock source latency
     2    0.14    0.00    0.00    0.00 ^ clk (in)
                                         clk (net)
                  0.01    0.01    0.01 ^ clkbuf_0_clk/A (sky130_fd_sc_hd__clkbuf_16)
     4    0.19    0.20    0.23    0.24 ^ clkbuf_0_clk/X (sky130_fd_sc_hd__clkbuf_16)
                                         clknet_0_clk (net)
                  0.20    0.01    0.24 ^ clkbuf_2_1_0_clk/A (sky130_fd_sc_hd__clkbuf_16)
     8    0.18    0.19    0.29    0.54 ^ clkbuf_2_1_0_clk/X (sky130_fd_sc_hd__clkbuf_16)
                                         clknet_2_1_0_clk (net)
                  0.19    0.01    0.54 ^ clkbuf_5_11__f_clk/A (sky130_fd_sc_hd__clkbuf_16)
    10    0.16    0.17    0.27    0.81 ^ clkbuf_5_11__f_clk/X (sky130_fd_sc_hd__clkbuf_16)
                                         clknet_5_11__leaf_clk (net)
                  0.17    0.00    0.82 ^ clkbuf_leaf_223_clk/A (sky130_fd_sc_hd__clkbuf_16)
     7    0.04    0.06    0.19    1.00 ^ clkbuf_leaf_223_clk/X (sky130_fd_sc_hd__clkbuf_16)
                                         clknet_leaf_223_clk (net)
                  0.06    0.00    1.01 ^ hash/p1_cap[0]$_DFF_P_/CLK (sky130_fd_sc_hd__dfxtp_1)
     1    0.01    0.08    0.34    1.34 ^ hash/p1_cap[0]$_DFF_P_/Q (sky130_fd_sc_hd__dfxtp_1)
                                         hash/p1_cap[0] (net)
                  0.08    0.00    1.34 ^ hash/CA2/_2211_/A (sky130_fd_sc_hd__ha_2)
     3    0.01    0.09    0.21    1.56 ^ hash/CA2/_2211_/COUT (sky130_fd_sc_hd__ha_2)
                                         hash/CA2/_0871_ (net)
                  0.09    0.00    1.56 ^ hash/CA2/_1701_/A (sky130_fd_sc_hd__inv_1)
     1    0.01    0.05    0.07    1.63 v hash/CA2/_1701_/Y (sky130_fd_sc_hd__inv_1)
                                         hash/CA2/_0612_ (net)
                  0.05    0.00    1.63 v hash/CA2/_2146_/CIN (sky130_fd_sc_hd__fa_1)
     2    0.02    0.16    0.49    2.11 v hash/CA2/_2146_/COUT (sky130_fd_sc_hd__fa_1)
                                         hash/CA2/_0613_ (net)
                  0.16    0.00    2.11 v hash/CA2/_1439_/A (sky130_fd_sc_hd__nor2b_1)
     1    0.01    0.18    0.22    2.33 ^ hash/CA2/_1439_/Y (sky130_fd_sc_hd__nor2b_1)
                                         hash/CA2/_0052_ (net)
                  0.18    0.00    2.33 ^ hash/CA2/_1440_/A2 (sky130_fd_sc_hd__o21a_4)
     2    0.01    0.06    0.16    2.49 ^ hash/CA2/_1440_/X (sky130_fd_sc_hd__o21a_4)
                                         hash/CA2/_0053_ (net)
                  0.06    0.00    2.50 ^ hash/CA2/_1445_/A2 (sky130_fd_sc_hd__o21ai_2)
     3    0.01    0.07    0.08    2.58 v hash/CA2/_1445_/Y (sky130_fd_sc_hd__o21ai_2)
                                         hash/CA2/_0056_ (net)
                  0.07    0.00    2.58 v hash/CA2/_1466_/A1 (sky130_fd_sc_hd__a21o_4)
     4    0.03    0.07    0.25    2.83 v hash/CA2/_1466_/X (sky130_fd_sc_hd__a21o_4)
                                         hash/CA2/_0073_ (net)
                  0.07    0.00    2.83 v hash/CA2/_1591_/A1 (sky130_fd_sc_hd__a211oi_4)
     2    0.02    0.28    0.30    3.13 ^ hash/CA2/_1591_/Y (sky130_fd_sc_hd__a211oi_4)
                                         hash/CA2/_0173_ (net)
                  0.28    0.00    3.13 ^ hash/CA2/_1610_/A (sky130_fd_sc_hd__nor2_2)
     1    0.01    0.08    0.10    3.23 v hash/CA2/_1610_/Y (sky130_fd_sc_hd__nor2_2)
                                         hash/CA2/_0188_ (net)
                  0.08    0.00    3.24 v hash/CA2/_1615_/A1 (sky130_fd_sc_hd__a21oi_4)
     3    0.03    0.22    0.23    3.46 ^ hash/CA2/_1615_/Y (sky130_fd_sc_hd__a21oi_4)
                                         hash/CA2/_0193_ (net)
                  0.22    0.00    3.46 ^ hash/CA2/_1793_/A1 (sky130_fd_sc_hd__a211oi_2)
     1    0.01    0.09    0.12    3.59 v hash/CA2/_1793_/Y (sky130_fd_sc_hd__a211oi_2)
                                         hash/CA2/_0238_ (net)
                  0.09    0.00    3.59 v hash/CA2/_1794_/B (sky130_fd_sc_hd__xnor2_1)
     5    0.04    0.83    0.67    4.26 ^ hash/CA2/_1794_/Y (sky130_fd_sc_hd__xnor2_1)
                                         hash/b_new[30] (net)
                  0.83    0.00    4.26 ^ hash/CA2/S0/_30_/C (sky130_fd_sc_hd__xor3_1)
     1    0.01    0.13    0.33    4.59 ^ hash/CA2/S0/_30_/X (sky130_fd_sc_hd__xor3_1)
                                         hash/CA2/s0[8] (net)
                  0.13    0.00    4.59 ^ hash/CA2/_1679_/A (sky130_fd_sc_hd__clkinv_1)
     1    0.01    0.11    0.15    4.73 v hash/CA2/_1679_/Y (sky130_fd_sc_hd__clkinv_1)
                                         hash/CA2/_0679_ (net)
                  0.11    0.00    4.73 v hash/CA2/_2163_/B (sky130_fd_sc_hd__fa_1)
     1    0.02    0.13    0.49    5.22 v hash/CA2/_2163_/COUT (sky130_fd_sc_hd__fa_1)
                                         hash/CA2/_0681_ (net)
                  0.13    0.00    5.23 v hash/CA2/_2166_/A (sky130_fd_sc_hd__fa_1)
     1    0.00    0.06    0.56    5.78 ^ hash/CA2/_2166_/SUM (sky130_fd_sc_hd__fa_1)
                                         hash/CA2/_0695_ (net)
                  0.06    0.00    5.78 ^ hash/CA2/_1765_/A (sky130_fd_sc_hd__inv_1)
     1    0.01    0.06    0.07    5.85 v hash/CA2/_1765_/Y (sky130_fd_sc_hd__inv_1)
                                         hash/CA2/_1124_ (net)
                  0.06    0.00    5.85 v hash/CA2/_2310_/B (sky130_fd_sc_hd__ha_4)
     4    0.02    0.04    0.18    6.03 v hash/CA2/_2310_/COUT (sky130_fd_sc_hd__ha_4)
                                         hash/CA2/_1125_ (net)
                  0.04    0.00    6.03 v hash/CA2/_1842_/A2 (sky130_fd_sc_hd__a21oi_1)
     2    0.01    0.29    0.27    6.30 ^ hash/CA2/_1842_/Y (sky130_fd_sc_hd__a21oi_1)
                                         hash/CA2/_0278_ (net)
                  0.29    0.00    6.30 ^ hash/CA2/_1858_/A3 (sky130_fd_sc_hd__o311ai_1)
     2    0.01    0.15    0.17    6.47 v hash/CA2/_1858_/Y (sky130_fd_sc_hd__o311ai_1)
                                         hash/CA2/_0292_ (net)
                  0.15    0.00    6.48 v hash/CA2/_1897_/B (sky130_fd_sc_hd__nor4_1)
     1    0.00    0.21    0.28    6.75 ^ hash/CA2/_1897_/Y (sky130_fd_sc_hd__nor4_1)
                                         hash/CA2/_0325_ (net)
                  0.21    0.00    6.75 ^ hash/CA2/_1898_/B1_N (sky130_fd_sc_hd__a21boi_1)
     2    0.01    0.21    0.26    7.02 ^ hash/CA2/_1898_/Y (sky130_fd_sc_hd__a21boi_1)
                                         hash/CA2/_0326_ (net)
                  0.21    0.00    7.02 ^ hash/CA2/_1916_/A1 (sky130_fd_sc_hd__o211a_1)
     2    0.01    0.12    0.24    7.26 ^ hash/CA2/_1916_/X (sky130_fd_sc_hd__o211a_1)
                                         hash/CA2/_0340_ (net)
                  0.12    0.00    7.26 ^ hash/CA2/_1953_/A1 (sky130_fd_sc_hd__o31ai_2)
     1    0.02    0.12    0.13    7.40 v hash/CA2/_1953_/Y (sky130_fd_sc_hd__o31ai_2)
                                         hash/CA2/_0373_ (net)
                  0.12    0.00    7.40 v hash/CA2/_1954_/A2 (sky130_fd_sc_hd__a21oi_1)
     1    0.01    0.18    0.23    7.62 ^ hash/CA2/_1954_/Y (sky130_fd_sc_hd__a21oi_1)
                                         hash/CA2/_0374_ (net)
                  0.19    0.00    7.62 ^ hash/CA2/_1955_/C (sky130_fd_sc_hd__xnor3_1)
     1    0.01    0.11    0.29    7.92 v hash/CA2/_1955_/X (sky130_fd_sc_hd__xnor3_1)
                                         hash/CA2/_0375_ (net)
                  0.11    0.00    7.92 v hash/CA2/_1965_/A (sky130_fd_sc_hd__xor2_2)
     2    0.02    0.10    0.23    8.14 v hash/CA2/_1965_/X (sky130_fd_sc_hd__xor2_2)
                                         hash/a_new[31] (net)
                  0.10    0.00    8.14 v hash/_2122_/A0 (sky130_fd_sc_hd__mux2_8)
     5    0.03    0.08    0.35    8.49 v hash/_2122_/X (sky130_fd_sc_hd__mux2_8)
                                         hash/a[31] (net)
                  0.08    0.00    8.50 v hash/CA1/S0/_31_/C (sky130_fd_sc_hd__xor3_1)
     1    0.01    0.11    0.24    8.74 v hash/CA1/S0/_31_/X (sky130_fd_sc_hd__xor3_1)
                                         hash/CA1/s0[9] (net)
                  0.11    0.00    8.74 v hash/CA1/_3538_/A (sky130_fd_sc_hd__ha_4)
     4    0.02    0.05    0.20    8.94 v hash/CA1/_3538_/COUT (sky130_fd_sc_hd__ha_4)
                                         hash/CA1/_1444_ (net)
                  0.05    0.00    8.94 v hash/CA1/_2747_/A2 (sky130_fd_sc_hd__a21oi_1)
     1    0.00    0.13    0.16    9.10 ^ hash/CA1/_2747_/Y (sky130_fd_sc_hd__a21oi_1)
                                         hash/CA1/_0445_ (net)
                  0.13    0.00    9.10 ^ hash/CA1/_2748_/A (sky130_fd_sc_hd__nor2b_1)
     1    0.00    0.04    0.06    9.16 v hash/CA1/_2748_/Y (sky130_fd_sc_hd__nor2b_1)
                                         hash/CA1/_0446_ (net)
                  0.04    0.00    9.16 v hash/CA1/_2749_/A2 (sky130_fd_sc_hd__o21ai_0)
     1    0.00    0.13    0.14    9.30 ^ hash/CA1/_2749_/Y (sky130_fd_sc_hd__o21ai_0)
                                         hash/CA1/_0447_ (net)
                  0.13    0.00    9.30 ^ hash/CA1/_2751_/A1 (sky130_fd_sc_hd__a21boi_0)
     1    0.00    0.08    0.11    9.41 v hash/CA1/_2751_/Y (sky130_fd_sc_hd__a21boi_0)
                                         hash/CA1/_0449_ (net)
                  0.08    0.00    9.41 v hash/CA1/_2752_/A2 (sky130_fd_sc_hd__o21a_1)
     1    0.01    0.07    0.21    9.62 v hash/CA1/_2752_/X (sky130_fd_sc_hd__o21a_1)
                                         hash/CA1/_0450_ (net)
                  0.07    0.00    9.62 v hash/CA1/_2753_/C1 (sky130_fd_sc_hd__a311oi_4)
     3    0.02    0.39    0.35    9.98 ^ hash/CA1/_2753_/Y (sky130_fd_sc_hd__a311oi_4)
                                         hash/CA1/_0451_ (net)
                  0.39    0.00    9.98 ^ hash/CA1/_2775_/A1 (sky130_fd_sc_hd__o21ai_4)
     3    0.03    0.11    0.16   10.14 v hash/CA1/_2775_/Y (sky130_fd_sc_hd__o21ai_4)
                                         hash/CA1/_0469_ (net)
                  0.11    0.00   10.14 v hash/CA1/_2845_/B2 (sky130_fd_sc_hd__a221oi_4)
     2    0.01    0.26    0.32   10.46 ^ hash/CA1/_2845_/Y (sky130_fd_sc_hd__a221oi_4)
                                         hash/CA1/_0529_ (net)
                  0.26    0.00   10.46 ^ hash/CA1/_2855_/S (sky130_fd_sc_hd__mux2i_1)
     1    0.00    0.07    0.12   10.58 v hash/CA1/_2855_/Y (sky130_fd_sc_hd__mux2i_1)
                                         hash/CA1/_0536_ (net)
                  0.07    0.00   10.58 v hash/CA1/_2859_/B1 (sky130_fd_sc_hd__a2111oi_0)
     1    0.00    0.33    0.36   10.94 ^ hash/CA1/_2859_/Y (sky130_fd_sc_hd__a2111oi_0)
                                         hash/p1[31] (net)
                  0.33    0.00   10.94 ^ hash/p1_cap[31]$_DFF_P_/D (sky130_fd_sc_hd__dfxtp_1)
                                 10.94   data arrival time

                         10.00   10.00   clock core_clock (rise edge)
                          0.00   10.00   clock source latency
     2    0.14    0.00    0.00   10.00 ^ clk (in)
                                         clk (net)
                  0.01    0.01   10.01 ^ clkbuf_0_clk/A (sky130_fd_sc_hd__clkbuf_16)
     4    0.19    0.20    0.23   10.24 ^ clkbuf_0_clk/X (sky130_fd_sc_hd__clkbuf_16)
                                         clknet_0_clk (net)
                  0.20    0.01   10.24 ^ clkbuf_2_1_0_clk/A (sky130_fd_sc_hd__clkbuf_16)
     8    0.18    0.19    0.29   10.54 ^ clkbuf_2_1_0_clk/X (sky130_fd_sc_hd__clkbuf_16)
                                         clknet_2_1_0_clk (net)
                  0.19    0.01   10.54 ^ clkbuf_5_14__f_clk/A (sky130_fd_sc_hd__clkbuf_16)
     9    0.15    0.17    0.27   10.81 ^ clkbuf_5_14__f_clk/X (sky130_fd_sc_hd__clkbuf_16)
                                         clknet_5_14__leaf_clk (net)
                  0.17    0.00   10.82 ^ clkbuf_leaf_207_clk/A (sky130_fd_sc_hd__clkbuf_16)
     9    0.03    0.06    0.18   11.00 ^ clkbuf_leaf_207_clk/X (sky130_fd_sc_hd__clkbuf_16)
                                         clknet_leaf_207_clk (net)
                  0.06    0.00   11.00 ^ hash/p1_cap[31]$_DFF_P_/CLK (sky130_fd_sc_hd__dfxtp_1)
                          0.00   11.00   clock reconvergence pessimism
                         -0.12   10.88   library setup time
                                 10.88   data required time
-----------------------------------------------------------------------------
                                 10.88   data required time
                                -10.94   data arrival time
-----------------------------------------------------------------------------
                                 -0.06   slack (VIOLATED)



==========================================================================
global route report_checks -unconstrained
--------------------------------------------------------------------------
Startpoint: hash/p1_cap[0]$_DFF_P_
            (rising edge-triggered flip-flop clocked by core_clock)
Endpoint: hash/p1_cap[31]$_DFF_P_
          (rising edge-triggered flip-flop clocked by core_clock)
Path Group: core_clock
Path Type: max

Fanout     Cap    Slew   Delay    Time   Description
-----------------------------------------------------------------------------
                          0.00    0.00   clock core_clock (rise edge)
                          0.00    0.00   clock source latency
     2    0.14    0.00    0.00    0.00 ^ clk (in)
                                         clk (net)
                  0.01    0.01    0.01 ^ clkbuf_0_clk/A (sky130_fd_sc_hd__clkbuf_16)
     4    0.19    0.20    0.23    0.24 ^ clkbuf_0_clk/X (sky130_fd_sc_hd__clkbuf_16)
                                         clknet_0_clk (net)
                  0.20    0.01    0.24 ^ clkbuf_2_1_0_clk/A (sky130_fd_sc_hd__clkbuf_16)
     8    0.18    0.19    0.29    0.54 ^ clkbuf_2_1_0_clk/X (sky130_fd_sc_hd__clkbuf_16)
                                         clknet_2_1_0_clk (net)
                  0.19    0.01    0.54 ^ clkbuf_5_11__f_clk/A (sky130_fd_sc_hd__clkbuf_16)
    10    0.16    0.17    0.27    0.81 ^ clkbuf_5_11__f_clk/X (sky130_fd_sc_hd__clkbuf_16)
                                         clknet_5_11__leaf_clk (net)
                  0.17    0.00    0.82 ^ clkbuf_leaf_223_clk/A (sky130_fd_sc_hd__clkbuf_16)
     7    0.04    0.06    0.19    1.00 ^ clkbuf_leaf_223_clk/X (sky130_fd_sc_hd__clkbuf_16)
                                         clknet_leaf_223_clk (net)
                  0.06    0.00    1.01 ^ hash/p1_cap[0]$_DFF_P_/CLK (sky130_fd_sc_hd__dfxtp_1)
     1    0.01    0.08    0.34    1.34 ^ hash/p1_cap[0]$_DFF_P_/Q (sky130_fd_sc_hd__dfxtp_1)
                                         hash/p1_cap[0] (net)
                  0.08    0.00    1.34 ^ hash/CA2/_2211_/A (sky130_fd_sc_hd__ha_2)
     3    0.01    0.09    0.21    1.56 ^ hash/CA2/_2211_/COUT (sky130_fd_sc_hd__ha_2)
                                         hash/CA2/_0871_ (net)
                  0.09    0.00    1.56 ^ hash/CA2/_1701_/A (sky130_fd_sc_hd__inv_1)
     1    0.01    0.05    0.07    1.63 v hash/CA2/_1701_/Y (sky130_fd_sc_hd__inv_1)
                                         hash/CA2/_0612_ (net)
                  0.05    0.00    1.63 v hash/CA2/_2146_/CIN (sky130_fd_sc_hd__fa_1)
     2    0.02    0.16    0.49    2.11 v hash/CA2/_2146_/COUT (sky130_fd_sc_hd__fa_1)
                                         hash/CA2/_0613_ (net)
                  0.16    0.00    2.11 v hash/CA2/_1439_/A (sky130_fd_sc_hd__nor2b_1)
     1    0.01    0.18    0.22    2.33 ^ hash/CA2/_1439_/Y (sky130_fd_sc_hd__nor2b_1)
                                         hash/CA2/_0052_ (net)
                  0.18    0.00    2.33 ^ hash/CA2/_1440_/A2 (sky130_fd_sc_hd__o21a_4)
     2    0.01    0.06    0.16    2.49 ^ hash/CA2/_1440_/X (sky130_fd_sc_hd__o21a_4)
                                         hash/CA2/_0053_ (net)
                  0.06    0.00    2.50 ^ hash/CA2/_1445_/A2 (sky130_fd_sc_hd__o21ai_2)
     3    0.01    0.07    0.08    2.58 v hash/CA2/_1445_/Y (sky130_fd_sc_hd__o21ai_2)
                                         hash/CA2/_0056_ (net)
                  0.07    0.00    2.58 v hash/CA2/_1466_/A1 (sky130_fd_sc_hd__a21o_4)
     4    0.03    0.07    0.25    2.83 v hash/CA2/_1466_/X (sky130_fd_sc_hd__a21o_4)
                                         hash/CA2/_0073_ (net)
                  0.07    0.00    2.83 v hash/CA2/_1591_/A1 (sky130_fd_sc_hd__a211oi_4)
     2    0.02    0.28    0.30    3.13 ^ hash/CA2/_1591_/Y (sky130_fd_sc_hd__a211oi_4)
                                         hash/CA2/_0173_ (net)
                  0.28    0.00    3.13 ^ hash/CA2/_1610_/A (sky130_fd_sc_hd__nor2_2)
     1    0.01    0.08    0.10    3.23 v hash/CA2/_1610_/Y (sky130_fd_sc_hd__nor2_2)
                                         hash/CA2/_0188_ (net)
                  0.08    0.00    3.24 v hash/CA2/_1615_/A1 (sky130_fd_sc_hd__a21oi_4)
     3    0.03    0.22    0.23    3.46 ^ hash/CA2/_1615_/Y (sky130_fd_sc_hd__a21oi_4)
                                         hash/CA2/_0193_ (net)
                  0.22    0.00    3.46 ^ hash/CA2/_1793_/A1 (sky130_fd_sc_hd__a211oi_2)
     1    0.01    0.09    0.12    3.59 v hash/CA2/_1793_/Y (sky130_fd_sc_hd__a211oi_2)
                                         hash/CA2/_0238_ (net)
                  0.09    0.00    3.59 v hash/CA2/_1794_/B (sky130_fd_sc_hd__xnor2_1)
     5    0.04    0.83    0.67    4.26 ^ hash/CA2/_1794_/Y (sky130_fd_sc_hd__xnor2_1)
                                         hash/b_new[30] (net)
                  0.83    0.00    4.26 ^ hash/CA2/S0/_30_/C (sky130_fd_sc_hd__xor3_1)
     1    0.01    0.13    0.33    4.59 ^ hash/CA2/S0/_30_/X (sky130_fd_sc_hd__xor3_1)
                                         hash/CA2/s0[8] (net)
                  0.13    0.00    4.59 ^ hash/CA2/_1679_/A (sky130_fd_sc_hd__clkinv_1)
     1    0.01    0.11    0.15    4.73 v hash/CA2/_1679_/Y (sky130_fd_sc_hd__clkinv_1)
                                         hash/CA2/_0679_ (net)
                  0.11    0.00    4.73 v hash/CA2/_2163_/B (sky130_fd_sc_hd__fa_1)
     1    0.02    0.13    0.49    5.22 v hash/CA2/_2163_/COUT (sky130_fd_sc_hd__fa_1)
                                         hash/CA2/_0681_ (net)
                  0.13    0.00    5.23 v hash/CA2/_2166_/A (sky130_fd_sc_hd__fa_1)
     1    0.00    0.06    0.56    5.78 ^ hash/CA2/_2166_/SUM (sky130_fd_sc_hd__fa_1)
                                         hash/CA2/_0695_ (net)
                  0.06    0.00    5.78 ^ hash/CA2/_1765_/A (sky130_fd_sc_hd__inv_1)
     1    0.01    0.06    0.07    5.85 v hash/CA2/_1765_/Y (sky130_fd_sc_hd__inv_1)
                                         hash/CA2/_1124_ (net)
                  0.06    0.00    5.85 v hash/CA2/_2310_/B (sky130_fd_sc_hd__ha_4)
     4    0.02    0.04    0.18    6.03 v hash/CA2/_2310_/COUT (sky130_fd_sc_hd__ha_4)
                                         hash/CA2/_1125_ (net)
                  0.04    0.00    6.03 v hash/CA2/_1842_/A2 (sky130_fd_sc_hd__a21oi_1)
     2    0.01    0.29    0.27    6.30 ^ hash/CA2/_1842_/Y (sky130_fd_sc_hd__a21oi_1)
                                         hash/CA2/_0278_ (net)
                  0.29    0.00    6.30 ^ hash/CA2/_1858_/A3 (sky130_fd_sc_hd__o311ai_1)
     2    0.01    0.15    0.17    6.47 v hash/CA2/_1858_/Y (sky130_fd_sc_hd__o311ai_1)
                                         hash/CA2/_0292_ (net)
                  0.15    0.00    6.48 v hash/CA2/_1897_/B (sky130_fd_sc_hd__nor4_1)
     1    0.00    0.21    0.28    6.75 ^ hash/CA2/_1897_/Y (sky130_fd_sc_hd__nor4_1)
                                         hash/CA2/_0325_ (net)
                  0.21    0.00    6.75 ^ hash/CA2/_1898_/B1_N (sky130_fd_sc_hd__a21boi_1)
     2    0.01    0.21    0.26    7.02 ^ hash/CA2/_1898_/Y (sky130_fd_sc_hd__a21boi_1)
                                         hash/CA2/_0326_ (net)
                  0.21    0.00    7.02 ^ hash/CA2/_1916_/A1 (sky130_fd_sc_hd__o211a_1)
     2    0.01    0.12    0.24    7.26 ^ hash/CA2/_1916_/X (sky130_fd_sc_hd__o211a_1)
                                         hash/CA2/_0340_ (net)
                  0.12    0.00    7.26 ^ hash/CA2/_1953_/A1 (sky130_fd_sc_hd__o31ai_2)
     1    0.02    0.12    0.13    7.40 v hash/CA2/_1953_/Y (sky130_fd_sc_hd__o31ai_2)
                                         hash/CA2/_0373_ (net)
                  0.12    0.00    7.40 v hash/CA2/_1954_/A2 (sky130_fd_sc_hd__a21oi_1)
     1    0.01    0.18    0.23    7.62 ^ hash/CA2/_1954_/Y (sky130_fd_sc_hd__a21oi_1)
                                         hash/CA2/_0374_ (net)
                  0.19    0.00    7.62 ^ hash/CA2/_1955_/C (sky130_fd_sc_hd__xnor3_1)
     1    0.01    0.11    0.29    7.92 v hash/CA2/_1955_/X (sky130_fd_sc_hd__xnor3_1)
                                         hash/CA2/_0375_ (net)
                  0.11    0.00    7.92 v hash/CA2/_1965_/A (sky130_fd_sc_hd__xor2_2)
     2    0.02    0.10    0.23    8.14 v hash/CA2/_1965_/X (sky130_fd_sc_hd__xor2_2)
                                         hash/a_new[31] (net)
                  0.10    0.00    8.14 v hash/_2122_/A0 (sky130_fd_sc_hd__mux2_8)
     5    0.03    0.08    0.35    8.49 v hash/_2122_/X (sky130_fd_sc_hd__mux2_8)
                                         hash/a[31] (net)
                  0.08    0.00    8.50 v hash/CA1/S0/_31_/C (sky130_fd_sc_hd__xor3_1)
     1    0.01    0.11    0.24    8.74 v hash/CA1/S0/_31_/X (sky130_fd_sc_hd__xor3_1)
                                         hash/CA1/s0[9] (net)
                  0.11    0.00    8.74 v hash/CA1/_3538_/A (sky130_fd_sc_hd__ha_4)
     4    0.02    0.05    0.20    8.94 v hash/CA1/_3538_/COUT (sky130_fd_sc_hd__ha_4)
                                         hash/CA1/_1444_ (net)
                  0.05    0.00    8.94 v hash/CA1/_2747_/A2 (sky130_fd_sc_hd__a21oi_1)
     1    0.00    0.13    0.16    9.10 ^ hash/CA1/_2747_/Y (sky130_fd_sc_hd__a21oi_1)
                                         hash/CA1/_0445_ (net)
                  0.13    0.00    9.10 ^ hash/CA1/_2748_/A (sky130_fd_sc_hd__nor2b_1)
     1    0.00    0.04    0.06    9.16 v hash/CA1/_2748_/Y (sky130_fd_sc_hd__nor2b_1)
                                         hash/CA1/_0446_ (net)
                  0.04    0.00    9.16 v hash/CA1/_2749_/A2 (sky130_fd_sc_hd__o21ai_0)
     1    0.00    0.13    0.14    9.30 ^ hash/CA1/_2749_/Y (sky130_fd_sc_hd__o21ai_0)
                                         hash/CA1/_0447_ (net)
                  0.13    0.00    9.30 ^ hash/CA1/_2751_/A1 (sky130_fd_sc_hd__a21boi_0)
     1    0.00    0.08    0.11    9.41 v hash/CA1/_2751_/Y (sky130_fd_sc_hd__a21boi_0)
                                         hash/CA1/_0449_ (net)
                  0.08    0.00    9.41 v hash/CA1/_2752_/A2 (sky130_fd_sc_hd__o21a_1)
     1    0.01    0.07    0.21    9.62 v hash/CA1/_2752_/X (sky130_fd_sc_hd__o21a_1)
                                         hash/CA1/_0450_ (net)
                  0.07    0.00    9.62 v hash/CA1/_2753_/C1 (sky130_fd_sc_hd__a311oi_4)
     3    0.02    0.39    0.35    9.98 ^ hash/CA1/_2753_/Y (sky130_fd_sc_hd__a311oi_4)
                                         hash/CA1/_0451_ (net)
                  0.39    0.00    9.98 ^ hash/CA1/_2775_/A1 (sky130_fd_sc_hd__o21ai_4)
     3    0.03    0.11    0.16   10.14 v hash/CA1/_2775_/Y (sky130_fd_sc_hd__o21ai_4)
                                         hash/CA1/_0469_ (net)
                  0.11    0.00   10.14 v hash/CA1/_2845_/B2 (sky130_fd_sc_hd__a221oi_4)
     2    0.01    0.26    0.32   10.46 ^ hash/CA1/_2845_/Y (sky130_fd_sc_hd__a221oi_4)
                                         hash/CA1/_0529_ (net)
                  0.26    0.00   10.46 ^ hash/CA1/_2855_/S (sky130_fd_sc_hd__mux2i_1)
     1    0.00    0.07    0.12   10.58 v hash/CA1/_2855_/Y (sky130_fd_sc_hd__mux2i_1)
                                         hash/CA1/_0536_ (net)
                  0.07    0.00   10.58 v hash/CA1/_2859_/B1 (sky130_fd_sc_hd__a2111oi_0)
     1    0.00    0.33    0.36   10.94 ^ hash/CA1/_2859_/Y (sky130_fd_sc_hd__a2111oi_0)
                                         hash/p1[31] (net)
                  0.33    0.00   10.94 ^ hash/p1_cap[31]$_DFF_P_/D (sky130_fd_sc_hd__dfxtp_1)
                                 10.94   data arrival time

                         10.00   10.00   clock core_clock (rise edge)
                          0.00   10.00   clock source latency
     2    0.14    0.00    0.00   10.00 ^ clk (in)
                                         clk (net)
                  0.01    0.01   10.01 ^ clkbuf_0_clk/A (sky130_fd_sc_hd__clkbuf_16)
     4    0.19    0.20    0.23   10.24 ^ clkbuf_0_clk/X (sky130_fd_sc_hd__clkbuf_16)
                                         clknet_0_clk (net)
                  0.20    0.01   10.24 ^ clkbuf_2_1_0_clk/A (sky130_fd_sc_hd__clkbuf_16)
     8    0.18    0.19    0.29   10.54 ^ clkbuf_2_1_0_clk/X (sky130_fd_sc_hd__clkbuf_16)
                                         clknet_2_1_0_clk (net)
                  0.19    0.01   10.54 ^ clkbuf_5_14__f_clk/A (sky130_fd_sc_hd__clkbuf_16)
     9    0.15    0.17    0.27   10.81 ^ clkbuf_5_14__f_clk/X (sky130_fd_sc_hd__clkbuf_16)
                                         clknet_5_14__leaf_clk (net)
                  0.17    0.00   10.82 ^ clkbuf_leaf_207_clk/A (sky130_fd_sc_hd__clkbuf_16)
     9    0.03    0.06    0.18   11.00 ^ clkbuf_leaf_207_clk/X (sky130_fd_sc_hd__clkbuf_16)
                                         clknet_leaf_207_clk (net)
                  0.06    0.00   11.00 ^ hash/p1_cap[31]$_DFF_P_/CLK (sky130_fd_sc_hd__dfxtp_1)
                          0.00   11.00   clock reconvergence pessimism
                         -0.12   10.88   library setup time
                                 10.88   data required time
-----------------------------------------------------------------------------
                                 10.88   data required time
                                -10.94   data arrival time
-----------------------------------------------------------------------------
                                 -0.06   slack (VIOLATED)



==========================================================================
global route report_check_types -max_slew -max_cap -max_fanout -violators
--------------------------------------------------------------------------
max slew

Pin                                    Limit    Slew   Slack
------------------------------------------------------------
hash/h6_out[18]$_DFFE_PP_/DE            1.50    6.35   -4.85 (VIOLATED)
hash/h6_out[16]$_DFFE_PP_/DE            1.50    6.35   -4.85 (VIOLATED)
hash/h6_out[2]$_DFFE_PP_/DE             1.50    6.35   -4.85 (VIOLATED)
hash/h6_out[3]$_DFFE_PP_/DE             1.50    6.35   -4.85 (VIOLATED)
hash/h6_out[4]$_DFFE_PP_/DE             1.50    6.35   -4.85 (VIOLATED)
hash/h5_out[4]$_DFFE_PP_/DE             1.50    6.34   -4.84 (VIOLATED)
hash/h5_out[5]$_DFFE_PP_/DE             1.50    6.34   -4.84 (VIOLATED)
hash/h6_out[5]$_DFFE_PP_/DE             1.50    6.34   -4.84 (VIOLATED)
hash/h5_out[17]$_DFFE_PP_/DE            1.50    6.34   -4.84 (VIOLATED)
hash/h5_out[11]$_DFFE_PP_/DE            1.50    6.34   -4.84 (VIOLATED)
hash/h5_out[8]$_DFFE_PP_/DE             1.50    6.34   -4.84 (VIOLATED)
hash/h5_out[10]$_DFFE_PP_/DE            1.50    6.34   -4.84 (VIOLATED)
hash/h5_out[7]$_DFFE_PP_/DE             1.50    6.34   -4.84 (VIOLATED)
hash/h6_out[12]$_DFFE_PP_/DE            1.50    6.34   -4.84 (VIOLATED)
hash/h6_out[8]$_DFFE_PP_/DE             1.50    6.34   -4.84 (VIOLATED)
hash/h6_out[15]$_DFFE_PP_/DE            1.50    6.34   -4.84 (VIOLATED)
hash/h6_out[6]$_DFFE_PP_/DE             1.50    6.34   -4.84 (VIOLATED)
hash/h6_out[7]$_DFFE_PP_/DE             1.50    6.34   -4.84 (VIOLATED)
hash/h5_out[6]$_DFFE_PP_/DE             1.50    6.34   -4.84 (VIOLATED)
hash/h6_out[14]$_DFFE_PP_/DE            1.50    6.34   -4.84 (VIOLATED)
hash/h6_out[13]$_DFFE_PP_/DE            1.50    6.34   -4.84 (VIOLATED)
hash/h6_out[9]$_DFFE_PP_/DE             1.50    6.34   -4.84 (VIOLATED)
hash/h5_out[14]$_DFFE_PP_/DE            1.50    6.34   -4.84 (VIOLATED)
hash/h6_out[10]$_DFFE_PP_/DE            1.50    6.34   -4.84 (VIOLATED)
hash/h6_out[11]$_DFFE_PP_/DE            1.50    6.34   -4.84 (VIOLATED)
hash/h5_out[18]$_DFFE_PP_/DE            1.50    6.34   -4.84 (VIOLATED)
hash/h6_out[20]$_DFFE_PP_/DE            1.50    6.34   -4.84 (VIOLATED)
hash/h6_out[21]$_DFFE_PP_/DE            1.50    6.34   -4.84 (VIOLATED)
hash/h6_out[30]$_DFFE_PP_/DE            1.50    6.34   -4.84 (VIOLATED)
hash/h6_out[27]$_DFFE_PP_/DE            1.50    6.34   -4.84 (VIOLATED)
hash/h4_out[27]$_DFFE_PP_/DE            1.50    6.34   -4.84 (VIOLATED)
hash/h4_out[28]$_DFFE_PP_/DE            1.50    6.34   -4.84 (VIOLATED)
hash/h5_out[3]$_DFFE_PP_/DE             1.50    6.34   -4.84 (VIOLATED)
hash/h4_out[31]$_DFFE_PP_/DE            1.50    6.34   -4.84 (VIOLATED)
hash/h4_out[30]$_DFFE_PP_/DE            1.50    6.34   -4.84 (VIOLATED)
hash/h4_out[29]$_DFFE_PP_/DE            1.50    6.34   -4.84 (VIOLATED)
hash/h6_out[31]$_DFFE_PP_/DE            1.50    6.34   -4.84 (VIOLATED)
hash/h5_out[16]$_DFFE_PP_/DE            1.50    6.34   -4.84 (VIOLATED)
hash/h5_out[9]$_DFFE_PP_/DE             1.50    6.34   -4.84 (VIOLATED)
hash/h5_out[12]$_DFFE_PP_/DE            1.50    6.34   -4.84 (VIOLATED)
hash/h5_out[15]$_DFFE_PP_/DE            1.50    6.34   -4.84 (VIOLATED)
hash/h6_out[29]$_DFFE_PP_/DE            1.50    6.34   -4.84 (VIOLATED)
hash/h5_out[13]$_DFFE_PP_/DE            1.50    6.34   -4.84 (VIOLATED)
hash/h4_out[26]$_DFFE_PP_/DE            1.50    6.34   -4.84 (VIOLATED)
hash/h6_out[19]$_DFFE_PP_/DE            1.50    6.34   -4.84 (VIOLATED)
hash/h6_out[17]$_DFFE_PP_/DE            1.50    6.34   -4.84 (VIOLATED)
hash/h5_out[23]$_DFFE_PP_/DE            1.50    6.34   -4.84 (VIOLATED)
hash/h5_out[24]$_DFFE_PP_/DE            1.50    6.34   -4.84 (VIOLATED)
hash/h5_out[20]$_DFFE_PP_/DE            1.50    6.34   -4.84 (VIOLATED)
hash/h5_out[19]$_DFFE_PP_/DE            1.50    6.34   -4.84 (VIOLATED)
hash/h6_out[22]$_DFFE_PP_/DE            1.50    6.34   -4.84 (VIOLATED)
hash/h4_out[24]$_DFFE_PP_/DE            1.50    6.34   -4.84 (VIOLATED)
hash/h6_out[23]$_DFFE_PP_/DE            1.50    6.34   -4.84 (VIOLATED)
hash/h6_out[26]$_DFFE_PP_/DE            1.50    6.34   -4.84 (VIOLATED)
hash/h5_out[21]$_DFFE_PP_/DE            1.50    6.34   -4.84 (VIOLATED)
hash/h4_out[16]$_DFFE_PP_/DE            1.50    6.34   -4.84 (VIOLATED)
hash/h4_out[18]$_DFFE_PP_/DE            1.50    6.34   -4.84 (VIOLATED)
hash/h4_out[23]$_DFFE_PP_/DE            1.50    6.34   -4.84 (VIOLATED)
hash/h4_out[22]$_DFFE_PP_/DE            1.50    6.34   -4.84 (VIOLATED)
hash/h4_out[25]$_DFFE_PP_/DE            1.50    6.34   -4.84 (VIOLATED)
hash/h6_out[28]$_DFFE_PP_/DE            1.50    6.34   -4.84 (VIOLATED)
hash/h4_out[21]$_DFFE_PP_/DE            1.50    6.34   -4.84 (VIOLATED)
hash/h6_out[24]$_DFFE_PP_/DE            1.50    6.34   -4.84 (VIOLATED)
hash/h5_out[22]$_DFFE_PP_/DE            1.50    6.34   -4.84 (VIOLATED)
hash/h6_out[25]$_DFFE_PP_/DE            1.50    6.34   -4.84 (VIOLATED)
hash/h4_out[20]$_DFFE_PP_/DE            1.50    6.34   -4.84 (VIOLATED)
hash/h5_out[30]$_DFFE_PP_/DE            1.50    6.34   -4.84 (VIOLATED)
hash/h4_out[19]$_DFFE_PP_/DE            1.50    6.34   -4.84 (VIOLATED)
hash/h5_out[25]$_DFFE_PP_/DE            1.50    6.34   -4.84 (VIOLATED)
hash/h5_out[26]$_DFFE_PP_/DE            1.50    6.34   -4.84 (VIOLATED)
hash/h5_out[29]$_DFFE_PP_/DE            1.50    6.34   -4.84 (VIOLATED)
hash/h5_out[27]$_DFFE_PP_/DE            1.50    6.34   -4.84 (VIOLATED)
hash/h5_out[28]$_DFFE_PP_/DE            1.50    6.34   -4.84 (VIOLATED)
hash/h4_out[11]$_DFFE_PP_/DE            1.50    6.34   -4.84 (VIOLATED)
hash/h4_out[12]$_DFFE_PP_/DE            1.50    6.34   -4.84 (VIOLATED)
hash/h4_out[15]$_DFFE_PP_/DE            1.50    6.34   -4.84 (VIOLATED)
hash/h4_out[14]$_DFFE_PP_/DE            1.50    6.34   -4.84 (VIOLATED)
hash/h4_out[3]$_DFFE_PP_/DE             1.50    6.34   -4.84 (VIOLATED)
hash/h4_out[13]$_DFFE_PP_/DE            1.50    6.34   -4.84 (VIOLATED)
hash/h4_out[17]$_DFFE_PP_/DE            1.50    6.34   -4.84 (VIOLATED)
hash/h4_out[4]$_DFFE_PP_/DE             1.50    6.34   -4.84 (VIOLATED)
hash/h4_out[9]$_DFFE_PP_/DE             1.50    6.34   -4.84 (VIOLATED)
hash/h4_out[7]$_DFFE_PP_/DE             1.50    6.34   -4.84 (VIOLATED)
hash/h4_out[8]$_DFFE_PP_/DE             1.50    6.34   -4.84 (VIOLATED)
hash/h2_out[31]$_DFFE_PP_/DE            1.50    6.34   -4.84 (VIOLATED)
hash/h4_out[6]$_DFFE_PP_/DE             1.50    6.34   -4.84 (VIOLATED)
hash/h4_out[5]$_DFFE_PP_/DE             1.50    6.34   -4.84 (VIOLATED)
hash/h6_out[0]$_DFFE_PP_/DE             1.50    6.34   -4.84 (VIOLATED)
hash/h4_out[0]$_DFFE_PP_/DE             1.50    6.34   -4.84 (VIOLATED)
hash/h4_out[2]$_DFFE_PP_/DE             1.50    6.34   -4.84 (VIOLATED)
hash/h6_out[1]$_DFFE_PP_/DE             1.50    6.34   -4.84 (VIOLATED)
hash/h4_out[1]$_DFFE_PP_/DE             1.50    6.34   -4.84 (VIOLATED)
hash/h2_out[21]$_DFFE_PP_/DE            1.50    6.33   -4.83 (VIOLATED)
hash/h2_out[26]$_DFFE_PP_/DE            1.50    6.33   -4.83 (VIOLATED)
hash/h2_out[27]$_DFFE_PP_/DE            1.50    6.33   -4.83 (VIOLATED)
hash/h3_out[3]$_DFFE_PP_/DE             1.50    6.33   -4.83 (VIOLATED)
hash/h4_out[10]$_DFFE_PP_/DE            1.50    6.33   -4.83 (VIOLATED)
hash/h2_out[20]$_DFFE_PP_/DE            1.50    6.33   -4.83 (VIOLATED)
hash/h2_out[29]$_DFFE_PP_/DE            1.50    6.33   -4.83 (VIOLATED)
hash/h3_out[0]$_DFFE_PP_/DE             1.50    6.33   -4.83 (VIOLATED)
hash/h5_out[31]$_DFFE_PP_/DE            1.50    6.33   -4.83 (VIOLATED)
hash/h2_out[28]$_DFFE_PP_/DE            1.50    6.33   -4.83 (VIOLATED)
hash/h3_out[2]$_DFFE_PP_/DE             1.50    6.33   -4.83 (VIOLATED)
hash/h3_out[5]$_DFFE_PP_/DE             1.50    6.33   -4.83 (VIOLATED)
hash/h3_out[1]$_DFFE_PP_/DE             1.50    6.33   -4.83 (VIOLATED)
hash/h3_out[9]$_DFFE_PP_/DE             1.50    6.33   -4.83 (VIOLATED)
hash/h3_out[4]$_DFFE_PP_/DE             1.50    6.33   -4.83 (VIOLATED)
hash/h2_out[30]$_DFFE_PP_/DE            1.50    6.33   -4.83 (VIOLATED)
hash/h3_out[6]$_DFFE_PP_/DE             1.50    6.33   -4.83 (VIOLATED)
hash/h3_out[7]$_DFFE_PP_/DE             1.50    6.33   -4.83 (VIOLATED)
hash/h2_out[24]$_DFFE_PP_/DE            1.50    6.33   -4.83 (VIOLATED)
hash/h2_out[25]$_DFFE_PP_/DE            1.50    6.33   -4.83 (VIOLATED)
hash/h3_out[8]$_DFFE_PP_/DE             1.50    6.33   -4.83 (VIOLATED)
hash/h2_out[22]$_DFFE_PP_/DE            1.50    6.33   -4.83 (VIOLATED)
hash/h2_out[23]$_DFFE_PP_/DE            1.50    6.33   -4.83 (VIOLATED)
hash/h2_out[18]$_DFFE_PP_/DE            1.50    6.33   -4.83 (VIOLATED)
hash/h3_out[10]$_DFFE_PP_/DE            1.50    6.33   -4.83 (VIOLATED)
hash/h1_out[2]$_DFFE_PP_/DE             1.50    6.33   -4.83 (VIOLATED)
hash/h3_out[12]$_DFFE_PP_/DE            1.50    6.33   -4.83 (VIOLATED)
hash/h3_out[13]$_DFFE_PP_/DE            1.50    6.33   -4.83 (VIOLATED)
hash/h1_out[0]$_DFFE_PP_/DE             1.50    6.33   -4.83 (VIOLATED)
hash/h1_out[1]$_DFFE_PP_/DE             1.50    6.33   -4.83 (VIOLATED)
hash/h3_out[16]$_DFFE_PP_/DE            1.50    6.33   -4.83 (VIOLATED)
hash/h0_out[1]$_DFFE_PP_/DE             1.50    6.33   -4.83 (VIOLATED)
hash/h0_out[5]$_DFFE_PP_/DE             1.50    6.33   -4.83 (VIOLATED)
hash/h3_out[17]$_DFFE_PP_/DE            1.50    6.33   -4.83 (VIOLATED)
hash/h0_out[3]$_DFFE_PP_/DE             1.50    6.33   -4.83 (VIOLATED)
hash/h0_out[4]$_DFFE_PP_/DE             1.50    6.33   -4.83 (VIOLATED)
hash/h3_out[14]$_DFFE_PP_/DE            1.50    6.33   -4.83 (VIOLATED)
hash/h2_out[14]$_DFFE_PP_/DE            1.50    6.33   -4.83 (VIOLATED)
hash/h2_out[19]$_DFFE_PP_/DE            1.50    6.33   -4.83 (VIOLATED)
hash/h0_out[0]$_DFFE_PP_/DE             1.50    6.33   -4.83 (VIOLATED)
hash/h3_out[15]$_DFFE_PP_/DE            1.50    6.33   -4.83 (VIOLATED)
hash/h1_out[4]$_DFFE_PP_/DE             1.50    6.33   -4.83 (VIOLATED)
hash/h2_out[17]$_DFFE_PP_/DE            1.50    6.33   -4.83 (VIOLATED)
hash/h3_out[20]$_DFFE_PP_/DE            1.50    6.33   -4.83 (VIOLATED)
hash/h1_out[5]$_DFFE_PP_/DE             1.50    6.33   -4.83 (VIOLATED)
hash/h1_out[3]$_DFFE_PP_/DE             1.50    6.33   -4.83 (VIOLATED)
hash/h2_out[16]$_DFFE_PP_/DE            1.50    6.33   -4.83 (VIOLATED)
hash/h1_out[9]$_DFFE_PP_/DE             1.50    6.33   -4.83 (VIOLATED)
hash/h1_out[6]$_DFFE_PP_/DE             1.50    6.33   -4.83 (VIOLATED)
hash/h1_out[8]$_DFFE_PP_/DE             1.50    6.33   -4.83 (VIOLATED)
hash/h1_out[7]$_DFFE_PP_/DE             1.50    6.33   -4.83 (VIOLATED)
hash/h3_out[19]$_DFFE_PP_/DE            1.50    6.33   -4.83 (VIOLATED)
hash/h2_out[13]$_DFFE_PP_/DE            1.50    6.33   -4.83 (VIOLATED)
hash/h3_out[22]$_DFFE_PP_/DE            1.50    6.33   -4.83 (VIOLATED)
hash/h0_out[10]$_DFFE_PP_/DE            1.50    6.33   -4.83 (VIOLATED)
hash/h0_out[12]$_DFFE_PP_/DE            1.50    6.33   -4.83 (VIOLATED)
hash/h3_out[25]$_DFFE_PP_/DE            1.50    6.33   -4.83 (VIOLATED)
hash/h0_out[13]$_DFFE_PP_/DE            1.50    6.33   -4.83 (VIOLATED)
hash/h0_out[6]$_DFFE_PP_/DE             1.50    6.33   -4.83 (VIOLATED)
hash/h0_out[7]$_DFFE_PP_/DE             1.50    6.33   -4.83 (VIOLATED)
hash/h0_out[8]$_DFFE_PP_/DE             1.50    6.33   -4.83 (VIOLATED)
hash/h0_out[9]$_DFFE_PP_/DE             1.50    6.33   -4.83 (VIOLATED)
hash/h0_out[14]$_DFFE_PP_/DE            1.50    6.33   -4.83 (VIOLATED)
hash/h0_out[16]$_DFFE_PP_/DE            1.50    6.33   -4.83 (VIOLATED)
hash/h2_out[12]$_DFFE_PP_/DE            1.50    6.33   -4.83 (VIOLATED)
hash/h2_out[15]$_DFFE_PP_/DE            1.50    6.33   -4.83 (VIOLATED)
hash/h0_out[11]$_DFFE_PP_/DE            1.50    6.33   -4.83 (VIOLATED)
hash/h0_out[15]$_DFFE_PP_/DE            1.50    6.33   -4.83 (VIOLATED)
hash/h0_out[2]$_DFFE_PP_/DE             1.50    6.33   -4.83 (VIOLATED)
hash/h0_out[17]$_DFFE_PP_/DE            1.50    6.33   -4.83 (VIOLATED)
hash/h0_out[18]$_DFFE_PP_/DE            1.50    6.33   -4.83 (VIOLATED)
hash/h0_out[19]$_DFFE_PP_/DE            1.50    6.33   -4.83 (VIOLATED)
hash/h3_out[24]$_DFFE_PP_/DE            1.50    6.33   -4.83 (VIOLATED)
hash/h3_out[26]$_DFFE_PP_/DE            1.50    6.33   -4.83 (VIOLATED)
hash/h0_out[20]$_DFFE_PP_/DE            1.50    6.33   -4.83 (VIOLATED)
hash/h0_out[21]$_DFFE_PP_/DE            1.50    6.33   -4.83 (VIOLATED)
hash/h2_out[11]$_DFFE_PP_/DE            1.50    6.33   -4.83 (VIOLATED)
hash/h3_out[11]$_DFFE_PP_/DE            1.50    6.33   -4.83 (VIOLATED)
hash/h0_out[22]$_DFFE_PP_/DE            1.50    6.33   -4.83 (VIOLATED)
hash/h0_out[23]$_DFFE_PP_/DE            1.50    6.33   -4.83 (VIOLATED)
hash/h0_out[31]$_DFFE_PP_/DE            1.50    6.33   -4.83 (VIOLATED)
hash/h0_out[24]$_DFFE_PP_/DE            1.50    6.33   -4.83 (VIOLATED)
hash/h0_out[25]$_DFFE_PP_/DE            1.50    6.33   -4.83 (VIOLATED)
hash/h0_out[27]$_DFFE_PP_/DE            1.50    6.33   -4.83 (VIOLATED)
hash/h3_out[18]$_DFFE_PP_/DE            1.50    6.33   -4.83 (VIOLATED)
hash/h1_out[10]$_DFFE_PP_/DE            1.50    6.33   -4.83 (VIOLATED)
hash/h2_out[9]$_DFFE_PP_/DE             1.50    6.33   -4.83 (VIOLATED)
hash/h0_out[26]$_DFFE_PP_/DE            1.50    6.33   -4.83 (VIOLATED)
hash/h0_out[29]$_DFFE_PP_/DE            1.50    6.33   -4.83 (VIOLATED)
hash/h3_out[21]$_DFFE_PP_/DE            1.50    6.33   -4.83 (VIOLATED)
hash/h0_out[28]$_DFFE_PP_/DE            1.50    6.33   -4.83 (VIOLATED)
hash/h3_out[23]$_DFFE_PP_/DE            1.50    6.33   -4.83 (VIOLATED)
hash/h0_out[30]$_DFFE_PP_/DE            1.50    6.33   -4.83 (VIOLATED)
hash/h1_out[11]$_DFFE_PP_/DE            1.50    6.33   -4.83 (VIOLATED)
hash/h2_out[10]$_DFFE_PP_/DE            1.50    6.33   -4.83 (VIOLATED)
hash/h2_out[8]$_DFFE_PP_/DE             1.50    6.33   -4.83 (VIOLATED)
_13243_/Y                               1.50    6.33   -4.83 (VIOLATED)
hash/h3_out[29]$_DFFE_PP_/DE            1.50    6.33   -4.83 (VIOLATED)
hash/h3_out[30]$_DFFE_PP_/DE            1.50    6.33   -4.83 (VIOLATED)
hash/h3_out[28]$_DFFE_PP_/DE            1.50    6.33   -4.83 (VIOLATED)
hash/h1_out[13]$_DFFE_PP_/DE            1.50    6.33   -4.83 (VIOLATED)
hash/h3_out[31]$_DFFE_PP_/DE            1.50    6.33   -4.83 (VIOLATED)
hash/h2_out[6]$_DFFE_PP_/DE             1.50    6.33   -4.83 (VIOLATED)
hash/h3_out[27]$_DFFE_PP_/DE            1.50    6.33   -4.83 (VIOLATED)
hash/h1_out[14]$_DFFE_PP_/DE            1.50    6.33   -4.83 (VIOLATED)
hash/h2_out[7]$_DFFE_PP_/DE             1.50    6.33   -4.83 (VIOLATED)
hash/h1_out[12]$_DFFE_PP_/DE            1.50    6.33   -4.83 (VIOLATED)
hash/h1_out[15]$_DFFE_PP_/DE            1.50    6.33   -4.83 (VIOLATED)
hash/h2_out[5]$_DFFE_PP_/DE             1.50    6.33   -4.83 (VIOLATED)
hash/h5_out[2]$_DFFE_PP_/DE             1.50    6.33   -4.83 (VIOLATED)
hash/h1_out[18]$_DFFE_PP_/DE            1.50    6.33   -4.83 (VIOLATED)
hash/h2_out[3]$_DFFE_PP_/DE             1.50    6.33   -4.83 (VIOLATED)
hash/h5_out[0]$_DFFE_PP_/DE             1.50    6.33   -4.83 (VIOLATED)
hash/h5_out[1]$_DFFE_PP_/DE             1.50    6.33   -4.83 (VIOLATED)
hash/h7_out[8]$_DFFE_PP_/DE             1.50    6.33   -4.83 (VIOLATED)
hash/h2_out[4]$_DFFE_PP_/DE             1.50    6.33   -4.83 (VIOLATED)
hash/h1_out[16]$_DFFE_PP_/DE            1.50    6.33   -4.83 (VIOLATED)
hash/h1_out[17]$_DFFE_PP_/DE            1.50    6.33   -4.83 (VIOLATED)
hash/h7_out[10]$_DFFE_PP_/DE            1.50    6.33   -4.83 (VIOLATED)
hash/h1_out[19]$_DFFE_PP_/DE            1.50    6.33   -4.83 (VIOLATED)
hash/h1_out[20]$_DFFE_PP_/DE            1.50    6.33   -4.83 (VIOLATED)
hash/h1_out[21]$_DFFE_PP_/DE            1.50    6.33   -4.83 (VIOLATED)
hash/h7_out[6]$_DFFE_PP_/DE             1.50    6.33   -4.83 (VIOLATED)
hash/h1_out[22]$_DFFE_PP_/DE            1.50    6.33   -4.83 (VIOLATED)
hash/h1_out[23]$_DFFE_PP_/DE            1.50    6.33   -4.83 (VIOLATED)
hash/h7_out[7]$_DFFE_PP_/DE             1.50    6.33   -4.83 (VIOLATED)
hash/h1_out[24]$_DFFE_PP_/DE            1.50    6.33   -4.83 (VIOLATED)
hash/h7_out[9]$_DFFE_PP_/DE             1.50    6.33   -4.83 (VIOLATED)
hash/h1_out[25]$_DFFE_PP_/DE            1.50    6.33   -4.83 (VIOLATED)
hash/h1_out[26]$_DFFE_PP_/DE            1.50    6.33   -4.83 (VIOLATED)
hash/h1_out[27]$_DFFE_PP_/DE            1.50    6.33   -4.83 (VIOLATED)
hash/h7_out[5]$_DFFE_PP_/DE             1.50    6.33   -4.83 (VIOLATED)
hash/h1_out[28]$_DFFE_PP_/DE            1.50    6.33   -4.83 (VIOLATED)
hash/h7_out[3]$_DFFE_PP_/DE             1.50    6.33   -4.83 (VIOLATED)
hash/h7_out[4]$_DFFE_PP_/DE             1.50    6.33   -4.83 (VIOLATED)
hash/h1_out[29]$_DFFE_PP_/DE            1.50    6.33   -4.83 (VIOLATED)
hash/h1_out[30]$_DFFE_PP_/DE            1.50    6.33   -4.83 (VIOLATED)
hash/h1_out[31]$_DFFE_PP_/DE            1.50    6.33   -4.83 (VIOLATED)
hash/h7_out[2]$_DFFE_PP_/DE             1.50    6.33   -4.83 (VIOLATED)
hash/h7_out[26]$_DFFE_PP_/DE            1.50    6.33   -4.83 (VIOLATED)
hash/h7_out[28]$_DFFE_PP_/DE            1.50    6.33   -4.83 (VIOLATED)
hash/h7_out[1]$_DFFE_PP_/DE             1.50    6.33   -4.83 (VIOLATED)
hash/h7_out[29]$_DFFE_PP_/DE            1.50    6.33   -4.83 (VIOLATED)
hash/h2_out[0]$_DFFE_PP_/DE             1.50    6.33   -4.83 (VIOLATED)
hash/h7_out[0]$_DFFE_PP_/DE             1.50    6.33   -4.83 (VIOLATED)
hash/h7_out[11]$_DFFE_PP_/DE            1.50    6.33   -4.83 (VIOLATED)
hash/h7_out[16]$_DFFE_PP_/DE            1.50    6.33   -4.83 (VIOLATED)
hash/h7_out[12]$_DFFE_PP_/DE            1.50    6.33   -4.83 (VIOLATED)
hash/h7_out[27]$_DFFE_PP_/DE            1.50    6.33   -4.83 (VIOLATED)
hash/h7_out[30]$_DFFE_PP_/DE            1.50    6.33   -4.83 (VIOLATED)
hash/h2_out[1]$_DFFE_PP_/DE             1.50    6.33   -4.83 (VIOLATED)
hash/h2_out[2]$_DFFE_PP_/DE             1.50    6.33   -4.83 (VIOLATED)
hash/h7_out[24]$_DFFE_PP_/DE            1.50    6.33   -4.83 (VIOLATED)
hash/h7_out[13]$_DFFE_PP_/DE            1.50    6.33   -4.83 (VIOLATED)
hash/h7_out[25]$_DFFE_PP_/DE            1.50    6.33   -4.83 (VIOLATED)
hash/h7_out[23]$_DFFE_PP_/DE            1.50    6.33   -4.83 (VIOLATED)
hash/h7_out[31]$_DFFE_PP_/DE            1.50    6.33   -4.83 (VIOLATED)
hash/h7_out[17]$_DFFE_PP_/DE            1.50    6.33   -4.83 (VIOLATED)
hash/h7_out[22]$_DFFE_PP_/DE            1.50    6.33   -4.83 (VIOLATED)
hash/h7_out[15]$_DFFE_PP_/DE            1.50    6.33   -4.83 (VIOLATED)
hash/h7_out[18]$_DFFE_PP_/DE            1.50    6.33   -4.83 (VIOLATED)
hash/h7_out[20]$_DFFE_PP_/DE            1.50    6.33   -4.83 (VIOLATED)
hash/h7_out[21]$_DFFE_PP_/DE            1.50    6.33   -4.83 (VIOLATED)
hash/h7_out[14]$_DFFE_PP_/DE            1.50    6.33   -4.83 (VIOLATED)
hash/h7_out[19]$_DFFE_PP_/DE            1.50    6.33   -4.83 (VIOLATED)
_15495_/B2                              1.50    3.90   -2.40 (VIOLATED)
_15540_/B2                              1.50    3.90   -2.40 (VIOLATED)
_15510_/B2                              1.50    3.90   -2.40 (VIOLATED)
_15384_/B2                              1.50    3.90   -2.40 (VIOLATED)
_15480_/B2                              1.50    3.90   -2.40 (VIOLATED)
_15525_/B2                              1.50    3.90   -2.40 (VIOLATED)
_15450_/B2                              1.50    3.90   -2.40 (VIOLATED)
_15187_/B2                              1.50    3.90   -2.40 (VIOLATED)
_15365_/B2                              1.50    3.90   -2.40 (VIOLATED)
_15556_/B2                              1.50    3.90   -2.40 (VIOLATED)
_15435_/B2                              1.50    3.90   -2.40 (VIOLATED)
_15061_/B2                              1.50    3.90   -2.40 (VIOLATED)
_15206_/B2                              1.50    3.90   -2.40 (VIOLATED)
_15170_/B2                              1.50    3.90   -2.40 (VIOLATED)
_15224_/B2                              1.50    3.90   -2.40 (VIOLATED)
_15081_/B2                              1.50    3.90   -2.40 (VIOLATED)
_15034_/B2                              1.50    3.90   -2.40 (VIOLATED)
_15241_/B2                              1.50    3.90   -2.40 (VIOLATED)
_15114_/B2                              1.50    3.90   -2.40 (VIOLATED)
_15132_/B2                              1.50    3.89   -2.39 (VIOLATED)
_15259_/B2                              1.50    3.89   -2.39 (VIOLATED)
_15096_/B2                              1.50    3.89   -2.39 (VIOLATED)
_15294_/B2                              1.50    3.89   -2.39 (VIOLATED)
_15151_/B2                              1.50    3.89   -2.39 (VIOLATED)
_15276_/B2                              1.50    3.89   -2.39 (VIOLATED)
load_slew457/A                          1.50    3.89   -2.39 (VIOLATED)
_15311_/B2                              1.50    3.89   -2.39 (VIOLATED)
_15329_/B2                              1.50    3.89   -2.39 (VIOLATED)
_15571_/B2                              1.50    3.89   -2.39 (VIOLATED)
load_slew459/X                          1.51    3.89   -2.39 (VIOLATED)
_13633_/S1                              1.50    3.13   -1.63 (VIOLATED)
_13634_/S1                              1.50    3.13   -1.63 (VIOLATED)
_13635_/S1                              1.50    3.13   -1.63 (VIOLATED)
_13631_/S1                              1.50    3.13   -1.63 (VIOLATED)
_13608_/S1                              1.50    3.13   -1.63 (VIOLATED)
_13659_/S1                              1.50    3.13   -1.63 (VIOLATED)
_13609_/S1                              1.50    3.13   -1.63 (VIOLATED)
_13610_/S1                              1.50    3.13   -1.63 (VIOLATED)
_13658_/S1                              1.50    3.13   -1.63 (VIOLATED)
_13611_/S1                              1.50    3.13   -1.63 (VIOLATED)
_13662_/S1                              1.50    3.13   -1.63 (VIOLATED)
_13660_/S1                              1.50    3.13   -1.63 (VIOLATED)
_13527_/S1                              1.50    3.13   -1.63 (VIOLATED)
_13500_/S1                              1.50    3.13   -1.63 (VIOLATED)
_13502_/S1                              1.50    3.13   -1.63 (VIOLATED)
_13528_/S1                              1.50    3.13   -1.63 (VIOLATED)
_13529_/S1                              1.50    3.13   -1.63 (VIOLATED)
_13503_/S1                              1.50    3.13   -1.63 (VIOLATED)
_13504_/S1                              1.50    3.13   -1.63 (VIOLATED)
_13531_/S1                              1.50    3.13   -1.63 (VIOLATED)
_13464_/S1                              1.50    3.13   -1.63 (VIOLATED)
_13466_/S1                              1.50    3.13   -1.63 (VIOLATED)
_13430_/S1                              1.50    3.13   -1.63 (VIOLATED)
_13437_/S1                              1.50    3.13   -1.63 (VIOLATED)
_13434_/S1                              1.50    3.13   -1.63 (VIOLATED)
_13426_/S1                              1.50    3.13   -1.63 (VIOLATED)
_13465_/S1                              1.50    3.13   -1.63 (VIOLATED)
_13490_/S1                              1.50    3.13   -1.63 (VIOLATED)
_13491_/S1                              1.50    3.13   -1.63 (VIOLATED)
_13489_/S1                              1.50    3.13   -1.63 (VIOLATED)
_13492_/S1                              1.50    3.13   -1.63 (VIOLATED)
_13467_/S1                              1.50    3.13   -1.63 (VIOLATED)
_13508_/S1                              1.50    3.13   -1.63 (VIOLATED)
_13510_/S1                              1.50    3.13   -1.63 (VIOLATED)
_13509_/S1                              1.50    3.13   -1.63 (VIOLATED)
_13507_/S1                              1.50    3.13   -1.63 (VIOLATED)
_13494_/S1                              1.50    3.13   -1.63 (VIOLATED)
_13495_/S1                              1.50    3.13   -1.63 (VIOLATED)
_13496_/S1                              1.50    3.13   -1.63 (VIOLATED)
_13497_/S1                              1.50    3.13   -1.63 (VIOLATED)
_17723_/B                               1.50    3.13   -1.63 (VIOLATED)
load_slew534/X                          1.51    3.13   -1.63 (VIOLATED)
_10764_/B1                              1.50    3.00   -1.50 (VIOLATED)
_10767_/B1                              1.50    3.00   -1.50 (VIOLATED)
_10754_/A                               1.50    3.00   -1.50 (VIOLATED)
_10760_/A                               1.50    3.00   -1.50 (VIOLATED)
_10757_/B1                              1.50    3.00   -1.50 (VIOLATED)
_14772_/A1                              1.50    3.00   -1.50 (VIOLATED)
_14366_/A                               1.50    3.00   -1.50 (VIOLATED)
_10845_/A                               1.50    3.00   -1.50 (VIOLATED)
_14360_/A                               1.50    3.00   -1.50 (VIOLATED)
_10734_/A                               1.50    3.00   -1.50 (VIOLATED)
_10739_/B1                              1.50    3.00   -1.50 (VIOLATED)
_10752_/B1                              1.50    3.00   -1.50 (VIOLATED)
_10743_/A                               1.50    3.00   -1.50 (VIOLATED)
_10747_/B1                              1.50    3.00   -1.50 (VIOLATED)
_10746_/B1                              1.50    3.00   -1.50 (VIOLATED)
_11383_/A                               1.50    3.00   -1.50 (VIOLATED)
_10851_/B1                              1.50    3.00   -1.50 (VIOLATED)
_10944_/B1                              1.50    3.00   -1.50 (VIOLATED)
_10881_/B1                              1.50    3.00   -1.50 (VIOLATED)
reset_hash_dash$_DFF_P_/D               1.50    3.00   -1.50 (VIOLATED)
_15418_/B2                              1.50    3.00   -1.50 (VIOLATED)
_15465_/B2                              1.50    3.00   -1.50 (VIOLATED)
_15401_/B2                              1.50    3.00   -1.50 (VIOLATED)
_15347_/B2                              1.50    3.00   -1.50 (VIOLATED)
load_slew457/X                          1.51    3.00   -1.50 (VIOLATED)
hash/_3396_/S                           1.50    2.74   -1.24 (VIOLATED)
hash/_3450_/S                           1.50    2.74   -1.24 (VIOLATED)
hash/_3484_/S                           1.50    2.74   -1.24 (VIOLATED)
hash/_2652_/A                           1.50    2.74   -1.24 (VIOLATED)
hash/_3419_/S                           1.50    2.74   -1.24 (VIOLATED)
hash/_3424_/S                           1.50    2.74   -1.24 (VIOLATED)
hash/_3454_/S                           1.50    2.74   -1.24 (VIOLATED)
hash/_3485_/S                           1.50    2.74   -1.24 (VIOLATED)
hash/_3451_/S                           1.50    2.74   -1.24 (VIOLATED)
hash/_3515_/S                           1.50    2.74   -1.24 (VIOLATED)
hash/_3447_/S                           1.50    2.74   -1.24 (VIOLATED)
hash/_3481_/S                           1.50    2.74   -1.24 (VIOLATED)
hash/_3480_/S                           1.50    2.74   -1.24 (VIOLATED)
hash/_3482_/S                           1.50    2.74   -1.24 (VIOLATED)
hash/_3478_/S                           1.50    2.74   -1.24 (VIOLATED)
hash/_3446_/S                           1.50    2.74   -1.24 (VIOLATED)
hash/_3448_/S                           1.50    2.74   -1.24 (VIOLATED)
hash/_3449_/S                           1.50    2.74   -1.24 (VIOLATED)
hash/_3443_/S                           1.50    2.74   -1.24 (VIOLATED)
hash/_3483_/S                           1.50    2.74   -1.24 (VIOLATED)
hash/_3418_/S                           1.50    2.74   -1.24 (VIOLATED)
hash/_3430_/S                           1.50    2.74   -1.24 (VIOLATED)
hash/_3465_/S                           1.50    2.74   -1.24 (VIOLATED)
hash/_3500_/S                           1.50    2.74   -1.24 (VIOLATED)
hash/_3453_/S                           1.50    2.74   -1.24 (VIOLATED)
load_slew456/X                          1.51    2.74   -1.23 (VIOLATED)
_10664_/A                               1.50    1.82   -0.32 (VIOLATED)
_10656_/A                               1.50    1.82   -0.32 (VIOLATED)
_10635_/A                               1.50    1.82   -0.32 (VIOLATED)
_10695_/A                               1.50    1.82   -0.32 (VIOLATED)
_10687_/A                               1.50    1.82   -0.32 (VIOLATED)
_10637_/A                               1.50    1.82   -0.32 (VIOLATED)
_10644_/A                               1.50    1.82   -0.32 (VIOLATED)
_10627_/A                               1.50    1.82   -0.32 (VIOLATED)
_10633_/A                               1.50    1.82   -0.32 (VIOLATED)
_10625_/A                               1.50    1.82   -0.32 (VIOLATED)
_10630_/A                               1.50    1.82   -0.32 (VIOLATED)
_10685_/A                               1.50    1.82   -0.32 (VIOLATED)
_10620_/A                               1.50    1.82   -0.32 (VIOLATED)
_10676_/A                               1.50    1.82   -0.32 (VIOLATED)
_10617_/A                               1.50    1.82   -0.32 (VIOLATED)
_10623_/A                               1.50    1.82   -0.32 (VIOLATED)
_10615_/A                               1.50    1.82   -0.32 (VIOLATED)
_09673_/A                               1.50    1.82   -0.32 (VIOLATED)
_09461_/A                               1.50    1.82   -0.32 (VIOLATED)
_09819_/A                               1.50    1.82   -0.32 (VIOLATED)
_10716_/B1                              1.50    1.82   -0.32 (VIOLATED)
_10723_/C1                              1.50    1.82   -0.32 (VIOLATED)
_10613_/A                               1.50    1.82   -0.32 (VIOLATED)
load_slew772/A                          1.50    1.82   -0.32 (VIOLATED)
_10675_/A                               1.50    1.82   -0.32 (VIOLATED)
_10728_/A                               1.50    1.82   -0.32 (VIOLATED)
_10645_/A                               1.50    1.82   -0.32 (VIOLATED)
_10646_/A                               1.50    1.82   -0.32 (VIOLATED)
_10648_/A                               1.50    1.82   -0.32 (VIOLATED)
load_slew773/X                          1.51    1.82   -0.32 (VIOLATED)
_10640_/A                               1.50    1.76   -0.26 (VIOLATED)
_10661_/A                               1.50    1.76   -0.26 (VIOLATED)
_10692_/A                               1.50    1.76   -0.26 (VIOLATED)
_09892_/A                               1.50    1.76   -0.26 (VIOLATED)
_09600_/A                               1.50    1.76   -0.26 (VIOLATED)
_09319_/A                               1.50    1.76   -0.26 (VIOLATED)
_09746_/A                               1.50    1.76   -0.26 (VIOLATED)
_10709_/A                               1.50    1.76   -0.26 (VIOLATED)
_10703_/A                               1.50    1.76   -0.26 (VIOLATED)
_10700_/B1                              1.50    1.76   -0.26 (VIOLATED)
_10697_/A                               1.50    1.76   -0.26 (VIOLATED)
_10711_/A                               1.50    1.76   -0.26 (VIOLATED)
_10714_/B1                              1.50    1.76   -0.26 (VIOLATED)
_13251_/A                               1.50    1.76   -0.26 (VIOLATED)
_10634_/A                               1.50    1.76   -0.26 (VIOLATED)
reset_hash$_DFF_P_/D                    1.50    1.76   -0.26 (VIOLATED)
load_slew772/X                          1.51    1.76   -0.25 (VIOLATED)
_13358_/Y                               1.48    1.55   -0.07 (VIOLATED)
w[23][19]$_SDFFCE_PN0P_/DE              1.50    1.55   -0.05 (VIOLATED)
wire415/A                               1.50    1.55   -0.05 (VIOLATED)

max capacitance

Pin                                    Limit     Cap   Slack
------------------------------------------------------------
_13243_/Y                               0.32    1.43   -1.11 (VIOLATED)
load_slew459/X                          0.13    0.34   -0.21 (VIOLATED)
load_slew534/X                          0.13    0.27   -0.14 (VIOLATED)
load_slew457/X                          0.13    0.27   -0.14 (VIOLATED)
load_slew456/X                          0.13    0.24   -0.11 (VIOLATED)
load_slew773/X                          0.13    0.16   -0.03 (VIOLATED)
load_slew772/X                          0.13    0.15   -0.02 (VIOLATED)
_13358_/Y                               0.05    0.05   -0.00 (VIOLATED)


==========================================================================
global route max_slew_check_slack
--------------------------------------------------------------------------
-4.845114707946777

==========================================================================
global route max_slew_check_limit
--------------------------------------------------------------------------
1.5

==========================================================================
global route max_slew_check_slack_limit
--------------------------------------------------------------------------
-3.2301

==========================================================================
global route max_fanout_check_slack
--------------------------------------------------------------------------
1.0000000150474662e+30

==========================================================================
global route max_fanout_check_limit
--------------------------------------------------------------------------
1.0000000150474662e+30

==========================================================================
global route max_capacitance_check_slack
--------------------------------------------------------------------------
-1.1063826084136963

==========================================================================
global route max_capacitance_check_limit
--------------------------------------------------------------------------
0.3213599920272827

==========================================================================
global route max_capacitance_check_slack_limit
--------------------------------------------------------------------------
-3.4428

==========================================================================
global route max_slew_violation_count
--------------------------------------------------------------------------
max slew violation count 430

==========================================================================
global route max_fanout_violation_count
--------------------------------------------------------------------------
max fanout violation count 0

==========================================================================
global route max_cap_violation_count
--------------------------------------------------------------------------
max cap violation count 8

==========================================================================
global route setup_violation_count
--------------------------------------------------------------------------
setup violation count 9

==========================================================================
global route hold_violation_count
--------------------------------------------------------------------------
hold violation count 0

==========================================================================
global route report_checks -path_delay max reg to reg
--------------------------------------------------------------------------
Startpoint: hash/p1_cap[0]$_DFF_P_
            (rising edge-triggered flip-flop clocked by core_clock)
Endpoint: hash/p1_cap[31]$_DFF_P_
          (rising edge-triggered flip-flop clocked by core_clock)
Path Group: core_clock
Path Type: max

  Delay    Time   Description
---------------------------------------------------------
   0.00    0.00   clock core_clock (rise edge)
   0.00    0.00   clock source latency
   0.00    0.00 ^ clk (in)
   0.24    0.24 ^ clkbuf_0_clk/X (sky130_fd_sc_hd__clkbuf_16)
   0.30    0.54 ^ clkbuf_2_1_0_clk/X (sky130_fd_sc_hd__clkbuf_16)
   0.28    0.81 ^ clkbuf_5_11__f_clk/X (sky130_fd_sc_hd__clkbuf_16)
   0.19    1.00 ^ clkbuf_leaf_223_clk/X (sky130_fd_sc_hd__clkbuf_16)
   0.00    1.01 ^ hash/p1_cap[0]$_DFF_P_/CLK (sky130_fd_sc_hd__dfxtp_1)
   0.34    1.34 ^ hash/p1_cap[0]$_DFF_P_/Q (sky130_fd_sc_hd__dfxtp_1)
   0.21    1.56 ^ hash/CA2/_2211_/COUT (sky130_fd_sc_hd__ha_2)
   0.07    1.63 v hash/CA2/_1701_/Y (sky130_fd_sc_hd__inv_1)
   0.49    2.11 v hash/CA2/_2146_/COUT (sky130_fd_sc_hd__fa_1)
   0.22    2.33 ^ hash/CA2/_1439_/Y (sky130_fd_sc_hd__nor2b_1)
   0.16    2.49 ^ hash/CA2/_1440_/X (sky130_fd_sc_hd__o21a_4)
   0.08    2.58 v hash/CA2/_1445_/Y (sky130_fd_sc_hd__o21ai_2)
   0.25    2.83 v hash/CA2/_1466_/X (sky130_fd_sc_hd__a21o_4)
   0.30    3.13 ^ hash/CA2/_1591_/Y (sky130_fd_sc_hd__a211oi_4)
   0.10    3.23 v hash/CA2/_1610_/Y (sky130_fd_sc_hd__nor2_2)
   0.23    3.46 ^ hash/CA2/_1615_/Y (sky130_fd_sc_hd__a21oi_4)
   0.12    3.59 v hash/CA2/_1793_/Y (sky130_fd_sc_hd__a211oi_2)
   0.67    4.26 ^ hash/CA2/_1794_/Y (sky130_fd_sc_hd__xnor2_1)
   0.33    4.59 ^ hash/CA2/S0/_30_/X (sky130_fd_sc_hd__xor3_1)
   0.15    4.73 v hash/CA2/_1679_/Y (sky130_fd_sc_hd__clkinv_1)
   0.49    5.22 v hash/CA2/_2163_/COUT (sky130_fd_sc_hd__fa_1)
   0.56    5.78 ^ hash/CA2/_2166_/SUM (sky130_fd_sc_hd__fa_1)
   0.07    5.85 v hash/CA2/_1765_/Y (sky130_fd_sc_hd__inv_1)
   0.18    6.03 v hash/CA2/_2310_/COUT (sky130_fd_sc_hd__ha_4)
   0.27    6.30 ^ hash/CA2/_1842_/Y (sky130_fd_sc_hd__a21oi_1)
   0.18    6.47 v hash/CA2/_1858_/Y (sky130_fd_sc_hd__o311ai_1)
   0.28    6.75 ^ hash/CA2/_1897_/Y (sky130_fd_sc_hd__nor4_1)
   0.26    7.02 ^ hash/CA2/_1898_/Y (sky130_fd_sc_hd__a21boi_1)
   0.25    7.26 ^ hash/CA2/_1916_/X (sky130_fd_sc_hd__o211a_1)
   0.13    7.40 v hash/CA2/_1953_/Y (sky130_fd_sc_hd__o31ai_2)
   0.23    7.62 ^ hash/CA2/_1954_/Y (sky130_fd_sc_hd__a21oi_1)
   0.29    7.92 v hash/CA2/_1955_/X (sky130_fd_sc_hd__xnor3_1)
   0.23    8.14 v hash/CA2/_1965_/X (sky130_fd_sc_hd__xor2_2)
   0.35    8.49 v hash/_2122_/X (sky130_fd_sc_hd__mux2_8)
   0.24    8.74 v hash/CA1/S0/_31_/X (sky130_fd_sc_hd__xor3_1)
   0.20    8.94 v hash/CA1/_3538_/COUT (sky130_fd_sc_hd__ha_4)
   0.16    9.10 ^ hash/CA1/_2747_/Y (sky130_fd_sc_hd__a21oi_1)
   0.06    9.16 v hash/CA1/_2748_/Y (sky130_fd_sc_hd__nor2b_1)
   0.14    9.30 ^ hash/CA1/_2749_/Y (sky130_fd_sc_hd__o21ai_0)
   0.11    9.41 v hash/CA1/_2751_/Y (sky130_fd_sc_hd__a21boi_0)
   0.21    9.62 v hash/CA1/_2752_/X (sky130_fd_sc_hd__o21a_1)
   0.35    9.98 ^ hash/CA1/_2753_/Y (sky130_fd_sc_hd__a311oi_4)
   0.16   10.14 v hash/CA1/_2775_/Y (sky130_fd_sc_hd__o21ai_4)
   0.32   10.46 ^ hash/CA1/_2845_/Y (sky130_fd_sc_hd__a221oi_4)
   0.12   10.58 v hash/CA1/_2855_/Y (sky130_fd_sc_hd__mux2i_1)
   0.36   10.94 ^ hash/CA1/_2859_/Y (sky130_fd_sc_hd__a2111oi_0)
   0.00   10.94 ^ hash/p1_cap[31]$_DFF_P_/D (sky130_fd_sc_hd__dfxtp_1)
          10.94   data arrival time

  10.00   10.00   clock core_clock (rise edge)
   0.00   10.00   clock source latency
   0.00   10.00 ^ clk (in)
   0.24   10.24 ^ clkbuf_0_clk/X (sky130_fd_sc_hd__clkbuf_16)
   0.30   10.54 ^ clkbuf_2_1_0_clk/X (sky130_fd_sc_hd__clkbuf_16)
   0.28   10.81 ^ clkbuf_5_14__f_clk/X (sky130_fd_sc_hd__clkbuf_16)
   0.18   11.00 ^ clkbuf_leaf_207_clk/X (sky130_fd_sc_hd__clkbuf_16)
   0.00   11.00 ^ hash/p1_cap[31]$_DFF_P_/CLK (sky130_fd_sc_hd__dfxtp_1)
   0.00   11.00   clock reconvergence pessimism
  -0.12   10.88   library setup time
          10.88   data required time
---------------------------------------------------------
          10.88   data required time
         -10.94   data arrival time
---------------------------------------------------------
          -0.06   slack (VIOLATED)



==========================================================================
global route report_checks -path_delay min reg to reg
--------------------------------------------------------------------------
Startpoint: ready_dash$_SDFF_PP0_
            (rising edge-triggered flip-flop clocked by core_clock)
Endpoint: ready$_DFF_P_ (rising edge-triggered flip-flop clocked by core_clock)
Path Group: core_clock
Path Type: min

  Delay    Time   Description
---------------------------------------------------------
   0.00    0.00   clock core_clock (rise edge)
   0.00    0.00   clock source latency
   0.00    0.00 ^ clk (in)
   0.24    0.24 ^ clkbuf_0_clk/X (sky130_fd_sc_hd__clkbuf_16)
   0.30    0.54 ^ clkbuf_2_1_0_clk/X (sky130_fd_sc_hd__clkbuf_16)
   0.28    0.82 ^ clkbuf_5_13__f_clk/X (sky130_fd_sc_hd__clkbuf_16)
   0.20    1.02 ^ clkbuf_leaf_201_clk/X (sky130_fd_sc_hd__clkbuf_16)
   0.00    1.02 ^ ready_dash$_SDFF_PP0_/CLK (sky130_fd_sc_hd__dfxtp_1)
   0.31    1.32 ^ ready_dash$_SDFF_PP0_/Q (sky130_fd_sc_hd__dfxtp_1)
   0.00    1.32 ^ ready$_DFF_P_/D (sky130_fd_sc_hd__dfxtp_1)
           1.32   data arrival time

   0.00    0.00   clock core_clock (rise edge)
   0.00    0.00   clock source latency
   0.00    0.00 ^ clk (in)
   0.24    0.24 ^ clkbuf_0_clk/X (sky130_fd_sc_hd__clkbuf_16)
   0.30    0.54 ^ clkbuf_2_1_0_clk/X (sky130_fd_sc_hd__clkbuf_16)
   0.28    0.82 ^ clkbuf_5_13__f_clk/X (sky130_fd_sc_hd__clkbuf_16)
   0.20    1.02 ^ clkbuf_leaf_201_clk/X (sky130_fd_sc_hd__clkbuf_16)
   0.00    1.02 ^ ready$_DFF_P_/CLK (sky130_fd_sc_hd__dfxtp_1)
   0.00    1.02   clock reconvergence pessimism
  -0.03    0.99   library hold time
           0.99   data required time
---------------------------------------------------------
           0.99   data required time
          -1.32   data arrival time
---------------------------------------------------------
           0.34   slack (MET)



==========================================================================
global route critical path target clock latency max path
--------------------------------------------------------------------------
1.0048

==========================================================================
global route critical path target clock latency min path
--------------------------------------------------------------------------
1.0607

==========================================================================
global route critical path source clock latency min path
--------------------------------------------------------------------------
0.0000

==========================================================================
global route critical path delay
--------------------------------------------------------------------------
10.9399

==========================================================================
global route critical path slack
--------------------------------------------------------------------------
-0.0621

==========================================================================
global route slack div critical path delay
--------------------------------------------------------------------------
-0.567647

==========================================================================
global route report_power
--------------------------------------------------------------------------
Group                  Internal  Switching    Leakage      Total
                          Power      Power      Power      Power (Watts)
----------------------------------------------------------------
Sequential             1.86e-02   2.45e-03   2.80e-08   2.11e-02   5.2%
Combinational          1.51e-01   2.17e-01   6.61e-08   3.68e-01  91.4%
Clock                  7.56e-03   6.10e-03   5.61e-09   1.37e-02   3.4%
Macro                  0.00e+00   0.00e+00   0.00e+00   0.00e+00   0.0%
Pad                    0.00e+00   0.00e+00   0.00e+00   0.00e+00   0.0%
----------------------------------------------------------------
Total                  1.77e-01   2.26e-01   9.97e-08   4.02e-01 100.0%
                          43.9%      56.1%       0.0%
