
==========================================================================
resizer report_tns
--------------------------------------------------------------------------
tns -11.37

==========================================================================
resizer report_wns
--------------------------------------------------------------------------
wns -0.75

==========================================================================
resizer report_worst_slack
--------------------------------------------------------------------------
worst slack -0.75

==========================================================================
resizer report_checks -path_delay min
--------------------------------------------------------------------------
Startpoint: ready_dash$_SDFF_PP0_
            (rising edge-triggered flip-flop clocked by core_clock)
Endpoint: ready$_DFF_P_ (rising edge-triggered flip-flop clocked by core_clock)
Path Group: core_clock
Path Type: min

Fanout     Cap    Slew   Delay    Time   Description
-----------------------------------------------------------------------------
                  0.00    0.00    0.00   clock core_clock (rise edge)
                          0.00    0.00   clock network delay (ideal)
                  0.00    0.00    0.00 ^ ready_dash$_SDFF_PP0_/CLK (sky130_fd_sc_hd__dfxtp_1)
     1    0.00    0.03    0.28    0.28 ^ ready_dash$_SDFF_PP0_/Q (sky130_fd_sc_hd__dfxtp_1)
                                         ready_dash (net)
                  0.03    0.00    0.28 ^ ready$_DFF_P_/D (sky130_fd_sc_hd__dfxtp_1)
                                  0.28   data arrival time

                  0.00    0.00    0.00   clock core_clock (rise edge)
                          0.00    0.00   clock network delay (ideal)
                          0.00    0.00   clock reconvergence pessimism
                                  0.00 ^ ready$_DFF_P_/CLK (sky130_fd_sc_hd__dfxtp_1)
                         -0.03   -0.03   library hold time
                                 -0.03   data required time
-----------------------------------------------------------------------------
                                 -0.03   data required time
                                 -0.28   data arrival time
-----------------------------------------------------------------------------
                                  0.31   slack (MET)



==========================================================================
resizer report_checks -path_delay max
--------------------------------------------------------------------------
Startpoint: hash/p2_cap[11]$_DFF_P_
            (rising edge-triggered flip-flop clocked by core_clock)
Endpoint: hash/p3_cap[28]$_DFF_P_
          (rising edge-triggered flip-flop clocked by core_clock)
Path Group: core_clock
Path Type: max

Fanout     Cap    Slew   Delay    Time   Description
-----------------------------------------------------------------------------
                  0.00    0.00    0.00   clock core_clock (rise edge)
                          0.00    0.00   clock network delay (ideal)
                  0.00    0.00    0.00 ^ hash/p2_cap[11]$_DFF_P_/CLK (sky130_fd_sc_hd__dfxtp_1)
     5    0.03    0.29    0.46    0.46 ^ hash/p2_cap[11]$_DFF_P_/Q (sky130_fd_sc_hd__dfxtp_1)
                                         hash/p2_cap[11] (net)
                  0.29    0.00    0.46 ^ hash/CA2/S1/_00_/A (sky130_fd_sc_hd__xor3_1)
     1    0.01    0.11    0.52    0.99 v hash/CA2/S1/_00_/X (sky130_fd_sc_hd__xor3_1)
                                         hash/CA2/s1[0] (net)
                  0.11    0.00    0.99 v hash/CA2/_2242_/A (sky130_fd_sc_hd__ha_4)
     3    0.01    0.04    0.20    1.18 v hash/CA2/_2242_/COUT (sky130_fd_sc_hd__ha_4)
                                         hash/CA2/_0615_ (net)
                  0.04    0.00    1.18 v hash/CA2/_2147_/B (sky130_fd_sc_hd__fa_1)
     2    0.01    0.10    0.42    1.60 v hash/CA2/_2147_/COUT (sky130_fd_sc_hd__fa_1)
                                         hash/CA2/_0617_ (net)
                  0.10    0.00    1.60 v hash/CA2/_1225_/A2 (sky130_fd_sc_hd__a21o_1)
     1    0.01    0.05    0.21    1.81 v hash/CA2/_1225_/X (sky130_fd_sc_hd__a21o_1)
                                         hash/CA2/_0525_ (net)
                  0.05    0.00    1.81 v hash/CA2/_1226_/A2 (sky130_fd_sc_hd__a21oi_2)
     3    0.02    0.21    0.22    2.04 ^ hash/CA2/_1226_/Y (sky130_fd_sc_hd__a21oi_2)
                                         hash/CA2/_0526_ (net)
                  0.21    0.00    2.04 ^ hash/CA2/_1758_/A2 (sky130_fd_sc_hd__o21bai_1)
     1    0.00    0.05    0.09    2.13 v hash/CA2/_1758_/Y (sky130_fd_sc_hd__o21bai_1)
                                         hash/CA2/_0231_ (net)
                  0.05    0.00    2.13 v hash/CA2/_1759_/A2 (sky130_fd_sc_hd__a21oi_1)
     1    0.01    0.18    0.20    2.33 ^ hash/CA2/_1759_/Y (sky130_fd_sc_hd__a21oi_1)
                                         hash/CA2/_0232_ (net)
                  0.18    0.00    2.33 ^ hash/CA2/_1760_/B (sky130_fd_sc_hd__xnor2_1)
     2    0.02    0.13    0.17    2.49 v hash/CA2/_1760_/Y (sky130_fd_sc_hd__xnor2_1)
                                         hash/CA2/_0669_ (net)
                  0.13    0.00    2.49 v hash/CA2/_2254_/B (sky130_fd_sc_hd__ha_1)
     3    0.01    0.06    0.24    2.73 v hash/CA2/_2254_/COUT (sky130_fd_sc_hd__ha_1)
                                         hash/CA2/_0961_ (net)
                  0.06    0.00    2.73 v hash/CA2/_2003_/C (sky130_fd_sc_hd__or4_1)
     1    0.00    0.09    0.48    3.21 v hash/CA2/_2003_/X (sky130_fd_sc_hd__or4_1)
                                         hash/CA2/_0409_ (net)
                  0.09    0.00    3.21 v hash/CA2/_2004_/C1 (sky130_fd_sc_hd__a311oi_1)
     1    0.01    0.39    0.35    3.56 ^ hash/CA2/_2004_/Y (sky130_fd_sc_hd__a311oi_1)
                                         hash/CA2/_0410_ (net)
                  0.39    0.00    3.56 ^ hash/CA2/_2005_/B1 (sky130_fd_sc_hd__a211oi_2)
     3    0.01    0.11    0.13    3.69 v hash/CA2/_2005_/Y (sky130_fd_sc_hd__a211oi_2)
                                         hash/CA2/_0411_ (net)
                  0.11    0.00    3.69 v hash/CA2/_2047_/A2 (sky130_fd_sc_hd__o211ai_1)
     2    0.01    0.33    0.33    4.02 ^ hash/CA2/_2047_/Y (sky130_fd_sc_hd__o211ai_1)
                                         hash/CA2/_0445_ (net)
                  0.33    0.00    4.02 ^ hash/CA2/_2063_/A1 (sky130_fd_sc_hd__a21oi_1)
     1    0.01    0.11    0.15    4.17 v hash/CA2/_2063_/Y (sky130_fd_sc_hd__a21oi_1)
                                         hash/CA2/_0459_ (net)
                  0.11    0.00    4.17 v hash/CA2/_2064_/C1 (sky130_fd_sc_hd__a211o_4)
     4    0.02    0.08    0.32    4.49 v hash/CA2/_2064_/X (sky130_fd_sc_hd__a211o_4)
                                         hash/CA2/_0460_ (net)
                  0.08    0.00    4.49 v hash/CA2/_2086_/A1 (sky130_fd_sc_hd__a311o_1)
     1    0.00    0.06    0.28    4.77 v hash/CA2/_2086_/X (sky130_fd_sc_hd__a311o_1)
                                         hash/CA2/_0478_ (net)
                  0.06    0.00    4.77 v hash/CA2/_2087_/A2 (sky130_fd_sc_hd__a21oi_1)
     1    0.01    0.16    0.18    4.95 ^ hash/CA2/_2087_/Y (sky130_fd_sc_hd__a21oi_1)
                                         hash/CA2/_0479_ (net)
                  0.16    0.00    4.95 ^ hash/CA2/_2088_/B (sky130_fd_sc_hd__xnor2_1)
     1    0.01    0.11    0.14    5.09 v hash/CA2/_2088_/Y (sky130_fd_sc_hd__xnor2_1)
                                         hash/e_new[25] (net)
                  0.11    0.00    5.09 v hash/_3540_/A0 (sky130_fd_sc_hd__mux2_8)
     6    0.05    0.09    0.37    5.46 v hash/_3540_/X (sky130_fd_sc_hd__mux2_8)
                                         hash/e[25] (net)
                  0.09    0.00    5.46 v hash/CA1/S1/_00_/C (sky130_fd_sc_hd__xor3_1)
     1    0.00    0.07    0.21    5.67 ^ hash/CA1/S1/_00_/X (sky130_fd_sc_hd__xor3_1)
                                         hash/CA1/s1[0] (net)
                  0.07    0.00    5.67 ^ hash/CA1/_3621_/A (sky130_fd_sc_hd__ha_2)
     3    0.01    0.08    0.20    5.88 ^ hash/CA1/_3621_/COUT (sky130_fd_sc_hd__ha_2)
                                         hash/CA1/_1631_ (net)
                  0.08    0.00    5.88 ^ hash/CA1/_2333_/A (sky130_fd_sc_hd__inv_1)
     1    0.01    0.04    0.06    5.94 v hash/CA1/_2333_/Y (sky130_fd_sc_hd__inv_1)
                                         hash/CA1/_1056_ (net)
                  0.04    0.00    5.94 v hash/CA1/_3433_/B (sky130_fd_sc_hd__fa_1)
     2    0.01    0.12    0.45    6.39 v hash/CA1/_3433_/COUT (sky130_fd_sc_hd__fa_1)
                                         hash/CA1/_1058_ (net)
                  0.12    0.00    6.39 v hash/CA1/_1984_/A (sky130_fd_sc_hd__nor2b_1)
     1    0.01    0.14    0.17    6.56 ^ hash/CA1/_1984_/Y (sky130_fd_sc_hd__nor2b_1)
                                         hash/CA1/_0005_ (net)
                  0.14    0.00    6.56 ^ hash/CA1/_1985_/A2 (sky130_fd_sc_hd__o21ai_2)
     1    0.02    0.08    0.10    6.66 v hash/CA1/_1985_/Y (sky130_fd_sc_hd__o21ai_2)
                                         hash/CA1/_0006_ (net)
                  0.08    0.00    6.66 v hash/CA1/_1986_/B (sky130_fd_sc_hd__nand2b_4)
     2    0.02    0.09    0.11    6.77 ^ hash/CA1/_1986_/Y (sky130_fd_sc_hd__nand2b_4)
                                         hash/CA1/_0007_ (net)
                  0.09    0.00    6.77 ^ hash/CA1/_2009_/A2 (sky130_fd_sc_hd__a21oi_2)
     3    0.01    0.06    0.09    6.86 v hash/CA1/_2009_/Y (sky130_fd_sc_hd__a21oi_2)
                                         hash/CA1/_0021_ (net)
                  0.06    0.00    6.86 v hash/CA1/_2071_/A1 (sky130_fd_sc_hd__o211a_4)
     1    0.01    0.04    0.26    7.12 v hash/CA1/_2071_/X (sky130_fd_sc_hd__o211a_4)
                                         hash/CA1/_0065_ (net)
                  0.04    0.00    7.12 v hash/CA1/_2074_/A (sky130_fd_sc_hd__nor2_4)
     4    0.03    0.18    0.18    7.30 ^ hash/CA1/_2074_/Y (sky130_fd_sc_hd__nor2_4)
                                         hash/CA1/_0068_ (net)
                  0.18    0.00    7.30 ^ hash/CA1/_2075_/B (sky130_fd_sc_hd__nand2_1)
     2    0.01    0.08    0.11    7.42 v hash/CA1/_2075_/Y (sky130_fd_sc_hd__nand2_1)
                                         hash/CA1/_0069_ (net)
                  0.08    0.00    7.42 v hash/CA1/_2104_/A2 (sky130_fd_sc_hd__o21bai_1)
     1    0.01    0.16    0.17    7.58 ^ hash/CA1/_2104_/Y (sky130_fd_sc_hd__o21bai_1)
                                         hash/CA1/_0089_ (net)
                  0.16    0.00    7.58 ^ hash/CA1/_2105_/A2 (sky130_fd_sc_hd__a21o_4)
     2    0.01    0.04    0.15    7.74 ^ hash/CA1/_2105_/X (sky130_fd_sc_hd__a21o_4)
                                         hash/CA1/_0090_ (net)
                  0.04    0.00    7.74 ^ hash/CA1/_2106_/B (sky130_fd_sc_hd__xnor2_1)
     1    0.01    0.14    0.12    7.85 v hash/CA1/_2106_/Y (sky130_fd_sc_hd__xnor2_1)
                                         hash/CA1/_1122_ (net)
                  0.14    0.00    7.85 v hash/CA1/_3447_/B (sky130_fd_sc_hd__fa_1)
     1    0.00    0.06    0.53    8.39 ^ hash/CA1/_3447_/SUM (sky130_fd_sc_hd__fa_1)
                                         hash/CA1/_1125_ (net)
                  0.06    0.00    8.39 ^ hash/CA1/_2378_/A (sky130_fd_sc_hd__inv_1)
     1    0.00    0.03    0.04    8.43 v hash/CA1/_2378_/Y (sky130_fd_sc_hd__inv_1)
                                         hash/CA1/_1738_ (net)
                  0.03    0.00    8.43 v hash/CA1/_3662_/A (sky130_fd_sc_hd__ha_1)
     5    0.02    0.13    0.36    8.79 v hash/CA1/_3662_/SUM (sky130_fd_sc_hd__ha_1)
                                         hash/CA1/_1741_ (net)
                  0.13    0.00    8.79 v hash/CA1/_3119_/A3 (sky130_fd_sc_hd__a41oi_1)
     1    0.00    0.17    0.24    9.03 ^ hash/CA1/_3119_/Y (sky130_fd_sc_hd__a41oi_1)
                                         hash/CA1/_0757_ (net)
                  0.17    0.00    9.03 ^ hash/CA1/_3120_/B1 (sky130_fd_sc_hd__o21ai_0)
     1    0.01    0.11    0.14    9.18 v hash/CA1/_3120_/Y (sky130_fd_sc_hd__o21ai_0)
                                         hash/CA1/_0758_ (net)
                  0.11    0.00    9.18 v hash/CA1/_3121_/A2 (sky130_fd_sc_hd__a21oi_2)
     1    0.01    0.15    0.20    9.38 ^ hash/CA1/_3121_/Y (sky130_fd_sc_hd__a21oi_2)
                                         hash/CA1/_0759_ (net)
                  0.15    0.00    9.38 ^ hash/CA1/_3122_/B1 (sky130_fd_sc_hd__o31ai_4)
     3    0.02    0.11    0.12    9.50 v hash/CA1/_3122_/Y (sky130_fd_sc_hd__o31ai_4)
                                         hash/CA1/_0760_ (net)
                  0.11    0.00    9.51 v hash/CA1/_3183_/A1 (sky130_fd_sc_hd__a2111oi_1)
     1    0.01    0.54    0.52   10.03 ^ hash/CA1/_3183_/Y (sky130_fd_sc_hd__a2111oi_1)
                                         hash/CA1/_0811_ (net)
                  0.54    0.00   10.03 ^ hash/CA1/_3184_/C1 (sky130_fd_sc_hd__a211oi_2)
     3    0.01    0.14    0.13   10.16 v hash/CA1/_3184_/Y (sky130_fd_sc_hd__a211oi_2)
                                         hash/CA1/_0812_ (net)
                  0.14    0.00   10.16 v hash/CA1/_3190_/A2 (sky130_fd_sc_hd__a21o_1)
     1    0.00    0.04    0.21   10.37 v hash/CA1/_3190_/X (sky130_fd_sc_hd__a21o_1)
                                         hash/CA1/_0816_ (net)
                  0.04    0.00   10.37 v hash/CA1/_3191_/A2 (sky130_fd_sc_hd__a21oi_1)
     1    0.01    0.17    0.18   10.55 ^ hash/CA1/_3191_/Y (sky130_fd_sc_hd__a21oi_1)
                                         hash/CA1/_0817_ (net)
                  0.17    0.00   10.55 ^ hash/CA1/_3192_/B (sky130_fd_sc_hd__xnor2_1)
     1    0.00    0.10    0.13   10.67 ^ hash/CA1/_3192_/Y (sky130_fd_sc_hd__xnor2_1)
                                         hash/p3[28] (net)
                  0.10    0.00   10.67 ^ hash/p3_cap[28]$_DFF_P_/D (sky130_fd_sc_hd__dfxtp_1)
                                 10.67   data arrival time

                  0.00   10.00   10.00   clock core_clock (rise edge)
                          0.00   10.00   clock network delay (ideal)
                          0.00   10.00   clock reconvergence pessimism
                                 10.00 ^ hash/p3_cap[28]$_DFF_P_/CLK (sky130_fd_sc_hd__dfxtp_1)
                         -0.07    9.93   library setup time
                                  9.93   data required time
-----------------------------------------------------------------------------
                                  9.93   data required time
                                -10.67   data arrival time
-----------------------------------------------------------------------------
                                 -0.75   slack (VIOLATED)



==========================================================================
resizer report_checks -unconstrained
--------------------------------------------------------------------------
Startpoint: hash/p2_cap[11]$_DFF_P_
            (rising edge-triggered flip-flop clocked by core_clock)
Endpoint: hash/p3_cap[28]$_DFF_P_
          (rising edge-triggered flip-flop clocked by core_clock)
Path Group: core_clock
Path Type: max

Fanout     Cap    Slew   Delay    Time   Description
-----------------------------------------------------------------------------
                  0.00    0.00    0.00   clock core_clock (rise edge)
                          0.00    0.00   clock network delay (ideal)
                  0.00    0.00    0.00 ^ hash/p2_cap[11]$_DFF_P_/CLK (sky130_fd_sc_hd__dfxtp_1)
     5    0.03    0.29    0.46    0.46 ^ hash/p2_cap[11]$_DFF_P_/Q (sky130_fd_sc_hd__dfxtp_1)
                                         hash/p2_cap[11] (net)
                  0.29    0.00    0.46 ^ hash/CA2/S1/_00_/A (sky130_fd_sc_hd__xor3_1)
     1    0.01    0.11    0.52    0.99 v hash/CA2/S1/_00_/X (sky130_fd_sc_hd__xor3_1)
                                         hash/CA2/s1[0] (net)
                  0.11    0.00    0.99 v hash/CA2/_2242_/A (sky130_fd_sc_hd__ha_4)
     3    0.01    0.04    0.20    1.18 v hash/CA2/_2242_/COUT (sky130_fd_sc_hd__ha_4)
                                         hash/CA2/_0615_ (net)
                  0.04    0.00    1.18 v hash/CA2/_2147_/B (sky130_fd_sc_hd__fa_1)
     2    0.01    0.10    0.42    1.60 v hash/CA2/_2147_/COUT (sky130_fd_sc_hd__fa_1)
                                         hash/CA2/_0617_ (net)
                  0.10    0.00    1.60 v hash/CA2/_1225_/A2 (sky130_fd_sc_hd__a21o_1)
     1    0.01    0.05    0.21    1.81 v hash/CA2/_1225_/X (sky130_fd_sc_hd__a21o_1)
                                         hash/CA2/_0525_ (net)
                  0.05    0.00    1.81 v hash/CA2/_1226_/A2 (sky130_fd_sc_hd__a21oi_2)
     3    0.02    0.21    0.22    2.04 ^ hash/CA2/_1226_/Y (sky130_fd_sc_hd__a21oi_2)
                                         hash/CA2/_0526_ (net)
                  0.21    0.00    2.04 ^ hash/CA2/_1758_/A2 (sky130_fd_sc_hd__o21bai_1)
     1    0.00    0.05    0.09    2.13 v hash/CA2/_1758_/Y (sky130_fd_sc_hd__o21bai_1)
                                         hash/CA2/_0231_ (net)
                  0.05    0.00    2.13 v hash/CA2/_1759_/A2 (sky130_fd_sc_hd__a21oi_1)
     1    0.01    0.18    0.20    2.33 ^ hash/CA2/_1759_/Y (sky130_fd_sc_hd__a21oi_1)
                                         hash/CA2/_0232_ (net)
                  0.18    0.00    2.33 ^ hash/CA2/_1760_/B (sky130_fd_sc_hd__xnor2_1)
     2    0.02    0.13    0.17    2.49 v hash/CA2/_1760_/Y (sky130_fd_sc_hd__xnor2_1)
                                         hash/CA2/_0669_ (net)
                  0.13    0.00    2.49 v hash/CA2/_2254_/B (sky130_fd_sc_hd__ha_1)
     3    0.01    0.06    0.24    2.73 v hash/CA2/_2254_/COUT (sky130_fd_sc_hd__ha_1)
                                         hash/CA2/_0961_ (net)
                  0.06    0.00    2.73 v hash/CA2/_2003_/C (sky130_fd_sc_hd__or4_1)
     1    0.00    0.09    0.48    3.21 v hash/CA2/_2003_/X (sky130_fd_sc_hd__or4_1)
                                         hash/CA2/_0409_ (net)
                  0.09    0.00    3.21 v hash/CA2/_2004_/C1 (sky130_fd_sc_hd__a311oi_1)
     1    0.01    0.39    0.35    3.56 ^ hash/CA2/_2004_/Y (sky130_fd_sc_hd__a311oi_1)
                                         hash/CA2/_0410_ (net)
                  0.39    0.00    3.56 ^ hash/CA2/_2005_/B1 (sky130_fd_sc_hd__a211oi_2)
     3    0.01    0.11    0.13    3.69 v hash/CA2/_2005_/Y (sky130_fd_sc_hd__a211oi_2)
                                         hash/CA2/_0411_ (net)
                  0.11    0.00    3.69 v hash/CA2/_2047_/A2 (sky130_fd_sc_hd__o211ai_1)
     2    0.01    0.33    0.33    4.02 ^ hash/CA2/_2047_/Y (sky130_fd_sc_hd__o211ai_1)
                                         hash/CA2/_0445_ (net)
                  0.33    0.00    4.02 ^ hash/CA2/_2063_/A1 (sky130_fd_sc_hd__a21oi_1)
     1    0.01    0.11    0.15    4.17 v hash/CA2/_2063_/Y (sky130_fd_sc_hd__a21oi_1)
                                         hash/CA2/_0459_ (net)
                  0.11    0.00    4.17 v hash/CA2/_2064_/C1 (sky130_fd_sc_hd__a211o_4)
     4    0.02    0.08    0.32    4.49 v hash/CA2/_2064_/X (sky130_fd_sc_hd__a211o_4)
                                         hash/CA2/_0460_ (net)
                  0.08    0.00    4.49 v hash/CA2/_2086_/A1 (sky130_fd_sc_hd__a311o_1)
     1    0.00    0.06    0.28    4.77 v hash/CA2/_2086_/X (sky130_fd_sc_hd__a311o_1)
                                         hash/CA2/_0478_ (net)
                  0.06    0.00    4.77 v hash/CA2/_2087_/A2 (sky130_fd_sc_hd__a21oi_1)
     1    0.01    0.16    0.18    4.95 ^ hash/CA2/_2087_/Y (sky130_fd_sc_hd__a21oi_1)
                                         hash/CA2/_0479_ (net)
                  0.16    0.00    4.95 ^ hash/CA2/_2088_/B (sky130_fd_sc_hd__xnor2_1)
     1    0.01    0.11    0.14    5.09 v hash/CA2/_2088_/Y (sky130_fd_sc_hd__xnor2_1)
                                         hash/e_new[25] (net)
                  0.11    0.00    5.09 v hash/_3540_/A0 (sky130_fd_sc_hd__mux2_8)
     6    0.05    0.09    0.37    5.46 v hash/_3540_/X (sky130_fd_sc_hd__mux2_8)
                                         hash/e[25] (net)
                  0.09    0.00    5.46 v hash/CA1/S1/_00_/C (sky130_fd_sc_hd__xor3_1)
     1    0.00    0.07    0.21    5.67 ^ hash/CA1/S1/_00_/X (sky130_fd_sc_hd__xor3_1)
                                         hash/CA1/s1[0] (net)
                  0.07    0.00    5.67 ^ hash/CA1/_3621_/A (sky130_fd_sc_hd__ha_2)
     3    0.01    0.08    0.20    5.88 ^ hash/CA1/_3621_/COUT (sky130_fd_sc_hd__ha_2)
                                         hash/CA1/_1631_ (net)
                  0.08    0.00    5.88 ^ hash/CA1/_2333_/A (sky130_fd_sc_hd__inv_1)
     1    0.01    0.04    0.06    5.94 v hash/CA1/_2333_/Y (sky130_fd_sc_hd__inv_1)
                                         hash/CA1/_1056_ (net)
                  0.04    0.00    5.94 v hash/CA1/_3433_/B (sky130_fd_sc_hd__fa_1)
     2    0.01    0.12    0.45    6.39 v hash/CA1/_3433_/COUT (sky130_fd_sc_hd__fa_1)
                                         hash/CA1/_1058_ (net)
                  0.12    0.00    6.39 v hash/CA1/_1984_/A (sky130_fd_sc_hd__nor2b_1)
     1    0.01    0.14    0.17    6.56 ^ hash/CA1/_1984_/Y (sky130_fd_sc_hd__nor2b_1)
                                         hash/CA1/_0005_ (net)
                  0.14    0.00    6.56 ^ hash/CA1/_1985_/A2 (sky130_fd_sc_hd__o21ai_2)
     1    0.02    0.08    0.10    6.66 v hash/CA1/_1985_/Y (sky130_fd_sc_hd__o21ai_2)
                                         hash/CA1/_0006_ (net)
                  0.08    0.00    6.66 v hash/CA1/_1986_/B (sky130_fd_sc_hd__nand2b_4)
     2    0.02    0.09    0.11    6.77 ^ hash/CA1/_1986_/Y (sky130_fd_sc_hd__nand2b_4)
                                         hash/CA1/_0007_ (net)
                  0.09    0.00    6.77 ^ hash/CA1/_2009_/A2 (sky130_fd_sc_hd__a21oi_2)
     3    0.01    0.06    0.09    6.86 v hash/CA1/_2009_/Y (sky130_fd_sc_hd__a21oi_2)
                                         hash/CA1/_0021_ (net)
                  0.06    0.00    6.86 v hash/CA1/_2071_/A1 (sky130_fd_sc_hd__o211a_4)
     1    0.01    0.04    0.26    7.12 v hash/CA1/_2071_/X (sky130_fd_sc_hd__o211a_4)
                                         hash/CA1/_0065_ (net)
                  0.04    0.00    7.12 v hash/CA1/_2074_/A (sky130_fd_sc_hd__nor2_4)
     4    0.03    0.18    0.18    7.30 ^ hash/CA1/_2074_/Y (sky130_fd_sc_hd__nor2_4)
                                         hash/CA1/_0068_ (net)
                  0.18    0.00    7.30 ^ hash/CA1/_2075_/B (sky130_fd_sc_hd__nand2_1)
     2    0.01    0.08    0.11    7.42 v hash/CA1/_2075_/Y (sky130_fd_sc_hd__nand2_1)
                                         hash/CA1/_0069_ (net)
                  0.08    0.00    7.42 v hash/CA1/_2104_/A2 (sky130_fd_sc_hd__o21bai_1)
     1    0.01    0.16    0.17    7.58 ^ hash/CA1/_2104_/Y (sky130_fd_sc_hd__o21bai_1)
                                         hash/CA1/_0089_ (net)
                  0.16    0.00    7.58 ^ hash/CA1/_2105_/A2 (sky130_fd_sc_hd__a21o_4)
     2    0.01    0.04    0.15    7.74 ^ hash/CA1/_2105_/X (sky130_fd_sc_hd__a21o_4)
                                         hash/CA1/_0090_ (net)
                  0.04    0.00    7.74 ^ hash/CA1/_2106_/B (sky130_fd_sc_hd__xnor2_1)
     1    0.01    0.14    0.12    7.85 v hash/CA1/_2106_/Y (sky130_fd_sc_hd__xnor2_1)
                                         hash/CA1/_1122_ (net)
                  0.14    0.00    7.85 v hash/CA1/_3447_/B (sky130_fd_sc_hd__fa_1)
     1    0.00    0.06    0.53    8.39 ^ hash/CA1/_3447_/SUM (sky130_fd_sc_hd__fa_1)
                                         hash/CA1/_1125_ (net)
                  0.06    0.00    8.39 ^ hash/CA1/_2378_/A (sky130_fd_sc_hd__inv_1)
     1    0.00    0.03    0.04    8.43 v hash/CA1/_2378_/Y (sky130_fd_sc_hd__inv_1)
                                         hash/CA1/_1738_ (net)
                  0.03    0.00    8.43 v hash/CA1/_3662_/A (sky130_fd_sc_hd__ha_1)
     5    0.02    0.13    0.36    8.79 v hash/CA1/_3662_/SUM (sky130_fd_sc_hd__ha_1)
                                         hash/CA1/_1741_ (net)
                  0.13    0.00    8.79 v hash/CA1/_3119_/A3 (sky130_fd_sc_hd__a41oi_1)
     1    0.00    0.17    0.24    9.03 ^ hash/CA1/_3119_/Y (sky130_fd_sc_hd__a41oi_1)
                                         hash/CA1/_0757_ (net)
                  0.17    0.00    9.03 ^ hash/CA1/_3120_/B1 (sky130_fd_sc_hd__o21ai_0)
     1    0.01    0.11    0.14    9.18 v hash/CA1/_3120_/Y (sky130_fd_sc_hd__o21ai_0)
                                         hash/CA1/_0758_ (net)
                  0.11    0.00    9.18 v hash/CA1/_3121_/A2 (sky130_fd_sc_hd__a21oi_2)
     1    0.01    0.15    0.20    9.38 ^ hash/CA1/_3121_/Y (sky130_fd_sc_hd__a21oi_2)
                                         hash/CA1/_0759_ (net)
                  0.15    0.00    9.38 ^ hash/CA1/_3122_/B1 (sky130_fd_sc_hd__o31ai_4)
     3    0.02    0.11    0.12    9.50 v hash/CA1/_3122_/Y (sky130_fd_sc_hd__o31ai_4)
                                         hash/CA1/_0760_ (net)
                  0.11    0.00    9.51 v hash/CA1/_3183_/A1 (sky130_fd_sc_hd__a2111oi_1)
     1    0.01    0.54    0.52   10.03 ^ hash/CA1/_3183_/Y (sky130_fd_sc_hd__a2111oi_1)
                                         hash/CA1/_0811_ (net)
                  0.54    0.00   10.03 ^ hash/CA1/_3184_/C1 (sky130_fd_sc_hd__a211oi_2)
     3    0.01    0.14    0.13   10.16 v hash/CA1/_3184_/Y (sky130_fd_sc_hd__a211oi_2)
                                         hash/CA1/_0812_ (net)
                  0.14    0.00   10.16 v hash/CA1/_3190_/A2 (sky130_fd_sc_hd__a21o_1)
     1    0.00    0.04    0.21   10.37 v hash/CA1/_3190_/X (sky130_fd_sc_hd__a21o_1)
                                         hash/CA1/_0816_ (net)
                  0.04    0.00   10.37 v hash/CA1/_3191_/A2 (sky130_fd_sc_hd__a21oi_1)
     1    0.01    0.17    0.18   10.55 ^ hash/CA1/_3191_/Y (sky130_fd_sc_hd__a21oi_1)
                                         hash/CA1/_0817_ (net)
                  0.17    0.00   10.55 ^ hash/CA1/_3192_/B (sky130_fd_sc_hd__xnor2_1)
     1    0.00    0.10    0.13   10.67 ^ hash/CA1/_3192_/Y (sky130_fd_sc_hd__xnor2_1)
                                         hash/p3[28] (net)
                  0.10    0.00   10.67 ^ hash/p3_cap[28]$_DFF_P_/D (sky130_fd_sc_hd__dfxtp_1)
                                 10.67   data arrival time

                  0.00   10.00   10.00   clock core_clock (rise edge)
                          0.00   10.00   clock network delay (ideal)
                          0.00   10.00   clock reconvergence pessimism
                                 10.00 ^ hash/p3_cap[28]$_DFF_P_/CLK (sky130_fd_sc_hd__dfxtp_1)
                         -0.07    9.93   library setup time
                                  9.93   data required time
-----------------------------------------------------------------------------
                                  9.93   data required time
                                -10.67   data arrival time
-----------------------------------------------------------------------------
                                 -0.75   slack (VIOLATED)



==========================================================================
resizer report_check_types -max_slew -max_cap -max_fanout -violators
--------------------------------------------------------------------------

==========================================================================
resizer max_slew_check_slack
--------------------------------------------------------------------------
0.0322958342730999

==========================================================================
resizer max_slew_check_limit
--------------------------------------------------------------------------
1.4979510307312012

==========================================================================
resizer max_slew_check_slack_limit
--------------------------------------------------------------------------
0.0216

==========================================================================
resizer max_fanout_check_slack
--------------------------------------------------------------------------
1.0000000150474662e+30

==========================================================================
resizer max_fanout_check_limit
--------------------------------------------------------------------------
1.0000000150474662e+30

==========================================================================
resizer max_capacitance_check_slack
--------------------------------------------------------------------------
0.0031495532020926476

==========================================================================
resizer max_capacitance_check_limit
--------------------------------------------------------------------------
0.1620579957962036

==========================================================================
resizer max_capacitance_check_slack_limit
--------------------------------------------------------------------------
0.0194

==========================================================================
resizer max_slew_violation_count
--------------------------------------------------------------------------
max slew violation count 0

==========================================================================
resizer max_fanout_violation_count
--------------------------------------------------------------------------
max fanout violation count 0

==========================================================================
resizer max_cap_violation_count
--------------------------------------------------------------------------
max cap violation count 0

==========================================================================
resizer setup_violation_count
--------------------------------------------------------------------------
setup violation count 30

==========================================================================
resizer hold_violation_count
--------------------------------------------------------------------------
hold violation count 0

==========================================================================
resizer report_checks -path_delay max reg to reg
--------------------------------------------------------------------------
Startpoint: hash/p2_cap[11]$_DFF_P_
            (rising edge-triggered flip-flop clocked by core_clock)
Endpoint: hash/p3_cap[28]$_DFF_P_
          (rising edge-triggered flip-flop clocked by core_clock)
Path Group: core_clock
Path Type: max

  Delay    Time   Description
---------------------------------------------------------
   0.00    0.00   clock core_clock (rise edge)
   0.00    0.00   clock network delay (ideal)
   0.00    0.00 ^ hash/p2_cap[11]$_DFF_P_/CLK (sky130_fd_sc_hd__dfxtp_1)
   0.46    0.46 ^ hash/p2_cap[11]$_DFF_P_/Q (sky130_fd_sc_hd__dfxtp_1)
   0.52    0.99 v hash/CA2/S1/_00_/X (sky130_fd_sc_hd__xor3_1)
   0.20    1.18 v hash/CA2/_2242_/COUT (sky130_fd_sc_hd__ha_4)
   0.42    1.60 v hash/CA2/_2147_/COUT (sky130_fd_sc_hd__fa_1)
   0.21    1.81 v hash/CA2/_1225_/X (sky130_fd_sc_hd__a21o_1)
   0.22    2.04 ^ hash/CA2/_1226_/Y (sky130_fd_sc_hd__a21oi_2)
   0.09    2.13 v hash/CA2/_1758_/Y (sky130_fd_sc_hd__o21bai_1)
   0.20    2.33 ^ hash/CA2/_1759_/Y (sky130_fd_sc_hd__a21oi_1)
   0.17    2.49 v hash/CA2/_1760_/Y (sky130_fd_sc_hd__xnor2_1)
   0.24    2.73 v hash/CA2/_2254_/COUT (sky130_fd_sc_hd__ha_1)
   0.48    3.21 v hash/CA2/_2003_/X (sky130_fd_sc_hd__or4_1)
   0.35    3.56 ^ hash/CA2/_2004_/Y (sky130_fd_sc_hd__a311oi_1)
   0.13    3.69 v hash/CA2/_2005_/Y (sky130_fd_sc_hd__a211oi_2)
   0.33    4.02 ^ hash/CA2/_2047_/Y (sky130_fd_sc_hd__o211ai_1)
   0.15    4.17 v hash/CA2/_2063_/Y (sky130_fd_sc_hd__a21oi_1)
   0.32    4.49 v hash/CA2/_2064_/X (sky130_fd_sc_hd__a211o_4)
   0.28    4.77 v hash/CA2/_2086_/X (sky130_fd_sc_hd__a311o_1)
   0.18    4.95 ^ hash/CA2/_2087_/Y (sky130_fd_sc_hd__a21oi_1)
   0.14    5.09 v hash/CA2/_2088_/Y (sky130_fd_sc_hd__xnor2_1)
   0.37    5.46 v hash/_3540_/X (sky130_fd_sc_hd__mux2_8)
   0.21    5.67 ^ hash/CA1/S1/_00_/X (sky130_fd_sc_hd__xor3_1)
   0.20    5.88 ^ hash/CA1/_3621_/COUT (sky130_fd_sc_hd__ha_2)
   0.06    5.94 v hash/CA1/_2333_/Y (sky130_fd_sc_hd__inv_1)
   0.45    6.39 v hash/CA1/_3433_/COUT (sky130_fd_sc_hd__fa_1)
   0.17    6.56 ^ hash/CA1/_1984_/Y (sky130_fd_sc_hd__nor2b_1)
   0.10    6.66 v hash/CA1/_1985_/Y (sky130_fd_sc_hd__o21ai_2)
   0.11    6.77 ^ hash/CA1/_1986_/Y (sky130_fd_sc_hd__nand2b_4)
   0.09    6.86 v hash/CA1/_2009_/Y (sky130_fd_sc_hd__a21oi_2)
   0.26    7.12 v hash/CA1/_2071_/X (sky130_fd_sc_hd__o211a_4)
   0.18    7.30 ^ hash/CA1/_2074_/Y (sky130_fd_sc_hd__nor2_4)
   0.11    7.42 v hash/CA1/_2075_/Y (sky130_fd_sc_hd__nand2_1)
   0.17    7.58 ^ hash/CA1/_2104_/Y (sky130_fd_sc_hd__o21bai_1)
   0.15    7.74 ^ hash/CA1/_2105_/X (sky130_fd_sc_hd__a21o_4)
   0.12    7.85 v hash/CA1/_2106_/Y (sky130_fd_sc_hd__xnor2_1)
   0.53    8.39 ^ hash/CA1/_3447_/SUM (sky130_fd_sc_hd__fa_1)
   0.04    8.43 v hash/CA1/_2378_/Y (sky130_fd_sc_hd__inv_1)
   0.36    8.79 v hash/CA1/_3662_/SUM (sky130_fd_sc_hd__ha_1)
   0.24    9.03 ^ hash/CA1/_3119_/Y (sky130_fd_sc_hd__a41oi_1)
   0.14    9.18 v hash/CA1/_3120_/Y (sky130_fd_sc_hd__o21ai_0)
   0.20    9.38 ^ hash/CA1/_3121_/Y (sky130_fd_sc_hd__a21oi_2)
   0.12    9.50 v hash/CA1/_3122_/Y (sky130_fd_sc_hd__o31ai_4)
   0.52   10.03 ^ hash/CA1/_3183_/Y (sky130_fd_sc_hd__a2111oi_1)
   0.13   10.16 v hash/CA1/_3184_/Y (sky130_fd_sc_hd__a211oi_2)
   0.21   10.37 v hash/CA1/_3190_/X (sky130_fd_sc_hd__a21o_1)
   0.18   10.55 ^ hash/CA1/_3191_/Y (sky130_fd_sc_hd__a21oi_1)
   0.13   10.67 ^ hash/CA1/_3192_/Y (sky130_fd_sc_hd__xnor2_1)
   0.00   10.67 ^ hash/p3_cap[28]$_DFF_P_/D (sky130_fd_sc_hd__dfxtp_1)
          10.67   data arrival time

  10.00   10.00   clock core_clock (rise edge)
   0.00   10.00   clock network delay (ideal)
   0.00   10.00   clock reconvergence pessimism
          10.00 ^ hash/p3_cap[28]$_DFF_P_/CLK (sky130_fd_sc_hd__dfxtp_1)
  -0.07    9.93   library setup time
           9.93   data required time
---------------------------------------------------------
           9.93   data required time
         -10.67   data arrival time
---------------------------------------------------------
          -0.75   slack (VIOLATED)



==========================================================================
resizer report_checks -path_delay min reg to reg
--------------------------------------------------------------------------
Startpoint: ready_dash$_SDFF_PP0_
            (rising edge-triggered flip-flop clocked by core_clock)
Endpoint: ready$_DFF_P_ (rising edge-triggered flip-flop clocked by core_clock)
Path Group: core_clock
Path Type: min

  Delay    Time   Description
---------------------------------------------------------
   0.00    0.00   clock core_clock (rise edge)
   0.00    0.00   clock network delay (ideal)
   0.00    0.00 ^ ready_dash$_SDFF_PP0_/CLK (sky130_fd_sc_hd__dfxtp_1)
   0.28    0.28 ^ ready_dash$_SDFF_PP0_/Q (sky130_fd_sc_hd__dfxtp_1)
   0.00    0.28 ^ ready$_DFF_P_/D (sky130_fd_sc_hd__dfxtp_1)
           0.28   data arrival time

   0.00    0.00   clock core_clock (rise edge)
   0.00    0.00   clock network delay (ideal)
   0.00    0.00   clock reconvergence pessimism
           0.00 ^ ready$_DFF_P_/CLK (sky130_fd_sc_hd__dfxtp_1)
  -0.03   -0.03   library hold time
          -0.03   data required time
---------------------------------------------------------
          -0.03   data required time
          -0.28   data arrival time
---------------------------------------------------------
           0.31   slack (MET)



==========================================================================
resizer critical path target clock latency max path
--------------------------------------------------------------------------
0.0000

==========================================================================
resizer critical path target clock latency min path
--------------------------------------------------------------------------
0.0000

==========================================================================
resizer critical path source clock latency min path
--------------------------------------------------------------------------
0.0000

==========================================================================
resizer critical path delay
--------------------------------------------------------------------------
10.6750

==========================================================================
resizer critical path slack
--------------------------------------------------------------------------
-0.7485

==========================================================================
resizer slack div critical path delay
--------------------------------------------------------------------------
-7.011710

==========================================================================
resizer report_power
--------------------------------------------------------------------------
Group                  Internal  Switching    Leakage      Total
                          Power      Power      Power      Power (Watts)
----------------------------------------------------------------
Sequential             1.88e-02   2.31e-03   2.80e-08   2.11e-02   5.9%
Combinational          1.43e-01   1.91e-01   6.61e-08   3.34e-01  94.1%
Clock                  0.00e+00   0.00e+00   0.00e+00   0.00e+00   0.0%
Macro                  0.00e+00   0.00e+00   0.00e+00   0.00e+00   0.0%
Pad                    0.00e+00   0.00e+00   0.00e+00   0.00e+00   0.0%
----------------------------------------------------------------
Total                  1.62e-01   1.93e-01   9.40e-08   3.56e-01 100.0%
                          45.6%      54.4%       0.0%
