
==========================================================================
global route report_tns
--------------------------------------------------------------------------
tns -3.16

==========================================================================
global route report_wns
--------------------------------------------------------------------------
wns -0.34

==========================================================================
global route report_worst_slack
--------------------------------------------------------------------------
worst slack -0.34

==========================================================================
global route report_clock_skew
--------------------------------------------------------------------------
Clock core_clock
   1.08 source latency w[59][1]$_SDFFCE_PN0P_/CLK ^
  -1.00 target latency w_value2[1]$_DFF_P_/CLK ^
   0.00 CRPR
--------------
   0.08 setup skew


==========================================================================
global route report_checks -path_delay min
--------------------------------------------------------------------------
Startpoint: ready_dash$_SDFF_PP0_
            (rising edge-triggered flip-flop clocked by core_clock)
Endpoint: ready$_DFF_P_ (rising edge-triggered flip-flop clocked by core_clock)
Path Group: core_clock
Path Type: min

Fanout     Cap    Slew   Delay    Time   Description
-----------------------------------------------------------------------------
                          0.00    0.00   clock core_clock (rise edge)
                          0.00    0.00   clock source latency
     1    0.14    0.00    0.00    0.00 ^ clk (in)
                                         clk (net)
                  0.02    0.01    0.01 ^ clkbuf_0_clk/A (sky130_fd_sc_hd__clkbuf_16)
     4    0.19    0.20    0.23    0.24 ^ clkbuf_0_clk/X (sky130_fd_sc_hd__clkbuf_16)
                                         clknet_0_clk (net)
                  0.20    0.01    0.25 ^ clkbuf_2_1_0_clk/A (sky130_fd_sc_hd__clkbuf_16)
     8    0.20    0.21    0.30    0.55 ^ clkbuf_2_1_0_clk/X (sky130_fd_sc_hd__clkbuf_16)
                                         clknet_2_1_0_clk (net)
                  0.21    0.00    0.56 ^ clkbuf_5_13__f_clk/A (sky130_fd_sc_hd__clkbuf_16)
     9    0.18    0.19    0.29    0.85 ^ clkbuf_5_13__f_clk/X (sky130_fd_sc_hd__clkbuf_16)
                                         clknet_5_13__leaf_clk (net)
                  0.19    0.00    0.85 ^ clkbuf_leaf_193_clk/A (sky130_fd_sc_hd__clkbuf_16)
     9    0.04    0.06    0.19    1.04 ^ clkbuf_leaf_193_clk/X (sky130_fd_sc_hd__clkbuf_16)
                                         clknet_leaf_193_clk (net)
                  0.06    0.00    1.04 ^ ready_dash$_SDFF_PP0_/CLK (sky130_fd_sc_hd__dfxtp_1)
     1    0.00    0.04    0.30    1.35 ^ ready_dash$_SDFF_PP0_/Q (sky130_fd_sc_hd__dfxtp_1)
                                         ready_dash (net)
                  0.04    0.00    1.35 ^ ready$_DFF_P_/D (sky130_fd_sc_hd__dfxtp_1)
                                  1.35   data arrival time

                          0.00    0.00   clock core_clock (rise edge)
                          0.00    0.00   clock source latency
     1    0.14    0.00    0.00    0.00 ^ clk (in)
                                         clk (net)
                  0.02    0.01    0.01 ^ clkbuf_0_clk/A (sky130_fd_sc_hd__clkbuf_16)
     4    0.19    0.20    0.23    0.24 ^ clkbuf_0_clk/X (sky130_fd_sc_hd__clkbuf_16)
                                         clknet_0_clk (net)
                  0.20    0.01    0.25 ^ clkbuf_2_1_0_clk/A (sky130_fd_sc_hd__clkbuf_16)
     8    0.20    0.21    0.30    0.55 ^ clkbuf_2_1_0_clk/X (sky130_fd_sc_hd__clkbuf_16)
                                         clknet_2_1_0_clk (net)
                  0.21    0.00    0.56 ^ clkbuf_5_13__f_clk/A (sky130_fd_sc_hd__clkbuf_16)
     9    0.18    0.19    0.29    0.85 ^ clkbuf_5_13__f_clk/X (sky130_fd_sc_hd__clkbuf_16)
                                         clknet_5_13__leaf_clk (net)
                  0.19    0.00    0.85 ^ clkbuf_leaf_193_clk/A (sky130_fd_sc_hd__clkbuf_16)
     9    0.04    0.06    0.19    1.04 ^ clkbuf_leaf_193_clk/X (sky130_fd_sc_hd__clkbuf_16)
                                         clknet_leaf_193_clk (net)
                  0.06    0.00    1.04 ^ ready$_DFF_P_/CLK (sky130_fd_sc_hd__dfxtp_1)
                          0.00    1.04   clock reconvergence pessimism
                         -0.03    1.02   library hold time
                                  1.02   data required time
-----------------------------------------------------------------------------
                                  1.02   data required time
                                 -1.35   data arrival time
-----------------------------------------------------------------------------
                                  0.33   slack (MET)



==========================================================================
global route report_checks -path_delay max
--------------------------------------------------------------------------
Startpoint: hash/p2_cap[11]$_DFF_P_
            (rising edge-triggered flip-flop clocked by core_clock)
Endpoint: hash/p2_cap[30]$_DFF_P_
          (rising edge-triggered flip-flop clocked by core_clock)
Path Group: core_clock
Path Type: max

Fanout     Cap    Slew   Delay    Time   Description
-----------------------------------------------------------------------------
                          0.00    0.00   clock core_clock (rise edge)
                          0.00    0.00   clock source latency
     1    0.14    0.00    0.00    0.00 ^ clk (in)
                                         clk (net)
                  0.02    0.01    0.01 ^ clkbuf_0_clk/A (sky130_fd_sc_hd__clkbuf_16)
     4    0.19    0.20    0.23    0.24 ^ clkbuf_0_clk/X (sky130_fd_sc_hd__clkbuf_16)
                                         clknet_0_clk (net)
                  0.20    0.01    0.25 ^ clkbuf_2_3_0_clk/A (sky130_fd_sc_hd__clkbuf_16)
     8    0.21    0.22    0.31    0.56 ^ clkbuf_2_3_0_clk/X (sky130_fd_sc_hd__clkbuf_16)
                                         clknet_2_3_0_clk (net)
                  0.22    0.01    0.57 ^ clkbuf_5_26__f_clk/A (sky130_fd_sc_hd__clkbuf_16)
    10    0.17    0.18    0.29    0.86 ^ clkbuf_5_26__f_clk/X (sky130_fd_sc_hd__clkbuf_16)
                                         clknet_5_26__leaf_clk (net)
                  0.18    0.00    0.86 ^ clkbuf_leaf_186_clk/A (sky130_fd_sc_hd__clkbuf_16)
     9    0.04    0.06    0.19    1.05 ^ clkbuf_leaf_186_clk/X (sky130_fd_sc_hd__clkbuf_16)
                                         clknet_leaf_186_clk (net)
                  0.06    0.00    1.05 ^ hash/p2_cap[11]$_DFF_P_/CLK (sky130_fd_sc_hd__dfxtp_4)
     3    0.02    0.06    0.36    1.42 ^ hash/p2_cap[11]$_DFF_P_/Q (sky130_fd_sc_hd__dfxtp_4)
                                         hash/p2_cap[11] (net)
                  0.06    0.00    1.42 ^ hash/CA2/S1/_00_/A (sky130_fd_sc_hd__xor3_1)
     1    0.01    0.11    0.45    1.87 v hash/CA2/S1/_00_/X (sky130_fd_sc_hd__xor3_1)
                                         hash/CA2/s1[0] (net)
                  0.11    0.00    1.87 v hash/CA2/_2242_/B (sky130_fd_sc_hd__ha_4)
     2    0.01    0.03    0.18    2.05 v hash/CA2/_2242_/COUT (sky130_fd_sc_hd__ha_4)
                                         hash/CA2/_0615_ (net)
                  0.03    0.00    2.05 v hash/CA2/_2147_/CIN (sky130_fd_sc_hd__fa_2)
     2    0.01    0.08    0.36    2.41 v hash/CA2/_2147_/COUT (sky130_fd_sc_hd__fa_2)
                                         hash/CA2/_0617_ (net)
                  0.08    0.00    2.41 v hash/CA2/_1225_/A1 (sky130_fd_sc_hd__a21o_1)
     1    0.01    0.07    0.21    2.61 v hash/CA2/_1225_/X (sky130_fd_sc_hd__a21o_1)
                                         hash/CA2/_0525_ (net)
                  0.07    0.00    2.62 v hash/CA2/_1226_/A2 (sky130_fd_sc_hd__a21oi_4)
     3    0.02    0.17    0.21    2.82 ^ hash/CA2/_1226_/Y (sky130_fd_sc_hd__a21oi_4)
                                         hash/CA2/_0526_ (net)
                  0.17    0.00    2.82 ^ hash/CA2/_1758_/A1 (sky130_fd_sc_hd__o21bai_1)
     1    0.01    0.07    0.12    2.94 v hash/CA2/_1758_/Y (sky130_fd_sc_hd__o21bai_1)
                                         hash/CA2/_0231_ (net)
                  0.07    0.00    2.94 v hash/CA2/_1759_/A2 (sky130_fd_sc_hd__a21oi_2)
     1    0.01    0.15    0.19    3.13 ^ hash/CA2/_1759_/Y (sky130_fd_sc_hd__a21oi_2)
                                         hash/CA2/_0232_ (net)
                  0.15    0.00    3.13 ^ hash/CA2/_1760_/A (sky130_fd_sc_hd__xnor2_2)
     2    0.02    0.10    0.13    3.26 v hash/CA2/_1760_/Y (sky130_fd_sc_hd__xnor2_2)
                                         hash/CA2/_0669_ (net)
                  0.10    0.00    3.26 v hash/CA2/_2254_/A (sky130_fd_sc_hd__ha_2)
     3    0.01    0.05    0.22    3.49 v hash/CA2/_2254_/COUT (sky130_fd_sc_hd__ha_2)
                                         hash/CA2/_0961_ (net)
                  0.05    0.00    3.49 v hash/CA2/_2003_/D (sky130_fd_sc_hd__or4_4)
     1    0.01    0.10    0.44    3.93 v hash/CA2/_2003_/X (sky130_fd_sc_hd__or4_4)
                                         hash/CA2/_0409_ (net)
                  0.10    0.00    3.93 v hash/CA2/_2004_/C1 (sky130_fd_sc_hd__a311oi_4)
     1    0.01    0.27    0.26    4.19 ^ hash/CA2/_2004_/Y (sky130_fd_sc_hd__a311oi_4)
                                         hash/CA2/_0410_ (net)
                  0.27    0.00    4.19 ^ hash/CA2/_2005_/B1 (sky130_fd_sc_hd__a211oi_2)
     3    0.01    0.11    0.12    4.31 v hash/CA2/_2005_/Y (sky130_fd_sc_hd__a211oi_2)
                                         hash/CA2/_0411_ (net)
                  0.11    0.00    4.31 v hash/CA2/_2047_/A2 (sky130_fd_sc_hd__o211ai_1)
     2    0.01    0.36    0.34    4.65 ^ hash/CA2/_2047_/Y (sky130_fd_sc_hd__o211ai_1)
                                         hash/CA2/_0445_ (net)
                  0.36    0.00    4.65 ^ hash/CA2/_2063_/A1 (sky130_fd_sc_hd__a21oi_2)
     1    0.01    0.09    0.11    4.77 v hash/CA2/_2063_/Y (sky130_fd_sc_hd__a21oi_2)
                                         hash/CA2/_0459_ (net)
                  0.09    0.00    4.77 v hash/CA2/_2064_/B1 (sky130_fd_sc_hd__a211o_4)
     4    0.03    0.08    0.36    5.13 v hash/CA2/_2064_/X (sky130_fd_sc_hd__a211o_4)
                                         hash/CA2/_0460_ (net)
                  0.08    0.00    5.13 v hash/CA2/_2086_/A3 (sky130_fd_sc_hd__a311o_1)
     1    0.01    0.07    0.38    5.51 v hash/CA2/_2086_/X (sky130_fd_sc_hd__a311o_1)
                                         hash/CA2/_0478_ (net)
                  0.07    0.00    5.51 v hash/CA2/_2087_/A2 (sky130_fd_sc_hd__a21oi_2)
     1    0.01    0.16    0.20    5.70 ^ hash/CA2/_2087_/Y (sky130_fd_sc_hd__a21oi_2)
                                         hash/CA2/_0479_ (net)
                  0.16    0.00    5.70 ^ hash/CA2/_2088_/B (sky130_fd_sc_hd__xnor2_2)
     1    0.01    0.08    0.11    5.81 v hash/CA2/_2088_/Y (sky130_fd_sc_hd__xnor2_2)
                                         hash/e_new[25] (net)
                  0.08    0.00    5.81 v hash/_3540_/A0 (sky130_fd_sc_hd__mux2_8)
     6    0.05    0.09    0.36    6.18 v hash/_3540_/X (sky130_fd_sc_hd__mux2_8)
                                         hash/e[25] (net)
                  0.09    0.00    6.18 v hash/CA1/S1/_00_/C (sky130_fd_sc_hd__xor3_1)
     1    0.01    0.14    0.27    6.45 ^ hash/CA1/S1/_00_/X (sky130_fd_sc_hd__xor3_1)
                                         hash/CA1/s1[0] (net)
                  0.14    0.00    6.45 ^ hash/CA1/_3621_/B (sky130_fd_sc_hd__ha_4)
     3    0.02    0.08    0.18    6.63 ^ hash/CA1/_3621_/COUT (sky130_fd_sc_hd__ha_4)
                                         hash/CA1/_1631_ (net)
                  0.08    0.00    6.63 ^ hash/CA1/_2333_/A (sky130_fd_sc_hd__inv_4)
     1    0.01    0.02    0.04    6.67 v hash/CA1/_2333_/Y (sky130_fd_sc_hd__inv_4)
                                         hash/CA1/_1056_ (net)
                  0.02    0.00    6.67 v hash/CA1/_3433_/A (sky130_fd_sc_hd__fa_2)
     2    0.02    0.10    0.42    7.09 v hash/CA1/_3433_/COUT (sky130_fd_sc_hd__fa_2)
                                         hash/CA1/_1058_ (net)
                  0.10    0.00    7.09 v hash/CA1/_1984_/A (sky130_fd_sc_hd__nor2b_2)
     1    0.01    0.12    0.16    7.25 ^ hash/CA1/_1984_/Y (sky130_fd_sc_hd__nor2b_2)
                                         hash/CA1/_0005_ (net)
                  0.12    0.00    7.25 ^ hash/CA1/_1985_/A1 (sky130_fd_sc_hd__o21ai_2)
     1    0.02    0.08    0.11    7.36 v hash/CA1/_1985_/Y (sky130_fd_sc_hd__o21ai_2)
                                         hash/CA1/_0006_ (net)
                  0.08    0.00    7.36 v hash/CA1/_1986_/B (sky130_fd_sc_hd__nand2b_4)
     2    0.03    0.11    0.13    7.49 ^ hash/CA1/_1986_/Y (sky130_fd_sc_hd__nand2b_4)
                                         hash/CA1/_0007_ (net)
                  0.11    0.00    7.49 ^ hash/CA1/_2009_/A1 (sky130_fd_sc_hd__a21oi_4)
     3    0.01    0.06    0.08    7.57 v hash/CA1/_2009_/Y (sky130_fd_sc_hd__a21oi_4)
                                         hash/CA1/_0021_ (net)
                  0.06    0.00    7.57 v hash/CA1/_2071_/A2 (sky130_fd_sc_hd__o211a_4)
     1    0.01    0.05    0.24    7.81 v hash/CA1/_2071_/X (sky130_fd_sc_hd__o211a_4)
                                         hash/CA1/_0065_ (net)
                  0.05    0.00    7.81 v hash/CA1/_2074_/A (sky130_fd_sc_hd__nor2_4)
     4    0.04    0.25    0.23    8.04 ^ hash/CA1/_2074_/Y (sky130_fd_sc_hd__nor2_4)
                                         hash/CA1/_0068_ (net)
                  0.25    0.00    8.05 ^ hash/CA1/_2193_/A1 (sky130_fd_sc_hd__a31oi_4)
     4    0.02    0.12    0.16    8.21 v hash/CA1/_2193_/Y (sky130_fd_sc_hd__a31oi_4)
                                         hash/CA1/_0154_ (net)
                  0.12    0.00    8.21 v hash/CA1/_2248_/A1 (sky130_fd_sc_hd__o211ai_1)
     1    0.01    0.35    0.36    8.57 ^ hash/CA1/_2248_/Y (sky130_fd_sc_hd__o211ai_1)
                                         hash/CA1/_0194_ (net)
                  0.35    0.00    8.57 ^ hash/CA1/_2249_/A1 (sky130_fd_sc_hd__a21oi_4)
     2    0.03    0.12    0.16    8.72 v hash/CA1/_2249_/Y (sky130_fd_sc_hd__a21oi_4)
                                         hash/CA1/_0195_ (net)
                  0.12    0.00    8.72 v hash/CA1/_2658_/A (sky130_fd_sc_hd__xnor2_2)
     1    0.01    0.16    0.21    8.93 ^ hash/CA1/_2658_/Y (sky130_fd_sc_hd__xnor2_2)
                                         hash/CA1/_1364_ (net)
                  0.16    0.00    8.93 ^ hash/CA1/_3512_/CIN (sky130_fd_sc_hd__fa_1)
     1    0.01    0.13    0.49    9.43 v hash/CA1/_3512_/SUM (sky130_fd_sc_hd__fa_1)
                                         hash/CA1/_1366_ (net)
                  0.13    0.00    9.43 v hash/CA1/_3733_/A (sky130_fd_sc_hd__ha_4)
     4    0.02    0.06    0.29    9.72 v hash/CA1/_3733_/SUM (sky130_fd_sc_hd__ha_4)
                                         hash/CA1/_1945_ (net)
                  0.06    0.00    9.72 v hash/CA1/_2975_/A (sky130_fd_sc_hd__and2_4)
     3    0.02    0.05    0.16    9.89 v hash/CA1/_2975_/X (sky130_fd_sc_hd__and2_4)
                                         hash/CA1/_0633_ (net)
                  0.05    0.00    9.89 v hash/CA1/_2976_/B2 (sky130_fd_sc_hd__a221oi_4)
     3    0.02    0.31    0.34   10.22 ^ hash/CA1/_2976_/Y (sky130_fd_sc_hd__a221oi_4)
                                         hash/CA1/_0634_ (net)
                  0.31    0.00   10.22 ^ hash/CA1/_2982_/A (sky130_fd_sc_hd__inv_1)
     1    0.01    0.09    0.12   10.34 v hash/CA1/_2982_/Y (sky130_fd_sc_hd__inv_1)
                                         hash/CA1/_0639_ (net)
                  0.09    0.00   10.34 v hash/CA1/_2983_/A1 (sky130_fd_sc_hd__a21oi_2)
     2    0.01    0.18    0.21   10.54 ^ hash/CA1/_2983_/Y (sky130_fd_sc_hd__a21oi_2)
                                         hash/CA1/_0640_ (net)
                  0.18    0.00   10.55 ^ hash/CA1/_2984_/A (sky130_fd_sc_hd__nand2_2)
     1    0.01    0.07    0.09   10.63 v hash/CA1/_2984_/Y (sky130_fd_sc_hd__nand2_2)
                                         hash/CA1/_0641_ (net)
                  0.07    0.00   10.63 v hash/CA1/_2985_/B (sky130_fd_sc_hd__nor3_4)
     3    0.02    0.25    0.26   10.89 ^ hash/CA1/_2985_/Y (sky130_fd_sc_hd__nor3_4)
                                         hash/CA1/_0642_ (net)
                  0.25    0.00   10.89 ^ hash/CA1/_3017_/A2 (sky130_fd_sc_hd__o31ai_2)
     1    0.01    0.09    0.12   11.01 v hash/CA1/_3017_/Y (sky130_fd_sc_hd__o31ai_2)
                                         hash/CA1/_0670_ (net)
                  0.09    0.00   11.01 v hash/CA1/_3018_/A1 (sky130_fd_sc_hd__a21oi_2)
     1    0.01    0.12    0.16   11.17 ^ hash/CA1/_3018_/Y (sky130_fd_sc_hd__a21oi_2)
                                         hash/CA1/_0671_ (net)
                  0.12    0.00   11.17 ^ hash/CA1/_3019_/A (sky130_fd_sc_hd__xnor2_1)
     1    0.00    0.14    0.14   11.31 ^ hash/CA1/_3019_/Y (sky130_fd_sc_hd__xnor2_1)
                                         hash/p2[30] (net)
                  0.14    0.00   11.31 ^ hash/p2_cap[30]$_DFF_P_/D (sky130_fd_sc_hd__dfxtp_1)
                                 11.31   data arrival time

                         10.00   10.00   clock core_clock (rise edge)
                          0.00   10.00   clock source latency
     1    0.14    0.00    0.00   10.00 ^ clk (in)
                                         clk (net)
                  0.02    0.01   10.01 ^ clkbuf_0_clk/A (sky130_fd_sc_hd__clkbuf_16)
     4    0.19    0.20    0.23   10.24 ^ clkbuf_0_clk/X (sky130_fd_sc_hd__clkbuf_16)
                                         clknet_0_clk (net)
                  0.20    0.01   10.25 ^ clkbuf_2_1_0_clk/A (sky130_fd_sc_hd__clkbuf_16)
     8    0.20    0.21    0.30   10.55 ^ clkbuf_2_1_0_clk/X (sky130_fd_sc_hd__clkbuf_16)
                                         clknet_2_1_0_clk (net)
                  0.21    0.01   10.56 ^ clkbuf_5_15__f_clk/A (sky130_fd_sc_hd__clkbuf_16)
     9    0.17    0.18    0.29   10.85 ^ clkbuf_5_15__f_clk/X (sky130_fd_sc_hd__clkbuf_16)
                                         clknet_5_15__leaf_clk (net)
                  0.18    0.00   10.85 ^ clkbuf_leaf_204_clk/A (sky130_fd_sc_hd__clkbuf_16)
     9    0.04    0.06    0.19   11.04 ^ clkbuf_leaf_204_clk/X (sky130_fd_sc_hd__clkbuf_16)
                                         clknet_leaf_204_clk (net)
                  0.06    0.00   11.04 ^ hash/p2_cap[30]$_DFF_P_/CLK (sky130_fd_sc_hd__dfxtp_1)
                          0.00   11.04   clock reconvergence pessimism
                         -0.07   10.96   library setup time
                                 10.96   data required time
-----------------------------------------------------------------------------
                                 10.96   data required time
                                -11.31   data arrival time
-----------------------------------------------------------------------------
                                 -0.34   slack (VIOLATED)



==========================================================================
global route report_checks -unconstrained
--------------------------------------------------------------------------
Startpoint: hash/p2_cap[11]$_DFF_P_
            (rising edge-triggered flip-flop clocked by core_clock)
Endpoint: hash/p2_cap[30]$_DFF_P_
          (rising edge-triggered flip-flop clocked by core_clock)
Path Group: core_clock
Path Type: max

Fanout     Cap    Slew   Delay    Time   Description
-----------------------------------------------------------------------------
                          0.00    0.00   clock core_clock (rise edge)
                          0.00    0.00   clock source latency
     1    0.14    0.00    0.00    0.00 ^ clk (in)
                                         clk (net)
                  0.02    0.01    0.01 ^ clkbuf_0_clk/A (sky130_fd_sc_hd__clkbuf_16)
     4    0.19    0.20    0.23    0.24 ^ clkbuf_0_clk/X (sky130_fd_sc_hd__clkbuf_16)
                                         clknet_0_clk (net)
                  0.20    0.01    0.25 ^ clkbuf_2_3_0_clk/A (sky130_fd_sc_hd__clkbuf_16)
     8    0.21    0.22    0.31    0.56 ^ clkbuf_2_3_0_clk/X (sky130_fd_sc_hd__clkbuf_16)
                                         clknet_2_3_0_clk (net)
                  0.22    0.01    0.57 ^ clkbuf_5_26__f_clk/A (sky130_fd_sc_hd__clkbuf_16)
    10    0.17    0.18    0.29    0.86 ^ clkbuf_5_26__f_clk/X (sky130_fd_sc_hd__clkbuf_16)
                                         clknet_5_26__leaf_clk (net)
                  0.18    0.00    0.86 ^ clkbuf_leaf_186_clk/A (sky130_fd_sc_hd__clkbuf_16)
     9    0.04    0.06    0.19    1.05 ^ clkbuf_leaf_186_clk/X (sky130_fd_sc_hd__clkbuf_16)
                                         clknet_leaf_186_clk (net)
                  0.06    0.00    1.05 ^ hash/p2_cap[11]$_DFF_P_/CLK (sky130_fd_sc_hd__dfxtp_4)
     3    0.02    0.06    0.36    1.42 ^ hash/p2_cap[11]$_DFF_P_/Q (sky130_fd_sc_hd__dfxtp_4)
                                         hash/p2_cap[11] (net)
                  0.06    0.00    1.42 ^ hash/CA2/S1/_00_/A (sky130_fd_sc_hd__xor3_1)
     1    0.01    0.11    0.45    1.87 v hash/CA2/S1/_00_/X (sky130_fd_sc_hd__xor3_1)
                                         hash/CA2/s1[0] (net)
                  0.11    0.00    1.87 v hash/CA2/_2242_/B (sky130_fd_sc_hd__ha_4)
     2    0.01    0.03    0.18    2.05 v hash/CA2/_2242_/COUT (sky130_fd_sc_hd__ha_4)
                                         hash/CA2/_0615_ (net)
                  0.03    0.00    2.05 v hash/CA2/_2147_/CIN (sky130_fd_sc_hd__fa_2)
     2    0.01    0.08    0.36    2.41 v hash/CA2/_2147_/COUT (sky130_fd_sc_hd__fa_2)
                                         hash/CA2/_0617_ (net)
                  0.08    0.00    2.41 v hash/CA2/_1225_/A1 (sky130_fd_sc_hd__a21o_1)
     1    0.01    0.07    0.21    2.61 v hash/CA2/_1225_/X (sky130_fd_sc_hd__a21o_1)
                                         hash/CA2/_0525_ (net)
                  0.07    0.00    2.62 v hash/CA2/_1226_/A2 (sky130_fd_sc_hd__a21oi_4)
     3    0.02    0.17    0.21    2.82 ^ hash/CA2/_1226_/Y (sky130_fd_sc_hd__a21oi_4)
                                         hash/CA2/_0526_ (net)
                  0.17    0.00    2.82 ^ hash/CA2/_1758_/A1 (sky130_fd_sc_hd__o21bai_1)
     1    0.01    0.07    0.12    2.94 v hash/CA2/_1758_/Y (sky130_fd_sc_hd__o21bai_1)
                                         hash/CA2/_0231_ (net)
                  0.07    0.00    2.94 v hash/CA2/_1759_/A2 (sky130_fd_sc_hd__a21oi_2)
     1    0.01    0.15    0.19    3.13 ^ hash/CA2/_1759_/Y (sky130_fd_sc_hd__a21oi_2)
                                         hash/CA2/_0232_ (net)
                  0.15    0.00    3.13 ^ hash/CA2/_1760_/A (sky130_fd_sc_hd__xnor2_2)
     2    0.02    0.10    0.13    3.26 v hash/CA2/_1760_/Y (sky130_fd_sc_hd__xnor2_2)
                                         hash/CA2/_0669_ (net)
                  0.10    0.00    3.26 v hash/CA2/_2254_/A (sky130_fd_sc_hd__ha_2)
     3    0.01    0.05    0.22    3.49 v hash/CA2/_2254_/COUT (sky130_fd_sc_hd__ha_2)
                                         hash/CA2/_0961_ (net)
                  0.05    0.00    3.49 v hash/CA2/_2003_/D (sky130_fd_sc_hd__or4_4)
     1    0.01    0.10    0.44    3.93 v hash/CA2/_2003_/X (sky130_fd_sc_hd__or4_4)
                                         hash/CA2/_0409_ (net)
                  0.10    0.00    3.93 v hash/CA2/_2004_/C1 (sky130_fd_sc_hd__a311oi_4)
     1    0.01    0.27    0.26    4.19 ^ hash/CA2/_2004_/Y (sky130_fd_sc_hd__a311oi_4)
                                         hash/CA2/_0410_ (net)
                  0.27    0.00    4.19 ^ hash/CA2/_2005_/B1 (sky130_fd_sc_hd__a211oi_2)
     3    0.01    0.11    0.12    4.31 v hash/CA2/_2005_/Y (sky130_fd_sc_hd__a211oi_2)
                                         hash/CA2/_0411_ (net)
                  0.11    0.00    4.31 v hash/CA2/_2047_/A2 (sky130_fd_sc_hd__o211ai_1)
     2    0.01    0.36    0.34    4.65 ^ hash/CA2/_2047_/Y (sky130_fd_sc_hd__o211ai_1)
                                         hash/CA2/_0445_ (net)
                  0.36    0.00    4.65 ^ hash/CA2/_2063_/A1 (sky130_fd_sc_hd__a21oi_2)
     1    0.01    0.09    0.11    4.77 v hash/CA2/_2063_/Y (sky130_fd_sc_hd__a21oi_2)
                                         hash/CA2/_0459_ (net)
                  0.09    0.00    4.77 v hash/CA2/_2064_/B1 (sky130_fd_sc_hd__a211o_4)
     4    0.03    0.08    0.36    5.13 v hash/CA2/_2064_/X (sky130_fd_sc_hd__a211o_4)
                                         hash/CA2/_0460_ (net)
                  0.08    0.00    5.13 v hash/CA2/_2086_/A3 (sky130_fd_sc_hd__a311o_1)
     1    0.01    0.07    0.38    5.51 v hash/CA2/_2086_/X (sky130_fd_sc_hd__a311o_1)
                                         hash/CA2/_0478_ (net)
                  0.07    0.00    5.51 v hash/CA2/_2087_/A2 (sky130_fd_sc_hd__a21oi_2)
     1    0.01    0.16    0.20    5.70 ^ hash/CA2/_2087_/Y (sky130_fd_sc_hd__a21oi_2)
                                         hash/CA2/_0479_ (net)
                  0.16    0.00    5.70 ^ hash/CA2/_2088_/B (sky130_fd_sc_hd__xnor2_2)
     1    0.01    0.08    0.11    5.81 v hash/CA2/_2088_/Y (sky130_fd_sc_hd__xnor2_2)
                                         hash/e_new[25] (net)
                  0.08    0.00    5.81 v hash/_3540_/A0 (sky130_fd_sc_hd__mux2_8)
     6    0.05    0.09    0.36    6.18 v hash/_3540_/X (sky130_fd_sc_hd__mux2_8)
                                         hash/e[25] (net)
                  0.09    0.00    6.18 v hash/CA1/S1/_00_/C (sky130_fd_sc_hd__xor3_1)
     1    0.01    0.14    0.27    6.45 ^ hash/CA1/S1/_00_/X (sky130_fd_sc_hd__xor3_1)
                                         hash/CA1/s1[0] (net)
                  0.14    0.00    6.45 ^ hash/CA1/_3621_/B (sky130_fd_sc_hd__ha_4)
     3    0.02    0.08    0.18    6.63 ^ hash/CA1/_3621_/COUT (sky130_fd_sc_hd__ha_4)
                                         hash/CA1/_1631_ (net)
                  0.08    0.00    6.63 ^ hash/CA1/_2333_/A (sky130_fd_sc_hd__inv_4)
     1    0.01    0.02    0.04    6.67 v hash/CA1/_2333_/Y (sky130_fd_sc_hd__inv_4)
                                         hash/CA1/_1056_ (net)
                  0.02    0.00    6.67 v hash/CA1/_3433_/A (sky130_fd_sc_hd__fa_2)
     2    0.02    0.10    0.42    7.09 v hash/CA1/_3433_/COUT (sky130_fd_sc_hd__fa_2)
                                         hash/CA1/_1058_ (net)
                  0.10    0.00    7.09 v hash/CA1/_1984_/A (sky130_fd_sc_hd__nor2b_2)
     1    0.01    0.12    0.16    7.25 ^ hash/CA1/_1984_/Y (sky130_fd_sc_hd__nor2b_2)
                                         hash/CA1/_0005_ (net)
                  0.12    0.00    7.25 ^ hash/CA1/_1985_/A1 (sky130_fd_sc_hd__o21ai_2)
     1    0.02    0.08    0.11    7.36 v hash/CA1/_1985_/Y (sky130_fd_sc_hd__o21ai_2)
                                         hash/CA1/_0006_ (net)
                  0.08    0.00    7.36 v hash/CA1/_1986_/B (sky130_fd_sc_hd__nand2b_4)
     2    0.03    0.11    0.13    7.49 ^ hash/CA1/_1986_/Y (sky130_fd_sc_hd__nand2b_4)
                                         hash/CA1/_0007_ (net)
                  0.11    0.00    7.49 ^ hash/CA1/_2009_/A1 (sky130_fd_sc_hd__a21oi_4)
     3    0.01    0.06    0.08    7.57 v hash/CA1/_2009_/Y (sky130_fd_sc_hd__a21oi_4)
                                         hash/CA1/_0021_ (net)
                  0.06    0.00    7.57 v hash/CA1/_2071_/A2 (sky130_fd_sc_hd__o211a_4)
     1    0.01    0.05    0.24    7.81 v hash/CA1/_2071_/X (sky130_fd_sc_hd__o211a_4)
                                         hash/CA1/_0065_ (net)
                  0.05    0.00    7.81 v hash/CA1/_2074_/A (sky130_fd_sc_hd__nor2_4)
     4    0.04    0.25    0.23    8.04 ^ hash/CA1/_2074_/Y (sky130_fd_sc_hd__nor2_4)
                                         hash/CA1/_0068_ (net)
                  0.25    0.00    8.05 ^ hash/CA1/_2193_/A1 (sky130_fd_sc_hd__a31oi_4)
     4    0.02    0.12    0.16    8.21 v hash/CA1/_2193_/Y (sky130_fd_sc_hd__a31oi_4)
                                         hash/CA1/_0154_ (net)
                  0.12    0.00    8.21 v hash/CA1/_2248_/A1 (sky130_fd_sc_hd__o211ai_1)
     1    0.01    0.35    0.36    8.57 ^ hash/CA1/_2248_/Y (sky130_fd_sc_hd__o211ai_1)
                                         hash/CA1/_0194_ (net)
                  0.35    0.00    8.57 ^ hash/CA1/_2249_/A1 (sky130_fd_sc_hd__a21oi_4)
     2    0.03    0.12    0.16    8.72 v hash/CA1/_2249_/Y (sky130_fd_sc_hd__a21oi_4)
                                         hash/CA1/_0195_ (net)
                  0.12    0.00    8.72 v hash/CA1/_2658_/A (sky130_fd_sc_hd__xnor2_2)
     1    0.01    0.16    0.21    8.93 ^ hash/CA1/_2658_/Y (sky130_fd_sc_hd__xnor2_2)
                                         hash/CA1/_1364_ (net)
                  0.16    0.00    8.93 ^ hash/CA1/_3512_/CIN (sky130_fd_sc_hd__fa_1)
     1    0.01    0.13    0.49    9.43 v hash/CA1/_3512_/SUM (sky130_fd_sc_hd__fa_1)
                                         hash/CA1/_1366_ (net)
                  0.13    0.00    9.43 v hash/CA1/_3733_/A (sky130_fd_sc_hd__ha_4)
     4    0.02    0.06    0.29    9.72 v hash/CA1/_3733_/SUM (sky130_fd_sc_hd__ha_4)
                                         hash/CA1/_1945_ (net)
                  0.06    0.00    9.72 v hash/CA1/_2975_/A (sky130_fd_sc_hd__and2_4)
     3    0.02    0.05    0.16    9.89 v hash/CA1/_2975_/X (sky130_fd_sc_hd__and2_4)
                                         hash/CA1/_0633_ (net)
                  0.05    0.00    9.89 v hash/CA1/_2976_/B2 (sky130_fd_sc_hd__a221oi_4)
     3    0.02    0.31    0.34   10.22 ^ hash/CA1/_2976_/Y (sky130_fd_sc_hd__a221oi_4)
                                         hash/CA1/_0634_ (net)
                  0.31    0.00   10.22 ^ hash/CA1/_2982_/A (sky130_fd_sc_hd__inv_1)
     1    0.01    0.09    0.12   10.34 v hash/CA1/_2982_/Y (sky130_fd_sc_hd__inv_1)
                                         hash/CA1/_0639_ (net)
                  0.09    0.00   10.34 v hash/CA1/_2983_/A1 (sky130_fd_sc_hd__a21oi_2)
     2    0.01    0.18    0.21   10.54 ^ hash/CA1/_2983_/Y (sky130_fd_sc_hd__a21oi_2)
                                         hash/CA1/_0640_ (net)
                  0.18    0.00   10.55 ^ hash/CA1/_2984_/A (sky130_fd_sc_hd__nand2_2)
     1    0.01    0.07    0.09   10.63 v hash/CA1/_2984_/Y (sky130_fd_sc_hd__nand2_2)
                                         hash/CA1/_0641_ (net)
                  0.07    0.00   10.63 v hash/CA1/_2985_/B (sky130_fd_sc_hd__nor3_4)
     3    0.02    0.25    0.26   10.89 ^ hash/CA1/_2985_/Y (sky130_fd_sc_hd__nor3_4)
                                         hash/CA1/_0642_ (net)
                  0.25    0.00   10.89 ^ hash/CA1/_3017_/A2 (sky130_fd_sc_hd__o31ai_2)
     1    0.01    0.09    0.12   11.01 v hash/CA1/_3017_/Y (sky130_fd_sc_hd__o31ai_2)
                                         hash/CA1/_0670_ (net)
                  0.09    0.00   11.01 v hash/CA1/_3018_/A1 (sky130_fd_sc_hd__a21oi_2)
     1    0.01    0.12    0.16   11.17 ^ hash/CA1/_3018_/Y (sky130_fd_sc_hd__a21oi_2)
                                         hash/CA1/_0671_ (net)
                  0.12    0.00   11.17 ^ hash/CA1/_3019_/A (sky130_fd_sc_hd__xnor2_1)
     1    0.00    0.14    0.14   11.31 ^ hash/CA1/_3019_/Y (sky130_fd_sc_hd__xnor2_1)
                                         hash/p2[30] (net)
                  0.14    0.00   11.31 ^ hash/p2_cap[30]$_DFF_P_/D (sky130_fd_sc_hd__dfxtp_1)
                                 11.31   data arrival time

                         10.00   10.00   clock core_clock (rise edge)
                          0.00   10.00   clock source latency
     1    0.14    0.00    0.00   10.00 ^ clk (in)
                                         clk (net)
                  0.02    0.01   10.01 ^ clkbuf_0_clk/A (sky130_fd_sc_hd__clkbuf_16)
     4    0.19    0.20    0.23   10.24 ^ clkbuf_0_clk/X (sky130_fd_sc_hd__clkbuf_16)
                                         clknet_0_clk (net)
                  0.20    0.01   10.25 ^ clkbuf_2_1_0_clk/A (sky130_fd_sc_hd__clkbuf_16)
     8    0.20    0.21    0.30   10.55 ^ clkbuf_2_1_0_clk/X (sky130_fd_sc_hd__clkbuf_16)
                                         clknet_2_1_0_clk (net)
                  0.21    0.01   10.56 ^ clkbuf_5_15__f_clk/A (sky130_fd_sc_hd__clkbuf_16)
     9    0.17    0.18    0.29   10.85 ^ clkbuf_5_15__f_clk/X (sky130_fd_sc_hd__clkbuf_16)
                                         clknet_5_15__leaf_clk (net)
                  0.18    0.00   10.85 ^ clkbuf_leaf_204_clk/A (sky130_fd_sc_hd__clkbuf_16)
     9    0.04    0.06    0.19   11.04 ^ clkbuf_leaf_204_clk/X (sky130_fd_sc_hd__clkbuf_16)
                                         clknet_leaf_204_clk (net)
                  0.06    0.00   11.04 ^ hash/p2_cap[30]$_DFF_P_/CLK (sky130_fd_sc_hd__dfxtp_1)
                          0.00   11.04   clock reconvergence pessimism
                         -0.07   10.96   library setup time
                                 10.96   data required time
-----------------------------------------------------------------------------
                                 10.96   data required time
                                -11.31   data arrival time
-----------------------------------------------------------------------------
                                 -0.34   slack (VIOLATED)



==========================================================================
global route report_check_types -max_slew -max_cap -max_fanout -violators
--------------------------------------------------------------------------
max slew

Pin                                    Limit    Slew   Slack
------------------------------------------------------------
hash/_2122_/S                           1.50    2.44   -0.94 (VIOLATED)
hash/_3439_/S                           1.50    2.44   -0.94 (VIOLATED)
hash/_3442_/S                           1.50    2.44   -0.94 (VIOLATED)
hash/_2298_/S                           1.50    2.44   -0.94 (VIOLATED)
hash/_3476_/S                           1.50    2.44   -0.94 (VIOLATED)
hash/_3440_/S                           1.50    2.44   -0.94 (VIOLATED)
hash/_3474_/S                           1.50    2.44   -0.94 (VIOLATED)
hash/_3473_/S                           1.50    2.44   -0.94 (VIOLATED)
hash/_3479_/S                           1.50    2.44   -0.94 (VIOLATED)
hash/_3508_/S                           1.50    2.44   -0.94 (VIOLATED)
hash/_3507_/S                           1.50    2.44   -0.94 (VIOLATED)
hash/_3509_/S                           1.50    2.44   -0.94 (VIOLATED)
hash/_3441_/S                           1.50    2.44   -0.94 (VIOLATED)
hash/_3445_/S                           1.50    2.44   -0.94 (VIOLATED)
hash/_3647_/S                           1.50    2.44   -0.94 (VIOLATED)
hash/_3650_/S                           1.50    2.44   -0.94 (VIOLATED)
hash/_2650_/S                           1.50    2.44   -0.94 (VIOLATED)
hash/_3642_/S                           1.50    2.44   -0.94 (VIOLATED)
hash/_3513_/S                           1.50    2.44   -0.94 (VIOLATED)
load_slew644/X                          1.51    2.44   -0.93 (VIOLATED)

max capacitance

Pin                                    Limit     Cap   Slack
------------------------------------------------------------
load_slew644/X                          0.13    0.21   -0.08 (VIOLATED)


==========================================================================
global route max_slew_check_slack
--------------------------------------------------------------------------
-0.939467191696167

==========================================================================
global route max_slew_check_limit
--------------------------------------------------------------------------
1.5

==========================================================================
global route max_slew_check_slack_limit
--------------------------------------------------------------------------
-0.6263

==========================================================================
global route max_fanout_check_slack
--------------------------------------------------------------------------
1.0000000150474662e+30

==========================================================================
global route max_fanout_check_limit
--------------------------------------------------------------------------
1.0000000150474662e+30

==========================================================================
global route max_capacitance_check_slack
--------------------------------------------------------------------------
-0.08376630395650864

==========================================================================
global route max_capacitance_check_limit
--------------------------------------------------------------------------
0.13001500070095062

==========================================================================
global route max_capacitance_check_slack_limit
--------------------------------------------------------------------------
-0.6443

==========================================================================
global route max_slew_violation_count
--------------------------------------------------------------------------
max slew violation count 20

==========================================================================
global route max_fanout_violation_count
--------------------------------------------------------------------------
max fanout violation count 0

==========================================================================
global route max_cap_violation_count
--------------------------------------------------------------------------
max cap violation count 1

==========================================================================
global route setup_violation_count
--------------------------------------------------------------------------
setup violation count 17

==========================================================================
global route hold_violation_count
--------------------------------------------------------------------------
hold violation count 0

==========================================================================
global route report_checks -path_delay max reg to reg
--------------------------------------------------------------------------
Startpoint: hash/p2_cap[11]$_DFF_P_
            (rising edge-triggered flip-flop clocked by core_clock)
Endpoint: hash/p2_cap[30]$_DFF_P_
          (rising edge-triggered flip-flop clocked by core_clock)
Path Group: core_clock
Path Type: max

  Delay    Time   Description
---------------------------------------------------------
   0.00    0.00   clock core_clock (rise edge)
   0.00    0.00   clock source latency
   0.00    0.00 ^ clk (in)
   0.24    0.24 ^ clkbuf_0_clk/X (sky130_fd_sc_hd__clkbuf_16)
   0.32    0.56 ^ clkbuf_2_3_0_clk/X (sky130_fd_sc_hd__clkbuf_16)
   0.30    0.86 ^ clkbuf_5_26__f_clk/X (sky130_fd_sc_hd__clkbuf_16)
   0.19    1.05 ^ clkbuf_leaf_186_clk/X (sky130_fd_sc_hd__clkbuf_16)
   0.00    1.05 ^ hash/p2_cap[11]$_DFF_P_/CLK (sky130_fd_sc_hd__dfxtp_4)
   0.36    1.42 ^ hash/p2_cap[11]$_DFF_P_/Q (sky130_fd_sc_hd__dfxtp_4)
   0.45    1.87 v hash/CA2/S1/_00_/X (sky130_fd_sc_hd__xor3_1)
   0.19    2.05 v hash/CA2/_2242_/COUT (sky130_fd_sc_hd__ha_4)
   0.36    2.41 v hash/CA2/_2147_/COUT (sky130_fd_sc_hd__fa_2)
   0.21    2.61 v hash/CA2/_1225_/X (sky130_fd_sc_hd__a21o_1)
   0.21    2.82 ^ hash/CA2/_1226_/Y (sky130_fd_sc_hd__a21oi_4)
   0.12    2.94 v hash/CA2/_1758_/Y (sky130_fd_sc_hd__o21bai_1)
   0.19    3.13 ^ hash/CA2/_1759_/Y (sky130_fd_sc_hd__a21oi_2)
   0.13    3.26 v hash/CA2/_1760_/Y (sky130_fd_sc_hd__xnor2_2)
   0.23    3.49 v hash/CA2/_2254_/COUT (sky130_fd_sc_hd__ha_2)
   0.44    3.93 v hash/CA2/_2003_/X (sky130_fd_sc_hd__or4_4)
   0.26    4.19 ^ hash/CA2/_2004_/Y (sky130_fd_sc_hd__a311oi_4)
   0.12    4.31 v hash/CA2/_2005_/Y (sky130_fd_sc_hd__a211oi_2)
   0.34    4.65 ^ hash/CA2/_2047_/Y (sky130_fd_sc_hd__o211ai_1)
   0.11    4.77 v hash/CA2/_2063_/Y (sky130_fd_sc_hd__a21oi_2)
   0.36    5.13 v hash/CA2/_2064_/X (sky130_fd_sc_hd__a211o_4)
   0.38    5.51 v hash/CA2/_2086_/X (sky130_fd_sc_hd__a311o_1)
   0.20    5.70 ^ hash/CA2/_2087_/Y (sky130_fd_sc_hd__a21oi_2)
   0.11    5.81 v hash/CA2/_2088_/Y (sky130_fd_sc_hd__xnor2_2)
   0.36    6.18 v hash/_3540_/X (sky130_fd_sc_hd__mux2_8)
   0.28    6.45 ^ hash/CA1/S1/_00_/X (sky130_fd_sc_hd__xor3_1)
   0.18    6.63 ^ hash/CA1/_3621_/COUT (sky130_fd_sc_hd__ha_4)
   0.04    6.67 v hash/CA1/_2333_/Y (sky130_fd_sc_hd__inv_4)
   0.42    7.09 v hash/CA1/_3433_/COUT (sky130_fd_sc_hd__fa_2)
   0.16    7.25 ^ hash/CA1/_1984_/Y (sky130_fd_sc_hd__nor2b_2)
   0.11    7.36 v hash/CA1/_1985_/Y (sky130_fd_sc_hd__o21ai_2)
   0.13    7.49 ^ hash/CA1/_1986_/Y (sky130_fd_sc_hd__nand2b_4)
   0.08    7.57 v hash/CA1/_2009_/Y (sky130_fd_sc_hd__a21oi_4)
   0.24    7.81 v hash/CA1/_2071_/X (sky130_fd_sc_hd__o211a_4)
   0.23    8.04 ^ hash/CA1/_2074_/Y (sky130_fd_sc_hd__nor2_4)
   0.16    8.21 v hash/CA1/_2193_/Y (sky130_fd_sc_hd__a31oi_4)
   0.36    8.57 ^ hash/CA1/_2248_/Y (sky130_fd_sc_hd__o211ai_1)
   0.16    8.72 v hash/CA1/_2249_/Y (sky130_fd_sc_hd__a21oi_4)
   0.21    8.93 ^ hash/CA1/_2658_/Y (sky130_fd_sc_hd__xnor2_2)
   0.49    9.43 v hash/CA1/_3512_/SUM (sky130_fd_sc_hd__fa_1)
   0.29    9.72 v hash/CA1/_3733_/SUM (sky130_fd_sc_hd__ha_4)
   0.16    9.89 v hash/CA1/_2975_/X (sky130_fd_sc_hd__and2_4)
   0.34   10.22 ^ hash/CA1/_2976_/Y (sky130_fd_sc_hd__a221oi_4)
   0.12   10.34 v hash/CA1/_2982_/Y (sky130_fd_sc_hd__inv_1)
   0.21   10.54 ^ hash/CA1/_2983_/Y (sky130_fd_sc_hd__a21oi_2)
   0.09   10.63 v hash/CA1/_2984_/Y (sky130_fd_sc_hd__nand2_2)
   0.26   10.89 ^ hash/CA1/_2985_/Y (sky130_fd_sc_hd__nor3_4)
   0.12   11.01 v hash/CA1/_3017_/Y (sky130_fd_sc_hd__o31ai_2)
   0.16   11.17 ^ hash/CA1/_3018_/Y (sky130_fd_sc_hd__a21oi_2)
   0.14   11.31 ^ hash/CA1/_3019_/Y (sky130_fd_sc_hd__xnor2_1)
   0.00   11.31 ^ hash/p2_cap[30]$_DFF_P_/D (sky130_fd_sc_hd__dfxtp_1)
          11.31   data arrival time

  10.00   10.00   clock core_clock (rise edge)
   0.00   10.00   clock source latency
   0.00   10.00 ^ clk (in)
   0.24   10.24 ^ clkbuf_0_clk/X (sky130_fd_sc_hd__clkbuf_16)
   0.31   10.55 ^ clkbuf_2_1_0_clk/X (sky130_fd_sc_hd__clkbuf_16)
   0.29   10.85 ^ clkbuf_5_15__f_clk/X (sky130_fd_sc_hd__clkbuf_16)
   0.19   11.04 ^ clkbuf_leaf_204_clk/X (sky130_fd_sc_hd__clkbuf_16)
   0.00   11.04 ^ hash/p2_cap[30]$_DFF_P_/CLK (sky130_fd_sc_hd__dfxtp_1)
   0.00   11.04   clock reconvergence pessimism
  -0.07   10.96   library setup time
          10.96   data required time
---------------------------------------------------------
          10.96   data required time
         -11.31   data arrival time
---------------------------------------------------------
          -0.34   slack (VIOLATED)



==========================================================================
global route report_checks -path_delay min reg to reg
--------------------------------------------------------------------------
Startpoint: ready_dash$_SDFF_PP0_
            (rising edge-triggered flip-flop clocked by core_clock)
Endpoint: ready$_DFF_P_ (rising edge-triggered flip-flop clocked by core_clock)
Path Group: core_clock
Path Type: min

  Delay    Time   Description
---------------------------------------------------------
   0.00    0.00   clock core_clock (rise edge)
   0.00    0.00   clock source latency
   0.00    0.00 ^ clk (in)
   0.24    0.24 ^ clkbuf_0_clk/X (sky130_fd_sc_hd__clkbuf_16)
   0.31    0.55 ^ clkbuf_2_1_0_clk/X (sky130_fd_sc_hd__clkbuf_16)
   0.30    0.85 ^ clkbuf_5_13__f_clk/X (sky130_fd_sc_hd__clkbuf_16)
   0.19    1.04 ^ clkbuf_leaf_193_clk/X (sky130_fd_sc_hd__clkbuf_16)
   0.00    1.04 ^ ready_dash$_SDFF_PP0_/CLK (sky130_fd_sc_hd__dfxtp_1)
   0.30    1.35 ^ ready_dash$_SDFF_PP0_/Q (sky130_fd_sc_hd__dfxtp_1)
   0.00    1.35 ^ ready$_DFF_P_/D (sky130_fd_sc_hd__dfxtp_1)
           1.35   data arrival time

   0.00    0.00   clock core_clock (rise edge)
   0.00    0.00   clock source latency
   0.00    0.00 ^ clk (in)
   0.24    0.24 ^ clkbuf_0_clk/X (sky130_fd_sc_hd__clkbuf_16)
   0.31    0.55 ^ clkbuf_2_1_0_clk/X (sky130_fd_sc_hd__clkbuf_16)
   0.30    0.85 ^ clkbuf_5_13__f_clk/X (sky130_fd_sc_hd__clkbuf_16)
   0.19    1.04 ^ clkbuf_leaf_193_clk/X (sky130_fd_sc_hd__clkbuf_16)
   0.00    1.04 ^ ready$_DFF_P_/CLK (sky130_fd_sc_hd__dfxtp_1)
   0.00    1.04   clock reconvergence pessimism
  -0.03    1.02   library hold time
           1.02   data required time
---------------------------------------------------------
           1.02   data required time
          -1.35   data arrival time
---------------------------------------------------------
           0.33   slack (MET)



==========================================================================
global route critical path target clock latency max path
--------------------------------------------------------------------------
1.0234

==========================================================================
global route critical path target clock latency min path
--------------------------------------------------------------------------
1.0616

==========================================================================
global route critical path source clock latency min path
--------------------------------------------------------------------------
0.0000

==========================================================================
global route critical path delay
--------------------------------------------------------------------------
11.3078

==========================================================================
global route critical path slack
--------------------------------------------------------------------------
-0.3432

==========================================================================
global route slack div critical path delay
--------------------------------------------------------------------------
-3.035073

==========================================================================
global route report_power
--------------------------------------------------------------------------
Group                  Internal  Switching    Leakage      Total
                          Power      Power      Power      Power (Watts)
----------------------------------------------------------------
Sequential             1.85e-02   2.58e-03   2.80e-08   2.11e-02   5.3%
Combinational          1.49e-01   2.16e-01   6.62e-08   3.65e-01  91.4%
Clock                  7.28e-03   6.08e-03   5.47e-09   1.34e-02   3.3%
Macro                  0.00e+00   0.00e+00   0.00e+00   0.00e+00   0.0%
Pad                    0.00e+00   0.00e+00   0.00e+00   0.00e+00   0.0%
----------------------------------------------------------------
Total                  1.75e-01   2.25e-01   9.97e-08   3.99e-01 100.0%
                          43.8%      56.2%       0.0%
