
==========================================================================
detailed place report_tns
--------------------------------------------------------------------------
tns -69.14

==========================================================================
detailed place report_wns
--------------------------------------------------------------------------
wns -2.37

==========================================================================
detailed place report_worst_slack
--------------------------------------------------------------------------
worst slack -2.37

==========================================================================
detailed place report_checks -path_delay min
--------------------------------------------------------------------------
Startpoint: ready_dash$_SDFF_PP0_
            (rising edge-triggered flip-flop clocked by core_clock)
Endpoint: ready$_DFF_P_ (rising edge-triggered flip-flop clocked by core_clock)
Path Group: core_clock
Path Type: min

Fanout     Cap    Slew   Delay    Time   Description
-----------------------------------------------------------------------------
                  0.00    0.00    0.00   clock core_clock (rise edge)
                          0.00    0.00   clock network delay (ideal)
                  0.00    0.00    0.00 ^ ready_dash$_SDFF_PP0_/CLK (sky130_fd_sc_hd__dfxtp_1)
     1    0.00    0.04    0.28    0.28 ^ ready_dash$_SDFF_PP0_/Q (sky130_fd_sc_hd__dfxtp_1)
                                         ready_dash (net)
                  0.04    0.00    0.28 ^ ready$_DFF_P_/D (sky130_fd_sc_hd__dfxtp_1)
                                  0.28   data arrival time

                  0.00    0.00    0.00   clock core_clock (rise edge)
                          0.00    0.00   clock network delay (ideal)
                          0.00    0.00   clock reconvergence pessimism
                                  0.00 ^ ready$_DFF_P_/CLK (sky130_fd_sc_hd__dfxtp_1)
                         -0.04   -0.04   library hold time
                                 -0.04   data required time
-----------------------------------------------------------------------------
                                 -0.04   data required time
                                 -0.28   data arrival time
-----------------------------------------------------------------------------
                                  0.31   slack (MET)



==========================================================================
detailed place report_checks -path_delay max
--------------------------------------------------------------------------
Startpoint: hash.p2_cap[7]$_DFF_P_
            (rising edge-triggered flip-flop clocked by core_clock)
Endpoint: hash.p2_cap[30]$_DFF_P_
          (rising edge-triggered flip-flop clocked by core_clock)
Path Group: core_clock
Path Type: max

Fanout     Cap    Slew   Delay    Time   Description
-----------------------------------------------------------------------------
                  0.00    0.00    0.00   clock core_clock (rise edge)
                          0.00    0.00   clock network delay (ideal)
                  0.00    0.00    0.00 ^ hash.p2_cap[7]$_DFF_P_/CLK (sky130_fd_sc_hd__dfxtp_1)
    10    0.07    0.69    0.74    0.74 ^ hash.p2_cap[7]$_DFF_P_/Q (sky130_fd_sc_hd__dfxtp_1)
                                         hash.CA2.S1.X[7] (net)
                  0.69    0.00    0.75 ^ _14842_/A (sky130_fd_sc_hd__xnor2_1)
     1    0.01    0.13    0.18    0.93 v _14842_/Y (sky130_fd_sc_hd__xnor2_1)
                                         _04446_ (net)
                  0.13    0.00    0.93 v _14843_/B (sky130_fd_sc_hd__xnor2_1)
     2    0.02    0.36    0.35    1.28 ^ _14843_/Y (sky130_fd_sc_hd__xnor2_1)
                                         _13237_ (net)
                  0.36    0.00    1.28 ^ _27609_/B (sky130_fd_sc_hd__ha_1)
     2    0.01    0.07    0.32    1.60 v _27609_/SUM (sky130_fd_sc_hd__ha_1)
                                         _13239_ (net)
                  0.07    0.00    1.60 v _14941_/A2 (sky130_fd_sc_hd__a211oi_1)
     1    0.01    0.30    0.32    1.92 ^ _14941_/Y (sky130_fd_sc_hd__a211oi_1)
                                         _04525_ (net)
                  0.30    0.00    1.92 ^ _14944_/A1 (sky130_fd_sc_hd__o21ai_2)
     3    0.02    0.10    0.15    2.07 v _14944_/Y (sky130_fd_sc_hd__o21ai_2)
                                         _04528_ (net)
                  0.10    0.00    2.07 v _15066_/A3 (sky130_fd_sc_hd__o311ai_1)
     1    0.01    0.36    0.35    2.42 ^ _15066_/Y (sky130_fd_sc_hd__o311ai_1)
                                         _04626_ (net)
                  0.36    0.00    2.42 ^ _15067_/A1 (sky130_fd_sc_hd__a21boi_2)
     3    0.01    0.10    0.13    2.55 v _15067_/Y (sky130_fd_sc_hd__a21boi_2)
                                         _04627_ (net)
                  0.10    0.00    2.55 v _15090_/A2 (sky130_fd_sc_hd__o21ai_0)
     1    0.00    0.14    0.16    2.71 ^ _15090_/Y (sky130_fd_sc_hd__o21ai_0)
                                         _04642_ (net)
                  0.14    0.00    2.71 ^ _15091_/B (sky130_fd_sc_hd__nand2b_1)
     1    0.00    0.05    0.08    2.79 v _15091_/Y (sky130_fd_sc_hd__nand2b_1)
                                         _04643_ (net)
                  0.05    0.00    2.79 v _15092_/A2 (sky130_fd_sc_hd__a21o_1)
     2    0.01    0.06    0.20    2.99 v _15092_/X (sky130_fd_sc_hd__a21o_1)
                                         _04644_ (net)
                  0.06    0.00    2.99 v _15115_/A2 (sky130_fd_sc_hd__a211oi_1)
     1    0.01    0.29    0.31    3.29 ^ _15115_/Y (sky130_fd_sc_hd__a211oi_1)
                                         _04659_ (net)
                  0.29    0.00    3.29 ^ _15117_/A (sky130_fd_sc_hd__nor2_2)
     3    0.02    0.09    0.12    3.41 v _15117_/Y (sky130_fd_sc_hd__nor2_2)
                                         _04661_ (net)
                  0.09    0.00    3.41 v _15160_/A2 (sky130_fd_sc_hd__a31oi_2)
     2    0.01    0.23    0.25    3.67 ^ _15160_/Y (sky130_fd_sc_hd__a31oi_2)
                                         _04688_ (net)
                  0.23    0.00    3.67 ^ _15181_/A2 (sky130_fd_sc_hd__o21bai_1)
     1    0.01    0.07    0.12    3.78 v _15181_/Y (sky130_fd_sc_hd__o21bai_1)
                                         _04701_ (net)
                  0.07    0.00    3.78 v _15182_/A2 (sky130_fd_sc_hd__a21oi_2)
     1    0.01    0.15    0.18    3.97 ^ _15182_/Y (sky130_fd_sc_hd__a21oi_2)
                                         _04702_ (net)
                  0.15    0.00    3.97 ^ _15183_/B (sky130_fd_sc_hd__xnor2_2)
     3    0.02    0.29    0.18    4.15 ^ _15183_/Y (sky130_fd_sc_hd__xnor2_2)
                                         _13379_ (net)
                  0.29    0.00    4.15 ^ _27691_/B (sky130_fd_sc_hd__ha_1)
     2    0.01    0.10    0.33    4.48 v _27691_/SUM (sky130_fd_sc_hd__ha_1)
                                         _13489_ (net)
                  0.10    0.00    4.48 v _18031_/A1 (sky130_fd_sc_hd__a21o_1)
     2    0.01    0.05    0.19    4.67 v _18031_/X (sky130_fd_sc_hd__a21o_1)
                                         _06656_ (net)
                  0.05    0.00    4.67 v _18032_/C (sky130_fd_sc_hd__nor3_1)
     2    0.01    0.33    0.27    4.94 ^ _18032_/Y (sky130_fd_sc_hd__nor3_1)
                                         _06657_ (net)
                  0.33    0.00    4.94 ^ _18047_/B1 (sky130_fd_sc_hd__o21ai_1)
     1    0.01    0.12    0.17    5.11 v _18047_/Y (sky130_fd_sc_hd__o21ai_1)
                                         _06668_ (net)
                  0.12    0.00    5.11 v _18050_/B1 (sky130_fd_sc_hd__a221oi_2)
     3    0.02    0.40    0.42    5.53 ^ _18050_/Y (sky130_fd_sc_hd__a221oi_2)
                                         _06671_ (net)
                  0.40    0.00    5.53 ^ _18090_/A (sky130_fd_sc_hd__nor2_1)
     1    0.00    0.08    0.10    5.62 v _18090_/Y (sky130_fd_sc_hd__nor2_1)
                                         _06703_ (net)
                  0.08    0.00    5.62 v _18091_/A3 (sky130_fd_sc_hd__o31a_1)
     2    0.02    0.10    0.31    5.93 v _18091_/X (sky130_fd_sc_hd__o31a_1)
                                         _06704_ (net)
                  0.10    0.00    5.93 v _18092_/A2 (sky130_fd_sc_hd__o21ai_4)
     3    0.02    0.19    0.20    6.14 ^ _18092_/Y (sky130_fd_sc_hd__o21ai_4)
                                         _06705_ (net)
                  0.19    0.00    6.14 ^ _18107_/A (sky130_fd_sc_hd__nor2_2)
     1    0.01    0.06    0.08    6.22 v _18107_/Y (sky130_fd_sc_hd__nor2_2)
                                         _06716_ (net)
                  0.06    0.00    6.22 v _18112_/C1 (sky130_fd_sc_hd__a211oi_4)
     7    0.05    0.57    0.47    6.68 ^ _18112_/Y (sky130_fd_sc_hd__a211oi_4)
                                         hash.CA1.S1.X[30] (net)
                  0.57    0.00    6.69 ^ _20011_/A (sky130_fd_sc_hd__xnor2_1)
     1    0.02    0.19    0.27    6.96 v _20011_/Y (sky130_fd_sc_hd__xnor2_1)
                                         _13896_ (net)
                  0.19    0.00    6.96 v _27835_/A (sky130_fd_sc_hd__ha_2)
     3    0.01    0.05    0.27    7.22 v _27835_/COUT (sky130_fd_sc_hd__ha_2)
                                         _13898_ (net)
                  0.05    0.00    7.22 v _18498_/B (sky130_fd_sc_hd__or3_1)
     1    0.01    0.08    0.36    7.58 v _18498_/X (sky130_fd_sc_hd__or3_1)
                                         _06951_ (net)
                  0.08    0.00    7.58 v _18499_/C1 (sky130_fd_sc_hd__a311oi_2)
     2    0.01    0.31    0.29    7.87 ^ _18499_/Y (sky130_fd_sc_hd__a311oi_2)
                                         _06952_ (net)
                  0.31    0.00    7.87 ^ _18500_/B (sky130_fd_sc_hd__or2_4)
     3    0.01    0.05    0.20    8.07 ^ _18500_/X (sky130_fd_sc_hd__or2_4)
                                         _06953_ (net)
                  0.05    0.00    8.07 ^ _18721_/A2 (sky130_fd_sc_hd__o21bai_1)
     1    0.01    0.07    0.07    8.14 v _18721_/Y (sky130_fd_sc_hd__o21bai_1)
                                         _07116_ (net)
                  0.07    0.00    8.14 v _18722_/A2 (sky130_fd_sc_hd__a21oi_2)
     2    0.01    0.17    0.20    8.34 ^ _18722_/Y (sky130_fd_sc_hd__a21oi_2)
                                         _07117_ (net)
                  0.17    0.00    8.34 ^ _18723_/B (sky130_fd_sc_hd__xnor2_1)
     1    0.01    0.18    0.16    8.50 ^ _18723_/Y (sky130_fd_sc_hd__xnor2_1)
                                         _12720_ (net)
                  0.18    0.00    8.50 ^ _27455_/CIN (sky130_fd_sc_hd__fa_1)
     1    0.00    0.08    0.45    8.95 v _27455_/SUM (sky130_fd_sc_hd__fa_1)
                                         _12722_ (net)
                  0.08    0.00    8.95 v _27919_/B (sky130_fd_sc_hd__ha_1)
     4    0.02    0.12    0.36    9.32 v _27919_/SUM (sky130_fd_sc_hd__ha_1)
                                         _14158_ (net)
                  0.12    0.00    9.32 v _23293_/A1 (sky130_fd_sc_hd__a21o_1)
     1    0.01    0.05    0.20    9.52 v _23293_/X (sky130_fd_sc_hd__a21o_1)
                                         _09340_ (net)
                  0.05    0.00    9.52 v _23294_/A2 (sky130_fd_sc_hd__a21o_4)
     3    0.01    0.04    0.22    9.74 v _23294_/X (sky130_fd_sc_hd__a21o_4)
                                         _09341_ (net)
                  0.04    0.00    9.74 v _23310_/B1 (sky130_fd_sc_hd__a21oi_1)
     1    0.01    0.17    0.16    9.90 ^ _23310_/Y (sky130_fd_sc_hd__a21oi_1)
                                         _09356_ (net)
                  0.17    0.00    9.90 ^ _23311_/B1 (sky130_fd_sc_hd__o21ai_2)
     2    0.01    0.09    0.11   10.01 v _23311_/Y (sky130_fd_sc_hd__o21ai_2)
                                         _09357_ (net)
                  0.09    0.00   10.01 v _23319_/C (sky130_fd_sc_hd__nor3_1)
     2    0.01    0.26    0.23   10.24 ^ _23319_/Y (sky130_fd_sc_hd__nor3_1)
                                         _09363_ (net)
                  0.26    0.00   10.24 ^ _23329_/A (sky130_fd_sc_hd__or3_4)
     2    0.01    0.05    0.20   10.43 ^ _23329_/X (sky130_fd_sc_hd__or3_4)
                                         _09371_ (net)
                  0.05    0.00   10.43 ^ _23344_/A1 (sky130_fd_sc_hd__a31oi_2)
     3    0.02    0.13    0.12   10.56 v _23344_/Y (sky130_fd_sc_hd__a31oi_2)
                                         _09384_ (net)
                  0.13    0.00   10.56 v _23354_/A4 (sky130_fd_sc_hd__a41o_4)
     3    0.01    0.05    0.32   10.88 v _23354_/X (sky130_fd_sc_hd__a41o_4)
                                         _09392_ (net)
                  0.05    0.00   10.88 v _23377_/A4 (sky130_fd_sc_hd__o41ai_2)
     2    0.01    0.40    0.34   11.22 ^ _23377_/Y (sky130_fd_sc_hd__o41ai_2)
                                         _09411_ (net)
                  0.40    0.00   11.22 ^ _23386_/A1 (sky130_fd_sc_hd__o22ai_1)
     2    0.01    0.12    0.19   11.41 v _23386_/Y (sky130_fd_sc_hd__o22ai_1)
                                         _09418_ (net)
                  0.12    0.00   11.41 v _23397_/A4 (sky130_fd_sc_hd__o41ai_1)
     2    0.01    0.50    0.44   11.85 ^ _23397_/Y (sky130_fd_sc_hd__o41ai_1)
                                         _09427_ (net)
                  0.50    0.00   11.85 ^ _23404_/A2 (sky130_fd_sc_hd__o21bai_1)
     1    0.00    0.08    0.11   11.96 v _23404_/Y (sky130_fd_sc_hd__o21bai_1)
                                         _09432_ (net)
                  0.08    0.00   11.96 v _23405_/A2 (sky130_fd_sc_hd__a21oi_1)
     1    0.01    0.16    0.19   12.15 ^ _23405_/Y (sky130_fd_sc_hd__a21oi_1)
                                         _09433_ (net)
                  0.16    0.00   12.15 ^ _23406_/B (sky130_fd_sc_hd__xnor2_1)
     1    0.00    0.13    0.14   12.29 ^ _23406_/Y (sky130_fd_sc_hd__xnor2_1)
                                         hash.CA1.p2[30] (net)
                  0.13    0.00   12.29 ^ hash.p2_cap[30]$_DFF_P_/D (sky130_fd_sc_hd__dfxtp_1)
                                 12.29   data arrival time

                  0.00   10.00   10.00   clock core_clock (rise edge)
                          0.00   10.00   clock network delay (ideal)
                          0.00   10.00   clock reconvergence pessimism
                                 10.00 ^ hash.p2_cap[30]$_DFF_P_/CLK (sky130_fd_sc_hd__dfxtp_1)
                         -0.08    9.92   library setup time
                                  9.92   data required time
-----------------------------------------------------------------------------
                                  9.92   data required time
                                -12.29   data arrival time
-----------------------------------------------------------------------------
                                 -2.37   slack (VIOLATED)



==========================================================================
detailed place report_checks -unconstrained
--------------------------------------------------------------------------
Startpoint: hash.p2_cap[7]$_DFF_P_
            (rising edge-triggered flip-flop clocked by core_clock)
Endpoint: hash.p2_cap[30]$_DFF_P_
          (rising edge-triggered flip-flop clocked by core_clock)
Path Group: core_clock
Path Type: max

Fanout     Cap    Slew   Delay    Time   Description
-----------------------------------------------------------------------------
                  0.00    0.00    0.00   clock core_clock (rise edge)
                          0.00    0.00   clock network delay (ideal)
                  0.00    0.00    0.00 ^ hash.p2_cap[7]$_DFF_P_/CLK (sky130_fd_sc_hd__dfxtp_1)
    10    0.07    0.69    0.74    0.74 ^ hash.p2_cap[7]$_DFF_P_/Q (sky130_fd_sc_hd__dfxtp_1)
                                         hash.CA2.S1.X[7] (net)
                  0.69    0.00    0.75 ^ _14842_/A (sky130_fd_sc_hd__xnor2_1)
     1    0.01    0.13    0.18    0.93 v _14842_/Y (sky130_fd_sc_hd__xnor2_1)
                                         _04446_ (net)
                  0.13    0.00    0.93 v _14843_/B (sky130_fd_sc_hd__xnor2_1)
     2    0.02    0.36    0.35    1.28 ^ _14843_/Y (sky130_fd_sc_hd__xnor2_1)
                                         _13237_ (net)
                  0.36    0.00    1.28 ^ _27609_/B (sky130_fd_sc_hd__ha_1)
     2    0.01    0.07    0.32    1.60 v _27609_/SUM (sky130_fd_sc_hd__ha_1)
                                         _13239_ (net)
                  0.07    0.00    1.60 v _14941_/A2 (sky130_fd_sc_hd__a211oi_1)
     1    0.01    0.30    0.32    1.92 ^ _14941_/Y (sky130_fd_sc_hd__a211oi_1)
                                         _04525_ (net)
                  0.30    0.00    1.92 ^ _14944_/A1 (sky130_fd_sc_hd__o21ai_2)
     3    0.02    0.10    0.15    2.07 v _14944_/Y (sky130_fd_sc_hd__o21ai_2)
                                         _04528_ (net)
                  0.10    0.00    2.07 v _15066_/A3 (sky130_fd_sc_hd__o311ai_1)
     1    0.01    0.36    0.35    2.42 ^ _15066_/Y (sky130_fd_sc_hd__o311ai_1)
                                         _04626_ (net)
                  0.36    0.00    2.42 ^ _15067_/A1 (sky130_fd_sc_hd__a21boi_2)
     3    0.01    0.10    0.13    2.55 v _15067_/Y (sky130_fd_sc_hd__a21boi_2)
                                         _04627_ (net)
                  0.10    0.00    2.55 v _15090_/A2 (sky130_fd_sc_hd__o21ai_0)
     1    0.00    0.14    0.16    2.71 ^ _15090_/Y (sky130_fd_sc_hd__o21ai_0)
                                         _04642_ (net)
                  0.14    0.00    2.71 ^ _15091_/B (sky130_fd_sc_hd__nand2b_1)
     1    0.00    0.05    0.08    2.79 v _15091_/Y (sky130_fd_sc_hd__nand2b_1)
                                         _04643_ (net)
                  0.05    0.00    2.79 v _15092_/A2 (sky130_fd_sc_hd__a21o_1)
     2    0.01    0.06    0.20    2.99 v _15092_/X (sky130_fd_sc_hd__a21o_1)
                                         _04644_ (net)
                  0.06    0.00    2.99 v _15115_/A2 (sky130_fd_sc_hd__a211oi_1)
     1    0.01    0.29    0.31    3.29 ^ _15115_/Y (sky130_fd_sc_hd__a211oi_1)
                                         _04659_ (net)
                  0.29    0.00    3.29 ^ _15117_/A (sky130_fd_sc_hd__nor2_2)
     3    0.02    0.09    0.12    3.41 v _15117_/Y (sky130_fd_sc_hd__nor2_2)
                                         _04661_ (net)
                  0.09    0.00    3.41 v _15160_/A2 (sky130_fd_sc_hd__a31oi_2)
     2    0.01    0.23    0.25    3.67 ^ _15160_/Y (sky130_fd_sc_hd__a31oi_2)
                                         _04688_ (net)
                  0.23    0.00    3.67 ^ _15181_/A2 (sky130_fd_sc_hd__o21bai_1)
     1    0.01    0.07    0.12    3.78 v _15181_/Y (sky130_fd_sc_hd__o21bai_1)
                                         _04701_ (net)
                  0.07    0.00    3.78 v _15182_/A2 (sky130_fd_sc_hd__a21oi_2)
     1    0.01    0.15    0.18    3.97 ^ _15182_/Y (sky130_fd_sc_hd__a21oi_2)
                                         _04702_ (net)
                  0.15    0.00    3.97 ^ _15183_/B (sky130_fd_sc_hd__xnor2_2)
     3    0.02    0.29    0.18    4.15 ^ _15183_/Y (sky130_fd_sc_hd__xnor2_2)
                                         _13379_ (net)
                  0.29    0.00    4.15 ^ _27691_/B (sky130_fd_sc_hd__ha_1)
     2    0.01    0.10    0.33    4.48 v _27691_/SUM (sky130_fd_sc_hd__ha_1)
                                         _13489_ (net)
                  0.10    0.00    4.48 v _18031_/A1 (sky130_fd_sc_hd__a21o_1)
     2    0.01    0.05    0.19    4.67 v _18031_/X (sky130_fd_sc_hd__a21o_1)
                                         _06656_ (net)
                  0.05    0.00    4.67 v _18032_/C (sky130_fd_sc_hd__nor3_1)
     2    0.01    0.33    0.27    4.94 ^ _18032_/Y (sky130_fd_sc_hd__nor3_1)
                                         _06657_ (net)
                  0.33    0.00    4.94 ^ _18047_/B1 (sky130_fd_sc_hd__o21ai_1)
     1    0.01    0.12    0.17    5.11 v _18047_/Y (sky130_fd_sc_hd__o21ai_1)
                                         _06668_ (net)
                  0.12    0.00    5.11 v _18050_/B1 (sky130_fd_sc_hd__a221oi_2)
     3    0.02    0.40    0.42    5.53 ^ _18050_/Y (sky130_fd_sc_hd__a221oi_2)
                                         _06671_ (net)
                  0.40    0.00    5.53 ^ _18090_/A (sky130_fd_sc_hd__nor2_1)
     1    0.00    0.08    0.10    5.62 v _18090_/Y (sky130_fd_sc_hd__nor2_1)
                                         _06703_ (net)
                  0.08    0.00    5.62 v _18091_/A3 (sky130_fd_sc_hd__o31a_1)
     2    0.02    0.10    0.31    5.93 v _18091_/X (sky130_fd_sc_hd__o31a_1)
                                         _06704_ (net)
                  0.10    0.00    5.93 v _18092_/A2 (sky130_fd_sc_hd__o21ai_4)
     3    0.02    0.19    0.20    6.14 ^ _18092_/Y (sky130_fd_sc_hd__o21ai_4)
                                         _06705_ (net)
                  0.19    0.00    6.14 ^ _18107_/A (sky130_fd_sc_hd__nor2_2)
     1    0.01    0.06    0.08    6.22 v _18107_/Y (sky130_fd_sc_hd__nor2_2)
                                         _06716_ (net)
                  0.06    0.00    6.22 v _18112_/C1 (sky130_fd_sc_hd__a211oi_4)
     7    0.05    0.57    0.47    6.68 ^ _18112_/Y (sky130_fd_sc_hd__a211oi_4)
                                         hash.CA1.S1.X[30] (net)
                  0.57    0.00    6.69 ^ _20011_/A (sky130_fd_sc_hd__xnor2_1)
     1    0.02    0.19    0.27    6.96 v _20011_/Y (sky130_fd_sc_hd__xnor2_1)
                                         _13896_ (net)
                  0.19    0.00    6.96 v _27835_/A (sky130_fd_sc_hd__ha_2)
     3    0.01    0.05    0.27    7.22 v _27835_/COUT (sky130_fd_sc_hd__ha_2)
                                         _13898_ (net)
                  0.05    0.00    7.22 v _18498_/B (sky130_fd_sc_hd__or3_1)
     1    0.01    0.08    0.36    7.58 v _18498_/X (sky130_fd_sc_hd__or3_1)
                                         _06951_ (net)
                  0.08    0.00    7.58 v _18499_/C1 (sky130_fd_sc_hd__a311oi_2)
     2    0.01    0.31    0.29    7.87 ^ _18499_/Y (sky130_fd_sc_hd__a311oi_2)
                                         _06952_ (net)
                  0.31    0.00    7.87 ^ _18500_/B (sky130_fd_sc_hd__or2_4)
     3    0.01    0.05    0.20    8.07 ^ _18500_/X (sky130_fd_sc_hd__or2_4)
                                         _06953_ (net)
                  0.05    0.00    8.07 ^ _18721_/A2 (sky130_fd_sc_hd__o21bai_1)
     1    0.01    0.07    0.07    8.14 v _18721_/Y (sky130_fd_sc_hd__o21bai_1)
                                         _07116_ (net)
                  0.07    0.00    8.14 v _18722_/A2 (sky130_fd_sc_hd__a21oi_2)
     2    0.01    0.17    0.20    8.34 ^ _18722_/Y (sky130_fd_sc_hd__a21oi_2)
                                         _07117_ (net)
                  0.17    0.00    8.34 ^ _18723_/B (sky130_fd_sc_hd__xnor2_1)
     1    0.01    0.18    0.16    8.50 ^ _18723_/Y (sky130_fd_sc_hd__xnor2_1)
                                         _12720_ (net)
                  0.18    0.00    8.50 ^ _27455_/CIN (sky130_fd_sc_hd__fa_1)
     1    0.00    0.08    0.45    8.95 v _27455_/SUM (sky130_fd_sc_hd__fa_1)
                                         _12722_ (net)
                  0.08    0.00    8.95 v _27919_/B (sky130_fd_sc_hd__ha_1)
     4    0.02    0.12    0.36    9.32 v _27919_/SUM (sky130_fd_sc_hd__ha_1)
                                         _14158_ (net)
                  0.12    0.00    9.32 v _23293_/A1 (sky130_fd_sc_hd__a21o_1)
     1    0.01    0.05    0.20    9.52 v _23293_/X (sky130_fd_sc_hd__a21o_1)
                                         _09340_ (net)
                  0.05    0.00    9.52 v _23294_/A2 (sky130_fd_sc_hd__a21o_4)
     3    0.01    0.04    0.22    9.74 v _23294_/X (sky130_fd_sc_hd__a21o_4)
                                         _09341_ (net)
                  0.04    0.00    9.74 v _23310_/B1 (sky130_fd_sc_hd__a21oi_1)
     1    0.01    0.17    0.16    9.90 ^ _23310_/Y (sky130_fd_sc_hd__a21oi_1)
                                         _09356_ (net)
                  0.17    0.00    9.90 ^ _23311_/B1 (sky130_fd_sc_hd__o21ai_2)
     2    0.01    0.09    0.11   10.01 v _23311_/Y (sky130_fd_sc_hd__o21ai_2)
                                         _09357_ (net)
                  0.09    0.00   10.01 v _23319_/C (sky130_fd_sc_hd__nor3_1)
     2    0.01    0.26    0.23   10.24 ^ _23319_/Y (sky130_fd_sc_hd__nor3_1)
                                         _09363_ (net)
                  0.26    0.00   10.24 ^ _23329_/A (sky130_fd_sc_hd__or3_4)
     2    0.01    0.05    0.20   10.43 ^ _23329_/X (sky130_fd_sc_hd__or3_4)
                                         _09371_ (net)
                  0.05    0.00   10.43 ^ _23344_/A1 (sky130_fd_sc_hd__a31oi_2)
     3    0.02    0.13    0.12   10.56 v _23344_/Y (sky130_fd_sc_hd__a31oi_2)
                                         _09384_ (net)
                  0.13    0.00   10.56 v _23354_/A4 (sky130_fd_sc_hd__a41o_4)
     3    0.01    0.05    0.32   10.88 v _23354_/X (sky130_fd_sc_hd__a41o_4)
                                         _09392_ (net)
                  0.05    0.00   10.88 v _23377_/A4 (sky130_fd_sc_hd__o41ai_2)
     2    0.01    0.40    0.34   11.22 ^ _23377_/Y (sky130_fd_sc_hd__o41ai_2)
                                         _09411_ (net)
                  0.40    0.00   11.22 ^ _23386_/A1 (sky130_fd_sc_hd__o22ai_1)
     2    0.01    0.12    0.19   11.41 v _23386_/Y (sky130_fd_sc_hd__o22ai_1)
                                         _09418_ (net)
                  0.12    0.00   11.41 v _23397_/A4 (sky130_fd_sc_hd__o41ai_1)
     2    0.01    0.50    0.44   11.85 ^ _23397_/Y (sky130_fd_sc_hd__o41ai_1)
                                         _09427_ (net)
                  0.50    0.00   11.85 ^ _23404_/A2 (sky130_fd_sc_hd__o21bai_1)
     1    0.00    0.08    0.11   11.96 v _23404_/Y (sky130_fd_sc_hd__o21bai_1)
                                         _09432_ (net)
                  0.08    0.00   11.96 v _23405_/A2 (sky130_fd_sc_hd__a21oi_1)
     1    0.01    0.16    0.19   12.15 ^ _23405_/Y (sky130_fd_sc_hd__a21oi_1)
                                         _09433_ (net)
                  0.16    0.00   12.15 ^ _23406_/B (sky130_fd_sc_hd__xnor2_1)
     1    0.00    0.13    0.14   12.29 ^ _23406_/Y (sky130_fd_sc_hd__xnor2_1)
                                         hash.CA1.p2[30] (net)
                  0.13    0.00   12.29 ^ hash.p2_cap[30]$_DFF_P_/D (sky130_fd_sc_hd__dfxtp_1)
                                 12.29   data arrival time

                  0.00   10.00   10.00   clock core_clock (rise edge)
                          0.00   10.00   clock network delay (ideal)
                          0.00   10.00   clock reconvergence pessimism
                                 10.00 ^ hash.p2_cap[30]$_DFF_P_/CLK (sky130_fd_sc_hd__dfxtp_1)
                         -0.08    9.92   library setup time
                                  9.92   data required time
-----------------------------------------------------------------------------
                                  9.92   data required time
                                -12.29   data arrival time
-----------------------------------------------------------------------------
                                 -2.37   slack (VIOLATED)



==========================================================================
detailed place report_check_types -max_slew -max_cap -max_fanout -violators
--------------------------------------------------------------------------
max slew

Pin                                    Limit    Slew   Slack
------------------------------------------------------------
count16_2[2]$_SDFF_PP0_/Q               1.50    1.50   -0.00 (VIOLATED)
_14486_/S0                              1.50    1.50   -0.00 (VIOLATED)
_14488_/S0                              1.50    1.50   -0.00 (VIOLATED)
_14484_/S0                              1.50    1.50   -0.00 (VIOLATED)
_14490_/S0                              1.50    1.50   -0.00 (VIOLATED)
_27016_/S0                              1.50    1.50   -0.00 (VIOLATED)
_27019_/S0                              1.50    1.50   -0.00 (VIOLATED)
_27018_/S0                              1.50    1.50   -0.00 (VIOLATED)
_27017_/S0                              1.50    1.50   -0.00 (VIOLATED)
_14763_/S0                              1.50    1.50   -0.00 (VIOLATED)
_14762_/S0                              1.50    1.50   -0.00 (VIOLATED)
_14764_/S0                              1.50    1.50   -0.00 (VIOLATED)
_14765_/S0                              1.50    1.50   -0.00 (VIOLATED)

max capacitance

Pin                                    Limit     Cap   Slack
------------------------------------------------------------
count16_2[2]$_SDFF_PP0_/Q               0.16    0.16   -0.00 (VIOLATED)


==========================================================================
detailed place max_slew_check_slack
--------------------------------------------------------------------------
-0.004176436923444271

==========================================================================
detailed place max_slew_check_limit
--------------------------------------------------------------------------
1.4979510307312012

==========================================================================
detailed place max_slew_check_slack_limit
--------------------------------------------------------------------------
-0.0028

==========================================================================
detailed place max_fanout_check_slack
--------------------------------------------------------------------------
1.0000000150474662e+30

==========================================================================
detailed place max_fanout_check_limit
--------------------------------------------------------------------------
1.0000000150474662e+30

==========================================================================
detailed place max_capacitance_check_slack
--------------------------------------------------------------------------
-0.0008829064900055528

==========================================================================
detailed place max_capacitance_check_limit
--------------------------------------------------------------------------
0.1620579957962036

==========================================================================
detailed place max_capacitance_check_slack_limit
--------------------------------------------------------------------------
-0.0054

==========================================================================
detailed place max_slew_violation_count
--------------------------------------------------------------------------
max slew violation count 13

==========================================================================
detailed place max_fanout_violation_count
--------------------------------------------------------------------------
max fanout violation count 0

==========================================================================
detailed place max_cap_violation_count
--------------------------------------------------------------------------
max cap violation count 1

==========================================================================
detailed place setup_violation_count
--------------------------------------------------------------------------
setup violation count 127

==========================================================================
detailed place hold_violation_count
--------------------------------------------------------------------------
hold violation count 0

==========================================================================
detailed place report_checks -path_delay max reg to reg
--------------------------------------------------------------------------
Startpoint: hash.p2_cap[7]$_DFF_P_
            (rising edge-triggered flip-flop clocked by core_clock)
Endpoint: hash.p2_cap[30]$_DFF_P_
          (rising edge-triggered flip-flop clocked by core_clock)
Path Group: core_clock
Path Type: max

  Delay    Time   Description
---------------------------------------------------------
   0.00    0.00   clock core_clock (rise edge)
   0.00    0.00   clock network delay (ideal)
   0.00    0.00 ^ hash.p2_cap[7]$_DFF_P_/CLK (sky130_fd_sc_hd__dfxtp_1)
   0.74    0.74 ^ hash.p2_cap[7]$_DFF_P_/Q (sky130_fd_sc_hd__dfxtp_1)
   0.19    0.93 v _14842_/Y (sky130_fd_sc_hd__xnor2_1)
   0.35    1.28 ^ _14843_/Y (sky130_fd_sc_hd__xnor2_1)
   0.32    1.60 v _27609_/SUM (sky130_fd_sc_hd__ha_1)
   0.32    1.92 ^ _14941_/Y (sky130_fd_sc_hd__a211oi_1)
   0.15    2.07 v _14944_/Y (sky130_fd_sc_hd__o21ai_2)
   0.35    2.42 ^ _15066_/Y (sky130_fd_sc_hd__o311ai_1)
   0.13    2.55 v _15067_/Y (sky130_fd_sc_hd__a21boi_2)
   0.16    2.71 ^ _15090_/Y (sky130_fd_sc_hd__o21ai_0)
   0.08    2.79 v _15091_/Y (sky130_fd_sc_hd__nand2b_1)
   0.20    2.99 v _15092_/X (sky130_fd_sc_hd__a21o_1)
   0.31    3.29 ^ _15115_/Y (sky130_fd_sc_hd__a211oi_1)
   0.12    3.41 v _15117_/Y (sky130_fd_sc_hd__nor2_2)
   0.25    3.67 ^ _15160_/Y (sky130_fd_sc_hd__a31oi_2)
   0.12    3.78 v _15181_/Y (sky130_fd_sc_hd__o21bai_1)
   0.18    3.97 ^ _15182_/Y (sky130_fd_sc_hd__a21oi_2)
   0.18    4.15 ^ _15183_/Y (sky130_fd_sc_hd__xnor2_2)
   0.33    4.48 v _27691_/SUM (sky130_fd_sc_hd__ha_1)
   0.19    4.67 v _18031_/X (sky130_fd_sc_hd__a21o_1)
   0.27    4.94 ^ _18032_/Y (sky130_fd_sc_hd__nor3_1)
   0.17    5.11 v _18047_/Y (sky130_fd_sc_hd__o21ai_1)
   0.42    5.53 ^ _18050_/Y (sky130_fd_sc_hd__a221oi_2)
   0.10    5.62 v _18090_/Y (sky130_fd_sc_hd__nor2_1)
   0.31    5.93 v _18091_/X (sky130_fd_sc_hd__o31a_1)
   0.21    6.14 ^ _18092_/Y (sky130_fd_sc_hd__o21ai_4)
   0.08    6.22 v _18107_/Y (sky130_fd_sc_hd__nor2_2)
   0.47    6.68 ^ _18112_/Y (sky130_fd_sc_hd__a211oi_4)
   0.27    6.96 v _20011_/Y (sky130_fd_sc_hd__xnor2_1)
   0.27    7.22 v _27835_/COUT (sky130_fd_sc_hd__ha_2)
   0.36    7.58 v _18498_/X (sky130_fd_sc_hd__or3_1)
   0.29    7.87 ^ _18499_/Y (sky130_fd_sc_hd__a311oi_2)
   0.20    8.07 ^ _18500_/X (sky130_fd_sc_hd__or2_4)
   0.07    8.14 v _18721_/Y (sky130_fd_sc_hd__o21bai_1)
   0.20    8.34 ^ _18722_/Y (sky130_fd_sc_hd__a21oi_2)
   0.16    8.50 ^ _18723_/Y (sky130_fd_sc_hd__xnor2_1)
   0.45    8.95 v _27455_/SUM (sky130_fd_sc_hd__fa_1)
   0.36    9.32 v _27919_/SUM (sky130_fd_sc_hd__ha_1)
   0.20    9.52 v _23293_/X (sky130_fd_sc_hd__a21o_1)
   0.22    9.74 v _23294_/X (sky130_fd_sc_hd__a21o_4)
   0.16    9.90 ^ _23310_/Y (sky130_fd_sc_hd__a21oi_1)
   0.11   10.01 v _23311_/Y (sky130_fd_sc_hd__o21ai_2)
   0.23   10.24 ^ _23319_/Y (sky130_fd_sc_hd__nor3_1)
   0.20   10.43 ^ _23329_/X (sky130_fd_sc_hd__or3_4)
   0.12   10.56 v _23344_/Y (sky130_fd_sc_hd__a31oi_2)
   0.32   10.88 v _23354_/X (sky130_fd_sc_hd__a41o_4)
   0.34   11.22 ^ _23377_/Y (sky130_fd_sc_hd__o41ai_2)
   0.19   11.41 v _23386_/Y (sky130_fd_sc_hd__o22ai_1)
   0.44   11.85 ^ _23397_/Y (sky130_fd_sc_hd__o41ai_1)
   0.11   11.96 v _23404_/Y (sky130_fd_sc_hd__o21bai_1)
   0.19   12.15 ^ _23405_/Y (sky130_fd_sc_hd__a21oi_1)
   0.14   12.29 ^ _23406_/Y (sky130_fd_sc_hd__xnor2_1)
   0.00   12.29 ^ hash.p2_cap[30]$_DFF_P_/D (sky130_fd_sc_hd__dfxtp_1)
          12.29   data arrival time

  10.00   10.00   clock core_clock (rise edge)
   0.00   10.00   clock network delay (ideal)
   0.00   10.00   clock reconvergence pessimism
          10.00 ^ hash.p2_cap[30]$_DFF_P_/CLK (sky130_fd_sc_hd__dfxtp_1)
  -0.08    9.92   library setup time
           9.92   data required time
---------------------------------------------------------
           9.92   data required time
         -12.29   data arrival time
---------------------------------------------------------
          -2.37   slack (VIOLATED)



==========================================================================
detailed place report_checks -path_delay min reg to reg
--------------------------------------------------------------------------
Startpoint: ready_dash$_SDFF_PP0_
            (rising edge-triggered flip-flop clocked by core_clock)
Endpoint: ready$_DFF_P_ (rising edge-triggered flip-flop clocked by core_clock)
Path Group: core_clock
Path Type: min

  Delay    Time   Description
---------------------------------------------------------
   0.00    0.00   clock core_clock (rise edge)
   0.00    0.00   clock network delay (ideal)
   0.00    0.00 ^ ready_dash$_SDFF_PP0_/CLK (sky130_fd_sc_hd__dfxtp_1)
   0.28    0.28 ^ ready_dash$_SDFF_PP0_/Q (sky130_fd_sc_hd__dfxtp_1)
   0.00    0.28 ^ ready$_DFF_P_/D (sky130_fd_sc_hd__dfxtp_1)
           0.28   data arrival time

   0.00    0.00   clock core_clock (rise edge)
   0.00    0.00   clock network delay (ideal)
   0.00    0.00   clock reconvergence pessimism
           0.00 ^ ready$_DFF_P_/CLK (sky130_fd_sc_hd__dfxtp_1)
  -0.04   -0.04   library hold time
          -0.04   data required time
---------------------------------------------------------
          -0.04   data required time
          -0.28   data arrival time
---------------------------------------------------------
           0.31   slack (MET)



==========================================================================
detailed place critical path target clock latency max path
--------------------------------------------------------------------------
0.0000

==========================================================================
detailed place critical path target clock latency min path
--------------------------------------------------------------------------
0.0000

==========================================================================
detailed place critical path source clock latency min path
--------------------------------------------------------------------------
0.0000

==========================================================================
detailed place critical path delay
--------------------------------------------------------------------------
12.2879

==========================================================================
detailed place critical path slack
--------------------------------------------------------------------------
-2.3675

==========================================================================
detailed place slack div critical path delay
--------------------------------------------------------------------------
-19.266921

==========================================================================
detailed place report_power
--------------------------------------------------------------------------
Group                  Internal  Switching    Leakage      Total
                          Power      Power      Power      Power (Watts)
----------------------------------------------------------------
Sequential             1.98e-02   3.14e-03   2.77e-08   2.29e-02   5.4%
Combinational          1.69e-01   2.32e-01   5.38e-08   4.01e-01  94.6%
Clock                  0.00e+00   0.00e+00   0.00e+00   0.00e+00   0.0%
Macro                  0.00e+00   0.00e+00   0.00e+00   0.00e+00   0.0%
Pad                    0.00e+00   0.00e+00   0.00e+00   0.00e+00   0.0%
----------------------------------------------------------------
Total                  1.89e-01   2.35e-01   8.14e-08   4.24e-01 100.0%
                          44.6%      55.4%       0.0%
