
==========================================================================
cts final report_tns
--------------------------------------------------------------------------
tns -5.03

==========================================================================
cts final report_wns
--------------------------------------------------------------------------
wns -1.02

==========================================================================
cts final report_worst_slack
--------------------------------------------------------------------------
worst slack -1.02

==========================================================================
cts final report_clock_skew
--------------------------------------------------------------------------
Clock core_clock
   1.11 source latency w[28][6]$_SDFFCE_PN0P_/CLK ^
  -1.01 target latency w[17][29]$_SDFFCE_PN0P_/CLK ^
   0.00 CRPR
--------------
   0.10 setup skew


==========================================================================
cts final report_checks -path_delay min
--------------------------------------------------------------------------
Startpoint: ready_dash$_SDFF_PP0_
            (rising edge-triggered flip-flop clocked by core_clock)
Endpoint: ready$_DFF_P_ (rising edge-triggered flip-flop clocked by core_clock)
Path Group: core_clock
Path Type: min

Fanout     Cap    Slew   Delay    Time   Description
-----------------------------------------------------------------------------
                          0.00    0.00   clock core_clock (rise edge)
                          0.00    0.00   clock source latency
     1    0.15    0.00    0.00    0.00 ^ clk (in)
                                         clk (net)
                  0.01    0.01    0.01 ^ clkbuf_0_clk/A (sky130_fd_sc_hd__clkbuf_16)
     4    0.23    0.24    0.26    0.27 ^ clkbuf_0_clk/X (sky130_fd_sc_hd__clkbuf_16)
                                         clknet_0_clk (net)
                  0.24    0.00    0.27 ^ clkbuf_2_3_0_clk/A (sky130_fd_sc_hd__clkbuf_16)
     8    0.19    0.20    0.31    0.58 ^ clkbuf_2_3_0_clk/X (sky130_fd_sc_hd__clkbuf_16)
                                         clknet_2_3_0_clk (net)
                  0.20    0.00    0.58 ^ clkbuf_5_24__f_clk/A (sky130_fd_sc_hd__clkbuf_16)
     9    0.14    0.15    0.26    0.85 ^ clkbuf_5_24__f_clk/X (sky130_fd_sc_hd__clkbuf_16)
                                         clknet_5_24__leaf_clk (net)
                  0.15    0.00    0.85 ^ clkbuf_leaf_185_clk/A (sky130_fd_sc_hd__clkbuf_16)
    11    0.04    0.06    0.18    1.02 ^ clkbuf_leaf_185_clk/X (sky130_fd_sc_hd__clkbuf_16)
                                         clknet_leaf_185_clk (net)
                  0.06    0.00    1.02 ^ ready_dash$_SDFF_PP0_/CLK (sky130_fd_sc_hd__dfxtp_1)
     1    0.00    0.02    0.29    1.32 v ready_dash$_SDFF_PP0_/Q (sky130_fd_sc_hd__dfxtp_1)
                                         ready_dash (net)
                  0.02    0.00    1.32 v ready$_DFF_P_/D (sky130_fd_sc_hd__dfxtp_4)
                                  1.32   data arrival time

                          0.00    0.00   clock core_clock (rise edge)
                          0.00    0.00   clock source latency
     1    0.15    0.00    0.00    0.00 ^ clk (in)
                                         clk (net)
                  0.01    0.01    0.01 ^ clkbuf_0_clk/A (sky130_fd_sc_hd__clkbuf_16)
     4    0.23    0.24    0.26    0.27 ^ clkbuf_0_clk/X (sky130_fd_sc_hd__clkbuf_16)
                                         clknet_0_clk (net)
                  0.24    0.00    0.27 ^ clkbuf_2_3_0_clk/A (sky130_fd_sc_hd__clkbuf_16)
     8    0.19    0.20    0.31    0.58 ^ clkbuf_2_3_0_clk/X (sky130_fd_sc_hd__clkbuf_16)
                                         clknet_2_3_0_clk (net)
                  0.20    0.00    0.58 ^ clkbuf_5_24__f_clk/A (sky130_fd_sc_hd__clkbuf_16)
     9    0.14    0.15    0.26    0.85 ^ clkbuf_5_24__f_clk/X (sky130_fd_sc_hd__clkbuf_16)
                                         clknet_5_24__leaf_clk (net)
                  0.15    0.00    0.85 ^ clkbuf_leaf_185_clk/A (sky130_fd_sc_hd__clkbuf_16)
    11    0.04    0.06    0.18    1.02 ^ clkbuf_leaf_185_clk/X (sky130_fd_sc_hd__clkbuf_16)
                                         clknet_leaf_185_clk (net)
                  0.06    0.00    1.02 ^ ready$_DFF_P_/CLK (sky130_fd_sc_hd__dfxtp_4)
                          0.00    1.02   clock reconvergence pessimism
                         -0.03    0.99   library hold time
                                  0.99   data required time
-----------------------------------------------------------------------------
                                  0.99   data required time
                                 -1.32   data arrival time
-----------------------------------------------------------------------------
                                  0.33   slack (MET)



==========================================================================
cts final report_checks -path_delay max
--------------------------------------------------------------------------
Startpoint: hash.p2_cap[6]$_DFF_P_
            (rising edge-triggered flip-flop clocked by core_clock)
Endpoint: hash.p3_cap[31]$_DFF_P_
          (rising edge-triggered flip-flop clocked by core_clock)
Path Group: core_clock
Path Type: max

Fanout     Cap    Slew   Delay    Time   Description
-----------------------------------------------------------------------------
                          0.00    0.00   clock core_clock (rise edge)
                          0.00    0.00   clock source latency
     1    0.15    0.00    0.00    0.00 ^ clk (in)
                                         clk (net)
                  0.01    0.01    0.01 ^ clkbuf_0_clk/A (sky130_fd_sc_hd__clkbuf_16)
     4    0.23    0.24    0.26    0.27 ^ clkbuf_0_clk/X (sky130_fd_sc_hd__clkbuf_16)
                                         clknet_0_clk (net)
                  0.24    0.00    0.27 ^ clkbuf_2_1_0_clk/A (sky130_fd_sc_hd__clkbuf_16)
     8    0.21    0.22    0.33    0.59 ^ clkbuf_2_1_0_clk/X (sky130_fd_sc_hd__clkbuf_16)
                                         clknet_2_1_0_clk (net)
                  0.22    0.00    0.60 ^ clkbuf_5_15__f_clk/A (sky130_fd_sc_hd__clkbuf_16)
    10    0.16    0.17    0.29    0.88 ^ clkbuf_5_15__f_clk/X (sky130_fd_sc_hd__clkbuf_16)
                                         clknet_5_15__leaf_clk (net)
                  0.17    0.00    0.88 ^ clkbuf_leaf_197_clk/A (sky130_fd_sc_hd__clkbuf_16)
    11    0.04    0.06    0.18    1.06 ^ clkbuf_leaf_197_clk/X (sky130_fd_sc_hd__clkbuf_16)
                                         clknet_leaf_197_clk (net)
                  0.06    0.00    1.06 ^ hash.p2_cap[6]$_DFF_P_/CLK (sky130_fd_sc_hd__dfxtp_4)
     6    0.04    0.07    0.38    1.45 v hash.p2_cap[6]$_DFF_P_/Q (sky130_fd_sc_hd__dfxtp_4)
                                         hash.CA2.S1.X[6] (net)
                  0.07    0.00    1.45 v _15161_/A (sky130_fd_sc_hd__xnor2_4)
     1    0.01    0.06    0.15    1.60 v _15161_/Y (sky130_fd_sc_hd__xnor2_4)
                                         _04553_ (net)
                  0.06    0.00    1.60 v _15162_/A (sky130_fd_sc_hd__xnor2_2)
     1    0.02    0.28    0.28    1.88 ^ _15162_/Y (sky130_fd_sc_hd__xnor2_2)
                                         _13398_ (net)
                  0.28    0.00    1.88 ^ _27949_/A (sky130_fd_sc_hd__ha_2)
     2    0.01    0.07    0.24    2.12 ^ _27949_/COUT (sky130_fd_sc_hd__ha_2)
                                         _13399_ (net)
                  0.07    0.00    2.12 ^ _19178_/A (sky130_fd_sc_hd__inv_2)
     1    0.01    0.02    0.04    2.16 v _19178_/Y (sky130_fd_sc_hd__inv_2)
                                         _12254_ (net)
                  0.02    0.00    2.16 v _27652_/CIN (sky130_fd_sc_hd__fa_2)
     2    0.01    0.08    0.34    2.50 v _27652_/COUT (sky130_fd_sc_hd__fa_2)
                                         _12257_ (net)
                  0.08    0.00    2.50 v _15307_/A (sky130_fd_sc_hd__nor2b_1)
     1    0.00    0.08    0.11    2.61 ^ _15307_/Y (sky130_fd_sc_hd__nor2b_1)
                                         _04679_ (net)
                  0.08    0.00    2.61 ^ _15308_/A1 (sky130_fd_sc_hd__o21ai_1)
     2    0.01    0.07    0.09    2.71 v _15308_/Y (sky130_fd_sc_hd__o21ai_1)
                                         _04680_ (net)
                  0.07    0.00    2.71 v _15309_/A1 (sky130_fd_sc_hd__a21boi_1)
     2    0.01    0.21    0.20    2.91 ^ _15309_/Y (sky130_fd_sc_hd__a21boi_1)
                                         _04681_ (net)
                  0.21    0.00    2.91 ^ _15365_/A1 (sky130_fd_sc_hd__o21ai_2)
     2    0.01    0.08    0.13    3.04 v _15365_/Y (sky130_fd_sc_hd__o21ai_2)
                                         _04729_ (net)
                  0.08    0.00    3.04 v _15423_/A2 (sky130_fd_sc_hd__a21oi_4)
     3    0.02    0.21    0.24    3.28 ^ _15423_/Y (sky130_fd_sc_hd__a21oi_4)
                                         _04779_ (net)
                  0.21    0.00    3.28 ^ _15499_/A2 (sky130_fd_sc_hd__a21oi_4)
     3    0.02    0.07    0.11    3.39 v _15499_/Y (sky130_fd_sc_hd__a21oi_4)
                                         _04839_ (net)
                  0.07    0.00    3.39 v _15543_/A2 (sky130_fd_sc_hd__o22ai_4)
     3    0.02    0.23    0.22    3.61 ^ _15543_/Y (sky130_fd_sc_hd__o22ai_4)
                                         _04867_ (net)
                  0.23    0.00    3.61 ^ _15570_/A1 (sky130_fd_sc_hd__a31o_1)
     1    0.00    0.05    0.17    3.79 ^ _15570_/X (sky130_fd_sc_hd__a31o_1)
                                         _04886_ (net)
                  0.05    0.00    3.79 ^ _15571_/A1 (sky130_fd_sc_hd__a21o_1)
     2    0.01    0.10    0.15    3.94 ^ _15571_/X (sky130_fd_sc_hd__a21o_1)
                                         _04887_ (net)
                  0.10    0.00    3.94 ^ _15593_/A1 (sky130_fd_sc_hd__a21oi_2)
     2    0.01    0.05    0.07    4.01 v _15593_/Y (sky130_fd_sc_hd__a21oi_2)
                                         _04901_ (net)
                  0.05    0.00    4.01 v _15615_/A2 (sky130_fd_sc_hd__o211ai_2)
     1    0.01    0.14    0.15    4.16 ^ _15615_/Y (sky130_fd_sc_hd__o211ai_2)
                                         _04915_ (net)
                  0.14    0.00    4.16 ^ _15616_/A1 (sky130_fd_sc_hd__a21oi_2)
     2    0.02    0.09    0.11    4.28 v _15616_/Y (sky130_fd_sc_hd__a21oi_2)
                                         _04916_ (net)
                  0.09    0.00    4.28 v _20670_/A (sky130_fd_sc_hd__xnor2_2)
     2    0.01    0.07    0.16    4.44 v _20670_/Y (sky130_fd_sc_hd__xnor2_2)
                                         _13554_ (net)
                  0.07    0.00    4.44 v _28035_/A (sky130_fd_sc_hd__ha_1)
     2    0.01    0.08    0.33    4.77 v _28035_/SUM (sky130_fd_sc_hd__ha_1)
                                         _13661_ (net)
                  0.08    0.00    4.77 v _18449_/A2 (sky130_fd_sc_hd__a21oi_1)
     1    0.00    0.12    0.16    4.93 ^ _18449_/Y (sky130_fd_sc_hd__a21oi_1)
                                         _06859_ (net)
                  0.12    0.00    4.93 ^ _18450_/B1 (sky130_fd_sc_hd__o21ai_1)
     1    0.00    0.06    0.08    5.01 v _18450_/Y (sky130_fd_sc_hd__o21ai_1)
                                         _06860_ (net)
                  0.06    0.00    5.01 v _18451_/B1 (sky130_fd_sc_hd__a21o_1)
     1    0.01    0.06    0.18    5.19 v _18451_/X (sky130_fd_sc_hd__a21o_1)
                                         _06861_ (net)
                  0.06    0.00    5.19 v _18452_/B1 (sky130_fd_sc_hd__a21oi_4)
     4    0.03    0.26    0.24    5.43 ^ _18452_/Y (sky130_fd_sc_hd__a21oi_4)
                                         _06862_ (net)
                  0.26    0.00    5.43 ^ _18510_/A2 (sky130_fd_sc_hd__o211ai_2)
     2    0.01    0.11    0.13    5.56 v _18510_/Y (sky130_fd_sc_hd__o211ai_2)
                                         _06908_ (net)
                  0.11    0.00    5.56 v _18525_/A2 (sky130_fd_sc_hd__a21o_1)
     1    0.01    0.05    0.21    5.77 v _18525_/X (sky130_fd_sc_hd__a21o_1)
                                         _06919_ (net)
                  0.05    0.00    5.77 v _18526_/A1 (sky130_fd_sc_hd__a21oi_2)
     1    0.00    0.09    0.11    5.89 ^ _18526_/Y (sky130_fd_sc_hd__a21oi_2)
                                         _06920_ (net)
                  0.09    0.00    5.89 ^ _18527_/A (sky130_fd_sc_hd__xor3_2)
     2    0.01    0.09    0.45    6.34 v _18527_/X (sky130_fd_sc_hd__xor3_2)
                                         _06921_ (net)
                  0.09    0.00    6.34 v _18528_/B (sky130_fd_sc_hd__and2_4)
     5    0.06    0.09    0.24    6.58 v _18528_/X (sky130_fd_sc_hd__and2_4)
                                         _06922_ (net)
                  0.09    0.00    6.58 v _20774_/B (sky130_fd_sc_hd__xnor2_4)
     1    0.03    0.13    0.18    6.76 v _20774_/Y (sky130_fd_sc_hd__xnor2_4)
                                         _14077_ (net)
                  0.13    0.00    6.76 v _28180_/A (sky130_fd_sc_hd__ha_4)
     2    0.02    0.07    0.33    7.09 ^ _28180_/SUM (sky130_fd_sc_hd__ha_4)
                                         _14079_ (net)
                  0.07    0.00    7.09 ^ _18911_/A (sky130_fd_sc_hd__nor2_4)
     2    0.01    0.03    0.05    7.13 v _18911_/Y (sky130_fd_sc_hd__nor2_4)
                                         _07149_ (net)
                  0.03    0.00    7.13 v _18912_/A (sky130_fd_sc_hd__nor2_2)
     1    0.01    0.13    0.13    7.27 ^ _18912_/Y (sky130_fd_sc_hd__nor2_2)
                                         _07150_ (net)
                  0.13    0.00    7.27 ^ _18913_/B1 (sky130_fd_sc_hd__o31ai_4)
     3    0.02    0.10    0.12    7.39 v _18913_/Y (sky130_fd_sc_hd__o31ai_4)
                                         _07151_ (net)
                  0.10    0.00    7.39 v _18956_/A2 (sky130_fd_sc_hd__o21ai_4)
     5    0.04    0.29    0.28    7.67 ^ _18956_/Y (sky130_fd_sc_hd__o21ai_4)
                                         _07183_ (net)
                  0.29    0.00    7.67 ^ _18990_/A1 (sky130_fd_sc_hd__a41oi_4)
     4    0.02    0.15    0.18    7.86 v _18990_/Y (sky130_fd_sc_hd__a41oi_4)
                                         _07211_ (net)
                  0.15    0.00    7.86 v rebuffer12/A (sky130_fd_sc_hd__buf_2)
     1    0.00    0.02    0.16    8.01 v rebuffer12/X (sky130_fd_sc_hd__buf_2)
                                         net1026 (net)
                  0.02    0.00    8.01 v rebuffer11/A (sky130_fd_sc_hd__buf_1)
     1    0.00    0.02    0.07    8.09 v rebuffer11/X (sky130_fd_sc_hd__buf_1)
                                         net1025 (net)
                  0.02    0.00    8.09 v rebuffer10/A (sky130_fd_sc_hd__buf_2)
     1    0.00    0.03    0.11    8.20 v rebuffer10/X (sky130_fd_sc_hd__buf_2)
                                         net1024 (net)
                  0.03    0.00    8.20 v rebuffer5/A (sky130_fd_sc_hd__buf_6)
     1    0.01    0.03    0.11    8.31 v rebuffer5/X (sky130_fd_sc_hd__buf_6)
                                         net1019 (net)
                  0.03    0.00    8.31 v _19035_/A3 (sky130_fd_sc_hd__o31ai_4)
     1    0.02    0.27    0.24    8.55 ^ _19035_/Y (sky130_fd_sc_hd__o31ai_4)
                                         _07250_ (net)
                  0.27    0.00    8.55 ^ _19036_/A1 (sky130_fd_sc_hd__a21oi_2)
     2    0.01    0.09    0.12    8.67 v _19036_/Y (sky130_fd_sc_hd__a21oi_2)
                                         _07251_ (net)
                  0.09    0.00    8.67 v _19037_/A (sky130_fd_sc_hd__xnor2_2)
     2    0.01    0.21    0.23    8.90 ^ _19037_/Y (sky130_fd_sc_hd__xnor2_2)
                                         _12978_ (net)
                  0.21    0.00    8.90 ^ _19038_/A (sky130_fd_sc_hd__inv_1)
     1    0.01    0.07    0.09    9.00 v _19038_/Y (sky130_fd_sc_hd__inv_1)
                                         _12774_ (net)
                  0.07    0.00    9.00 v _27769_/B (sky130_fd_sc_hd__fa_1)
     1    0.01    0.08    0.52    9.52 ^ _27769_/SUM (sky130_fd_sc_hd__fa_1)
                                         _12778_ (net)
                  0.08    0.00    9.52 ^ _20811_/A (sky130_fd_sc_hd__inv_2)
     1    0.01    0.03    0.05    9.57 v _20811_/Y (sky130_fd_sc_hd__inv_2)
                                         _14210_ (net)
                  0.03    0.00    9.57 v _28226_/A (sky130_fd_sc_hd__ha_4)
     5    0.03    0.07    0.27    9.84 v _28226_/SUM (sky130_fd_sc_hd__ha_4)
                                         _14212_ (net)
                  0.07    0.00    9.84 v _23891_/B (sky130_fd_sc_hd__nand3_2)
     1    0.00    0.06    0.08    9.92 ^ _23891_/Y (sky130_fd_sc_hd__nand3_2)
                                         _09687_ (net)
                  0.06    0.00    9.92 ^ _23892_/C (sky130_fd_sc_hd__nor3_1)
     1    0.00    0.06    0.05    9.96 v _23892_/Y (sky130_fd_sc_hd__nor3_1)
                                         _09688_ (net)
                  0.06    0.00    9.96 v _23896_/A1 (sky130_fd_sc_hd__a32o_2)
     3    0.03    0.09    0.30   10.27 v _23896_/X (sky130_fd_sc_hd__a32o_2)
                                         _09692_ (net)
                  0.09    0.00   10.27 v _23912_/A (sky130_fd_sc_hd__or4_4)
     2    0.01    0.09    0.56   10.83 v _23912_/X (sky130_fd_sc_hd__or4_4)
                                         _09704_ (net)
                  0.09    0.00   10.83 v _23927_/A3 (sky130_fd_sc_hd__a311oi_2)
     1    0.01    0.22    0.30   11.13 ^ _23927_/Y (sky130_fd_sc_hd__a311oi_2)
                                         _09717_ (net)
                  0.22    0.00   11.13 ^ _23929_/B (sky130_fd_sc_hd__nor2_2)
     3    0.01    0.07    0.09   11.22 v _23929_/Y (sky130_fd_sc_hd__nor2_2)
                                         _09719_ (net)
                  0.07    0.00   11.22 v _23951_/A2 (sky130_fd_sc_hd__o211a_1)
     2    0.01    0.08    0.26   11.47 v _23951_/X (sky130_fd_sc_hd__o211a_1)
                                         _09737_ (net)
                  0.08    0.00   11.47 v _23953_/B (sky130_fd_sc_hd__nor4b_2)
     1    0.00    0.23    0.28   11.75 ^ _23953_/Y (sky130_fd_sc_hd__nor4b_2)
                                         _09739_ (net)
                  0.23    0.00   11.75 ^ _23958_/C1 (sky130_fd_sc_hd__a211oi_2)
     1    0.01    0.06    0.07   11.82 v _23958_/Y (sky130_fd_sc_hd__a211oi_2)
                                         _09744_ (net)
                  0.06    0.00   11.82 v _23959_/B (sky130_fd_sc_hd__xnor2_1)
     1    0.00    0.06    0.12   11.94 v _23959_/Y (sky130_fd_sc_hd__xnor2_1)
                                         hash.CA1.p3[31] (net)
                  0.06    0.00   11.94 v hash.p3_cap[31]$_DFF_P_/D (sky130_fd_sc_hd__dfxtp_2)
                                 11.94   data arrival time

                         10.00   10.00   clock core_clock (rise edge)
                          0.00   10.00   clock source latency
     1    0.15    0.00    0.00   10.00 ^ clk (in)
                                         clk (net)
                  0.01    0.01   10.01 ^ clkbuf_0_clk/A (sky130_fd_sc_hd__clkbuf_16)
     4    0.23    0.24    0.26   10.27 ^ clkbuf_0_clk/X (sky130_fd_sc_hd__clkbuf_16)
                                         clknet_0_clk (net)
                  0.24    0.00   10.27 ^ clkbuf_2_3_0_clk/A (sky130_fd_sc_hd__clkbuf_16)
     8    0.19    0.20    0.31   10.58 ^ clkbuf_2_3_0_clk/X (sky130_fd_sc_hd__clkbuf_16)
                                         clknet_2_3_0_clk (net)
                  0.20    0.00   10.58 ^ clkbuf_5_29__f_clk/A (sky130_fd_sc_hd__clkbuf_16)
     9    0.13    0.15    0.26   10.84 ^ clkbuf_5_29__f_clk/X (sky130_fd_sc_hd__clkbuf_16)
                                         clknet_5_29__leaf_clk (net)
                  0.15    0.00   10.85 ^ clkbuf_leaf_146_clk/A (sky130_fd_sc_hd__clkbuf_16)
     9    0.05    0.07    0.18   11.03 ^ clkbuf_leaf_146_clk/X (sky130_fd_sc_hd__clkbuf_16)
                                         clknet_leaf_146_clk (net)
                  0.07    0.00   11.03 ^ hash.p3_cap[31]$_DFF_P_/CLK (sky130_fd_sc_hd__dfxtp_2)
                          0.00   11.03   clock reconvergence pessimism
                         -0.11   10.92   library setup time
                                 10.92   data required time
-----------------------------------------------------------------------------
                                 10.92   data required time
                                -11.94   data arrival time
-----------------------------------------------------------------------------
                                 -1.02   slack (VIOLATED)



==========================================================================
cts final report_checks -unconstrained
--------------------------------------------------------------------------
Startpoint: hash.p2_cap[6]$_DFF_P_
            (rising edge-triggered flip-flop clocked by core_clock)
Endpoint: hash.p3_cap[31]$_DFF_P_
          (rising edge-triggered flip-flop clocked by core_clock)
Path Group: core_clock
Path Type: max

Fanout     Cap    Slew   Delay    Time   Description
-----------------------------------------------------------------------------
                          0.00    0.00   clock core_clock (rise edge)
                          0.00    0.00   clock source latency
     1    0.15    0.00    0.00    0.00 ^ clk (in)
                                         clk (net)
                  0.01    0.01    0.01 ^ clkbuf_0_clk/A (sky130_fd_sc_hd__clkbuf_16)
     4    0.23    0.24    0.26    0.27 ^ clkbuf_0_clk/X (sky130_fd_sc_hd__clkbuf_16)
                                         clknet_0_clk (net)
                  0.24    0.00    0.27 ^ clkbuf_2_1_0_clk/A (sky130_fd_sc_hd__clkbuf_16)
     8    0.21    0.22    0.33    0.59 ^ clkbuf_2_1_0_clk/X (sky130_fd_sc_hd__clkbuf_16)
                                         clknet_2_1_0_clk (net)
                  0.22    0.00    0.60 ^ clkbuf_5_15__f_clk/A (sky130_fd_sc_hd__clkbuf_16)
    10    0.16    0.17    0.29    0.88 ^ clkbuf_5_15__f_clk/X (sky130_fd_sc_hd__clkbuf_16)
                                         clknet_5_15__leaf_clk (net)
                  0.17    0.00    0.88 ^ clkbuf_leaf_197_clk/A (sky130_fd_sc_hd__clkbuf_16)
    11    0.04    0.06    0.18    1.06 ^ clkbuf_leaf_197_clk/X (sky130_fd_sc_hd__clkbuf_16)
                                         clknet_leaf_197_clk (net)
                  0.06    0.00    1.06 ^ hash.p2_cap[6]$_DFF_P_/CLK (sky130_fd_sc_hd__dfxtp_4)
     6    0.04    0.07    0.38    1.45 v hash.p2_cap[6]$_DFF_P_/Q (sky130_fd_sc_hd__dfxtp_4)
                                         hash.CA2.S1.X[6] (net)
                  0.07    0.00    1.45 v _15161_/A (sky130_fd_sc_hd__xnor2_4)
     1    0.01    0.06    0.15    1.60 v _15161_/Y (sky130_fd_sc_hd__xnor2_4)
                                         _04553_ (net)
                  0.06    0.00    1.60 v _15162_/A (sky130_fd_sc_hd__xnor2_2)
     1    0.02    0.28    0.28    1.88 ^ _15162_/Y (sky130_fd_sc_hd__xnor2_2)
                                         _13398_ (net)
                  0.28    0.00    1.88 ^ _27949_/A (sky130_fd_sc_hd__ha_2)
     2    0.01    0.07    0.24    2.12 ^ _27949_/COUT (sky130_fd_sc_hd__ha_2)
                                         _13399_ (net)
                  0.07    0.00    2.12 ^ _19178_/A (sky130_fd_sc_hd__inv_2)
     1    0.01    0.02    0.04    2.16 v _19178_/Y (sky130_fd_sc_hd__inv_2)
                                         _12254_ (net)
                  0.02    0.00    2.16 v _27652_/CIN (sky130_fd_sc_hd__fa_2)
     2    0.01    0.08    0.34    2.50 v _27652_/COUT (sky130_fd_sc_hd__fa_2)
                                         _12257_ (net)
                  0.08    0.00    2.50 v _15307_/A (sky130_fd_sc_hd__nor2b_1)
     1    0.00    0.08    0.11    2.61 ^ _15307_/Y (sky130_fd_sc_hd__nor2b_1)
                                         _04679_ (net)
                  0.08    0.00    2.61 ^ _15308_/A1 (sky130_fd_sc_hd__o21ai_1)
     2    0.01    0.07    0.09    2.71 v _15308_/Y (sky130_fd_sc_hd__o21ai_1)
                                         _04680_ (net)
                  0.07    0.00    2.71 v _15309_/A1 (sky130_fd_sc_hd__a21boi_1)
     2    0.01    0.21    0.20    2.91 ^ _15309_/Y (sky130_fd_sc_hd__a21boi_1)
                                         _04681_ (net)
                  0.21    0.00    2.91 ^ _15365_/A1 (sky130_fd_sc_hd__o21ai_2)
     2    0.01    0.08    0.13    3.04 v _15365_/Y (sky130_fd_sc_hd__o21ai_2)
                                         _04729_ (net)
                  0.08    0.00    3.04 v _15423_/A2 (sky130_fd_sc_hd__a21oi_4)
     3    0.02    0.21    0.24    3.28 ^ _15423_/Y (sky130_fd_sc_hd__a21oi_4)
                                         _04779_ (net)
                  0.21    0.00    3.28 ^ _15499_/A2 (sky130_fd_sc_hd__a21oi_4)
     3    0.02    0.07    0.11    3.39 v _15499_/Y (sky130_fd_sc_hd__a21oi_4)
                                         _04839_ (net)
                  0.07    0.00    3.39 v _15543_/A2 (sky130_fd_sc_hd__o22ai_4)
     3    0.02    0.23    0.22    3.61 ^ _15543_/Y (sky130_fd_sc_hd__o22ai_4)
                                         _04867_ (net)
                  0.23    0.00    3.61 ^ _15570_/A1 (sky130_fd_sc_hd__a31o_1)
     1    0.00    0.05    0.17    3.79 ^ _15570_/X (sky130_fd_sc_hd__a31o_1)
                                         _04886_ (net)
                  0.05    0.00    3.79 ^ _15571_/A1 (sky130_fd_sc_hd__a21o_1)
     2    0.01    0.10    0.15    3.94 ^ _15571_/X (sky130_fd_sc_hd__a21o_1)
                                         _04887_ (net)
                  0.10    0.00    3.94 ^ _15593_/A1 (sky130_fd_sc_hd__a21oi_2)
     2    0.01    0.05    0.07    4.01 v _15593_/Y (sky130_fd_sc_hd__a21oi_2)
                                         _04901_ (net)
                  0.05    0.00    4.01 v _15615_/A2 (sky130_fd_sc_hd__o211ai_2)
     1    0.01    0.14    0.15    4.16 ^ _15615_/Y (sky130_fd_sc_hd__o211ai_2)
                                         _04915_ (net)
                  0.14    0.00    4.16 ^ _15616_/A1 (sky130_fd_sc_hd__a21oi_2)
     2    0.02    0.09    0.11    4.28 v _15616_/Y (sky130_fd_sc_hd__a21oi_2)
                                         _04916_ (net)
                  0.09    0.00    4.28 v _20670_/A (sky130_fd_sc_hd__xnor2_2)
     2    0.01    0.07    0.16    4.44 v _20670_/Y (sky130_fd_sc_hd__xnor2_2)
                                         _13554_ (net)
                  0.07    0.00    4.44 v _28035_/A (sky130_fd_sc_hd__ha_1)
     2    0.01    0.08    0.33    4.77 v _28035_/SUM (sky130_fd_sc_hd__ha_1)
                                         _13661_ (net)
                  0.08    0.00    4.77 v _18449_/A2 (sky130_fd_sc_hd__a21oi_1)
     1    0.00    0.12    0.16    4.93 ^ _18449_/Y (sky130_fd_sc_hd__a21oi_1)
                                         _06859_ (net)
                  0.12    0.00    4.93 ^ _18450_/B1 (sky130_fd_sc_hd__o21ai_1)
     1    0.00    0.06    0.08    5.01 v _18450_/Y (sky130_fd_sc_hd__o21ai_1)
                                         _06860_ (net)
                  0.06    0.00    5.01 v _18451_/B1 (sky130_fd_sc_hd__a21o_1)
     1    0.01    0.06    0.18    5.19 v _18451_/X (sky130_fd_sc_hd__a21o_1)
                                         _06861_ (net)
                  0.06    0.00    5.19 v _18452_/B1 (sky130_fd_sc_hd__a21oi_4)
     4    0.03    0.26    0.24    5.43 ^ _18452_/Y (sky130_fd_sc_hd__a21oi_4)
                                         _06862_ (net)
                  0.26    0.00    5.43 ^ _18510_/A2 (sky130_fd_sc_hd__o211ai_2)
     2    0.01    0.11    0.13    5.56 v _18510_/Y (sky130_fd_sc_hd__o211ai_2)
                                         _06908_ (net)
                  0.11    0.00    5.56 v _18525_/A2 (sky130_fd_sc_hd__a21o_1)
     1    0.01    0.05    0.21    5.77 v _18525_/X (sky130_fd_sc_hd__a21o_1)
                                         _06919_ (net)
                  0.05    0.00    5.77 v _18526_/A1 (sky130_fd_sc_hd__a21oi_2)
     1    0.00    0.09    0.11    5.89 ^ _18526_/Y (sky130_fd_sc_hd__a21oi_2)
                                         _06920_ (net)
                  0.09    0.00    5.89 ^ _18527_/A (sky130_fd_sc_hd__xor3_2)
     2    0.01    0.09    0.45    6.34 v _18527_/X (sky130_fd_sc_hd__xor3_2)
                                         _06921_ (net)
                  0.09    0.00    6.34 v _18528_/B (sky130_fd_sc_hd__and2_4)
     5    0.06    0.09    0.24    6.58 v _18528_/X (sky130_fd_sc_hd__and2_4)
                                         _06922_ (net)
                  0.09    0.00    6.58 v _20774_/B (sky130_fd_sc_hd__xnor2_4)
     1    0.03    0.13    0.18    6.76 v _20774_/Y (sky130_fd_sc_hd__xnor2_4)
                                         _14077_ (net)
                  0.13    0.00    6.76 v _28180_/A (sky130_fd_sc_hd__ha_4)
     2    0.02    0.07    0.33    7.09 ^ _28180_/SUM (sky130_fd_sc_hd__ha_4)
                                         _14079_ (net)
                  0.07    0.00    7.09 ^ _18911_/A (sky130_fd_sc_hd__nor2_4)
     2    0.01    0.03    0.05    7.13 v _18911_/Y (sky130_fd_sc_hd__nor2_4)
                                         _07149_ (net)
                  0.03    0.00    7.13 v _18912_/A (sky130_fd_sc_hd__nor2_2)
     1    0.01    0.13    0.13    7.27 ^ _18912_/Y (sky130_fd_sc_hd__nor2_2)
                                         _07150_ (net)
                  0.13    0.00    7.27 ^ _18913_/B1 (sky130_fd_sc_hd__o31ai_4)
     3    0.02    0.10    0.12    7.39 v _18913_/Y (sky130_fd_sc_hd__o31ai_4)
                                         _07151_ (net)
                  0.10    0.00    7.39 v _18956_/A2 (sky130_fd_sc_hd__o21ai_4)
     5    0.04    0.29    0.28    7.67 ^ _18956_/Y (sky130_fd_sc_hd__o21ai_4)
                                         _07183_ (net)
                  0.29    0.00    7.67 ^ _18990_/A1 (sky130_fd_sc_hd__a41oi_4)
     4    0.02    0.15    0.18    7.86 v _18990_/Y (sky130_fd_sc_hd__a41oi_4)
                                         _07211_ (net)
                  0.15    0.00    7.86 v rebuffer12/A (sky130_fd_sc_hd__buf_2)
     1    0.00    0.02    0.16    8.01 v rebuffer12/X (sky130_fd_sc_hd__buf_2)
                                         net1026 (net)
                  0.02    0.00    8.01 v rebuffer11/A (sky130_fd_sc_hd__buf_1)
     1    0.00    0.02    0.07    8.09 v rebuffer11/X (sky130_fd_sc_hd__buf_1)
                                         net1025 (net)
                  0.02    0.00    8.09 v rebuffer10/A (sky130_fd_sc_hd__buf_2)
     1    0.00    0.03    0.11    8.20 v rebuffer10/X (sky130_fd_sc_hd__buf_2)
                                         net1024 (net)
                  0.03    0.00    8.20 v rebuffer5/A (sky130_fd_sc_hd__buf_6)
     1    0.01    0.03    0.11    8.31 v rebuffer5/X (sky130_fd_sc_hd__buf_6)
                                         net1019 (net)
                  0.03    0.00    8.31 v _19035_/A3 (sky130_fd_sc_hd__o31ai_4)
     1    0.02    0.27    0.24    8.55 ^ _19035_/Y (sky130_fd_sc_hd__o31ai_4)
                                         _07250_ (net)
                  0.27    0.00    8.55 ^ _19036_/A1 (sky130_fd_sc_hd__a21oi_2)
     2    0.01    0.09    0.12    8.67 v _19036_/Y (sky130_fd_sc_hd__a21oi_2)
                                         _07251_ (net)
                  0.09    0.00    8.67 v _19037_/A (sky130_fd_sc_hd__xnor2_2)
     2    0.01    0.21    0.23    8.90 ^ _19037_/Y (sky130_fd_sc_hd__xnor2_2)
                                         _12978_ (net)
                  0.21    0.00    8.90 ^ _19038_/A (sky130_fd_sc_hd__inv_1)
     1    0.01    0.07    0.09    9.00 v _19038_/Y (sky130_fd_sc_hd__inv_1)
                                         _12774_ (net)
                  0.07    0.00    9.00 v _27769_/B (sky130_fd_sc_hd__fa_1)
     1    0.01    0.08    0.52    9.52 ^ _27769_/SUM (sky130_fd_sc_hd__fa_1)
                                         _12778_ (net)
                  0.08    0.00    9.52 ^ _20811_/A (sky130_fd_sc_hd__inv_2)
     1    0.01    0.03    0.05    9.57 v _20811_/Y (sky130_fd_sc_hd__inv_2)
                                         _14210_ (net)
                  0.03    0.00    9.57 v _28226_/A (sky130_fd_sc_hd__ha_4)
     5    0.03    0.07    0.27    9.84 v _28226_/SUM (sky130_fd_sc_hd__ha_4)
                                         _14212_ (net)
                  0.07    0.00    9.84 v _23891_/B (sky130_fd_sc_hd__nand3_2)
     1    0.00    0.06    0.08    9.92 ^ _23891_/Y (sky130_fd_sc_hd__nand3_2)
                                         _09687_ (net)
                  0.06    0.00    9.92 ^ _23892_/C (sky130_fd_sc_hd__nor3_1)
     1    0.00    0.06    0.05    9.96 v _23892_/Y (sky130_fd_sc_hd__nor3_1)
                                         _09688_ (net)
                  0.06    0.00    9.96 v _23896_/A1 (sky130_fd_sc_hd__a32o_2)
     3    0.03    0.09    0.30   10.27 v _23896_/X (sky130_fd_sc_hd__a32o_2)
                                         _09692_ (net)
                  0.09    0.00   10.27 v _23912_/A (sky130_fd_sc_hd__or4_4)
     2    0.01    0.09    0.56   10.83 v _23912_/X (sky130_fd_sc_hd__or4_4)
                                         _09704_ (net)
                  0.09    0.00   10.83 v _23927_/A3 (sky130_fd_sc_hd__a311oi_2)
     1    0.01    0.22    0.30   11.13 ^ _23927_/Y (sky130_fd_sc_hd__a311oi_2)
                                         _09717_ (net)
                  0.22    0.00   11.13 ^ _23929_/B (sky130_fd_sc_hd__nor2_2)
     3    0.01    0.07    0.09   11.22 v _23929_/Y (sky130_fd_sc_hd__nor2_2)
                                         _09719_ (net)
                  0.07    0.00   11.22 v _23951_/A2 (sky130_fd_sc_hd__o211a_1)
     2    0.01    0.08    0.26   11.47 v _23951_/X (sky130_fd_sc_hd__o211a_1)
                                         _09737_ (net)
                  0.08    0.00   11.47 v _23953_/B (sky130_fd_sc_hd__nor4b_2)
     1    0.00    0.23    0.28   11.75 ^ _23953_/Y (sky130_fd_sc_hd__nor4b_2)
                                         _09739_ (net)
                  0.23    0.00   11.75 ^ _23958_/C1 (sky130_fd_sc_hd__a211oi_2)
     1    0.01    0.06    0.07   11.82 v _23958_/Y (sky130_fd_sc_hd__a211oi_2)
                                         _09744_ (net)
                  0.06    0.00   11.82 v _23959_/B (sky130_fd_sc_hd__xnor2_1)
     1    0.00    0.06    0.12   11.94 v _23959_/Y (sky130_fd_sc_hd__xnor2_1)
                                         hash.CA1.p3[31] (net)
                  0.06    0.00   11.94 v hash.p3_cap[31]$_DFF_P_/D (sky130_fd_sc_hd__dfxtp_2)
                                 11.94   data arrival time

                         10.00   10.00   clock core_clock (rise edge)
                          0.00   10.00   clock source latency
     1    0.15    0.00    0.00   10.00 ^ clk (in)
                                         clk (net)
                  0.01    0.01   10.01 ^ clkbuf_0_clk/A (sky130_fd_sc_hd__clkbuf_16)
     4    0.23    0.24    0.26   10.27 ^ clkbuf_0_clk/X (sky130_fd_sc_hd__clkbuf_16)
                                         clknet_0_clk (net)
                  0.24    0.00   10.27 ^ clkbuf_2_3_0_clk/A (sky130_fd_sc_hd__clkbuf_16)
     8    0.19    0.20    0.31   10.58 ^ clkbuf_2_3_0_clk/X (sky130_fd_sc_hd__clkbuf_16)
                                         clknet_2_3_0_clk (net)
                  0.20    0.00   10.58 ^ clkbuf_5_29__f_clk/A (sky130_fd_sc_hd__clkbuf_16)
     9    0.13    0.15    0.26   10.84 ^ clkbuf_5_29__f_clk/X (sky130_fd_sc_hd__clkbuf_16)
                                         clknet_5_29__leaf_clk (net)
                  0.15    0.00   10.85 ^ clkbuf_leaf_146_clk/A (sky130_fd_sc_hd__clkbuf_16)
     9    0.05    0.07    0.18   11.03 ^ clkbuf_leaf_146_clk/X (sky130_fd_sc_hd__clkbuf_16)
                                         clknet_leaf_146_clk (net)
                  0.07    0.00   11.03 ^ hash.p3_cap[31]$_DFF_P_/CLK (sky130_fd_sc_hd__dfxtp_2)
                          0.00   11.03   clock reconvergence pessimism
                         -0.11   10.92   library setup time
                                 10.92   data required time
-----------------------------------------------------------------------------
                                 10.92   data required time
                                -11.94   data arrival time
-----------------------------------------------------------------------------
                                 -1.02   slack (VIOLATED)



==========================================================================
cts final report_check_types -max_slew -max_cap -max_fanout -violators
--------------------------------------------------------------------------

==========================================================================
cts final max_slew_check_slack
--------------------------------------------------------------------------
0.36990389227867126

==========================================================================
cts final max_slew_check_limit
--------------------------------------------------------------------------
1.468616008758545

==========================================================================
cts final max_slew_check_slack_limit
--------------------------------------------------------------------------
0.2519

==========================================================================
cts final max_fanout_check_slack
--------------------------------------------------------------------------
1.0000000150474662e+30

==========================================================================
cts final max_fanout_check_limit
--------------------------------------------------------------------------
1.0000000150474662e+30

==========================================================================
cts final max_capacitance_check_slack
--------------------------------------------------------------------------
0.01690753363072872

==========================================================================
cts final max_capacitance_check_limit
--------------------------------------------------------------------------
0.021067000925540924

==========================================================================
cts final max_capacitance_check_slack_limit
--------------------------------------------------------------------------
0.8026

==========================================================================
cts final max_slew_violation_count
--------------------------------------------------------------------------
max slew violation count 0

==========================================================================
cts final max_fanout_violation_count
--------------------------------------------------------------------------
max fanout violation count 0

==========================================================================
cts final max_cap_violation_count
--------------------------------------------------------------------------
max cap violation count 0

==========================================================================
cts final setup_violation_count
--------------------------------------------------------------------------
setup violation count 15

==========================================================================
cts final hold_violation_count
--------------------------------------------------------------------------
hold violation count 0

==========================================================================
cts final report_checks -path_delay max reg to reg
--------------------------------------------------------------------------
Startpoint: hash.p2_cap[6]$_DFF_P_
            (rising edge-triggered flip-flop clocked by core_clock)
Endpoint: hash.p3_cap[31]$_DFF_P_
          (rising edge-triggered flip-flop clocked by core_clock)
Path Group: core_clock
Path Type: max

  Delay    Time   Description
---------------------------------------------------------
   0.00    0.00   clock core_clock (rise edge)
   0.00    0.00   clock source latency
   0.00    0.00 ^ clk (in)
   0.27    0.27 ^ clkbuf_0_clk/X (sky130_fd_sc_hd__clkbuf_16)
   0.33    0.59 ^ clkbuf_2_1_0_clk/X (sky130_fd_sc_hd__clkbuf_16)
   0.29    0.88 ^ clkbuf_5_15__f_clk/X (sky130_fd_sc_hd__clkbuf_16)
   0.18    1.06 ^ clkbuf_leaf_197_clk/X (sky130_fd_sc_hd__clkbuf_16)
   0.00    1.06 ^ hash.p2_cap[6]$_DFF_P_/CLK (sky130_fd_sc_hd__dfxtp_4)
   0.38    1.45 v hash.p2_cap[6]$_DFF_P_/Q (sky130_fd_sc_hd__dfxtp_4)
   0.16    1.60 v _15161_/Y (sky130_fd_sc_hd__xnor2_4)
   0.28    1.88 ^ _15162_/Y (sky130_fd_sc_hd__xnor2_2)
   0.24    2.12 ^ _27949_/COUT (sky130_fd_sc_hd__ha_2)
   0.04    2.16 v _19178_/Y (sky130_fd_sc_hd__inv_2)
   0.34    2.50 v _27652_/COUT (sky130_fd_sc_hd__fa_2)
   0.11    2.61 ^ _15307_/Y (sky130_fd_sc_hd__nor2b_1)
   0.09    2.71 v _15308_/Y (sky130_fd_sc_hd__o21ai_1)
   0.20    2.91 ^ _15309_/Y (sky130_fd_sc_hd__a21boi_1)
   0.13    3.04 v _15365_/Y (sky130_fd_sc_hd__o21ai_2)
   0.24    3.28 ^ _15423_/Y (sky130_fd_sc_hd__a21oi_4)
   0.11    3.39 v _15499_/Y (sky130_fd_sc_hd__a21oi_4)
   0.23    3.61 ^ _15543_/Y (sky130_fd_sc_hd__o22ai_4)
   0.17    3.79 ^ _15570_/X (sky130_fd_sc_hd__a31o_1)
   0.15    3.94 ^ _15571_/X (sky130_fd_sc_hd__a21o_1)
   0.07    4.01 v _15593_/Y (sky130_fd_sc_hd__a21oi_2)
   0.15    4.16 ^ _15615_/Y (sky130_fd_sc_hd__o211ai_2)
   0.11    4.28 v _15616_/Y (sky130_fd_sc_hd__a21oi_2)
   0.16    4.44 v _20670_/Y (sky130_fd_sc_hd__xnor2_2)
   0.33    4.77 v _28035_/SUM (sky130_fd_sc_hd__ha_1)
   0.16    4.93 ^ _18449_/Y (sky130_fd_sc_hd__a21oi_1)
   0.08    5.01 v _18450_/Y (sky130_fd_sc_hd__o21ai_1)
   0.18    5.19 v _18451_/X (sky130_fd_sc_hd__a21o_1)
   0.24    5.43 ^ _18452_/Y (sky130_fd_sc_hd__a21oi_4)
   0.13    5.56 v _18510_/Y (sky130_fd_sc_hd__o211ai_2)
   0.21    5.77 v _18525_/X (sky130_fd_sc_hd__a21o_1)
   0.11    5.89 ^ _18526_/Y (sky130_fd_sc_hd__a21oi_2)
   0.45    6.34 v _18527_/X (sky130_fd_sc_hd__xor3_2)
   0.24    6.58 v _18528_/X (sky130_fd_sc_hd__and2_4)
   0.18    6.76 v _20774_/Y (sky130_fd_sc_hd__xnor2_4)
   0.33    7.09 ^ _28180_/SUM (sky130_fd_sc_hd__ha_4)
   0.05    7.13 v _18911_/Y (sky130_fd_sc_hd__nor2_4)
   0.13    7.27 ^ _18912_/Y (sky130_fd_sc_hd__nor2_2)
   0.12    7.39 v _18913_/Y (sky130_fd_sc_hd__o31ai_4)
   0.28    7.67 ^ _18956_/Y (sky130_fd_sc_hd__o21ai_4)
   0.19    7.86 v _18990_/Y (sky130_fd_sc_hd__a41oi_4)
   0.16    8.01 v rebuffer12/X (sky130_fd_sc_hd__buf_2)
   0.07    8.09 v rebuffer11/X (sky130_fd_sc_hd__buf_1)
   0.11    8.20 v rebuffer10/X (sky130_fd_sc_hd__buf_2)
   0.11    8.31 v rebuffer5/X (sky130_fd_sc_hd__buf_6)
   0.24    8.55 ^ _19035_/Y (sky130_fd_sc_hd__o31ai_4)
   0.12    8.67 v _19036_/Y (sky130_fd_sc_hd__a21oi_2)
   0.23    8.90 ^ _19037_/Y (sky130_fd_sc_hd__xnor2_2)
   0.09    9.00 v _19038_/Y (sky130_fd_sc_hd__inv_1)
   0.52    9.52 ^ _27769_/SUM (sky130_fd_sc_hd__fa_1)
   0.05    9.57 v _20811_/Y (sky130_fd_sc_hd__inv_2)
   0.27    9.84 v _28226_/SUM (sky130_fd_sc_hd__ha_4)
   0.08    9.92 ^ _23891_/Y (sky130_fd_sc_hd__nand3_2)
   0.05    9.96 v _23892_/Y (sky130_fd_sc_hd__nor3_1)
   0.30   10.27 v _23896_/X (sky130_fd_sc_hd__a32o_2)
   0.56   10.83 v _23912_/X (sky130_fd_sc_hd__or4_4)
   0.30   11.13 ^ _23927_/Y (sky130_fd_sc_hd__a311oi_2)
   0.09   11.22 v _23929_/Y (sky130_fd_sc_hd__nor2_2)
   0.26   11.47 v _23951_/X (sky130_fd_sc_hd__o211a_1)
   0.28   11.75 ^ _23953_/Y (sky130_fd_sc_hd__nor4b_2)
   0.07   11.82 v _23958_/Y (sky130_fd_sc_hd__a211oi_2)
   0.12   11.94 v _23959_/Y (sky130_fd_sc_hd__xnor2_1)
   0.00   11.94 v hash.p3_cap[31]$_DFF_P_/D (sky130_fd_sc_hd__dfxtp_2)
          11.94   data arrival time

  10.00   10.00   clock core_clock (rise edge)
   0.00   10.00   clock source latency
   0.00   10.00 ^ clk (in)
   0.27   10.27 ^ clkbuf_0_clk/X (sky130_fd_sc_hd__clkbuf_16)
   0.32   10.58 ^ clkbuf_2_3_0_clk/X (sky130_fd_sc_hd__clkbuf_16)
   0.26   10.84 ^ clkbuf_5_29__f_clk/X (sky130_fd_sc_hd__clkbuf_16)
   0.18   11.03 ^ clkbuf_leaf_146_clk/X (sky130_fd_sc_hd__clkbuf_16)
   0.00   11.03 ^ hash.p3_cap[31]$_DFF_P_/CLK (sky130_fd_sc_hd__dfxtp_2)
   0.00   11.03   clock reconvergence pessimism
  -0.11   10.92   library setup time
          10.92   data required time
---------------------------------------------------------
          10.92   data required time
         -11.94   data arrival time
---------------------------------------------------------
          -1.02   slack (VIOLATED)



==========================================================================
cts final report_checks -path_delay min reg to reg
--------------------------------------------------------------------------
Startpoint: ready_dash$_SDFF_PP0_
            (rising edge-triggered flip-flop clocked by core_clock)
Endpoint: ready$_DFF_P_ (rising edge-triggered flip-flop clocked by core_clock)
Path Group: core_clock
Path Type: min

  Delay    Time   Description
---------------------------------------------------------
   0.00    0.00   clock core_clock (rise edge)
   0.00    0.00   clock source latency
   0.00    0.00 ^ clk (in)
   0.27    0.27 ^ clkbuf_0_clk/X (sky130_fd_sc_hd__clkbuf_16)
   0.32    0.58 ^ clkbuf_2_3_0_clk/X (sky130_fd_sc_hd__clkbuf_16)
   0.27    0.85 ^ clkbuf_5_24__f_clk/X (sky130_fd_sc_hd__clkbuf_16)
   0.18    1.02 ^ clkbuf_leaf_185_clk/X (sky130_fd_sc_hd__clkbuf_16)
   0.00    1.02 ^ ready_dash$_SDFF_PP0_/CLK (sky130_fd_sc_hd__dfxtp_1)
   0.29    1.32 v ready_dash$_SDFF_PP0_/Q (sky130_fd_sc_hd__dfxtp_1)
   0.00    1.32 v ready$_DFF_P_/D (sky130_fd_sc_hd__dfxtp_4)
           1.32   data arrival time

   0.00    0.00   clock core_clock (rise edge)
   0.00    0.00   clock source latency
   0.00    0.00 ^ clk (in)
   0.27    0.27 ^ clkbuf_0_clk/X (sky130_fd_sc_hd__clkbuf_16)
   0.32    0.58 ^ clkbuf_2_3_0_clk/X (sky130_fd_sc_hd__clkbuf_16)
   0.27    0.85 ^ clkbuf_5_24__f_clk/X (sky130_fd_sc_hd__clkbuf_16)
   0.18    1.02 ^ clkbuf_leaf_185_clk/X (sky130_fd_sc_hd__clkbuf_16)
   0.00    1.02 ^ ready$_DFF_P_/CLK (sky130_fd_sc_hd__dfxtp_4)
   0.00    1.02   clock reconvergence pessimism
  -0.03    0.99   library hold time
           0.99   data required time
---------------------------------------------------------
           0.99   data required time
          -1.32   data arrival time
---------------------------------------------------------
           0.33   slack (MET)



==========================================================================
cts final critical path target clock latency max path
--------------------------------------------------------------------------
1.0233

==========================================================================
cts final critical path target clock latency min path
--------------------------------------------------------------------------
1.1072

==========================================================================
cts final critical path source clock latency min path
--------------------------------------------------------------------------
0.0000

==========================================================================
cts final critical path delay
--------------------------------------------------------------------------
11.9373

==========================================================================
cts final critical path slack
--------------------------------------------------------------------------
-1.0192

==========================================================================
cts final slack div critical path delay
--------------------------------------------------------------------------
-8.537944

==========================================================================
cts final report_power
--------------------------------------------------------------------------
Group                  Internal  Switching    Leakage      Total
                          Power      Power      Power      Power (Watts)
----------------------------------------------------------------
Sequential             2.40e-02   2.63e-03   2.77e-08   2.66e-02   4.8%
Combinational          2.13e-01   3.05e-01   7.02e-08   5.18e-01  92.9%
Clock                  7.30e-03   5.50e-03   5.37e-09   1.28e-02   2.3%
Macro                  0.00e+00   0.00e+00   0.00e+00   0.00e+00   0.0%
Pad                    0.00e+00   0.00e+00   0.00e+00   0.00e+00   0.0%
----------------------------------------------------------------
Total                  2.45e-01   3.13e-01   1.03e-07   5.58e-01 100.0%
                          43.9%      56.1%       0.0%
