
==========================================================================
global route report_tns
--------------------------------------------------------------------------
tns -18.72

==========================================================================
global route report_wns
--------------------------------------------------------------------------
wns -1.13

==========================================================================
global route report_worst_slack
--------------------------------------------------------------------------
worst slack -1.13

==========================================================================
global route report_clock_skew
--------------------------------------------------------------------------
Clock core_clock
   1.10 source latency w[35][3]$_SDFFCE_PN0P_/CLK ^
  -0.98 target latency w_value2[3]$_DFF_P_/CLK ^
   0.00 CRPR
--------------
   0.12 setup skew


==========================================================================
global route report_checks -path_delay min
--------------------------------------------------------------------------
Startpoint: ready_dash$_SDFF_PP0_
            (rising edge-triggered flip-flop clocked by core_clock)
Endpoint: ready$_DFF_P_ (rising edge-triggered flip-flop clocked by core_clock)
Path Group: core_clock
Path Type: min

Fanout     Cap    Slew   Delay    Time   Description
-----------------------------------------------------------------------------
                          0.00    0.00   clock core_clock (rise edge)
                          0.00    0.00   clock source latency
     2    0.13    0.00    0.00    0.00 ^ clk (in)
                                         clk (net)
                  0.03    0.01    0.01 ^ clkbuf_0_clk/A (sky130_fd_sc_hd__clkbuf_16)
     4    0.20    0.21    0.24    0.26 ^ clkbuf_0_clk/X (sky130_fd_sc_hd__clkbuf_16)
                                         clknet_0_clk (net)
                  0.21    0.01    0.26 ^ clkbuf_2_3_0_clk/A (sky130_fd_sc_hd__clkbuf_16)
     8    0.20    0.21    0.31    0.57 ^ clkbuf_2_3_0_clk/X (sky130_fd_sc_hd__clkbuf_16)
                                         clknet_2_3_0_clk (net)
                  0.21    0.01    0.57 ^ clkbuf_5_28__f_clk/A (sky130_fd_sc_hd__clkbuf_16)
     8    0.13    0.14    0.26    0.84 ^ clkbuf_5_28__f_clk/X (sky130_fd_sc_hd__clkbuf_16)
                                         clknet_5_28__leaf_clk (net)
                  0.14    0.00    0.84 ^ clkbuf_leaf_138_clk/A (sky130_fd_sc_hd__clkbuf_16)
    12    0.04    0.06    0.18    1.02 ^ clkbuf_leaf_138_clk/X (sky130_fd_sc_hd__clkbuf_16)
                                         clknet_leaf_138_clk (net)
                  0.06    0.00    1.02 ^ ready_dash$_SDFF_PP0_/CLK (sky130_fd_sc_hd__dfxtp_1)
     1    0.00    0.04    0.31    1.33 ^ ready_dash$_SDFF_PP0_/Q (sky130_fd_sc_hd__dfxtp_1)
                                         ready_dash (net)
                  0.04    0.00    1.33 ^ ready$_DFF_P_/D (sky130_fd_sc_hd__dfxtp_1)
                                  1.33   data arrival time

                          0.00    0.00   clock core_clock (rise edge)
                          0.00    0.00   clock source latency
     2    0.13    0.00    0.00    0.00 ^ clk (in)
                                         clk (net)
                  0.03    0.01    0.01 ^ clkbuf_0_clk/A (sky130_fd_sc_hd__clkbuf_16)
     4    0.20    0.21    0.24    0.26 ^ clkbuf_0_clk/X (sky130_fd_sc_hd__clkbuf_16)
                                         clknet_0_clk (net)
                  0.21    0.01    0.26 ^ clkbuf_2_3_0_clk/A (sky130_fd_sc_hd__clkbuf_16)
     8    0.20    0.21    0.31    0.57 ^ clkbuf_2_3_0_clk/X (sky130_fd_sc_hd__clkbuf_16)
                                         clknet_2_3_0_clk (net)
                  0.21    0.01    0.57 ^ clkbuf_5_28__f_clk/A (sky130_fd_sc_hd__clkbuf_16)
     8    0.13    0.14    0.26    0.84 ^ clkbuf_5_28__f_clk/X (sky130_fd_sc_hd__clkbuf_16)
                                         clknet_5_28__leaf_clk (net)
                  0.14    0.00    0.84 ^ clkbuf_leaf_138_clk/A (sky130_fd_sc_hd__clkbuf_16)
    12    0.04    0.06    0.18    1.02 ^ clkbuf_leaf_138_clk/X (sky130_fd_sc_hd__clkbuf_16)
                                         clknet_leaf_138_clk (net)
                  0.06    0.00    1.02 ^ ready$_DFF_P_/CLK (sky130_fd_sc_hd__dfxtp_1)
                          0.00    1.02   clock reconvergence pessimism
                         -0.03    0.99   library hold time
                                  0.99   data required time
-----------------------------------------------------------------------------
                                  0.99   data required time
                                 -1.33   data arrival time
-----------------------------------------------------------------------------
                                  0.34   slack (MET)



==========================================================================
global route report_checks -path_delay max
--------------------------------------------------------------------------
Startpoint: hash.p2_cap[0]$_DFF_P_
            (rising edge-triggered flip-flop clocked by core_clock)
Endpoint: hash.p2_cap[30]$_DFF_P_
          (rising edge-triggered flip-flop clocked by core_clock)
Path Group: core_clock
Path Type: max

Fanout     Cap    Slew   Delay    Time   Description
-----------------------------------------------------------------------------
                          0.00    0.00   clock core_clock (rise edge)
                          0.00    0.00   clock source latency
     2    0.13    0.00    0.00    0.00 ^ clk (in)
                                         clk (net)
                  0.03    0.01    0.01 ^ clkbuf_0_clk/A (sky130_fd_sc_hd__clkbuf_16)
     4    0.20    0.21    0.24    0.26 ^ clkbuf_0_clk/X (sky130_fd_sc_hd__clkbuf_16)
                                         clknet_0_clk (net)
                  0.21    0.01    0.26 ^ clkbuf_2_3_0_clk/A (sky130_fd_sc_hd__clkbuf_16)
     8    0.20    0.21    0.31    0.57 ^ clkbuf_2_3_0_clk/X (sky130_fd_sc_hd__clkbuf_16)
                                         clknet_2_3_0_clk (net)
                  0.21    0.01    0.58 ^ clkbuf_5_26__f_clk/A (sky130_fd_sc_hd__clkbuf_16)
     8    0.13    0.14    0.26    0.84 ^ clkbuf_5_26__f_clk/X (sky130_fd_sc_hd__clkbuf_16)
                                         clknet_5_26__leaf_clk (net)
                  0.14    0.00    0.84 ^ clkbuf_leaf_181_clk/A (sky130_fd_sc_hd__clkbuf_16)
    11    0.04    0.06    0.18    1.02 ^ clkbuf_leaf_181_clk/X (sky130_fd_sc_hd__clkbuf_16)
                                         clknet_leaf_181_clk (net)
                  0.06    0.00    1.02 ^ hash.p2_cap[0]$_DFF_P_/CLK (sky130_fd_sc_hd__dfxtp_4)
     5    0.02    0.07    0.37    1.39 ^ hash.p2_cap[0]$_DFF_P_/Q (sky130_fd_sc_hd__dfxtp_4)
                                         hash.CA2.S1.X[0] (net)
                  0.07    0.00    1.39 ^ _19711_/S (sky130_fd_sc_hd__mux2_1)
     1    0.01    0.07    0.33    1.73 v _19711_/X (sky130_fd_sc_hd__mux2_1)
                                         _13229_ (net)
                  0.07    0.00    1.73 v _27607_/A (sky130_fd_sc_hd__ha_1)
     2    0.01    0.07    0.23    1.96 v _27607_/COUT (sky130_fd_sc_hd__ha_1)
                                         _13231_ (net)
                  0.07    0.00    1.96 v _18753_/A (sky130_fd_sc_hd__inv_2)
     1    0.01    0.05    0.07    2.03 ^ _18753_/Y (sky130_fd_sc_hd__inv_2)
                                         _12083_ (net)
                  0.05    0.00    2.03 ^ _27310_/CIN (sky130_fd_sc_hd__fa_2)
     2    0.01    0.08    0.21    2.24 ^ _27310_/COUT (sky130_fd_sc_hd__fa_2)
                                         _12086_ (net)
                  0.08    0.00    2.24 ^ _14919_/A (sky130_fd_sc_hd__nor2b_2)
     1    0.01    0.04    0.05    2.30 v _14919_/Y (sky130_fd_sc_hd__nor2b_2)
                                         _04507_ (net)
                  0.04    0.00    2.30 v _14920_/A2 (sky130_fd_sc_hd__o21ai_2)
     2    0.01    0.18    0.17    2.47 ^ _14920_/Y (sky130_fd_sc_hd__o21ai_2)
                                         _04508_ (net)
                  0.18    0.00    2.47 ^ _14921_/A2 (sky130_fd_sc_hd__a21boi_2)
     2    0.01    0.08    0.11    2.58 v _14921_/Y (sky130_fd_sc_hd__a21boi_2)
                                         _04509_ (net)
                  0.08    0.00    2.59 v _14966_/A2 (sky130_fd_sc_hd__o21a_1)
     2    0.01    0.07    0.21    2.80 v _14966_/X (sky130_fd_sc_hd__o21a_1)
                                         _04546_ (net)
                  0.07    0.00    2.80 v _15011_/A1 (sky130_fd_sc_hd__o21ai_2)
     2    0.01    0.19    0.21    3.01 ^ _15011_/Y (sky130_fd_sc_hd__o21ai_2)
                                         _04583_ (net)
                  0.19    0.00    3.01 ^ _15054_/A2 (sky130_fd_sc_hd__a21boi_2)
     2    0.02    0.08    0.12    3.12 v _15054_/Y (sky130_fd_sc_hd__a21boi_2)
                                         _04618_ (net)
                  0.08    0.00    3.12 v _15079_/A2 (sky130_fd_sc_hd__o31ai_4)
     3    0.02    0.30    0.33    3.45 ^ _15079_/Y (sky130_fd_sc_hd__o31ai_4)
                                         _04635_ (net)
                  0.30    0.00    3.45 ^ rebuffer19/A (sky130_fd_sc_hd__buf_2)
     1    0.01    0.06    0.19    3.65 ^ rebuffer19/X (sky130_fd_sc_hd__buf_2)
                                         net1065 (net)
                  0.06    0.00    3.65 ^ _15106_/A1 (sky130_fd_sc_hd__o21ai_4)
     4    0.03    0.10    0.09    3.74 v _15106_/Y (sky130_fd_sc_hd__o21ai_4)
                                         _04654_ (net)
                  0.10    0.00    3.74 v _15170_/A4 (sky130_fd_sc_hd__a41oi_2)
     2    0.02    0.26    0.31    4.05 ^ _15170_/Y (sky130_fd_sc_hd__a41oi_2)
                                         _04694_ (net)
                  0.26    0.00    4.05 ^ _15194_/A1 (sky130_fd_sc_hd__a21oi_4)
     3    0.02    0.09    0.12    4.17 v _15194_/Y (sky130_fd_sc_hd__a21oi_4)
                                         _04710_ (net)
                  0.09    0.00    4.17 v _15246_/A2 (sky130_fd_sc_hd__a211o_4)
     3    0.03    0.08    0.39    4.56 v _15246_/X (sky130_fd_sc_hd__a211o_4)
                                         _04746_ (net)
                  0.08    0.00    4.56 v _15247_/A (sky130_fd_sc_hd__xor2_4)
     3    0.02    0.20    0.24    4.80 ^ _15247_/X (sky130_fd_sc_hd__xor2_4)
                                         _13414_ (net)
                  0.20    0.00    4.80 ^ _27700_/B (sky130_fd_sc_hd__ha_4)
     4    0.02    0.05    0.25    5.05 v _27700_/SUM (sky130_fd_sc_hd__ha_4)
                                         _13507_ (net)
                  0.05    0.00    5.05 v _18076_/A1 (sky130_fd_sc_hd__a21o_4)
     3    0.01    0.04    0.21    5.26 v _18076_/X (sky130_fd_sc_hd__a21o_4)
                                         _06691_ (net)
                  0.04    0.00    5.26 v _18077_/C (sky130_fd_sc_hd__or3_1)
     1    0.00    0.07    0.31    5.57 v _18077_/X (sky130_fd_sc_hd__or3_1)
                                         _06692_ (net)
                  0.07    0.00    5.57 v _18078_/C (sky130_fd_sc_hd__or3_4)
     2    0.01    0.08    0.35    5.92 v _18078_/X (sky130_fd_sc_hd__or3_4)
                                         _06693_ (net)
                  0.08    0.00    5.92 v _18098_/A1 (sky130_fd_sc_hd__a31o_1)
     1    0.01    0.07    0.22    6.14 v _18098_/X (sky130_fd_sc_hd__a31o_1)
                                         _06709_ (net)
                  0.07    0.00    6.14 v _18099_/A1 (sky130_fd_sc_hd__a21oi_4)
     2    0.02    0.20    0.21    6.35 ^ _18099_/Y (sky130_fd_sc_hd__a21oi_4)
                                         _06710_ (net)
                  0.20    0.00    6.35 ^ _18118_/A1 (sky130_fd_sc_hd__o21ai_4)
     1    0.02    0.10    0.11    6.47 v _18118_/Y (sky130_fd_sc_hd__o21ai_4)
                                         _06725_ (net)
                  0.10    0.00    6.47 v _18120_/B (sky130_fd_sc_hd__xnor2_4)
     2    0.03    0.14    0.19    6.66 v _18120_/Y (sky130_fd_sc_hd__xnor2_4)
                                         _06727_ (net)
                  0.14    0.00    6.66 v _18121_/A (sky130_fd_sc_hd__nor2_4)
     5    0.04    0.28    0.30    6.96 ^ _18121_/Y (sky130_fd_sc_hd__nor2_4)
                                         hash.CA1.S1.X[31] (net)
                  0.28    0.00    6.96 ^ _20014_/B (sky130_fd_sc_hd__xnor2_4)
     1    0.03    0.13    0.15    7.10 v _20014_/Y (sky130_fd_sc_hd__xnor2_4)
                                         _13905_ (net)
                  0.13    0.00    7.11 v _27838_/A (sky130_fd_sc_hd__ha_4)
     3    0.01    0.04    0.21    7.31 v _27838_/COUT (sky130_fd_sc_hd__ha_4)
                                         _13907_ (net)
                  0.04    0.00    7.31 v _18498_/C (sky130_fd_sc_hd__or3_4)
     1    0.01    0.07    0.34    7.65 v _18498_/X (sky130_fd_sc_hd__or3_4)
                                         _06951_ (net)
                  0.07    0.00    7.65 v _18499_/C1 (sky130_fd_sc_hd__a311oi_4)
     2    0.01    0.28    0.27    7.92 ^ _18499_/Y (sky130_fd_sc_hd__a311oi_4)
                                         _06952_ (net)
                  0.28    0.00    7.92 ^ _18500_/B (sky130_fd_sc_hd__or2_4)
     3    0.02    0.06    0.20    8.12 ^ _18500_/X (sky130_fd_sc_hd__or2_4)
                                         _06953_ (net)
                  0.06    0.00    8.12 ^ _18721_/A2 (sky130_fd_sc_hd__o21bai_1)
     1    0.01    0.07    0.08    8.20 v _18721_/Y (sky130_fd_sc_hd__o21bai_1)
                                         _07116_ (net)
                  0.07    0.00    8.20 v _18722_/A2 (sky130_fd_sc_hd__a21oi_2)
     2    0.02    0.26    0.27    8.46 ^ _18722_/Y (sky130_fd_sc_hd__a21oi_2)
                                         _07117_ (net)
                  0.26    0.00    8.46 ^ _18723_/B (sky130_fd_sc_hd__xnor2_2)
     1    0.01    0.18    0.16    8.63 ^ _18723_/Y (sky130_fd_sc_hd__xnor2_2)
                                         _12720_ (net)
                  0.18    0.00    8.63 ^ _27455_/CIN (sky130_fd_sc_hd__fa_1)
     1    0.01    0.12    0.50    9.13 v _27455_/SUM (sky130_fd_sc_hd__fa_1)
                                         _12722_ (net)
                  0.12    0.00    9.13 v _27919_/B (sky130_fd_sc_hd__ha_4)
     4    0.02    0.06    0.27    9.40 v _27919_/SUM (sky130_fd_sc_hd__ha_4)
                                         _14158_ (net)
                  0.06    0.00    9.40 v _23293_/A1 (sky130_fd_sc_hd__a21o_1)
     1    0.01    0.06    0.19    9.58 v _23293_/X (sky130_fd_sc_hd__a21o_1)
                                         _09340_ (net)
                  0.06    0.00    9.59 v _23294_/A2 (sky130_fd_sc_hd__a21o_4)
     3    0.02    0.05    0.24    9.82 v _23294_/X (sky130_fd_sc_hd__a21o_4)
                                         _09341_ (net)
                  0.05    0.00    9.82 v _23310_/B1 (sky130_fd_sc_hd__a21oi_2)
     1    0.01    0.11    0.12    9.94 ^ _23310_/Y (sky130_fd_sc_hd__a21oi_2)
                                         _09356_ (net)
                  0.11    0.00    9.94 ^ _23311_/B1 (sky130_fd_sc_hd__o21ai_2)
     2    0.02    0.09    0.10   10.05 v _23311_/Y (sky130_fd_sc_hd__o21ai_2)
                                         _09357_ (net)
                  0.09    0.00   10.05 v _23319_/C (sky130_fd_sc_hd__nor3_2)
     2    0.01    0.20    0.18   10.23 ^ _23319_/Y (sky130_fd_sc_hd__nor3_2)
                                         _09363_ (net)
                  0.20    0.00   10.23 ^ _23329_/A (sky130_fd_sc_hd__or3_4)
     2    0.02    0.07    0.19   10.42 ^ _23329_/X (sky130_fd_sc_hd__or3_4)
                                         _09371_ (net)
                  0.07    0.00   10.42 ^ _23344_/A1 (sky130_fd_sc_hd__a31oi_4)
     3    0.02    0.11    0.11   10.53 v _23344_/Y (sky130_fd_sc_hd__a31oi_4)
                                         _09384_ (net)
                  0.11    0.00   10.53 v _23354_/A1 (sky130_fd_sc_hd__a41o_4)
     3    0.02    0.06    0.26   10.79 v _23354_/X (sky130_fd_sc_hd__a41o_4)
                                         _09392_ (net)
                  0.06    0.00   10.79 v _23377_/A4 (sky130_fd_sc_hd__o41ai_4)
     2    0.02    0.40    0.34   11.13 ^ _23377_/Y (sky130_fd_sc_hd__o41ai_4)
                                         _09411_ (net)
                  0.40    0.00   11.13 ^ _23386_/A1 (sky130_fd_sc_hd__o22ai_2)
     2    0.02    0.14    0.21   11.34 v _23386_/Y (sky130_fd_sc_hd__o22ai_2)
                                         _09418_ (net)
                  0.14    0.00   11.34 v _23397_/A4 (sky130_fd_sc_hd__o41ai_4)
     2    0.01    0.31    0.29   11.63 ^ _23397_/Y (sky130_fd_sc_hd__o41ai_4)
                                         _09427_ (net)
                  0.31    0.00   11.63 ^ _23404_/A2 (sky130_fd_sc_hd__o21bai_1)
     1    0.00    0.07    0.10   11.73 v _23404_/Y (sky130_fd_sc_hd__o21bai_1)
                                         _09432_ (net)
                  0.07    0.00   11.73 v _23405_/A2 (sky130_fd_sc_hd__a21oi_1)
     1    0.01    0.18    0.20   11.94 ^ _23405_/Y (sky130_fd_sc_hd__a21oi_1)
                                         _09433_ (net)
                  0.18    0.00   11.94 ^ _23406_/B (sky130_fd_sc_hd__xnor2_1)
     1    0.00    0.14    0.15   12.08 ^ _23406_/Y (sky130_fd_sc_hd__xnor2_1)
                                         hash.CA1.p2[30] (net)
                  0.14    0.00   12.08 ^ hash.p2_cap[30]$_DFF_P_/D (sky130_fd_sc_hd__dfxtp_2)
                                 12.08   data arrival time

                         10.00   10.00   clock core_clock (rise edge)
                          0.00   10.00   clock source latency
     2    0.13    0.00    0.00   10.00 ^ clk (in)
                                         clk (net)
                  0.03    0.01   10.01 ^ clkbuf_0_clk/A (sky130_fd_sc_hd__clkbuf_16)
     4    0.20    0.21    0.24   10.26 ^ clkbuf_0_clk/X (sky130_fd_sc_hd__clkbuf_16)
                                         clknet_0_clk (net)
                  0.21    0.01   10.26 ^ clkbuf_2_3_0_clk/A (sky130_fd_sc_hd__clkbuf_16)
     8    0.20    0.21    0.31   10.57 ^ clkbuf_2_3_0_clk/X (sky130_fd_sc_hd__clkbuf_16)
                                         clknet_2_3_0_clk (net)
                  0.21    0.01   10.58 ^ clkbuf_5_24__f_clk/A (sky130_fd_sc_hd__clkbuf_16)
     8    0.13    0.15    0.26   10.84 ^ clkbuf_5_24__f_clk/X (sky130_fd_sc_hd__clkbuf_16)
                                         clknet_5_24__leaf_clk (net)
                  0.15    0.00   10.84 ^ clkbuf_leaf_158_clk/A (sky130_fd_sc_hd__clkbuf_16)
    10    0.05    0.07    0.19   11.03 ^ clkbuf_leaf_158_clk/X (sky130_fd_sc_hd__clkbuf_16)
                                         clknet_leaf_158_clk (net)
                  0.07    0.00   11.03 ^ hash.p2_cap[30]$_DFF_P_/CLK (sky130_fd_sc_hd__dfxtp_2)
                          0.00   11.03   clock reconvergence pessimism
                         -0.08   10.95   library setup time
                                 10.95   data required time
-----------------------------------------------------------------------------
                                 10.95   data required time
                                -12.08   data arrival time
-----------------------------------------------------------------------------
                                 -1.13   slack (VIOLATED)



==========================================================================
global route report_checks -unconstrained
--------------------------------------------------------------------------
Startpoint: hash.p2_cap[0]$_DFF_P_
            (rising edge-triggered flip-flop clocked by core_clock)
Endpoint: hash.p2_cap[30]$_DFF_P_
          (rising edge-triggered flip-flop clocked by core_clock)
Path Group: core_clock
Path Type: max

Fanout     Cap    Slew   Delay    Time   Description
-----------------------------------------------------------------------------
                          0.00    0.00   clock core_clock (rise edge)
                          0.00    0.00   clock source latency
     2    0.13    0.00    0.00    0.00 ^ clk (in)
                                         clk (net)
                  0.03    0.01    0.01 ^ clkbuf_0_clk/A (sky130_fd_sc_hd__clkbuf_16)
     4    0.20    0.21    0.24    0.26 ^ clkbuf_0_clk/X (sky130_fd_sc_hd__clkbuf_16)
                                         clknet_0_clk (net)
                  0.21    0.01    0.26 ^ clkbuf_2_3_0_clk/A (sky130_fd_sc_hd__clkbuf_16)
     8    0.20    0.21    0.31    0.57 ^ clkbuf_2_3_0_clk/X (sky130_fd_sc_hd__clkbuf_16)
                                         clknet_2_3_0_clk (net)
                  0.21    0.01    0.58 ^ clkbuf_5_26__f_clk/A (sky130_fd_sc_hd__clkbuf_16)
     8    0.13    0.14    0.26    0.84 ^ clkbuf_5_26__f_clk/X (sky130_fd_sc_hd__clkbuf_16)
                                         clknet_5_26__leaf_clk (net)
                  0.14    0.00    0.84 ^ clkbuf_leaf_181_clk/A (sky130_fd_sc_hd__clkbuf_16)
    11    0.04    0.06    0.18    1.02 ^ clkbuf_leaf_181_clk/X (sky130_fd_sc_hd__clkbuf_16)
                                         clknet_leaf_181_clk (net)
                  0.06    0.00    1.02 ^ hash.p2_cap[0]$_DFF_P_/CLK (sky130_fd_sc_hd__dfxtp_4)
     5    0.02    0.07    0.37    1.39 ^ hash.p2_cap[0]$_DFF_P_/Q (sky130_fd_sc_hd__dfxtp_4)
                                         hash.CA2.S1.X[0] (net)
                  0.07    0.00    1.39 ^ _19711_/S (sky130_fd_sc_hd__mux2_1)
     1    0.01    0.07    0.33    1.73 v _19711_/X (sky130_fd_sc_hd__mux2_1)
                                         _13229_ (net)
                  0.07    0.00    1.73 v _27607_/A (sky130_fd_sc_hd__ha_1)
     2    0.01    0.07    0.23    1.96 v _27607_/COUT (sky130_fd_sc_hd__ha_1)
                                         _13231_ (net)
                  0.07    0.00    1.96 v _18753_/A (sky130_fd_sc_hd__inv_2)
     1    0.01    0.05    0.07    2.03 ^ _18753_/Y (sky130_fd_sc_hd__inv_2)
                                         _12083_ (net)
                  0.05    0.00    2.03 ^ _27310_/CIN (sky130_fd_sc_hd__fa_2)
     2    0.01    0.08    0.21    2.24 ^ _27310_/COUT (sky130_fd_sc_hd__fa_2)
                                         _12086_ (net)
                  0.08    0.00    2.24 ^ _14919_/A (sky130_fd_sc_hd__nor2b_2)
     1    0.01    0.04    0.05    2.30 v _14919_/Y (sky130_fd_sc_hd__nor2b_2)
                                         _04507_ (net)
                  0.04    0.00    2.30 v _14920_/A2 (sky130_fd_sc_hd__o21ai_2)
     2    0.01    0.18    0.17    2.47 ^ _14920_/Y (sky130_fd_sc_hd__o21ai_2)
                                         _04508_ (net)
                  0.18    0.00    2.47 ^ _14921_/A2 (sky130_fd_sc_hd__a21boi_2)
     2    0.01    0.08    0.11    2.58 v _14921_/Y (sky130_fd_sc_hd__a21boi_2)
                                         _04509_ (net)
                  0.08    0.00    2.59 v _14966_/A2 (sky130_fd_sc_hd__o21a_1)
     2    0.01    0.07    0.21    2.80 v _14966_/X (sky130_fd_sc_hd__o21a_1)
                                         _04546_ (net)
                  0.07    0.00    2.80 v _15011_/A1 (sky130_fd_sc_hd__o21ai_2)
     2    0.01    0.19    0.21    3.01 ^ _15011_/Y (sky130_fd_sc_hd__o21ai_2)
                                         _04583_ (net)
                  0.19    0.00    3.01 ^ _15054_/A2 (sky130_fd_sc_hd__a21boi_2)
     2    0.02    0.08    0.12    3.12 v _15054_/Y (sky130_fd_sc_hd__a21boi_2)
                                         _04618_ (net)
                  0.08    0.00    3.12 v _15079_/A2 (sky130_fd_sc_hd__o31ai_4)
     3    0.02    0.30    0.33    3.45 ^ _15079_/Y (sky130_fd_sc_hd__o31ai_4)
                                         _04635_ (net)
                  0.30    0.00    3.45 ^ rebuffer19/A (sky130_fd_sc_hd__buf_2)
     1    0.01    0.06    0.19    3.65 ^ rebuffer19/X (sky130_fd_sc_hd__buf_2)
                                         net1065 (net)
                  0.06    0.00    3.65 ^ _15106_/A1 (sky130_fd_sc_hd__o21ai_4)
     4    0.03    0.10    0.09    3.74 v _15106_/Y (sky130_fd_sc_hd__o21ai_4)
                                         _04654_ (net)
                  0.10    0.00    3.74 v _15170_/A4 (sky130_fd_sc_hd__a41oi_2)
     2    0.02    0.26    0.31    4.05 ^ _15170_/Y (sky130_fd_sc_hd__a41oi_2)
                                         _04694_ (net)
                  0.26    0.00    4.05 ^ _15194_/A1 (sky130_fd_sc_hd__a21oi_4)
     3    0.02    0.09    0.12    4.17 v _15194_/Y (sky130_fd_sc_hd__a21oi_4)
                                         _04710_ (net)
                  0.09    0.00    4.17 v _15246_/A2 (sky130_fd_sc_hd__a211o_4)
     3    0.03    0.08    0.39    4.56 v _15246_/X (sky130_fd_sc_hd__a211o_4)
                                         _04746_ (net)
                  0.08    0.00    4.56 v _15247_/A (sky130_fd_sc_hd__xor2_4)
     3    0.02    0.20    0.24    4.80 ^ _15247_/X (sky130_fd_sc_hd__xor2_4)
                                         _13414_ (net)
                  0.20    0.00    4.80 ^ _27700_/B (sky130_fd_sc_hd__ha_4)
     4    0.02    0.05    0.25    5.05 v _27700_/SUM (sky130_fd_sc_hd__ha_4)
                                         _13507_ (net)
                  0.05    0.00    5.05 v _18076_/A1 (sky130_fd_sc_hd__a21o_4)
     3    0.01    0.04    0.21    5.26 v _18076_/X (sky130_fd_sc_hd__a21o_4)
                                         _06691_ (net)
                  0.04    0.00    5.26 v _18077_/C (sky130_fd_sc_hd__or3_1)
     1    0.00    0.07    0.31    5.57 v _18077_/X (sky130_fd_sc_hd__or3_1)
                                         _06692_ (net)
                  0.07    0.00    5.57 v _18078_/C (sky130_fd_sc_hd__or3_4)
     2    0.01    0.08    0.35    5.92 v _18078_/X (sky130_fd_sc_hd__or3_4)
                                         _06693_ (net)
                  0.08    0.00    5.92 v _18098_/A1 (sky130_fd_sc_hd__a31o_1)
     1    0.01    0.07    0.22    6.14 v _18098_/X (sky130_fd_sc_hd__a31o_1)
                                         _06709_ (net)
                  0.07    0.00    6.14 v _18099_/A1 (sky130_fd_sc_hd__a21oi_4)
     2    0.02    0.20    0.21    6.35 ^ _18099_/Y (sky130_fd_sc_hd__a21oi_4)
                                         _06710_ (net)
                  0.20    0.00    6.35 ^ _18118_/A1 (sky130_fd_sc_hd__o21ai_4)
     1    0.02    0.10    0.11    6.47 v _18118_/Y (sky130_fd_sc_hd__o21ai_4)
                                         _06725_ (net)
                  0.10    0.00    6.47 v _18120_/B (sky130_fd_sc_hd__xnor2_4)
     2    0.03    0.14    0.19    6.66 v _18120_/Y (sky130_fd_sc_hd__xnor2_4)
                                         _06727_ (net)
                  0.14    0.00    6.66 v _18121_/A (sky130_fd_sc_hd__nor2_4)
     5    0.04    0.28    0.30    6.96 ^ _18121_/Y (sky130_fd_sc_hd__nor2_4)
                                         hash.CA1.S1.X[31] (net)
                  0.28    0.00    6.96 ^ _20014_/B (sky130_fd_sc_hd__xnor2_4)
     1    0.03    0.13    0.15    7.10 v _20014_/Y (sky130_fd_sc_hd__xnor2_4)
                                         _13905_ (net)
                  0.13    0.00    7.11 v _27838_/A (sky130_fd_sc_hd__ha_4)
     3    0.01    0.04    0.21    7.31 v _27838_/COUT (sky130_fd_sc_hd__ha_4)
                                         _13907_ (net)
                  0.04    0.00    7.31 v _18498_/C (sky130_fd_sc_hd__or3_4)
     1    0.01    0.07    0.34    7.65 v _18498_/X (sky130_fd_sc_hd__or3_4)
                                         _06951_ (net)
                  0.07    0.00    7.65 v _18499_/C1 (sky130_fd_sc_hd__a311oi_4)
     2    0.01    0.28    0.27    7.92 ^ _18499_/Y (sky130_fd_sc_hd__a311oi_4)
                                         _06952_ (net)
                  0.28    0.00    7.92 ^ _18500_/B (sky130_fd_sc_hd__or2_4)
     3    0.02    0.06    0.20    8.12 ^ _18500_/X (sky130_fd_sc_hd__or2_4)
                                         _06953_ (net)
                  0.06    0.00    8.12 ^ _18721_/A2 (sky130_fd_sc_hd__o21bai_1)
     1    0.01    0.07    0.08    8.20 v _18721_/Y (sky130_fd_sc_hd__o21bai_1)
                                         _07116_ (net)
                  0.07    0.00    8.20 v _18722_/A2 (sky130_fd_sc_hd__a21oi_2)
     2    0.02    0.26    0.27    8.46 ^ _18722_/Y (sky130_fd_sc_hd__a21oi_2)
                                         _07117_ (net)
                  0.26    0.00    8.46 ^ _18723_/B (sky130_fd_sc_hd__xnor2_2)
     1    0.01    0.18    0.16    8.63 ^ _18723_/Y (sky130_fd_sc_hd__xnor2_2)
                                         _12720_ (net)
                  0.18    0.00    8.63 ^ _27455_/CIN (sky130_fd_sc_hd__fa_1)
     1    0.01    0.12    0.50    9.13 v _27455_/SUM (sky130_fd_sc_hd__fa_1)
                                         _12722_ (net)
                  0.12    0.00    9.13 v _27919_/B (sky130_fd_sc_hd__ha_4)
     4    0.02    0.06    0.27    9.40 v _27919_/SUM (sky130_fd_sc_hd__ha_4)
                                         _14158_ (net)
                  0.06    0.00    9.40 v _23293_/A1 (sky130_fd_sc_hd__a21o_1)
     1    0.01    0.06    0.19    9.58 v _23293_/X (sky130_fd_sc_hd__a21o_1)
                                         _09340_ (net)
                  0.06    0.00    9.59 v _23294_/A2 (sky130_fd_sc_hd__a21o_4)
     3    0.02    0.05    0.24    9.82 v _23294_/X (sky130_fd_sc_hd__a21o_4)
                                         _09341_ (net)
                  0.05    0.00    9.82 v _23310_/B1 (sky130_fd_sc_hd__a21oi_2)
     1    0.01    0.11    0.12    9.94 ^ _23310_/Y (sky130_fd_sc_hd__a21oi_2)
                                         _09356_ (net)
                  0.11    0.00    9.94 ^ _23311_/B1 (sky130_fd_sc_hd__o21ai_2)
     2    0.02    0.09    0.10   10.05 v _23311_/Y (sky130_fd_sc_hd__o21ai_2)
                                         _09357_ (net)
                  0.09    0.00   10.05 v _23319_/C (sky130_fd_sc_hd__nor3_2)
     2    0.01    0.20    0.18   10.23 ^ _23319_/Y (sky130_fd_sc_hd__nor3_2)
                                         _09363_ (net)
                  0.20    0.00   10.23 ^ _23329_/A (sky130_fd_sc_hd__or3_4)
     2    0.02    0.07    0.19   10.42 ^ _23329_/X (sky130_fd_sc_hd__or3_4)
                                         _09371_ (net)
                  0.07    0.00   10.42 ^ _23344_/A1 (sky130_fd_sc_hd__a31oi_4)
     3    0.02    0.11    0.11   10.53 v _23344_/Y (sky130_fd_sc_hd__a31oi_4)
                                         _09384_ (net)
                  0.11    0.00   10.53 v _23354_/A1 (sky130_fd_sc_hd__a41o_4)
     3    0.02    0.06    0.26   10.79 v _23354_/X (sky130_fd_sc_hd__a41o_4)
                                         _09392_ (net)
                  0.06    0.00   10.79 v _23377_/A4 (sky130_fd_sc_hd__o41ai_4)
     2    0.02    0.40    0.34   11.13 ^ _23377_/Y (sky130_fd_sc_hd__o41ai_4)
                                         _09411_ (net)
                  0.40    0.00   11.13 ^ _23386_/A1 (sky130_fd_sc_hd__o22ai_2)
     2    0.02    0.14    0.21   11.34 v _23386_/Y (sky130_fd_sc_hd__o22ai_2)
                                         _09418_ (net)
                  0.14    0.00   11.34 v _23397_/A4 (sky130_fd_sc_hd__o41ai_4)
     2    0.01    0.31    0.29   11.63 ^ _23397_/Y (sky130_fd_sc_hd__o41ai_4)
                                         _09427_ (net)
                  0.31    0.00   11.63 ^ _23404_/A2 (sky130_fd_sc_hd__o21bai_1)
     1    0.00    0.07    0.10   11.73 v _23404_/Y (sky130_fd_sc_hd__o21bai_1)
                                         _09432_ (net)
                  0.07    0.00   11.73 v _23405_/A2 (sky130_fd_sc_hd__a21oi_1)
     1    0.01    0.18    0.20   11.94 ^ _23405_/Y (sky130_fd_sc_hd__a21oi_1)
                                         _09433_ (net)
                  0.18    0.00   11.94 ^ _23406_/B (sky130_fd_sc_hd__xnor2_1)
     1    0.00    0.14    0.15   12.08 ^ _23406_/Y (sky130_fd_sc_hd__xnor2_1)
                                         hash.CA1.p2[30] (net)
                  0.14    0.00   12.08 ^ hash.p2_cap[30]$_DFF_P_/D (sky130_fd_sc_hd__dfxtp_2)
                                 12.08   data arrival time

                         10.00   10.00   clock core_clock (rise edge)
                          0.00   10.00   clock source latency
     2    0.13    0.00    0.00   10.00 ^ clk (in)
                                         clk (net)
                  0.03    0.01   10.01 ^ clkbuf_0_clk/A (sky130_fd_sc_hd__clkbuf_16)
     4    0.20    0.21    0.24   10.26 ^ clkbuf_0_clk/X (sky130_fd_sc_hd__clkbuf_16)
                                         clknet_0_clk (net)
                  0.21    0.01   10.26 ^ clkbuf_2_3_0_clk/A (sky130_fd_sc_hd__clkbuf_16)
     8    0.20    0.21    0.31   10.57 ^ clkbuf_2_3_0_clk/X (sky130_fd_sc_hd__clkbuf_16)
                                         clknet_2_3_0_clk (net)
                  0.21    0.01   10.58 ^ clkbuf_5_24__f_clk/A (sky130_fd_sc_hd__clkbuf_16)
     8    0.13    0.15    0.26   10.84 ^ clkbuf_5_24__f_clk/X (sky130_fd_sc_hd__clkbuf_16)
                                         clknet_5_24__leaf_clk (net)
                  0.15    0.00   10.84 ^ clkbuf_leaf_158_clk/A (sky130_fd_sc_hd__clkbuf_16)
    10    0.05    0.07    0.19   11.03 ^ clkbuf_leaf_158_clk/X (sky130_fd_sc_hd__clkbuf_16)
                                         clknet_leaf_158_clk (net)
                  0.07    0.00   11.03 ^ hash.p2_cap[30]$_DFF_P_/CLK (sky130_fd_sc_hd__dfxtp_2)
                          0.00   11.03   clock reconvergence pessimism
                         -0.08   10.95   library setup time
                                 10.95   data required time
-----------------------------------------------------------------------------
                                 10.95   data required time
                                -12.08   data arrival time
-----------------------------------------------------------------------------
                                 -1.13   slack (VIOLATED)



==========================================================================
global route report_check_types -max_slew -max_cap -max_fanout -violators
--------------------------------------------------------------------------
max slew

Pin                                    Limit    Slew   Slack
------------------------------------------------------------
_17185_/A                               1.50    3.05   -1.55 (VIOLATED)
_19791_/C1                              1.50    3.05   -1.55 (VIOLATED)
_18135_/A_N                             1.50    3.05   -1.55 (VIOLATED)
_19786_/A                               1.50    3.05   -1.55 (VIOLATED)
_20439_/A                               1.50    3.05   -1.55 (VIOLATED)
_19783_/A                               1.50    3.05   -1.55 (VIOLATED)
_17063_/A                               1.50    3.05   -1.55 (VIOLATED)
_17064_/A                               1.50    3.05   -1.55 (VIOLATED)
_17059_/B1                              1.50    3.05   -1.55 (VIOLATED)
_18351_/A_N                             1.50    3.05   -1.55 (VIOLATED)
_17390_/A                               1.50    3.05   -1.55 (VIOLATED)
_14879_/A                               1.50    3.05   -1.55 (VIOLATED)
_18262_/A                               1.50    3.05   -1.55 (VIOLATED)
_18247_/A                               1.50    3.05   -1.55 (VIOLATED)
_17382_/A                               1.50    3.05   -1.55 (VIOLATED)
_18248_/A                               1.50    3.05   -1.55 (VIOLATED)
_17384_/A                               1.50    3.05   -1.55 (VIOLATED)
_23766_/A                               1.50    3.05   -1.55 (VIOLATED)
_17380_/A                               1.50    3.05   -1.55 (VIOLATED)
_23112_/A                               1.50    3.05   -1.55 (VIOLATED)
_17374_/A                               1.50    3.05   -1.55 (VIOLATED)
_23769_/A                               1.50    3.05   -1.55 (VIOLATED)
_17085_/A                               1.50    3.05   -1.55 (VIOLATED)
_17086_/A                               1.50    3.05   -1.55 (VIOLATED)
_17388_/A                               1.50    3.05   -1.55 (VIOLATED)
_18259_/A                               1.50    3.05   -1.55 (VIOLATED)
_20358_/A                               1.50    3.05   -1.55 (VIOLATED)
_18295_/A                               1.50    3.05   -1.55 (VIOLATED)
_17404_/A                               1.50    3.05   -1.55 (VIOLATED)
_17618_/A                               1.50    3.05   -1.55 (VIOLATED)
_17864_/A                               1.50    3.05   -1.55 (VIOLATED)
_17609_/A                               1.50    3.05   -1.55 (VIOLATED)
load_slew344/X                          1.51    3.05   -1.54 (VIOLATED)
_17451_/A                               1.50    2.45   -0.95 (VIOLATED)
_17924_/A                               1.50    2.45   -0.95 (VIOLATED)
_17925_/A                               1.50    2.45   -0.95 (VIOLATED)
_17909_/A                               1.50    2.45   -0.95 (VIOLATED)
_17637_/A                               1.50    2.45   -0.95 (VIOLATED)
_17891_/A                               1.50    2.45   -0.95 (VIOLATED)
_17633_/A                               1.50    2.45   -0.95 (VIOLATED)
_17873_/B1                              1.50    2.45   -0.95 (VIOLATED)
_20381_/A                               1.50    2.45   -0.95 (VIOLATED)
_17447_/A                               1.50    2.45   -0.95 (VIOLATED)
_17445_/A                               1.50    2.45   -0.95 (VIOLATED)
_17446_/A                               1.50    2.45   -0.95 (VIOLATED)
_17450_/A                               1.50    2.45   -0.95 (VIOLATED)
_17449_/A                               1.50    2.45   -0.95 (VIOLATED)
_17628_/A                               1.50    2.45   -0.95 (VIOLATED)
_17444_/A                               1.50    2.45   -0.95 (VIOLATED)
_17619_/A                               1.50    2.45   -0.95 (VIOLATED)
_17443_/A                               1.50    2.45   -0.95 (VIOLATED)
_17623_/A                               1.50    2.45   -0.95 (VIOLATED)
_17043_/A                               1.50    2.45   -0.95 (VIOLATED)
_17442_/A                               1.50    2.45   -0.95 (VIOLATED)
load_slew346/X                          1.51    2.45   -0.94 (VIOLATED)
_17514_/A                               1.50    1.80   -0.30 (VIOLATED)
_17507_/A                               1.50    1.80   -0.30 (VIOLATED)
_17733_/A                               1.50    1.80   -0.30 (VIOLATED)
_17725_/A                               1.50    1.80   -0.30 (VIOLATED)
_17729_/A                               1.50    1.80   -0.30 (VIOLATED)
_18441_/A                               1.50    1.80   -0.30 (VIOLATED)
_18444_/A                               1.50    1.80   -0.30 (VIOLATED)
_17719_/A                               1.50    1.80   -0.30 (VIOLATED)
_17437_/A                               1.50    1.80   -0.30 (VIOLATED)
_17024_/A                               1.50    1.80   -0.30 (VIOLATED)
_17470_/A                               1.50    1.80   -0.30 (VIOLATED)
_17027_/A                               1.50    1.80   -0.30 (VIOLATED)
_17436_/A                               1.50    1.80   -0.30 (VIOLATED)
_15298_/A                               1.50    1.80   -0.30 (VIOLATED)
_17469_/A                               1.50    1.80   -0.30 (VIOLATED)
_17479_/A                               1.50    1.80   -0.30 (VIOLATED)
_17699_/A                               1.50    1.80   -0.30 (VIOLATED)
_15304_/A                               1.50    1.80   -0.30 (VIOLATED)
_18128_/A                               1.50    1.80   -0.30 (VIOLATED)
_17474_/A                               1.50    1.80   -0.30 (VIOLATED)
load_slew541/X                          1.51    1.80   -0.29 (VIOLATED)
reset_hash$_DFF_P_/Q                    1.50    1.56   -0.06 (VIOLATED)
_20588_/A                               1.50    1.56   -0.06 (VIOLATED)
_21181_/A                               1.50    1.56   -0.06 (VIOLATED)
_20642_/A                               1.50    1.56   -0.06 (VIOLATED)
_21195_/B1                              1.50    1.56   -0.06 (VIOLATED)
_20569_/A                               1.50    1.56   -0.06 (VIOLATED)
reset_hash_dash$_DFF_P_/D               1.50    1.56   -0.06 (VIOLATED)

max capacitance

Pin                                    Limit     Cap   Slack
------------------------------------------------------------
load_slew344/X                          0.13    0.27   -0.14 (VIOLATED)
load_slew346/X                          0.13    0.21   -0.08 (VIOLATED)
load_slew541/X                          0.13    0.16   -0.03 (VIOLATED)
reset_hash$_DFF_P_/Q                    0.16    0.17   -0.01 (VIOLATED)


==========================================================================
global route max_slew_check_slack
--------------------------------------------------------------------------
-1.5539801120758057

==========================================================================
global route max_slew_check_limit
--------------------------------------------------------------------------
1.5

==========================================================================
global route max_slew_check_slack_limit
--------------------------------------------------------------------------
-1.0360

==========================================================================
global route max_fanout_check_slack
--------------------------------------------------------------------------
1.0000000150474662e+30

==========================================================================
global route max_fanout_check_limit
--------------------------------------------------------------------------
1.0000000150474662e+30

==========================================================================
global route max_capacitance_check_slack
--------------------------------------------------------------------------
-0.13860926032066345

==========================================================================
global route max_capacitance_check_limit
--------------------------------------------------------------------------
0.13001500070095062

==========================================================================
global route max_capacitance_check_slack_limit
--------------------------------------------------------------------------
-1.0661

==========================================================================
global route max_slew_violation_count
--------------------------------------------------------------------------
max slew violation count 83

==========================================================================
global route max_fanout_violation_count
--------------------------------------------------------------------------
max fanout violation count 0

==========================================================================
global route max_cap_violation_count
--------------------------------------------------------------------------
max cap violation count 4

==========================================================================
global route setup_violation_count
--------------------------------------------------------------------------
setup violation count 39

==========================================================================
global route hold_violation_count
--------------------------------------------------------------------------
hold violation count 0

==========================================================================
global route report_checks -path_delay max reg to reg
--------------------------------------------------------------------------
Startpoint: hash.p2_cap[0]$_DFF_P_
            (rising edge-triggered flip-flop clocked by core_clock)
Endpoint: hash.p2_cap[30]$_DFF_P_
          (rising edge-triggered flip-flop clocked by core_clock)
Path Group: core_clock
Path Type: max

  Delay    Time   Description
---------------------------------------------------------
   0.00    0.00   clock core_clock (rise edge)
   0.00    0.00   clock source latency
   0.00    0.00 ^ clk (in)
   0.26    0.26 ^ clkbuf_0_clk/X (sky130_fd_sc_hd__clkbuf_16)
   0.31    0.57 ^ clkbuf_2_3_0_clk/X (sky130_fd_sc_hd__clkbuf_16)
   0.27    0.84 ^ clkbuf_5_26__f_clk/X (sky130_fd_sc_hd__clkbuf_16)
   0.18    1.02 ^ clkbuf_leaf_181_clk/X (sky130_fd_sc_hd__clkbuf_16)
   0.00    1.02 ^ hash.p2_cap[0]$_DFF_P_/CLK (sky130_fd_sc_hd__dfxtp_4)
   0.37    1.39 ^ hash.p2_cap[0]$_DFF_P_/Q (sky130_fd_sc_hd__dfxtp_4)
   0.34    1.73 v _19711_/X (sky130_fd_sc_hd__mux2_1)
   0.23    1.96 v _27607_/COUT (sky130_fd_sc_hd__ha_1)
   0.07    2.03 ^ _18753_/Y (sky130_fd_sc_hd__inv_2)
   0.21    2.24 ^ _27310_/COUT (sky130_fd_sc_hd__fa_2)
   0.06    2.30 v _14919_/Y (sky130_fd_sc_hd__nor2b_2)
   0.17    2.47 ^ _14920_/Y (sky130_fd_sc_hd__o21ai_2)
   0.11    2.58 v _14921_/Y (sky130_fd_sc_hd__a21boi_2)
   0.21    2.80 v _14966_/X (sky130_fd_sc_hd__o21a_1)
   0.21    3.01 ^ _15011_/Y (sky130_fd_sc_hd__o21ai_2)
   0.12    3.12 v _15054_/Y (sky130_fd_sc_hd__a21boi_2)
   0.33    3.45 ^ _15079_/Y (sky130_fd_sc_hd__o31ai_4)
   0.19    3.65 ^ rebuffer19/X (sky130_fd_sc_hd__buf_2)
   0.09    3.74 v _15106_/Y (sky130_fd_sc_hd__o21ai_4)
   0.31    4.05 ^ _15170_/Y (sky130_fd_sc_hd__a41oi_2)
   0.12    4.17 v _15194_/Y (sky130_fd_sc_hd__a21oi_4)
   0.39    4.56 v _15246_/X (sky130_fd_sc_hd__a211o_4)
   0.24    4.80 ^ _15247_/X (sky130_fd_sc_hd__xor2_4)
   0.25    5.05 v _27700_/SUM (sky130_fd_sc_hd__ha_4)
   0.21    5.26 v _18076_/X (sky130_fd_sc_hd__a21o_4)
   0.31    5.57 v _18077_/X (sky130_fd_sc_hd__or3_1)
   0.35    5.92 v _18078_/X (sky130_fd_sc_hd__or3_4)
   0.22    6.14 v _18098_/X (sky130_fd_sc_hd__a31o_1)
   0.21    6.35 ^ _18099_/Y (sky130_fd_sc_hd__a21oi_4)
   0.11    6.47 v _18118_/Y (sky130_fd_sc_hd__o21ai_4)
   0.19    6.66 v _18120_/Y (sky130_fd_sc_hd__xnor2_4)
   0.30    6.96 ^ _18121_/Y (sky130_fd_sc_hd__nor2_4)
   0.15    7.10 v _20014_/Y (sky130_fd_sc_hd__xnor2_4)
   0.21    7.31 v _27838_/COUT (sky130_fd_sc_hd__ha_4)
   0.34    7.65 v _18498_/X (sky130_fd_sc_hd__or3_4)
   0.27    7.92 ^ _18499_/Y (sky130_fd_sc_hd__a311oi_4)
   0.20    8.12 ^ _18500_/X (sky130_fd_sc_hd__or2_4)
   0.08    8.20 v _18721_/Y (sky130_fd_sc_hd__o21bai_1)
   0.27    8.46 ^ _18722_/Y (sky130_fd_sc_hd__a21oi_2)
   0.16    8.63 ^ _18723_/Y (sky130_fd_sc_hd__xnor2_2)
   0.50    9.13 v _27455_/SUM (sky130_fd_sc_hd__fa_1)
   0.27    9.40 v _27919_/SUM (sky130_fd_sc_hd__ha_4)
   0.19    9.58 v _23293_/X (sky130_fd_sc_hd__a21o_1)
   0.24    9.82 v _23294_/X (sky130_fd_sc_hd__a21o_4)
   0.12    9.94 ^ _23310_/Y (sky130_fd_sc_hd__a21oi_2)
   0.10   10.05 v _23311_/Y (sky130_fd_sc_hd__o21ai_2)
   0.18   10.23 ^ _23319_/Y (sky130_fd_sc_hd__nor3_2)
   0.19   10.42 ^ _23329_/X (sky130_fd_sc_hd__or3_4)
   0.11   10.53 v _23344_/Y (sky130_fd_sc_hd__a31oi_4)
   0.26   10.79 v _23354_/X (sky130_fd_sc_hd__a41o_4)
   0.34   11.13 ^ _23377_/Y (sky130_fd_sc_hd__o41ai_4)
   0.21   11.34 v _23386_/Y (sky130_fd_sc_hd__o22ai_2)
   0.29   11.63 ^ _23397_/Y (sky130_fd_sc_hd__o41ai_4)
   0.10   11.73 v _23404_/Y (sky130_fd_sc_hd__o21bai_1)
   0.20   11.94 ^ _23405_/Y (sky130_fd_sc_hd__a21oi_1)
   0.15   12.08 ^ _23406_/Y (sky130_fd_sc_hd__xnor2_1)
   0.00   12.08 ^ hash.p2_cap[30]$_DFF_P_/D (sky130_fd_sc_hd__dfxtp_2)
          12.08   data arrival time

  10.00   10.00   clock core_clock (rise edge)
   0.00   10.00   clock source latency
   0.00   10.00 ^ clk (in)
   0.26   10.26 ^ clkbuf_0_clk/X (sky130_fd_sc_hd__clkbuf_16)
   0.31   10.57 ^ clkbuf_2_3_0_clk/X (sky130_fd_sc_hd__clkbuf_16)
   0.27   10.84 ^ clkbuf_5_24__f_clk/X (sky130_fd_sc_hd__clkbuf_16)
   0.19   11.03 ^ clkbuf_leaf_158_clk/X (sky130_fd_sc_hd__clkbuf_16)
   0.00   11.03 ^ hash.p2_cap[30]$_DFF_P_/CLK (sky130_fd_sc_hd__dfxtp_2)
   0.00   11.03   clock reconvergence pessimism
  -0.08   10.95   library setup time
          10.95   data required time
---------------------------------------------------------
          10.95   data required time
         -12.08   data arrival time
---------------------------------------------------------
          -1.13   slack (VIOLATED)



==========================================================================
global route report_checks -path_delay min reg to reg
--------------------------------------------------------------------------
Startpoint: ready_dash$_SDFF_PP0_
            (rising edge-triggered flip-flop clocked by core_clock)
Endpoint: ready$_DFF_P_ (rising edge-triggered flip-flop clocked by core_clock)
Path Group: core_clock
Path Type: min

  Delay    Time   Description
---------------------------------------------------------
   0.00    0.00   clock core_clock (rise edge)
   0.00    0.00   clock source latency
   0.00    0.00 ^ clk (in)
   0.26    0.26 ^ clkbuf_0_clk/X (sky130_fd_sc_hd__clkbuf_16)
   0.31    0.57 ^ clkbuf_2_3_0_clk/X (sky130_fd_sc_hd__clkbuf_16)
   0.27    0.84 ^ clkbuf_5_28__f_clk/X (sky130_fd_sc_hd__clkbuf_16)
   0.18    1.02 ^ clkbuf_leaf_138_clk/X (sky130_fd_sc_hd__clkbuf_16)
   0.00    1.02 ^ ready_dash$_SDFF_PP0_/CLK (sky130_fd_sc_hd__dfxtp_1)
   0.31    1.33 ^ ready_dash$_SDFF_PP0_/Q (sky130_fd_sc_hd__dfxtp_1)
   0.00    1.33 ^ ready$_DFF_P_/D (sky130_fd_sc_hd__dfxtp_1)
           1.33   data arrival time

   0.00    0.00   clock core_clock (rise edge)
   0.00    0.00   clock source latency
   0.00    0.00 ^ clk (in)
   0.26    0.26 ^ clkbuf_0_clk/X (sky130_fd_sc_hd__clkbuf_16)
   0.31    0.57 ^ clkbuf_2_3_0_clk/X (sky130_fd_sc_hd__clkbuf_16)
   0.27    0.84 ^ clkbuf_5_28__f_clk/X (sky130_fd_sc_hd__clkbuf_16)
   0.18    1.02 ^ clkbuf_leaf_138_clk/X (sky130_fd_sc_hd__clkbuf_16)
   0.00    1.02 ^ ready$_DFF_P_/CLK (sky130_fd_sc_hd__dfxtp_1)
   0.00    1.02   clock reconvergence pessimism
  -0.03    0.99   library hold time
           0.99   data required time
---------------------------------------------------------
           0.99   data required time
          -1.33   data arrival time
---------------------------------------------------------
           0.34   slack (MET)



==========================================================================
global route critical path target clock latency max path
--------------------------------------------------------------------------
0.9847

==========================================================================
global route critical path target clock latency min path
--------------------------------------------------------------------------
1.0506

==========================================================================
global route critical path source clock latency min path
--------------------------------------------------------------------------
0.0000

==========================================================================
global route critical path delay
--------------------------------------------------------------------------
12.0849

==========================================================================
global route critical path slack
--------------------------------------------------------------------------
-1.1330

==========================================================================
global route slack div critical path delay
--------------------------------------------------------------------------
-9.375336

==========================================================================
global route report_power
--------------------------------------------------------------------------
Group                  Internal  Switching    Leakage      Total
                          Power      Power      Power      Power (Watts)
----------------------------------------------------------------
Sequential             1.96e-02   3.38e-03   2.77e-08   2.29e-02   4.6%
Combinational          1.88e-01   2.77e-01   5.45e-08   4.65e-01  92.8%
Clock                  7.50e-03   5.86e-03   5.49e-09   1.34e-02   2.7%
Macro                  0.00e+00   0.00e+00   0.00e+00   0.00e+00   0.0%
Pad                    0.00e+00   0.00e+00   0.00e+00   0.00e+00   0.0%
----------------------------------------------------------------
Total                  2.15e-01   2.86e-01   8.77e-08   5.01e-01 100.0%
                          42.9%      57.1%       0.0%
