violation type: Short
	srcs: net:_08374_ net:_12911_
	bbox = (573.3200, 582.8600) - (573.4600, 583.0000) on Layer met1
violation type: Short
	srcs: net:_08374_ net:_12911_
	bbox = (572.6300, 582.8600) - (572.7700, 583.0000) on Layer met1
violation type: Short
	srcs: net:_08374_ net:_12911_
	bbox = (572.6300, 582.8600) - (573.4600, 583.0000) on Layer met1
violation type: Short
	srcs: net:_08366_ net:_08512_
	bbox = (572.9450, 584.2200) - (573.0750, 584.3600) on Layer met1
violation type: Short
	srcs: net:_08366_ net:_08512_
	bbox = (572.9450, 584.1750) - (573.0750, 584.3600) on Layer met1
violation type: Metal Spacing
	srcs: net:_12916_
	bbox = (574.5850, 583.4000) - (574.6100, 583.4950) on Layer met1
violation type: Metal Spacing
	srcs: net:_08366_ net:_12916_
	bbox = (574.8450, 583.4000) - (574.9300, 583.4950) on Layer met1
violation type: Metal Spacing
	srcs: net:_08366_ net:_12916_
	bbox = (574.8500, 583.4000) - (574.9300, 583.4950) on Layer met1
violation type: Metal Spacing
	srcs: net:_08366_
	bbox = (565.8150, 585.8600) - (565.8700, 586.0750) on Layer met1
