Net: _00879_
  Pin:   hash.h7_out\[13\]$_DFFE_PN_/D (sky130_fd_sc_hd__edfxtp_1)
    Layer: mcon
      Partial area ratio:    0.18
      Required ratio:    3.00 (Gate area) 
      Cumulative area ratio:    0.18
      Required ratio:    0.00 (Cumulative area) 

    Layer: met1
      Partial area ratio:  102.09
      Required ratio:    0.00 (Gate area) 
      Cumulative area ratio:  102.09
      Required ratio:    0.00 (Cumulative area) 
      Partial area ratio:  509.31
      Required ratio:  400.00 (Side area) (VIOLATED)
      Cumulative area ratio:  509.31
      Required ratio:    0.00 (Cumulative side area) 

    Layer: via
      Partial area ratio:    0.28
      Required ratio:    6.00 (Gate area) 
      Cumulative area ratio:    0.46
      Required ratio:    0.00 (Cumulative area) 

    Layer: met2
      Partial area ratio:    1.78
      Required ratio:    0.00 (Gate area) 
      Cumulative area ratio:  103.87
      Required ratio:    0.00 (Cumulative area) 
      Partial area ratio:    7.00
      Required ratio:  400.00 (Side area) 
      Cumulative area ratio:  516.31
      Required ratio:    0.00 (Cumulative side area) 

    Layer: via2
      Partial area ratio:    0.50
      Required ratio:    6.00 (Gate area) 
      Cumulative area ratio:    0.97
      Required ratio:    0.00 (Cumulative area) 

    Layer: met3
      Partial area ratio:   32.29
      Required ratio:    0.00 (Gate area) 
      Cumulative area ratio:  136.16
      Required ratio:    0.00 (Cumulative area) 
      Partial area ratio:  178.11
      Required ratio: 3543.92 (Side area) 
      Cumulative area ratio:  694.42
      Required ratio:    0.00 (Cumulative side area) 


