OpenROAD v2.0-17941-g7fb347f37 
Features included (+) or not (-): +GPU +GUI +Python
This program is licensed under the BSD-3 license. See the LICENSE file for details.
Components of this program may be licensed under more restrictive licenses which must be honored.
[INFO ORD-0030] Using 12 thread(s).
Placement Analysis
---------------------------------
total displacement      49990.3 u
average displacement        2.3 u
max displacement           30.7 u
original HPWL          602866.6 u
legalized HPWL         653179.4 u
delta HPWL                    8 %

Detailed placement improvement.
Importing netlist into detailed improver.
[INFO DPO-0100] Creating network with 21918 cells, 771 terminals, 17507 edges, 67644 pins, and 0 blockages.
[INFO DPO-0109] Network stats: inst 22689, edges 17507, pins 67644
[INFO DPO-0110] Number of regions is 1
[INFO DPO-0401] Setting random seed to 1.
[INFO DPO-0402] Setting maximum displacement 5 1 to 13600 2720 units.
[INFO DPO-0320] Collected 6458 fixed cells.
[INFO DPO-0318] Collected 16231 single height cells.
[INFO DPO-0321] Collected 0 wide cells.
[INFO DPO-0322] Image (1380, 2720) - (656420, 655520)
[INFO DPO-0310] Assigned 16231 cells into segments.  Movement in X-direction is 0.000000, movement in Y-direction is 0.000000.
[INFO DPO-0313] Found 0 cells in wrong regions.
[INFO DPO-0315] Found 0 row alignment problems.
[INFO DPO-0314] Found 0 site alignment problems.
[INFO DPO-0311] Found 0 overlaps between adjacent cells.
[INFO DPO-0312] Found 0 edge spacing violations and 0 padding violations.
[INFO DPO-0303] Running algorithm for independent set matching.
[INFO DPO-0300] Set matching objective is wirelength.
[INFO DPO-0301] Pass   1 of matching; objective is 6.535566e+08.
[INFO DPO-0302] End of matching; objective is 6.526759e+08, improvement is 0.13 percent.
[INFO DPO-0303] Running algorithm for global swaps.
[INFO DPO-0306] Pass   1 of global swaps; hpwl is 6.450028e+08.
[INFO DPO-0306] Pass   2 of global swaps; hpwl is 6.440172e+08.
[INFO DPO-0307] End of global swaps; objective is 6.440172e+08, improvement is 1.33 percent.
[INFO DPO-0303] Running algorithm for vertical swaps.
[INFO DPO-0308] Pass   1 of vertical swaps; hpwl is 6.423899e+08.
[INFO DPO-0309] End of vertical swaps; objective is 6.423899e+08, improvement is 0.25 percent.
[INFO DPO-0303] Running algorithm for reordering.
[INFO DPO-0304] Pass   1 of reordering; objective is 6.415138e+08.
[INFO DPO-0305] End of reordering; objective is 6.415138e+08, improvement is 0.14 percent.
[INFO DPO-0303] Running algorithm for random improvement.
[INFO DPO-0324] Random improver is using displacement generator.
[INFO DPO-0325] Random improver is using hpwl objective.
[INFO DPO-0326] Random improver cost string is (a).
[INFO DPO-0332] End of pass, Generator displacement called 324620 times.
[INFO DPO-0335] Generator displacement, Cumulative attempts 324620, swaps 54380, moves 51624 since last reset.
[INFO DPO-0333] End of pass, Objective hpwl, Initial cost 6.396326e+08, Scratch cost 6.337917e+08, Incremental cost 6.337917e+08, Mismatch? N
[INFO DPO-0338] End of pass, Total cost is 6.337917e+08.
[INFO DPO-0327] Pass   1 of random improver; improvement in cost is 0.91 percent.
[INFO DPO-0328] End of random improver; improvement is 0.913176 percent.
[INFO DPO-0380] Cell flipping.
[INFO DPO-0382] Changed 8150 cell orientations for row compatibility.
[INFO DPO-0383] Performed 4971 cell flips.
[INFO DPO-0384] End of flipping; objective is 6.266593e+08, improvement is 1.42 percent.
[INFO DPO-0313] Found 0 cells in wrong regions.
[INFO DPO-0315] Found 0 row alignment problems.
[INFO DPO-0314] Found 0 site alignment problems.
[INFO DPO-0311] Found 0 overlaps between adjacent cells.
[INFO DPO-0312] Found 0 edge spacing violations and 0 padding violations.
Detailed Improvement Results
------------------------------------------
Original HPWL           653179.4 u
Final HPWL              624169.3 u
Delta HPWL                  -4.4 %

[INFO DPL-0020] Mirrored 689 instances
[INFO DPL-0021] HPWL before          624169.3 u
[INFO DPL-0022] HPWL after           623685.3 u
[INFO DPL-0023] HPWL delta               -0.1 %
[INFO FLW-0012] Placement violations .
Report metrics stage 3, detailed place...

==========================================================================
detailed place report_design_area
--------------------------------------------------------------------------
Design area 256438 u^2 60% utilization.
Elapsed time: 0:14.79[h:]min:sec. CPU time: user 15.46 sys 0.65 (108%). Peak memory: 268072KB.
