
==========================================================================
cts final report_tns
--------------------------------------------------------------------------
tns -4.90

==========================================================================
cts final report_wns
--------------------------------------------------------------------------
wns -0.68

==========================================================================
cts final report_worst_slack
--------------------------------------------------------------------------
worst slack -0.68

==========================================================================
cts final report_clock_skew
--------------------------------------------------------------------------
Clock core_clock
   1.05 source latency w[39][28]$_SDFFCE_PN0P_/CLK ^
  -0.98 target latency w[7][21]$_DFFE_PP_/CLK ^
   0.00 CRPR
--------------
   0.07 setup skew


==========================================================================
cts final report_checks -path_delay min
--------------------------------------------------------------------------
Startpoint: count15_1[1]$_SDFF_PP0_
            (rising edge-triggered flip-flop clocked by core_clock)
Endpoint: count15_1[1]$_SDFF_PP0_
          (rising edge-triggered flip-flop clocked by core_clock)
Path Group: core_clock
Path Type: min

Fanout     Cap    Slew   Delay    Time   Description
-----------------------------------------------------------------------------
                          0.00    0.00   clock core_clock (rise edge)
                          0.00    0.00   clock source latency
     1    0.15    0.00    0.00    0.00 ^ clk (in)
                                         clk (net)
                  0.01    0.01    0.01 ^ clkbuf_0_clk/A (sky130_fd_sc_hd__clkbuf_16)
     4    0.21    0.22    0.25    0.26 ^ clkbuf_0_clk/X (sky130_fd_sc_hd__clkbuf_16)
                                         clknet_0_clk (net)
                  0.22    0.00    0.26 ^ clkbuf_2_2_0_clk/A (sky130_fd_sc_hd__clkbuf_16)
     8    0.19    0.20    0.31    0.57 ^ clkbuf_2_2_0_clk/X (sky130_fd_sc_hd__clkbuf_16)
                                         clknet_2_2_0_clk (net)
                  0.20    0.00    0.57 ^ clkbuf_5_16__f_clk/A (sky130_fd_sc_hd__clkbuf_16)
    10    0.17    0.18    0.28    0.85 ^ clkbuf_5_16__f_clk/X (sky130_fd_sc_hd__clkbuf_16)
                                         clknet_5_16__leaf_clk (net)
                  0.18    0.00    0.85 ^ clkbuf_leaf_52_clk/A (sky130_fd_sc_hd__clkbuf_16)
    11    0.03    0.06    0.18    1.03 ^ clkbuf_leaf_52_clk/X (sky130_fd_sc_hd__clkbuf_16)
                                         clknet_leaf_52_clk (net)
                  0.06    0.00    1.03 ^ count15_1[1]$_SDFF_PP0_/CLK (sky130_fd_sc_hd__dfxtp_1)
     3    0.02    0.08    0.34    1.37 v count15_1[1]$_SDFF_PP0_/Q (sky130_fd_sc_hd__dfxtp_1)
                                         count15_1[1] (net)
                  0.08    0.00    1.37 v _20449_/B (sky130_fd_sc_hd__nor2_1)
     1    0.00    0.08    0.09    1.47 ^ _20449_/Y (sky130_fd_sc_hd__nor2_1)
                                         _00907_ (net)
                  0.08    0.00    1.47 ^ count15_1[1]$_SDFF_PP0_/D (sky130_fd_sc_hd__dfxtp_1)
                                  1.47   data arrival time

                          0.00    0.00   clock core_clock (rise edge)
                          0.00    0.00   clock source latency
     1    0.15    0.00    0.00    0.00 ^ clk (in)
                                         clk (net)
                  0.01    0.01    0.01 ^ clkbuf_0_clk/A (sky130_fd_sc_hd__clkbuf_16)
     4    0.21    0.22    0.25    0.26 ^ clkbuf_0_clk/X (sky130_fd_sc_hd__clkbuf_16)
                                         clknet_0_clk (net)
                  0.22    0.00    0.26 ^ clkbuf_2_2_0_clk/A (sky130_fd_sc_hd__clkbuf_16)
     8    0.19    0.20    0.31    0.57 ^ clkbuf_2_2_0_clk/X (sky130_fd_sc_hd__clkbuf_16)
                                         clknet_2_2_0_clk (net)
                  0.20    0.00    0.57 ^ clkbuf_5_16__f_clk/A (sky130_fd_sc_hd__clkbuf_16)
    10    0.17    0.18    0.28    0.85 ^ clkbuf_5_16__f_clk/X (sky130_fd_sc_hd__clkbuf_16)
                                         clknet_5_16__leaf_clk (net)
                  0.18    0.00    0.85 ^ clkbuf_leaf_52_clk/A (sky130_fd_sc_hd__clkbuf_16)
    11    0.03    0.06    0.18    1.03 ^ clkbuf_leaf_52_clk/X (sky130_fd_sc_hd__clkbuf_16)
                                         clknet_leaf_52_clk (net)
                  0.06    0.00    1.03 ^ count15_1[1]$_SDFF_PP0_/CLK (sky130_fd_sc_hd__dfxtp_1)
                          0.00    1.03   clock reconvergence pessimism
                         -0.04    1.00   library hold time
                                  1.00   data required time
-----------------------------------------------------------------------------
                                  1.00   data required time
                                 -1.47   data arrival time
-----------------------------------------------------------------------------
                                  0.47   slack (MET)



==========================================================================
cts final report_checks -path_delay max
--------------------------------------------------------------------------
Startpoint: hash.p2_cap[25]$_DFF_P_
            (rising edge-triggered flip-flop clocked by core_clock)
Endpoint: hash.p2_cap[30]$_DFF_P_
          (rising edge-triggered flip-flop clocked by core_clock)
Path Group: core_clock
Path Type: max

Fanout     Cap    Slew   Delay    Time   Description
-----------------------------------------------------------------------------
                          0.00    0.00   clock core_clock (rise edge)
                          0.00    0.00   clock source latency
     1    0.15    0.00    0.00    0.00 ^ clk (in)
                                         clk (net)
                  0.01    0.01    0.01 ^ clkbuf_0_clk/A (sky130_fd_sc_hd__clkbuf_16)
     4    0.21    0.22    0.25    0.26 ^ clkbuf_0_clk/X (sky130_fd_sc_hd__clkbuf_16)
                                         clknet_0_clk (net)
                  0.22    0.00    0.26 ^ clkbuf_2_3_0_clk/A (sky130_fd_sc_hd__clkbuf_16)
     8    0.18    0.19    0.30    0.56 ^ clkbuf_2_3_0_clk/X (sky130_fd_sc_hd__clkbuf_16)
                                         clknet_2_3_0_clk (net)
                  0.20    0.00    0.56 ^ clkbuf_5_26__f_clk/A (sky130_fd_sc_hd__clkbuf_16)
    10    0.16    0.17    0.28    0.84 ^ clkbuf_5_26__f_clk/X (sky130_fd_sc_hd__clkbuf_16)
                                         clknet_5_26__leaf_clk (net)
                  0.17    0.00    0.84 ^ clkbuf_leaf_164_clk/A (sky130_fd_sc_hd__clkbuf_16)
    10    0.04    0.06    0.18    1.02 ^ clkbuf_leaf_164_clk/X (sky130_fd_sc_hd__clkbuf_16)
                                         clknet_leaf_164_clk (net)
                  0.06    0.00    1.02 ^ hash.p2_cap[25]$_DFF_P_/CLK (sky130_fd_sc_hd__dfxtp_4)
     7    0.06    0.09    0.41    1.43 v hash.p2_cap[25]$_DFF_P_/Q (sky130_fd_sc_hd__dfxtp_4)
                                         hash.CA2.S1.X[25] (net)
                  0.09    0.01    1.44 v _14773_/B (sky130_fd_sc_hd__xnor2_4)
     1    0.01    0.06    0.15    1.59 v _14773_/Y (sky130_fd_sc_hd__xnor2_4)
                                         _04381_ (net)
                  0.06    0.00    1.59 v _14774_/A (sky130_fd_sc_hd__xnor2_2)
     1    0.02    0.27    0.27    1.85 ^ _14774_/Y (sky130_fd_sc_hd__xnor2_2)
                                         _13230_ (net)
                  0.27    0.00    1.86 ^ _27607_/A (sky130_fd_sc_hd__ha_2)
     3    0.01    0.08    0.25    2.11 ^ _27607_/COUT (sky130_fd_sc_hd__ha_2)
                                         _13231_ (net)
                  0.08    0.00    2.11 ^ _18753_/A (sky130_fd_sc_hd__inv_2)
     1    0.01    0.03    0.05    2.15 v _18753_/Y (sky130_fd_sc_hd__inv_2)
                                         _12083_ (net)
                  0.03    0.00    2.15 v _27310_/A (sky130_fd_sc_hd__fa_2)
     2    0.01    0.07    0.38    2.53 v _27310_/COUT (sky130_fd_sc_hd__fa_2)
                                         _12086_ (net)
                  0.07    0.00    2.53 v _14919_/A (sky130_fd_sc_hd__nor2b_2)
     1    0.01    0.10    0.14    2.67 ^ _14919_/Y (sky130_fd_sc_hd__nor2b_2)
                                         _04507_ (net)
                  0.10    0.00    2.67 ^ _14920_/A2 (sky130_fd_sc_hd__o21ai_2)
     2    0.01    0.06    0.07    2.74 v _14920_/Y (sky130_fd_sc_hd__o21ai_2)
                                         _04508_ (net)
                  0.06    0.00    2.74 v _14921_/A1 (sky130_fd_sc_hd__a21boi_2)
     2    0.01    0.11    0.14    2.88 ^ _14921_/Y (sky130_fd_sc_hd__a21boi_2)
                                         _04509_ (net)
                  0.11    0.00    2.88 ^ _14966_/A2 (sky130_fd_sc_hd__o21a_1)
     2    0.01    0.09    0.16    3.04 ^ _14966_/X (sky130_fd_sc_hd__o21a_1)
                                         _04546_ (net)
                  0.09    0.00    3.04 ^ _15011_/A2 (sky130_fd_sc_hd__o21ai_2)
     2    0.01    0.06    0.07    3.11 v _15011_/Y (sky130_fd_sc_hd__o21ai_2)
                                         _04583_ (net)
                  0.06    0.00    3.11 v _15054_/A1 (sky130_fd_sc_hd__a21boi_2)
     2    0.01    0.20    0.21    3.32 ^ _15054_/Y (sky130_fd_sc_hd__a21boi_2)
                                         _04618_ (net)
                  0.20    0.00    3.32 ^ _15079_/A2 (sky130_fd_sc_hd__o31ai_4)
     3    0.02    0.09    0.12    3.44 v _15079_/Y (sky130_fd_sc_hd__o31ai_4)
                                         _04635_ (net)
                  0.09    0.00    3.44 v _15106_/A2 (sky130_fd_sc_hd__o21ai_2)
     4    0.02    0.25    0.25    3.69 ^ _15106_/Y (sky130_fd_sc_hd__o21ai_2)
                                         _04654_ (net)
                  0.25    0.00    3.69 ^ _15170_/A2 (sky130_fd_sc_hd__a41oi_2)
     2    0.01    0.13    0.19    3.87 v _15170_/Y (sky130_fd_sc_hd__a41oi_2)
                                         _04694_ (net)
                  0.13    0.00    3.87 v _15194_/A2 (sky130_fd_sc_hd__a21oi_2)
     3    0.01    0.14    0.20    4.07 ^ _15194_/Y (sky130_fd_sc_hd__a21oi_2)
                                         _04710_ (net)
                  0.14    0.00    4.07 ^ rebuffer40/A (sky130_fd_sc_hd__buf_2)
     1    0.01    0.05    0.14    4.22 ^ rebuffer40/X (sky130_fd_sc_hd__buf_2)
                                         net1084 (net)
                  0.05    0.00    4.22 ^ _15246_/A2 (sky130_fd_sc_hd__a211o_4)
     3    0.03    0.10    0.17    4.39 ^ _15246_/X (sky130_fd_sc_hd__a211o_4)
                                         _04746_ (net)
                  0.10    0.00    4.39 ^ _15247_/A (sky130_fd_sc_hd__xor2_4)
     3    0.02    0.17    0.19    4.58 ^ _15247_/X (sky130_fd_sc_hd__xor2_4)
                                         _13414_ (net)
                  0.17    0.00    4.58 ^ _27700_/A (sky130_fd_sc_hd__ha_4)
     4    0.02    0.05    0.24    4.83 v _27700_/SUM (sky130_fd_sc_hd__ha_4)
                                         _13507_ (net)
                  0.05    0.00    4.83 v _18076_/A1 (sky130_fd_sc_hd__a21o_1)
     3    0.01    0.06    0.18    5.01 v _18076_/X (sky130_fd_sc_hd__a21o_1)
                                         _06691_ (net)
                  0.06    0.00    5.01 v _18077_/C (sky130_fd_sc_hd__or3_1)
     1    0.00    0.07    0.31    5.31 v _18077_/X (sky130_fd_sc_hd__or3_1)
                                         _06692_ (net)
                  0.07    0.00    5.31 v _18078_/C (sky130_fd_sc_hd__or3_4)
     2    0.01    0.07    0.34    5.66 v _18078_/X (sky130_fd_sc_hd__or3_4)
                                         _06693_ (net)
                  0.07    0.00    5.66 v _18098_/A2 (sky130_fd_sc_hd__a31o_1)
     1    0.01    0.06    0.24    5.90 v _18098_/X (sky130_fd_sc_hd__a31o_1)
                                         _06709_ (net)
                  0.06    0.00    5.90 v _18099_/A2 (sky130_fd_sc_hd__a21oi_2)
     2    0.01    0.17    0.20    6.09 ^ _18099_/Y (sky130_fd_sc_hd__a21oi_2)
                                         _06710_ (net)
                  0.17    0.00    6.09 ^ _18118_/A2 (sky130_fd_sc_hd__o21ai_2)
     1    0.01    0.07    0.09    6.19 v _18118_/Y (sky130_fd_sc_hd__o21ai_2)
                                         _06725_ (net)
                  0.07    0.00    6.19 v _18120_/A (sky130_fd_sc_hd__xnor2_2)
     2    0.01    0.10    0.17    6.35 v _18120_/Y (sky130_fd_sc_hd__xnor2_2)
                                         _06727_ (net)
                  0.10    0.00    6.35 v _18121_/A (sky130_fd_sc_hd__nor2_4)
     5    0.05    0.32    0.30    6.66 ^ _18121_/Y (sky130_fd_sc_hd__nor2_4)
                                         hash.CA1.S1.X[31] (net)
                  0.32    0.00    6.66 ^ _20014_/B (sky130_fd_sc_hd__xnor2_2)
     1    0.01    0.09    0.13    6.79 v _20014_/Y (sky130_fd_sc_hd__xnor2_2)
                                         _13905_ (net)
                  0.09    0.00    6.79 v _27838_/A (sky130_fd_sc_hd__ha_2)
     3    0.01    0.05    0.22    7.01 v _27838_/COUT (sky130_fd_sc_hd__ha_2)
                                         _13907_ (net)
                  0.05    0.00    7.01 v _18498_/C (sky130_fd_sc_hd__or3_1)
     1    0.00    0.08    0.32    7.33 v _18498_/X (sky130_fd_sc_hd__or3_1)
                                         _06951_ (net)
                  0.08    0.00    7.33 v _18499_/B1 (sky130_fd_sc_hd__a311oi_2)
     2    0.01    0.26    0.30    7.63 ^ _18499_/Y (sky130_fd_sc_hd__a311oi_2)
                                         _06952_ (net)
                  0.26    0.00    7.63 ^ _18500_/A (sky130_fd_sc_hd__or2_4)
     3    0.02    0.06    0.20    7.83 ^ _18500_/X (sky130_fd_sc_hd__or2_4)
                                         _06953_ (net)
                  0.06    0.00    7.83 ^ _18721_/A2 (sky130_fd_sc_hd__o21bai_1)
     1    0.01    0.07    0.07    7.91 v _18721_/Y (sky130_fd_sc_hd__o21bai_1)
                                         _07116_ (net)
                  0.07    0.00    7.91 v _18722_/A1 (sky130_fd_sc_hd__a21oi_2)
     2    0.02    0.22    0.23    8.13 ^ _18722_/Y (sky130_fd_sc_hd__a21oi_2)
                                         _07117_ (net)
                  0.22    0.00    8.13 ^ _18723_/B (sky130_fd_sc_hd__xnor2_2)
     1    0.01    0.09    0.11    8.24 v _18723_/Y (sky130_fd_sc_hd__xnor2_2)
                                         _12720_ (net)
                  0.09    0.00    8.24 v _27455_/A (sky130_fd_sc_hd__fa_1)
     1    0.01    0.11    0.59    8.83 ^ _27455_/SUM (sky130_fd_sc_hd__fa_1)
                                         _12722_ (net)
                  0.11    0.00    8.83 ^ _27919_/B (sky130_fd_sc_hd__ha_4)
     4    0.02    0.05    0.23    9.06 v _27919_/SUM (sky130_fd_sc_hd__ha_4)
                                         _14158_ (net)
                  0.05    0.00    9.06 v _23293_/A1 (sky130_fd_sc_hd__a21o_1)
     1    0.01    0.04    0.17    9.22 v _23293_/X (sky130_fd_sc_hd__a21o_1)
                                         _09340_ (net)
                  0.04    0.00    9.22 v _23294_/A2 (sky130_fd_sc_hd__a21o_4)
     3    0.02    0.05    0.24    9.46 v _23294_/X (sky130_fd_sc_hd__a21o_4)
                                         _09341_ (net)
                  0.05    0.00    9.46 v _23310_/B1 (sky130_fd_sc_hd__a21oi_2)
     1    0.01    0.11    0.11    9.57 ^ _23310_/Y (sky130_fd_sc_hd__a21oi_2)
                                         _09356_ (net)
                  0.11    0.00    9.57 ^ _23311_/B1 (sky130_fd_sc_hd__o21ai_2)
     2    0.02    0.11    0.11    9.68 v _23311_/Y (sky130_fd_sc_hd__o21ai_2)
                                         _09357_ (net)
                  0.11    0.00    9.68 v _23319_/C (sky130_fd_sc_hd__nor3_2)
     2    0.01    0.16    0.15    9.84 ^ _23319_/Y (sky130_fd_sc_hd__nor3_2)
                                         _09363_ (net)
                  0.16    0.00    9.84 ^ _23329_/A (sky130_fd_sc_hd__or3_4)
     2    0.02    0.07    0.18   10.02 ^ _23329_/X (sky130_fd_sc_hd__or3_4)
                                         _09371_ (net)
                  0.07    0.00   10.02 ^ _23344_/A1 (sky130_fd_sc_hd__a31oi_4)
     3    0.01    0.09    0.09   10.11 v _23344_/Y (sky130_fd_sc_hd__a31oi_4)
                                         _09384_ (net)
                  0.09    0.00   10.11 v _23354_/A4 (sky130_fd_sc_hd__a41o_4)
     3    0.02    0.06    0.32   10.43 v _23354_/X (sky130_fd_sc_hd__a41o_4)
                                         _09392_ (net)
                  0.06    0.00   10.43 v _23377_/A4 (sky130_fd_sc_hd__o41ai_4)
     2    0.01    0.30    0.26   10.69 ^ _23377_/Y (sky130_fd_sc_hd__o41ai_4)
                                         _09411_ (net)
                  0.30    0.00   10.69 ^ _23386_/A1 (sky130_fd_sc_hd__o22ai_2)
     2    0.01    0.09    0.15   10.84 v _23386_/Y (sky130_fd_sc_hd__o22ai_2)
                                         _09418_ (net)
                  0.09    0.00   10.84 v _23397_/A3 (sky130_fd_sc_hd__o41ai_2)
     2    0.01    0.36    0.38   11.22 ^ _23397_/Y (sky130_fd_sc_hd__o41ai_2)
                                         _09427_ (net)
                  0.36    0.00   11.22 ^ _23404_/A2 (sky130_fd_sc_hd__o21bai_1)
     1    0.00    0.07    0.10   11.32 v _23404_/Y (sky130_fd_sc_hd__o21bai_1)
                                         _09432_ (net)
                  0.07    0.00   11.32 v _23405_/A2 (sky130_fd_sc_hd__a21oi_1)
     1    0.01    0.15    0.18   11.50 ^ _23405_/Y (sky130_fd_sc_hd__a21oi_1)
                                         _09433_ (net)
                  0.15    0.00   11.50 ^ _23406_/B (sky130_fd_sc_hd__xnor2_1)
     1    0.00    0.11    0.13   11.63 ^ _23406_/Y (sky130_fd_sc_hd__xnor2_1)
                                         hash.CA1.p2[30] (net)
                  0.11    0.00   11.63 ^ hash.p2_cap[30]$_DFF_P_/D (sky130_fd_sc_hd__dfxtp_2)
                                 11.63   data arrival time

                         10.00   10.00   clock core_clock (rise edge)
                          0.00   10.00   clock source latency
     1    0.15    0.00    0.00   10.00 ^ clk (in)
                                         clk (net)
                  0.01    0.01   10.01 ^ clkbuf_0_clk/A (sky130_fd_sc_hd__clkbuf_16)
     4    0.21    0.22    0.25   10.26 ^ clkbuf_0_clk/X (sky130_fd_sc_hd__clkbuf_16)
                                         clknet_0_clk (net)
                  0.22    0.00   10.26 ^ clkbuf_2_3_0_clk/A (sky130_fd_sc_hd__clkbuf_16)
     8    0.18    0.19    0.30   10.56 ^ clkbuf_2_3_0_clk/X (sky130_fd_sc_hd__clkbuf_16)
                                         clknet_2_3_0_clk (net)
                  0.20    0.00   10.56 ^ clkbuf_5_27__f_clk/A (sky130_fd_sc_hd__clkbuf_16)
    10    0.15    0.16    0.27   10.84 ^ clkbuf_5_27__f_clk/X (sky130_fd_sc_hd__clkbuf_16)
                                         clknet_5_27__leaf_clk (net)
                  0.16    0.00   10.84 ^ clkbuf_leaf_154_clk/A (sky130_fd_sc_hd__clkbuf_16)
     8    0.04    0.06    0.19   11.02 ^ clkbuf_leaf_154_clk/X (sky130_fd_sc_hd__clkbuf_16)
                                         clknet_leaf_154_clk (net)
                  0.06    0.00   11.02 ^ hash.p2_cap[30]$_DFF_P_/CLK (sky130_fd_sc_hd__dfxtp_2)
                          0.00   11.02   clock reconvergence pessimism
                         -0.07   10.95   library setup time
                                 10.95   data required time
-----------------------------------------------------------------------------
                                 10.95   data required time
                                -11.63   data arrival time
-----------------------------------------------------------------------------
                                 -0.68   slack (VIOLATED)



==========================================================================
cts final report_checks -unconstrained
--------------------------------------------------------------------------
Startpoint: hash.p2_cap[25]$_DFF_P_
            (rising edge-triggered flip-flop clocked by core_clock)
Endpoint: hash.p2_cap[30]$_DFF_P_
          (rising edge-triggered flip-flop clocked by core_clock)
Path Group: core_clock
Path Type: max

Fanout     Cap    Slew   Delay    Time   Description
-----------------------------------------------------------------------------
                          0.00    0.00   clock core_clock (rise edge)
                          0.00    0.00   clock source latency
     1    0.15    0.00    0.00    0.00 ^ clk (in)
                                         clk (net)
                  0.01    0.01    0.01 ^ clkbuf_0_clk/A (sky130_fd_sc_hd__clkbuf_16)
     4    0.21    0.22    0.25    0.26 ^ clkbuf_0_clk/X (sky130_fd_sc_hd__clkbuf_16)
                                         clknet_0_clk (net)
                  0.22    0.00    0.26 ^ clkbuf_2_3_0_clk/A (sky130_fd_sc_hd__clkbuf_16)
     8    0.18    0.19    0.30    0.56 ^ clkbuf_2_3_0_clk/X (sky130_fd_sc_hd__clkbuf_16)
                                         clknet_2_3_0_clk (net)
                  0.20    0.00    0.56 ^ clkbuf_5_26__f_clk/A (sky130_fd_sc_hd__clkbuf_16)
    10    0.16    0.17    0.28    0.84 ^ clkbuf_5_26__f_clk/X (sky130_fd_sc_hd__clkbuf_16)
                                         clknet_5_26__leaf_clk (net)
                  0.17    0.00    0.84 ^ clkbuf_leaf_164_clk/A (sky130_fd_sc_hd__clkbuf_16)
    10    0.04    0.06    0.18    1.02 ^ clkbuf_leaf_164_clk/X (sky130_fd_sc_hd__clkbuf_16)
                                         clknet_leaf_164_clk (net)
                  0.06    0.00    1.02 ^ hash.p2_cap[25]$_DFF_P_/CLK (sky130_fd_sc_hd__dfxtp_4)
     7    0.06    0.09    0.41    1.43 v hash.p2_cap[25]$_DFF_P_/Q (sky130_fd_sc_hd__dfxtp_4)
                                         hash.CA2.S1.X[25] (net)
                  0.09    0.01    1.44 v _14773_/B (sky130_fd_sc_hd__xnor2_4)
     1    0.01    0.06    0.15    1.59 v _14773_/Y (sky130_fd_sc_hd__xnor2_4)
                                         _04381_ (net)
                  0.06    0.00    1.59 v _14774_/A (sky130_fd_sc_hd__xnor2_2)
     1    0.02    0.27    0.27    1.85 ^ _14774_/Y (sky130_fd_sc_hd__xnor2_2)
                                         _13230_ (net)
                  0.27    0.00    1.86 ^ _27607_/A (sky130_fd_sc_hd__ha_2)
     3    0.01    0.08    0.25    2.11 ^ _27607_/COUT (sky130_fd_sc_hd__ha_2)
                                         _13231_ (net)
                  0.08    0.00    2.11 ^ _18753_/A (sky130_fd_sc_hd__inv_2)
     1    0.01    0.03    0.05    2.15 v _18753_/Y (sky130_fd_sc_hd__inv_2)
                                         _12083_ (net)
                  0.03    0.00    2.15 v _27310_/A (sky130_fd_sc_hd__fa_2)
     2    0.01    0.07    0.38    2.53 v _27310_/COUT (sky130_fd_sc_hd__fa_2)
                                         _12086_ (net)
                  0.07    0.00    2.53 v _14919_/A (sky130_fd_sc_hd__nor2b_2)
     1    0.01    0.10    0.14    2.67 ^ _14919_/Y (sky130_fd_sc_hd__nor2b_2)
                                         _04507_ (net)
                  0.10    0.00    2.67 ^ _14920_/A2 (sky130_fd_sc_hd__o21ai_2)
     2    0.01    0.06    0.07    2.74 v _14920_/Y (sky130_fd_sc_hd__o21ai_2)
                                         _04508_ (net)
                  0.06    0.00    2.74 v _14921_/A1 (sky130_fd_sc_hd__a21boi_2)
     2    0.01    0.11    0.14    2.88 ^ _14921_/Y (sky130_fd_sc_hd__a21boi_2)
                                         _04509_ (net)
                  0.11    0.00    2.88 ^ _14966_/A2 (sky130_fd_sc_hd__o21a_1)
     2    0.01    0.09    0.16    3.04 ^ _14966_/X (sky130_fd_sc_hd__o21a_1)
                                         _04546_ (net)
                  0.09    0.00    3.04 ^ _15011_/A2 (sky130_fd_sc_hd__o21ai_2)
     2    0.01    0.06    0.07    3.11 v _15011_/Y (sky130_fd_sc_hd__o21ai_2)
                                         _04583_ (net)
                  0.06    0.00    3.11 v _15054_/A1 (sky130_fd_sc_hd__a21boi_2)
     2    0.01    0.20    0.21    3.32 ^ _15054_/Y (sky130_fd_sc_hd__a21boi_2)
                                         _04618_ (net)
                  0.20    0.00    3.32 ^ _15079_/A2 (sky130_fd_sc_hd__o31ai_4)
     3    0.02    0.09    0.12    3.44 v _15079_/Y (sky130_fd_sc_hd__o31ai_4)
                                         _04635_ (net)
                  0.09    0.00    3.44 v _15106_/A2 (sky130_fd_sc_hd__o21ai_2)
     4    0.02    0.25    0.25    3.69 ^ _15106_/Y (sky130_fd_sc_hd__o21ai_2)
                                         _04654_ (net)
                  0.25    0.00    3.69 ^ _15170_/A2 (sky130_fd_sc_hd__a41oi_2)
     2    0.01    0.13    0.19    3.87 v _15170_/Y (sky130_fd_sc_hd__a41oi_2)
                                         _04694_ (net)
                  0.13    0.00    3.87 v _15194_/A2 (sky130_fd_sc_hd__a21oi_2)
     3    0.01    0.14    0.20    4.07 ^ _15194_/Y (sky130_fd_sc_hd__a21oi_2)
                                         _04710_ (net)
                  0.14    0.00    4.07 ^ rebuffer40/A (sky130_fd_sc_hd__buf_2)
     1    0.01    0.05    0.14    4.22 ^ rebuffer40/X (sky130_fd_sc_hd__buf_2)
                                         net1084 (net)
                  0.05    0.00    4.22 ^ _15246_/A2 (sky130_fd_sc_hd__a211o_4)
     3    0.03    0.10    0.17    4.39 ^ _15246_/X (sky130_fd_sc_hd__a211o_4)
                                         _04746_ (net)
                  0.10    0.00    4.39 ^ _15247_/A (sky130_fd_sc_hd__xor2_4)
     3    0.02    0.17    0.19    4.58 ^ _15247_/X (sky130_fd_sc_hd__xor2_4)
                                         _13414_ (net)
                  0.17    0.00    4.58 ^ _27700_/A (sky130_fd_sc_hd__ha_4)
     4    0.02    0.05    0.24    4.83 v _27700_/SUM (sky130_fd_sc_hd__ha_4)
                                         _13507_ (net)
                  0.05    0.00    4.83 v _18076_/A1 (sky130_fd_sc_hd__a21o_1)
     3    0.01    0.06    0.18    5.01 v _18076_/X (sky130_fd_sc_hd__a21o_1)
                                         _06691_ (net)
                  0.06    0.00    5.01 v _18077_/C (sky130_fd_sc_hd__or3_1)
     1    0.00    0.07    0.31    5.31 v _18077_/X (sky130_fd_sc_hd__or3_1)
                                         _06692_ (net)
                  0.07    0.00    5.31 v _18078_/C (sky130_fd_sc_hd__or3_4)
     2    0.01    0.07    0.34    5.66 v _18078_/X (sky130_fd_sc_hd__or3_4)
                                         _06693_ (net)
                  0.07    0.00    5.66 v _18098_/A2 (sky130_fd_sc_hd__a31o_1)
     1    0.01    0.06    0.24    5.90 v _18098_/X (sky130_fd_sc_hd__a31o_1)
                                         _06709_ (net)
                  0.06    0.00    5.90 v _18099_/A2 (sky130_fd_sc_hd__a21oi_2)
     2    0.01    0.17    0.20    6.09 ^ _18099_/Y (sky130_fd_sc_hd__a21oi_2)
                                         _06710_ (net)
                  0.17    0.00    6.09 ^ _18118_/A2 (sky130_fd_sc_hd__o21ai_2)
     1    0.01    0.07    0.09    6.19 v _18118_/Y (sky130_fd_sc_hd__o21ai_2)
                                         _06725_ (net)
                  0.07    0.00    6.19 v _18120_/A (sky130_fd_sc_hd__xnor2_2)
     2    0.01    0.10    0.17    6.35 v _18120_/Y (sky130_fd_sc_hd__xnor2_2)
                                         _06727_ (net)
                  0.10    0.00    6.35 v _18121_/A (sky130_fd_sc_hd__nor2_4)
     5    0.05    0.32    0.30    6.66 ^ _18121_/Y (sky130_fd_sc_hd__nor2_4)
                                         hash.CA1.S1.X[31] (net)
                  0.32    0.00    6.66 ^ _20014_/B (sky130_fd_sc_hd__xnor2_2)
     1    0.01    0.09    0.13    6.79 v _20014_/Y (sky130_fd_sc_hd__xnor2_2)
                                         _13905_ (net)
                  0.09    0.00    6.79 v _27838_/A (sky130_fd_sc_hd__ha_2)
     3    0.01    0.05    0.22    7.01 v _27838_/COUT (sky130_fd_sc_hd__ha_2)
                                         _13907_ (net)
                  0.05    0.00    7.01 v _18498_/C (sky130_fd_sc_hd__or3_1)
     1    0.00    0.08    0.32    7.33 v _18498_/X (sky130_fd_sc_hd__or3_1)
                                         _06951_ (net)
                  0.08    0.00    7.33 v _18499_/B1 (sky130_fd_sc_hd__a311oi_2)
     2    0.01    0.26    0.30    7.63 ^ _18499_/Y (sky130_fd_sc_hd__a311oi_2)
                                         _06952_ (net)
                  0.26    0.00    7.63 ^ _18500_/A (sky130_fd_sc_hd__or2_4)
     3    0.02    0.06    0.20    7.83 ^ _18500_/X (sky130_fd_sc_hd__or2_4)
                                         _06953_ (net)
                  0.06    0.00    7.83 ^ _18721_/A2 (sky130_fd_sc_hd__o21bai_1)
     1    0.01    0.07    0.07    7.91 v _18721_/Y (sky130_fd_sc_hd__o21bai_1)
                                         _07116_ (net)
                  0.07    0.00    7.91 v _18722_/A1 (sky130_fd_sc_hd__a21oi_2)
     2    0.02    0.22    0.23    8.13 ^ _18722_/Y (sky130_fd_sc_hd__a21oi_2)
                                         _07117_ (net)
                  0.22    0.00    8.13 ^ _18723_/B (sky130_fd_sc_hd__xnor2_2)
     1    0.01    0.09    0.11    8.24 v _18723_/Y (sky130_fd_sc_hd__xnor2_2)
                                         _12720_ (net)
                  0.09    0.00    8.24 v _27455_/A (sky130_fd_sc_hd__fa_1)
     1    0.01    0.11    0.59    8.83 ^ _27455_/SUM (sky130_fd_sc_hd__fa_1)
                                         _12722_ (net)
                  0.11    0.00    8.83 ^ _27919_/B (sky130_fd_sc_hd__ha_4)
     4    0.02    0.05    0.23    9.06 v _27919_/SUM (sky130_fd_sc_hd__ha_4)
                                         _14158_ (net)
                  0.05    0.00    9.06 v _23293_/A1 (sky130_fd_sc_hd__a21o_1)
     1    0.01    0.04    0.17    9.22 v _23293_/X (sky130_fd_sc_hd__a21o_1)
                                         _09340_ (net)
                  0.04    0.00    9.22 v _23294_/A2 (sky130_fd_sc_hd__a21o_4)
     3    0.02    0.05    0.24    9.46 v _23294_/X (sky130_fd_sc_hd__a21o_4)
                                         _09341_ (net)
                  0.05    0.00    9.46 v _23310_/B1 (sky130_fd_sc_hd__a21oi_2)
     1    0.01    0.11    0.11    9.57 ^ _23310_/Y (sky130_fd_sc_hd__a21oi_2)
                                         _09356_ (net)
                  0.11    0.00    9.57 ^ _23311_/B1 (sky130_fd_sc_hd__o21ai_2)
     2    0.02    0.11    0.11    9.68 v _23311_/Y (sky130_fd_sc_hd__o21ai_2)
                                         _09357_ (net)
                  0.11    0.00    9.68 v _23319_/C (sky130_fd_sc_hd__nor3_2)
     2    0.01    0.16    0.15    9.84 ^ _23319_/Y (sky130_fd_sc_hd__nor3_2)
                                         _09363_ (net)
                  0.16    0.00    9.84 ^ _23329_/A (sky130_fd_sc_hd__or3_4)
     2    0.02    0.07    0.18   10.02 ^ _23329_/X (sky130_fd_sc_hd__or3_4)
                                         _09371_ (net)
                  0.07    0.00   10.02 ^ _23344_/A1 (sky130_fd_sc_hd__a31oi_4)
     3    0.01    0.09    0.09   10.11 v _23344_/Y (sky130_fd_sc_hd__a31oi_4)
                                         _09384_ (net)
                  0.09    0.00   10.11 v _23354_/A4 (sky130_fd_sc_hd__a41o_4)
     3    0.02    0.06    0.32   10.43 v _23354_/X (sky130_fd_sc_hd__a41o_4)
                                         _09392_ (net)
                  0.06    0.00   10.43 v _23377_/A4 (sky130_fd_sc_hd__o41ai_4)
     2    0.01    0.30    0.26   10.69 ^ _23377_/Y (sky130_fd_sc_hd__o41ai_4)
                                         _09411_ (net)
                  0.30    0.00   10.69 ^ _23386_/A1 (sky130_fd_sc_hd__o22ai_2)
     2    0.01    0.09    0.15   10.84 v _23386_/Y (sky130_fd_sc_hd__o22ai_2)
                                         _09418_ (net)
                  0.09    0.00   10.84 v _23397_/A3 (sky130_fd_sc_hd__o41ai_2)
     2    0.01    0.36    0.38   11.22 ^ _23397_/Y (sky130_fd_sc_hd__o41ai_2)
                                         _09427_ (net)
                  0.36    0.00   11.22 ^ _23404_/A2 (sky130_fd_sc_hd__o21bai_1)
     1    0.00    0.07    0.10   11.32 v _23404_/Y (sky130_fd_sc_hd__o21bai_1)
                                         _09432_ (net)
                  0.07    0.00   11.32 v _23405_/A2 (sky130_fd_sc_hd__a21oi_1)
     1    0.01    0.15    0.18   11.50 ^ _23405_/Y (sky130_fd_sc_hd__a21oi_1)
                                         _09433_ (net)
                  0.15    0.00   11.50 ^ _23406_/B (sky130_fd_sc_hd__xnor2_1)
     1    0.00    0.11    0.13   11.63 ^ _23406_/Y (sky130_fd_sc_hd__xnor2_1)
                                         hash.CA1.p2[30] (net)
                  0.11    0.00   11.63 ^ hash.p2_cap[30]$_DFF_P_/D (sky130_fd_sc_hd__dfxtp_2)
                                 11.63   data arrival time

                         10.00   10.00   clock core_clock (rise edge)
                          0.00   10.00   clock source latency
     1    0.15    0.00    0.00   10.00 ^ clk (in)
                                         clk (net)
                  0.01    0.01   10.01 ^ clkbuf_0_clk/A (sky130_fd_sc_hd__clkbuf_16)
     4    0.21    0.22    0.25   10.26 ^ clkbuf_0_clk/X (sky130_fd_sc_hd__clkbuf_16)
                                         clknet_0_clk (net)
                  0.22    0.00   10.26 ^ clkbuf_2_3_0_clk/A (sky130_fd_sc_hd__clkbuf_16)
     8    0.18    0.19    0.30   10.56 ^ clkbuf_2_3_0_clk/X (sky130_fd_sc_hd__clkbuf_16)
                                         clknet_2_3_0_clk (net)
                  0.20    0.00   10.56 ^ clkbuf_5_27__f_clk/A (sky130_fd_sc_hd__clkbuf_16)
    10    0.15    0.16    0.27   10.84 ^ clkbuf_5_27__f_clk/X (sky130_fd_sc_hd__clkbuf_16)
                                         clknet_5_27__leaf_clk (net)
                  0.16    0.00   10.84 ^ clkbuf_leaf_154_clk/A (sky130_fd_sc_hd__clkbuf_16)
     8    0.04    0.06    0.19   11.02 ^ clkbuf_leaf_154_clk/X (sky130_fd_sc_hd__clkbuf_16)
                                         clknet_leaf_154_clk (net)
                  0.06    0.00   11.02 ^ hash.p2_cap[30]$_DFF_P_/CLK (sky130_fd_sc_hd__dfxtp_2)
                          0.00   11.02   clock reconvergence pessimism
                         -0.07   10.95   library setup time
                                 10.95   data required time
-----------------------------------------------------------------------------
                                 10.95   data required time
                                -11.63   data arrival time
-----------------------------------------------------------------------------
                                 -0.68   slack (VIOLATED)



==========================================================================
cts final report_check_types -max_slew -max_cap -max_fanout -violators
--------------------------------------------------------------------------
max slew

Pin                                    Limit    Slew   Slack
------------------------------------------------------------
count15_2[5]$_SDFF_PP0_/Q               1.50    1.50   -0.00 (VIOLATED)

max capacitance

Pin                                    Limit     Cap   Slack
------------------------------------------------------------
count15_2[5]$_SDFF_PP0_/Q               0.16    0.16   -0.00 (VIOLATED)


==========================================================================
cts final max_slew_check_slack
--------------------------------------------------------------------------
-0.0007235323428176343

==========================================================================
cts final max_slew_check_limit
--------------------------------------------------------------------------
1.4979510307312012

==========================================================================
cts final max_slew_check_slack_limit
--------------------------------------------------------------------------
-0.0005

==========================================================================
cts final max_fanout_check_slack
--------------------------------------------------------------------------
1.0000000150474662e+30

==========================================================================
cts final max_fanout_check_limit
--------------------------------------------------------------------------
1.0000000150474662e+30

==========================================================================
cts final max_capacitance_check_slack
--------------------------------------------------------------------------
-0.00074914307333529

==========================================================================
cts final max_capacitance_check_limit
--------------------------------------------------------------------------
0.1620579957962036

==========================================================================
cts final max_capacitance_check_slack_limit
--------------------------------------------------------------------------
-0.0046

==========================================================================
cts final max_slew_violation_count
--------------------------------------------------------------------------
max slew violation count 1

==========================================================================
cts final max_fanout_violation_count
--------------------------------------------------------------------------
max fanout violation count 0

==========================================================================
cts final max_cap_violation_count
--------------------------------------------------------------------------
max cap violation count 1

==========================================================================
cts final setup_violation_count
--------------------------------------------------------------------------
setup violation count 19

==========================================================================
cts final hold_violation_count
--------------------------------------------------------------------------
hold violation count 0

==========================================================================
cts final report_checks -path_delay max reg to reg
--------------------------------------------------------------------------
Startpoint: hash.p2_cap[25]$_DFF_P_
            (rising edge-triggered flip-flop clocked by core_clock)
Endpoint: hash.p2_cap[30]$_DFF_P_
          (rising edge-triggered flip-flop clocked by core_clock)
Path Group: core_clock
Path Type: max

  Delay    Time   Description
---------------------------------------------------------
   0.00    0.00   clock core_clock (rise edge)
   0.00    0.00   clock source latency
   0.00    0.00 ^ clk (in)
   0.26    0.26 ^ clkbuf_0_clk/X (sky130_fd_sc_hd__clkbuf_16)
   0.31    0.56 ^ clkbuf_2_3_0_clk/X (sky130_fd_sc_hd__clkbuf_16)
   0.28    0.84 ^ clkbuf_5_26__f_clk/X (sky130_fd_sc_hd__clkbuf_16)
   0.18    1.02 ^ clkbuf_leaf_164_clk/X (sky130_fd_sc_hd__clkbuf_16)
   0.00    1.02 ^ hash.p2_cap[25]$_DFF_P_/CLK (sky130_fd_sc_hd__dfxtp_4)
   0.41    1.43 v hash.p2_cap[25]$_DFF_P_/Q (sky130_fd_sc_hd__dfxtp_4)
   0.15    1.59 v _14773_/Y (sky130_fd_sc_hd__xnor2_4)
   0.27    1.85 ^ _14774_/Y (sky130_fd_sc_hd__xnor2_2)
   0.25    2.11 ^ _27607_/COUT (sky130_fd_sc_hd__ha_2)
   0.05    2.15 v _18753_/Y (sky130_fd_sc_hd__inv_2)
   0.38    2.53 v _27310_/COUT (sky130_fd_sc_hd__fa_2)
   0.14    2.67 ^ _14919_/Y (sky130_fd_sc_hd__nor2b_2)
   0.07    2.74 v _14920_/Y (sky130_fd_sc_hd__o21ai_2)
   0.14    2.88 ^ _14921_/Y (sky130_fd_sc_hd__a21boi_2)
   0.16    3.04 ^ _14966_/X (sky130_fd_sc_hd__o21a_1)
   0.07    3.11 v _15011_/Y (sky130_fd_sc_hd__o21ai_2)
   0.21    3.32 ^ _15054_/Y (sky130_fd_sc_hd__a21boi_2)
   0.12    3.44 v _15079_/Y (sky130_fd_sc_hd__o31ai_4)
   0.25    3.69 ^ _15106_/Y (sky130_fd_sc_hd__o21ai_2)
   0.19    3.87 v _15170_/Y (sky130_fd_sc_hd__a41oi_2)
   0.20    4.07 ^ _15194_/Y (sky130_fd_sc_hd__a21oi_2)
   0.14    4.22 ^ rebuffer40/X (sky130_fd_sc_hd__buf_2)
   0.17    4.39 ^ _15246_/X (sky130_fd_sc_hd__a211o_4)
   0.19    4.58 ^ _15247_/X (sky130_fd_sc_hd__xor2_4)
   0.24    4.83 v _27700_/SUM (sky130_fd_sc_hd__ha_4)
   0.18    5.01 v _18076_/X (sky130_fd_sc_hd__a21o_1)
   0.31    5.31 v _18077_/X (sky130_fd_sc_hd__or3_1)
   0.34    5.66 v _18078_/X (sky130_fd_sc_hd__or3_4)
   0.24    5.90 v _18098_/X (sky130_fd_sc_hd__a31o_1)
   0.20    6.09 ^ _18099_/Y (sky130_fd_sc_hd__a21oi_2)
   0.09    6.19 v _18118_/Y (sky130_fd_sc_hd__o21ai_2)
   0.17    6.35 v _18120_/Y (sky130_fd_sc_hd__xnor2_2)
   0.30    6.66 ^ _18121_/Y (sky130_fd_sc_hd__nor2_4)
   0.13    6.79 v _20014_/Y (sky130_fd_sc_hd__xnor2_2)
   0.22    7.01 v _27838_/COUT (sky130_fd_sc_hd__ha_2)
   0.32    7.33 v _18498_/X (sky130_fd_sc_hd__or3_1)
   0.30    7.63 ^ _18499_/Y (sky130_fd_sc_hd__a311oi_2)
   0.20    7.83 ^ _18500_/X (sky130_fd_sc_hd__or2_4)
   0.07    7.91 v _18721_/Y (sky130_fd_sc_hd__o21bai_1)
   0.23    8.13 ^ _18722_/Y (sky130_fd_sc_hd__a21oi_2)
   0.11    8.24 v _18723_/Y (sky130_fd_sc_hd__xnor2_2)
   0.59    8.83 ^ _27455_/SUM (sky130_fd_sc_hd__fa_1)
   0.23    9.06 v _27919_/SUM (sky130_fd_sc_hd__ha_4)
   0.17    9.22 v _23293_/X (sky130_fd_sc_hd__a21o_1)
   0.24    9.46 v _23294_/X (sky130_fd_sc_hd__a21o_4)
   0.11    9.57 ^ _23310_/Y (sky130_fd_sc_hd__a21oi_2)
   0.11    9.68 v _23311_/Y (sky130_fd_sc_hd__o21ai_2)
   0.15    9.84 ^ _23319_/Y (sky130_fd_sc_hd__nor3_2)
   0.18   10.02 ^ _23329_/X (sky130_fd_sc_hd__or3_4)
   0.09   10.11 v _23344_/Y (sky130_fd_sc_hd__a31oi_4)
   0.32   10.43 v _23354_/X (sky130_fd_sc_hd__a41o_4)
   0.26   10.69 ^ _23377_/Y (sky130_fd_sc_hd__o41ai_4)
   0.15   10.84 v _23386_/Y (sky130_fd_sc_hd__o22ai_2)
   0.38   11.22 ^ _23397_/Y (sky130_fd_sc_hd__o41ai_2)
   0.10   11.32 v _23404_/Y (sky130_fd_sc_hd__o21bai_1)
   0.18   11.50 ^ _23405_/Y (sky130_fd_sc_hd__a21oi_1)
   0.13   11.63 ^ _23406_/Y (sky130_fd_sc_hd__xnor2_1)
   0.00   11.63 ^ hash.p2_cap[30]$_DFF_P_/D (sky130_fd_sc_hd__dfxtp_2)
          11.63   data arrival time

  10.00   10.00   clock core_clock (rise edge)
   0.00   10.00   clock source latency
   0.00   10.00 ^ clk (in)
   0.26   10.26 ^ clkbuf_0_clk/X (sky130_fd_sc_hd__clkbuf_16)
   0.31   10.56 ^ clkbuf_2_3_0_clk/X (sky130_fd_sc_hd__clkbuf_16)
   0.27   10.84 ^ clkbuf_5_27__f_clk/X (sky130_fd_sc_hd__clkbuf_16)
   0.19   11.02 ^ clkbuf_leaf_154_clk/X (sky130_fd_sc_hd__clkbuf_16)
   0.00   11.02 ^ hash.p2_cap[30]$_DFF_P_/CLK (sky130_fd_sc_hd__dfxtp_2)
   0.00   11.02   clock reconvergence pessimism
  -0.07   10.95   library setup time
          10.95   data required time
---------------------------------------------------------
          10.95   data required time
         -11.63   data arrival time
---------------------------------------------------------
          -0.68   slack (VIOLATED)



==========================================================================
cts final report_checks -path_delay min reg to reg
--------------------------------------------------------------------------
Startpoint: count15_1[1]$_SDFF_PP0_
            (rising edge-triggered flip-flop clocked by core_clock)
Endpoint: count15_1[1]$_SDFF_PP0_
          (rising edge-triggered flip-flop clocked by core_clock)
Path Group: core_clock
Path Type: min

  Delay    Time   Description
---------------------------------------------------------
   0.00    0.00   clock core_clock (rise edge)
   0.00    0.00   clock source latency
   0.00    0.00 ^ clk (in)
   0.26    0.26 ^ clkbuf_0_clk/X (sky130_fd_sc_hd__clkbuf_16)
   0.31    0.57 ^ clkbuf_2_2_0_clk/X (sky130_fd_sc_hd__clkbuf_16)
   0.28    0.85 ^ clkbuf_5_16__f_clk/X (sky130_fd_sc_hd__clkbuf_16)
   0.18    1.03 ^ clkbuf_leaf_52_clk/X (sky130_fd_sc_hd__clkbuf_16)
   0.00    1.03 ^ count15_1[1]$_SDFF_PP0_/CLK (sky130_fd_sc_hd__dfxtp_1)
   0.34    1.37 v count15_1[1]$_SDFF_PP0_/Q (sky130_fd_sc_hd__dfxtp_1)
   0.09    1.47 ^ _20449_/Y (sky130_fd_sc_hd__nor2_1)
   0.00    1.47 ^ count15_1[1]$_SDFF_PP0_/D (sky130_fd_sc_hd__dfxtp_1)
           1.47   data arrival time

   0.00    0.00   clock core_clock (rise edge)
   0.00    0.00   clock source latency
   0.00    0.00 ^ clk (in)
   0.26    0.26 ^ clkbuf_0_clk/X (sky130_fd_sc_hd__clkbuf_16)
   0.31    0.57 ^ clkbuf_2_2_0_clk/X (sky130_fd_sc_hd__clkbuf_16)
   0.28    0.85 ^ clkbuf_5_16__f_clk/X (sky130_fd_sc_hd__clkbuf_16)
   0.18    1.03 ^ clkbuf_leaf_52_clk/X (sky130_fd_sc_hd__clkbuf_16)
   0.00    1.03 ^ count15_1[1]$_SDFF_PP0_/CLK (sky130_fd_sc_hd__dfxtp_1)
   0.00    1.03   clock reconvergence pessimism
  -0.04    1.00   library hold time
           1.00   data required time
---------------------------------------------------------
           1.00   data required time
          -1.47   data arrival time
---------------------------------------------------------
           0.47   slack (MET)



==========================================================================
cts final critical path target clock latency max path
--------------------------------------------------------------------------
0.9860

==========================================================================
cts final critical path target clock latency min path
--------------------------------------------------------------------------
1.0487

==========================================================================
cts final critical path source clock latency min path
--------------------------------------------------------------------------
0.0000

==========================================================================
cts final critical path delay
--------------------------------------------------------------------------
11.6260

==========================================================================
cts final critical path slack
--------------------------------------------------------------------------
-0.6751

==========================================================================
cts final slack div critical path delay
--------------------------------------------------------------------------
-5.806812

==========================================================================
cts final report_power
--------------------------------------------------------------------------
Group                  Internal  Switching    Leakage      Total
                          Power      Power      Power      Power (Watts)
----------------------------------------------------------------
Sequential             2.00e-02   3.10e-03   2.77e-08   2.31e-02   5.2%
Combinational          1.75e-01   2.31e-01   5.39e-08   4.06e-01  91.9%
Clock                  7.36e-03   5.35e-03   5.35e-09   1.27e-02   2.9%
Macro                  0.00e+00   0.00e+00   0.00e+00   0.00e+00   0.0%
Pad                    0.00e+00   0.00e+00   0.00e+00   0.00e+00   0.0%
----------------------------------------------------------------
Total                  2.02e-01   2.40e-01   8.70e-08   4.42e-01 100.0%
                          45.7%      54.3%       0.0%
