violation type: Horizontal congestion
	srcs: net:_00119_ net:_00152_ net:net416 net:net406 net:net282 net:_05793_ net:clknet_leaf_78_clk net:net202 net:message[154] net:message[410] net:w\[4\]\[30\] net:w\[8\]\[30\]
	comment: capacity:10 usage:12 overflow:2
	bbox = (89.7000, 579.6000) - (96.6000, 586.5000) on Layer -
violation type: Horizontal congestion
	srcs: net:_00118_ net:_02576_ net:net503 net:_03122_ net:_03125_ net:_03126_ net:_03946_ net:_05678_ net:_05834_ net:_08965_ net:net654 net:message[209] net:w\[24\]\[2\]
	comment: capacity:12 usage:13 overflow:1
	bbox = (200.1000, 572.7000) - (207.0000, 579.6000) on Layer -
violation type: Horizontal congestion
	srcs: net:_00096_ net:net465 net:net454 net:net405 net:_05678_ net:_05712_ net:_07860_ net:w\[24\]\[27\] net:w\[26\]\[27\] net:w\[28\]\[27\]
	comment: capacity:9 usage:10 overflow:1
	bbox = (227.7000, 579.6000) - (234.6000, 586.5000) on Layer -
violation type: Horizontal congestion
	srcs: net:_00117_ net:_00119_ net:_00160_ net:_00480_ net:net462 net:net445 net:_08981_ net:message[118] net:message[182] net:message[340] net:message[8] net:w\[0\]\[9\] net:w\[2\]\[9\] net:w\[30\]\[9\] net:w\[4\]\[9\]
	comment: capacity:13 usage:15 overflow:2
	bbox = (358.8000, 579.6000) - (365.7000, 586.5000) on Layer -
violation type: Horizontal congestion
	srcs: net:_00147_ net:net441 net:net413 net:net358 net:net354 net:_04276_ net:_05518_ net:_05551_ net:_05834_ net:net567 net:w\[0\]\[26\] net:w\[4\]\[26\]
	comment: capacity:11 usage:12 overflow:1
	bbox = (503.7000, 579.6000) - (510.6000, 586.5000) on Layer -
violation type: Horizontal congestion
	srcs: net:_00121_ net:_03524_ net:_05020_ net:_08948_ net:net724 net:_11339_ net:clknet_leaf_145_clk net:message[343] net:w\[0\]\[26\] net:w\[2\]\[26\] net:w\[4\]\[26\] net:w\[6\]\[26\]
	comment: capacity:11 usage:12 overflow:1
	bbox = (496.8000, 572.7000) - (503.7000, 579.6000) on Layer -
violation type: Horizontal congestion
	srcs: net:_00117_ net:net465 net:clknet_leaf_79_clk net:_07878_ net:_07879_ net:_11444_ net:message[129] net:message[1] net:message[257] net:w\[24\]\[29\] net:w\[28\]\[29\] net:w\[30\]\[29\] net:w\[8\]\[29\]
	comment: capacity:12 usage:13 overflow:1
	bbox = (131.1000, 579.6000) - (138.0000, 586.5000) on Layer -
violation type: Horizontal congestion
	srcs: net:_01354_ net:net405 net:net403 net:_04317_ net:_04319_ net:_04790_ net:clknet_5_27__leaf_clk net:_05869_ net:clknet_leaf_131_clk net:_08973_ net:net637 net:net249 net:_11406_ net:message[259] net:message[86] net:w\[6\]\[28\]
	comment: capacity:14 usage:16 overflow:2
	bbox = (407.1000, 579.6000) - (414.0000, 586.5000) on Layer -
violation type: Horizontal congestion
	srcs: net:_00119_ net:_00126_ net:net448 net:net342 net:net282 net:net751 net:net584 net:_10392_ net:_10396_ net:net136
	comment: capacity:9 usage:10 overflow:1
	bbox = (200.1000, 565.8000) - (207.0000, 572.7000) on Layer -
violation type: Horizontal congestion
	srcs: net:_00127_ net:net466 net:net456 net:net417 net:net359 net:_04834_ net:_05912_ net:_08981_ net:net749 net:w\[0\]\[6\] net:w\[26\]\[6\] net:w\[30\]\[6\] net:w\[6\]\[6\]
	comment: capacity:12 usage:13 overflow:1
	bbox = (48.3000, 579.6000) - (55.2000, 586.5000) on Layer -
violation type: Horizontal congestion
	srcs: net:_00117_ net:_01956_ net:_02020_ net:net487 net:net406 net:_03188_ net:_04817_ net:_07598_ net:net62 net:message[282]
	comment: capacity:9 usage:10 overflow:1
	bbox = (62.1000, 558.9000) - (69.0000, 565.8000) on Layer -
violation type: Horizontal congestion
	srcs: net:net455 net:net448 net:net406 net:net342 net:net282 net:_05060_ net:_05715_ net:net247 net:net112 net:w\[24\]\[30\] net:w\[28\]\[30\] net:w\[4\]\[30\] net:w\[6\]\[30\]
	comment: capacity:12 usage:13 overflow:1
	bbox = (103.5000, 579.6000) - (110.4000, 586.5000) on Layer -
violation type: Horizontal congestion
	srcs: net:_00127_ net:_01446_ net:_02640_ net:net503 net:net359 net:_03184_ net:_03415_ net:_05912_ net:_07617_ net:net593 net:w\[10\]\[30\] net:w\[24\]\[6\] net:w\[26\]\[6\] net:w\[28\]\[6\] net:w\[30\]\[6\]
	comment: capacity:14 usage:15 overflow:1
	bbox = (62.1000, 579.6000) - (69.0000, 586.5000) on Layer -
violation type: Horizontal congestion
	srcs: net:net457 net:net407 net:net358 net:net348 net:_03637_ net:_05756_ net:_05791_ net:_05869_ net:clknet_leaf_131_clk net:net637 net:message[323] net:w\[26\]\[28\] net:w\[28\]\[28\] net:w\[30\]\[28\]
	comment: capacity:13 usage:14 overflow:1
	bbox = (386.4000, 579.6000) - (393.3000, 586.5000) on Layer -
violation type: Horizontal congestion
	srcs: net:_00105_ net:net416 net:net411 net:net360 net:_05518_ net:_05912_ net:net195 net:w\[0\]\[2\] net:w\[2\]\[2\] net:w\[4\]\[2\] net:w\[6\]\[2\]
	comment: capacity:10 usage:11 overflow:1
	bbox = (200.1000, 558.9000) - (207.0000, 565.8000) on Layer -
violation type: Horizontal congestion
	srcs: net:_03635_ net:_04317_ net:clknet_5_27__leaf_clk net:_05869_ net:clknet_leaf_131_clk net:net637 net:net249 net:_11409_ net:message[150] net:message[259] net:message[323] net:message[404] net:message[86] net:w\[24\]\[28\] net:w\[28\]\[28\] net:w\[30\]\[28\] net:w\[4\]\[28\] net:w\[6\]\[28\]
	comment: capacity:17 usage:18 overflow:1
	bbox = (400.2000, 579.6000) - (407.1000, 586.5000) on Layer -
violation type: Horizontal congestion
	srcs: net:_00105_ net:_00117_ net:_00160_ net:net462 net:_08965_ net:_08981_ net:net747 net:message[118] net:message[182] net:message[200] net:message[404] net:message[8] net:w\[24\]\[9\] net:w\[2\]\[9\] net:w\[30\]\[9\]
	comment: capacity:14 usage:15 overflow:1
	bbox = (351.9000, 579.6000) - (358.8000, 586.5000) on Layer -
violation type: Horizontal congestion
	srcs: net:_00120_ net:net487 net:net465 net:net448 net:clknet_leaf_77_clk net:net563 net:net202 net:message[219] net:message[26] net:message[91]
	comment: capacity:9 usage:10 overflow:1
	bbox = (75.9000, 572.7000) - (82.8000, 579.6000) on Layer -
violation type: Horizontal congestion
	srcs: net:_00115_ net:net413 net:net405 net:net403 net:_04316_ net:clknet_5_27__leaf_clk net:clknet_leaf_132_clk net:net565 net:net177 net:w\[4\]\[28\] net:w\[6\]\[28\]
	comment: capacity:10 usage:11 overflow:1
	bbox = (420.9000, 579.6000) - (427.8000, 586.5000) on Layer -
violation type: Horizontal congestion
	srcs: net:_00121_ net:_05600_ net:clknet_leaf_131_clk net:_08940_ net:_08948_ net:net36 net:w\[16\]\[28\] net:w\[2\]\[28\] net:w\[6\]\[28\]
	comment: capacity:8 usage:9 overflow:1
	bbox = (393.3000, 565.8000) - (400.2000, 572.7000) on Layer -
violation type: Horizontal congestion
	srcs: net:_00120_ net:net492 net:net342 net:clknet_5_14__leaf_clk net:clknet_leaf_89_clk net:w\[18\]\[29\] net:w\[22\]\[29\] net:w\[8\]\[29\]
	comment: capacity:7 usage:8 overflow:1
	bbox = (158.7000, 565.8000) - (165.6000, 572.7000) on Layer -
violation type: Vertical congestion
	srcs: net:_00117_ net:_00126_ net:_00183_ net:_01440_ net:_03124_ net:clknet_leaf_90_clk net:net738 net:net665 net:net654 net:net512 net:_10396_ net:net51 net:message[145] net:message[194] net:message[337] net:message[465] net:w\[12\]\[2\] net:w\[8\]\[29\]
	comment: capacity:16 usage:18 overflow:2
	bbox = (179.4000, 579.6000) - (186.3000, 586.5000) on Layer -
violation type: Vertical congestion
	srcs: net:_00118_ net:_00144_ net:net416 net:_04786_ net:_04860_ net:_04990_ net:_07817_ net:_08965_ net:_10694_ net:_10696_ net:net115 net:message[264]
	comment: capacity:11 usage:12 overflow:1
	bbox = (338.1000, 572.7000) - (345.0000, 579.6000) on Layer -
violation type: Vertical congestion
	srcs: net:_00117_ net:_00118_ net:net465 net:net448 net:net437 net:net360 net:net359 net:_07891_ net:_08973_ net:message[1] net:message[344] net:w\[10\]\[29\]
	comment: capacity:11 usage:12 overflow:1
	bbox = (131.1000, 572.7000) - (138.0000, 579.6000) on Layer -
violation type: Vertical congestion
	srcs: net:_00119_ net:_02678_ net:_02679_ net:net462 net:net457 net:net405 net:net403 net:_08965_ net:net728 net:net113 net:message[200] net:message[340] net:message[404] net:w\[26\]\[9\] net:w\[28\]\[9\] net:w\[2\]\[9\] net:w\[4\]\[9\] net:w\[6\]\[9\]
	comment: capacity:16 usage:18 overflow:2
	bbox = (358.8000, 579.6000) - (365.7000, 586.5000) on Layer -
violation type: Vertical congestion
	srcs: net:_00160_ net:_02681_ net:_03113_ net:_04786_ net:net694 net:net235 net:net145 net:net92 net:message[182] net:message[8] net:w\[0\]\[9\] net:w\[24\]\[9\]
	comment: capacity:11 usage:12 overflow:1
	bbox = (365.7000, 579.6000) - (372.6000, 586.5000) on Layer -
violation type: Vertical congestion
	srcs: net:_00119_ net:_00126_ net:net493 net:net452 net:net297 net:net294 net:_05756_ net:clknet_leaf_91_clk net:net512 net:_10396_ net:net51 net:w\[8\]\[29\]
	comment: capacity:11 usage:12 overflow:1
	bbox = (186.3000, 565.8000) - (193.2000, 572.7000) on Layer -
violation type: Vertical congestion
	srcs: net:_00096_ net:net365 net:net360 net:net342 net:net282 net:_05044_ net:_05678_ net:_05714_ net:_05756_ net:_05761_ net:_11445_ net:message[66] net:message[82]
	comment: capacity:11 usage:13 overflow:2
	bbox = (172.5000, 579.6000) - (179.4000, 586.5000) on Layer -
violation type: Vertical congestion
	srcs: net:_02576_ net:net487 net:net437 net:net411 net:net282 net:_07568_ net:_08965_ net:net584 net:w\[16\]\[2\] net:w\[20\]\[2\] net:w\[4\]\[2\] net:w\[6\]\[2\]
	comment: capacity:11 usage:12 overflow:1
	bbox = (200.1000, 565.8000) - (207.0000, 572.7000) on Layer -
violation type: Vertical congestion
	srcs: net:_00116_ net:_00124_ net:_00408_ net:_01249_ net:net416 net:net406 net:net365 net:net359 net:net352 net:net282 net:clknet_leaf_77_clk net:net563 net:net33
	comment: capacity:12 usage:13 overflow:1
	bbox = (89.7000, 565.8000) - (96.6000, 572.7000) on Layer -
violation type: Vertical congestion
	srcs: net:_00096_ net:_00289_ net:_00577_ net:net441 net:net363 net:net358 net:_04790_ net:_05756_ net:_05759_ net:clknet_leaf_143_clk net:net526 net:w\[10\]\[0\] net:w\[12\]\[0\] net:w\[14\]\[0\] net:w\[2\]\[0\] net:w\[6\]\[0\]
	comment: capacity:15 usage:16 overflow:1
	bbox = (455.4000, 579.6000) - (462.3000, 586.5000) on Layer -
violation type: Vertical congestion
	srcs: net:net365 net:net360 net:net342 net:_03699_ net:net282 net:clknet_5_14__leaf_clk net:net739 net:net510 net:net124 net:_11445_ net:w\[16\]\[29\] net:w\[4\]\[29\]
	comment: capacity:11 usage:12 overflow:1
	bbox = (172.5000, 572.7000) - (179.4000, 579.6000) on Layer -
violation type: Vertical congestion
	srcs: net:_00118_ net:_00124_ net:net465 net:net454 net:net416 net:net360 net:net354 net:net342 net:_03127_ net:net282 net:_05912_ net:clknet_leaf_91_clk net:_08965_ net:_08981_ net:net195 net:w\[18\]\[2\] net:w\[22\]\[2\]
	comment: capacity:16 usage:17 overflow:1
	bbox = (193.2000, 565.8000) - (200.1000, 572.7000) on Layer -
violation type: Vertical congestion
	srcs: net:_00117_ net:net465 net:net455 net:net342 net:_05678_ net:_08981_ net:_08989_ net:net720 net:net634 net:net200 net:net178 net:net104 net:net60 net:message[26] net:w\[0\]\[30\] net:w\[4\]\[30\] net:w\[6\]\[30\]
	comment: capacity:15 usage:17 overflow:2
	bbox = (110.4000, 572.7000) - (117.3000, 579.6000) on Layer -
violation type: Vertical congestion
	srcs: net:_00115_ net:_00118_ net:_01446_ net:_02640_ net:net442 net:_04834_ net:clknet_leaf_75_clk net:_08981_ net:_08989_ net:net590 net:message[282] net:message[91] net:w\[28\]\[6\]
	comment: capacity:12 usage:13 overflow:1
	bbox = (55.2000, 579.6000) - (62.1000, 586.5000) on Layer -
violation type: Vertical congestion
	srcs: net:_00097_ net:_00115_ net:_00534_ net:net499 net:net455 net:net416 net:net406 net:net365 net:_04337_ net:_05912_ net:_07881_ net:_08989_ net:net745 net:net511 net:_10768_ net:_11442_ net:w\[8\]\[29\]
	comment: capacity:16 usage:17 overflow:1
	bbox = (138.0000, 572.7000) - (144.9000, 579.6000) on Layer -
violation type: Vertical congestion
	srcs: net:_00119_ net:_02637_ net:_02638_ net:_02641_ net:net493 net:net488 net:net487 net:net465 net:net455 net:net342 net:_03416_ net:_08965_ net:net592 net:net563 net:message[219]
	comment: capacity:14 usage:15 overflow:1
	bbox = (75.9000, 572.7000) - (82.8000, 579.6000) on Layer -
violation type: Vertical congestion
	srcs: net:net445 net:net435 net:net413 net:net363 net:clknet_leaf_131_clk net:_07867_ net:_07871_ net:_11408_ net:message[404] net:w\[0\]\[28\] net:w\[4\]\[28\] net:w\[6\]\[28\]
	comment: capacity:11 usage:12 overflow:1
	bbox = (407.1000, 572.7000) - (414.0000, 579.6000) on Layer -
violation type: Vertical congestion
	srcs: net:_00115_ net:_00117_ net:net416 net:net406 net:net365 net:_04337_ net:_05044_ net:clknet_leaf_79_clk net:_08989_ net:net745 net:net511 net:_10768_ net:_11442_ net:message[129] net:message[1] net:message[338] net:message[88]
	comment: capacity:16 usage:17 overflow:1
	bbox = (138.0000, 579.6000) - (144.9000, 586.5000) on Layer -
violation type: Vertical congestion
	srcs: net:net416 net:net406 net:net365 net:net359 net:net282 net:_05756_ net:net634 net:net202 net:net61 net:net33 net:message[155] net:message[219] net:message[91]
	comment: capacity:12 usage:13 overflow:1
	bbox = (89.7000, 572.7000) - (96.6000, 579.6000) on Layer -
violation type: Vertical congestion
	srcs: net:_00096_ net:_00118_ net:_00124_ net:net465 net:net454 net:net342 net:net282 net:_03947_ net:_03949_ net:_04801_ net:_05912_ net:clknet_leaf_91_clk net:_08981_ net:net195 net:message[349] net:w\[18\]\[2\] net:w\[24\]\[2\]
	comment: capacity:16 usage:17 overflow:1
	bbox = (193.2000, 572.7000) - (200.1000, 579.6000) on Layer -
violation type: Vertical congestion
	srcs: net:_00127_ net:_00147_ net:_00243_ net:net445 net:_05711_ net:clknet_leaf_144_clk net:net588 net:net138 net:net66 net:clknet_leaf_145_clk net:message[223] net:message[343] net:w\[14\]\[26\]
	comment: capacity:12 usage:13 overflow:1
	bbox = (496.8000, 579.6000) - (503.7000, 586.5000) on Layer -
violation type: Vertical congestion
	srcs: net:_00096_ net:_01313_ net:_04360_ net:_05060_ net:clknet_5_11__leaf_clk net:_05678_ net:_05715_ net:_08965_ net:net204 net:net202 net:net132 net:message[155] net:message[282] net:message[347] net:message[410]
	comment: capacity:14 usage:15 overflow:1
	bbox = (96.6000, 579.6000) - (103.5000, 586.5000) on Layer -
violation type: Vertical congestion
	srcs: net:_00118_ net:net360 net:net359 net:message[193] net:message[344] net:w\[10\]\[29\] net:w\[12\]\[29\] net:w\[14\]\[29\] net:w\[24\]\[29\] net:w\[26\]\[29\] net:w\[26\]\[30\] net:w\[8\]\[29\]
	comment: capacity:11 usage:12 overflow:1
	bbox = (131.1000, 579.6000) - (138.0000, 586.5000) on Layer -
violation type: Vertical congestion
	srcs: net:_00115_ net:_01377_ net:_03748_ net:clknet_leaf_79_clk net:net634 net:net112 net:_11468_ net:message[1] net:w\[24\]\[30\] net:w\[26\]\[30\] net:w\[28\]\[30\] net:w\[30\]\[30\]
	comment: capacity:11 usage:12 overflow:1
	bbox = (117.3000, 579.6000) - (124.2000, 586.5000) on Layer -
violation type: Vertical congestion
	srcs: net:net452 net:net451 net:net413 net:net363 net:net285 net:_05035_ net:_05678_ net:_05713_ net:_05756_ net:clknet_leaf_131_clk net:message[214] net:message[3]
	comment: capacity:11 usage:12 overflow:1
	bbox = (393.3000, 572.7000) - (400.2000, 579.6000) on Layer -
violation type: Vertical congestion
	srcs: net:net462 net:net445 net:net413 net:net358 net:net348 net:_03322_ net:net285 net:_10693_ net:_11197_ net:_11201_ net:w\[4\]\[23\] net:w\[6\]\[23\]
	comment: capacity:11 usage:12 overflow:1
	bbox = (324.3000, 558.9000) - (331.2000, 565.8000) on Layer -
violation type: Vertical congestion
	srcs: net:_00117_ net:net465 net:net455 net:net416 net:net406 net:_05060_ net:_07890_ net:_08981_ net:_08989_ net:net720 net:net178 net:net104 net:net60 net:message[193] net:message[26] net:message[27]
	comment: capacity:15 usage:16 overflow:1
	bbox = (110.4000, 579.6000) - (117.3000, 586.5000) on Layer -
violation type: Vertical congestion
	srcs: net:net363 net:net358 net:net348 net:_03636_ net:net285 net:message[150] net:message[214] net:message[3] net:message[86] net:w\[24\]\[28\] net:w\[26\]\[28\] net:w\[28\]\[28\] net:w\[30\]\[28\]
	comment: capacity:11 usage:13 overflow:2
	bbox = (393.3000, 579.6000) - (400.2000, 586.5000) on Layer -
violation type: Vertical congestion
	srcs: net:_00097_ net:net499 net:net442 net:net416 net:net406 net:net359 net:_05912_ net:_05922_ net:_07881_ net:_08989_ net:net745 net:net511 net:w\[10\]\[7\] net:w\[12\]\[7\] net:w\[14\]\[7\] net:w\[8\]\[29\] net:w\[8\]\[7\]
	comment: capacity:16 usage:17 overflow:1
	bbox = (138.0000, 565.8000) - (144.9000, 572.7000) on Layer -
violation type: Vertical congestion
	srcs: net:_00116_ net:_00406_ net:net448 net:_02859_ net:net365 net:net354 net:_05435_ net:_05600_ net:_05756_ net:_08956_ net:net653 net:net130
	comment: capacity:11 usage:12 overflow:1
	bbox = (144.9000, 565.8000) - (151.8000, 572.7000) on Layer -
violation type: Vertical congestion
	srcs: net:net492 net:net455 net:net298 net:_08965_ net:net746 net:net590 net:net518 net:net131 net:_11469_ net:w\[16\]\[30\] net:w\[18\]\[30\] net:w\[20\]\[30\] net:w\[22\]\[30\]
	comment: capacity:12 usage:13 overflow:1
	bbox = (103.5000, 565.8000) - (110.4000, 572.7000) on Layer -
violation type: Vertical congestion
	srcs: net:_00105_ net:_00124_ net:_00126_ net:net359 net:_03700_ net:_05044_ net:clknet_5_14__leaf_clk net:_05518_ net:clknet_leaf_89_clk net:net721 net:net652 net:net105 net:net59 net:net52 net:message[465] net:w\[12\]\[29\] net:w\[14\]\[29\]
	comment: capacity:16 usage:17 overflow:1
	bbox = (151.8000, 572.7000) - (158.7000, 579.6000) on Layer -
violation type: Vertical congestion
	srcs: net:_00115_ net:_00125_ net:net457 net:net445 net:net441 net:net407 net:net358 net:net348 net:_05035_ net:_05834_ net:_07653_ net:_08989_ net:net658 net:net587 net:net514 net:net196 net:net36
	comment: capacity:16 usage:17 overflow:1
	bbox = (386.4000, 572.7000) - (393.3000, 579.6000) on Layer -
violation type: Vertical congestion
	srcs: net:_00115_ net:_00121_ net:_00125_ net:net457 net:net413 net:net348 net:clknet_5_27__leaf_clk net:_05834_ net:_08948_ net:_08989_ net:net658 net:net587 net:net514 net:net196 net:net36 net:w\[18\]\[28\] net:w\[22\]\[28\]
	comment: capacity:16 usage:17 overflow:1
	bbox = (386.4000, 565.8000) - (393.3000, 572.7000) on Layer -
violation type: Vertical congestion
	srcs: net:_00096_ net:_00105_ net:net493 net:net406 net:_04786_ net:_05060_ net:_05435_ net:_05472_ net:_05756_ net:_08866_ net:net521 net:net204 net:net132 net:net62 net:w\[6\]\[30\]
	comment: capacity:14 usage:15 overflow:1
	bbox = (96.6000, 558.9000) - (103.5000, 565.8000) on Layer -
violation type: Vertical congestion
	srcs: net:_05000_ net:clknet_leaf_148_clk net:_08965_ net:net567 net:net251 net:net180 net:net38 net:message[261] net:message[343] net:w\[18\]\[26\] net:w\[20\]\[26\] net:w\[22\]\[26\]
	comment: capacity:11 usage:12 overflow:1
	bbox = (524.4000, 579.6000) - (531.3000, 586.5000) on Layer -
violation type: Vertical congestion
	srcs: net:_00096_ net:net493 net:_04786_ net:_05060_ net:clknet_5_11__leaf_clk net:_05600_ net:_05637_ net:_05756_ net:net521 net:net204 net:net132 net:net62 net:_11467_ net:message[282] net:w\[2\]\[30\]
	comment: capacity:14 usage:15 overflow:1
	bbox = (96.6000, 565.8000) - (103.5000, 572.7000) on Layer -
violation type: Vertical congestion
	srcs: net:_00125_ net:_01502_ net:net462 net:net457 net:net445 net:net441 net:_05035_ net:_05834_ net:_05869_ net:clknet_leaf_131_clk net:_08989_ net:net658 net:net637 net:net587 net:net514 net:net196 net:message[323]
	comment: capacity:16 usage:17 overflow:1
	bbox = (386.4000, 579.6000) - (393.3000, 586.5000) on Layer -
violation type: Vertical congestion
	srcs: net:net21 net:net435 net:net403 net:_05912_ net:_07654_ net:_07658_ net:_08866_ net:net516 net:_10497_ net:net145 net:clknet_leaf_130_clk net:message[195]
	comment: capacity:11 usage:12 overflow:1
	bbox = (379.5000, 565.8000) - (386.4000, 572.7000) on Layer -
violation type: Vertical congestion
	srcs: net:_00105_ net:_00118_ net:_00144_ net:_04786_ net:_05518_ net:_07817_ net:_08965_ net:_08973_ net:_10694_ net:_10696_ net:net115 net:w\[0\]\[23\]
	comment: capacity:11 usage:12 overflow:1
	bbox = (338.1000, 565.8000) - (345.0000, 572.7000) on Layer -
violation type: Vertical congestion
	srcs: net:_00117_ net:_00118_ net:_00119_ net:net407 net:net354 net:_04318_ net:_04790_ net:_05678_ net:_05713_ net:_05834_ net:clknet_leaf_131_clk net:_08981_ net:_08989_ net:net722 net:net57 net:_11410_ net:w\[4\]\[28\]
	comment: capacity:16 usage:17 overflow:1
	bbox = (414.0000, 572.7000) - (420.9000, 579.6000) on Layer -
violation type: Vertical congestion
	srcs: net:_00119_ net:_02638_ net:_02641_ net:net500 net:net493 net:net488 net:net487 net:net455 net:net417 net:net342 net:_07618_ net:_08965_ net:w\[40\]\[4\] net:w\[44\]\[4\] net:w\[46\]\[4\]
	comment: capacity:14 usage:15 overflow:1
	bbox = (75.9000, 565.8000) - (82.8000, 572.7000) on Layer -
violation type: Vertical congestion
	srcs: net:_02637_ net:net417 net:net406 net:net366 net:net359 net:_05834_ net:_08973_ net:net203 net:w\[0\]\[6\] net:w\[12\]\[6\] net:w\[24\]\[6\] net:w\[26\]\[6\] net:w\[2\]\[6\] net:w\[30\]\[6\] net:w\[4\]\[6\] net:w\[6\]\[6\]
	comment: capacity:15 usage:16 overflow:1
	bbox = (48.3000, 579.6000) - (55.2000, 586.5000) on Layer -
