
==========================================================================
floorplan final report_tns
--------------------------------------------------------------------------
tns -14823.58

==========================================================================
floorplan final report_wns
--------------------------------------------------------------------------
wns -10.30

==========================================================================
floorplan final report_worst_slack
--------------------------------------------------------------------------
worst slack -10.30

==========================================================================
floorplan final report_checks -path_delay min
--------------------------------------------------------------------------
Startpoint: ready_dash$_SDFF_PP0_
            (rising edge-triggered flip-flop clocked by core_clock)
Endpoint: ready$_DFF_P_ (rising edge-triggered flip-flop clocked by core_clock)
Path Group: core_clock
Path Type: min

Fanout     Cap    Slew   Delay    Time   Description
-----------------------------------------------------------------------------
                  0.00    0.00    0.00   clock core_clock (rise edge)
                          0.00    0.00   clock network delay (ideal)
                  0.00    0.00    0.00 ^ ready_dash$_SDFF_PP0_/CLK (sky130_fd_sc_hd__dfxtp_1)
     1    0.00    0.03    0.27    0.27 ^ ready_dash$_SDFF_PP0_/Q (sky130_fd_sc_hd__dfxtp_1)
                                         ready_dash (net)
                  0.03    0.00    0.27 ^ ready$_DFF_P_/D (sky130_fd_sc_hd__dfxtp_1)
                                  0.27   data arrival time

                  0.00    0.00    0.00   clock core_clock (rise edge)
                          0.00    0.00   clock network delay (ideal)
                          0.00    0.00   clock reconvergence pessimism
                                  0.00 ^ ready$_DFF_P_/CLK (sky130_fd_sc_hd__dfxtp_1)
                         -0.03   -0.03   library hold time
                                 -0.03   data required time
-----------------------------------------------------------------------------
                                 -0.03   data required time
                                 -0.27   data arrival time
-----------------------------------------------------------------------------
                                  0.31   slack (MET)



==========================================================================
floorplan final report_checks -path_delay max
--------------------------------------------------------------------------
Startpoint: count_hash1[1]$_SDFFE_PP0N_
            (rising edge-triggered flip-flop clocked by core_clock)
Endpoint: k_value1[18]$_SDFF_PP0_
          (rising edge-triggered flip-flop clocked by core_clock)
Path Group: core_clock
Path Type: max

Fanout     Cap    Slew   Delay    Time   Description
-----------------------------------------------------------------------------
                  0.00    0.00    0.00   clock core_clock (rise edge)
                          0.00    0.00   clock network delay (ideal)
                  0.00    0.00    0.00 ^ count_hash1[1]$_SDFFE_PP0N_/CLK (sky130_fd_sc_hd__dfxtp_1)
   262    1.49   13.71    9.88    9.88 ^ count_hash1[1]$_SDFFE_PP0N_/Q (sky130_fd_sc_hd__dfxtp_1)
                                         count_hash1[1] (net)
                 13.71    0.00    9.88 ^ _27855_/A (sky130_fd_sc_hd__ha_1)
     4    0.01    0.31    1.33   11.21 ^ _27855_/COUT (sky130_fd_sc_hd__ha_1)
                                         _13088_ (net)
                  0.31    0.00   11.21 ^ _24860_/B (sky130_fd_sc_hd__xor2_1)
   132    0.40    7.41    5.45   16.66 ^ _24860_/X (sky130_fd_sc_hd__xor2_1)
                                         _10499_ (net)
                  7.41    0.00   16.66 ^ _24874_/B (sky130_fd_sc_hd__nor2_1)
    23    0.05    1.70    1.76   18.42 v _24874_/Y (sky130_fd_sc_hd__nor2_1)
                                         _10513_ (net)
                  1.70    0.00   18.42 v _21044_/B1 (sky130_fd_sc_hd__o21ai_0)
     1    0.00    0.33    0.40   18.82 ^ _21044_/Y (sky130_fd_sc_hd__o21ai_0)
                                         _08512_ (net)
                  0.33    0.00   18.82 ^ _21045_/A2 (sky130_fd_sc_hd__a21oi_1)
     3    0.01    0.46    0.14   18.96 v _21045_/Y (sky130_fd_sc_hd__a21oi_1)
                                         _08513_ (net)
                  0.46    0.00   18.96 v _21046_/C1 (sky130_fd_sc_hd__a311oi_1)
     2    0.00    0.33    0.37   19.34 ^ _21046_/Y (sky130_fd_sc_hd__a311oi_1)
                                         _08514_ (net)
                  0.33    0.00   19.34 ^ _21064_/A (sky130_fd_sc_hd__and3_1)
     8    0.02    0.18    0.31   19.64 ^ _21064_/X (sky130_fd_sc_hd__and3_1)
                                         _08532_ (net)
                  0.18    0.00   19.64 ^ _21066_/A_N (sky130_fd_sc_hd__nand2b_1)
    19    0.05    0.49    0.44   20.08 ^ _21066_/Y (sky130_fd_sc_hd__nand2b_1)
                                         _08534_ (net)
                  0.49    0.00   20.08 ^ _21175_/A (sky130_fd_sc_hd__nor2_1)
     1    0.00    0.08    0.09   20.17 v _21175_/Y (sky130_fd_sc_hd__nor2_1)
                                         _00978_ (net)
                  0.08    0.00   20.17 v k_value1[18]$_SDFF_PP0_/D (sky130_fd_sc_hd__dfxtp_1)
                                 20.17   data arrival time

                  0.00   10.00   10.00   clock core_clock (rise edge)
                          0.00   10.00   clock network delay (ideal)
                          0.00   10.00   clock reconvergence pessimism
                                 10.00 ^ k_value1[18]$_SDFF_PP0_/CLK (sky130_fd_sc_hd__dfxtp_1)
                         -0.14    9.86   library setup time
                                  9.86   data required time
-----------------------------------------------------------------------------
                                  9.86   data required time
                                -20.17   data arrival time
-----------------------------------------------------------------------------
                                -10.30   slack (VIOLATED)



==========================================================================
floorplan final report_checks -unconstrained
--------------------------------------------------------------------------
Startpoint: count_hash1[1]$_SDFFE_PP0N_
            (rising edge-triggered flip-flop clocked by core_clock)
Endpoint: k_value1[18]$_SDFF_PP0_
          (rising edge-triggered flip-flop clocked by core_clock)
Path Group: core_clock
Path Type: max

Fanout     Cap    Slew   Delay    Time   Description
-----------------------------------------------------------------------------
                  0.00    0.00    0.00   clock core_clock (rise edge)
                          0.00    0.00   clock network delay (ideal)
                  0.00    0.00    0.00 ^ count_hash1[1]$_SDFFE_PP0N_/CLK (sky130_fd_sc_hd__dfxtp_1)
   262    1.49   13.71    9.88    9.88 ^ count_hash1[1]$_SDFFE_PP0N_/Q (sky130_fd_sc_hd__dfxtp_1)
                                         count_hash1[1] (net)
                 13.71    0.00    9.88 ^ _27855_/A (sky130_fd_sc_hd__ha_1)
     4    0.01    0.31    1.33   11.21 ^ _27855_/COUT (sky130_fd_sc_hd__ha_1)
                                         _13088_ (net)
                  0.31    0.00   11.21 ^ _24860_/B (sky130_fd_sc_hd__xor2_1)
   132    0.40    7.41    5.45   16.66 ^ _24860_/X (sky130_fd_sc_hd__xor2_1)
                                         _10499_ (net)
                  7.41    0.00   16.66 ^ _24874_/B (sky130_fd_sc_hd__nor2_1)
    23    0.05    1.70    1.76   18.42 v _24874_/Y (sky130_fd_sc_hd__nor2_1)
                                         _10513_ (net)
                  1.70    0.00   18.42 v _21044_/B1 (sky130_fd_sc_hd__o21ai_0)
     1    0.00    0.33    0.40   18.82 ^ _21044_/Y (sky130_fd_sc_hd__o21ai_0)
                                         _08512_ (net)
                  0.33    0.00   18.82 ^ _21045_/A2 (sky130_fd_sc_hd__a21oi_1)
     3    0.01    0.46    0.14   18.96 v _21045_/Y (sky130_fd_sc_hd__a21oi_1)
                                         _08513_ (net)
                  0.46    0.00   18.96 v _21046_/C1 (sky130_fd_sc_hd__a311oi_1)
     2    0.00    0.33    0.37   19.34 ^ _21046_/Y (sky130_fd_sc_hd__a311oi_1)
                                         _08514_ (net)
                  0.33    0.00   19.34 ^ _21064_/A (sky130_fd_sc_hd__and3_1)
     8    0.02    0.18    0.31   19.64 ^ _21064_/X (sky130_fd_sc_hd__and3_1)
                                         _08532_ (net)
                  0.18    0.00   19.64 ^ _21066_/A_N (sky130_fd_sc_hd__nand2b_1)
    19    0.05    0.49    0.44   20.08 ^ _21066_/Y (sky130_fd_sc_hd__nand2b_1)
                                         _08534_ (net)
                  0.49    0.00   20.08 ^ _21175_/A (sky130_fd_sc_hd__nor2_1)
     1    0.00    0.08    0.09   20.17 v _21175_/Y (sky130_fd_sc_hd__nor2_1)
                                         _00978_ (net)
                  0.08    0.00   20.17 v k_value1[18]$_SDFF_PP0_/D (sky130_fd_sc_hd__dfxtp_1)
                                 20.17   data arrival time

                  0.00   10.00   10.00   clock core_clock (rise edge)
                          0.00   10.00   clock network delay (ideal)
                          0.00   10.00   clock reconvergence pessimism
                                 10.00 ^ k_value1[18]$_SDFF_PP0_/CLK (sky130_fd_sc_hd__dfxtp_1)
                         -0.14    9.86   library setup time
                                  9.86   data required time
-----------------------------------------------------------------------------
                                  9.86   data required time
                                -20.17   data arrival time
-----------------------------------------------------------------------------
                                -10.30   slack (VIOLATED)



==========================================================================
floorplan final report_power
--------------------------------------------------------------------------
Group                  Internal  Switching    Leakage      Total
                          Power      Power      Power      Power (Watts)
----------------------------------------------------------------
Sequential             2.41e-02   1.77e-03   2.76e-08   2.59e-02   8.0%
Combinational          1.53e-01   1.43e-01   4.62e-08   2.96e-01  92.0%
Clock                  0.00e+00   0.00e+00   0.00e+00   0.00e+00   0.0%
Macro                  0.00e+00   0.00e+00   0.00e+00   0.00e+00   0.0%
Pad                    0.00e+00   0.00e+00   0.00e+00   0.00e+00   0.0%
----------------------------------------------------------------
Total                  1.77e-01   1.45e-01   7.38e-08   3.22e-01 100.0%
                          54.9%      45.1%       0.0%
