
==========================================================================
global place report_tns
--------------------------------------------------------------------------
tns -29.88

==========================================================================
global place report_wns
--------------------------------------------------------------------------
wns -1.97

==========================================================================
global place report_worst_slack
--------------------------------------------------------------------------
worst slack -1.97

==========================================================================
global place report_checks -path_delay min
--------------------------------------------------------------------------
Startpoint: ready_dash$_SDFF_PP0_
            (rising edge-triggered flip-flop clocked by core_clock)
Endpoint: ready$_DFF_P_ (rising edge-triggered flip-flop clocked by core_clock)
Path Group: core_clock
Path Type: min

Fanout     Cap    Slew   Delay    Time   Description
-----------------------------------------------------------------------------
                  0.00    0.00    0.00   clock core_clock (rise edge)
                          0.00    0.00   clock network delay (ideal)
                  0.00    0.00    0.00 ^ ready_dash$_SDFF_PP0_/CLK (sky130_fd_sc_hd__dfxtp_1)
     1    0.00    0.04    0.28    0.28 ^ ready_dash$_SDFF_PP0_/Q (sky130_fd_sc_hd__dfxtp_1)
                                         ready_dash (net)
                  0.04    0.00    0.28 ^ ready$_DFF_P_/D (sky130_fd_sc_hd__dfxtp_4)
                                  0.28   data arrival time

                  0.00    0.00    0.00   clock core_clock (rise edge)
                          0.00    0.00   clock network delay (ideal)
                          0.00    0.00   clock reconvergence pessimism
                                  0.00 ^ ready$_DFF_P_/CLK (sky130_fd_sc_hd__dfxtp_4)
                         -0.04   -0.04   library hold time
                                 -0.04   data required time
-----------------------------------------------------------------------------
                                 -0.04   data required time
                                 -0.28   data arrival time
-----------------------------------------------------------------------------
                                  0.32   slack (MET)



==========================================================================
global place report_checks -path_delay max
--------------------------------------------------------------------------
Startpoint: hash.p2_cap[25]$_DFF_P_
            (rising edge-triggered flip-flop clocked by core_clock)
Endpoint: hash.p3_cap[31]$_DFF_P_
          (rising edge-triggered flip-flop clocked by core_clock)
Path Group: core_clock
Path Type: max

Fanout     Cap    Slew   Delay    Time   Description
-----------------------------------------------------------------------------
                  0.00    0.00    0.00   clock core_clock (rise edge)
                          0.00    0.00   clock network delay (ideal)
                  0.00    0.00    0.00 ^ hash.p2_cap[25]$_DFF_P_/CLK (sky130_fd_sc_hd__dfxtp_4)
     8    0.07    0.10    0.39    0.39 v hash.p2_cap[25]$_DFF_P_/Q (sky130_fd_sc_hd__dfxtp_4)
                                         hash.CA2.S1.X[25] (net)
                  0.10    0.01    0.40 v _15161_/A (sky130_fd_sc_hd__xnor2_1)
     1    0.01    0.25    0.27    0.67 ^ _15161_/Y (sky130_fd_sc_hd__xnor2_1)
                                         _04553_ (net)
                  0.25    0.00    0.67 ^ _15162_/B (sky130_fd_sc_hd__xnor2_2)
     1    0.02    0.26    0.19    0.85 ^ _15162_/Y (sky130_fd_sc_hd__xnor2_2)
                                         _13398_ (net)
                  0.26    0.00    0.85 ^ _27949_/B (sky130_fd_sc_hd__ha_1)
     3    0.01    0.11    0.25    1.10 ^ _27949_/COUT (sky130_fd_sc_hd__ha_1)
                                         _13399_ (net)
                  0.11    0.00    1.10 ^ _19178_/A (sky130_fd_sc_hd__inv_1)
     1    0.01    0.05    0.07    1.18 v _19178_/Y (sky130_fd_sc_hd__inv_1)
                                         _12254_ (net)
                  0.05    0.00    1.18 v _27652_/A (sky130_fd_sc_hd__fa_1)
     2    0.01    0.10    0.45    1.63 v _27652_/COUT (sky130_fd_sc_hd__fa_1)
                                         _12257_ (net)
                  0.10    0.00    1.63 v _15307_/A (sky130_fd_sc_hd__nor2b_1)
     1    0.00    0.10    0.13    1.76 ^ _15307_/Y (sky130_fd_sc_hd__nor2b_1)
                                         _04679_ (net)
                  0.10    0.00    1.76 ^ _15308_/A2 (sky130_fd_sc_hd__o21ai_1)
     2    0.01    0.07    0.09    1.85 v _15308_/Y (sky130_fd_sc_hd__o21ai_1)
                                         _04680_ (net)
                  0.07    0.00    1.85 v _15309_/A2 (sky130_fd_sc_hd__a21boi_0)
     2    0.01    0.26    0.26    2.11 ^ _15309_/Y (sky130_fd_sc_hd__a21boi_0)
                                         _04681_ (net)
                  0.26    0.00    2.11 ^ _15365_/A2 (sky130_fd_sc_hd__o21ai_1)
     2    0.01    0.10    0.15    2.26 v _15365_/Y (sky130_fd_sc_hd__o21ai_1)
                                         _04729_ (net)
                  0.10    0.00    2.26 v _15423_/A1 (sky130_fd_sc_hd__a21oi_2)
     3    0.02    0.28    0.29    2.55 ^ _15423_/Y (sky130_fd_sc_hd__a21oi_2)
                                         _04779_ (net)
                  0.28    0.00    2.55 ^ _15499_/A1 (sky130_fd_sc_hd__a21oi_4)
     3    0.02    0.10    0.13    2.68 v _15499_/Y (sky130_fd_sc_hd__a21oi_4)
                                         _04839_ (net)
                  0.10    0.00    2.68 v _15543_/A1 (sky130_fd_sc_hd__o22ai_4)
     3    0.02    0.20    0.24    2.92 ^ _15543_/Y (sky130_fd_sc_hd__o22ai_4)
                                         _04867_ (net)
                  0.20    0.00    2.92 ^ _15570_/A3 (sky130_fd_sc_hd__a31o_1)
     1    0.00    0.05    0.17    3.09 ^ _15570_/X (sky130_fd_sc_hd__a31o_1)
                                         _04886_ (net)
                  0.05    0.00    3.09 ^ _15571_/A2 (sky130_fd_sc_hd__a21o_1)
     2    0.01    0.13    0.18    3.27 ^ _15571_/X (sky130_fd_sc_hd__a21o_1)
                                         _04887_ (net)
                  0.13    0.00    3.27 ^ _15593_/A2 (sky130_fd_sc_hd__a21oi_1)
     2    0.01    0.07    0.11    3.37 v _15593_/Y (sky130_fd_sc_hd__a21oi_1)
                                         _04901_ (net)
                  0.07    0.00    3.37 v _15615_/A1 (sky130_fd_sc_hd__o211ai_1)
     1    0.01    0.22    0.24    3.61 ^ _15615_/Y (sky130_fd_sc_hd__o211ai_1)
                                         _04915_ (net)
                  0.22    0.00    3.61 ^ _15616_/A2 (sky130_fd_sc_hd__a21oi_2)
     2    0.01    0.08    0.12    3.73 v _15616_/Y (sky130_fd_sc_hd__a21oi_2)
                                         _04916_ (net)
                  0.08    0.00    3.73 v _20670_/B (sky130_fd_sc_hd__xnor2_1)
     2    0.01    0.20    0.20    3.93 ^ _20670_/Y (sky130_fd_sc_hd__xnor2_1)
                                         _13554_ (net)
                  0.20    0.00    3.93 ^ _28035_/B (sky130_fd_sc_hd__ha_1)
     2    0.01    0.09    0.30    4.24 v _28035_/SUM (sky130_fd_sc_hd__ha_1)
                                         _13661_ (net)
                  0.09    0.00    4.24 v _18449_/A1 (sky130_fd_sc_hd__a21oi_1)
     1    0.00    0.13    0.16    4.39 ^ _18449_/Y (sky130_fd_sc_hd__a21oi_1)
                                         _06859_ (net)
                  0.13    0.00    4.39 ^ _18450_/B1 (sky130_fd_sc_hd__o21ai_0)
     1    0.00    0.08    0.11    4.50 v _18450_/Y (sky130_fd_sc_hd__o21ai_0)
                                         _06860_ (net)
                  0.08    0.00    4.50 v _18451_/B1 (sky130_fd_sc_hd__a21o_1)
     1    0.01    0.06    0.19    4.69 v _18451_/X (sky130_fd_sc_hd__a21o_1)
                                         _06861_ (net)
                  0.06    0.00    4.69 v _18452_/B1 (sky130_fd_sc_hd__a21oi_4)
     4    0.03    0.24    0.22    4.91 ^ _18452_/Y (sky130_fd_sc_hd__a21oi_4)
                                         _06862_ (net)
                  0.24    0.00    4.92 ^ _18510_/A1 (sky130_fd_sc_hd__o211ai_1)
     2    0.01    0.12    0.17    5.09 v _18510_/Y (sky130_fd_sc_hd__o211ai_1)
                                         _06908_ (net)
                  0.12    0.00    5.09 v _18525_/A1 (sky130_fd_sc_hd__a21o_1)
     1    0.01    0.04    0.19    5.28 v _18525_/X (sky130_fd_sc_hd__a21o_1)
                                         _06919_ (net)
                  0.04    0.00    5.28 v _18526_/A2 (sky130_fd_sc_hd__a21oi_1)
     1    0.01    0.15    0.17    5.45 ^ _18526_/Y (sky130_fd_sc_hd__a21oi_1)
                                         _06920_ (net)
                  0.15    0.00    5.45 ^ _18527_/C (sky130_fd_sc_hd__xor3_1)
     2    0.01    0.11    0.30    5.75 v _18527_/X (sky130_fd_sc_hd__xor3_1)
                                         _06921_ (net)
                  0.11    0.00    5.75 v _18528_/B (sky130_fd_sc_hd__and2_4)
     5    0.05    0.08    0.24    5.99 v _18528_/X (sky130_fd_sc_hd__and2_4)
                                         _06922_ (net)
                  0.08    0.00    5.99 v _20774_/A (sky130_fd_sc_hd__xnor2_2)
     1    0.02    0.32    0.31    6.30 ^ _20774_/Y (sky130_fd_sc_hd__xnor2_2)
                                         _14077_ (net)
                  0.32    0.00    6.30 ^ _28180_/B (sky130_fd_sc_hd__ha_1)
     2    0.01    0.09    0.34    6.64 v _28180_/SUM (sky130_fd_sc_hd__ha_1)
                                         _14079_ (net)
                  0.09    0.00    6.64 v _18911_/A (sky130_fd_sc_hd__nor2_1)
     2    0.01    0.16    0.17    6.81 ^ _18911_/Y (sky130_fd_sc_hd__nor2_1)
                                         _07149_ (net)
                  0.16    0.00    6.81 ^ _18912_/B (sky130_fd_sc_hd__nor2_1)
     1    0.01    0.08    0.09    6.91 v _18912_/Y (sky130_fd_sc_hd__nor2_1)
                                         _07150_ (net)
                  0.08    0.00    6.91 v _18913_/B1 (sky130_fd_sc_hd__o31ai_4)
     3    0.03    0.35    0.11    7.01 ^ _18913_/Y (sky130_fd_sc_hd__o31ai_4)
                                         _07151_ (net)
                  0.35    0.00    7.01 ^ _18956_/A1 (sky130_fd_sc_hd__o21ai_4)
     5    0.03    0.12    0.16    7.18 v _18956_/Y (sky130_fd_sc_hd__o21ai_4)
                                         _07183_ (net)
                  0.12    0.00    7.18 v _18990_/A4 (sky130_fd_sc_hd__a41oi_4)
     4    0.02    0.28    0.34    7.52 ^ _18990_/Y (sky130_fd_sc_hd__a41oi_4)
                                         _07211_ (net)
                  0.28    0.00    7.52 ^ _18991_/A (sky130_fd_sc_hd__nor2b_1)
     1    0.00    0.07    0.08    7.60 v _18991_/Y (sky130_fd_sc_hd__nor2b_1)
                                         _07212_ (net)
                  0.07    0.00    7.60 v _18992_/A2 (sky130_fd_sc_hd__o21ai_0)
     1    0.00    0.16    0.16    7.76 ^ _18992_/Y (sky130_fd_sc_hd__o21ai_0)
                                         _07213_ (net)
                  0.16    0.00    7.76 ^ _18993_/B (sky130_fd_sc_hd__nand2b_1)
     2    0.01    0.08    0.11    7.88 v _18993_/Y (sky130_fd_sc_hd__nand2b_1)
                                         _07214_ (net)
                  0.08    0.00    7.88 v _19158_/A2 (sky130_fd_sc_hd__a21o_1)
     1    0.01    0.05    0.21    8.08 v _19158_/X (sky130_fd_sc_hd__a21o_1)
                                         _07345_ (net)
                  0.05    0.00    8.08 v _19159_/A2 (sky130_fd_sc_hd__a21oi_2)
     3    0.02    0.22    0.23    8.31 ^ _19159_/Y (sky130_fd_sc_hd__a21oi_2)
                                         _07346_ (net)
                  0.22    0.00    8.31 ^ _20453_/B (sky130_fd_sc_hd__xnor2_1)
     1    0.01    0.23    0.19    8.50 ^ _20453_/Y (sky130_fd_sc_hd__xnor2_1)
                                         _12754_ (net)
                  0.23    0.00    8.50 ^ _27765_/A (sky130_fd_sc_hd__fa_1)
     1    0.01    0.09    0.44    8.94 v _27765_/SUM (sky130_fd_sc_hd__fa_1)
                                         _12758_ (net)
                  0.09    0.00    8.94 v _28214_/B (sky130_fd_sc_hd__ha_1)
     4    0.01    0.10    0.35    9.29 v _28214_/SUM (sky130_fd_sc_hd__ha_1)
                                         _14179_ (net)
                  0.10    0.00    9.29 v _23889_/A1 (sky130_fd_sc_hd__o21a_1)
     1    0.00    0.04    0.21    9.50 v _23889_/X (sky130_fd_sc_hd__o21a_1)
                                         _09685_ (net)
                  0.04    0.00    9.50 v _23890_/A2 (sky130_fd_sc_hd__o211ai_2)
     3    0.01    0.19    0.19    9.69 ^ _23890_/Y (sky130_fd_sc_hd__o211ai_2)
                                         _09686_ (net)
                  0.19    0.00    9.69 ^ _23895_/A1 (sky130_fd_sc_hd__o21ai_0)
     2    0.01    0.11    0.15    9.84 v _23895_/Y (sky130_fd_sc_hd__o21ai_0)
                                         _09691_ (net)
                  0.11    0.00    9.84 v _23896_/B1 (sky130_fd_sc_hd__a32o_2)
     3    0.03    0.09    0.30   10.14 v _23896_/X (sky130_fd_sc_hd__a32o_2)
                                         _09692_ (net)
                  0.09    0.00   10.14 v _23912_/D (sky130_fd_sc_hd__or4_1)
     2    0.01    0.11    0.45   10.59 v _23912_/X (sky130_fd_sc_hd__or4_1)
                                         _09704_ (net)
                  0.11    0.00   10.59 v _23927_/A2 (sky130_fd_sc_hd__a311oi_1)
     1    0.00    0.27    0.32   10.91 ^ _23927_/Y (sky130_fd_sc_hd__a311oi_1)
                                         _09717_ (net)
                  0.27    0.00   10.91 ^ _23929_/A (sky130_fd_sc_hd__nor2_1)
     3    0.01    0.11    0.15   11.05 v _23929_/Y (sky130_fd_sc_hd__nor2_1)
                                         _09719_ (net)
                  0.11    0.00   11.05 v _23951_/A1 (sky130_fd_sc_hd__o211a_1)
     2    0.01    0.06    0.26   11.32 v _23951_/X (sky130_fd_sc_hd__o211a_1)
                                         _09737_ (net)
                  0.06    0.00   11.32 v _23953_/C (sky130_fd_sc_hd__nor4b_1)
     1    0.00    0.29    0.28   11.60 ^ _23953_/Y (sky130_fd_sc_hd__nor4b_1)
                                         _09739_ (net)
                  0.29    0.00   11.60 ^ _23958_/B1 (sky130_fd_sc_hd__a211oi_1)
     1    0.01    0.09    0.11   11.71 v _23958_/Y (sky130_fd_sc_hd__a211oi_1)
                                         _09744_ (net)
                  0.09    0.00   11.71 v _23959_/B (sky130_fd_sc_hd__xnor2_1)
     1    0.00    0.06    0.14   11.84 v _23959_/Y (sky130_fd_sc_hd__xnor2_1)
                                         hash.CA1.p3[31] (net)
                  0.06    0.00   11.84 v hash.p3_cap[31]$_DFF_P_/D (sky130_fd_sc_hd__dfxtp_1)
                                 11.84   data arrival time

                  0.00   10.00   10.00   clock core_clock (rise edge)
                          0.00   10.00   clock network delay (ideal)
                          0.00   10.00   clock reconvergence pessimism
                                 10.00 ^ hash.p3_cap[31]$_DFF_P_/CLK (sky130_fd_sc_hd__dfxtp_1)
                         -0.13    9.87   library setup time
                                  9.87   data required time
-----------------------------------------------------------------------------
                                  9.87   data required time
                                -11.84   data arrival time
-----------------------------------------------------------------------------
                                 -1.97   slack (VIOLATED)



==========================================================================
global place report_checks -unconstrained
--------------------------------------------------------------------------
Startpoint: hash.p2_cap[25]$_DFF_P_
            (rising edge-triggered flip-flop clocked by core_clock)
Endpoint: hash.p3_cap[31]$_DFF_P_
          (rising edge-triggered flip-flop clocked by core_clock)
Path Group: core_clock
Path Type: max

Fanout     Cap    Slew   Delay    Time   Description
-----------------------------------------------------------------------------
                  0.00    0.00    0.00   clock core_clock (rise edge)
                          0.00    0.00   clock network delay (ideal)
                  0.00    0.00    0.00 ^ hash.p2_cap[25]$_DFF_P_/CLK (sky130_fd_sc_hd__dfxtp_4)
     8    0.07    0.10    0.39    0.39 v hash.p2_cap[25]$_DFF_P_/Q (sky130_fd_sc_hd__dfxtp_4)
                                         hash.CA2.S1.X[25] (net)
                  0.10    0.01    0.40 v _15161_/A (sky130_fd_sc_hd__xnor2_1)
     1    0.01    0.25    0.27    0.67 ^ _15161_/Y (sky130_fd_sc_hd__xnor2_1)
                                         _04553_ (net)
                  0.25    0.00    0.67 ^ _15162_/B (sky130_fd_sc_hd__xnor2_2)
     1    0.02    0.26    0.19    0.85 ^ _15162_/Y (sky130_fd_sc_hd__xnor2_2)
                                         _13398_ (net)
                  0.26    0.00    0.85 ^ _27949_/B (sky130_fd_sc_hd__ha_1)
     3    0.01    0.11    0.25    1.10 ^ _27949_/COUT (sky130_fd_sc_hd__ha_1)
                                         _13399_ (net)
                  0.11    0.00    1.10 ^ _19178_/A (sky130_fd_sc_hd__inv_1)
     1    0.01    0.05    0.07    1.18 v _19178_/Y (sky130_fd_sc_hd__inv_1)
                                         _12254_ (net)
                  0.05    0.00    1.18 v _27652_/A (sky130_fd_sc_hd__fa_1)
     2    0.01    0.10    0.45    1.63 v _27652_/COUT (sky130_fd_sc_hd__fa_1)
                                         _12257_ (net)
                  0.10    0.00    1.63 v _15307_/A (sky130_fd_sc_hd__nor2b_1)
     1    0.00    0.10    0.13    1.76 ^ _15307_/Y (sky130_fd_sc_hd__nor2b_1)
                                         _04679_ (net)
                  0.10    0.00    1.76 ^ _15308_/A2 (sky130_fd_sc_hd__o21ai_1)
     2    0.01    0.07    0.09    1.85 v _15308_/Y (sky130_fd_sc_hd__o21ai_1)
                                         _04680_ (net)
                  0.07    0.00    1.85 v _15309_/A2 (sky130_fd_sc_hd__a21boi_0)
     2    0.01    0.26    0.26    2.11 ^ _15309_/Y (sky130_fd_sc_hd__a21boi_0)
                                         _04681_ (net)
                  0.26    0.00    2.11 ^ _15365_/A2 (sky130_fd_sc_hd__o21ai_1)
     2    0.01    0.10    0.15    2.26 v _15365_/Y (sky130_fd_sc_hd__o21ai_1)
                                         _04729_ (net)
                  0.10    0.00    2.26 v _15423_/A1 (sky130_fd_sc_hd__a21oi_2)
     3    0.02    0.28    0.29    2.55 ^ _15423_/Y (sky130_fd_sc_hd__a21oi_2)
                                         _04779_ (net)
                  0.28    0.00    2.55 ^ _15499_/A1 (sky130_fd_sc_hd__a21oi_4)
     3    0.02    0.10    0.13    2.68 v _15499_/Y (sky130_fd_sc_hd__a21oi_4)
                                         _04839_ (net)
                  0.10    0.00    2.68 v _15543_/A1 (sky130_fd_sc_hd__o22ai_4)
     3    0.02    0.20    0.24    2.92 ^ _15543_/Y (sky130_fd_sc_hd__o22ai_4)
                                         _04867_ (net)
                  0.20    0.00    2.92 ^ _15570_/A3 (sky130_fd_sc_hd__a31o_1)
     1    0.00    0.05    0.17    3.09 ^ _15570_/X (sky130_fd_sc_hd__a31o_1)
                                         _04886_ (net)
                  0.05    0.00    3.09 ^ _15571_/A2 (sky130_fd_sc_hd__a21o_1)
     2    0.01    0.13    0.18    3.27 ^ _15571_/X (sky130_fd_sc_hd__a21o_1)
                                         _04887_ (net)
                  0.13    0.00    3.27 ^ _15593_/A2 (sky130_fd_sc_hd__a21oi_1)
     2    0.01    0.07    0.11    3.37 v _15593_/Y (sky130_fd_sc_hd__a21oi_1)
                                         _04901_ (net)
                  0.07    0.00    3.37 v _15615_/A1 (sky130_fd_sc_hd__o211ai_1)
     1    0.01    0.22    0.24    3.61 ^ _15615_/Y (sky130_fd_sc_hd__o211ai_1)
                                         _04915_ (net)
                  0.22    0.00    3.61 ^ _15616_/A2 (sky130_fd_sc_hd__a21oi_2)
     2    0.01    0.08    0.12    3.73 v _15616_/Y (sky130_fd_sc_hd__a21oi_2)
                                         _04916_ (net)
                  0.08    0.00    3.73 v _20670_/B (sky130_fd_sc_hd__xnor2_1)
     2    0.01    0.20    0.20    3.93 ^ _20670_/Y (sky130_fd_sc_hd__xnor2_1)
                                         _13554_ (net)
                  0.20    0.00    3.93 ^ _28035_/B (sky130_fd_sc_hd__ha_1)
     2    0.01    0.09    0.30    4.24 v _28035_/SUM (sky130_fd_sc_hd__ha_1)
                                         _13661_ (net)
                  0.09    0.00    4.24 v _18449_/A1 (sky130_fd_sc_hd__a21oi_1)
     1    0.00    0.13    0.16    4.39 ^ _18449_/Y (sky130_fd_sc_hd__a21oi_1)
                                         _06859_ (net)
                  0.13    0.00    4.39 ^ _18450_/B1 (sky130_fd_sc_hd__o21ai_0)
     1    0.00    0.08    0.11    4.50 v _18450_/Y (sky130_fd_sc_hd__o21ai_0)
                                         _06860_ (net)
                  0.08    0.00    4.50 v _18451_/B1 (sky130_fd_sc_hd__a21o_1)
     1    0.01    0.06    0.19    4.69 v _18451_/X (sky130_fd_sc_hd__a21o_1)
                                         _06861_ (net)
                  0.06    0.00    4.69 v _18452_/B1 (sky130_fd_sc_hd__a21oi_4)
     4    0.03    0.24    0.22    4.91 ^ _18452_/Y (sky130_fd_sc_hd__a21oi_4)
                                         _06862_ (net)
                  0.24    0.00    4.92 ^ _18510_/A1 (sky130_fd_sc_hd__o211ai_1)
     2    0.01    0.12    0.17    5.09 v _18510_/Y (sky130_fd_sc_hd__o211ai_1)
                                         _06908_ (net)
                  0.12    0.00    5.09 v _18525_/A1 (sky130_fd_sc_hd__a21o_1)
     1    0.01    0.04    0.19    5.28 v _18525_/X (sky130_fd_sc_hd__a21o_1)
                                         _06919_ (net)
                  0.04    0.00    5.28 v _18526_/A2 (sky130_fd_sc_hd__a21oi_1)
     1    0.01    0.15    0.17    5.45 ^ _18526_/Y (sky130_fd_sc_hd__a21oi_1)
                                         _06920_ (net)
                  0.15    0.00    5.45 ^ _18527_/C (sky130_fd_sc_hd__xor3_1)
     2    0.01    0.11    0.30    5.75 v _18527_/X (sky130_fd_sc_hd__xor3_1)
                                         _06921_ (net)
                  0.11    0.00    5.75 v _18528_/B (sky130_fd_sc_hd__and2_4)
     5    0.05    0.08    0.24    5.99 v _18528_/X (sky130_fd_sc_hd__and2_4)
                                         _06922_ (net)
                  0.08    0.00    5.99 v _20774_/A (sky130_fd_sc_hd__xnor2_2)
     1    0.02    0.32    0.31    6.30 ^ _20774_/Y (sky130_fd_sc_hd__xnor2_2)
                                         _14077_ (net)
                  0.32    0.00    6.30 ^ _28180_/B (sky130_fd_sc_hd__ha_1)
     2    0.01    0.09    0.34    6.64 v _28180_/SUM (sky130_fd_sc_hd__ha_1)
                                         _14079_ (net)
                  0.09    0.00    6.64 v _18911_/A (sky130_fd_sc_hd__nor2_1)
     2    0.01    0.16    0.17    6.81 ^ _18911_/Y (sky130_fd_sc_hd__nor2_1)
                                         _07149_ (net)
                  0.16    0.00    6.81 ^ _18912_/B (sky130_fd_sc_hd__nor2_1)
     1    0.01    0.08    0.09    6.91 v _18912_/Y (sky130_fd_sc_hd__nor2_1)
                                         _07150_ (net)
                  0.08    0.00    6.91 v _18913_/B1 (sky130_fd_sc_hd__o31ai_4)
     3    0.03    0.35    0.11    7.01 ^ _18913_/Y (sky130_fd_sc_hd__o31ai_4)
                                         _07151_ (net)
                  0.35    0.00    7.01 ^ _18956_/A1 (sky130_fd_sc_hd__o21ai_4)
     5    0.03    0.12    0.16    7.18 v _18956_/Y (sky130_fd_sc_hd__o21ai_4)
                                         _07183_ (net)
                  0.12    0.00    7.18 v _18990_/A4 (sky130_fd_sc_hd__a41oi_4)
     4    0.02    0.28    0.34    7.52 ^ _18990_/Y (sky130_fd_sc_hd__a41oi_4)
                                         _07211_ (net)
                  0.28    0.00    7.52 ^ _18991_/A (sky130_fd_sc_hd__nor2b_1)
     1    0.00    0.07    0.08    7.60 v _18991_/Y (sky130_fd_sc_hd__nor2b_1)
                                         _07212_ (net)
                  0.07    0.00    7.60 v _18992_/A2 (sky130_fd_sc_hd__o21ai_0)
     1    0.00    0.16    0.16    7.76 ^ _18992_/Y (sky130_fd_sc_hd__o21ai_0)
                                         _07213_ (net)
                  0.16    0.00    7.76 ^ _18993_/B (sky130_fd_sc_hd__nand2b_1)
     2    0.01    0.08    0.11    7.88 v _18993_/Y (sky130_fd_sc_hd__nand2b_1)
                                         _07214_ (net)
                  0.08    0.00    7.88 v _19158_/A2 (sky130_fd_sc_hd__a21o_1)
     1    0.01    0.05    0.21    8.08 v _19158_/X (sky130_fd_sc_hd__a21o_1)
                                         _07345_ (net)
                  0.05    0.00    8.08 v _19159_/A2 (sky130_fd_sc_hd__a21oi_2)
     3    0.02    0.22    0.23    8.31 ^ _19159_/Y (sky130_fd_sc_hd__a21oi_2)
                                         _07346_ (net)
                  0.22    0.00    8.31 ^ _20453_/B (sky130_fd_sc_hd__xnor2_1)
     1    0.01    0.23    0.19    8.50 ^ _20453_/Y (sky130_fd_sc_hd__xnor2_1)
                                         _12754_ (net)
                  0.23    0.00    8.50 ^ _27765_/A (sky130_fd_sc_hd__fa_1)
     1    0.01    0.09    0.44    8.94 v _27765_/SUM (sky130_fd_sc_hd__fa_1)
                                         _12758_ (net)
                  0.09    0.00    8.94 v _28214_/B (sky130_fd_sc_hd__ha_1)
     4    0.01    0.10    0.35    9.29 v _28214_/SUM (sky130_fd_sc_hd__ha_1)
                                         _14179_ (net)
                  0.10    0.00    9.29 v _23889_/A1 (sky130_fd_sc_hd__o21a_1)
     1    0.00    0.04    0.21    9.50 v _23889_/X (sky130_fd_sc_hd__o21a_1)
                                         _09685_ (net)
                  0.04    0.00    9.50 v _23890_/A2 (sky130_fd_sc_hd__o211ai_2)
     3    0.01    0.19    0.19    9.69 ^ _23890_/Y (sky130_fd_sc_hd__o211ai_2)
                                         _09686_ (net)
                  0.19    0.00    9.69 ^ _23895_/A1 (sky130_fd_sc_hd__o21ai_0)
     2    0.01    0.11    0.15    9.84 v _23895_/Y (sky130_fd_sc_hd__o21ai_0)
                                         _09691_ (net)
                  0.11    0.00    9.84 v _23896_/B1 (sky130_fd_sc_hd__a32o_2)
     3    0.03    0.09    0.30   10.14 v _23896_/X (sky130_fd_sc_hd__a32o_2)
                                         _09692_ (net)
                  0.09    0.00   10.14 v _23912_/D (sky130_fd_sc_hd__or4_1)
     2    0.01    0.11    0.45   10.59 v _23912_/X (sky130_fd_sc_hd__or4_1)
                                         _09704_ (net)
                  0.11    0.00   10.59 v _23927_/A2 (sky130_fd_sc_hd__a311oi_1)
     1    0.00    0.27    0.32   10.91 ^ _23927_/Y (sky130_fd_sc_hd__a311oi_1)
                                         _09717_ (net)
                  0.27    0.00   10.91 ^ _23929_/A (sky130_fd_sc_hd__nor2_1)
     3    0.01    0.11    0.15   11.05 v _23929_/Y (sky130_fd_sc_hd__nor2_1)
                                         _09719_ (net)
                  0.11    0.00   11.05 v _23951_/A1 (sky130_fd_sc_hd__o211a_1)
     2    0.01    0.06    0.26   11.32 v _23951_/X (sky130_fd_sc_hd__o211a_1)
                                         _09737_ (net)
                  0.06    0.00   11.32 v _23953_/C (sky130_fd_sc_hd__nor4b_1)
     1    0.00    0.29    0.28   11.60 ^ _23953_/Y (sky130_fd_sc_hd__nor4b_1)
                                         _09739_ (net)
                  0.29    0.00   11.60 ^ _23958_/B1 (sky130_fd_sc_hd__a211oi_1)
     1    0.01    0.09    0.11   11.71 v _23958_/Y (sky130_fd_sc_hd__a211oi_1)
                                         _09744_ (net)
                  0.09    0.00   11.71 v _23959_/B (sky130_fd_sc_hd__xnor2_1)
     1    0.00    0.06    0.14   11.84 v _23959_/Y (sky130_fd_sc_hd__xnor2_1)
                                         hash.CA1.p3[31] (net)
                  0.06    0.00   11.84 v hash.p3_cap[31]$_DFF_P_/D (sky130_fd_sc_hd__dfxtp_1)
                                 11.84   data arrival time

                  0.00   10.00   10.00   clock core_clock (rise edge)
                          0.00   10.00   clock network delay (ideal)
                          0.00   10.00   clock reconvergence pessimism
                                 10.00 ^ hash.p3_cap[31]$_DFF_P_/CLK (sky130_fd_sc_hd__dfxtp_1)
                         -0.13    9.87   library setup time
                                  9.87   data required time
-----------------------------------------------------------------------------
                                  9.87   data required time
                                -11.84   data arrival time
-----------------------------------------------------------------------------
                                 -1.97   slack (VIOLATED)



==========================================================================
global place report_power
--------------------------------------------------------------------------
Group                  Internal  Switching    Leakage      Total
                          Power      Power      Power      Power (Watts)
----------------------------------------------------------------
Sequential             2.42e-02   2.33e-03   2.77e-08   2.66e-02   5.2%
Combinational          1.98e-01   2.86e-01   6.73e-08   4.84e-01  94.8%
Clock                  0.00e+00   0.00e+00   0.00e+00   0.00e+00   0.0%
Macro                  0.00e+00   0.00e+00   0.00e+00   0.00e+00   0.0%
Pad                    0.00e+00   0.00e+00   0.00e+00   0.00e+00   0.0%
----------------------------------------------------------------
Total                  2.22e-01   2.88e-01   9.50e-08   5.10e-01 100.0%
                          43.5%      56.5%       0.0%
