
==========================================================================
global route report_tns
--------------------------------------------------------------------------
tns -13.72

==========================================================================
global route report_wns
--------------------------------------------------------------------------
wns -1.25

==========================================================================
global route report_worst_slack
--------------------------------------------------------------------------
worst slack -1.25

==========================================================================
global route report_clock_skew
--------------------------------------------------------------------------
Clock core_clock
   1.04 source latency w[37][18]$_SDFFCE_PN0P_/CLK ^
  -0.97 target latency w[44][7]$_SDFFCE_PN0P_/CLK ^
   0.00 CRPR
--------------
   0.07 setup skew


==========================================================================
global route report_checks -path_delay min
--------------------------------------------------------------------------
Startpoint: ready_dash$_SDFF_PP0_
            (rising edge-triggered flip-flop clocked by core_clock)
Endpoint: ready$_DFF_P_ (rising edge-triggered flip-flop clocked by core_clock)
Path Group: core_clock
Path Type: min

Fanout     Cap    Slew   Delay    Time   Description
-----------------------------------------------------------------------------
                          0.00    0.00   clock core_clock (rise edge)
                          0.00    0.00   clock source latency
     2    0.13    0.00    0.00    0.00 ^ clk (in)
                                         clk (net)
                  0.01    0.01    0.01 ^ clkbuf_0_clk/A (sky130_fd_sc_hd__clkbuf_16)
     4    0.18    0.20    0.23    0.23 ^ clkbuf_0_clk/X (sky130_fd_sc_hd__clkbuf_16)
                                         clknet_0_clk (net)
                  0.20    0.01    0.24 ^ clkbuf_2_1_0_clk/A (sky130_fd_sc_hd__clkbuf_16)
     8    0.18    0.19    0.29    0.53 ^ clkbuf_2_1_0_clk/X (sky130_fd_sc_hd__clkbuf_16)
                                         clknet_2_1_0_clk (net)
                  0.19    0.01    0.54 ^ clkbuf_5_15__f_clk/A (sky130_fd_sc_hd__clkbuf_16)
    10    0.14    0.16    0.27    0.80 ^ clkbuf_5_15__f_clk/X (sky130_fd_sc_hd__clkbuf_16)
                                         clknet_5_15__leaf_clk (net)
                  0.16    0.00    0.81 ^ clkbuf_leaf_199_clk/A (sky130_fd_sc_hd__clkbuf_16)
    11    0.04    0.06    0.18    0.99 ^ clkbuf_leaf_199_clk/X (sky130_fd_sc_hd__clkbuf_16)
                                         clknet_leaf_199_clk (net)
                  0.06    0.00    0.99 ^ ready_dash$_SDFF_PP0_/CLK (sky130_fd_sc_hd__dfxtp_1)
     1    0.00    0.03    0.30    1.29 v ready_dash$_SDFF_PP0_/Q (sky130_fd_sc_hd__dfxtp_1)
                                         ready_dash (net)
                  0.03    0.00    1.29 v ready$_DFF_P_/D (sky130_fd_sc_hd__dfxtp_4)
                                  1.29   data arrival time

                          0.00    0.00   clock core_clock (rise edge)
                          0.00    0.00   clock source latency
     2    0.13    0.00    0.00    0.00 ^ clk (in)
                                         clk (net)
                  0.01    0.01    0.01 ^ clkbuf_0_clk/A (sky130_fd_sc_hd__clkbuf_16)
     4    0.18    0.20    0.23    0.23 ^ clkbuf_0_clk/X (sky130_fd_sc_hd__clkbuf_16)
                                         clknet_0_clk (net)
                  0.20    0.01    0.24 ^ clkbuf_2_1_0_clk/A (sky130_fd_sc_hd__clkbuf_16)
     8    0.18    0.19    0.29    0.53 ^ clkbuf_2_1_0_clk/X (sky130_fd_sc_hd__clkbuf_16)
                                         clknet_2_1_0_clk (net)
                  0.19    0.01    0.54 ^ clkbuf_5_15__f_clk/A (sky130_fd_sc_hd__clkbuf_16)
    10    0.14    0.16    0.27    0.80 ^ clkbuf_5_15__f_clk/X (sky130_fd_sc_hd__clkbuf_16)
                                         clknet_5_15__leaf_clk (net)
                  0.16    0.00    0.81 ^ clkbuf_leaf_199_clk/A (sky130_fd_sc_hd__clkbuf_16)
    11    0.04    0.06    0.18    0.99 ^ clkbuf_leaf_199_clk/X (sky130_fd_sc_hd__clkbuf_16)
                                         clknet_leaf_199_clk (net)
                  0.06    0.00    0.99 ^ ready$_DFF_P_/CLK (sky130_fd_sc_hd__dfxtp_4)
                          0.00    0.99   clock reconvergence pessimism
                         -0.03    0.96   library hold time
                                  0.96   data required time
-----------------------------------------------------------------------------
                                  0.96   data required time
                                 -1.29   data arrival time
-----------------------------------------------------------------------------
                                  0.33   slack (MET)



==========================================================================
global route report_checks -path_delay max
--------------------------------------------------------------------------
Startpoint: hash.p2_cap[25]$_DFF_P_
            (rising edge-triggered flip-flop clocked by core_clock)
Endpoint: hash.p3_cap[31]$_DFF_P_
          (rising edge-triggered flip-flop clocked by core_clock)
Path Group: core_clock
Path Type: max

Fanout     Cap    Slew   Delay    Time   Description
-----------------------------------------------------------------------------
                          0.00    0.00   clock core_clock (rise edge)
                          0.00    0.00   clock source latency
     2    0.13    0.00    0.00    0.00 ^ clk (in)
                                         clk (net)
                  0.01    0.01    0.01 ^ clkbuf_0_clk/A (sky130_fd_sc_hd__clkbuf_16)
     4    0.18    0.20    0.23    0.23 ^ clkbuf_0_clk/X (sky130_fd_sc_hd__clkbuf_16)
                                         clknet_0_clk (net)
                  0.20    0.01    0.24 ^ clkbuf_2_3_0_clk/A (sky130_fd_sc_hd__clkbuf_16)
     8    0.20    0.21    0.30    0.54 ^ clkbuf_2_3_0_clk/X (sky130_fd_sc_hd__clkbuf_16)
                                         clknet_2_3_0_clk (net)
                  0.21    0.01    0.55 ^ clkbuf_5_29__f_clk/A (sky130_fd_sc_hd__clkbuf_16)
    11    0.16    0.17    0.28    0.83 ^ clkbuf_5_29__f_clk/X (sky130_fd_sc_hd__clkbuf_16)
                                         clknet_5_29__leaf_clk (net)
                  0.17    0.00    0.83 ^ clkbuf_leaf_129_clk/A (sky130_fd_sc_hd__clkbuf_16)
    12    0.04    0.06    0.19    1.02 ^ clkbuf_leaf_129_clk/X (sky130_fd_sc_hd__clkbuf_16)
                                         clknet_leaf_129_clk (net)
                  0.06    0.00    1.02 ^ hash.p2_cap[25]$_DFF_P_/CLK (sky130_fd_sc_hd__dfxtp_4)
     3    0.02    0.05    0.37    1.39 v hash.p2_cap[25]$_DFF_P_/Q (sky130_fd_sc_hd__dfxtp_4)
                                         hash.CA2.S1.X[25] (net)
                  0.05    0.00    1.39 v rebuffer107/A (sky130_fd_sc_hd__buf_12)
     6    0.05    0.04    0.15    1.53 v rebuffer107/X (sky130_fd_sc_hd__buf_12)
                                         net1121 (net)
                  0.04    0.00    1.54 v _15161_/B (sky130_fd_sc_hd__xnor2_4)
     1    0.01    0.07    0.13    1.67 v _15161_/Y (sky130_fd_sc_hd__xnor2_4)
                                         _04553_ (net)
                  0.07    0.00    1.67 v _15162_/B (sky130_fd_sc_hd__xnor2_2)
     1    0.02    0.26    0.24    1.90 ^ _15162_/Y (sky130_fd_sc_hd__xnor2_2)
                                         _13398_ (net)
                  0.26    0.00    1.91 ^ _27949_/A (sky130_fd_sc_hd__ha_2)
     2    0.01    0.07    0.24    2.15 ^ _27949_/COUT (sky130_fd_sc_hd__ha_2)
                                         _13399_ (net)
                  0.07    0.00    2.15 ^ _19178_/A (sky130_fd_sc_hd__inv_2)
     1    0.01    0.03    0.05    2.19 v _19178_/Y (sky130_fd_sc_hd__inv_2)
                                         _12254_ (net)
                  0.03    0.00    2.19 v _27652_/A (sky130_fd_sc_hd__fa_2)
     2    0.01    0.07    0.39    2.58 v _27652_/COUT (sky130_fd_sc_hd__fa_2)
                                         _12257_ (net)
                  0.07    0.00    2.58 v _15307_/A (sky130_fd_sc_hd__nor2b_2)
     1    0.01    0.11    0.15    2.73 ^ _15307_/Y (sky130_fd_sc_hd__nor2b_2)
                                         _04679_ (net)
                  0.11    0.00    2.73 ^ _15308_/A2 (sky130_fd_sc_hd__o21ai_2)
     2    0.01    0.06    0.08    2.81 v _15308_/Y (sky130_fd_sc_hd__o21ai_2)
                                         _04680_ (net)
                  0.06    0.00    2.81 v _15309_/A1 (sky130_fd_sc_hd__a21boi_2)
     2    0.01    0.16    0.18    2.98 ^ _15309_/Y (sky130_fd_sc_hd__a21boi_2)
                                         _04681_ (net)
                  0.16    0.00    2.98 ^ _15365_/A1 (sky130_fd_sc_hd__o21ai_2)
     2    0.02    0.08    0.12    3.10 v _15365_/Y (sky130_fd_sc_hd__o21ai_2)
                                         _04729_ (net)
                  0.08    0.00    3.10 v _15423_/A1 (sky130_fd_sc_hd__a21oi_4)
     3    0.02    0.20    0.21    3.31 ^ _15423_/Y (sky130_fd_sc_hd__a21oi_4)
                                         _04779_ (net)
                  0.20    0.00    3.32 ^ _15499_/A2 (sky130_fd_sc_hd__a21oi_4)
     3    0.02    0.08    0.12    3.43 v _15499_/Y (sky130_fd_sc_hd__a21oi_4)
                                         _04839_ (net)
                  0.08    0.00    3.43 v _15543_/A2 (sky130_fd_sc_hd__o22ai_4)
     3    0.02    0.19    0.20    3.63 ^ _15543_/Y (sky130_fd_sc_hd__o22ai_4)
                                         _04867_ (net)
                  0.19    0.00    3.63 ^ _15570_/A1 (sky130_fd_sc_hd__a31o_1)
     1    0.00    0.06    0.18    3.81 ^ _15570_/X (sky130_fd_sc_hd__a31o_1)
                                         _04886_ (net)
                  0.06    0.00    3.81 ^ _15571_/A1 (sky130_fd_sc_hd__a21o_1)
     2    0.02    0.15    0.19    4.00 ^ _15571_/X (sky130_fd_sc_hd__a21o_1)
                                         _04887_ (net)
                  0.15    0.00    4.00 ^ _15593_/A2 (sky130_fd_sc_hd__a21oi_2)
     2    0.01    0.07    0.10    4.10 v _15593_/Y (sky130_fd_sc_hd__a21oi_2)
                                         _04901_ (net)
                  0.07    0.00    4.10 v _15615_/A2 (sky130_fd_sc_hd__o211ai_2)
     1    0.01    0.19    0.20    4.30 ^ _15615_/Y (sky130_fd_sc_hd__o211ai_2)
                                         _04915_ (net)
                  0.19    0.00    4.30 ^ _15616_/A1 (sky130_fd_sc_hd__a21oi_4)
     2    0.02    0.08    0.10    4.40 v _15616_/Y (sky130_fd_sc_hd__a21oi_4)
                                         _04916_ (net)
                  0.08    0.00    4.40 v _20670_/A (sky130_fd_sc_hd__xnor2_2)
     2    0.01    0.07    0.16    4.56 v _20670_/Y (sky130_fd_sc_hd__xnor2_2)
                                         _13554_ (net)
                  0.07    0.00    4.56 v _28035_/A (sky130_fd_sc_hd__ha_1)
     2    0.01    0.09    0.34    4.90 v _28035_/SUM (sky130_fd_sc_hd__ha_1)
                                         _13661_ (net)
                  0.09    0.00    4.90 v _18449_/A1 (sky130_fd_sc_hd__a21oi_2)
     1    0.01    0.10    0.14    5.04 ^ _18449_/Y (sky130_fd_sc_hd__a21oi_2)
                                         _06859_ (net)
                  0.10    0.00    5.04 ^ _18450_/B1 (sky130_fd_sc_hd__o21ai_1)
     1    0.00    0.06    0.08    5.12 v _18450_/Y (sky130_fd_sc_hd__o21ai_1)
                                         _06860_ (net)
                  0.06    0.00    5.12 v _18451_/B1 (sky130_fd_sc_hd__a21o_1)
     1    0.01    0.07    0.19    5.32 v _18451_/X (sky130_fd_sc_hd__a21o_1)
                                         _06861_ (net)
                  0.07    0.00    5.32 v _18452_/B1 (sky130_fd_sc_hd__a21oi_4)
     3    0.03    0.25    0.24    5.55 ^ _18452_/Y (sky130_fd_sc_hd__a21oi_4)
                                         _06862_ (net)
                  0.25    0.00    5.56 ^ _18474_/A1 (sky130_fd_sc_hd__o21ai_4)
     2    0.02    0.11    0.11    5.67 v _18474_/Y (sky130_fd_sc_hd__o21ai_4)
                                         _06880_ (net)
                  0.11    0.00    5.67 v rebuffer7/A (sky130_fd_sc_hd__buf_6)
     1    0.02    0.03    0.16    5.83 v rebuffer7/X (sky130_fd_sc_hd__buf_6)
                                         net1036 (net)
                  0.03    0.00    5.83 v _18475_/A (sky130_fd_sc_hd__xnor2_4)
     2    0.02    0.09    0.16    5.99 v _18475_/Y (sky130_fd_sc_hd__xnor2_4)
                                         _06881_ (net)
                  0.09    0.00    5.99 v _18476_/B (sky130_fd_sc_hd__nor2_8)
     5    0.07    0.28    0.25    6.25 ^ _18476_/Y (sky130_fd_sc_hd__nor2_8)
                                         hash.CA1.S1.X[25] (net)
                  0.28    0.01    6.25 ^ _18854_/B (sky130_fd_sc_hd__xnor2_4)
     1    0.02    0.22    0.19    6.44 ^ _18854_/Y (sky130_fd_sc_hd__xnor2_4)
                                         _14030_ (net)
                  0.22    0.00    6.44 ^ _28164_/A (sky130_fd_sc_hd__ha_4)
     3    0.02    0.07    0.20    6.64 ^ _28164_/COUT (sky130_fd_sc_hd__ha_4)
                                         _14031_ (net)
                  0.07    0.00    6.64 ^ _19198_/A (sky130_fd_sc_hd__inv_2)
     1    0.01    0.03    0.05    6.68 v _19198_/Y (sky130_fd_sc_hd__inv_2)
                                         _12671_ (net)
                  0.03    0.00    6.68 v _27748_/CIN (sky130_fd_sc_hd__fa_2)
     2    0.01    0.09    0.37    7.05 v _27748_/COUT (sky130_fd_sc_hd__fa_2)
                                         _12674_ (net)
                  0.09    0.00    7.05 v _18880_/A (sky130_fd_sc_hd__nor2b_1)
     1    0.00    0.10    0.13    7.18 ^ _18880_/Y (sky130_fd_sc_hd__nor2b_1)
                                         _07127_ (net)
                  0.10    0.00    7.18 ^ _18881_/A2 (sky130_fd_sc_hd__o21ai_1)
     2    0.01    0.09    0.09    7.27 v _18881_/Y (sky130_fd_sc_hd__o21ai_1)
                                         _07128_ (net)
                  0.09    0.00    7.27 v _18894_/A2 (sky130_fd_sc_hd__a21boi_1)
     1    0.01    0.17    0.20    7.48 ^ _18894_/Y (sky130_fd_sc_hd__a21boi_1)
                                         _07136_ (net)
                  0.17    0.00    7.48 ^ _18895_/A1 (sky130_fd_sc_hd__o21ai_2)
     3    0.02    0.09    0.13    7.61 v _18895_/Y (sky130_fd_sc_hd__o21ai_2)
                                         _07137_ (net)
                  0.09    0.00    7.61 v _18939_/A1 (sky130_fd_sc_hd__a211oi_4)
     3    0.02    0.32    0.34    7.95 ^ _18939_/Y (sky130_fd_sc_hd__a211oi_4)
                                         _07170_ (net)
                  0.32    0.00    7.95 ^ _18974_/A1 (sky130_fd_sc_hd__o21a_1)
     3    0.02    0.17    0.27    8.22 ^ _18974_/X (sky130_fd_sc_hd__o21a_1)
                                         _07198_ (net)
                  0.17    0.00    8.22 ^ _18975_/A1 (sky130_fd_sc_hd__a21o_1)
     2    0.01    0.10    0.18    8.41 ^ _18975_/X (sky130_fd_sc_hd__a21o_1)
                                         _07199_ (net)
                  0.10    0.00    8.41 ^ _19155_/B_N (sky130_fd_sc_hd__nor2b_4)
     2    0.01    0.12    0.19    8.59 ^ _19155_/Y (sky130_fd_sc_hd__nor2b_4)
                                         _07343_ (net)
                  0.12    0.00    8.59 ^ _19161_/A2 (sky130_fd_sc_hd__o21ai_2)
     1    0.00    0.07    0.06    8.66 v _19161_/Y (sky130_fd_sc_hd__o21ai_2)
                                         _07347_ (net)
                  0.07    0.00    8.66 v _19162_/B (sky130_fd_sc_hd__nand2b_1)
     1    0.01    0.13    0.14    8.79 ^ _19162_/Y (sky130_fd_sc_hd__nand2b_1)
                                         _07348_ (net)
                  0.13    0.00    8.79 ^ _19163_/A2 (sky130_fd_sc_hd__a21oi_4)
     2    0.02    0.08    0.10    8.89 v _19163_/Y (sky130_fd_sc_hd__a21oi_4)
                                         _07349_ (net)
                  0.08    0.00    8.89 v _20457_/B (sky130_fd_sc_hd__xnor2_2)
     1    0.01    0.08    0.16    9.05 v _20457_/Y (sky130_fd_sc_hd__xnor2_2)
                                         _12759_ (net)
                  0.08    0.00    9.05 v _27766_/B (sky130_fd_sc_hd__fa_1)
     1    0.01    0.13    0.57    9.62 ^ _27766_/SUM (sky130_fd_sc_hd__fa_1)
                                         _12763_ (net)
                  0.13    0.00    9.62 ^ _28217_/B (sky130_fd_sc_hd__ha_4)
     5    0.02    0.05    0.23    9.85 v _28217_/SUM (sky130_fd_sc_hd__ha_4)
                                         _14187_ (net)
                  0.05    0.00    9.85 v _23889_/B1 (sky130_fd_sc_hd__o21a_1)
     1    0.00    0.04    0.11    9.96 v _23889_/X (sky130_fd_sc_hd__o21a_1)
                                         _09685_ (net)
                  0.04    0.00    9.96 v _23890_/A2 (sky130_fd_sc_hd__o211ai_2)
     3    0.02    0.25    0.23   10.20 ^ _23890_/Y (sky130_fd_sc_hd__o211ai_2)
                                         _09686_ (net)
                  0.25    0.00   10.20 ^ _23892_/C (sky130_fd_sc_hd__nor3_1)
     1    0.00    0.06    0.08   10.28 v _23892_/Y (sky130_fd_sc_hd__nor3_1)
                                         _09688_ (net)
                  0.06    0.00   10.28 v _23896_/A3 (sky130_fd_sc_hd__a32o_2)
     3    0.03    0.09    0.33   10.60 v _23896_/X (sky130_fd_sc_hd__a32o_2)
                                         _09692_ (net)
                  0.09    0.00   10.60 v _23912_/D (sky130_fd_sc_hd__or4_4)
     2    0.01    0.10    0.45   11.05 v _23912_/X (sky130_fd_sc_hd__or4_4)
                                         _09704_ (net)
                  0.10    0.00   11.05 v _23927_/A1 (sky130_fd_sc_hd__a311oi_2)
     1    0.01    0.23    0.24   11.30 ^ _23927_/Y (sky130_fd_sc_hd__a311oi_2)
                                         _09717_ (net)
                  0.23    0.00   11.30 ^ _23929_/B (sky130_fd_sc_hd__nor2_2)
     3    0.02    0.10    0.11   11.41 v _23929_/Y (sky130_fd_sc_hd__nor2_2)
                                         _09719_ (net)
                  0.10    0.00   11.41 v _23951_/A2 (sky130_fd_sc_hd__o211a_1)
     2    0.01    0.08    0.27   11.68 v _23951_/X (sky130_fd_sc_hd__o211a_1)
                                         _09737_ (net)
                  0.08    0.00   11.68 v _23953_/C (sky130_fd_sc_hd__nor4b_2)
     1    0.00    0.22    0.24   11.92 ^ _23953_/Y (sky130_fd_sc_hd__nor4b_2)
                                         _09739_ (net)
                  0.22    0.00   11.92 ^ _23958_/B1 (sky130_fd_sc_hd__a211oi_1)
     1    0.01    0.08    0.10   12.02 v _23958_/Y (sky130_fd_sc_hd__a211oi_1)
                                         _09744_ (net)
                  0.08    0.00   12.02 v _23959_/B (sky130_fd_sc_hd__xnor2_1)
     1    0.00    0.07    0.13   12.16 v _23959_/Y (sky130_fd_sc_hd__xnor2_1)
                                         hash.CA1.p3[31] (net)
                  0.07    0.00   12.16 v hash.p3_cap[31]$_DFF_P_/D (sky130_fd_sc_hd__dfxtp_1)
                                 12.16   data arrival time

                         10.00   10.00   clock core_clock (rise edge)
                          0.00   10.00   clock source latency
     2    0.13    0.00    0.00   10.00 ^ clk (in)
                                         clk (net)
                  0.01    0.01   10.01 ^ clkbuf_0_clk/A (sky130_fd_sc_hd__clkbuf_16)
     4    0.18    0.20    0.23   10.23 ^ clkbuf_0_clk/X (sky130_fd_sc_hd__clkbuf_16)
                                         clknet_0_clk (net)
                  0.20    0.01   10.24 ^ clkbuf_2_3_0_clk/A (sky130_fd_sc_hd__clkbuf_16)
     8    0.20    0.21    0.30   10.54 ^ clkbuf_2_3_0_clk/X (sky130_fd_sc_hd__clkbuf_16)
                                         clknet_2_3_0_clk (net)
                  0.21    0.01   10.55 ^ clkbuf_5_31__f_clk/A (sky130_fd_sc_hd__clkbuf_16)
    11    0.16    0.17    0.28   10.83 ^ clkbuf_5_31__f_clk/X (sky130_fd_sc_hd__clkbuf_16)
                                         clknet_5_31__leaf_clk (net)
                  0.17    0.00   10.83 ^ clkbuf_leaf_138_clk/A (sky130_fd_sc_hd__clkbuf_16)
    12    0.05    0.07    0.19   11.02 ^ clkbuf_leaf_138_clk/X (sky130_fd_sc_hd__clkbuf_16)
                                         clknet_leaf_138_clk (net)
                  0.07    0.00   11.02 ^ hash.p3_cap[31]$_DFF_P_/CLK (sky130_fd_sc_hd__dfxtp_1)
                          0.00   11.02   clock reconvergence pessimism
                         -0.12   10.90   library setup time
                                 10.90   data required time
-----------------------------------------------------------------------------
                                 10.90   data required time
                                -12.16   data arrival time
-----------------------------------------------------------------------------
                                 -1.25   slack (VIOLATED)



==========================================================================
global route report_checks -unconstrained
--------------------------------------------------------------------------
Startpoint: hash.p2_cap[25]$_DFF_P_
            (rising edge-triggered flip-flop clocked by core_clock)
Endpoint: hash.p3_cap[31]$_DFF_P_
          (rising edge-triggered flip-flop clocked by core_clock)
Path Group: core_clock
Path Type: max

Fanout     Cap    Slew   Delay    Time   Description
-----------------------------------------------------------------------------
                          0.00    0.00   clock core_clock (rise edge)
                          0.00    0.00   clock source latency
     2    0.13    0.00    0.00    0.00 ^ clk (in)
                                         clk (net)
                  0.01    0.01    0.01 ^ clkbuf_0_clk/A (sky130_fd_sc_hd__clkbuf_16)
     4    0.18    0.20    0.23    0.23 ^ clkbuf_0_clk/X (sky130_fd_sc_hd__clkbuf_16)
                                         clknet_0_clk (net)
                  0.20    0.01    0.24 ^ clkbuf_2_3_0_clk/A (sky130_fd_sc_hd__clkbuf_16)
     8    0.20    0.21    0.30    0.54 ^ clkbuf_2_3_0_clk/X (sky130_fd_sc_hd__clkbuf_16)
                                         clknet_2_3_0_clk (net)
                  0.21    0.01    0.55 ^ clkbuf_5_29__f_clk/A (sky130_fd_sc_hd__clkbuf_16)
    11    0.16    0.17    0.28    0.83 ^ clkbuf_5_29__f_clk/X (sky130_fd_sc_hd__clkbuf_16)
                                         clknet_5_29__leaf_clk (net)
                  0.17    0.00    0.83 ^ clkbuf_leaf_129_clk/A (sky130_fd_sc_hd__clkbuf_16)
    12    0.04    0.06    0.19    1.02 ^ clkbuf_leaf_129_clk/X (sky130_fd_sc_hd__clkbuf_16)
                                         clknet_leaf_129_clk (net)
                  0.06    0.00    1.02 ^ hash.p2_cap[25]$_DFF_P_/CLK (sky130_fd_sc_hd__dfxtp_4)
     3    0.02    0.05    0.37    1.39 v hash.p2_cap[25]$_DFF_P_/Q (sky130_fd_sc_hd__dfxtp_4)
                                         hash.CA2.S1.X[25] (net)
                  0.05    0.00    1.39 v rebuffer107/A (sky130_fd_sc_hd__buf_12)
     6    0.05    0.04    0.15    1.53 v rebuffer107/X (sky130_fd_sc_hd__buf_12)
                                         net1121 (net)
                  0.04    0.00    1.54 v _15161_/B (sky130_fd_sc_hd__xnor2_4)
     1    0.01    0.07    0.13    1.67 v _15161_/Y (sky130_fd_sc_hd__xnor2_4)
                                         _04553_ (net)
                  0.07    0.00    1.67 v _15162_/B (sky130_fd_sc_hd__xnor2_2)
     1    0.02    0.26    0.24    1.90 ^ _15162_/Y (sky130_fd_sc_hd__xnor2_2)
                                         _13398_ (net)
                  0.26    0.00    1.91 ^ _27949_/A (sky130_fd_sc_hd__ha_2)
     2    0.01    0.07    0.24    2.15 ^ _27949_/COUT (sky130_fd_sc_hd__ha_2)
                                         _13399_ (net)
                  0.07    0.00    2.15 ^ _19178_/A (sky130_fd_sc_hd__inv_2)
     1    0.01    0.03    0.05    2.19 v _19178_/Y (sky130_fd_sc_hd__inv_2)
                                         _12254_ (net)
                  0.03    0.00    2.19 v _27652_/A (sky130_fd_sc_hd__fa_2)
     2    0.01    0.07    0.39    2.58 v _27652_/COUT (sky130_fd_sc_hd__fa_2)
                                         _12257_ (net)
                  0.07    0.00    2.58 v _15307_/A (sky130_fd_sc_hd__nor2b_2)
     1    0.01    0.11    0.15    2.73 ^ _15307_/Y (sky130_fd_sc_hd__nor2b_2)
                                         _04679_ (net)
                  0.11    0.00    2.73 ^ _15308_/A2 (sky130_fd_sc_hd__o21ai_2)
     2    0.01    0.06    0.08    2.81 v _15308_/Y (sky130_fd_sc_hd__o21ai_2)
                                         _04680_ (net)
                  0.06    0.00    2.81 v _15309_/A1 (sky130_fd_sc_hd__a21boi_2)
     2    0.01    0.16    0.18    2.98 ^ _15309_/Y (sky130_fd_sc_hd__a21boi_2)
                                         _04681_ (net)
                  0.16    0.00    2.98 ^ _15365_/A1 (sky130_fd_sc_hd__o21ai_2)
     2    0.02    0.08    0.12    3.10 v _15365_/Y (sky130_fd_sc_hd__o21ai_2)
                                         _04729_ (net)
                  0.08    0.00    3.10 v _15423_/A1 (sky130_fd_sc_hd__a21oi_4)
     3    0.02    0.20    0.21    3.31 ^ _15423_/Y (sky130_fd_sc_hd__a21oi_4)
                                         _04779_ (net)
                  0.20    0.00    3.32 ^ _15499_/A2 (sky130_fd_sc_hd__a21oi_4)
     3    0.02    0.08    0.12    3.43 v _15499_/Y (sky130_fd_sc_hd__a21oi_4)
                                         _04839_ (net)
                  0.08    0.00    3.43 v _15543_/A2 (sky130_fd_sc_hd__o22ai_4)
     3    0.02    0.19    0.20    3.63 ^ _15543_/Y (sky130_fd_sc_hd__o22ai_4)
                                         _04867_ (net)
                  0.19    0.00    3.63 ^ _15570_/A1 (sky130_fd_sc_hd__a31o_1)
     1    0.00    0.06    0.18    3.81 ^ _15570_/X (sky130_fd_sc_hd__a31o_1)
                                         _04886_ (net)
                  0.06    0.00    3.81 ^ _15571_/A1 (sky130_fd_sc_hd__a21o_1)
     2    0.02    0.15    0.19    4.00 ^ _15571_/X (sky130_fd_sc_hd__a21o_1)
                                         _04887_ (net)
                  0.15    0.00    4.00 ^ _15593_/A2 (sky130_fd_sc_hd__a21oi_2)
     2    0.01    0.07    0.10    4.10 v _15593_/Y (sky130_fd_sc_hd__a21oi_2)
                                         _04901_ (net)
                  0.07    0.00    4.10 v _15615_/A2 (sky130_fd_sc_hd__o211ai_2)
     1    0.01    0.19    0.20    4.30 ^ _15615_/Y (sky130_fd_sc_hd__o211ai_2)
                                         _04915_ (net)
                  0.19    0.00    4.30 ^ _15616_/A1 (sky130_fd_sc_hd__a21oi_4)
     2    0.02    0.08    0.10    4.40 v _15616_/Y (sky130_fd_sc_hd__a21oi_4)
                                         _04916_ (net)
                  0.08    0.00    4.40 v _20670_/A (sky130_fd_sc_hd__xnor2_2)
     2    0.01    0.07    0.16    4.56 v _20670_/Y (sky130_fd_sc_hd__xnor2_2)
                                         _13554_ (net)
                  0.07    0.00    4.56 v _28035_/A (sky130_fd_sc_hd__ha_1)
     2    0.01    0.09    0.34    4.90 v _28035_/SUM (sky130_fd_sc_hd__ha_1)
                                         _13661_ (net)
                  0.09    0.00    4.90 v _18449_/A1 (sky130_fd_sc_hd__a21oi_2)
     1    0.01    0.10    0.14    5.04 ^ _18449_/Y (sky130_fd_sc_hd__a21oi_2)
                                         _06859_ (net)
                  0.10    0.00    5.04 ^ _18450_/B1 (sky130_fd_sc_hd__o21ai_1)
     1    0.00    0.06    0.08    5.12 v _18450_/Y (sky130_fd_sc_hd__o21ai_1)
                                         _06860_ (net)
                  0.06    0.00    5.12 v _18451_/B1 (sky130_fd_sc_hd__a21o_1)
     1    0.01    0.07    0.19    5.32 v _18451_/X (sky130_fd_sc_hd__a21o_1)
                                         _06861_ (net)
                  0.07    0.00    5.32 v _18452_/B1 (sky130_fd_sc_hd__a21oi_4)
     3    0.03    0.25    0.24    5.55 ^ _18452_/Y (sky130_fd_sc_hd__a21oi_4)
                                         _06862_ (net)
                  0.25    0.00    5.56 ^ _18474_/A1 (sky130_fd_sc_hd__o21ai_4)
     2    0.02    0.11    0.11    5.67 v _18474_/Y (sky130_fd_sc_hd__o21ai_4)
                                         _06880_ (net)
                  0.11    0.00    5.67 v rebuffer7/A (sky130_fd_sc_hd__buf_6)
     1    0.02    0.03    0.16    5.83 v rebuffer7/X (sky130_fd_sc_hd__buf_6)
                                         net1036 (net)
                  0.03    0.00    5.83 v _18475_/A (sky130_fd_sc_hd__xnor2_4)
     2    0.02    0.09    0.16    5.99 v _18475_/Y (sky130_fd_sc_hd__xnor2_4)
                                         _06881_ (net)
                  0.09    0.00    5.99 v _18476_/B (sky130_fd_sc_hd__nor2_8)
     5    0.07    0.28    0.25    6.25 ^ _18476_/Y (sky130_fd_sc_hd__nor2_8)
                                         hash.CA1.S1.X[25] (net)
                  0.28    0.01    6.25 ^ _18854_/B (sky130_fd_sc_hd__xnor2_4)
     1    0.02    0.22    0.19    6.44 ^ _18854_/Y (sky130_fd_sc_hd__xnor2_4)
                                         _14030_ (net)
                  0.22    0.00    6.44 ^ _28164_/A (sky130_fd_sc_hd__ha_4)
     3    0.02    0.07    0.20    6.64 ^ _28164_/COUT (sky130_fd_sc_hd__ha_4)
                                         _14031_ (net)
                  0.07    0.00    6.64 ^ _19198_/A (sky130_fd_sc_hd__inv_2)
     1    0.01    0.03    0.05    6.68 v _19198_/Y (sky130_fd_sc_hd__inv_2)
                                         _12671_ (net)
                  0.03    0.00    6.68 v _27748_/CIN (sky130_fd_sc_hd__fa_2)
     2    0.01    0.09    0.37    7.05 v _27748_/COUT (sky130_fd_sc_hd__fa_2)
                                         _12674_ (net)
                  0.09    0.00    7.05 v _18880_/A (sky130_fd_sc_hd__nor2b_1)
     1    0.00    0.10    0.13    7.18 ^ _18880_/Y (sky130_fd_sc_hd__nor2b_1)
                                         _07127_ (net)
                  0.10    0.00    7.18 ^ _18881_/A2 (sky130_fd_sc_hd__o21ai_1)
     2    0.01    0.09    0.09    7.27 v _18881_/Y (sky130_fd_sc_hd__o21ai_1)
                                         _07128_ (net)
                  0.09    0.00    7.27 v _18894_/A2 (sky130_fd_sc_hd__a21boi_1)
     1    0.01    0.17    0.20    7.48 ^ _18894_/Y (sky130_fd_sc_hd__a21boi_1)
                                         _07136_ (net)
                  0.17    0.00    7.48 ^ _18895_/A1 (sky130_fd_sc_hd__o21ai_2)
     3    0.02    0.09    0.13    7.61 v _18895_/Y (sky130_fd_sc_hd__o21ai_2)
                                         _07137_ (net)
                  0.09    0.00    7.61 v _18939_/A1 (sky130_fd_sc_hd__a211oi_4)
     3    0.02    0.32    0.34    7.95 ^ _18939_/Y (sky130_fd_sc_hd__a211oi_4)
                                         _07170_ (net)
                  0.32    0.00    7.95 ^ _18974_/A1 (sky130_fd_sc_hd__o21a_1)
     3    0.02    0.17    0.27    8.22 ^ _18974_/X (sky130_fd_sc_hd__o21a_1)
                                         _07198_ (net)
                  0.17    0.00    8.22 ^ _18975_/A1 (sky130_fd_sc_hd__a21o_1)
     2    0.01    0.10    0.18    8.41 ^ _18975_/X (sky130_fd_sc_hd__a21o_1)
                                         _07199_ (net)
                  0.10    0.00    8.41 ^ _19155_/B_N (sky130_fd_sc_hd__nor2b_4)
     2    0.01    0.12    0.19    8.59 ^ _19155_/Y (sky130_fd_sc_hd__nor2b_4)
                                         _07343_ (net)
                  0.12    0.00    8.59 ^ _19161_/A2 (sky130_fd_sc_hd__o21ai_2)
     1    0.00    0.07    0.06    8.66 v _19161_/Y (sky130_fd_sc_hd__o21ai_2)
                                         _07347_ (net)
                  0.07    0.00    8.66 v _19162_/B (sky130_fd_sc_hd__nand2b_1)
     1    0.01    0.13    0.14    8.79 ^ _19162_/Y (sky130_fd_sc_hd__nand2b_1)
                                         _07348_ (net)
                  0.13    0.00    8.79 ^ _19163_/A2 (sky130_fd_sc_hd__a21oi_4)
     2    0.02    0.08    0.10    8.89 v _19163_/Y (sky130_fd_sc_hd__a21oi_4)
                                         _07349_ (net)
                  0.08    0.00    8.89 v _20457_/B (sky130_fd_sc_hd__xnor2_2)
     1    0.01    0.08    0.16    9.05 v _20457_/Y (sky130_fd_sc_hd__xnor2_2)
                                         _12759_ (net)
                  0.08    0.00    9.05 v _27766_/B (sky130_fd_sc_hd__fa_1)
     1    0.01    0.13    0.57    9.62 ^ _27766_/SUM (sky130_fd_sc_hd__fa_1)
                                         _12763_ (net)
                  0.13    0.00    9.62 ^ _28217_/B (sky130_fd_sc_hd__ha_4)
     5    0.02    0.05    0.23    9.85 v _28217_/SUM (sky130_fd_sc_hd__ha_4)
                                         _14187_ (net)
                  0.05    0.00    9.85 v _23889_/B1 (sky130_fd_sc_hd__o21a_1)
     1    0.00    0.04    0.11    9.96 v _23889_/X (sky130_fd_sc_hd__o21a_1)
                                         _09685_ (net)
                  0.04    0.00    9.96 v _23890_/A2 (sky130_fd_sc_hd__o211ai_2)
     3    0.02    0.25    0.23   10.20 ^ _23890_/Y (sky130_fd_sc_hd__o211ai_2)
                                         _09686_ (net)
                  0.25    0.00   10.20 ^ _23892_/C (sky130_fd_sc_hd__nor3_1)
     1    0.00    0.06    0.08   10.28 v _23892_/Y (sky130_fd_sc_hd__nor3_1)
                                         _09688_ (net)
                  0.06    0.00   10.28 v _23896_/A3 (sky130_fd_sc_hd__a32o_2)
     3    0.03    0.09    0.33   10.60 v _23896_/X (sky130_fd_sc_hd__a32o_2)
                                         _09692_ (net)
                  0.09    0.00   10.60 v _23912_/D (sky130_fd_sc_hd__or4_4)
     2    0.01    0.10    0.45   11.05 v _23912_/X (sky130_fd_sc_hd__or4_4)
                                         _09704_ (net)
                  0.10    0.00   11.05 v _23927_/A1 (sky130_fd_sc_hd__a311oi_2)
     1    0.01    0.23    0.24   11.30 ^ _23927_/Y (sky130_fd_sc_hd__a311oi_2)
                                         _09717_ (net)
                  0.23    0.00   11.30 ^ _23929_/B (sky130_fd_sc_hd__nor2_2)
     3    0.02    0.10    0.11   11.41 v _23929_/Y (sky130_fd_sc_hd__nor2_2)
                                         _09719_ (net)
                  0.10    0.00   11.41 v _23951_/A2 (sky130_fd_sc_hd__o211a_1)
     2    0.01    0.08    0.27   11.68 v _23951_/X (sky130_fd_sc_hd__o211a_1)
                                         _09737_ (net)
                  0.08    0.00   11.68 v _23953_/C (sky130_fd_sc_hd__nor4b_2)
     1    0.00    0.22    0.24   11.92 ^ _23953_/Y (sky130_fd_sc_hd__nor4b_2)
                                         _09739_ (net)
                  0.22    0.00   11.92 ^ _23958_/B1 (sky130_fd_sc_hd__a211oi_1)
     1    0.01    0.08    0.10   12.02 v _23958_/Y (sky130_fd_sc_hd__a211oi_1)
                                         _09744_ (net)
                  0.08    0.00   12.02 v _23959_/B (sky130_fd_sc_hd__xnor2_1)
     1    0.00    0.07    0.13   12.16 v _23959_/Y (sky130_fd_sc_hd__xnor2_1)
                                         hash.CA1.p3[31] (net)
                  0.07    0.00   12.16 v hash.p3_cap[31]$_DFF_P_/D (sky130_fd_sc_hd__dfxtp_1)
                                 12.16   data arrival time

                         10.00   10.00   clock core_clock (rise edge)
                          0.00   10.00   clock source latency
     2    0.13    0.00    0.00   10.00 ^ clk (in)
                                         clk (net)
                  0.01    0.01   10.01 ^ clkbuf_0_clk/A (sky130_fd_sc_hd__clkbuf_16)
     4    0.18    0.20    0.23   10.23 ^ clkbuf_0_clk/X (sky130_fd_sc_hd__clkbuf_16)
                                         clknet_0_clk (net)
                  0.20    0.01   10.24 ^ clkbuf_2_3_0_clk/A (sky130_fd_sc_hd__clkbuf_16)
     8    0.20    0.21    0.30   10.54 ^ clkbuf_2_3_0_clk/X (sky130_fd_sc_hd__clkbuf_16)
                                         clknet_2_3_0_clk (net)
                  0.21    0.01   10.55 ^ clkbuf_5_31__f_clk/A (sky130_fd_sc_hd__clkbuf_16)
    11    0.16    0.17    0.28   10.83 ^ clkbuf_5_31__f_clk/X (sky130_fd_sc_hd__clkbuf_16)
                                         clknet_5_31__leaf_clk (net)
                  0.17    0.00   10.83 ^ clkbuf_leaf_138_clk/A (sky130_fd_sc_hd__clkbuf_16)
    12    0.05    0.07    0.19   11.02 ^ clkbuf_leaf_138_clk/X (sky130_fd_sc_hd__clkbuf_16)
                                         clknet_leaf_138_clk (net)
                  0.07    0.00   11.02 ^ hash.p3_cap[31]$_DFF_P_/CLK (sky130_fd_sc_hd__dfxtp_1)
                          0.00   11.02   clock reconvergence pessimism
                         -0.12   10.90   library setup time
                                 10.90   data required time
-----------------------------------------------------------------------------
                                 10.90   data required time
                                -12.16   data arrival time
-----------------------------------------------------------------------------
                                 -1.25   slack (VIOLATED)



==========================================================================
global route report_check_types -max_slew -max_cap -max_fanout -violators
--------------------------------------------------------------------------

==========================================================================
global route max_slew_check_slack
--------------------------------------------------------------------------
0.16821788251399994

==========================================================================
global route max_slew_check_limit
--------------------------------------------------------------------------
1.5

==========================================================================
global route max_slew_check_slack_limit
--------------------------------------------------------------------------
0.1121

==========================================================================
global route max_fanout_check_slack
--------------------------------------------------------------------------
1.0000000150474662e+30

==========================================================================
global route max_fanout_check_limit
--------------------------------------------------------------------------
1.0000000150474662e+30

==========================================================================
global route max_capacitance_check_slack
--------------------------------------------------------------------------
0.014972914941608906

==========================================================================
global route max_capacitance_check_limit
--------------------------------------------------------------------------
0.021067000925540924

==========================================================================
global route max_capacitance_check_slack_limit
--------------------------------------------------------------------------
0.7107

==========================================================================
global route max_slew_violation_count
--------------------------------------------------------------------------
max slew violation count 0

==========================================================================
global route max_fanout_violation_count
--------------------------------------------------------------------------
max fanout violation count 0

==========================================================================
global route max_cap_violation_count
--------------------------------------------------------------------------
max cap violation count 0

==========================================================================
global route setup_violation_count
--------------------------------------------------------------------------
setup violation count 62

==========================================================================
global route hold_violation_count
--------------------------------------------------------------------------
hold violation count 0

==========================================================================
global route report_checks -path_delay max reg to reg
--------------------------------------------------------------------------
Startpoint: hash.p2_cap[25]$_DFF_P_
            (rising edge-triggered flip-flop clocked by core_clock)
Endpoint: hash.p3_cap[31]$_DFF_P_
          (rising edge-triggered flip-flop clocked by core_clock)
Path Group: core_clock
Path Type: max

  Delay    Time   Description
---------------------------------------------------------
   0.00    0.00   clock core_clock (rise edge)
   0.00    0.00   clock source latency
   0.00    0.00 ^ clk (in)
   0.23    0.23 ^ clkbuf_0_clk/X (sky130_fd_sc_hd__clkbuf_16)
   0.31    0.54 ^ clkbuf_2_3_0_clk/X (sky130_fd_sc_hd__clkbuf_16)
   0.29    0.83 ^ clkbuf_5_29__f_clk/X (sky130_fd_sc_hd__clkbuf_16)
   0.19    1.02 ^ clkbuf_leaf_129_clk/X (sky130_fd_sc_hd__clkbuf_16)
   0.00    1.02 ^ hash.p2_cap[25]$_DFF_P_/CLK (sky130_fd_sc_hd__dfxtp_4)
   0.37    1.39 v hash.p2_cap[25]$_DFF_P_/Q (sky130_fd_sc_hd__dfxtp_4)
   0.15    1.53 v rebuffer107/X (sky130_fd_sc_hd__buf_12)
   0.13    1.67 v _15161_/Y (sky130_fd_sc_hd__xnor2_4)
   0.24    1.90 ^ _15162_/Y (sky130_fd_sc_hd__xnor2_2)
   0.24    2.15 ^ _27949_/COUT (sky130_fd_sc_hd__ha_2)
   0.05    2.19 v _19178_/Y (sky130_fd_sc_hd__inv_2)
   0.39    2.58 v _27652_/COUT (sky130_fd_sc_hd__fa_2)
   0.15    2.73 ^ _15307_/Y (sky130_fd_sc_hd__nor2b_2)
   0.08    2.81 v _15308_/Y (sky130_fd_sc_hd__o21ai_2)
   0.18    2.98 ^ _15309_/Y (sky130_fd_sc_hd__a21boi_2)
   0.12    3.10 v _15365_/Y (sky130_fd_sc_hd__o21ai_2)
   0.21    3.31 ^ _15423_/Y (sky130_fd_sc_hd__a21oi_4)
   0.12    3.43 v _15499_/Y (sky130_fd_sc_hd__a21oi_4)
   0.20    3.63 ^ _15543_/Y (sky130_fd_sc_hd__o22ai_4)
   0.18    3.81 ^ _15570_/X (sky130_fd_sc_hd__a31o_1)
   0.19    4.00 ^ _15571_/X (sky130_fd_sc_hd__a21o_1)
   0.10    4.10 v _15593_/Y (sky130_fd_sc_hd__a21oi_2)
   0.20    4.30 ^ _15615_/Y (sky130_fd_sc_hd__o211ai_2)
   0.10    4.40 v _15616_/Y (sky130_fd_sc_hd__a21oi_4)
   0.16    4.56 v _20670_/Y (sky130_fd_sc_hd__xnor2_2)
   0.34    4.90 v _28035_/SUM (sky130_fd_sc_hd__ha_1)
   0.14    5.04 ^ _18449_/Y (sky130_fd_sc_hd__a21oi_2)
   0.08    5.12 v _18450_/Y (sky130_fd_sc_hd__o21ai_1)
   0.19    5.32 v _18451_/X (sky130_fd_sc_hd__a21o_1)
   0.24    5.55 ^ _18452_/Y (sky130_fd_sc_hd__a21oi_4)
   0.12    5.67 v _18474_/Y (sky130_fd_sc_hd__o21ai_4)
   0.16    5.83 v rebuffer7/X (sky130_fd_sc_hd__buf_6)
   0.16    5.99 v _18475_/Y (sky130_fd_sc_hd__xnor2_4)
   0.25    6.25 ^ _18476_/Y (sky130_fd_sc_hd__nor2_8)
   0.19    6.44 ^ _18854_/Y (sky130_fd_sc_hd__xnor2_4)
   0.20    6.64 ^ _28164_/COUT (sky130_fd_sc_hd__ha_4)
   0.05    6.68 v _19198_/Y (sky130_fd_sc_hd__inv_2)
   0.37    7.05 v _27748_/COUT (sky130_fd_sc_hd__fa_2)
   0.13    7.18 ^ _18880_/Y (sky130_fd_sc_hd__nor2b_1)
   0.09    7.27 v _18881_/Y (sky130_fd_sc_hd__o21ai_1)
   0.20    7.48 ^ _18894_/Y (sky130_fd_sc_hd__a21boi_1)
   0.13    7.61 v _18895_/Y (sky130_fd_sc_hd__o21ai_2)
   0.34    7.95 ^ _18939_/Y (sky130_fd_sc_hd__a211oi_4)
   0.27    8.22 ^ _18974_/X (sky130_fd_sc_hd__o21a_1)
   0.18    8.41 ^ _18975_/X (sky130_fd_sc_hd__a21o_1)
   0.19    8.59 ^ _19155_/Y (sky130_fd_sc_hd__nor2b_4)
   0.06    8.66 v _19161_/Y (sky130_fd_sc_hd__o21ai_2)
   0.14    8.79 ^ _19162_/Y (sky130_fd_sc_hd__nand2b_1)
   0.10    8.89 v _19163_/Y (sky130_fd_sc_hd__a21oi_4)
   0.16    9.05 v _20457_/Y (sky130_fd_sc_hd__xnor2_2)
   0.57    9.62 ^ _27766_/SUM (sky130_fd_sc_hd__fa_1)
   0.23    9.85 v _28217_/SUM (sky130_fd_sc_hd__ha_4)
   0.11    9.96 v _23889_/X (sky130_fd_sc_hd__o21a_1)
   0.23   10.20 ^ _23890_/Y (sky130_fd_sc_hd__o211ai_2)
   0.08   10.28 v _23892_/Y (sky130_fd_sc_hd__nor3_1)
   0.33   10.60 v _23896_/X (sky130_fd_sc_hd__a32o_2)
   0.45   11.05 v _23912_/X (sky130_fd_sc_hd__or4_4)
   0.25   11.30 ^ _23927_/Y (sky130_fd_sc_hd__a311oi_2)
   0.11   11.41 v _23929_/Y (sky130_fd_sc_hd__nor2_2)
   0.27   11.68 v _23951_/X (sky130_fd_sc_hd__o211a_1)
   0.24   11.92 ^ _23953_/Y (sky130_fd_sc_hd__nor4b_2)
   0.10   12.02 v _23958_/Y (sky130_fd_sc_hd__a211oi_1)
   0.13   12.16 v _23959_/Y (sky130_fd_sc_hd__xnor2_1)
   0.00   12.16 v hash.p3_cap[31]$_DFF_P_/D (sky130_fd_sc_hd__dfxtp_1)
          12.16   data arrival time

  10.00   10.00   clock core_clock (rise edge)
   0.00   10.00   clock source latency
   0.00   10.00 ^ clk (in)
   0.23   10.23 ^ clkbuf_0_clk/X (sky130_fd_sc_hd__clkbuf_16)
   0.31   10.54 ^ clkbuf_2_3_0_clk/X (sky130_fd_sc_hd__clkbuf_16)
   0.28   10.83 ^ clkbuf_5_31__f_clk/X (sky130_fd_sc_hd__clkbuf_16)
   0.19   11.02 ^ clkbuf_leaf_138_clk/X (sky130_fd_sc_hd__clkbuf_16)
   0.00   11.02 ^ hash.p3_cap[31]$_DFF_P_/CLK (sky130_fd_sc_hd__dfxtp_1)
   0.00   11.02   clock reconvergence pessimism
  -0.12   10.90   library setup time
          10.90   data required time
---------------------------------------------------------
          10.90   data required time
         -12.16   data arrival time
---------------------------------------------------------
          -1.25   slack (VIOLATED)



==========================================================================
global route report_checks -path_delay min reg to reg
--------------------------------------------------------------------------
Startpoint: ready_dash$_SDFF_PP0_
            (rising edge-triggered flip-flop clocked by core_clock)
Endpoint: ready$_DFF_P_ (rising edge-triggered flip-flop clocked by core_clock)
Path Group: core_clock
Path Type: min

  Delay    Time   Description
---------------------------------------------------------
   0.00    0.00   clock core_clock (rise edge)
   0.00    0.00   clock source latency
   0.00    0.00 ^ clk (in)
   0.23    0.23 ^ clkbuf_0_clk/X (sky130_fd_sc_hd__clkbuf_16)
   0.30    0.53 ^ clkbuf_2_1_0_clk/X (sky130_fd_sc_hd__clkbuf_16)
   0.27    0.80 ^ clkbuf_5_15__f_clk/X (sky130_fd_sc_hd__clkbuf_16)
   0.18    0.99 ^ clkbuf_leaf_199_clk/X (sky130_fd_sc_hd__clkbuf_16)
   0.00    0.99 ^ ready_dash$_SDFF_PP0_/CLK (sky130_fd_sc_hd__dfxtp_1)
   0.30    1.29 v ready_dash$_SDFF_PP0_/Q (sky130_fd_sc_hd__dfxtp_1)
   0.00    1.29 v ready$_DFF_P_/D (sky130_fd_sc_hd__dfxtp_4)
           1.29   data arrival time

   0.00    0.00   clock core_clock (rise edge)
   0.00    0.00   clock source latency
   0.00    0.00 ^ clk (in)
   0.23    0.23 ^ clkbuf_0_clk/X (sky130_fd_sc_hd__clkbuf_16)
   0.30    0.53 ^ clkbuf_2_1_0_clk/X (sky130_fd_sc_hd__clkbuf_16)
   0.27    0.80 ^ clkbuf_5_15__f_clk/X (sky130_fd_sc_hd__clkbuf_16)
   0.18    0.99 ^ clkbuf_leaf_199_clk/X (sky130_fd_sc_hd__clkbuf_16)
   0.00    0.99 ^ ready$_DFF_P_/CLK (sky130_fd_sc_hd__dfxtp_4)
   0.00    0.99   clock reconvergence pessimism
  -0.03    0.96   library hold time
           0.96   data required time
---------------------------------------------------------
           0.96   data required time
          -1.29   data arrival time
---------------------------------------------------------
           0.33   slack (MET)



==========================================================================
global route critical path target clock latency max path
--------------------------------------------------------------------------
0.9812

==========================================================================
global route critical path target clock latency min path
--------------------------------------------------------------------------
1.0185

==========================================================================
global route critical path source clock latency min path
--------------------------------------------------------------------------
0.0000

==========================================================================
global route critical path delay
--------------------------------------------------------------------------
12.1567

==========================================================================
global route critical path slack
--------------------------------------------------------------------------
-1.2532

==========================================================================
global route slack div critical path delay
--------------------------------------------------------------------------
-10.308719

==========================================================================
global route report_power
--------------------------------------------------------------------------
Group                  Internal  Switching    Leakage      Total
                          Power      Power      Power      Power (Watts)
----------------------------------------------------------------
Sequential             2.40e-02   2.72e-03   2.77e-08   2.67e-02   4.4%
Combinational          2.21e-01   3.46e-01   7.05e-08   5.67e-01  93.5%
Clock                  7.11e-03   5.81e-03   5.36e-09   1.29e-02   2.1%
Macro                  0.00e+00   0.00e+00   0.00e+00   0.00e+00   0.0%
Pad                    0.00e+00   0.00e+00   0.00e+00   0.00e+00   0.0%
----------------------------------------------------------------
Total                  2.52e-01   3.55e-01   1.03e-07   6.06e-01 100.0%
                          41.5%      58.5%       0.0%
