
==========================================================================
finish report_tns
--------------------------------------------------------------------------
tns -5.66

==========================================================================
finish report_wns
--------------------------------------------------------------------------
wns -0.93

==========================================================================
finish report_worst_slack
--------------------------------------------------------------------------
worst slack -0.93

==========================================================================
finish report_clock_skew
--------------------------------------------------------------------------
Clock core_clock
   1.09 source latency w[0][6]$_DFFE_PP_/CLK ^
  -1.01 target latency w[46][13]$_SDFFCE_PN0P_/CLK ^
   0.00 CRPR
--------------
   0.07 setup skew


==========================================================================
finish report_checks -path_delay min
--------------------------------------------------------------------------
Startpoint: ready_dash$_SDFF_PP0_
            (rising edge-triggered flip-flop clocked by core_clock)
Endpoint: ready$_DFF_P_ (rising edge-triggered flip-flop clocked by core_clock)
Path Group: core_clock
Path Type: min

Fanout     Cap    Slew   Delay    Time   Description
-----------------------------------------------------------------------------
                          0.00    0.00   clock core_clock (rise edge)
                          0.00    0.00   clock source latency
     2    0.12    0.00    0.00    0.00 ^ clk (in)
                                         clk (net)
                  0.01    0.01    0.01 ^ clkbuf_0_clk/A (sky130_fd_sc_hd__clkbuf_16)
     4    0.21    0.22    0.25    0.26 ^ clkbuf_0_clk/X (sky130_fd_sc_hd__clkbuf_16)
                                         clknet_0_clk (net)
                  0.22    0.01    0.26 ^ clkbuf_2_1_0_clk/A (sky130_fd_sc_hd__clkbuf_16)
     8    0.20    0.21    0.31    0.57 ^ clkbuf_2_1_0_clk/X (sky130_fd_sc_hd__clkbuf_16)
                                         clknet_2_1_0_clk (net)
                  0.21    0.01    0.58 ^ clkbuf_5_15__f_clk/A (sky130_fd_sc_hd__clkbuf_16)
    10    0.15    0.16    0.27    0.85 ^ clkbuf_5_15__f_clk/X (sky130_fd_sc_hd__clkbuf_16)
                                         clknet_5_15__leaf_clk (net)
                  0.16    0.01    0.86 ^ clkbuf_leaf_199_clk/A (sky130_fd_sc_hd__clkbuf_16)
    11    0.03    0.05    0.18    1.04 ^ clkbuf_leaf_199_clk/X (sky130_fd_sc_hd__clkbuf_16)
                                         clknet_leaf_199_clk (net)
                  0.05    0.00    1.04 ^ ready_dash$_SDFF_PP0_/CLK (sky130_fd_sc_hd__dfxtp_1)
     1    0.00    0.02    0.29    1.33 v ready_dash$_SDFF_PP0_/Q (sky130_fd_sc_hd__dfxtp_1)
                                         ready_dash (net)
                  0.02    0.00    1.33 v ready$_DFF_P_/D (sky130_fd_sc_hd__dfxtp_4)
                                  1.33   data arrival time

                          0.00    0.00   clock core_clock (rise edge)
                          0.00    0.00   clock source latency
     2    0.12    0.00    0.00    0.00 ^ clk (in)
                                         clk (net)
                  0.01    0.01    0.01 ^ clkbuf_0_clk/A (sky130_fd_sc_hd__clkbuf_16)
     4    0.21    0.22    0.25    0.26 ^ clkbuf_0_clk/X (sky130_fd_sc_hd__clkbuf_16)
                                         clknet_0_clk (net)
                  0.22    0.01    0.26 ^ clkbuf_2_1_0_clk/A (sky130_fd_sc_hd__clkbuf_16)
     8    0.20    0.21    0.31    0.57 ^ clkbuf_2_1_0_clk/X (sky130_fd_sc_hd__clkbuf_16)
                                         clknet_2_1_0_clk (net)
                  0.21    0.01    0.58 ^ clkbuf_5_15__f_clk/A (sky130_fd_sc_hd__clkbuf_16)
    10    0.15    0.16    0.27    0.85 ^ clkbuf_5_15__f_clk/X (sky130_fd_sc_hd__clkbuf_16)
                                         clknet_5_15__leaf_clk (net)
                  0.16    0.01    0.86 ^ clkbuf_leaf_199_clk/A (sky130_fd_sc_hd__clkbuf_16)
    11    0.03    0.05    0.18    1.04 ^ clkbuf_leaf_199_clk/X (sky130_fd_sc_hd__clkbuf_16)
                                         clknet_leaf_199_clk (net)
                  0.05    0.00    1.04 ^ ready$_DFF_P_/CLK (sky130_fd_sc_hd__dfxtp_4)
                          0.00    1.04   clock reconvergence pessimism
                         -0.03    1.00   library hold time
                                  1.00   data required time
-----------------------------------------------------------------------------
                                  1.00   data required time
                                 -1.33   data arrival time
-----------------------------------------------------------------------------
                                  0.33   slack (MET)



==========================================================================
finish report_checks -path_delay max
--------------------------------------------------------------------------
Startpoint: hash.p2_cap[25]$_DFF_P_
            (rising edge-triggered flip-flop clocked by core_clock)
Endpoint: hash.p3_cap[31]$_DFF_P_
          (rising edge-triggered flip-flop clocked by core_clock)
Path Group: core_clock
Path Type: max

Fanout     Cap    Slew   Delay    Time   Description
-----------------------------------------------------------------------------
                          0.00    0.00   clock core_clock (rise edge)
                          0.00    0.00   clock source latency
     2    0.12    0.00    0.00    0.00 ^ clk (in)
                                         clk (net)
                  0.01    0.01    0.01 ^ clkbuf_0_clk/A (sky130_fd_sc_hd__clkbuf_16)
     4    0.21    0.22    0.25    0.26 ^ clkbuf_0_clk/X (sky130_fd_sc_hd__clkbuf_16)
                                         clknet_0_clk (net)
                  0.22    0.01    0.26 ^ clkbuf_2_3_0_clk/A (sky130_fd_sc_hd__clkbuf_16)
     8    0.20    0.21    0.31    0.57 ^ clkbuf_2_3_0_clk/X (sky130_fd_sc_hd__clkbuf_16)
                                         clknet_2_3_0_clk (net)
                  0.21    0.01    0.58 ^ clkbuf_5_29__f_clk/A (sky130_fd_sc_hd__clkbuf_16)
    11    0.16    0.17    0.28    0.85 ^ clkbuf_5_29__f_clk/X (sky130_fd_sc_hd__clkbuf_16)
                                         clknet_5_29__leaf_clk (net)
                  0.17    0.01    0.86 ^ clkbuf_leaf_129_clk/A (sky130_fd_sc_hd__clkbuf_16)
    12    0.04    0.06    0.18    1.04 ^ clkbuf_leaf_129_clk/X (sky130_fd_sc_hd__clkbuf_16)
                                         clknet_leaf_129_clk (net)
                  0.06    0.00    1.04 ^ hash.p2_cap[25]$_DFF_P_/CLK (sky130_fd_sc_hd__dfxtp_4)
     3    0.03    0.06    0.37    1.41 v hash.p2_cap[25]$_DFF_P_/Q (sky130_fd_sc_hd__dfxtp_4)
                                         hash.CA2.S1.X[25] (net)
                  0.06    0.00    1.41 v rebuffer107/A (sky130_fd_sc_hd__buf_12)
     6    0.06    0.04    0.15    1.56 v rebuffer107/X (sky130_fd_sc_hd__buf_12)
                                         net1121 (net)
                  0.05    0.01    1.57 v _15161_/B (sky130_fd_sc_hd__xnor2_4)
     1    0.01    0.06    0.13    1.70 v _15161_/Y (sky130_fd_sc_hd__xnor2_4)
                                         _04553_ (net)
                  0.06    0.00    1.70 v _15162_/B (sky130_fd_sc_hd__xnor2_2)
     1    0.02    0.28    0.25    1.95 ^ _15162_/Y (sky130_fd_sc_hd__xnor2_2)
                                         _13398_ (net)
                  0.28    0.00    1.95 ^ _27949_/A (sky130_fd_sc_hd__ha_2)
     2    0.01    0.06    0.24    2.19 ^ _27949_/COUT (sky130_fd_sc_hd__ha_2)
                                         _13399_ (net)
                  0.06    0.00    2.19 ^ _19178_/A (sky130_fd_sc_hd__inv_2)
     1    0.01    0.03    0.04    2.23 v _19178_/Y (sky130_fd_sc_hd__inv_2)
                                         _12254_ (net)
                  0.03    0.00    2.23 v _27652_/A (sky130_fd_sc_hd__fa_2)
     2    0.01    0.07    0.38    2.61 v _27652_/COUT (sky130_fd_sc_hd__fa_2)
                                         _12257_ (net)
                  0.07    0.00    2.61 v _15307_/A (sky130_fd_sc_hd__nor2b_2)
     1    0.01    0.10    0.14    2.75 ^ _15307_/Y (sky130_fd_sc_hd__nor2b_2)
                                         _04679_ (net)
                  0.10    0.00    2.75 ^ _15308_/A2 (sky130_fd_sc_hd__o21ai_2)
     2    0.01    0.06    0.07    2.83 v _15308_/Y (sky130_fd_sc_hd__o21ai_2)
                                         _04680_ (net)
                  0.06    0.00    2.83 v _15309_/A1 (sky130_fd_sc_hd__a21boi_2)
     2    0.01    0.13    0.16    2.98 ^ _15309_/Y (sky130_fd_sc_hd__a21boi_2)
                                         _04681_ (net)
                  0.13    0.00    2.98 ^ _15365_/A1 (sky130_fd_sc_hd__o21ai_2)
     2    0.01    0.08    0.11    3.09 v _15365_/Y (sky130_fd_sc_hd__o21ai_2)
                                         _04729_ (net)
                  0.08    0.00    3.09 v _15423_/A1 (sky130_fd_sc_hd__a21oi_4)
     3    0.02    0.19    0.20    3.30 ^ _15423_/Y (sky130_fd_sc_hd__a21oi_4)
                                         _04779_ (net)
                  0.19    0.00    3.30 ^ _15499_/A2 (sky130_fd_sc_hd__a21oi_4)
     3    0.02    0.07    0.11    3.41 v _15499_/Y (sky130_fd_sc_hd__a21oi_4)
                                         _04839_ (net)
                  0.07    0.00    3.41 v _15543_/A2 (sky130_fd_sc_hd__o22ai_4)
     3    0.02    0.20    0.20    3.61 ^ _15543_/Y (sky130_fd_sc_hd__o22ai_4)
                                         _04867_ (net)
                  0.20    0.00    3.61 ^ _15570_/A1 (sky130_fd_sc_hd__a31o_1)
     1    0.00    0.05    0.16    3.77 ^ _15570_/X (sky130_fd_sc_hd__a31o_1)
                                         _04886_ (net)
                  0.05    0.00    3.77 ^ _15571_/A1 (sky130_fd_sc_hd__a21o_1)
     2    0.01    0.12    0.16    3.93 ^ _15571_/X (sky130_fd_sc_hd__a21o_1)
                                         _04887_ (net)
                  0.12    0.00    3.93 ^ _15593_/A2 (sky130_fd_sc_hd__a21oi_2)
     2    0.01    0.07    0.09    4.02 v _15593_/Y (sky130_fd_sc_hd__a21oi_2)
                                         _04901_ (net)
                  0.07    0.00    4.02 v _15615_/A2 (sky130_fd_sc_hd__o211ai_2)
     1    0.01    0.19    0.20    4.22 ^ _15615_/Y (sky130_fd_sc_hd__o211ai_2)
                                         _04915_ (net)
                  0.19    0.00    4.22 ^ _15616_/A1 (sky130_fd_sc_hd__a21oi_4)
     2    0.02    0.08    0.10    4.32 v _15616_/Y (sky130_fd_sc_hd__a21oi_4)
                                         _04916_ (net)
                  0.08    0.00    4.32 v _20670_/A (sky130_fd_sc_hd__xnor2_2)
     2    0.01    0.07    0.16    4.48 v _20670_/Y (sky130_fd_sc_hd__xnor2_2)
                                         _13554_ (net)
                  0.07    0.00    4.48 v _28035_/A (sky130_fd_sc_hd__ha_1)
     2    0.01    0.08    0.33    4.81 v _28035_/SUM (sky130_fd_sc_hd__ha_1)
                                         _13661_ (net)
                  0.08    0.00    4.81 v _18449_/A1 (sky130_fd_sc_hd__a21oi_2)
     1    0.00    0.09    0.13    4.94 ^ _18449_/Y (sky130_fd_sc_hd__a21oi_2)
                                         _06859_ (net)
                  0.09    0.00    4.94 ^ _18450_/B1 (sky130_fd_sc_hd__o21ai_1)
     1    0.00    0.05    0.07    5.01 v _18450_/Y (sky130_fd_sc_hd__o21ai_1)
                                         _06860_ (net)
                  0.05    0.00    5.01 v _18451_/B1 (sky130_fd_sc_hd__a21o_1)
     1    0.01    0.06    0.18    5.19 v _18451_/X (sky130_fd_sc_hd__a21o_1)
                                         _06861_ (net)
                  0.06    0.00    5.19 v _18452_/B1 (sky130_fd_sc_hd__a21oi_4)
     3    0.03    0.24    0.22    5.41 ^ _18452_/Y (sky130_fd_sc_hd__a21oi_4)
                                         _06862_ (net)
                  0.24    0.00    5.41 ^ _18474_/A1 (sky130_fd_sc_hd__o21ai_4)
     2    0.02    0.10    0.11    5.52 v _18474_/Y (sky130_fd_sc_hd__o21ai_4)
                                         _06880_ (net)
                  0.10    0.00    5.52 v rebuffer7/A (sky130_fd_sc_hd__buf_6)
     1    0.02    0.03    0.15    5.67 v rebuffer7/X (sky130_fd_sc_hd__buf_6)
                                         net1036 (net)
                  0.03    0.00    5.68 v _18475_/A (sky130_fd_sc_hd__xnor2_4)
     2    0.02    0.09    0.16    5.83 v _18475_/Y (sky130_fd_sc_hd__xnor2_4)
                                         _06881_ (net)
                  0.09    0.00    5.84 v _18476_/B (sky130_fd_sc_hd__nor2_8)
     5    0.08    0.30    0.27    6.11 ^ _18476_/Y (sky130_fd_sc_hd__nor2_8)
                                         hash.CA1.S1.X[25] (net)
                  0.30    0.01    6.11 ^ _18854_/B (sky130_fd_sc_hd__xnor2_4)
     1    0.02    0.23    0.19    6.30 ^ _18854_/Y (sky130_fd_sc_hd__xnor2_4)
                                         _14030_ (net)
                  0.23    0.00    6.30 ^ _28164_/A (sky130_fd_sc_hd__ha_4)
     3    0.02    0.07    0.20    6.50 ^ _28164_/COUT (sky130_fd_sc_hd__ha_4)
                                         _14031_ (net)
                  0.07    0.00    6.50 ^ _19198_/A (sky130_fd_sc_hd__inv_2)
     1    0.01    0.03    0.04    6.54 v _19198_/Y (sky130_fd_sc_hd__inv_2)
                                         _12671_ (net)
                  0.03    0.00    6.54 v _27748_/CIN (sky130_fd_sc_hd__fa_2)
     2    0.01    0.09    0.36    6.90 v _27748_/COUT (sky130_fd_sc_hd__fa_2)
                                         _12674_ (net)
                  0.09    0.00    6.90 v _18880_/A (sky130_fd_sc_hd__nor2b_1)
     1    0.00    0.10    0.13    7.04 ^ _18880_/Y (sky130_fd_sc_hd__nor2b_1)
                                         _07127_ (net)
                  0.10    0.00    7.04 ^ _18881_/A2 (sky130_fd_sc_hd__o21ai_1)
     2    0.01    0.08    0.08    7.12 v _18881_/Y (sky130_fd_sc_hd__o21ai_1)
                                         _07128_ (net)
                  0.08    0.00    7.12 v _18894_/A2 (sky130_fd_sc_hd__a21boi_1)
     1    0.01    0.17    0.20    7.32 ^ _18894_/Y (sky130_fd_sc_hd__a21boi_1)
                                         _07136_ (net)
                  0.17    0.00    7.32 ^ _18895_/A1 (sky130_fd_sc_hd__o21ai_2)
     3    0.02    0.09    0.12    7.44 v _18895_/Y (sky130_fd_sc_hd__o21ai_2)
                                         _07137_ (net)
                  0.09    0.00    7.44 v _18939_/A1 (sky130_fd_sc_hd__a211oi_4)
     3    0.02    0.31    0.33    7.77 ^ _18939_/Y (sky130_fd_sc_hd__a211oi_4)
                                         _07170_ (net)
                  0.31    0.00    7.77 ^ _18974_/A1 (sky130_fd_sc_hd__o21a_1)
     3    0.02    0.17    0.27    8.04 ^ _18974_/X (sky130_fd_sc_hd__o21a_1)
                                         _07198_ (net)
                  0.17    0.00    8.04 ^ _18975_/A1 (sky130_fd_sc_hd__a21o_1)
     2    0.01    0.10    0.18    8.22 ^ _18975_/X (sky130_fd_sc_hd__a21o_1)
                                         _07199_ (net)
                  0.10    0.00    8.22 ^ _19155_/B_N (sky130_fd_sc_hd__nor2b_4)
     2    0.01    0.11    0.18    8.40 ^ _19155_/Y (sky130_fd_sc_hd__nor2b_4)
                                         _07343_ (net)
                  0.11    0.00    8.40 ^ _19161_/A2 (sky130_fd_sc_hd__o21ai_2)
     1    0.00    0.07    0.06    8.46 v _19161_/Y (sky130_fd_sc_hd__o21ai_2)
                                         _07347_ (net)
                  0.07    0.00    8.46 v _19162_/B (sky130_fd_sc_hd__nand2b_1)
     1    0.01    0.12    0.13    8.59 ^ _19162_/Y (sky130_fd_sc_hd__nand2b_1)
                                         _07348_ (net)
                  0.12    0.00    8.60 ^ _19163_/A2 (sky130_fd_sc_hd__a21oi_4)
     2    0.02    0.08    0.09    8.69 v _19163_/Y (sky130_fd_sc_hd__a21oi_4)
                                         _07349_ (net)
                  0.08    0.00    8.69 v _20457_/B (sky130_fd_sc_hd__xnor2_2)
     1    0.01    0.07    0.15    8.84 v _20457_/Y (sky130_fd_sc_hd__xnor2_2)
                                         _12759_ (net)
                  0.07    0.00    8.84 v _27766_/B (sky130_fd_sc_hd__fa_1)
     1    0.01    0.11    0.56    9.40 ^ _27766_/SUM (sky130_fd_sc_hd__fa_1)
                                         _12763_ (net)
                  0.11    0.00    9.40 ^ _28217_/B (sky130_fd_sc_hd__ha_4)
     5    0.02    0.05    0.23    9.62 v _28217_/SUM (sky130_fd_sc_hd__ha_4)
                                         _14187_ (net)
                  0.05    0.00    9.62 v _23889_/B1 (sky130_fd_sc_hd__o21a_1)
     1    0.00    0.04    0.11    9.73 v _23889_/X (sky130_fd_sc_hd__o21a_1)
                                         _09685_ (net)
                  0.04    0.00    9.73 v _23890_/A2 (sky130_fd_sc_hd__o211ai_2)
     3    0.01    0.23    0.21    9.95 ^ _23890_/Y (sky130_fd_sc_hd__o211ai_2)
                                         _09686_ (net)
                  0.23    0.00    9.95 ^ _23892_/C (sky130_fd_sc_hd__nor3_1)
     1    0.00    0.06    0.08   10.03 v _23892_/Y (sky130_fd_sc_hd__nor3_1)
                                         _09688_ (net)
                  0.06    0.00   10.03 v _23896_/A3 (sky130_fd_sc_hd__a32o_2)
     3    0.03    0.10    0.33   10.36 v _23896_/X (sky130_fd_sc_hd__a32o_2)
                                         _09692_ (net)
                  0.10    0.00   10.36 v _23912_/D (sky130_fd_sc_hd__or4_4)
     2    0.01    0.10    0.45   10.81 v _23912_/X (sky130_fd_sc_hd__or4_4)
                                         _09704_ (net)
                  0.10    0.00   10.81 v _23927_/A1 (sky130_fd_sc_hd__a311oi_2)
     1    0.01    0.22    0.24   11.05 ^ _23927_/Y (sky130_fd_sc_hd__a311oi_2)
                                         _09717_ (net)
                  0.22    0.00   11.05 ^ _23929_/B (sky130_fd_sc_hd__nor2_2)
     3    0.02    0.09    0.11   11.16 v _23929_/Y (sky130_fd_sc_hd__nor2_2)
                                         _09719_ (net)
                  0.09    0.00   11.16 v _23951_/A2 (sky130_fd_sc_hd__o211a_1)
     2    0.01    0.07    0.26   11.42 v _23951_/X (sky130_fd_sc_hd__o211a_1)
                                         _09737_ (net)
                  0.07    0.00   11.42 v _23953_/C (sky130_fd_sc_hd__nor4b_2)
     1    0.00    0.20    0.22   11.64 ^ _23953_/Y (sky130_fd_sc_hd__nor4b_2)
                                         _09739_ (net)
                  0.20    0.00   11.64 ^ _23958_/B1 (sky130_fd_sc_hd__a211oi_1)
     1    0.01    0.07    0.09   11.73 v _23958_/Y (sky130_fd_sc_hd__a211oi_1)
                                         _09744_ (net)
                  0.07    0.00   11.73 v _23959_/B (sky130_fd_sc_hd__xnor2_1)
     1    0.00    0.07    0.12   11.86 v _23959_/Y (sky130_fd_sc_hd__xnor2_1)
                                         hash.CA1.p3[31] (net)
                  0.07    0.00   11.86 v hash.p3_cap[31]$_DFF_P_/D (sky130_fd_sc_hd__dfxtp_1)
                                 11.86   data arrival time

                         10.00   10.00   clock core_clock (rise edge)
                          0.00   10.00   clock source latency
     2    0.12    0.00    0.00   10.00 ^ clk (in)
                                         clk (net)
                  0.01    0.01   10.01 ^ clkbuf_0_clk/A (sky130_fd_sc_hd__clkbuf_16)
     4    0.21    0.22    0.25   10.26 ^ clkbuf_0_clk/X (sky130_fd_sc_hd__clkbuf_16)
                                         clknet_0_clk (net)
                  0.22    0.01   10.26 ^ clkbuf_2_3_0_clk/A (sky130_fd_sc_hd__clkbuf_16)
     8    0.20    0.21    0.31   10.57 ^ clkbuf_2_3_0_clk/X (sky130_fd_sc_hd__clkbuf_16)
                                         clknet_2_3_0_clk (net)
                  0.21    0.01   10.58 ^ clkbuf_5_31__f_clk/A (sky130_fd_sc_hd__clkbuf_16)
    11    0.15    0.16    0.27   10.85 ^ clkbuf_5_31__f_clk/X (sky130_fd_sc_hd__clkbuf_16)
                                         clknet_5_31__leaf_clk (net)
                  0.16    0.01   10.86 ^ clkbuf_leaf_138_clk/A (sky130_fd_sc_hd__clkbuf_16)
    12    0.04    0.06    0.18   11.04 ^ clkbuf_leaf_138_clk/X (sky130_fd_sc_hd__clkbuf_16)
                                         clknet_leaf_138_clk (net)
                  0.06    0.00   11.04 ^ hash.p3_cap[31]$_DFF_P_/CLK (sky130_fd_sc_hd__dfxtp_1)
                          0.00   11.04   clock reconvergence pessimism
                         -0.12   10.92   library setup time
                                 10.92   data required time
-----------------------------------------------------------------------------
                                 10.92   data required time
                                -11.86   data arrival time
-----------------------------------------------------------------------------
                                 -0.93   slack (VIOLATED)



==========================================================================
finish report_checks -unconstrained
--------------------------------------------------------------------------
Startpoint: hash.p2_cap[25]$_DFF_P_
            (rising edge-triggered flip-flop clocked by core_clock)
Endpoint: hash.p3_cap[31]$_DFF_P_
          (rising edge-triggered flip-flop clocked by core_clock)
Path Group: core_clock
Path Type: max

Fanout     Cap    Slew   Delay    Time   Description
-----------------------------------------------------------------------------
                          0.00    0.00   clock core_clock (rise edge)
                          0.00    0.00   clock source latency
     2    0.12    0.00    0.00    0.00 ^ clk (in)
                                         clk (net)
                  0.01    0.01    0.01 ^ clkbuf_0_clk/A (sky130_fd_sc_hd__clkbuf_16)
     4    0.21    0.22    0.25    0.26 ^ clkbuf_0_clk/X (sky130_fd_sc_hd__clkbuf_16)
                                         clknet_0_clk (net)
                  0.22    0.01    0.26 ^ clkbuf_2_3_0_clk/A (sky130_fd_sc_hd__clkbuf_16)
     8    0.20    0.21    0.31    0.57 ^ clkbuf_2_3_0_clk/X (sky130_fd_sc_hd__clkbuf_16)
                                         clknet_2_3_0_clk (net)
                  0.21    0.01    0.58 ^ clkbuf_5_29__f_clk/A (sky130_fd_sc_hd__clkbuf_16)
    11    0.16    0.17    0.28    0.85 ^ clkbuf_5_29__f_clk/X (sky130_fd_sc_hd__clkbuf_16)
                                         clknet_5_29__leaf_clk (net)
                  0.17    0.01    0.86 ^ clkbuf_leaf_129_clk/A (sky130_fd_sc_hd__clkbuf_16)
    12    0.04    0.06    0.18    1.04 ^ clkbuf_leaf_129_clk/X (sky130_fd_sc_hd__clkbuf_16)
                                         clknet_leaf_129_clk (net)
                  0.06    0.00    1.04 ^ hash.p2_cap[25]$_DFF_P_/CLK (sky130_fd_sc_hd__dfxtp_4)
     3    0.03    0.06    0.37    1.41 v hash.p2_cap[25]$_DFF_P_/Q (sky130_fd_sc_hd__dfxtp_4)
                                         hash.CA2.S1.X[25] (net)
                  0.06    0.00    1.41 v rebuffer107/A (sky130_fd_sc_hd__buf_12)
     6    0.06    0.04    0.15    1.56 v rebuffer107/X (sky130_fd_sc_hd__buf_12)
                                         net1121 (net)
                  0.05    0.01    1.57 v _15161_/B (sky130_fd_sc_hd__xnor2_4)
     1    0.01    0.06    0.13    1.70 v _15161_/Y (sky130_fd_sc_hd__xnor2_4)
                                         _04553_ (net)
                  0.06    0.00    1.70 v _15162_/B (sky130_fd_sc_hd__xnor2_2)
     1    0.02    0.28    0.25    1.95 ^ _15162_/Y (sky130_fd_sc_hd__xnor2_2)
                                         _13398_ (net)
                  0.28    0.00    1.95 ^ _27949_/A (sky130_fd_sc_hd__ha_2)
     2    0.01    0.06    0.24    2.19 ^ _27949_/COUT (sky130_fd_sc_hd__ha_2)
                                         _13399_ (net)
                  0.06    0.00    2.19 ^ _19178_/A (sky130_fd_sc_hd__inv_2)
     1    0.01    0.03    0.04    2.23 v _19178_/Y (sky130_fd_sc_hd__inv_2)
                                         _12254_ (net)
                  0.03    0.00    2.23 v _27652_/A (sky130_fd_sc_hd__fa_2)
     2    0.01    0.07    0.38    2.61 v _27652_/COUT (sky130_fd_sc_hd__fa_2)
                                         _12257_ (net)
                  0.07    0.00    2.61 v _15307_/A (sky130_fd_sc_hd__nor2b_2)
     1    0.01    0.10    0.14    2.75 ^ _15307_/Y (sky130_fd_sc_hd__nor2b_2)
                                         _04679_ (net)
                  0.10    0.00    2.75 ^ _15308_/A2 (sky130_fd_sc_hd__o21ai_2)
     2    0.01    0.06    0.07    2.83 v _15308_/Y (sky130_fd_sc_hd__o21ai_2)
                                         _04680_ (net)
                  0.06    0.00    2.83 v _15309_/A1 (sky130_fd_sc_hd__a21boi_2)
     2    0.01    0.13    0.16    2.98 ^ _15309_/Y (sky130_fd_sc_hd__a21boi_2)
                                         _04681_ (net)
                  0.13    0.00    2.98 ^ _15365_/A1 (sky130_fd_sc_hd__o21ai_2)
     2    0.01    0.08    0.11    3.09 v _15365_/Y (sky130_fd_sc_hd__o21ai_2)
                                         _04729_ (net)
                  0.08    0.00    3.09 v _15423_/A1 (sky130_fd_sc_hd__a21oi_4)
     3    0.02    0.19    0.20    3.30 ^ _15423_/Y (sky130_fd_sc_hd__a21oi_4)
                                         _04779_ (net)
                  0.19    0.00    3.30 ^ _15499_/A2 (sky130_fd_sc_hd__a21oi_4)
     3    0.02    0.07    0.11    3.41 v _15499_/Y (sky130_fd_sc_hd__a21oi_4)
                                         _04839_ (net)
                  0.07    0.00    3.41 v _15543_/A2 (sky130_fd_sc_hd__o22ai_4)
     3    0.02    0.20    0.20    3.61 ^ _15543_/Y (sky130_fd_sc_hd__o22ai_4)
                                         _04867_ (net)
                  0.20    0.00    3.61 ^ _15570_/A1 (sky130_fd_sc_hd__a31o_1)
     1    0.00    0.05    0.16    3.77 ^ _15570_/X (sky130_fd_sc_hd__a31o_1)
                                         _04886_ (net)
                  0.05    0.00    3.77 ^ _15571_/A1 (sky130_fd_sc_hd__a21o_1)
     2    0.01    0.12    0.16    3.93 ^ _15571_/X (sky130_fd_sc_hd__a21o_1)
                                         _04887_ (net)
                  0.12    0.00    3.93 ^ _15593_/A2 (sky130_fd_sc_hd__a21oi_2)
     2    0.01    0.07    0.09    4.02 v _15593_/Y (sky130_fd_sc_hd__a21oi_2)
                                         _04901_ (net)
                  0.07    0.00    4.02 v _15615_/A2 (sky130_fd_sc_hd__o211ai_2)
     1    0.01    0.19    0.20    4.22 ^ _15615_/Y (sky130_fd_sc_hd__o211ai_2)
                                         _04915_ (net)
                  0.19    0.00    4.22 ^ _15616_/A1 (sky130_fd_sc_hd__a21oi_4)
     2    0.02    0.08    0.10    4.32 v _15616_/Y (sky130_fd_sc_hd__a21oi_4)
                                         _04916_ (net)
                  0.08    0.00    4.32 v _20670_/A (sky130_fd_sc_hd__xnor2_2)
     2    0.01    0.07    0.16    4.48 v _20670_/Y (sky130_fd_sc_hd__xnor2_2)
                                         _13554_ (net)
                  0.07    0.00    4.48 v _28035_/A (sky130_fd_sc_hd__ha_1)
     2    0.01    0.08    0.33    4.81 v _28035_/SUM (sky130_fd_sc_hd__ha_1)
                                         _13661_ (net)
                  0.08    0.00    4.81 v _18449_/A1 (sky130_fd_sc_hd__a21oi_2)
     1    0.00    0.09    0.13    4.94 ^ _18449_/Y (sky130_fd_sc_hd__a21oi_2)
                                         _06859_ (net)
                  0.09    0.00    4.94 ^ _18450_/B1 (sky130_fd_sc_hd__o21ai_1)
     1    0.00    0.05    0.07    5.01 v _18450_/Y (sky130_fd_sc_hd__o21ai_1)
                                         _06860_ (net)
                  0.05    0.00    5.01 v _18451_/B1 (sky130_fd_sc_hd__a21o_1)
     1    0.01    0.06    0.18    5.19 v _18451_/X (sky130_fd_sc_hd__a21o_1)
                                         _06861_ (net)
                  0.06    0.00    5.19 v _18452_/B1 (sky130_fd_sc_hd__a21oi_4)
     3    0.03    0.24    0.22    5.41 ^ _18452_/Y (sky130_fd_sc_hd__a21oi_4)
                                         _06862_ (net)
                  0.24    0.00    5.41 ^ _18474_/A1 (sky130_fd_sc_hd__o21ai_4)
     2    0.02    0.10    0.11    5.52 v _18474_/Y (sky130_fd_sc_hd__o21ai_4)
                                         _06880_ (net)
                  0.10    0.00    5.52 v rebuffer7/A (sky130_fd_sc_hd__buf_6)
     1    0.02    0.03    0.15    5.67 v rebuffer7/X (sky130_fd_sc_hd__buf_6)
                                         net1036 (net)
                  0.03    0.00    5.68 v _18475_/A (sky130_fd_sc_hd__xnor2_4)
     2    0.02    0.09    0.16    5.83 v _18475_/Y (sky130_fd_sc_hd__xnor2_4)
                                         _06881_ (net)
                  0.09    0.00    5.84 v _18476_/B (sky130_fd_sc_hd__nor2_8)
     5    0.08    0.30    0.27    6.11 ^ _18476_/Y (sky130_fd_sc_hd__nor2_8)
                                         hash.CA1.S1.X[25] (net)
                  0.30    0.01    6.11 ^ _18854_/B (sky130_fd_sc_hd__xnor2_4)
     1    0.02    0.23    0.19    6.30 ^ _18854_/Y (sky130_fd_sc_hd__xnor2_4)
                                         _14030_ (net)
                  0.23    0.00    6.30 ^ _28164_/A (sky130_fd_sc_hd__ha_4)
     3    0.02    0.07    0.20    6.50 ^ _28164_/COUT (sky130_fd_sc_hd__ha_4)
                                         _14031_ (net)
                  0.07    0.00    6.50 ^ _19198_/A (sky130_fd_sc_hd__inv_2)
     1    0.01    0.03    0.04    6.54 v _19198_/Y (sky130_fd_sc_hd__inv_2)
                                         _12671_ (net)
                  0.03    0.00    6.54 v _27748_/CIN (sky130_fd_sc_hd__fa_2)
     2    0.01    0.09    0.36    6.90 v _27748_/COUT (sky130_fd_sc_hd__fa_2)
                                         _12674_ (net)
                  0.09    0.00    6.90 v _18880_/A (sky130_fd_sc_hd__nor2b_1)
     1    0.00    0.10    0.13    7.04 ^ _18880_/Y (sky130_fd_sc_hd__nor2b_1)
                                         _07127_ (net)
                  0.10    0.00    7.04 ^ _18881_/A2 (sky130_fd_sc_hd__o21ai_1)
     2    0.01    0.08    0.08    7.12 v _18881_/Y (sky130_fd_sc_hd__o21ai_1)
                                         _07128_ (net)
                  0.08    0.00    7.12 v _18894_/A2 (sky130_fd_sc_hd__a21boi_1)
     1    0.01    0.17    0.20    7.32 ^ _18894_/Y (sky130_fd_sc_hd__a21boi_1)
                                         _07136_ (net)
                  0.17    0.00    7.32 ^ _18895_/A1 (sky130_fd_sc_hd__o21ai_2)
     3    0.02    0.09    0.12    7.44 v _18895_/Y (sky130_fd_sc_hd__o21ai_2)
                                         _07137_ (net)
                  0.09    0.00    7.44 v _18939_/A1 (sky130_fd_sc_hd__a211oi_4)
     3    0.02    0.31    0.33    7.77 ^ _18939_/Y (sky130_fd_sc_hd__a211oi_4)
                                         _07170_ (net)
                  0.31    0.00    7.77 ^ _18974_/A1 (sky130_fd_sc_hd__o21a_1)
     3    0.02    0.17    0.27    8.04 ^ _18974_/X (sky130_fd_sc_hd__o21a_1)
                                         _07198_ (net)
                  0.17    0.00    8.04 ^ _18975_/A1 (sky130_fd_sc_hd__a21o_1)
     2    0.01    0.10    0.18    8.22 ^ _18975_/X (sky130_fd_sc_hd__a21o_1)
                                         _07199_ (net)
                  0.10    0.00    8.22 ^ _19155_/B_N (sky130_fd_sc_hd__nor2b_4)
     2    0.01    0.11    0.18    8.40 ^ _19155_/Y (sky130_fd_sc_hd__nor2b_4)
                                         _07343_ (net)
                  0.11    0.00    8.40 ^ _19161_/A2 (sky130_fd_sc_hd__o21ai_2)
     1    0.00    0.07    0.06    8.46 v _19161_/Y (sky130_fd_sc_hd__o21ai_2)
                                         _07347_ (net)
                  0.07    0.00    8.46 v _19162_/B (sky130_fd_sc_hd__nand2b_1)
     1    0.01    0.12    0.13    8.59 ^ _19162_/Y (sky130_fd_sc_hd__nand2b_1)
                                         _07348_ (net)
                  0.12    0.00    8.60 ^ _19163_/A2 (sky130_fd_sc_hd__a21oi_4)
     2    0.02    0.08    0.09    8.69 v _19163_/Y (sky130_fd_sc_hd__a21oi_4)
                                         _07349_ (net)
                  0.08    0.00    8.69 v _20457_/B (sky130_fd_sc_hd__xnor2_2)
     1    0.01    0.07    0.15    8.84 v _20457_/Y (sky130_fd_sc_hd__xnor2_2)
                                         _12759_ (net)
                  0.07    0.00    8.84 v _27766_/B (sky130_fd_sc_hd__fa_1)
     1    0.01    0.11    0.56    9.40 ^ _27766_/SUM (sky130_fd_sc_hd__fa_1)
                                         _12763_ (net)
                  0.11    0.00    9.40 ^ _28217_/B (sky130_fd_sc_hd__ha_4)
     5    0.02    0.05    0.23    9.62 v _28217_/SUM (sky130_fd_sc_hd__ha_4)
                                         _14187_ (net)
                  0.05    0.00    9.62 v _23889_/B1 (sky130_fd_sc_hd__o21a_1)
     1    0.00    0.04    0.11    9.73 v _23889_/X (sky130_fd_sc_hd__o21a_1)
                                         _09685_ (net)
                  0.04    0.00    9.73 v _23890_/A2 (sky130_fd_sc_hd__o211ai_2)
     3    0.01    0.23    0.21    9.95 ^ _23890_/Y (sky130_fd_sc_hd__o211ai_2)
                                         _09686_ (net)
                  0.23    0.00    9.95 ^ _23892_/C (sky130_fd_sc_hd__nor3_1)
     1    0.00    0.06    0.08   10.03 v _23892_/Y (sky130_fd_sc_hd__nor3_1)
                                         _09688_ (net)
                  0.06    0.00   10.03 v _23896_/A3 (sky130_fd_sc_hd__a32o_2)
     3    0.03    0.10    0.33   10.36 v _23896_/X (sky130_fd_sc_hd__a32o_2)
                                         _09692_ (net)
                  0.10    0.00   10.36 v _23912_/D (sky130_fd_sc_hd__or4_4)
     2    0.01    0.10    0.45   10.81 v _23912_/X (sky130_fd_sc_hd__or4_4)
                                         _09704_ (net)
                  0.10    0.00   10.81 v _23927_/A1 (sky130_fd_sc_hd__a311oi_2)
     1    0.01    0.22    0.24   11.05 ^ _23927_/Y (sky130_fd_sc_hd__a311oi_2)
                                         _09717_ (net)
                  0.22    0.00   11.05 ^ _23929_/B (sky130_fd_sc_hd__nor2_2)
     3    0.02    0.09    0.11   11.16 v _23929_/Y (sky130_fd_sc_hd__nor2_2)
                                         _09719_ (net)
                  0.09    0.00   11.16 v _23951_/A2 (sky130_fd_sc_hd__o211a_1)
     2    0.01    0.07    0.26   11.42 v _23951_/X (sky130_fd_sc_hd__o211a_1)
                                         _09737_ (net)
                  0.07    0.00   11.42 v _23953_/C (sky130_fd_sc_hd__nor4b_2)
     1    0.00    0.20    0.22   11.64 ^ _23953_/Y (sky130_fd_sc_hd__nor4b_2)
                                         _09739_ (net)
                  0.20    0.00   11.64 ^ _23958_/B1 (sky130_fd_sc_hd__a211oi_1)
     1    0.01    0.07    0.09   11.73 v _23958_/Y (sky130_fd_sc_hd__a211oi_1)
                                         _09744_ (net)
                  0.07    0.00   11.73 v _23959_/B (sky130_fd_sc_hd__xnor2_1)
     1    0.00    0.07    0.12   11.86 v _23959_/Y (sky130_fd_sc_hd__xnor2_1)
                                         hash.CA1.p3[31] (net)
                  0.07    0.00   11.86 v hash.p3_cap[31]$_DFF_P_/D (sky130_fd_sc_hd__dfxtp_1)
                                 11.86   data arrival time

                         10.00   10.00   clock core_clock (rise edge)
                          0.00   10.00   clock source latency
     2    0.12    0.00    0.00   10.00 ^ clk (in)
                                         clk (net)
                  0.01    0.01   10.01 ^ clkbuf_0_clk/A (sky130_fd_sc_hd__clkbuf_16)
     4    0.21    0.22    0.25   10.26 ^ clkbuf_0_clk/X (sky130_fd_sc_hd__clkbuf_16)
                                         clknet_0_clk (net)
                  0.22    0.01   10.26 ^ clkbuf_2_3_0_clk/A (sky130_fd_sc_hd__clkbuf_16)
     8    0.20    0.21    0.31   10.57 ^ clkbuf_2_3_0_clk/X (sky130_fd_sc_hd__clkbuf_16)
                                         clknet_2_3_0_clk (net)
                  0.21    0.01   10.58 ^ clkbuf_5_31__f_clk/A (sky130_fd_sc_hd__clkbuf_16)
    11    0.15    0.16    0.27   10.85 ^ clkbuf_5_31__f_clk/X (sky130_fd_sc_hd__clkbuf_16)
                                         clknet_5_31__leaf_clk (net)
                  0.16    0.01   10.86 ^ clkbuf_leaf_138_clk/A (sky130_fd_sc_hd__clkbuf_16)
    12    0.04    0.06    0.18   11.04 ^ clkbuf_leaf_138_clk/X (sky130_fd_sc_hd__clkbuf_16)
                                         clknet_leaf_138_clk (net)
                  0.06    0.00   11.04 ^ hash.p3_cap[31]$_DFF_P_/CLK (sky130_fd_sc_hd__dfxtp_1)
                          0.00   11.04   clock reconvergence pessimism
                         -0.12   10.92   library setup time
                                 10.92   data required time
-----------------------------------------------------------------------------
                                 10.92   data required time
                                -11.86   data arrival time
-----------------------------------------------------------------------------
                                 -0.93   slack (VIOLATED)



==========================================================================
finish report_check_types -max_slew -max_cap -max_fanout -violators
--------------------------------------------------------------------------
max slew

Pin                                    Limit    Slew   Slack
------------------------------------------------------------
hash.h6_out[16]$_DFFE_PN_/DE            1.50    1.86   -0.36 (VIOLATED)
hash.h6_out[17]$_DFFE_PN_/DE            1.50    1.86   -0.36 (VIOLATED)
hash.h6_out[18]$_DFFE_PN_/DE            1.50    1.86   -0.36 (VIOLATED)
hash.h6_out[19]$_DFFE_PN_/DE            1.50    1.86   -0.36 (VIOLATED)
hash.h6_out[21]$_DFFE_PN_/DE            1.50    1.86   -0.36 (VIOLATED)
hash.h6_out[20]$_DFFE_PN_/DE            1.50    1.86   -0.36 (VIOLATED)
hash.h7_out[21]$_DFFE_PN_/DE            1.50    1.86   -0.36 (VIOLATED)
hash.h6_out[22]$_DFFE_PN_/DE            1.50    1.86   -0.36 (VIOLATED)
hash.h6_out[23]$_DFFE_PN_/DE            1.50    1.86   -0.36 (VIOLATED)
hash.h4_out[24]$_DFFE_PN_/DE            1.50    1.86   -0.36 (VIOLATED)
hash.h6_out[24]$_DFFE_PN_/DE            1.50    1.86   -0.36 (VIOLATED)
hash.h6_out[25]$_DFFE_PN_/DE            1.50    1.85   -0.35 (VIOLATED)
hash.h6_out[27]$_DFFE_PN_/DE            1.50    1.85   -0.35 (VIOLATED)
hash.h6_out[26]$_DFFE_PN_/DE            1.50    1.85   -0.35 (VIOLATED)
hash.h4_out[27]$_DFFE_PN_/DE            1.50    1.85   -0.35 (VIOLATED)
hash.h6_out[29]$_DFFE_PN_/DE            1.50    1.85   -0.35 (VIOLATED)
hash.h6_out[31]$_DFFE_PN_/DE            1.50    1.85   -0.35 (VIOLATED)
hash.h4_out[26]$_DFFE_PN_/DE            1.50    1.85   -0.35 (VIOLATED)
hash.h6_out[28]$_DFFE_PN_/DE            1.50    1.85   -0.35 (VIOLATED)
hash.h5_out[27]$_DFFE_PN_/DE            1.50    1.85   -0.35 (VIOLATED)
hash.h6_out[30]$_DFFE_PN_/DE            1.50    1.85   -0.35 (VIOLATED)
hash.h4_out[30]$_DFFE_PN_/DE            1.50    1.85   -0.35 (VIOLATED)
hash.h4_out[28]$_DFFE_PN_/DE            1.50    1.85   -0.35 (VIOLATED)
hash.h7_out[22]$_DFFE_PN_/DE            1.50    1.84   -0.34 (VIOLATED)
hash.h4_out[23]$_DFFE_PN_/DE            1.50    1.84   -0.34 (VIOLATED)
hash.h7_out[23]$_DFFE_PN_/DE            1.50    1.84   -0.34 (VIOLATED)
hash.h7_out[24]$_DFFE_PN_/DE            1.50    1.84   -0.34 (VIOLATED)
hash.h7_out[20]$_DFFE_PN_/DE            1.50    1.84   -0.34 (VIOLATED)
hash.h7_out[17]$_DFFE_PN_/DE            1.50    1.83   -0.33 (VIOLATED)
hash.h3_out[25]$_DFFE_PN_/DE            1.50    1.82   -0.32 (VIOLATED)
hash.h4_out[31]$_DFFE_PN_/DE            1.50    1.82   -0.32 (VIOLATED)
hash.h4_out[25]$_DFFE_PN_/DE            1.50    1.82   -0.32 (VIOLATED)
hash.h4_out[20]$_DFFE_PN_/DE            1.50    1.82   -0.32 (VIOLATED)
hash.h4_out[22]$_DFFE_PN_/DE            1.50    1.82   -0.32 (VIOLATED)
hash.h4_out[19]$_DFFE_PN_/DE            1.50    1.82   -0.32 (VIOLATED)
hash.h4_out[29]$_DFFE_PN_/DE            1.50    1.82   -0.32 (VIOLATED)
hash.h5_out[28]$_DFFE_PN_/DE            1.50    1.82   -0.32 (VIOLATED)
hash.h7_out[25]$_DFFE_PN_/DE            1.50    1.82   -0.32 (VIOLATED)
hash.h4_out[18]$_DFFE_PN_/DE            1.50    1.82   -0.32 (VIOLATED)
hash.h4_out[21]$_DFFE_PN_/DE            1.50    1.82   -0.32 (VIOLATED)
hash.h4_out[17]$_DFFE_PN_/DE            1.50    1.82   -0.32 (VIOLATED)
hash.h5_out[22]$_DFFE_PN_/DE            1.50    1.82   -0.32 (VIOLATED)
hash.h5_out[26]$_DFFE_PN_/DE            1.50    1.82   -0.32 (VIOLATED)
hash.h7_out[27]$_DFFE_PN_/DE            1.50    1.82   -0.32 (VIOLATED)
hash.h5_out[18]$_DFFE_PN_/DE            1.50    1.82   -0.32 (VIOLATED)
hash.h7_out[31]$_DFFE_PN_/DE            1.50    1.82   -0.32 (VIOLATED)
hash.h5_out[24]$_DFFE_PN_/DE            1.50    1.81   -0.31 (VIOLATED)
hash.h7_out[26]$_DFFE_PN_/DE            1.50    1.81   -0.31 (VIOLATED)
hash.h5_out[29]$_DFFE_PN_/DE            1.50    1.81   -0.31 (VIOLATED)
hash.h5_out[31]$_DFFE_PN_/DE            1.50    1.81   -0.31 (VIOLATED)
hash.h7_out[28]$_DFFE_PN_/DE            1.50    1.81   -0.31 (VIOLATED)
hash.h5_out[19]$_DFFE_PN_/DE            1.50    1.81   -0.31 (VIOLATED)
hash.h5_out[23]$_DFFE_PN_/DE            1.50    1.81   -0.31 (VIOLATED)
hash.h5_out[30]$_DFFE_PN_/DE            1.50    1.81   -0.31 (VIOLATED)
hash.h5_out[25]$_DFFE_PN_/DE            1.50    1.81   -0.31 (VIOLATED)
hash.h5_out[20]$_DFFE_PN_/DE            1.50    1.81   -0.31 (VIOLATED)
hash.h5_out[21]$_DFFE_PN_/DE            1.50    1.81   -0.31 (VIOLATED)
hash.h7_out[30]$_DFFE_PN_/DE            1.50    1.81   -0.31 (VIOLATED)
hash.h7_out[29]$_DFFE_PN_/DE            1.50    1.80   -0.30 (VIOLATED)
hash.h3_out[23]$_DFFE_PN_/DE            1.50    1.80   -0.30 (VIOLATED)
hash.h3_out[26]$_DFFE_PN_/DE            1.50    1.80   -0.30 (VIOLATED)
hash.h3_out[30]$_DFFE_PN_/DE            1.50    1.79   -0.29 (VIOLATED)
hash.h2_out[20]$_DFFE_PN_/DE            1.50    1.79   -0.29 (VIOLATED)
hash.h3_out[21]$_DFFE_PN_/DE            1.50    1.79   -0.29 (VIOLATED)
hash.h2_out[19]$_DFFE_PN_/DE            1.50    1.79   -0.29 (VIOLATED)
hash.h3_out[20]$_DFFE_PN_/DE            1.50    1.79   -0.29 (VIOLATED)
hash.h2_out[21]$_DFFE_PN_/DE            1.50    1.79   -0.29 (VIOLATED)
hash.h3_out[22]$_DFFE_PN_/DE            1.50    1.79   -0.29 (VIOLATED)
hash.h2_out[23]$_DFFE_PN_/DE            1.50    1.79   -0.29 (VIOLATED)
hash.h3_out[24]$_DFFE_PN_/DE            1.50    1.79   -0.29 (VIOLATED)
hash.h2_out[25]$_DFFE_PN_/DE            1.50    1.79   -0.29 (VIOLATED)
hash.h3_out[28]$_DFFE_PN_/DE            1.50    1.79   -0.29 (VIOLATED)
hash.h2_out[26]$_DFFE_PN_/DE            1.50    1.79   -0.29 (VIOLATED)
hash.h3_out[29]$_DFFE_PN_/DE            1.50    1.79   -0.29 (VIOLATED)
hash.h2_out[28]$_DFFE_PN_/DE            1.50    1.78   -0.28 (VIOLATED)
hash.h2_out[29]$_DFFE_PN_/DE            1.50    1.78   -0.28 (VIOLATED)
hash.h2_out[30]$_DFFE_PN_/DE            1.50    1.78   -0.28 (VIOLATED)
hash.h3_out[27]$_DFFE_PN_/DE            1.50    1.78   -0.28 (VIOLATED)
hash.h3_out[31]$_DFFE_PN_/DE            1.50    1.77   -0.27 (VIOLATED)
hash.h2_out[31]$_DFFE_PN_/DE            1.50    1.76   -0.26 (VIOLATED)
hash.h2_out[27]$_DFFE_PN_/DE            1.50    1.75   -0.25 (VIOLATED)
hash.h1_out[31]$_DFFE_PN_/DE            1.50    1.73   -0.23 (VIOLATED)
hash.h1_out[30]$_DFFE_PN_/DE            1.50    1.72   -0.22 (VIOLATED)
hash.h1_out[28]$_DFFE_PN_/DE            1.50    1.71   -0.21 (VIOLATED)
hash.h1_out[27]$_DFFE_PN_/DE            1.50    1.70   -0.20 (VIOLATED)
hash.h1_out[29]$_DFFE_PN_/DE            1.50    1.69   -0.19 (VIOLATED)
hash.h1_out[26]$_DFFE_PN_/DE            1.50    1.66   -0.16 (VIOLATED)
hash.h0_out[30]$_DFFE_PN_/DE            1.50    1.65   -0.15 (VIOLATED)
hash.h0_out[28]$_DFFE_PN_/DE            1.50    1.65   -0.15 (VIOLATED)
hash.h0_out[31]$_DFFE_PN_/DE            1.50    1.65   -0.15 (VIOLATED)
hash.h0_out[29]$_DFFE_PN_/DE            1.50    1.64   -0.14 (VIOLATED)
hash.h0_out[26]$_DFFE_PN_/DE            1.50    1.63   -0.13 (VIOLATED)
hash.h0_out[25]$_DFFE_PN_/DE            1.50    1.63   -0.13 (VIOLATED)
hash.h1_out[25]$_DFFE_PN_/DE            1.50    1.62   -0.12 (VIOLATED)
hash.h1_out[23]$_DFFE_PN_/DE            1.50    1.62   -0.12 (VIOLATED)
hash.h1_out[21]$_DFFE_PN_/DE            1.50    1.62   -0.12 (VIOLATED)
hash.h2_out[18]$_DFFE_PN_/DE            1.50    1.62   -0.12 (VIOLATED)
hash.h0_out[23]$_DFFE_PN_/DE            1.50    1.62   -0.12 (VIOLATED)
hash.h1_out[20]$_DFFE_PN_/DE            1.50    1.62   -0.12 (VIOLATED)
hash.h0_out[27]$_DFFE_PN_/DE            1.50    1.62   -0.12 (VIOLATED)
hash.h0_out[19]$_DFFE_PN_/DE            1.50    1.62   -0.12 (VIOLATED)
hash.h2_out[22]$_DFFE_PN_/DE            1.50    1.62   -0.12 (VIOLATED)
hash.h2_out[24]$_DFFE_PN_/DE            1.50    1.62   -0.12 (VIOLATED)
hash.h1_out[24]$_DFFE_PN_/DE            1.50    1.62   -0.12 (VIOLATED)
hash.h1_out[22]$_DFFE_PN_/DE            1.50    1.61   -0.11 (VIOLATED)
hash.h0_out[22]$_DFFE_PN_/DE            1.50    1.60   -0.10 (VIOLATED)
hash.h0_out[24]$_DFFE_PN_/DE            1.50    1.59   -0.09 (VIOLATED)
hash.h0_out[21]$_DFFE_PN_/DE            1.50    1.58   -0.08 (VIOLATED)
hash.h0_out[20]$_DFFE_PN_/DE            1.50    1.58   -0.08 (VIOLATED)
hash.h3_out[19]$_DFFE_PN_/DE            1.50    1.57   -0.07 (VIOLATED)
hash.h0_out[18]$_DFFE_PN_/DE            1.50    1.56   -0.06 (VIOLATED)
hash.h7_out[18]$_DFFE_PN_/DE            1.50    1.56   -0.06 (VIOLATED)
hash.h1_out[19]$_DFFE_PN_/DE            1.50    1.56   -0.06 (VIOLATED)
hash.h1_out[18]$_DFFE_PN_/DE            1.50    1.55   -0.05 (VIOLATED)
hash.h0_out[16]$_DFFE_PN_/DE            1.50    1.55   -0.05 (VIOLATED)
hash.h2_out[17]$_DFFE_PN_/DE            1.50    1.55   -0.05 (VIOLATED)
hash.h0_out[17]$_DFFE_PN_/DE            1.50    1.55   -0.05 (VIOLATED)
hash.h1_out[17]$_DFFE_PN_/DE            1.50    1.54   -0.04 (VIOLATED)
hash.h4_out[15]$_DFFE_PN_/DE            1.50    1.53   -0.03 (VIOLATED)
hash.h7_out[19]$_DFFE_PN_/DE            1.50    1.53   -0.03 (VIOLATED)
hash.h2_out[16]$_DFFE_PN_/DE            1.50    1.52   -0.02 (VIOLATED)
hash.h4_out[16]$_DFFE_PN_/DE            1.50    1.51   -0.01 (VIOLATED)


==========================================================================
finish max_slew_check_slack
--------------------------------------------------------------------------
-0.3586134910583496

==========================================================================
finish max_slew_check_limit
--------------------------------------------------------------------------
1.5

==========================================================================
finish max_slew_check_slack_limit
--------------------------------------------------------------------------
-0.2391

==========================================================================
finish max_fanout_check_slack
--------------------------------------------------------------------------
1.0000000150474662e+30

==========================================================================
finish max_fanout_check_limit
--------------------------------------------------------------------------
1.0000000150474662e+30

==========================================================================
finish max_capacitance_check_slack
--------------------------------------------------------------------------
0.017277376726269722

==========================================================================
finish max_capacitance_check_limit
--------------------------------------------------------------------------
0.021067000925540924

==========================================================================
finish max_capacitance_check_slack_limit
--------------------------------------------------------------------------
0.8201

==========================================================================
finish max_slew_violation_count
--------------------------------------------------------------------------
max slew violation count 122

==========================================================================
finish max_fanout_violation_count
--------------------------------------------------------------------------
max fanout violation count 0

==========================================================================
finish max_cap_violation_count
--------------------------------------------------------------------------
max cap violation count 0

==========================================================================
finish setup_violation_count
--------------------------------------------------------------------------
setup violation count 19

==========================================================================
finish hold_violation_count
--------------------------------------------------------------------------
hold violation count 0

==========================================================================
finish report_checks -path_delay max reg to reg
--------------------------------------------------------------------------
Startpoint: hash.p2_cap[25]$_DFF_P_
            (rising edge-triggered flip-flop clocked by core_clock)
Endpoint: hash.p3_cap[31]$_DFF_P_
          (rising edge-triggered flip-flop clocked by core_clock)
Path Group: core_clock
Path Type: max

  Delay    Time   Description
---------------------------------------------------------
   0.00    0.00   clock core_clock (rise edge)
   0.00    0.00   clock source latency
   0.00    0.00 ^ clk (in)
   0.26    0.26 ^ clkbuf_0_clk/X (sky130_fd_sc_hd__clkbuf_16)
   0.32    0.57 ^ clkbuf_2_3_0_clk/X (sky130_fd_sc_hd__clkbuf_16)
   0.28    0.85 ^ clkbuf_5_29__f_clk/X (sky130_fd_sc_hd__clkbuf_16)
   0.19    1.04 ^ clkbuf_leaf_129_clk/X (sky130_fd_sc_hd__clkbuf_16)
   0.00    1.04 ^ hash.p2_cap[25]$_DFF_P_/CLK (sky130_fd_sc_hd__dfxtp_4)
   0.37    1.41 v hash.p2_cap[25]$_DFF_P_/Q (sky130_fd_sc_hd__dfxtp_4)
   0.15    1.56 v rebuffer107/X (sky130_fd_sc_hd__buf_12)
   0.14    1.70 v _15161_/Y (sky130_fd_sc_hd__xnor2_4)
   0.25    1.95 ^ _15162_/Y (sky130_fd_sc_hd__xnor2_2)
   0.24    2.19 ^ _27949_/COUT (sky130_fd_sc_hd__ha_2)
   0.04    2.23 v _19178_/Y (sky130_fd_sc_hd__inv_2)
   0.38    2.61 v _27652_/COUT (sky130_fd_sc_hd__fa_2)
   0.14    2.75 ^ _15307_/Y (sky130_fd_sc_hd__nor2b_2)
   0.07    2.83 v _15308_/Y (sky130_fd_sc_hd__o21ai_2)
   0.16    2.98 ^ _15309_/Y (sky130_fd_sc_hd__a21boi_2)
   0.11    3.09 v _15365_/Y (sky130_fd_sc_hd__o21ai_2)
   0.20    3.30 ^ _15423_/Y (sky130_fd_sc_hd__a21oi_4)
   0.11    3.41 v _15499_/Y (sky130_fd_sc_hd__a21oi_4)
   0.20    3.61 ^ _15543_/Y (sky130_fd_sc_hd__o22ai_4)
   0.16    3.77 ^ _15570_/X (sky130_fd_sc_hd__a31o_1)
   0.16    3.93 ^ _15571_/X (sky130_fd_sc_hd__a21o_1)
   0.09    4.02 v _15593_/Y (sky130_fd_sc_hd__a21oi_2)
   0.20    4.22 ^ _15615_/Y (sky130_fd_sc_hd__o211ai_2)
   0.10    4.32 v _15616_/Y (sky130_fd_sc_hd__a21oi_4)
   0.16    4.48 v _20670_/Y (sky130_fd_sc_hd__xnor2_2)
   0.33    4.81 v _28035_/SUM (sky130_fd_sc_hd__ha_1)
   0.13    4.94 ^ _18449_/Y (sky130_fd_sc_hd__a21oi_2)
   0.07    5.01 v _18450_/Y (sky130_fd_sc_hd__o21ai_1)
   0.18    5.19 v _18451_/X (sky130_fd_sc_hd__a21o_1)
   0.22    5.41 ^ _18452_/Y (sky130_fd_sc_hd__a21oi_4)
   0.11    5.52 v _18474_/Y (sky130_fd_sc_hd__o21ai_4)
   0.15    5.67 v rebuffer7/X (sky130_fd_sc_hd__buf_6)
   0.16    5.83 v _18475_/Y (sky130_fd_sc_hd__xnor2_4)
   0.27    6.11 ^ _18476_/Y (sky130_fd_sc_hd__nor2_8)
   0.20    6.30 ^ _18854_/Y (sky130_fd_sc_hd__xnor2_4)
   0.20    6.50 ^ _28164_/COUT (sky130_fd_sc_hd__ha_4)
   0.04    6.54 v _19198_/Y (sky130_fd_sc_hd__inv_2)
   0.36    6.90 v _27748_/COUT (sky130_fd_sc_hd__fa_2)
   0.13    7.04 ^ _18880_/Y (sky130_fd_sc_hd__nor2b_1)
   0.08    7.12 v _18881_/Y (sky130_fd_sc_hd__o21ai_1)
   0.20    7.32 ^ _18894_/Y (sky130_fd_sc_hd__a21boi_1)
   0.13    7.44 v _18895_/Y (sky130_fd_sc_hd__o21ai_2)
   0.33    7.77 ^ _18939_/Y (sky130_fd_sc_hd__a211oi_4)
   0.27    8.04 ^ _18974_/X (sky130_fd_sc_hd__o21a_1)
   0.18    8.22 ^ _18975_/X (sky130_fd_sc_hd__a21o_1)
   0.18    8.40 ^ _19155_/Y (sky130_fd_sc_hd__nor2b_4)
   0.06    8.46 v _19161_/Y (sky130_fd_sc_hd__o21ai_2)
   0.13    8.59 ^ _19162_/Y (sky130_fd_sc_hd__nand2b_1)
   0.09    8.69 v _19163_/Y (sky130_fd_sc_hd__a21oi_4)
   0.15    8.84 v _20457_/Y (sky130_fd_sc_hd__xnor2_2)
   0.56    9.40 ^ _27766_/SUM (sky130_fd_sc_hd__fa_1)
   0.23    9.62 v _28217_/SUM (sky130_fd_sc_hd__ha_4)
   0.11    9.73 v _23889_/X (sky130_fd_sc_hd__o21a_1)
   0.21    9.95 ^ _23890_/Y (sky130_fd_sc_hd__o211ai_2)
   0.08   10.03 v _23892_/Y (sky130_fd_sc_hd__nor3_1)
   0.33   10.36 v _23896_/X (sky130_fd_sc_hd__a32o_2)
   0.45   10.81 v _23912_/X (sky130_fd_sc_hd__or4_4)
   0.24   11.05 ^ _23927_/Y (sky130_fd_sc_hd__a311oi_2)
   0.11   11.16 v _23929_/Y (sky130_fd_sc_hd__nor2_2)
   0.26   11.42 v _23951_/X (sky130_fd_sc_hd__o211a_1)
   0.22   11.64 ^ _23953_/Y (sky130_fd_sc_hd__nor4b_2)
   0.09   11.73 v _23958_/Y (sky130_fd_sc_hd__a211oi_1)
   0.12   11.86 v _23959_/Y (sky130_fd_sc_hd__xnor2_1)
   0.00   11.86 v hash.p3_cap[31]$_DFF_P_/D (sky130_fd_sc_hd__dfxtp_1)
          11.86   data arrival time

  10.00   10.00   clock core_clock (rise edge)
   0.00   10.00   clock source latency
   0.00   10.00 ^ clk (in)
   0.26   10.26 ^ clkbuf_0_clk/X (sky130_fd_sc_hd__clkbuf_16)
   0.32   10.57 ^ clkbuf_2_3_0_clk/X (sky130_fd_sc_hd__clkbuf_16)
   0.28   10.85 ^ clkbuf_5_31__f_clk/X (sky130_fd_sc_hd__clkbuf_16)
   0.19   11.04 ^ clkbuf_leaf_138_clk/X (sky130_fd_sc_hd__clkbuf_16)
   0.00   11.04 ^ hash.p3_cap[31]$_DFF_P_/CLK (sky130_fd_sc_hd__dfxtp_1)
   0.00   11.04   clock reconvergence pessimism
  -0.12   10.92   library setup time
          10.92   data required time
---------------------------------------------------------
          10.92   data required time
         -11.86   data arrival time
---------------------------------------------------------
          -0.93   slack (VIOLATED)



==========================================================================
finish report_checks -path_delay min reg to reg
--------------------------------------------------------------------------
Startpoint: ready_dash$_SDFF_PP0_
            (rising edge-triggered flip-flop clocked by core_clock)
Endpoint: ready$_DFF_P_ (rising edge-triggered flip-flop clocked by core_clock)
Path Group: core_clock
Path Type: min

  Delay    Time   Description
---------------------------------------------------------
   0.00    0.00   clock core_clock (rise edge)
   0.00    0.00   clock source latency
   0.00    0.00 ^ clk (in)
   0.26    0.26 ^ clkbuf_0_clk/X (sky130_fd_sc_hd__clkbuf_16)
   0.32    0.57 ^ clkbuf_2_1_0_clk/X (sky130_fd_sc_hd__clkbuf_16)
   0.28    0.85 ^ clkbuf_5_15__f_clk/X (sky130_fd_sc_hd__clkbuf_16)
   0.18    1.04 ^ clkbuf_leaf_199_clk/X (sky130_fd_sc_hd__clkbuf_16)
   0.00    1.04 ^ ready_dash$_SDFF_PP0_/CLK (sky130_fd_sc_hd__dfxtp_1)
   0.29    1.33 v ready_dash$_SDFF_PP0_/Q (sky130_fd_sc_hd__dfxtp_1)
   0.00    1.33 v ready$_DFF_P_/D (sky130_fd_sc_hd__dfxtp_4)
           1.33   data arrival time

   0.00    0.00   clock core_clock (rise edge)
   0.00    0.00   clock source latency
   0.00    0.00 ^ clk (in)
   0.26    0.26 ^ clkbuf_0_clk/X (sky130_fd_sc_hd__clkbuf_16)
   0.32    0.57 ^ clkbuf_2_1_0_clk/X (sky130_fd_sc_hd__clkbuf_16)
   0.28    0.85 ^ clkbuf_5_15__f_clk/X (sky130_fd_sc_hd__clkbuf_16)
   0.18    1.04 ^ clkbuf_leaf_199_clk/X (sky130_fd_sc_hd__clkbuf_16)
   0.00    1.04 ^ ready$_DFF_P_/CLK (sky130_fd_sc_hd__dfxtp_4)
   0.00    1.04   clock reconvergence pessimism
  -0.03    1.00   library hold time
           1.00   data required time
---------------------------------------------------------
           1.00   data required time
          -1.33   data arrival time
---------------------------------------------------------
           0.33   slack (MET)



==========================================================================
finish critical path target clock latency max path
--------------------------------------------------------------------------
1.0141

==========================================================================
finish critical path target clock latency min path
--------------------------------------------------------------------------
1.0820

==========================================================================
finish critical path source clock latency min path
--------------------------------------------------------------------------
0.0000

==========================================================================
finish critical path delay
--------------------------------------------------------------------------
11.8560

==========================================================================
finish critical path slack
--------------------------------------------------------------------------
-0.9343

==========================================================================
finish slack div critical path delay
--------------------------------------------------------------------------
-7.880398

==========================================================================
finish report_power
--------------------------------------------------------------------------
Group                  Internal  Switching    Leakage      Total
                          Power      Power      Power      Power (Watts)
----------------------------------------------------------------
Sequential             2.40e-02   2.51e-03   2.77e-08   2.65e-02   4.6%
Combinational          2.17e-01   3.15e-01   7.05e-08   5.32e-01  93.2%
Clock                  7.10e-03   5.40e-03   5.36e-09   1.25e-02   2.2%
Macro                  0.00e+00   0.00e+00   0.00e+00   0.00e+00   0.0%
Pad                    0.00e+00   0.00e+00   0.00e+00   0.00e+00   0.0%
----------------------------------------------------------------
Total                  2.48e-01   3.23e-01   1.03e-07   5.71e-01 100.0%
                          43.5%      56.5%       0.0%
