
==========================================================================
finish report_tns
--------------------------------------------------------------------------
tns -2.24

==========================================================================
finish report_wns
--------------------------------------------------------------------------
wns -0.43

==========================================================================
finish report_worst_slack
--------------------------------------------------------------------------
worst slack -0.43

==========================================================================
finish report_clock_skew
--------------------------------------------------------------------------
Clock core_clock
   1.01 source latency w[0][7]$_DFFE_PP_/CLK ^
  -1.16 target latency w[25][13]$_SDFFCE_PN0P_/CLK ^
   0.00 CRPR
--------------
  -0.15 setup skew


==========================================================================
finish report_checks -path_delay min
--------------------------------------------------------------------------
Startpoint: ready_dash$_SDFF_PP0_
            (rising edge-triggered flip-flop clocked by core_clock)
Endpoint: ready$_DFF_P_ (rising edge-triggered flip-flop clocked by core_clock)
Path Group: core_clock
Path Type: min

Fanout     Cap    Slew   Delay    Time   Description
-----------------------------------------------------------------------------
                          0.00    0.00   clock core_clock (rise edge)
                          0.00    0.00   clock source latency
     2    0.13    0.00    0.00    0.00 ^ clk (in)
                                         clk (net)
                  0.05    0.03    0.03 ^ clkbuf_0_clk/A (sky130_fd_sc_hd__clkbuf_16)
     4    0.19    0.20    0.25    0.28 ^ clkbuf_0_clk/X (sky130_fd_sc_hd__clkbuf_16)
                                         clknet_0_clk (net)
                  0.20    0.01    0.28 ^ clkbuf_2_3_0_clk/A (sky130_fd_sc_hd__clkbuf_16)
     8    0.20    0.21    0.31    0.59 ^ clkbuf_2_3_0_clk/X (sky130_fd_sc_hd__clkbuf_16)
                                         clknet_2_3_0_clk (net)
                  0.21    0.00    0.59 ^ clkbuf_5_25__f_clk/A (sky130_fd_sc_hd__clkbuf_16)
     6    0.12    0.13    0.25    0.85 ^ clkbuf_5_25__f_clk/X (sky130_fd_sc_hd__clkbuf_16)
                                         clknet_5_25__leaf_clk (net)
                  0.13    0.00    0.85 ^ clkbuf_leaf_180_clk/A (sky130_fd_sc_hd__clkbuf_16)
     8    0.04    0.06    0.17    1.02 ^ clkbuf_leaf_180_clk/X (sky130_fd_sc_hd__clkbuf_16)
                                         clknet_leaf_180_clk (net)
                  0.06    0.00    1.02 ^ ready_dash$_SDFF_PP0_/CLK (sky130_fd_sc_hd__dfxtp_1)
     1    0.00    0.04    0.30    1.32 ^ ready_dash$_SDFF_PP0_/Q (sky130_fd_sc_hd__dfxtp_1)
                                         ready_dash (net)
                  0.04    0.00    1.32 ^ ready$_DFF_P_/D (sky130_fd_sc_hd__dfxtp_1)
                                  1.32   data arrival time

                          0.00    0.00   clock core_clock (rise edge)
                          0.00    0.00   clock source latency
     2    0.13    0.00    0.00    0.00 ^ clk (in)
                                         clk (net)
                  0.05    0.03    0.03 ^ clkbuf_0_clk/A (sky130_fd_sc_hd__clkbuf_16)
     4    0.19    0.20    0.25    0.28 ^ clkbuf_0_clk/X (sky130_fd_sc_hd__clkbuf_16)
                                         clknet_0_clk (net)
                  0.20    0.01    0.28 ^ clkbuf_2_3_0_clk/A (sky130_fd_sc_hd__clkbuf_16)
     8    0.20    0.21    0.31    0.59 ^ clkbuf_2_3_0_clk/X (sky130_fd_sc_hd__clkbuf_16)
                                         clknet_2_3_0_clk (net)
                  0.21    0.00    0.59 ^ clkbuf_5_25__f_clk/A (sky130_fd_sc_hd__clkbuf_16)
     6    0.12    0.13    0.25    0.85 ^ clkbuf_5_25__f_clk/X (sky130_fd_sc_hd__clkbuf_16)
                                         clknet_5_25__leaf_clk (net)
                  0.13    0.00    0.85 ^ clkbuf_leaf_179_clk/A (sky130_fd_sc_hd__clkbuf_16)
     6    0.03    0.05    0.16    1.01 ^ clkbuf_leaf_179_clk/X (sky130_fd_sc_hd__clkbuf_16)
                                         clknet_leaf_179_clk (net)
                  0.05    0.00    1.01 ^ ready$_DFF_P_/CLK (sky130_fd_sc_hd__dfxtp_1)
                          0.00    1.01   clock reconvergence pessimism
                         -0.03    0.98   library hold time
                                  0.98   data required time
-----------------------------------------------------------------------------
                                  0.98   data required time
                                 -1.32   data arrival time
-----------------------------------------------------------------------------
                                  0.34   slack (MET)



==========================================================================
finish report_checks -path_delay max
--------------------------------------------------------------------------
Startpoint: hash.p1_cap[0]$_DFF_P_
            (rising edge-triggered flip-flop clocked by core_clock)
Endpoint: hash.p1_cap[31]$_DFF_P_
          (rising edge-triggered flip-flop clocked by core_clock)
Path Group: core_clock
Path Type: max

Fanout     Cap    Slew   Delay    Time   Description
-----------------------------------------------------------------------------
                          0.00    0.00   clock core_clock (rise edge)
                          0.00    0.00   clock source latency
     2    0.13    0.00    0.00    0.00 ^ clk (in)
                                         clk (net)
                  0.05    0.03    0.03 ^ clkbuf_0_clk/A (sky130_fd_sc_hd__clkbuf_16)
     4    0.19    0.20    0.25    0.28 ^ clkbuf_0_clk/X (sky130_fd_sc_hd__clkbuf_16)
                                         clknet_0_clk (net)
                  0.20    0.01    0.28 ^ clkbuf_2_1_0_clk/A (sky130_fd_sc_hd__clkbuf_16)
     8    0.19    0.20    0.30    0.58 ^ clkbuf_2_1_0_clk/X (sky130_fd_sc_hd__clkbuf_16)
                                         clknet_2_1_0_clk (net)
                  0.20    0.01    0.59 ^ clkbuf_5_10__f_clk/A (sky130_fd_sc_hd__clkbuf_16)
     8    0.11    0.13    0.25    0.84 ^ clkbuf_5_10__f_clk/X (sky130_fd_sc_hd__clkbuf_16)
                                         clknet_5_10__leaf_clk (net)
                  0.13    0.00    0.84 ^ clkbuf_leaf_220_clk/A (sky130_fd_sc_hd__clkbuf_16)
    10    0.04    0.06    0.17    1.01 ^ clkbuf_leaf_220_clk/X (sky130_fd_sc_hd__clkbuf_16)
                                         clknet_leaf_220_clk (net)
                  0.06    0.00    1.01 ^ hash.p1_cap[0]$_DFF_P_/CLK (sky130_fd_sc_hd__dfxtp_2)
     1    0.01    0.04    0.33    1.34 v hash.p1_cap[0]$_DFF_P_/Q (sky130_fd_sc_hd__dfxtp_2)
                                         hash.CA2.p1[0] (net)
                  0.04    0.00    1.34 v _27514_/B (sky130_fd_sc_hd__ha_4)
     3    0.01    0.04    0.17    1.51 v _27514_/COUT (sky130_fd_sc_hd__ha_4)
                                         _12080_ (net)
                  0.04    0.00    1.51 v _27309_/CIN (sky130_fd_sc_hd__fa_2)
     3    0.01    0.09    0.37    1.88 v _27309_/COUT (sky130_fd_sc_hd__fa_2)
                                         _12081_ (net)
                  0.09    0.00    1.88 v _14791_/A2 (sky130_fd_sc_hd__a211oi_2)
     2    0.01    0.25    0.31    2.18 ^ _14791_/Y (sky130_fd_sc_hd__a211oi_2)
                                         _04398_ (net)
                  0.25    0.00    2.18 ^ _14795_/A1 (sky130_fd_sc_hd__o211ai_1)
     3    0.01    0.16    0.21    2.39 v _14795_/Y (sky130_fd_sc_hd__o211ai_1)
                                         _04402_ (net)
                  0.16    0.00    2.39 v _14799_/C (sky130_fd_sc_hd__and4_4)
     2    0.02    0.06    0.26    2.66 v _14799_/X (sky130_fd_sc_hd__and4_4)
                                         _04406_ (net)
                  0.06    0.00    2.66 v _14804_/B (sky130_fd_sc_hd__nor4bb_4)
     3    0.02    0.34    0.38    3.03 ^ _14804_/Y (sky130_fd_sc_hd__nor4bb_4)
                                         _04411_ (net)
                  0.34    0.00    3.04 ^ _14806_/A (sky130_fd_sc_hd__or4_4)
     2    0.01    0.06    0.23    3.26 ^ _14806_/X (sky130_fd_sc_hd__or4_4)
                                         _04413_ (net)
                  0.06    0.00    3.26 ^ _14812_/A2 (sky130_fd_sc_hd__a21oi_4)
     3    0.02    0.09    0.08    3.34 v _14812_/Y (sky130_fd_sc_hd__a21oi_4)
                                         _04419_ (net)
                  0.09    0.00    3.34 v _14926_/A2 (sky130_fd_sc_hd__o2111ai_2)
     2    0.01    0.20    0.22    3.56 ^ _14926_/Y (sky130_fd_sc_hd__o2111ai_2)
                                         _04512_ (net)
                  0.20    0.00    3.56 ^ _14971_/A (sky130_fd_sc_hd__nand3_2)
     2    0.01    0.10    0.12    3.68 v _14971_/Y (sky130_fd_sc_hd__nand3_2)
                                         _04549_ (net)
                  0.10    0.00    3.68 v _15016_/A2 (sky130_fd_sc_hd__a31o_1)
     1    0.01    0.06    0.25    3.94 v _15016_/X (sky130_fd_sc_hd__a31o_1)
                                         _04586_ (net)
                  0.06    0.00    3.94 v _15017_/A2 (sky130_fd_sc_hd__a21oi_4)
     1    0.02    0.17    0.20    4.14 ^ _15017_/Y (sky130_fd_sc_hd__a21oi_4)
                                         _04587_ (net)
                  0.17    0.00    4.14 ^ _15018_/B (sky130_fd_sc_hd__xor2_4)
     3    0.03    0.27    0.28    4.42 ^ _15018_/X (sky130_fd_sc_hd__xor2_4)
                                         _04588_ (net)
                  0.27    0.00    4.42 ^ _15031_/A (sky130_fd_sc_hd__xnor2_2)
     1    0.02    0.25    0.20    4.62 ^ _15031_/Y (sky130_fd_sc_hd__xnor2_2)
                                         _12155_ (net)
                  0.25    0.00    4.62 ^ _27326_/CIN (sky130_fd_sc_hd__fa_1)
     1    0.00    0.07    0.45    5.07 v _27326_/SUM (sky130_fd_sc_hd__fa_1)
                                         _12159_ (net)
                  0.07    0.00    5.07 v _20215_/A (sky130_fd_sc_hd__inv_1)
     1    0.01    0.07    0.09    5.16 ^ _20215_/Y (sky130_fd_sc_hd__inv_1)
                                         _12161_ (net)
                  0.07    0.00    5.16 ^ _27327_/B (sky130_fd_sc_hd__fa_2)
     1    0.01    0.09    0.46    5.62 v _27327_/SUM (sky130_fd_sc_hd__fa_2)
                                         _12163_ (net)
                  0.09    0.00    5.62 v _27624_/B (sky130_fd_sc_hd__ha_4)
     3    0.01    0.05    0.29    5.91 ^ _27624_/SUM (sky130_fd_sc_hd__ha_4)
                                         _13290_ (net)
                  0.05    0.00    5.91 ^ _17098_/B1 (sky130_fd_sc_hd__o21a_1)
     2    0.01    0.09    0.14    6.05 ^ _17098_/X (sky130_fd_sc_hd__o21a_1)
                                         _06047_ (net)
                  0.09    0.00    6.05 ^ _17108_/A2 (sky130_fd_sc_hd__o21ai_2)
     2    0.01    0.05    0.07    6.12 v _17108_/Y (sky130_fd_sc_hd__o21ai_2)
                                         _06055_ (net)
                  0.05    0.00    6.12 v _17109_/B1 (sky130_fd_sc_hd__a21oi_2)
     2    0.01    0.15    0.15    6.27 ^ _17109_/Y (sky130_fd_sc_hd__a21oi_2)
                                         _06056_ (net)
                  0.15    0.00    6.27 ^ _17128_/A2 (sky130_fd_sc_hd__a21oi_2)
     3    0.01    0.07    0.10    6.37 v _17128_/Y (sky130_fd_sc_hd__a21oi_2)
                                         _06071_ (net)
                  0.07    0.00    6.37 v _17166_/D (sky130_fd_sc_hd__or4_4)
     2    0.02    0.11    0.46    6.83 v _17166_/X (sky130_fd_sc_hd__or4_4)
                                         _06101_ (net)
                  0.11    0.00    6.83 v _17214_/A2 (sky130_fd_sc_hd__a21oi_4)
     5    0.03    0.24    0.27    7.10 ^ _17214_/Y (sky130_fd_sc_hd__a21oi_4)
                                         _06141_ (net)
                  0.24    0.00    7.11 ^ _17277_/A2 (sky130_fd_sc_hd__o211a_4)
     2    0.01    0.06    0.21    7.31 ^ _17277_/X (sky130_fd_sc_hd__o211a_4)
                                         _06192_ (net)
                  0.06    0.00    7.31 ^ _17284_/B (sky130_fd_sc_hd__nor3_2)
     1    0.01    0.04    0.05    7.37 v _17284_/Y (sky130_fd_sc_hd__nor3_2)
                                         _06199_ (net)
                  0.04    0.00    7.37 v _17286_/B (sky130_fd_sc_hd__nor3_4)
    11    0.10    1.00    0.80    8.17 ^ _17286_/Y (sky130_fd_sc_hd__nor3_4)
                                         _06201_ (net)
                  1.00    0.02    8.19 ^ _20292_/A (sky130_fd_sc_hd__xnor2_2)
     1    0.01    0.17    0.19    8.38 v _20292_/Y (sky130_fd_sc_hd__xnor2_2)
                                         _13560_ (net)
                  0.17    0.00    8.38 v _27727_/B (sky130_fd_sc_hd__ha_1)
     4    0.01    0.09    0.37    8.75 v _27727_/SUM (sky130_fd_sc_hd__ha_1)
                                         _13562_ (net)
                  0.09    0.00    8.75 v _23136_/A1 (sky130_fd_sc_hd__o21ai_0)
     1    0.00    0.14    0.18    8.93 ^ _23136_/Y (sky130_fd_sc_hd__o21ai_0)
                                         _09213_ (net)
                  0.14    0.00    8.93 ^ _23137_/B (sky130_fd_sc_hd__nand2_1)
     2    0.01    0.06    0.09    9.01 v _23137_/Y (sky130_fd_sc_hd__nand2_1)
                                         _09214_ (net)
                  0.06    0.00    9.01 v _23139_/B (sky130_fd_sc_hd__and3_4)
     2    0.01    0.04    0.19    9.20 v _23139_/X (sky130_fd_sc_hd__and3_4)
                                         _09216_ (net)
                  0.04    0.00    9.20 v _23143_/C (sky130_fd_sc_hd__nor4b_4)
     2    0.01    0.23    0.24    9.44 ^ _23143_/Y (sky130_fd_sc_hd__nor4b_4)
                                         _09220_ (net)
                  0.23    0.00    9.44 ^ _23187_/B (sky130_fd_sc_hd__nor3_2)
     2    0.01    0.07    0.10    9.54 v _23187_/Y (sky130_fd_sc_hd__nor3_2)
                                         _09256_ (net)
                  0.07    0.00    9.55 v _23193_/A2 (sky130_fd_sc_hd__o31ai_4)
     1    0.02    0.33    0.35    9.89 ^ _23193_/Y (sky130_fd_sc_hd__o31ai_4)
                                         _09260_ (net)
                  0.33    0.00    9.89 ^ _23196_/A1 (sky130_fd_sc_hd__a21oi_4)
     4    0.04    0.13    0.16   10.06 v _23196_/Y (sky130_fd_sc_hd__a21oi_4)
                                         _09263_ (net)
                  0.13    0.01   10.06 v _23216_/A1 (sky130_fd_sc_hd__a41o_4)
     3    0.01    0.05    0.26   10.32 v _23216_/X (sky130_fd_sc_hd__a41o_4)
                                         _09279_ (net)
                  0.05    0.00   10.32 v _23244_/D (sky130_fd_sc_hd__or4_4)
     2    0.01    0.09    0.43   10.75 v _23244_/X (sky130_fd_sc_hd__or4_4)
                                         _09303_ (net)
                  0.09    0.00   10.75 v _23260_/A2 (sky130_fd_sc_hd__a31oi_1)
     1    0.00    0.13    0.18   10.93 ^ _23260_/Y (sky130_fd_sc_hd__a31oi_1)
                                         _09316_ (net)
                  0.13    0.00   10.93 ^ _23261_/A1 (sky130_fd_sc_hd__o21bai_1)
     1    0.00    0.06    0.10   11.04 v _23261_/Y (sky130_fd_sc_hd__o21bai_1)
                                         _09317_ (net)
                  0.06    0.00   11.04 v _23262_/A (sky130_fd_sc_hd__xor2_1)
     1    0.01    0.07    0.18   11.21 v _23262_/X (sky130_fd_sc_hd__xor2_1)
                                         _09318_ (net)
                  0.07    0.00   11.21 v _23263_/B (sky130_fd_sc_hd__xnor2_1)
     1    0.00    0.05    0.13   11.34 v _23263_/Y (sky130_fd_sc_hd__xnor2_1)
                                         hash.CA1.p1[31] (net)
                  0.05    0.00   11.34 v hash.p1_cap[31]$_DFF_P_/D (sky130_fd_sc_hd__dfxtp_1)
                                 11.34   data arrival time

                         10.00   10.00   clock core_clock (rise edge)
                          0.00   10.00   clock source latency
     2    0.13    0.00    0.00   10.00 ^ clk (in)
                                         clk (net)
                  0.05    0.03   10.03 ^ clkbuf_0_clk/A (sky130_fd_sc_hd__clkbuf_16)
     4    0.19    0.20    0.25   10.28 ^ clkbuf_0_clk/X (sky130_fd_sc_hd__clkbuf_16)
                                         clknet_0_clk (net)
                  0.20    0.01   10.28 ^ clkbuf_2_1_0_clk/A (sky130_fd_sc_hd__clkbuf_16)
     8    0.19    0.20    0.30   10.58 ^ clkbuf_2_1_0_clk/X (sky130_fd_sc_hd__clkbuf_16)
                                         clknet_2_1_0_clk (net)
                  0.20    0.01   10.59 ^ clkbuf_5_14__f_clk/A (sky130_fd_sc_hd__clkbuf_16)
     9    0.13    0.14    0.26   10.85 ^ clkbuf_5_14__f_clk/X (sky130_fd_sc_hd__clkbuf_16)
                                         clknet_5_14__leaf_clk (net)
                  0.14    0.00   10.85 ^ clkbuf_leaf_204_clk/A (sky130_fd_sc_hd__clkbuf_16)
    11    0.04    0.06    0.17   11.02 ^ clkbuf_leaf_204_clk/X (sky130_fd_sc_hd__clkbuf_16)
                                         clknet_leaf_204_clk (net)
                  0.06    0.00   11.02 ^ hash.p1_cap[31]$_DFF_P_/CLK (sky130_fd_sc_hd__dfxtp_1)
                          0.00   11.02   clock reconvergence pessimism
                         -0.11   10.91   library setup time
                                 10.91   data required time
-----------------------------------------------------------------------------
                                 10.91   data required time
                                -11.34   data arrival time
-----------------------------------------------------------------------------
                                 -0.43   slack (VIOLATED)



==========================================================================
finish report_checks -unconstrained
--------------------------------------------------------------------------
Startpoint: hash.p1_cap[0]$_DFF_P_
            (rising edge-triggered flip-flop clocked by core_clock)
Endpoint: hash.p1_cap[31]$_DFF_P_
          (rising edge-triggered flip-flop clocked by core_clock)
Path Group: core_clock
Path Type: max

Fanout     Cap    Slew   Delay    Time   Description
-----------------------------------------------------------------------------
                          0.00    0.00   clock core_clock (rise edge)
                          0.00    0.00   clock source latency
     2    0.13    0.00    0.00    0.00 ^ clk (in)
                                         clk (net)
                  0.05    0.03    0.03 ^ clkbuf_0_clk/A (sky130_fd_sc_hd__clkbuf_16)
     4    0.19    0.20    0.25    0.28 ^ clkbuf_0_clk/X (sky130_fd_sc_hd__clkbuf_16)
                                         clknet_0_clk (net)
                  0.20    0.01    0.28 ^ clkbuf_2_1_0_clk/A (sky130_fd_sc_hd__clkbuf_16)
     8    0.19    0.20    0.30    0.58 ^ clkbuf_2_1_0_clk/X (sky130_fd_sc_hd__clkbuf_16)
                                         clknet_2_1_0_clk (net)
                  0.20    0.01    0.59 ^ clkbuf_5_10__f_clk/A (sky130_fd_sc_hd__clkbuf_16)
     8    0.11    0.13    0.25    0.84 ^ clkbuf_5_10__f_clk/X (sky130_fd_sc_hd__clkbuf_16)
                                         clknet_5_10__leaf_clk (net)
                  0.13    0.00    0.84 ^ clkbuf_leaf_220_clk/A (sky130_fd_sc_hd__clkbuf_16)
    10    0.04    0.06    0.17    1.01 ^ clkbuf_leaf_220_clk/X (sky130_fd_sc_hd__clkbuf_16)
                                         clknet_leaf_220_clk (net)
                  0.06    0.00    1.01 ^ hash.p1_cap[0]$_DFF_P_/CLK (sky130_fd_sc_hd__dfxtp_2)
     1    0.01    0.04    0.33    1.34 v hash.p1_cap[0]$_DFF_P_/Q (sky130_fd_sc_hd__dfxtp_2)
                                         hash.CA2.p1[0] (net)
                  0.04    0.00    1.34 v _27514_/B (sky130_fd_sc_hd__ha_4)
     3    0.01    0.04    0.17    1.51 v _27514_/COUT (sky130_fd_sc_hd__ha_4)
                                         _12080_ (net)
                  0.04    0.00    1.51 v _27309_/CIN (sky130_fd_sc_hd__fa_2)
     3    0.01    0.09    0.37    1.88 v _27309_/COUT (sky130_fd_sc_hd__fa_2)
                                         _12081_ (net)
                  0.09    0.00    1.88 v _14791_/A2 (sky130_fd_sc_hd__a211oi_2)
     2    0.01    0.25    0.31    2.18 ^ _14791_/Y (sky130_fd_sc_hd__a211oi_2)
                                         _04398_ (net)
                  0.25    0.00    2.18 ^ _14795_/A1 (sky130_fd_sc_hd__o211ai_1)
     3    0.01    0.16    0.21    2.39 v _14795_/Y (sky130_fd_sc_hd__o211ai_1)
                                         _04402_ (net)
                  0.16    0.00    2.39 v _14799_/C (sky130_fd_sc_hd__and4_4)
     2    0.02    0.06    0.26    2.66 v _14799_/X (sky130_fd_sc_hd__and4_4)
                                         _04406_ (net)
                  0.06    0.00    2.66 v _14804_/B (sky130_fd_sc_hd__nor4bb_4)
     3    0.02    0.34    0.38    3.03 ^ _14804_/Y (sky130_fd_sc_hd__nor4bb_4)
                                         _04411_ (net)
                  0.34    0.00    3.04 ^ _14806_/A (sky130_fd_sc_hd__or4_4)
     2    0.01    0.06    0.23    3.26 ^ _14806_/X (sky130_fd_sc_hd__or4_4)
                                         _04413_ (net)
                  0.06    0.00    3.26 ^ _14812_/A2 (sky130_fd_sc_hd__a21oi_4)
     3    0.02    0.09    0.08    3.34 v _14812_/Y (sky130_fd_sc_hd__a21oi_4)
                                         _04419_ (net)
                  0.09    0.00    3.34 v _14926_/A2 (sky130_fd_sc_hd__o2111ai_2)
     2    0.01    0.20    0.22    3.56 ^ _14926_/Y (sky130_fd_sc_hd__o2111ai_2)
                                         _04512_ (net)
                  0.20    0.00    3.56 ^ _14971_/A (sky130_fd_sc_hd__nand3_2)
     2    0.01    0.10    0.12    3.68 v _14971_/Y (sky130_fd_sc_hd__nand3_2)
                                         _04549_ (net)
                  0.10    0.00    3.68 v _15016_/A2 (sky130_fd_sc_hd__a31o_1)
     1    0.01    0.06    0.25    3.94 v _15016_/X (sky130_fd_sc_hd__a31o_1)
                                         _04586_ (net)
                  0.06    0.00    3.94 v _15017_/A2 (sky130_fd_sc_hd__a21oi_4)
     1    0.02    0.17    0.20    4.14 ^ _15017_/Y (sky130_fd_sc_hd__a21oi_4)
                                         _04587_ (net)
                  0.17    0.00    4.14 ^ _15018_/B (sky130_fd_sc_hd__xor2_4)
     3    0.03    0.27    0.28    4.42 ^ _15018_/X (sky130_fd_sc_hd__xor2_4)
                                         _04588_ (net)
                  0.27    0.00    4.42 ^ _15031_/A (sky130_fd_sc_hd__xnor2_2)
     1    0.02    0.25    0.20    4.62 ^ _15031_/Y (sky130_fd_sc_hd__xnor2_2)
                                         _12155_ (net)
                  0.25    0.00    4.62 ^ _27326_/CIN (sky130_fd_sc_hd__fa_1)
     1    0.00    0.07    0.45    5.07 v _27326_/SUM (sky130_fd_sc_hd__fa_1)
                                         _12159_ (net)
                  0.07    0.00    5.07 v _20215_/A (sky130_fd_sc_hd__inv_1)
     1    0.01    0.07    0.09    5.16 ^ _20215_/Y (sky130_fd_sc_hd__inv_1)
                                         _12161_ (net)
                  0.07    0.00    5.16 ^ _27327_/B (sky130_fd_sc_hd__fa_2)
     1    0.01    0.09    0.46    5.62 v _27327_/SUM (sky130_fd_sc_hd__fa_2)
                                         _12163_ (net)
                  0.09    0.00    5.62 v _27624_/B (sky130_fd_sc_hd__ha_4)
     3    0.01    0.05    0.29    5.91 ^ _27624_/SUM (sky130_fd_sc_hd__ha_4)
                                         _13290_ (net)
                  0.05    0.00    5.91 ^ _17098_/B1 (sky130_fd_sc_hd__o21a_1)
     2    0.01    0.09    0.14    6.05 ^ _17098_/X (sky130_fd_sc_hd__o21a_1)
                                         _06047_ (net)
                  0.09    0.00    6.05 ^ _17108_/A2 (sky130_fd_sc_hd__o21ai_2)
     2    0.01    0.05    0.07    6.12 v _17108_/Y (sky130_fd_sc_hd__o21ai_2)
                                         _06055_ (net)
                  0.05    0.00    6.12 v _17109_/B1 (sky130_fd_sc_hd__a21oi_2)
     2    0.01    0.15    0.15    6.27 ^ _17109_/Y (sky130_fd_sc_hd__a21oi_2)
                                         _06056_ (net)
                  0.15    0.00    6.27 ^ _17128_/A2 (sky130_fd_sc_hd__a21oi_2)
     3    0.01    0.07    0.10    6.37 v _17128_/Y (sky130_fd_sc_hd__a21oi_2)
                                         _06071_ (net)
                  0.07    0.00    6.37 v _17166_/D (sky130_fd_sc_hd__or4_4)
     2    0.02    0.11    0.46    6.83 v _17166_/X (sky130_fd_sc_hd__or4_4)
                                         _06101_ (net)
                  0.11    0.00    6.83 v _17214_/A2 (sky130_fd_sc_hd__a21oi_4)
     5    0.03    0.24    0.27    7.10 ^ _17214_/Y (sky130_fd_sc_hd__a21oi_4)
                                         _06141_ (net)
                  0.24    0.00    7.11 ^ _17277_/A2 (sky130_fd_sc_hd__o211a_4)
     2    0.01    0.06    0.21    7.31 ^ _17277_/X (sky130_fd_sc_hd__o211a_4)
                                         _06192_ (net)
                  0.06    0.00    7.31 ^ _17284_/B (sky130_fd_sc_hd__nor3_2)
     1    0.01    0.04    0.05    7.37 v _17284_/Y (sky130_fd_sc_hd__nor3_2)
                                         _06199_ (net)
                  0.04    0.00    7.37 v _17286_/B (sky130_fd_sc_hd__nor3_4)
    11    0.10    1.00    0.80    8.17 ^ _17286_/Y (sky130_fd_sc_hd__nor3_4)
                                         _06201_ (net)
                  1.00    0.02    8.19 ^ _20292_/A (sky130_fd_sc_hd__xnor2_2)
     1    0.01    0.17    0.19    8.38 v _20292_/Y (sky130_fd_sc_hd__xnor2_2)
                                         _13560_ (net)
                  0.17    0.00    8.38 v _27727_/B (sky130_fd_sc_hd__ha_1)
     4    0.01    0.09    0.37    8.75 v _27727_/SUM (sky130_fd_sc_hd__ha_1)
                                         _13562_ (net)
                  0.09    0.00    8.75 v _23136_/A1 (sky130_fd_sc_hd__o21ai_0)
     1    0.00    0.14    0.18    8.93 ^ _23136_/Y (sky130_fd_sc_hd__o21ai_0)
                                         _09213_ (net)
                  0.14    0.00    8.93 ^ _23137_/B (sky130_fd_sc_hd__nand2_1)
     2    0.01    0.06    0.09    9.01 v _23137_/Y (sky130_fd_sc_hd__nand2_1)
                                         _09214_ (net)
                  0.06    0.00    9.01 v _23139_/B (sky130_fd_sc_hd__and3_4)
     2    0.01    0.04    0.19    9.20 v _23139_/X (sky130_fd_sc_hd__and3_4)
                                         _09216_ (net)
                  0.04    0.00    9.20 v _23143_/C (sky130_fd_sc_hd__nor4b_4)
     2    0.01    0.23    0.24    9.44 ^ _23143_/Y (sky130_fd_sc_hd__nor4b_4)
                                         _09220_ (net)
                  0.23    0.00    9.44 ^ _23187_/B (sky130_fd_sc_hd__nor3_2)
     2    0.01    0.07    0.10    9.54 v _23187_/Y (sky130_fd_sc_hd__nor3_2)
                                         _09256_ (net)
                  0.07    0.00    9.55 v _23193_/A2 (sky130_fd_sc_hd__o31ai_4)
     1    0.02    0.33    0.35    9.89 ^ _23193_/Y (sky130_fd_sc_hd__o31ai_4)
                                         _09260_ (net)
                  0.33    0.00    9.89 ^ _23196_/A1 (sky130_fd_sc_hd__a21oi_4)
     4    0.04    0.13    0.16   10.06 v _23196_/Y (sky130_fd_sc_hd__a21oi_4)
                                         _09263_ (net)
                  0.13    0.01   10.06 v _23216_/A1 (sky130_fd_sc_hd__a41o_4)
     3    0.01    0.05    0.26   10.32 v _23216_/X (sky130_fd_sc_hd__a41o_4)
                                         _09279_ (net)
                  0.05    0.00   10.32 v _23244_/D (sky130_fd_sc_hd__or4_4)
     2    0.01    0.09    0.43   10.75 v _23244_/X (sky130_fd_sc_hd__or4_4)
                                         _09303_ (net)
                  0.09    0.00   10.75 v _23260_/A2 (sky130_fd_sc_hd__a31oi_1)
     1    0.00    0.13    0.18   10.93 ^ _23260_/Y (sky130_fd_sc_hd__a31oi_1)
                                         _09316_ (net)
                  0.13    0.00   10.93 ^ _23261_/A1 (sky130_fd_sc_hd__o21bai_1)
     1    0.00    0.06    0.10   11.04 v _23261_/Y (sky130_fd_sc_hd__o21bai_1)
                                         _09317_ (net)
                  0.06    0.00   11.04 v _23262_/A (sky130_fd_sc_hd__xor2_1)
     1    0.01    0.07    0.18   11.21 v _23262_/X (sky130_fd_sc_hd__xor2_1)
                                         _09318_ (net)
                  0.07    0.00   11.21 v _23263_/B (sky130_fd_sc_hd__xnor2_1)
     1    0.00    0.05    0.13   11.34 v _23263_/Y (sky130_fd_sc_hd__xnor2_1)
                                         hash.CA1.p1[31] (net)
                  0.05    0.00   11.34 v hash.p1_cap[31]$_DFF_P_/D (sky130_fd_sc_hd__dfxtp_1)
                                 11.34   data arrival time

                         10.00   10.00   clock core_clock (rise edge)
                          0.00   10.00   clock source latency
     2    0.13    0.00    0.00   10.00 ^ clk (in)
                                         clk (net)
                  0.05    0.03   10.03 ^ clkbuf_0_clk/A (sky130_fd_sc_hd__clkbuf_16)
     4    0.19    0.20    0.25   10.28 ^ clkbuf_0_clk/X (sky130_fd_sc_hd__clkbuf_16)
                                         clknet_0_clk (net)
                  0.20    0.01   10.28 ^ clkbuf_2_1_0_clk/A (sky130_fd_sc_hd__clkbuf_16)
     8    0.19    0.20    0.30   10.58 ^ clkbuf_2_1_0_clk/X (sky130_fd_sc_hd__clkbuf_16)
                                         clknet_2_1_0_clk (net)
                  0.20    0.01   10.59 ^ clkbuf_5_14__f_clk/A (sky130_fd_sc_hd__clkbuf_16)
     9    0.13    0.14    0.26   10.85 ^ clkbuf_5_14__f_clk/X (sky130_fd_sc_hd__clkbuf_16)
                                         clknet_5_14__leaf_clk (net)
                  0.14    0.00   10.85 ^ clkbuf_leaf_204_clk/A (sky130_fd_sc_hd__clkbuf_16)
    11    0.04    0.06    0.17   11.02 ^ clkbuf_leaf_204_clk/X (sky130_fd_sc_hd__clkbuf_16)
                                         clknet_leaf_204_clk (net)
                  0.06    0.00   11.02 ^ hash.p1_cap[31]$_DFF_P_/CLK (sky130_fd_sc_hd__dfxtp_1)
                          0.00   11.02   clock reconvergence pessimism
                         -0.11   10.91   library setup time
                                 10.91   data required time
-----------------------------------------------------------------------------
                                 10.91   data required time
                                -11.34   data arrival time
-----------------------------------------------------------------------------
                                 -0.43   slack (VIOLATED)



==========================================================================
finish report_check_types -max_slew -max_cap -max_fanout -violators
--------------------------------------------------------------------------
max slew

Pin                                    Limit    Slew   Slack
------------------------------------------------------------
hash.h1_out[31]$_DFFE_PN_/DE            1.50    5.40   -3.90 (VIOLATED)
hash.h1_out[30]$_DFFE_PN_/DE            1.50    5.40   -3.90 (VIOLATED)
hash.h2_out[31]$_DFFE_PN_/DE            1.50    5.40   -3.90 (VIOLATED)
hash.h1_out[25]$_DFFE_PN_/DE            1.50    5.40   -3.90 (VIOLATED)
load_slew388/A                          1.50    5.40   -3.90 (VIOLATED)
hash.h6_out[22]$_DFFE_PN_/DE            1.50    5.40   -3.90 (VIOLATED)
hash.h5_out[3]$_DFFE_PN_/DE             1.50    5.40   -3.90 (VIOLATED)
hash.h5_out[6]$_DFFE_PN_/DE             1.50    5.40   -3.90 (VIOLATED)
hash.h7_out[0]$_DFFE_PN_/DE             1.50    5.40   -3.90 (VIOLATED)
hash.h5_out[4]$_DFFE_PN_/DE             1.50    5.40   -3.90 (VIOLATED)
hash.h5_out[1]$_DFFE_PN_/DE             1.50    5.40   -3.90 (VIOLATED)
hash.h5_out[5]$_DFFE_PN_/DE             1.50    5.40   -3.90 (VIOLATED)
hash.h7_out[5]$_DFFE_PN_/DE             1.50    5.40   -3.90 (VIOLATED)
hash.h7_out[6]$_DFFE_PN_/DE             1.50    5.40   -3.90 (VIOLATED)
hash.h7_out[4]$_DFFE_PN_/DE             1.50    5.40   -3.90 (VIOLATED)
hash.h7_out[2]$_DFFE_PN_/DE             1.50    5.40   -3.90 (VIOLATED)
hash.h6_out[24]$_DFFE_PN_/DE            1.50    5.40   -3.90 (VIOLATED)
hash.h5_out[0]$_DFFE_PN_/DE             1.50    5.40   -3.90 (VIOLATED)
hash.h3_out[1]$_DFFE_PN_/DE             1.50    5.40   -3.90 (VIOLATED)
hash.h6_out[26]$_DFFE_PN_/DE            1.50    5.40   -3.90 (VIOLATED)
hash.h6_out[23]$_DFFE_PN_/DE            1.50    5.40   -3.90 (VIOLATED)
hash.h5_out[8]$_DFFE_PN_/DE             1.50    5.40   -3.90 (VIOLATED)
hash.h4_out[24]$_DFFE_PN_/DE            1.50    5.40   -3.90 (VIOLATED)
hash.h3_out[2]$_DFFE_PN_/DE             1.50    5.40   -3.90 (VIOLATED)
hash.h3_out[3]$_DFFE_PN_/DE             1.50    5.40   -3.90 (VIOLATED)
hash.h4_out[23]$_DFFE_PN_/DE            1.50    5.40   -3.90 (VIOLATED)
hash.h6_out[25]$_DFFE_PN_/DE            1.50    5.40   -3.90 (VIOLATED)
hash.h6_out[27]$_DFFE_PN_/DE            1.50    5.40   -3.90 (VIOLATED)
hash.h6_out[31]$_DFFE_PN_/DE            1.50    5.40   -3.90 (VIOLATED)
hash.h6_out[29]$_DFFE_PN_/DE            1.50    5.40   -3.90 (VIOLATED)
hash.h5_out[7]$_DFFE_PN_/DE             1.50    5.40   -3.90 (VIOLATED)
hash.h6_out[30]$_DFFE_PN_/DE            1.50    5.40   -3.90 (VIOLATED)
hash.h4_out[25]$_DFFE_PN_/DE            1.50    5.40   -3.90 (VIOLATED)
hash.h4_out[26]$_DFFE_PN_/DE            1.50    5.40   -3.90 (VIOLATED)
hash.h4_out[28]$_DFFE_PN_/DE            1.50    5.40   -3.90 (VIOLATED)
_18750_/Y                               1.49    5.39   -3.90 (VIOLATED)
hash.h4_out[27]$_DFFE_PN_/DE            1.50    5.40   -3.90 (VIOLATED)
hash.h5_out[11]$_DFFE_PN_/DE            1.50    5.39   -3.89 (VIOLATED)
hash.h4_out[29]$_DFFE_PN_/DE            1.50    5.39   -3.89 (VIOLATED)
hash.h4_out[30]$_DFFE_PN_/DE            1.50    5.39   -3.89 (VIOLATED)
hash.h4_out[31]$_DFFE_PN_/DE            1.50    5.39   -3.89 (VIOLATED)
hash.h5_out[9]$_DFFE_PN_/DE             1.50    5.39   -3.89 (VIOLATED)
hash.h5_out[12]$_DFFE_PN_/DE            1.50    5.39   -3.89 (VIOLATED)
hash.h5_out[14]$_DFFE_PN_/DE            1.50    5.39   -3.89 (VIOLATED)
hash.h3_out[6]$_DFFE_PN_/DE             1.50    5.39   -3.89 (VIOLATED)
hash.h3_out[5]$_DFFE_PN_/DE             1.50    5.39   -3.89 (VIOLATED)
hash.h5_out[10]$_DFFE_PN_/DE            1.50    5.39   -3.89 (VIOLATED)
hash.h7_out[7]$_DFFE_PN_/DE             1.50    5.39   -3.89 (VIOLATED)
hash.h7_out[8]$_DFFE_PN_/DE             1.50    5.39   -3.89 (VIOLATED)
hash.h7_out[11]$_DFFE_PN_/DE            1.50    5.39   -3.89 (VIOLATED)
hash.h7_out[29]$_DFFE_PN_/DE            1.50    5.39   -3.89 (VIOLATED)
hash.h7_out[27]$_DFFE_PN_/DE            1.50    5.39   -3.89 (VIOLATED)
hash.h7_out[30]$_DFFE_PN_/DE            1.50    5.39   -3.89 (VIOLATED)
hash.h7_out[26]$_DFFE_PN_/DE            1.50    5.39   -3.89 (VIOLATED)
hash.h7_out[31]$_DFFE_PN_/DE            1.50    5.39   -3.89 (VIOLATED)
hash.h3_out[28]$_DFFE_PN_/DE            1.50    5.39   -3.89 (VIOLATED)
hash.h3_out[29]$_DFFE_PN_/DE            1.50    5.39   -3.89 (VIOLATED)
hash.h7_out[28]$_DFFE_PN_/DE            1.50    5.39   -3.89 (VIOLATED)
hash.h3_out[27]$_DFFE_PN_/DE            1.50    5.39   -3.89 (VIOLATED)
hash.h3_out[31]$_DFFE_PN_/DE            1.50    5.39   -3.89 (VIOLATED)
hash.h7_out[25]$_DFFE_PN_/DE            1.50    5.39   -3.89 (VIOLATED)
hash.h3_out[26]$_DFFE_PN_/DE            1.50    5.39   -3.89 (VIOLATED)
hash.h7_out[24]$_DFFE_PN_/DE            1.50    5.39   -3.89 (VIOLATED)
hash.h7_out[23]$_DFFE_PN_/DE            1.50    5.39   -3.89 (VIOLATED)
hash.h7_out[20]$_DFFE_PN_/DE            1.50    5.39   -3.89 (VIOLATED)
hash.h7_out[22]$_DFFE_PN_/DE            1.50    5.39   -3.89 (VIOLATED)
hash.h3_out[30]$_DFFE_PN_/DE            1.50    5.39   -3.89 (VIOLATED)
hash.h7_out[21]$_DFFE_PN_/DE            1.50    5.39   -3.89 (VIOLATED)
hash.h7_out[10]$_DFFE_PN_/DE            1.50    5.39   -3.89 (VIOLATED)
hash.h3_out[25]$_DFFE_PN_/DE            1.50    5.39   -3.89 (VIOLATED)
hash.h7_out[9]$_DFFE_PN_/DE             1.50    5.39   -3.89 (VIOLATED)
hash.h3_out[23]$_DFFE_PN_/DE            1.50    5.39   -3.89 (VIOLATED)
hash.h3_out[24]$_DFFE_PN_/DE            1.50    5.39   -3.89 (VIOLATED)
hash.h3_out[22]$_DFFE_PN_/DE            1.50    5.39   -3.89 (VIOLATED)
hash.h3_out[7]$_DFFE_PN_/DE             1.50    5.39   -3.89 (VIOLATED)
hash.h3_out[21]$_DFFE_PN_/DE            1.50    5.39   -3.89 (VIOLATED)
hash.h7_out[18]$_DFFE_PN_/DE            1.50    5.39   -3.89 (VIOLATED)
hash.h5_out[13]$_DFFE_PN_/DE            1.50    5.39   -3.89 (VIOLATED)
hash.h7_out[12]$_DFFE_PN_/DE            1.50    5.39   -3.89 (VIOLATED)
hash.h3_out[20]$_DFFE_PN_/DE            1.50    5.39   -3.89 (VIOLATED)
hash.h5_out[17]$_DFFE_PN_/DE            1.50    5.39   -3.89 (VIOLATED)
hash.h7_out[16]$_DFFE_PN_/DE            1.50    5.39   -3.89 (VIOLATED)
hash.h3_out[19]$_DFFE_PN_/DE            1.50    5.39   -3.89 (VIOLATED)
hash.h7_out[15]$_DFFE_PN_/DE            1.50    5.39   -3.89 (VIOLATED)
hash.h3_out[9]$_DFFE_PN_/DE             1.50    5.39   -3.89 (VIOLATED)
hash.h3_out[18]$_DFFE_PN_/DE            1.50    5.39   -3.89 (VIOLATED)
hash.h3_out[17]$_DFFE_PN_/DE            1.50    5.39   -3.89 (VIOLATED)
hash.h5_out[25]$_DFFE_PN_/DE            1.50    5.39   -3.89 (VIOLATED)
hash.h3_out[15]$_DFFE_PN_/DE            1.50    5.39   -3.89 (VIOLATED)
hash.h3_out[8]$_DFFE_PN_/DE             1.50    5.39   -3.89 (VIOLATED)
hash.h3_out[16]$_DFFE_PN_/DE            1.50    5.39   -3.89 (VIOLATED)
hash.h7_out[13]$_DFFE_PN_/DE            1.50    5.39   -3.89 (VIOLATED)
hash.h3_out[14]$_DFFE_PN_/DE            1.50    5.39   -3.89 (VIOLATED)
hash.h3_out[10]$_DFFE_PN_/DE            1.50    5.39   -3.89 (VIOLATED)
hash.h3_out[13]$_DFFE_PN_/DE            1.50    5.39   -3.89 (VIOLATED)
hash.h3_out[12]$_DFFE_PN_/DE            1.50    5.39   -3.89 (VIOLATED)
hash.h5_out[24]$_DFFE_PN_/DE            1.50    5.39   -3.89 (VIOLATED)
hash.h3_out[11]$_DFFE_PN_/DE            1.50    5.39   -3.89 (VIOLATED)
hash.h5_out[20]$_DFFE_PN_/DE            1.50    5.39   -3.89 (VIOLATED)
hash.h5_out[22]$_DFFE_PN_/DE            1.50    5.39   -3.89 (VIOLATED)
hash.h5_out[15]$_DFFE_PN_/DE            1.50    5.39   -3.89 (VIOLATED)
hash.h5_out[19]$_DFFE_PN_/DE            1.50    5.39   -3.89 (VIOLATED)
hash.h5_out[21]$_DFFE_PN_/DE            1.50    5.39   -3.89 (VIOLATED)
hash.h5_out[23]$_DFFE_PN_/DE            1.50    5.39   -3.89 (VIOLATED)
hash.h5_out[18]$_DFFE_PN_/DE            1.50    5.39   -3.89 (VIOLATED)
hash.h5_out[28]$_DFFE_PN_/DE            1.50    5.39   -3.89 (VIOLATED)
hash.h7_out[17]$_DFFE_PN_/DE            1.50    5.39   -3.89 (VIOLATED)
hash.h7_out[19]$_DFFE_PN_/DE            1.50    5.39   -3.89 (VIOLATED)
hash.h7_out[14]$_DFFE_PN_/DE            1.50    5.39   -3.89 (VIOLATED)
hash.h5_out[26]$_DFFE_PN_/DE            1.50    5.39   -3.89 (VIOLATED)
hash.h5_out[27]$_DFFE_PN_/DE            1.50    5.39   -3.89 (VIOLATED)
hash.h5_out[30]$_DFFE_PN_/DE            1.50    5.39   -3.89 (VIOLATED)
hash.h5_out[29]$_DFFE_PN_/DE            1.50    5.39   -3.89 (VIOLATED)
hash.h5_out[16]$_DFFE_PN_/DE            1.50    5.39   -3.89 (VIOLATED)
hash.h5_out[31]$_DFFE_PN_/DE            1.50    5.39   -3.89 (VIOLATED)
hash.h2_out[1]$_DFFE_PN_/DE             1.50    3.72   -2.22 (VIOLATED)
hash.h2_out[0]$_DFFE_PN_/DE             1.50    3.72   -2.22 (VIOLATED)
hash.h0_out[1]$_DFFE_PN_/DE             1.50    3.72   -2.22 (VIOLATED)
hash.h0_out[0]$_DFFE_PN_/DE             1.50    3.72   -2.22 (VIOLATED)
hash.h0_out[2]$_DFFE_PN_/DE             1.50    3.72   -2.22 (VIOLATED)
hash.h3_out[0]$_DFFE_PN_/DE             1.50    3.72   -2.22 (VIOLATED)
hash.h1_out[1]$_DFFE_PN_/DE             1.50    3.72   -2.22 (VIOLATED)
hash.h2_out[2]$_DFFE_PN_/DE             1.50    3.72   -2.22 (VIOLATED)
hash.h1_out[2]$_DFFE_PN_/DE             1.50    3.72   -2.22 (VIOLATED)
hash.h1_out[0]$_DFFE_PN_/DE             1.50    3.72   -2.22 (VIOLATED)
hash.h0_out[3]$_DFFE_PN_/DE             1.50    3.72   -2.22 (VIOLATED)
hash.h2_out[3]$_DFFE_PN_/DE             1.50    3.72   -2.22 (VIOLATED)
hash.h1_out[4]$_DFFE_PN_/DE             1.50    3.72   -2.22 (VIOLATED)
hash.h2_out[4]$_DFFE_PN_/DE             1.50    3.72   -2.22 (VIOLATED)
hash.h1_out[6]$_DFFE_PN_/DE             1.50    3.72   -2.22 (VIOLATED)
hash.h2_out[5]$_DFFE_PN_/DE             1.50    3.72   -2.22 (VIOLATED)
hash.h0_out[4]$_DFFE_PN_/DE             1.50    3.72   -2.22 (VIOLATED)
hash.h0_out[5]$_DFFE_PN_/DE             1.50    3.72   -2.22 (VIOLATED)
hash.h6_out[0]$_DFFE_PN_/DE             1.50    3.72   -2.22 (VIOLATED)
hash.h0_out[8]$_DFFE_PN_/DE             1.50    3.72   -2.22 (VIOLATED)
hash.h0_out[6]$_DFFE_PN_/DE             1.50    3.72   -2.22 (VIOLATED)
hash.h3_out[4]$_DFFE_PN_/DE             1.50    3.72   -2.22 (VIOLATED)
hash.h1_out[8]$_DFFE_PN_/DE             1.50    3.72   -2.22 (VIOLATED)
hash.h0_out[9]$_DFFE_PN_/DE             1.50    3.72   -2.22 (VIOLATED)
hash.h2_out[8]$_DFFE_PN_/DE             1.50    3.72   -2.22 (VIOLATED)
hash.h0_out[7]$_DFFE_PN_/DE             1.50    3.72   -2.22 (VIOLATED)
hash.h1_out[10]$_DFFE_PN_/DE            1.50    3.72   -2.22 (VIOLATED)
hash.h1_out[3]$_DFFE_PN_/DE             1.50    3.72   -2.22 (VIOLATED)
hash.h0_out[11]$_DFFE_PN_/DE            1.50    3.72   -2.22 (VIOLATED)
hash.h2_out[6]$_DFFE_PN_/DE             1.50    3.72   -2.22 (VIOLATED)
hash.h1_out[7]$_DFFE_PN_/DE             1.50    3.72   -2.22 (VIOLATED)
hash.h1_out[5]$_DFFE_PN_/DE             1.50    3.72   -2.22 (VIOLATED)
hash.h0_out[10]$_DFFE_PN_/DE            1.50    3.72   -2.22 (VIOLATED)
hash.h2_out[7]$_DFFE_PN_/DE             1.50    3.72   -2.22 (VIOLATED)
hash.h2_out[9]$_DFFE_PN_/DE             1.50    3.72   -2.22 (VIOLATED)
hash.h1_out[11]$_DFFE_PN_/DE            1.50    3.72   -2.22 (VIOLATED)
hash.h1_out[9]$_DFFE_PN_/DE             1.50    3.72   -2.22 (VIOLATED)
hash.h2_out[11]$_DFFE_PN_/DE            1.50    3.72   -2.22 (VIOLATED)
hash.h2_out[20]$_DFFE_PN_/DE            1.50    3.72   -2.22 (VIOLATED)
hash.h2_out[14]$_DFFE_PN_/DE            1.50    3.72   -2.22 (VIOLATED)
hash.h2_out[16]$_DFFE_PN_/DE            1.50    3.72   -2.22 (VIOLATED)
hash.h2_out[18]$_DFFE_PN_/DE            1.50    3.72   -2.22 (VIOLATED)
hash.h1_out[13]$_DFFE_PN_/DE            1.50    3.72   -2.22 (VIOLATED)
hash.h1_out[12]$_DFFE_PN_/DE            1.50    3.72   -2.22 (VIOLATED)
hash.h2_out[10]$_DFFE_PN_/DE            1.50    3.72   -2.22 (VIOLATED)
hash.h1_out[15]$_DFFE_PN_/DE            1.50    3.72   -2.22 (VIOLATED)
hash.h0_out[18]$_DFFE_PN_/DE            1.50    3.72   -2.22 (VIOLATED)
hash.h0_out[21]$_DFFE_PN_/DE            1.50    3.72   -2.22 (VIOLATED)
hash.h2_out[15]$_DFFE_PN_/DE            1.50    3.72   -2.22 (VIOLATED)
hash.h0_out[19]$_DFFE_PN_/DE            1.50    3.72   -2.22 (VIOLATED)
hash.h0_out[17]$_DFFE_PN_/DE            1.50    3.72   -2.22 (VIOLATED)
hash.h0_out[12]$_DFFE_PN_/DE            1.50    3.72   -2.22 (VIOLATED)
hash.h0_out[20]$_DFFE_PN_/DE            1.50    3.72   -2.22 (VIOLATED)
hash.h1_out[14]$_DFFE_PN_/DE            1.50    3.72   -2.22 (VIOLATED)
hash.h0_out[14]$_DFFE_PN_/DE            1.50    3.72   -2.22 (VIOLATED)
hash.h2_out[12]$_DFFE_PN_/DE            1.50    3.72   -2.22 (VIOLATED)
hash.h0_out[15]$_DFFE_PN_/DE            1.50    3.72   -2.22 (VIOLATED)
hash.h0_out[13]$_DFFE_PN_/DE            1.50    3.72   -2.22 (VIOLATED)
hash.h0_out[16]$_DFFE_PN_/DE            1.50    3.72   -2.22 (VIOLATED)
hash.h6_out[1]$_DFFE_PN_/DE             1.50    3.72   -2.22 (VIOLATED)
hash.h2_out[13]$_DFFE_PN_/DE            1.50    3.72   -2.22 (VIOLATED)
hash.h6_out[2]$_DFFE_PN_/DE             1.50    3.72   -2.22 (VIOLATED)
hash.h1_out[16]$_DFFE_PN_/DE            1.50    3.72   -2.22 (VIOLATED)
hash.h1_out[18]$_DFFE_PN_/DE            1.50    3.72   -2.22 (VIOLATED)
hash.h1_out[17]$_DFFE_PN_/DE            1.50    3.72   -2.22 (VIOLATED)
hash.h1_out[20]$_DFFE_PN_/DE            1.50    3.72   -2.22 (VIOLATED)
hash.h2_out[17]$_DFFE_PN_/DE            1.50    3.72   -2.22 (VIOLATED)
hash.h0_out[22]$_DFFE_PN_/DE            1.50    3.72   -2.22 (VIOLATED)
hash.h2_out[19]$_DFFE_PN_/DE            1.50    3.72   -2.22 (VIOLATED)
hash.h1_out[19]$_DFFE_PN_/DE            1.50    3.72   -2.22 (VIOLATED)
hash.h0_out[25]$_DFFE_PN_/DE            1.50    3.72   -2.22 (VIOLATED)
hash.h0_out[24]$_DFFE_PN_/DE            1.50    3.72   -2.22 (VIOLATED)
hash.h0_out[26]$_DFFE_PN_/DE            1.50    3.72   -2.22 (VIOLATED)
hash.h1_out[21]$_DFFE_PN_/DE            1.50    3.72   -2.22 (VIOLATED)
hash.h0_out[23]$_DFFE_PN_/DE            1.50    3.72   -2.22 (VIOLATED)
hash.h0_out[27]$_DFFE_PN_/DE            1.50    3.72   -2.22 (VIOLATED)
hash.h0_out[28]$_DFFE_PN_/DE            1.50    3.72   -2.22 (VIOLATED)
hash.h0_out[29]$_DFFE_PN_/DE            1.50    3.72   -2.22 (VIOLATED)
hash.h1_out[23]$_DFFE_PN_/DE            1.50    3.72   -2.22 (VIOLATED)
hash.h0_out[30]$_DFFE_PN_/DE            1.50    3.72   -2.22 (VIOLATED)
hash.h1_out[26]$_DFFE_PN_/DE            1.50    3.72   -2.22 (VIOLATED)
hash.h1_out[24]$_DFFE_PN_/DE            1.50    3.71   -2.21 (VIOLATED)
hash.h4_out[13]$_DFFE_PN_/DE            1.50    3.71   -2.21 (VIOLATED)
hash.h4_out[11]$_DFFE_PN_/DE            1.50    3.71   -2.21 (VIOLATED)
hash.h4_out[12]$_DFFE_PN_/DE            1.50    3.71   -2.21 (VIOLATED)
hash.h4_out[14]$_DFFE_PN_/DE            1.50    3.71   -2.21 (VIOLATED)
hash.h5_out[2]$_DFFE_PN_/DE             1.50    3.71   -2.21 (VIOLATED)
hash.h7_out[1]$_DFFE_PN_/DE             1.50    3.71   -2.21 (VIOLATED)
hash.h6_out[28]$_DFFE_PN_/DE            1.50    3.71   -2.21 (VIOLATED)
hash.h7_out[3]$_DFFE_PN_/DE             1.50    3.71   -2.21 (VIOLATED)
hash.h4_out[10]$_DFFE_PN_/DE            1.50    3.71   -2.21 (VIOLATED)
hash.h6_out[11]$_DFFE_PN_/DE            1.50    3.71   -2.21 (VIOLATED)
hash.h6_out[21]$_DFFE_PN_/DE            1.50    3.71   -2.21 (VIOLATED)
hash.h6_out[18]$_DFFE_PN_/DE            1.50    3.71   -2.21 (VIOLATED)
hash.h4_out[15]$_DFFE_PN_/DE            1.50    3.71   -2.21 (VIOLATED)
hash.h6_out[7]$_DFFE_PN_/DE             1.50    3.71   -2.21 (VIOLATED)
hash.h6_out[5]$_DFFE_PN_/DE             1.50    3.71   -2.21 (VIOLATED)
hash.h4_out[16]$_DFFE_PN_/DE            1.50    3.71   -2.21 (VIOLATED)
hash.h6_out[19]$_DFFE_PN_/DE            1.50    3.71   -2.21 (VIOLATED)
hash.h4_out[19]$_DFFE_PN_/DE            1.50    3.71   -2.21 (VIOLATED)
hash.h6_out[20]$_DFFE_PN_/DE            1.50    3.71   -2.21 (VIOLATED)
hash.h4_out[17]$_DFFE_PN_/DE            1.50    3.71   -2.21 (VIOLATED)
hash.h0_out[31]$_DFFE_PN_/DE            1.50    3.71   -2.21 (VIOLATED)
hash.h1_out[27]$_DFFE_PN_/DE            1.50    3.71   -2.21 (VIOLATED)
hash.h6_out[9]$_DFFE_PN_/DE             1.50    3.71   -2.21 (VIOLATED)
hash.h1_out[28]$_DFFE_PN_/DE            1.50    3.71   -2.21 (VIOLATED)
hash.h1_out[29]$_DFFE_PN_/DE            1.50    3.71   -2.21 (VIOLATED)
hash.h1_out[22]$_DFFE_PN_/DE            1.50    3.71   -2.21 (VIOLATED)
hash.h4_out[7]$_DFFE_PN_/DE             1.50    3.71   -2.21 (VIOLATED)
hash.h2_out[29]$_DFFE_PN_/DE            1.50    3.71   -2.21 (VIOLATED)
hash.h4_out[3]$_DFFE_PN_/DE             1.50    3.71   -2.21 (VIOLATED)
hash.h4_out[5]$_DFFE_PN_/DE             1.50    3.71   -2.21 (VIOLATED)
hash.h6_out[8]$_DFFE_PN_/DE             1.50    3.71   -2.21 (VIOLATED)
hash.h6_out[14]$_DFFE_PN_/DE            1.50    3.71   -2.21 (VIOLATED)
hash.h4_out[21]$_DFFE_PN_/DE            1.50    3.71   -2.21 (VIOLATED)
hash.h4_out[20]$_DFFE_PN_/DE            1.50    3.71   -2.21 (VIOLATED)
hash.h4_out[8]$_DFFE_PN_/DE             1.50    3.71   -2.21 (VIOLATED)
hash.h6_out[10]$_DFFE_PN_/DE            1.50    3.71   -2.21 (VIOLATED)
hash.h4_out[22]$_DFFE_PN_/DE            1.50    3.71   -2.21 (VIOLATED)
hash.h6_out[6]$_DFFE_PN_/DE             1.50    3.71   -2.21 (VIOLATED)
hash.h6_out[4]$_DFFE_PN_/DE             1.50    3.71   -2.21 (VIOLATED)
hash.h4_out[4]$_DFFE_PN_/DE             1.50    3.71   -2.21 (VIOLATED)
hash.h6_out[16]$_DFFE_PN_/DE            1.50    3.71   -2.21 (VIOLATED)
hash.h6_out[13]$_DFFE_PN_/DE            1.50    3.71   -2.21 (VIOLATED)
hash.h2_out[22]$_DFFE_PN_/DE            1.50    3.71   -2.21 (VIOLATED)
hash.h2_out[25]$_DFFE_PN_/DE            1.50    3.71   -2.21 (VIOLATED)
hash.h6_out[15]$_DFFE_PN_/DE            1.50    3.71   -2.21 (VIOLATED)
hash.h4_out[6]$_DFFE_PN_/DE             1.50    3.71   -2.21 (VIOLATED)
hash.h2_out[27]$_DFFE_PN_/DE            1.50    3.71   -2.21 (VIOLATED)
hash.h2_out[21]$_DFFE_PN_/DE            1.50    3.71   -2.21 (VIOLATED)
hash.h2_out[30]$_DFFE_PN_/DE            1.50    3.71   -2.21 (VIOLATED)
hash.h2_out[23]$_DFFE_PN_/DE            1.50    3.71   -2.21 (VIOLATED)
hash.h4_out[18]$_DFFE_PN_/DE            1.50    3.71   -2.21 (VIOLATED)
hash.h4_out[1]$_DFFE_PN_/DE             1.50    3.71   -2.21 (VIOLATED)
hash.h6_out[12]$_DFFE_PN_/DE            1.50    3.71   -2.21 (VIOLATED)
hash.h2_out[26]$_DFFE_PN_/DE            1.50    3.71   -2.21 (VIOLATED)
hash.h6_out[17]$_DFFE_PN_/DE            1.50    3.71   -2.21 (VIOLATED)
hash.h2_out[28]$_DFFE_PN_/DE            1.50    3.71   -2.21 (VIOLATED)
hash.h2_out[24]$_DFFE_PN_/DE            1.50    3.71   -2.21 (VIOLATED)
hash.h4_out[9]$_DFFE_PN_/DE             1.50    3.71   -2.21 (VIOLATED)
hash.h4_out[0]$_DFFE_PN_/DE             1.50    3.71   -2.21 (VIOLATED)
hash.h4_out[2]$_DFFE_PN_/DE             1.50    3.71   -2.21 (VIOLATED)
hash.h6_out[3]$_DFFE_PN_/DE             1.50    3.71   -2.21 (VIOLATED)
load_slew388/X                          1.51    3.71   -2.21 (VIOLATED)
_20862_/B1                              1.50    3.64   -2.14 (VIOLATED)
_20886_/B1_N                            1.50    3.64   -2.14 (VIOLATED)
_20922_/B1_N                            1.50    3.64   -2.14 (VIOLATED)
_20895_/B1_N                            1.50    3.64   -2.14 (VIOLATED)
_20673_/A_N                             1.50    3.64   -2.14 (VIOLATED)
_20912_/A_N                             1.50    3.64   -2.14 (VIOLATED)
_20824_/B1_N                            1.50    3.64   -2.14 (VIOLATED)
_20917_/B1_N                            1.50    3.64   -2.14 (VIOLATED)
_20773_/B1                              1.50    3.64   -2.14 (VIOLATED)
_20814_/B1                              1.50    3.64   -2.14 (VIOLATED)
_20717_/A_N                             1.50    3.64   -2.14 (VIOLATED)
_20696_/B1                              1.50    3.64   -2.14 (VIOLATED)
_24815_/A                               1.50    3.64   -2.14 (VIOLATED)
_24662_/A                               1.50    3.64   -2.14 (VIOLATED)
_20753_/B1_N                            1.50    3.64   -2.14 (VIOLATED)
_24630_/A                               1.50    3.64   -2.14 (VIOLATED)
_20572_/A                               1.50    3.64   -2.14 (VIOLATED)
_21249_/A                               1.50    3.64   -2.14 (VIOLATED)
_20578_/B1                              1.50    3.64   -2.14 (VIOLATED)
_20642_/A                               1.50    3.64   -2.14 (VIOLATED)
_23988_/B                               1.50    3.64   -2.14 (VIOLATED)
_20586_/B1                              1.50    3.64   -2.14 (VIOLATED)
_20583_/B1                              1.50    3.64   -2.14 (VIOLATED)
_20576_/A                               1.50    3.64   -2.14 (VIOLATED)
_20569_/A                               1.50    3.64   -2.14 (VIOLATED)
reset_hash_dash$_DFF_P_/D               1.50    3.64   -2.14 (VIOLATED)
_20588_/A                               1.50    3.64   -2.14 (VIOLATED)
_24350_/A                               1.50    3.64   -2.14 (VIOLATED)
_24334_/A                               1.50    3.64   -2.14 (VIOLATED)
_21116_/B1_N                            1.50    3.64   -2.14 (VIOLATED)
_21173_/B1_N                            1.50    3.64   -2.14 (VIOLATED)
_21144_/B1_N                            1.50    3.64   -2.14 (VIOLATED)
_24167_/A                               1.50    3.64   -2.14 (VIOLATED)
_20591_/A                               1.50    3.64   -2.14 (VIOLATED)
_20594_/A                               1.50    3.64   -2.14 (VIOLATED)
_20597_/A                               1.50    3.64   -2.14 (VIOLATED)
_21181_/A                               1.50    3.64   -2.14 (VIOLATED)
_20600_/A                               1.50    3.64   -2.14 (VIOLATED)
_21195_/B1                              1.50    3.64   -2.14 (VIOLATED)
_21124_/B1_N                            1.50    3.64   -2.14 (VIOLATED)
_21091_/B1_N                            1.50    3.64   -2.14 (VIOLATED)
_21084_/B1                              1.50    3.64   -2.14 (VIOLATED)
_21238_/B1_N                            1.50    3.64   -2.14 (VIOLATED)
_21213_/B1                              1.50    3.64   -2.14 (VIOLATED)
_20980_/A                               1.50    3.64   -2.14 (VIOLATED)
_21074_/A                               1.50    3.64   -2.14 (VIOLATED)
_21048_/A                               1.50    3.64   -2.14 (VIOLATED)
_20959_/B1_N                            1.50    3.64   -2.14 (VIOLATED)
_24320_/A                               1.50    3.64   -2.14 (VIOLATED)
_24305_/A                               1.50    3.64   -2.14 (VIOLATED)
_24104_/A                               1.50    3.63   -2.13 (VIOLATED)
_24152_/A                               1.50    3.63   -2.13 (VIOLATED)
_24289_/A                               1.50    3.63   -2.13 (VIOLATED)
_24181_/A                               1.50    3.63   -2.13 (VIOLATED)
load_slew404/X                          1.51    3.63   -2.13 (VIOLATED)
load_slew404/A                          1.50    3.54   -2.04 (VIOLATED)
_24041_/A                               1.50    3.54   -2.04 (VIOLATED)
_24075_/A                               1.50    3.54   -2.04 (VIOLATED)
_24136_/A                               1.50    3.54   -2.04 (VIOLATED)
_23992_/A                               1.50    3.54   -2.04 (VIOLATED)
_24119_/A                               1.50    3.54   -2.04 (VIOLATED)
_24025_/A                               1.50    3.54   -2.04 (VIOLATED)
_24364_/A                               1.50    3.54   -2.04 (VIOLATED)
_24197_/A                               1.50    3.54   -2.04 (VIOLATED)
_24416_/A                               1.50    3.54   -2.04 (VIOLATED)
_24057_/A                               1.50    3.54   -2.04 (VIOLATED)
_24377_/A                               1.50    3.54   -2.04 (VIOLATED)
_24089_/A                               1.50    3.54   -2.04 (VIOLATED)
_24273_/A                               1.50    3.54   -2.04 (VIOLATED)
_24469_/A                               1.50    3.54   -2.04 (VIOLATED)
_24403_/A                               1.50    3.54   -2.04 (VIOLATED)
_24456_/A                               1.50    3.54   -2.04 (VIOLATED)
_24213_/A                               1.50    3.54   -2.04 (VIOLATED)
_24229_/A                               1.50    3.54   -2.04 (VIOLATED)
_24243_/A                               1.50    3.54   -2.04 (VIOLATED)
_24430_/A                               1.50    3.54   -2.04 (VIOLATED)
_24258_/A                               1.50    3.54   -2.04 (VIOLATED)
_24443_/A                               1.50    3.54   -2.04 (VIOLATED)
_24390_/A                               1.50    3.54   -2.04 (VIOLATED)
load_slew405/X                          1.51    3.54   -2.03 (VIOLATED)
_18424_/B1                              1.50    2.90   -1.40 (VIOLATED)
_19835_/A                               1.50    2.90   -1.40 (VIOLATED)
_17316_/A                               1.50    2.90   -1.40 (VIOLATED)
_17326_/B1                              1.50    2.90   -1.40 (VIOLATED)
_18337_/A                               1.50    2.90   -1.40 (VIOLATED)
_17909_/A                               1.50    2.90   -1.40 (VIOLATED)
_17891_/A                               1.50    2.90   -1.40 (VIOLATED)
_17941_/A                               1.50    2.90   -1.40 (VIOLATED)
_17940_/A                               1.50    2.90   -1.40 (VIOLATED)
_17936_/A                               1.50    2.90   -1.40 (VIOLATED)
_17451_/A                               1.50    2.90   -1.40 (VIOLATED)
_17924_/A                               1.50    2.90   -1.40 (VIOLATED)
_17925_/A                               1.50    2.90   -1.40 (VIOLATED)
_17483_/A                               1.50    2.90   -1.40 (VIOLATED)
_17701_/A                               1.50    2.90   -1.40 (VIOLATED)
_17027_/A                               1.50    2.90   -1.40 (VIOLATED)
_17436_/A                               1.50    2.90   -1.40 (VIOLATED)
_17446_/A                               1.50    2.90   -1.40 (VIOLATED)
_17442_/A                               1.50    2.90   -1.40 (VIOLATED)
_17445_/A                               1.50    2.90   -1.40 (VIOLATED)
_17873_/B1                              1.50    2.90   -1.40 (VIOLATED)
_17654_/A                               1.50    2.90   -1.40 (VIOLATED)
_17454_/A                               1.50    2.90   -1.40 (VIOLATED)
_17452_/A                               1.50    2.90   -1.40 (VIOLATED)
_15296_/A                               1.50    2.90   -1.40 (VIOLATED)
_17652_/A                               1.50    2.90   -1.40 (VIOLATED)
_17864_/A                               1.50    2.90   -1.40 (VIOLATED)
load_slew401/X                          1.51    2.90   -1.39 (VIOLATED)
_20455_/A                               1.50    2.20   -0.70 (VIOLATED)
_20450_/A                               1.50    2.20   -0.70 (VIOLATED)
_20458_/A                               1.50    2.20   -0.70 (VIOLATED)
_20452_/A                               1.50    2.20   -0.70 (VIOLATED)
_20481_/A                               1.50    2.20   -0.70 (VIOLATED)
_20489_/A                               1.50    2.20   -0.70 (VIOLATED)
_20483_/A                               1.50    2.20   -0.70 (VIOLATED)
_20509_/A                               1.50    2.20   -0.70 (VIOLATED)
_20501_/A                               1.50    2.20   -0.70 (VIOLATED)
_20520_/A                               1.50    2.20   -0.70 (VIOLATED)
_20486_/A                               1.50    2.20   -0.70 (VIOLATED)
_20506_/A                               1.50    2.20   -0.70 (VIOLATED)
_20517_/A                               1.50    2.20   -0.70 (VIOLATED)
_20511_/A                               1.50    2.20   -0.70 (VIOLATED)
_16384_/C                               1.50    2.20   -0.70 (VIOLATED)
_22787_/A                               1.50    2.20   -0.70 (VIOLATED)
_23948_/A                               1.50    2.20   -0.70 (VIOLATED)
_22210_/C                               1.50    2.20   -0.70 (VIOLATED)
_21569_/A                               1.50    2.20   -0.70 (VIOLATED)
_16952_/A                               1.50    2.20   -0.70 (VIOLATED)
_16091_/A                               1.50    2.20   -0.70 (VIOLATED)
_20551_/B1                              1.50    2.20   -0.70 (VIOLATED)
load_slew771/A                          1.50    2.20   -0.70 (VIOLATED)
_20546_/A                               1.50    2.20   -0.70 (VIOLATED)
_20449_/A                               1.50    2.20   -0.70 (VIOLATED)
_20510_/A                               1.50    2.20   -0.70 (VIOLATED)
_20480_/A                               1.50    2.20   -0.70 (VIOLATED)
_20469_/A                               1.50    2.20   -0.70 (VIOLATED)
_20549_/B1                              1.50    2.20   -0.70 (VIOLATED)
_20535_/B1                              1.50    2.20   -0.70 (VIOLATED)
load_slew772/X                          1.51    2.20   -0.70 (VIOLATED)
_20479_/A                               1.50    1.77   -0.27 (VIOLATED)
_20472_/A                               1.50    1.77   -0.27 (VIOLATED)
_20496_/A                               1.50    1.77   -0.27 (VIOLATED)
_20470_/A                               1.50    1.77   -0.27 (VIOLATED)
_20460_/A                               1.50    1.77   -0.27 (VIOLATED)
_20468_/A                               1.50    1.77   -0.27 (VIOLATED)
_20475_/A                               1.50    1.77   -0.27 (VIOLATED)
_20462_/A                               1.50    1.77   -0.27 (VIOLATED)
_20527_/A                               1.50    1.77   -0.27 (VIOLATED)
_20465_/A                               1.50    1.77   -0.27 (VIOLATED)
_20491_/A                               1.50    1.77   -0.27 (VIOLATED)
_20499_/A                               1.50    1.77   -0.27 (VIOLATED)
_20522_/A                               1.50    1.77   -0.27 (VIOLATED)
_20530_/A                               1.50    1.77   -0.27 (VIOLATED)
_23779_/A                               1.50    1.77   -0.27 (VIOLATED)
reset_hash$_DFF_P_/D                    1.50    1.77   -0.27 (VIOLATED)
_16238_/A                               1.50    1.77   -0.27 (VIOLATED)
_20558_/C1                              1.50    1.77   -0.27 (VIOLATED)
_15668_/A                               1.50    1.77   -0.27 (VIOLATED)
_20563_/A                               1.50    1.77   -0.27 (VIOLATED)
load_slew771/X                          1.51    1.77   -0.26 (VIOLATED)
count16_2[5]$_SDFF_PP0_/Q               1.50    1.55   -0.05 (VIOLATED)
_15992_/S                               1.50    1.55   -0.05 (VIOLATED)
_14668_/S                               1.50    1.55   -0.05 (VIOLATED)
_14214_/S                               1.50    1.55   -0.05 (VIOLATED)
_27136_/S                               1.50    1.55   -0.05 (VIOLATED)
_14315_/S                               1.50    1.55   -0.05 (VIOLATED)
_14718_/S                               1.50    1.55   -0.05 (VIOLATED)
_14743_/S                               1.50    1.55   -0.05 (VIOLATED)
_14767_/S                               1.50    1.55   -0.05 (VIOLATED)
_20488_/A                               1.50    1.55   -0.05 (VIOLATED)
count15_2[4]$_SDFF_PP0_/Q               1.50    1.51   -0.01 (VIOLATED)
_27040_/S1                              1.50    1.51   -0.01 (VIOLATED)
_26736_/S1                              1.50    1.51   -0.01 (VIOLATED)
_26725_/S1                              1.50    1.51   -0.01 (VIOLATED)
_26788_/S1                              1.50    1.51   -0.01 (VIOLATED)
_26601_/S1                              1.50    1.51   -0.01 (VIOLATED)
_26662_/S1                              1.50    1.51   -0.01 (VIOLATED)
_26852_/S1                              1.50    1.51   -0.01 (VIOLATED)
_26857_/S1                              1.50    1.51   -0.01 (VIOLATED)
_26793_/S1                              1.50    1.51   -0.01 (VIOLATED)
_26667_/S1                              1.50    1.51   -0.01 (VIOLATED)
_20466_/B                               1.50    1.51   -0.01 (VIOLATED)
_20464_/A                               1.50    1.51   -0.01 (VIOLATED)

max capacitance

Pin                                    Limit     Cap   Slack
------------------------------------------------------------
load_slew388/X                          0.28    0.72   -0.44 (VIOLATED)
_18750_/Y                               0.15    0.58   -0.43 (VIOLATED)
load_slew404/X                          0.13    0.32   -0.19 (VIOLATED)
load_slew405/X                          0.13    0.31   -0.18 (VIOLATED)
load_slew401/X                          0.13    0.25   -0.12 (VIOLATED)
load_slew772/X                          0.13    0.19   -0.06 (VIOLATED)
load_slew771/X                          0.13    0.16   -0.03 (VIOLATED)
count16_2[5]$_SDFF_PP0_/Q               0.16    0.17   -0.01 (VIOLATED)
count15_2[4]$_SDFF_PP0_/Q               0.16    0.16   -0.00 (VIOLATED)


==========================================================================
finish max_slew_check_slack
--------------------------------------------------------------------------
-3.8972718715667725

==========================================================================
finish max_slew_check_limit
--------------------------------------------------------------------------
1.5

==========================================================================
finish max_slew_check_slack_limit
--------------------------------------------------------------------------
-2.5982

==========================================================================
finish max_fanout_check_slack
--------------------------------------------------------------------------
1.0000000150474662e+30

==========================================================================
finish max_fanout_check_limit
--------------------------------------------------------------------------
1.0000000150474662e+30

==========================================================================
finish max_capacitance_check_slack
--------------------------------------------------------------------------
-0.43566542863845825

==========================================================================
finish max_capacitance_check_limit
--------------------------------------------------------------------------
0.28107699751853943

==========================================================================
finish max_capacitance_check_slack_limit
--------------------------------------------------------------------------
-1.5500

==========================================================================
finish max_slew_violation_count
--------------------------------------------------------------------------
max slew violation count 442

==========================================================================
finish max_fanout_violation_count
--------------------------------------------------------------------------
max fanout violation count 0

==========================================================================
finish max_cap_violation_count
--------------------------------------------------------------------------
max cap violation count 9

==========================================================================
finish setup_violation_count
--------------------------------------------------------------------------
setup violation count 12

==========================================================================
finish hold_violation_count
--------------------------------------------------------------------------
hold violation count 0

==========================================================================
finish report_checks -path_delay max reg to reg
--------------------------------------------------------------------------
Startpoint: hash.p1_cap[0]$_DFF_P_
            (rising edge-triggered flip-flop clocked by core_clock)
Endpoint: hash.p1_cap[31]$_DFF_P_
          (rising edge-triggered flip-flop clocked by core_clock)
Path Group: core_clock
Path Type: max

  Delay    Time   Description
---------------------------------------------------------
   0.00    0.00   clock core_clock (rise edge)
   0.00    0.00   clock source latency
   0.00    0.00 ^ clk (in)
   0.28    0.28 ^ clkbuf_0_clk/X (sky130_fd_sc_hd__clkbuf_16)
   0.31    0.58 ^ clkbuf_2_1_0_clk/X (sky130_fd_sc_hd__clkbuf_16)
   0.25    0.84 ^ clkbuf_5_10__f_clk/X (sky130_fd_sc_hd__clkbuf_16)
   0.17    1.01 ^ clkbuf_leaf_220_clk/X (sky130_fd_sc_hd__clkbuf_16)
   0.00    1.01 ^ hash.p1_cap[0]$_DFF_P_/CLK (sky130_fd_sc_hd__dfxtp_2)
   0.33    1.34 v hash.p1_cap[0]$_DFF_P_/Q (sky130_fd_sc_hd__dfxtp_2)
   0.17    1.51 v _27514_/COUT (sky130_fd_sc_hd__ha_4)
   0.37    1.88 v _27309_/COUT (sky130_fd_sc_hd__fa_2)
   0.31    2.18 ^ _14791_/Y (sky130_fd_sc_hd__a211oi_2)
   0.21    2.39 v _14795_/Y (sky130_fd_sc_hd__o211ai_1)
   0.26    2.66 v _14799_/X (sky130_fd_sc_hd__and4_4)
   0.38    3.03 ^ _14804_/Y (sky130_fd_sc_hd__nor4bb_4)
   0.23    3.26 ^ _14806_/X (sky130_fd_sc_hd__or4_4)
   0.08    3.34 v _14812_/Y (sky130_fd_sc_hd__a21oi_4)
   0.22    3.56 ^ _14926_/Y (sky130_fd_sc_hd__o2111ai_2)
   0.12    3.68 v _14971_/Y (sky130_fd_sc_hd__nand3_2)
   0.25    3.94 v _15016_/X (sky130_fd_sc_hd__a31o_1)
   0.20    4.14 ^ _15017_/Y (sky130_fd_sc_hd__a21oi_4)
   0.28    4.42 ^ _15018_/X (sky130_fd_sc_hd__xor2_4)
   0.20    4.62 ^ _15031_/Y (sky130_fd_sc_hd__xnor2_2)
   0.46    5.07 v _27326_/SUM (sky130_fd_sc_hd__fa_1)
   0.09    5.16 ^ _20215_/Y (sky130_fd_sc_hd__inv_1)
   0.46    5.62 v _27327_/SUM (sky130_fd_sc_hd__fa_2)
   0.29    5.91 ^ _27624_/SUM (sky130_fd_sc_hd__ha_4)
   0.14    6.05 ^ _17098_/X (sky130_fd_sc_hd__o21a_1)
   0.07    6.12 v _17108_/Y (sky130_fd_sc_hd__o21ai_2)
   0.15    6.27 ^ _17109_/Y (sky130_fd_sc_hd__a21oi_2)
   0.10    6.37 v _17128_/Y (sky130_fd_sc_hd__a21oi_2)
   0.46    6.83 v _17166_/X (sky130_fd_sc_hd__or4_4)
   0.27    7.10 ^ _17214_/Y (sky130_fd_sc_hd__a21oi_4)
   0.21    7.31 ^ _17277_/X (sky130_fd_sc_hd__o211a_4)
   0.06    7.37 v _17284_/Y (sky130_fd_sc_hd__nor3_2)
   0.80    8.17 ^ _17286_/Y (sky130_fd_sc_hd__nor3_4)
   0.21    8.38 v _20292_/Y (sky130_fd_sc_hd__xnor2_2)
   0.37    8.75 v _27727_/SUM (sky130_fd_sc_hd__ha_1)
   0.18    8.93 ^ _23136_/Y (sky130_fd_sc_hd__o21ai_0)
   0.09    9.01 v _23137_/Y (sky130_fd_sc_hd__nand2_1)
   0.19    9.20 v _23139_/X (sky130_fd_sc_hd__and3_4)
   0.24    9.44 ^ _23143_/Y (sky130_fd_sc_hd__nor4b_4)
   0.10    9.54 v _23187_/Y (sky130_fd_sc_hd__nor3_2)
   0.35    9.89 ^ _23193_/Y (sky130_fd_sc_hd__o31ai_4)
   0.17   10.06 v _23196_/Y (sky130_fd_sc_hd__a21oi_4)
   0.26   10.32 v _23216_/X (sky130_fd_sc_hd__a41o_4)
   0.43   10.75 v _23244_/X (sky130_fd_sc_hd__or4_4)
   0.18   10.93 ^ _23260_/Y (sky130_fd_sc_hd__a31oi_1)
   0.10   11.04 v _23261_/Y (sky130_fd_sc_hd__o21bai_1)
   0.18   11.21 v _23262_/X (sky130_fd_sc_hd__xor2_1)
   0.13   11.34 v _23263_/Y (sky130_fd_sc_hd__xnor2_1)
   0.00   11.34 v hash.p1_cap[31]$_DFF_P_/D (sky130_fd_sc_hd__dfxtp_1)
          11.34   data arrival time

  10.00   10.00   clock core_clock (rise edge)
   0.00   10.00   clock source latency
   0.00   10.00 ^ clk (in)
   0.28   10.28 ^ clkbuf_0_clk/X (sky130_fd_sc_hd__clkbuf_16)
   0.31   10.58 ^ clkbuf_2_1_0_clk/X (sky130_fd_sc_hd__clkbuf_16)
   0.26   10.85 ^ clkbuf_5_14__f_clk/X (sky130_fd_sc_hd__clkbuf_16)
   0.18   11.02 ^ clkbuf_leaf_204_clk/X (sky130_fd_sc_hd__clkbuf_16)
   0.00   11.02 ^ hash.p1_cap[31]$_DFF_P_/CLK (sky130_fd_sc_hd__dfxtp_1)
   0.00   11.02   clock reconvergence pessimism
  -0.11   10.91   library setup time
          10.91   data required time
---------------------------------------------------------
          10.91   data required time
         -11.34   data arrival time
---------------------------------------------------------
          -0.43   slack (VIOLATED)



==========================================================================
finish report_checks -path_delay min reg to reg
--------------------------------------------------------------------------
Startpoint: ready_dash$_SDFF_PP0_
            (rising edge-triggered flip-flop clocked by core_clock)
Endpoint: ready$_DFF_P_ (rising edge-triggered flip-flop clocked by core_clock)
Path Group: core_clock
Path Type: min

  Delay    Time   Description
---------------------------------------------------------
   0.00    0.00   clock core_clock (rise edge)
   0.00    0.00   clock source latency
   0.00    0.00 ^ clk (in)
   0.28    0.28 ^ clkbuf_0_clk/X (sky130_fd_sc_hd__clkbuf_16)
   0.31    0.59 ^ clkbuf_2_3_0_clk/X (sky130_fd_sc_hd__clkbuf_16)
   0.26    0.85 ^ clkbuf_5_25__f_clk/X (sky130_fd_sc_hd__clkbuf_16)
   0.17    1.02 ^ clkbuf_leaf_180_clk/X (sky130_fd_sc_hd__clkbuf_16)
   0.00    1.02 ^ ready_dash$_SDFF_PP0_/CLK (sky130_fd_sc_hd__dfxtp_1)
   0.30    1.32 ^ ready_dash$_SDFF_PP0_/Q (sky130_fd_sc_hd__dfxtp_1)
   0.00    1.32 ^ ready$_DFF_P_/D (sky130_fd_sc_hd__dfxtp_1)
           1.32   data arrival time

   0.00    0.00   clock core_clock (rise edge)
   0.00    0.00   clock source latency
   0.00    0.00 ^ clk (in)
   0.28    0.28 ^ clkbuf_0_clk/X (sky130_fd_sc_hd__clkbuf_16)
   0.31    0.59 ^ clkbuf_2_3_0_clk/X (sky130_fd_sc_hd__clkbuf_16)
   0.26    0.85 ^ clkbuf_5_25__f_clk/X (sky130_fd_sc_hd__clkbuf_16)
   0.17    1.01 ^ clkbuf_leaf_179_clk/X (sky130_fd_sc_hd__clkbuf_16)
   0.00    1.01 ^ ready$_DFF_P_/CLK (sky130_fd_sc_hd__dfxtp_1)
   0.00    1.01   clock reconvergence pessimism
  -0.03    0.98   library hold time
           0.98   data required time
---------------------------------------------------------
           0.98   data required time
          -1.32   data arrival time
---------------------------------------------------------
           0.34   slack (MET)



==========================================================================
finish critical path target clock latency max path
--------------------------------------------------------------------------
1.1100

==========================================================================
finish critical path target clock latency min path
--------------------------------------------------------------------------
1.1308

==========================================================================
finish critical path source clock latency min path
--------------------------------------------------------------------------
0.0000

==========================================================================
finish critical path delay
--------------------------------------------------------------------------
11.3441

==========================================================================
finish critical path slack
--------------------------------------------------------------------------
-0.4305

==========================================================================
finish slack div critical path delay
--------------------------------------------------------------------------
-3.794924

==========================================================================
finish report_power
--------------------------------------------------------------------------
Group                  Internal  Switching    Leakage      Total
                          Power      Power      Power      Power (Watts)
----------------------------------------------------------------
Sequential             1.98e-02   3.16e-03   2.77e-08   2.30e-02   4.8%
Combinational          1.89e-01   2.56e-01   5.45e-08   4.45e-01  92.5%
Clock                  7.44e-03   5.46e-03   5.45e-09   1.29e-02   2.7%
Macro                  0.00e+00   0.00e+00   0.00e+00   0.00e+00   0.0%
Pad                    0.00e+00   0.00e+00   0.00e+00   0.00e+00   0.0%
----------------------------------------------------------------
Total                  2.17e-01   2.64e-01   8.76e-08   4.81e-01 100.0%
                          45.1%      54.9%       0.0%
