OpenROAD v2.0-19814-g250e48e05 
Features included (+) or not (-): +GPU +GUI +Python
This program is licensed under the BSD-3 license. See the LICENSE file for details.
Components of this program may be licensed under more restrictive licenses which must be honored.
[INFO ORD-0030] Using 8 thread(s).
Perform port buffering...
[INFO RSZ-0027] Inserted 513 input buffers.
[INFO RSZ-0028] Inserted 257 output buffers.
Perform buffer insertion and gate resizing...
repair_design -verbose -match_cell_footprint
[INFO RSZ-0058] Using max wire length 2154um.
Iteration |   Area    | Resized | Buffers | Nets repaired | Remaining
---------------------------------------------------------------------
        0 |     +0.0% |       0 |       0 |             0 |     18485
     1000 |     +0.0% |     161 |       0 |             0 |     17485
     2000 |     +0.0% |     278 |       0 |             0 |     16485
     3000 |     +0.0% |     329 |       0 |             0 |     15485
     4000 |     +0.0% |     425 |       0 |             0 |     14485
     5000 |     +0.0% |     560 |       0 |             0 |     13485
     6000 |     +0.0% |     777 |       0 |             0 |     12485
     7000 |     +0.1% |     957 |       0 |             0 |     11485
     8000 |     +0.1% |    1161 |       0 |             0 |     10485
     9000 |     +0.1% |    1455 |       0 |             0 |      9485
    10000 |     +0.1% |    1637 |       0 |             0 |      8485
    11000 |     +0.0% |    1828 |       0 |             0 |      7485
    12000 |     -0.1% |    2086 |       0 |             0 |      6485
    13000 |     -0.1% |    2214 |       0 |             0 |      5485
    14000 |     -0.3% |    2516 |       0 |             0 |      4485
    15000 |     -0.3% |    3121 |       0 |             0 |      3485
    16000 |     -0.3% |    4121 |       0 |             0 |      2485
    17000 |     -0.3% |    5027 |       0 |             0 |      1485
    18000 |     -0.3% |    5428 |       2 |             9 |       485
    final |     -0.3% |    5428 |       2 |             9 |         0
---------------------------------------------------------------------
[INFO RSZ-0034] Found 9 slew violations.
[INFO RSZ-0036] Found 1 capacitance violations.
[INFO RSZ-0039] Resized 5428 instances.
[INFO RSZ-0038] Inserted 2 buffers in 9 nets.
Repair tie lo fanout...
[INFO RSZ-0042] Inserted 243 tie sky130_fd_sc_hd__conb_1 instances.
Repair tie hi fanout...
[INFO RSZ-0042] Inserted 277 tie sky130_fd_sc_hd__conb_1 instances.
Floating nets: 
Report metrics stage 3, resizer...

==========================================================================
resizer report_design_area
--------------------------------------------------------------------------
Design area 255405 u^2 45% utilization.
Instance count before 23702, after 24992
Pin count before 69264, after 71844
Elapsed time: 0:13.59[h:]min:sec. CPU time: user 13.42 sys 0.16 (99%). Peak memory: 717540KB.
