OpenROAD v2.0-19814-g250e48e05 
Features included (+) or not (-): +GPU +GUI +Python
This program is licensed under the BSD-3 license. See the LICENSE file for details.
Components of this program may be licensed under more restrictive licenses which must be honored.
[INFO ORD-0030] Using 8 thread(s).
clock_tree_synthesis -sink_clustering_enable -balance_levels
[INFO CTS-0050] Root buffer is sky130_fd_sc_hd__clkbuf_16.
[INFO CTS-0051] Sink buffer is sky130_fd_sc_hd__clkbuf_16.
[INFO CTS-0052] The following clock buffers will be used for CTS:
                    sky130_fd_sc_hd__clkbuf_16
[INFO CTS-0049] Characterization buffer is sky130_fd_sc_hd__clkbuf_16.
[INFO CTS-0007] Net "clk" found for clock "core_clock".
[INFO CTS-0010]  Clock net "clk" has 2787 sinks.
[INFO CTS-0008] TritonCTS found 1 clock nets.
[INFO CTS-0097] Characterization used 1 buffer(s) types.
[INFO CTS-0201] 0 blockages from hard placement blockages and placed macros will be used.
[INFO CTS-0027] Generating H-Tree topology for net clk.
[INFO CTS-0028]  Total number of sinks: 2787.
[INFO CTS-0090]  Sinks will be clustered based on buffer max cap.
[INFO CTS-0030]  Number of static layers: 0.
[INFO CTS-0020]  Wire segment unit: 13600  dbu (13 um).
[INFO CTS-0206] Best clustering solution was found from clustering size of 10 and clustering diameter of 50.
[INFO CTS-0019]  Total number of sinks after clustering: 295.
[INFO CTS-0024]  Normalized sink region: [(4.90735, 1.08142), (54.5502, 53.6648)].
[INFO CTS-0025]     Width:  49.6428.
[INFO CTS-0026]     Height: 52.5834.
 Level 1
    Direction: Vertical
    Sinks per sub-region: 148
    Sub-region size: 49.6428 X 26.2917
[INFO CTS-0034]     Segment length (rounded): 14.
 Level 2
    Direction: Horizontal
    Sinks per sub-region: 74
    Sub-region size: 24.8214 X 26.2917
[INFO CTS-0034]     Segment length (rounded): 12.
 Level 3
    Direction: Vertical
    Sinks per sub-region: 37
    Sub-region size: 24.8214 X 13.1459
[INFO CTS-0034]     Segment length (rounded): 6.
 Level 4
    Direction: Horizontal
    Sinks per sub-region: 19
    Sub-region size: 12.4107 X 13.1459
[INFO CTS-0034]     Segment length (rounded): 6.
 Level 5
    Direction: Vertical
    Sinks per sub-region: 10
    Sub-region size: 12.4107 X 6.5729
[INFO CTS-0034]     Segment length (rounded): 4.
[INFO CTS-0032]  Stop criterion found. Max number of sinks is 15.
[INFO CTS-0035]  Number of sinks covered: 295.
[INFO CTS-0018]     Created 332 clock buffers.
[INFO CTS-0012]     Minimum number of buffers in the clock path: 4.
[INFO CTS-0013]     Maximum number of buffers in the clock path: 4.
[INFO CTS-0015]     Created 332 clock nets.
[INFO CTS-0016]     Fanout distribution for the current clock = 2:1, 3:1, 4:3, 5:3, 6:16, 7:20, 8:52, 9:65, 10:65, 11:62, 12:29, 13:7, 14:3..
[INFO CTS-0017]     Max level of the clock tree: 5.
[INFO CTS-0098] Clock net "clk"
[INFO CTS-0099]  Sinks 3065
[INFO CTS-0100]  Leaf buffers 295
[INFO CTS-0101]  Average sink wire length 1240.99 um
[INFO CTS-0102]  Path depth 3 - 4
[INFO CTS-0207]  Leaf load cells 278
[INFO RSZ-0058] Using max wire length 2154um.
Placement Analysis
---------------------------------
total displacement      12933.6 u
average displacement        0.5 u
max displacement           25.3 u
original HPWL          725349.3 u
legalized HPWL         749535.9 u
delta HPWL                    3 %

repair_timing -verbose -setup_margin 0 -hold_margin 0 -repair_tns 100 -match_cell_footprint
[INFO RSZ-0094] Found 31 endpoints with setup violations.
[INFO RSZ-0099] Repairing 31 out of 31 (100.00%) violating endpoints...
   Iter   | Removed | Resized | Inserted | Cloned |  Pin  |   Area   |    WNS   |   TNS      |  Viol  | Worst
          | Buffers |  Gates  | Buffers  |  Gates | Swaps |          |          |            | Endpts | Endpt
--------------------------------------------------------------------------------------------------------------
        0 |       0 |       0 |        0 |      0 |     0 |    +0.0% |   -0.889 |      -14.6 |     31 | hash/p3_cap\[23\]$_DFF_P_/D
       10 |       0 |       6 |        0 |      0 |     3 |    +0.0% |   -0.685 |      -10.2 |     31 | hash/p3_cap\[29\]$_DFF_P_/D
       20 |       0 |      12 |        0 |      0 |     7 |    +0.0% |   -0.614 |       -8.2 |     31 | hash/p3_cap\[29\]$_DFF_P_/D
       30 |       0 |      22 |        0 |      0 |     7 |    +0.0% |   -0.526 |       -6.9 |     31 | hash/p3_cap\[29\]$_DFF_P_/D
       40 |       0 |      27 |        2 |      0 |    11 |    +0.0% |   -0.440 |       -5.8 |     31 | hash/p3_cap\[29\]$_DFF_P_/D
       50 |       0 |      32 |        6 |      0 |    15 |    +0.1% |   -0.415 |       -5.4 |     31 | hash/p3_cap\[29\]$_DFF_P_/D
       60 |       0 |      37 |        6 |      0 |    20 |    +0.1% |   -0.315 |       -4.2 |     31 | hash/p3_cap\[29\]$_DFF_P_/D
       70 |       0 |      45 |        8 |      0 |    21 |    +0.1% |   -0.245 |       -2.6 |     31 | hash/p2_cap\[27\]$_DFF_P_/D
       80 |       0 |      47 |        8 |      0 |    29 |    +0.1% |   -0.295 |       -3.3 |     31 | hash/p3_cap\[31\]$_DFF_P_/D
       90 |       0 |      50 |        8 |      0 |    36 |    +0.1% |   -0.324 |       -3.2 |     31 | hash/p3_cap\[29\]$_DFF_P_/D
       97 |       0 |      47 |        8 |      0 |    23 |    +0.1% |   -0.213 |       -2.3 |     31 | hash/p3_cap\[29\]$_DFF_P_/D
      100 |       0 |      48 |        8 |      0 |    24 |    +0.1% |   -0.226 |       -2.3 |     31 | hash/p3_cap\[29\]$_DFF_P_/D
      104 |       0 |      51 |        8 |      0 |    25 |    +0.1% |   -0.207 |       -1.8 |     31 | hash/p3_cap\[29\]$_DFF_P_/D
      105 |       0 |      51 |        8 |      0 |    25 |    +0.1% |   -0.207 |       -1.8 |     31 | hash/p3_cap\[29\]$_DFF_P_/D
      106 |       0 |      51 |        8 |      0 |    25 |    +0.1% |   -0.207 |       -1.8 |     30 | hash/p3_cap\[29\]$_DFF_P_/D
      107 |       0 |      51 |        8 |      0 |    25 |    +0.1% |   -0.207 |       -1.8 |     29 | hash/p3_cap\[29\]$_DFF_P_/D
      110 |       0 |      52 |        8 |      0 |    26 |    +0.1% |   -0.207 |       -2.1 |     29 | hash/p2_cap\[27\]$_DFF_P_/D
      116 |       0 |      55 |       10 |      0 |    27 |    +0.1% |   -0.207 |       -1.4 |     28 | hash/p3_cap\[29\]$_DFF_P_/D
      117 |       0 |      55 |       10 |      0 |    27 |    +0.1% |   -0.207 |       -1.4 |     27 | hash/p3_cap\[29\]$_DFF_P_/D
      120 |       0 |      57 |       10 |      0 |    27 |    +0.1% |   -0.207 |       -1.2 |     27 | hash/p3_cap\[29\]$_DFF_P_/D
      130 |       0 |      61 |       10 |      0 |    33 |    +0.1% |   -0.221 |       -1.3 |     27 | hash/p3_cap\[29\]$_DFF_P_/D
      132 |       0 |      58 |       10 |      0 |    27 |    +0.1% |   -0.207 |       -1.2 |     26 | hash/p3_cap\[29\]$_DFF_P_/D
      140 |       0 |      62 |       10 |      0 |    30 |    +0.1% |   -0.207 |       -1.0 |     26 | hash/p3_cap\[29\]$_DFF_P_/D
      140 |       0 |      60 |       10 |      0 |    28 |    +0.1% |   -0.207 |       -1.2 |     25 | hash/p3_cap\[29\]$_DFF_P_/D
      150 |       0 |      62 |       10 |      0 |    35 |    +0.1% |   -0.208 |       -1.1 |     25 | hash/p3_cap\[29\]$_DFF_P_/D
      154 |       0 |      62 |       10 |      0 |    28 |    +0.1% |   -0.207 |       -1.0 |     24 | hash/p3_cap\[29\]$_DFF_P_/D
      157 |       0 |      62 |       10 |      0 |    28 |    +0.1% |   -0.207 |       -1.0 |     23 | hash/p3_cap\[29\]$_DFF_P_/D
      160 |       0 |      62 |       10 |      0 |    30 |    +0.1% |   -0.207 |       -1.0 |     23 | hash/p3_cap\[29\]$_DFF_P_/D
      161 |       0 |      63 |       10 |      0 |    30 |    +0.1% |   -0.207 |       -0.8 |     21 | hash/p3_cap\[29\]$_DFF_P_/D
      162 |       0 |      63 |       10 |      0 |    30 |    +0.1% |   -0.207 |       -0.8 |     20 | hash/p3_cap\[29\]$_DFF_P_/D
      164 |       0 |      64 |       10 |      0 |    30 |    +0.1% |   -0.207 |       -0.8 |     18 | hash/p3_cap\[29\]$_DFF_P_/D
      168 |       0 |      67 |       10 |      0 |    30 |    +0.1% |   -0.207 |       -0.7 |     16 | hash/p3_cap\[29\]$_DFF_P_/D
      169 |       0 |      67 |       10 |      0 |    30 |    +0.1% |   -0.207 |       -0.7 |     15 | hash/p3_cap\[29\]$_DFF_P_/D
      170 |       0 |      67 |       10 |      0 |    30 |    +0.1% |   -0.207 |       -0.7 |     15 | hash/p3_cap\[29\]$_DFF_P_/D
      175 |       0 |      69 |       10 |      0 |    30 |    +0.1% |   -0.207 |       -0.6 |     14 | hash/p3_cap\[29\]$_DFF_P_/D
      176 |       0 |      69 |       10 |      0 |    30 |    +0.1% |   -0.207 |       -0.6 |     13 | hash/p3_cap\[29\]$_DFF_P_/D
      177 |       0 |      69 |       10 |      0 |    30 |    +0.1% |   -0.207 |       -0.6 |     12 | hash/p3_cap\[29\]$_DFF_P_/D
      178 |       0 |      69 |       10 |      0 |    30 |    +0.1% |   -0.207 |       -0.6 |     11 | hash/p3_cap\[29\]$_DFF_P_/D
      179 |       0 |      69 |       10 |      0 |    30 |    +0.1% |   -0.207 |       -0.6 |     10 | hash/p3_cap\[29\]$_DFF_P_/D
      180 |       0 |      69 |       10 |      0 |    30 |    +0.1% |   -0.207 |       -0.6 |     10 | hash/p3_cap\[29\]$_DFF_P_/D
      180 |       0 |      69 |       10 |      0 |    30 |    +0.1% |   -0.207 |       -0.6 |      9 | hash/p3_cap\[29\]$_DFF_P_/D
      181 |       0 |      69 |       10 |      0 |    30 |    +0.1% |   -0.207 |       -0.6 |      8 | hash/p3_cap\[29\]$_DFF_P_/D
      182 |       0 |      69 |       10 |      0 |    30 |    +0.1% |   -0.207 |       -0.6 |      7 | hash/p3_cap\[29\]$_DFF_P_/D
      183 |       0 |      69 |       10 |      0 |    30 |    +0.1% |   -0.207 |       -0.6 |      6 | hash/p3_cap\[29\]$_DFF_P_/D
      184 |       0 |      69 |       10 |      0 |    30 |    +0.1% |   -0.207 |       -0.6 |      5 | hash/p3_cap\[29\]$_DFF_P_/D
      185 |       0 |      69 |       10 |      0 |    30 |    +0.1% |   -0.207 |       -0.6 |      4 | hash/p3_cap\[29\]$_DFF_P_/D
      186 |       0 |      69 |       10 |      0 |    30 |    +0.1% |   -0.207 |       -0.6 |      3 | hash/p3_cap\[29\]$_DFF_P_/D
      187 |       0 |      69 |       10 |      0 |    30 |    +0.1% |   -0.207 |       -0.6 |      2 | hash/p3_cap\[29\]$_DFF_P_/D
      188 |       0 |      69 |       10 |      0 |    30 |    +0.1% |   -0.207 |       -0.6 |      1 | hash/p3_cap\[29\]$_DFF_P_/D
      189 |       0 |      69 |       10 |      0 |    30 |    +0.1% |   -0.207 |       -0.6 |      0 | hash/p3_cap\[29\]$_DFF_P_/D
     190* |       0 |      69 |       10 |      0 |    30 |    +0.1% |   -0.207 |       -0.6 |      9 | hash/p3_cap\[29\]$_DFF_P_/D
     190* |       0 |      69 |       10 |      0 |    30 |    +0.1% |   -0.207 |       -0.6 |      9 | hash/p3_cap\[29\]$_DFF_P_/D
     191* |       0 |      69 |       10 |      0 |    30 |    +0.1% |   -0.207 |       -0.6 |      9 | hash/p3_cap\[29\]$_DFF_P_/D
     192* |       0 |      69 |       10 |      0 |    30 |    +0.1% |   -0.207 |       -0.6 |      9 | hash/p3_cap\[29\]$_DFF_P_/D
     195* |       0 |      71 |       10 |      0 |    30 |    +0.1% |   -0.207 |       -0.6 |      7 | hash/p3_cap\[29\]$_DFF_P_/D
     197* |       0 |      72 |       10 |      0 |    30 |    +0.1% |   -0.207 |       -0.6 |      7 | hash/p3_cap\[29\]$_DFF_P_/D
     198* |       0 |      72 |       10 |      0 |    30 |    +0.1% |   -0.207 |       -0.6 |      7 | hash/p3_cap\[29\]$_DFF_P_/D
     199* |       0 |      72 |       10 |      0 |    30 |    +0.1% |   -0.207 |       -0.6 |      7 | hash/p3_cap\[29\]$_DFF_P_/D
     200* |       0 |      72 |       10 |      0 |    30 |    +0.1% |   -0.207 |       -0.6 |      7 | hash/p3_cap\[29\]$_DFF_P_/D
     200* |       0 |      72 |       10 |      0 |    30 |    +0.1% |   -0.207 |       -0.6 |      7 | hash/p3_cap\[29\]$_DFF_P_/D
     201* |       0 |      72 |       10 |      0 |    30 |    +0.1% |   -0.207 |       -0.6 |      7 | hash/p3_cap\[29\]$_DFF_P_/D
    final |       0 |      72 |       10 |      0 |    30 |    +0.1% |   -0.207 |       -0.6 |      7 | hash/p3_cap\[29\]$_DFF_P_/D
--------------------------------------------------------------------------------------------------------------
[INFO RSZ-0040] Inserted 6 buffers.
[INFO RSZ-0041] Resized 72 instances.
[INFO RSZ-0043] Swapped pins on 30 instances.
[WARNING RSZ-0062] Unable to repair all setup violations.
[INFO RSZ-0033] No hold violations found.
Placement Analysis
---------------------------------
total displacement        266.0 u
average displacement        0.0 u
max displacement            7.4 u
original HPWL          749630.4 u
legalized HPWL         749856.9 u
delta HPWL                    0 %

Report metrics stage 4, cts final...

==========================================================================
cts final report_design_area
--------------------------------------------------------------------------
Design area 266900 u^2 47% utilization.
Elapsed time: 0:30.50[h:]min:sec. CPU time: user 30.12 sys 0.37 (99%). Peak memory: 866552KB.
