OpenROAD v2.0-19814-g250e48e05 
Features included (+) or not (-): +GPU +GUI +Python
This program is licensed under the BSD-3 license. See the LICENSE file for details.
Components of this program may be licensed under more restrictive licenses which must be honored.
[INFO ORD-0030] Using 8 thread(s).
[INFO DRT-0149] Reading tech and libs.
[WARNING DRT-0349] LEF58_ENCLOSURE with no CUTCLASS is not supported. Skipping for layer mcon
[WARNING DRT-0349] LEF58_ENCLOSURE with no CUTCLASS is not supported. Skipping for layer mcon
[WARNING DRT-0349] LEF58_ENCLOSURE with no CUTCLASS is not supported. Skipping for layer via
[WARNING DRT-0349] LEF58_ENCLOSURE with no CUTCLASS is not supported. Skipping for layer via
[WARNING DRT-0349] LEF58_ENCLOSURE with no CUTCLASS is not supported. Skipping for layer via2
[WARNING DRT-0349] LEF58_ENCLOSURE with no CUTCLASS is not supported. Skipping for layer via2
[WARNING DRT-0349] LEF58_ENCLOSURE with no CUTCLASS is not supported. Skipping for layer via3
[WARNING DRT-0349] LEF58_ENCLOSURE with no CUTCLASS is not supported. Skipping for layer via3
[WARNING DRT-0349] LEF58_ENCLOSURE with no CUTCLASS is not supported. Skipping for layer via4
[WARNING DRT-0349] LEF58_ENCLOSURE with no CUTCLASS is not supported. Skipping for layer via4

Units:                1000
Number of layers:     13
Number of macros:     441
Number of vias:       29
Number of viarulegen: 25

[INFO DRT-0150] Reading design.
[WARNING DRT-0120] Large net select has 257 pins which may impact routing performance. Consider optimization.

Design:                   sha256_unrolled_pipelined
Die area:                 ( 0 0 ) ( 757070 757070 )
Number of track patterns: 12
Number of DEF vias:       0
Number of components:     25608
Number of terminals:      771
Number of snets:          2
Number of nets:           19341

[INFO DRT-0167] List of default vias:
  Layer via
    default via: M1M2_PR
  Layer via2
    default via: M2M3_PR
  Layer via3
    default via: M3M4_PR
  Layer via4
    default via: M4M5_PR
[INFO DRT-0162] Library cell analysis.
[INFO DRT-0163] Instance analysis.
[INFO DRT-0164] Number of unique instances = 357.
[INFO DRT-0168] Init region query.
[INFO DRT-0024]   Complete FR_MASTERSLICE.
[INFO DRT-0024]   Complete Fr_VIA.
[INFO DRT-0024]   Complete li1.
[INFO DRT-0024]   Complete mcon.
[INFO DRT-0024]   Complete met1.
[INFO DRT-0024]   Complete via.
[INFO DRT-0024]   Complete met2.
[INFO DRT-0024]   Complete via2.
[INFO DRT-0024]   Complete met3.
[INFO DRT-0024]   Complete via3.
[INFO DRT-0024]   Complete met4.
[INFO DRT-0024]   Complete via4.
[INFO DRT-0024]   Complete met5.
[INFO DRT-0033] FR_MASTERSLICE shape region query size = 0.
[INFO DRT-0033] FR_VIA shape region query size = 0.
[INFO DRT-0033] li1 shape region query size = 769815.
[INFO DRT-0033] mcon shape region query size = 503877.
[INFO DRT-0033] met1 shape region query size = 161572.
[INFO DRT-0033] via shape region query size = 38090.
[INFO DRT-0033] met2 shape region query size = 23227.
[INFO DRT-0033] via2 shape region query size = 30472.
[INFO DRT-0033] met3 shape region query size = 23252.
[INFO DRT-0033] via3 shape region query size = 30472.
[INFO DRT-0033] met4 shape region query size = 9186.
[INFO DRT-0033] via4 shape region query size = 1513.
[INFO DRT-0033] met5 shape region query size = 1568.
[INFO DRT-0165] Start pin access.
[INFO DRT-0076]   Complete 1000 pins.
[INFO DRT-0076]   Complete 2000 pins.
[INFO DRT-0078]   Complete 2944 pins.
[INFO DRT-0079]   Complete 100 unique inst patterns.
[INFO DRT-0079]   Complete 200 unique inst patterns.
[INFO DRT-0079]   Complete 300 unique inst patterns.
[INFO DRT-0081]   Complete 357 unique inst patterns.
[INFO DRT-0082]   Complete 10000 groups.
[INFO DRT-0084]   Complete 11540 groups.
#scanned instances     = 25608
#unique  instances     = 357
#stdCellGenAp          = 12564
#stdCellValidPlanarAp  = 176
#stdCellValidViaAp     = 8532
#stdCellPinNoAp        = 11
#stdCellPinCnt         = 72278
#instTermValidViaApCnt = 0
#macroGenAp            = 0
#macroValidPlanarAp    = 0
#macroValidViaAp       = 0
#macroNoAp             = 0
[INFO DRT-0166] Complete pin access.
[INFO DRT-0267] cpu time = 00:17:12, elapsed time = 00:02:15, memory = 310.71 (MB), peak = 324.77 (MB)
global_route -congestion_report_file ./reports/sky130hd/sha256_unrolled_pipelined/base/congestion.rpt -congestion_iterations 30 -congestion_report_iter_step 5 -verbose
[INFO GRT-0020] Min routing layer: met1
[INFO GRT-0021] Max routing layer: met5
[INFO GRT-0022] Global adjustment: 0%
[INFO GRT-0023] Grid origin: (0, 0)
[INFO GRT-0043] No OR_DEFAULT vias defined.
[INFO GRT-0088] Layer li1     Track-Pitch = 0.4600  line-2-Via Pitch: 0.3400
[INFO GRT-0088] Layer met1    Track-Pitch = 0.3400  line-2-Via Pitch: 0.3400
[INFO GRT-0088] Layer met2    Track-Pitch = 0.4600  line-2-Via Pitch: 0.3500
[INFO GRT-0088] Layer met3    Track-Pitch = 0.6800  line-2-Via Pitch: 0.6150
[INFO GRT-0088] Layer met4    Track-Pitch = 0.9200  line-2-Via Pitch: 1.0400
[INFO GRT-0088] Layer met5    Track-Pitch = 3.4000  line-2-Via Pitch: 3.1100
[INFO GRT-0003] Macros: 0
[INFO GRT-0043] No OR_DEFAULT vias defined.
[INFO GRT-0004] Blockages: 113557
[INFO GRT-0019] Found 333 clock nets.
[INFO GRT-0001] Minimum degree: 2
[INFO GRT-0002] Maximum degree: 257

[INFO GRT-0053] Routing resources analysis:
          Routing      Original      Derated      Resource
Layer     Direction    Resources     Resources    Reduction (%)
---------------------------------------------------------------
li1        Vertical            0             0          0.00%
met1       Horizontal     239146         98450          58.83%
met2       Vertical       179305        117504          34.47%
met3       Horizontal     119573         86940          27.29%
met4       Vertical        71940         41904          41.75%
met5       Horizontal      23871         11774          50.68%
---------------------------------------------------------------

[INFO GRT-0101] Running extra iterations to remove overflow.
[INFO GRT-0197] Via related to pin nodes: 133444
[INFO GRT-0198] Via related Steiner nodes: 4328
[INFO GRT-0199] Via filling finished.
[INFO GRT-0111] Final number of vias: 178561
[INFO GRT-0112] Final usage 3D: 678216

[INFO GRT-0096] Final congestion report:
Layer         Resource        Demand        Usage (%)    Max H / Max V / Total Overflow
---------------------------------------------------------------------------------------
li1                  0             0            0.00%             0 /  0 /  0
met1             98450         36226           36.80%             0 /  0 /  0
met2            117504         60375           51.38%             0 /  0 /  0
met3             86940         29503           33.93%             0 /  0 /  0
met4             41904         13920           33.22%             0 /  0 /  0
met5             11774          2509           21.31%             0 /  0 /  0
---------------------------------------------------------------------------------------
Total           356572        142533           39.97%             0 /  0 /  0

[INFO GRT-0018] Total wirelength: 1414755 um
[INFO GRT-0014] Routed nets: 19326
Perform buffer insertion and gate resizing...
repair_design -verbose
[INFO RSZ-0058] Using max wire length 2154um.
Iteration |   Area    | Resized | Buffers | Nets repaired | Remaining
---------------------------------------------------------------------
        0 |     +0.0% |       0 |       0 |             0 |     20139
     1000 |     +0.0% |       0 |       0 |             0 |     19139
     2000 |     +0.0% |       0 |       0 |             0 |     18139
     3000 |     +0.0% |       0 |       0 |             0 |     17139
     4000 |     +0.0% |       0 |       0 |             0 |     16139
     5000 |     +0.0% |       0 |       0 |             0 |     15139
     6000 |     +0.0% |       0 |       0 |             0 |     14139
     7000 |     +0.0% |       0 |       0 |             0 |     13139
     8000 |     +0.0% |       0 |       0 |             0 |     12139
     9000 |     +0.0% |       0 |       0 |             0 |     11139
    10000 |     +0.0% |       0 |       0 |             0 |     10139
    11000 |     +0.0% |       0 |       0 |             0 |      9139
    12000 |     +0.0% |       0 |       1 |             1 |      8139
    13000 |     +0.0% |       0 |       1 |             1 |      7139
    14000 |     +0.0% |       0 |       1 |             1 |      6139
    15000 |     +0.0% |       0 |       3 |             2 |      5139
    16000 |     +0.0% |       0 |       3 |             2 |      4139
    17000 |     +0.0% |       0 |       3 |             2 |      3139
    18000 |     +0.0% |       3 |       4 |             6 |      2139
    19000 |     +0.0% |       3 |       4 |             6 |      1139
    20000 |     +0.0% |       3 |       4 |             6 |       139
    final |     +0.0% |       3 |       4 |             6 |         0
---------------------------------------------------------------------
[INFO RSZ-0034] Found 5 slew violations.
[INFO RSZ-0036] Found 2 capacitance violations.
[INFO RSZ-0039] Resized 3 instances.
[INFO RSZ-0038] Inserted 4 buffers in 6 nets.
global_route -start_incremental
detailed_placement
Placement Analysis
---------------------------------
total displacement         63.9 u
average displacement        0.0 u
max displacement            7.8 u
original HPWL          750873.9 u
legalized HPWL         750915.1 u
delta HPWL                    0 %

global_route -end_incremental -congestion_report_file ./reports/sky130hd/sha256_unrolled_pipelined/base/congestion_post_repair_design.rpt
Repair setup and hold violations...
repair_timing -verbose -setup_margin 0 -hold_margin 0 -repair_tns 100
[INFO RSZ-0094] Found 37 endpoints with setup violations.
[INFO RSZ-0099] Repairing 37 out of 37 (100.00%) violating endpoints...
   Iter   | Removed | Resized | Inserted | Cloned |  Pin  |   Area   |    WNS   |   TNS      |  Viol  | Worst
          | Buffers |  Gates  | Buffers  |  Gates | Swaps |          |          |            | Endpts | Endpt
--------------------------------------------------------------------------------------------------------------
        0 |       0 |       0 |        0 |      0 |     0 |    +0.0% |   -0.649 |      -11.1 |     37 | hash/p3_cap\[29\]$_DFF_P_/D
       10 |       0 |       2 |        0 |      0 |     7 |    +0.0% |   -0.625 |      -10.2 |     37 | hash/p3_cap\[29\]$_DFF_P_/D
       20 |       0 |       6 |        0 |      0 |    13 |    +0.0% |   -0.592 |       -8.7 |     37 | hash/p2_cap\[31\]$_DFF_P_/D
       30 |       0 |      13 |        2 |      0 |    15 |    +0.0% |   -0.544 |       -7.0 |     37 | hash/p2_cap\[31\]$_DFF_P_/D
       40 |       0 |      16 |        5 |      0 |    21 |    +0.0% |   -0.568 |       -7.1 |     37 | hash/p2_cap\[31\]$_DFF_P_/D
       50 |       0 |      24 |        7 |      0 |    22 |    +0.0% |   -0.498 |       -6.4 |     37 | hash/p2_cap\[31\]$_DFF_P_/D
       60 |       0 |      33 |        7 |      0 |    23 |    +0.1% |   -0.463 |       -6.2 |     37 | hash/p2_cap\[31\]$_DFF_P_/D
       70 |       0 |      39 |        7 |      0 |    27 |    +0.1% |   -0.454 |       -5.6 |     37 | hash/p3_cap\[29\]$_DFF_P_/D
       80 |       0 |      43 |       13 |      0 |    31 |    +0.1% |   -0.422 |       -4.9 |     37 | hash/p3_cap\[29\]$_DFF_P_/D
       90 |       0 |      48 |       15 |      0 |    35 |    +0.1% |   -0.445 |       -4.5 |     37 | hash/p3_cap\[29\]$_DFF_P_/D
      100 |       0 |      50 |       15 |      0 |    43 |    +0.1% |   -0.547 |       -6.4 |     37 | hash/p3_cap\[29\]$_DFF_P_/D
      110 |       0 |      51 |       15 |      0 |    52 |    +0.1% |   -0.499 |       -6.5 |     37 | hash/p3_cap\[31\]$_DFF_P_/D
      116 |       0 |      47 |       17 |      0 |    31 |    +0.1% |   -0.375 |       -4.0 |     37 | hash/p3_cap\[29\]$_DFF_P_/D
      120 |       0 |      48 |       17 |      0 |    33 |    +0.1% |   -0.375 |       -4.0 |     37 | hash/p3_cap\[29\]$_DFF_P_/D
      130 |       0 |      52 |       17 |      0 |    39 |    +0.1% |   -0.399 |       -4.0 |     37 | hash/p3_cap\[29\]$_DFF_P_/D
      139 |       0 |      49 |       17 |      0 |    35 |    +0.1% |   -0.375 |       -4.0 |     36 | hash/p3_cap\[29\]$_DFF_P_/D
      140 |       0 |      49 |       17 |      0 |    35 |    +0.1% |   -0.375 |       -4.0 |     36 | hash/p3_cap\[29\]$_DFF_P_/D
      140 |       0 |      49 |       17 |      0 |    35 |    +0.1% |   -0.375 |       -4.0 |     36 | hash/p3_cap\[29\]$_DFF_P_/D
      150 |       0 |      53 |       19 |      0 |    39 |    +0.1% |   -0.374 |       -3.5 |     36 | hash/p3_cap\[29\]$_DFF_P_/D
      160 |       0 |      55 |       21 |      0 |    46 |    +0.1% |   -0.374 |       -3.5 |     36 | hash/p3_cap\[29\]$_DFF_P_/D
      170 |       0 |      58 |       26 |      0 |    51 |    +0.1% |   -0.362 |       -3.3 |     36 | hash/p3_cap\[29\]$_DFF_P_/D
      172 |       0 |      59 |       26 |      0 |    52 |    +0.1% |   -0.362 |       -3.3 |     36 | hash/p3_cap\[29\]$_DFF_P_/D
      180 |       0 |      62 |       26 |      0 |    56 |    +0.1% |   -0.374 |       -3.1 |     36 | hash/p3_cap\[29\]$_DFF_P_/D
      190 |       0 |      64 |       26 |      0 |    64 |    +0.1% |   -0.373 |       -3.0 |     36 | hash/p3_cap\[29\]$_DFF_P_/D
      192 |       0 |      59 |       26 |      0 |    52 |    +0.1% |   -0.362 |       -3.3 |     36 | hash/p3_cap\[29\]$_DFF_P_/D
      200 |       0 |      60 |       26 |      0 |    58 |    +0.1% |   -0.360 |       -3.1 |     36 | hash/p3_cap\[29\]$_DFF_P_/D
      209 |       0 |      61 |       26 |      0 |    66 |    +0.1% |   -0.360 |       -3.0 |     36 | hash/p3_cap\[29\]$_DFF_P_/D
      210 |       0 |      61 |       26 |      0 |    66 |    +0.1% |   -0.360 |       -3.0 |     36 | hash/p3_cap\[29\]$_DFF_P_/D
      215 |       0 |      65 |       26 |      0 |    67 |    +0.1% |   -0.360 |       -2.8 |     34 | hash/p3_cap\[29\]$_DFF_P_/D
      220 |       0 |      66 |       26 |      0 |    70 |    +0.1% |   -0.360 |       -2.9 |     34 | hash/p3_cap\[29\]$_DFF_P_/D
      220 |       0 |      65 |       26 |      0 |    67 |    +0.1% |   -0.360 |       -2.8 |     34 | hash/p3_cap\[29\]$_DFF_P_/D
      230 |       0 |      71 |       26 |      0 |    70 |    +0.1% |   -0.381 |       -2.5 |     34 | hash/p3_cap\[29\]$_DFF_P_/D
      230 |       0 |      65 |       26 |      0 |    67 |    +0.1% |   -0.360 |       -2.8 |     33 | hash/p3_cap\[29\]$_DFF_P_/D
      240 |       0 |      70 |       26 |      0 |    71 |    +0.1% |   -0.401 |       -2.9 |     33 | hash/p3_cap\[29\]$_DFF_P_/D
      244 |       0 |      66 |       26 |      0 |    67 |    +0.1% |   -0.360 |       -2.8 |     32 | hash/p3_cap\[29\]$_DFF_P_/D
      250 |       0 |      68 |       26 |      0 |    70 |    +0.1% |   -0.373 |       -2.8 |     32 | hash/p3_cap\[29\]$_DFF_P_/D
      259 |       0 |      66 |       26 |      0 |    67 |    +0.1% |   -0.360 |       -2.8 |     32 | hash/p3_cap\[29\]$_DFF_P_/D
      260 |       0 |      66 |       26 |      0 |    67 |    +0.1% |   -0.360 |       -2.8 |     32 | hash/p3_cap\[29\]$_DFF_P_/D
      263 |       0 |      66 |       26 |      0 |    67 |    +0.1% |   -0.360 |       -2.8 |     32 | hash/p3_cap\[29\]$_DFF_P_/D
      264 |       0 |      66 |       26 |      0 |    67 |    +0.1% |   -0.360 |       -2.8 |     31 | hash/p3_cap\[29\]$_DFF_P_/D
      265 |       0 |      66 |       26 |      0 |    67 |    +0.1% |   -0.360 |       -2.8 |     30 | hash/p3_cap\[29\]$_DFF_P_/D
      268 |       0 |      66 |       26 |      0 |    67 |    +0.1% |   -0.360 |       -2.8 |     29 | hash/p3_cap\[29\]$_DFF_P_/D
      270 |       0 |      66 |       26 |      0 |    68 |    +0.1% |   -0.361 |       -2.8 |     29 | hash/p3_cap\[29\]$_DFF_P_/D
      270 |       0 |      66 |       26 |      0 |    67 |    +0.1% |   -0.360 |       -2.8 |     29 | hash/p3_cap\[29\]$_DFF_P_/D
      271 |       0 |      66 |       26 |      0 |    67 |    +0.1% |   -0.360 |       -2.8 |     28 | hash/p3_cap\[29\]$_DFF_P_/D
      272 |       0 |      66 |       26 |      0 |    67 |    +0.1% |   -0.360 |       -2.8 |     27 | hash/p3_cap\[29\]$_DFF_P_/D
      280 |       0 |      69 |       31 |      0 |    69 |    +0.1% |   -0.360 |       -2.4 |     27 | hash/p3_cap\[29\]$_DFF_P_/D
      283 |       0 |      70 |       35 |      0 |    70 |    +0.2% |   -0.360 |       -2.4 |     25 | hash/p3_cap\[29\]$_DFF_P_/D
      285 |       0 |      70 |       35 |      0 |    70 |    +0.2% |   -0.360 |       -2.4 |     24 | hash/p3_cap\[29\]$_DFF_P_/D
      286 |       0 |      70 |       35 |      0 |    70 |    +0.2% |   -0.360 |       -2.4 |     23 | hash/p3_cap\[29\]$_DFF_P_/D
      287 |       0 |      70 |       35 |      0 |    70 |    +0.2% |   -0.360 |       -2.4 |     22 | hash/p3_cap\[29\]$_DFF_P_/D
      288 |       0 |      70 |       35 |      0 |    70 |    +0.2% |   -0.360 |       -2.4 |     21 | hash/p3_cap\[29\]$_DFF_P_/D
      289 |       0 |      70 |       35 |      0 |    70 |    +0.2% |   -0.360 |       -2.4 |     20 | hash/p3_cap\[29\]$_DFF_P_/D
      290 |       0 |      70 |       35 |      0 |    70 |    +0.2% |   -0.360 |       -2.4 |     20 | hash/p3_cap\[29\]$_DFF_P_/D
      290 |       0 |      70 |       35 |      0 |    70 |    +0.2% |   -0.360 |       -2.4 |     19 | hash/p3_cap\[29\]$_DFF_P_/D
      291 |       0 |      70 |       35 |      0 |    70 |    +0.2% |   -0.360 |       -2.4 |     18 | hash/p3_cap\[29\]$_DFF_P_/D
      292 |       0 |      70 |       35 |      0 |    70 |    +0.2% |   -0.360 |       -2.4 |     17 | hash/p3_cap\[29\]$_DFF_P_/D
      293 |       0 |      70 |       35 |      0 |    70 |    +0.2% |   -0.360 |       -2.4 |     16 | hash/p3_cap\[29\]$_DFF_P_/D
      294 |       0 |      70 |       35 |      0 |    70 |    +0.2% |   -0.360 |       -2.4 |     15 | hash/p3_cap\[29\]$_DFF_P_/D
      295 |       0 |      70 |       35 |      0 |    70 |    +0.2% |   -0.360 |       -2.4 |     14 | hash/p3_cap\[29\]$_DFF_P_/D
      297 |       0 |      71 |       35 |      0 |    70 |    +0.2% |   -0.360 |       -2.2 |     12 | hash/p3_cap\[29\]$_DFF_P_/D
      298 |       0 |      71 |       35 |      0 |    70 |    +0.2% |   -0.360 |       -2.2 |     11 | hash/p3_cap\[29\]$_DFF_P_/D
      299 |       0 |      71 |       35 |      0 |    70 |    +0.2% |   -0.360 |       -2.2 |     10 | hash/p3_cap\[29\]$_DFF_P_/D
      300 |       0 |      71 |       35 |      0 |    70 |    +0.2% |   -0.360 |       -2.2 |     10 | hash/p3_cap\[29\]$_DFF_P_/D
      300 |       0 |      71 |       35 |      0 |    70 |    +0.2% |   -0.360 |       -2.2 |      9 | hash/p3_cap\[29\]$_DFF_P_/D
      301 |       0 |      71 |       35 |      0 |    70 |    +0.2% |   -0.360 |       -2.2 |      8 | hash/p3_cap\[29\]$_DFF_P_/D
      303 |       0 |      71 |       35 |      1 |    70 |    +0.2% |   -0.360 |       -2.2 |      6 | hash/p3_cap\[29\]$_DFF_P_/D
      304 |       0 |      71 |       35 |      1 |    70 |    +0.2% |   -0.360 |       -2.2 |      5 | hash/p3_cap\[29\]$_DFF_P_/D
     306* |       0 |      72 |       35 |      1 |    70 |    +0.2% |   -0.348 |       -2.2 |     14 | hash/p3_cap\[29\]$_DFF_P_/D
     307* |       0 |      72 |       35 |      1 |    70 |    +0.2% |   -0.348 |       -2.2 |     14 | hash/p3_cap\[29\]$_DFF_P_/D
     308* |       0 |      72 |       35 |      1 |    70 |    +0.2% |   -0.348 |       -2.2 |     14 | hash/p3_cap\[29\]$_DFF_P_/D
     309* |       0 |      72 |       35 |      1 |    70 |    +0.2% |   -0.348 |       -2.2 |     14 | hash/p3_cap\[29\]$_DFF_P_/D
     310* |       0 |      72 |       35 |      1 |    70 |    +0.2% |   -0.348 |       -2.2 |     14 | hash/p3_cap\[29\]$_DFF_P_/D
     310* |       0 |      72 |       35 |      1 |    70 |    +0.2% |   -0.348 |       -2.2 |     14 | hash/p3_cap\[29\]$_DFF_P_/D
     311* |       0 |      72 |       35 |      1 |    70 |    +0.2% |   -0.348 |       -2.2 |     14 | hash/p3_cap\[29\]$_DFF_P_/D
     312* |       0 |      72 |       35 |      1 |    70 |    +0.2% |   -0.348 |       -2.2 |     14 | hash/p3_cap\[29\]$_DFF_P_/D
     313* |       0 |      72 |       35 |      1 |    70 |    +0.2% |   -0.348 |       -2.2 |     14 | hash/p3_cap\[29\]$_DFF_P_/D
     314* |       0 |      72 |       35 |      1 |    70 |    +0.2% |   -0.348 |       -2.2 |     14 | hash/p3_cap\[29\]$_DFF_P_/D
     315* |       0 |      72 |       35 |      1 |    70 |    +0.2% |   -0.348 |       -2.2 |     14 | hash/p3_cap\[29\]$_DFF_P_/D
     316* |       0 |      72 |       35 |      1 |    70 |    +0.2% |   -0.348 |       -2.2 |     14 | hash/p3_cap\[29\]$_DFF_P_/D
     317* |       0 |      72 |       35 |      1 |    70 |    +0.2% |   -0.348 |       -2.2 |     14 | hash/p3_cap\[29\]$_DFF_P_/D
     318* |       0 |      72 |       35 |      1 |    70 |    +0.2% |   -0.348 |       -2.2 |     14 | hash/p3_cap\[29\]$_DFF_P_/D
     319* |       0 |      72 |       35 |      1 |    70 |    +0.2% |   -0.348 |       -2.2 |     14 | hash/p3_cap\[29\]$_DFF_P_/D
    final |       0 |      72 |       35 |      1 |    70 |    +0.2% |   -0.348 |       -2.2 |     14 | hash/p3_cap\[29\]$_DFF_P_/D
--------------------------------------------------------------------------------------------------------------
[INFO RSZ-0040] Inserted 20 buffers.
[INFO RSZ-0041] Resized 72 instances.
[INFO RSZ-0043] Swapped pins on 70 instances.
[INFO RSZ-0049] Cloned 1 instances.
[WARNING RSZ-0062] Unable to repair all setup violations.
[INFO RSZ-0033] No hold violations found.
Took 5 seconds: repair_timing -verbose -setup_margin 0 -hold_margin 0 -repair_tns 100
global_route -start_incremental
detailed_placement
Placement Analysis
---------------------------------
total displacement        396.8 u
average displacement        0.0 u
max displacement            8.7 u
original HPWL          751367.2 u
legalized HPWL         751682.0 u
delta HPWL                    0 %

global_route -end_incremental -congestion_report_file ./reports/sky130hd/sha256_unrolled_pipelined/base/congestion_post_repair_timing.rpt
global_route -start_incremental
Downsizing/switching to higher Vt for non critical gates for power recovery
Percent of paths optimized 100
tns -2.16
wns -0.35
Group                  Internal  Switching    Leakage      Total
                          Power      Power      Power      Power (Watts)
----------------------------------------------------------------
Sequential             1.86e-02   2.63e-03   2.80e-08   2.12e-02   5.5%
Combinational          1.45e-01   2.10e-01   6.60e-08   3.55e-01  91.2%
Clock                  7.29e-03   5.82e-03   5.41e-09   1.31e-02   3.4%
Macro                  0.00e+00   0.00e+00   0.00e+00   0.00e+00   0.0%
Pad                    0.00e+00   0.00e+00   0.00e+00   0.00e+00   0.0%
----------------------------------------------------------------
Total                  1.71e-01   2.18e-01   9.94e-08   3.89e-01 100.0%
                          44.0%      56.0%       0.0%
repair_timing -verbose -recover_power 100
Iteration |   Area    |  Resized |   WNS    | Endpt
---------------------------------------------------
        0 |     +0.0% |        0 |   -0.348 | hash/p3_cap\[29\]$_DFF_P_/D
      100 |     -0.1% |       12 |   -0.348 | hash/p3_cap\[29\]$_DFF_P_/D
      200 |     -0.1% |       17 |   -0.348 | hash/p3_cap\[29\]$_DFF_P_/D
      300 |     -0.1% |       18 |   -0.348 | hash/p3_cap\[29\]$_DFF_P_/D
      400 |     -0.1% |       67 |   -0.348 | hash/p3_cap\[29\]$_DFF_P_/D
      500 |     -0.1% |       95 |   -0.348 | hash/p3_cap\[29\]$_DFF_P_/D
      600 |     -0.1% |      115 |   -0.348 | hash/p3_cap\[29\]$_DFF_P_/D
      700 |     -0.1% |      124 |   -0.348 | hash/p3_cap\[29\]$_DFF_P_/D
      800 |     -0.1% |      126 |   -0.348 | hash/p3_cap\[29\]$_DFF_P_/D
      900 |     -0.1% |      129 |   -0.348 | hash/p3_cap\[29\]$_DFF_P_/D
     1000 |     -0.1% |      133 |   -0.348 | hash/p3_cap\[29\]$_DFF_P_/D
     1100 |     -0.1% |      135 |   -0.348 | hash/p3_cap\[29\]$_DFF_P_/D
     1200 |     -0.1% |      135 |   -0.348 | hash/p3_cap\[29\]$_DFF_P_/D
     1300 |     -0.1% |      137 |   -0.348 | hash/p3_cap\[29\]$_DFF_P_/D
     1400 |     -0.1% |      138 |   -0.348 | hash/p3_cap\[29\]$_DFF_P_/D
     1500 |     -0.1% |      139 |   -0.348 | hash/p3_cap\[29\]$_DFF_P_/D
     1600 |     -0.1% |      142 |   -0.348 | hash/p3_cap\[29\]$_DFF_P_/D
     1700 |     -0.1% |      142 |   -0.348 | hash/p3_cap\[29\]$_DFF_P_/D
     1800 |     -0.1% |      142 |   -0.348 | hash/p3_cap\[29\]$_DFF_P_/D
     1900 |     -0.1% |      143 |   -0.348 | hash/p3_cap\[29\]$_DFF_P_/D
     2000 |     -0.1% |      143 |   -0.348 | hash/p3_cap\[29\]$_DFF_P_/D
     2100 |     -0.1% |      145 |   -0.348 | hash/p3_cap\[29\]$_DFF_P_/D
     2200 |     -0.1% |      146 |   -0.348 | hash/p3_cap\[29\]$_DFF_P_/D
     2300 |     -0.1% |      146 |   -0.348 | hash/p3_cap\[29\]$_DFF_P_/D
     2400 |     -0.1% |      158 |   -0.348 | hash/p3_cap\[29\]$_DFF_P_/D
     2500 |     -0.1% |      168 |   -0.348 | hash/p3_cap\[29\]$_DFF_P_/D
     2600 |     -0.1% |      174 |   -0.348 | hash/p3_cap\[29\]$_DFF_P_/D
     2700 |     -0.1% |      184 |   -0.348 | hash/p3_cap\[29\]$_DFF_P_/D
     2800 |     -0.1% |      217 |   -0.348 | hash/p3_cap\[29\]$_DFF_P_/D
     2900 |     -0.1% |      293 |   -0.327 | hash/p3_cap\[29\]$_DFF_P_/D
     3000 |     -0.1% |      352 |   -0.326 | hash/p3_cap\[29\]$_DFF_P_/D
     3100 |     -0.1% |      422 |   -0.328 | hash/p3_cap\[29\]$_DFF_P_/D
     3200 |     -0.1% |      489 |   -0.328 | hash/p3_cap\[29\]$_DFF_P_/D
[INFO RSZ-0142] 500 successive tries yielded negative slack. Ending power recovery
    final |     -0.1% |      518 |   -0.327 | hash/p3_cap\[29\]$_DFF_P_/D
---------------------------------------------------
[INFO RSZ-0141] Resized 518 instances.
Took 75 seconds: repair_timing -verbose -recover_power 100
tns -1.91
wns -0.33
Group                  Internal  Switching    Leakage      Total
                          Power      Power      Power      Power (Watts)
----------------------------------------------------------------
Sequential             1.86e-02   2.63e-03   2.80e-08   2.12e-02   5.5%
Combinational          1.45e-01   2.10e-01   6.59e-08   3.55e-01  91.2%
Clock                  7.29e-03   5.82e-03   5.41e-09   1.31e-02   3.4%
Macro                  0.00e+00   0.00e+00   0.00e+00   0.00e+00   0.0%
Pad                    0.00e+00   0.00e+00   0.00e+00   0.00e+00   0.0%
----------------------------------------------------------------
Total                  1.71e-01   2.18e-01   9.93e-08   3.89e-01 100.0%
                          44.0%      56.0%       0.0%
global_route -end_incremental -congestion_report_file ./reports/sky130hd/sha256_unrolled_pipelined/base/congestion_post_recover_power.rpt
Repair antennas...
[INFO GRT-0012] Found 81 antenna violations.
[INFO GRT-0302] Inserted 51 jumpers for 48 nets.
[INFO GRT-0012] Found 36 antenna violations.
[INFO GRT-0015] Inserted 200 diodes.
[INFO GRT-0012] Found 7 antenna violations.
[INFO GRT-0302] Inserted 1 jumpers for 1 nets.
[INFO GRT-0012] Found 6 antenna violations.
[INFO GRT-0015] Inserted 23 diodes.
[INFO GRT-0012] Found 2 antenna violations.
[INFO GRT-0302] Inserted 0 jumpers for 0 nets.
[INFO GRT-0012] Found 2 antenna violations.
[INFO GRT-0015] Inserted 2 diodes.
[INFO GRT-0012] Found 0 antenna violations.
[INFO ANT-0002] Found 0 net violations.
[INFO ANT-0001] Found 0 pin violations.
Estimate parasitics...
Report metrics stage 5, global route...

==========================================================================
global route report_design_area
--------------------------------------------------------------------------
Design area 267687 u^2 47% utilization.
[INFO FLW-0007] clock core_clock period 10.000000
[INFO FLW-0008] Clock core_clock period 9.828
[INFO FLW-0009] Clock core_clock slack -0.346
[INFO FLW-0011] Path endpoint path count 5977
Elapsed time: 4:52.25[h:]min:sec. CPU time: user 1415.90 sys 0.80 (484%). Peak memory: 1294516KB.
