OpenROAD v2.0-19814-g250e48e05 
Features included (+) or not (-): +GPU +GUI +Python
This program is licensed under the BSD-3 license. See the LICENSE file for details.
Components of this program may be licensed under more restrictive licenses which must be honored.
[INFO ORD-0030] Using 8 thread(s).
Deleted 0 routing obstructions
[INFO RCX-0431] Defined process_corner X with ext_model_index 0
[INFO RCX-0029] Defined extraction corner X
[INFO RCX-0435] Reading extraction model file /home/rohan/VLSI/OpenROAD-flow-scripts/flow/platforms/sky130hd/rcx_patterns.rules ...
[INFO RCX-0436] RC segment generation sha256_unrolled_pipelined (max_merge_res 50.0) ...
[INFO RCX-0040] Final 95855 rc segments
[INFO RCX-0439] Coupling Cap extraction sha256_unrolled_pipelined ...
[INFO RCX-0440] Coupling threshhold is 0.1000 fF, coupling capacitance less than 0.1000 fF will be grounded.
[INFO RCX-0442] 54% of 210417 wires extracted
[INFO RCX-0442] 100% of 210417 wires extracted
[INFO RCX-0045] Extract 19366 nets, 115203 rsegs, 115203 caps, 243668 ccs
[INFO RCX-0443] 19366 nets finished
[INFO PSM-0040] All shapes on net VDD are connected.
[INFO PSM-0073] Using bump pattern with x-pitch 140.0000um, y-pitch 140.0000um, and size 70.0000um with an reduction factor of 3x.
########## IR report #################
Net              : VDD
Corner           : default
Supply voltage   : 1.80e+00 V
Worstcase voltage: 1.79e+00 V
Average voltage  : 1.80e+00 V
Average IR drop  : 2.40e-03 V
Worstcase IR drop: 1.30e-02 V
Percentage drop  : 0.72 %
######################################
[INFO PSM-0040] All shapes on net VSS are connected.
[INFO PSM-0073] Using bump pattern with x-pitch 140.0000um, y-pitch 140.0000um, and size 70.0000um with an reduction factor of 3x.
########## IR report #################
Net              : VSS
Corner           : default
Supply voltage   : 0.00e+00 V
Worstcase voltage: 1.22e-02 V
Average voltage  : 2.51e-03 V
Average IR drop  : 2.51e-03 V
Worstcase IR drop: 1.22e-02 V
Percentage drop  : 0.68 %
######################################
Cell type report:                       Count       Area
  Fill cell                             45851  289182.35
  Tap cell                               7506    9391.51
  Antenna cell                            258     645.62
  Clock buffer                            430    9122.50
  Timing Repair Buffer                   1096    8664.56
  Inverter                                582    2457.36
  Clock inverter                          180    1984.40
  Sequential cell                        2787   78939.46
  Multi-Input combinational cell        13052  165955.41
  Total                                 71742  566343.17
Report metrics stage 6, finish...

==========================================================================
finish report_design_area
--------------------------------------------------------------------------
Design area 267769 u^2 47% utilization.
Elapsed time: 0:46.57[h:]min:sec. CPU time: user 43.95 sys 0.65 (95%). Peak memory: 711740KB.
