OpenROAD v2.0-19814-g250e48e05 
Features included (+) or not (-): +GPU +GUI +Python
This program is licensed under the BSD-3 license. See the LICENSE file for details.
Components of this program may be licensed under more restrictive licenses which must be honored.
[INFO ORD-0030] Using 8 thread(s).
[INFO DRT-0149] Reading tech and libs.
[WARNING DRT-0349] LEF58_ENCLOSURE with no CUTCLASS is not supported. Skipping for layer mcon
[WARNING DRT-0349] LEF58_ENCLOSURE with no CUTCLASS is not supported. Skipping for layer mcon
[WARNING DRT-0349] LEF58_ENCLOSURE with no CUTCLASS is not supported. Skipping for layer via
[WARNING DRT-0349] LEF58_ENCLOSURE with no CUTCLASS is not supported. Skipping for layer via
[WARNING DRT-0349] LEF58_ENCLOSURE with no CUTCLASS is not supported. Skipping for layer via2
[WARNING DRT-0349] LEF58_ENCLOSURE with no CUTCLASS is not supported. Skipping for layer via2
[WARNING DRT-0349] LEF58_ENCLOSURE with no CUTCLASS is not supported. Skipping for layer via3
[WARNING DRT-0349] LEF58_ENCLOSURE with no CUTCLASS is not supported. Skipping for layer via3
[WARNING DRT-0349] LEF58_ENCLOSURE with no CUTCLASS is not supported. Skipping for layer via4
[WARNING DRT-0349] LEF58_ENCLOSURE with no CUTCLASS is not supported. Skipping for layer via4

Units:                1000
Number of layers:     13
Number of macros:     441
Number of vias:       29
Number of viarulegen: 25

[INFO DRT-0150] Reading design.
[WARNING DRT-0120] Large net select has 257 pins which may impact routing performance. Consider optimization.

Design:                   sha256_unrolled_pipelined
Die area:                 ( 0 0 ) ( 757070 757070 )
Number of track patterns: 12
Number of DEF vias:       0
Number of components:     25601
Number of terminals:      771
Number of snets:          2
Number of nets:           19338

[INFO DRT-0167] List of default vias:
  Layer via
    default via: M1M2_PR
  Layer via2
    default via: M2M3_PR
  Layer via3
    default via: M3M4_PR
  Layer via4
    default via: M4M5_PR
[INFO DRT-0162] Library cell analysis.
[INFO DRT-0163] Instance analysis.
[INFO DRT-0164] Number of unique instances = 349.
[INFO DRT-0168] Init region query.
[INFO DRT-0024]   Complete FR_MASTERSLICE.
[INFO DRT-0024]   Complete Fr_VIA.
[INFO DRT-0024]   Complete li1.
[INFO DRT-0024]   Complete mcon.
[INFO DRT-0024]   Complete met1.
[INFO DRT-0024]   Complete via.
[INFO DRT-0024]   Complete met2.
[INFO DRT-0024]   Complete via2.
[INFO DRT-0024]   Complete met3.
[INFO DRT-0024]   Complete via3.
[INFO DRT-0024]   Complete met4.
[INFO DRT-0024]   Complete via4.
[INFO DRT-0024]   Complete met5.
[INFO DRT-0033] FR_MASTERSLICE shape region query size = 0.
[INFO DRT-0033] FR_VIA shape region query size = 0.
[INFO DRT-0033] li1 shape region query size = 768445.
[INFO DRT-0033] mcon shape region query size = 503001.
[INFO DRT-0033] met1 shape region query size = 161522.
[INFO DRT-0033] via shape region query size = 38090.
[INFO DRT-0033] met2 shape region query size = 23224.
[INFO DRT-0033] via2 shape region query size = 30472.
[INFO DRT-0033] met3 shape region query size = 23255.
[INFO DRT-0033] via3 shape region query size = 30472.
[INFO DRT-0033] met4 shape region query size = 9186.
[INFO DRT-0033] via4 shape region query size = 1513.
[INFO DRT-0033] met5 shape region query size = 1568.
[INFO DRT-0165] Start pin access.
[INFO DRT-0076]   Complete 1000 pins.
[INFO DRT-0076]   Complete 2000 pins.
[INFO DRT-0078]   Complete 2869 pins.
[INFO DRT-0079]   Complete 100 unique inst patterns.
[INFO DRT-0079]   Complete 200 unique inst patterns.
[INFO DRT-0079]   Complete 300 unique inst patterns.
[INFO DRT-0081]   Complete 349 unique inst patterns.
[INFO DRT-0082]   Complete 10000 groups.
[INFO DRT-0084]   Complete 11413 groups.
#scanned instances     = 25601
#unique  instances     = 349
#stdCellGenAp          = 12695
#stdCellValidPlanarAp  = 189
#stdCellValidViaAp     = 8367
#stdCellPinNoAp        = 13
#stdCellPinCnt         = 72268
#instTermValidViaApCnt = 0
#macroGenAp            = 0
#macroValidPlanarAp    = 0
#macroValidViaAp       = 0
#macroNoAp             = 0
[INFO DRT-0166] Complete pin access.
[INFO DRT-0267] cpu time = 00:17:38, elapsed time = 00:02:18, memory = 308.98 (MB), peak = 324.82 (MB)
global_route -congestion_report_file ./reports/sky130hd/sha256_unrolled_pipelined/base/congestion.rpt -congestion_iterations 30 -congestion_report_iter_step 5 -verbose
[INFO GRT-0020] Min routing layer: met1
[INFO GRT-0021] Max routing layer: met5
[INFO GRT-0022] Global adjustment: 0%
[INFO GRT-0023] Grid origin: (0, 0)
[INFO GRT-0043] No OR_DEFAULT vias defined.
[INFO GRT-0088] Layer li1     Track-Pitch = 0.4600  line-2-Via Pitch: 0.3400
[INFO GRT-0088] Layer met1    Track-Pitch = 0.3400  line-2-Via Pitch: 0.3400
[INFO GRT-0088] Layer met2    Track-Pitch = 0.4600  line-2-Via Pitch: 0.3500
[INFO GRT-0088] Layer met3    Track-Pitch = 0.6800  line-2-Via Pitch: 0.6150
[INFO GRT-0088] Layer met4    Track-Pitch = 0.9200  line-2-Via Pitch: 1.0400
[INFO GRT-0088] Layer met5    Track-Pitch = 3.4000  line-2-Via Pitch: 3.1100
[INFO GRT-0003] Macros: 0
[INFO GRT-0043] No OR_DEFAULT vias defined.
[INFO GRT-0004] Blockages: 113522
[INFO GRT-0019] Found 329 clock nets.
[INFO GRT-0001] Minimum degree: 2
[INFO GRT-0002] Maximum degree: 257

[INFO GRT-0053] Routing resources analysis:
          Routing      Original      Derated      Resource
Layer     Direction    Resources     Resources    Reduction (%)
---------------------------------------------------------------
li1        Vertical            0             0          0.00%
met1       Horizontal     239146         98581          58.78%
met2       Vertical       179305        117504          34.47%
met3       Horizontal     119573         86940          27.29%
met4       Vertical        71940         41904          41.75%
met5       Horizontal      23871         11774          50.68%
---------------------------------------------------------------

[INFO GRT-0101] Running extra iterations to remove overflow.
[INFO GRT-0197] Via related to pin nodes: 135212
[INFO GRT-0198] Via related Steiner nodes: 4664
[INFO GRT-0199] Via filling finished.
[INFO GRT-0111] Final number of vias: 181677
[INFO GRT-0112] Final usage 3D: 689263

[INFO GRT-0096] Final congestion report:
Layer         Resource        Demand        Usage (%)    Max H / Max V / Total Overflow
---------------------------------------------------------------------------------------
li1                  0             0            0.00%             0 /  0 /  0
met1             98581         35440           35.95%             0 /  0 /  0
met2            117504         61285           52.16%             0 /  0 /  0
met3             86940         30431           35.00%             0 /  0 /  0
met4             41904         14365           34.28%             0 /  0 /  0
met5             11774          2711           23.03%             0 /  0 /  0
---------------------------------------------------------------------------------------
Total           356703        144232           40.43%             0 /  0 /  0

[INFO GRT-0018] Total wirelength: 1432778 um
[INFO GRT-0014] Routed nets: 19323
Perform buffer insertion and gate resizing...
repair_design -verbose
[INFO RSZ-0058] Using max wire length 2154um.
Iteration |   Area    | Resized | Buffers | Nets repaired | Remaining
---------------------------------------------------------------------
        0 |     +0.0% |       0 |       0 |             0 |     20132
     1000 |     +0.0% |       0 |       0 |             0 |     19132
     2000 |     +0.0% |       0 |       0 |             0 |     18132
     3000 |     +0.0% |       0 |       0 |             0 |     17132
     4000 |     +0.0% |       0 |       0 |             0 |     16132
     5000 |     +0.0% |       0 |       0 |             0 |     15132
     6000 |     +0.0% |       0 |       0 |             0 |     14132
     7000 |     +0.0% |       0 |       0 |             0 |     13132
     8000 |     +0.0% |       0 |       0 |             0 |     12132
     9000 |     +0.0% |       0 |       0 |             0 |     11132
    10000 |     +0.0% |       0 |       0 |             0 |     10132
    11000 |     +0.0% |       0 |       0 |             0 |      9132
    12000 |     +0.0% |       0 |       0 |             0 |      8132
    13000 |     +0.0% |       0 |       0 |             0 |      7132
    14000 |     +0.0% |       0 |       0 |             0 |      6132
    15000 |     +0.0% |       0 |       0 |             0 |      5132
    16000 |     +0.0% |       0 |       0 |             0 |      4132
    17000 |     +0.0% |       0 |       0 |             0 |      3132
    18000 |     +0.0% |       2 |       0 |             2 |      2132
    19000 |     +0.0% |       2 |       0 |             2 |      1132
    20000 |     +0.0% |       2 |       0 |             2 |       132
    final |     +0.0% |       2 |       0 |             2 |         0
---------------------------------------------------------------------
[INFO RSZ-0034] Found 2 slew violations.
[INFO RSZ-0039] Resized 2 instances.
global_route -start_incremental
detailed_placement
Placement Analysis
---------------------------------
total displacement          0.5 u
average displacement        0.0 u
max displacement            0.5 u
original HPWL          761154.3 u
legalized HPWL         761155.2 u
delta HPWL                    0 %

global_route -end_incremental -congestion_report_file ./reports/sky130hd/sha256_unrolled_pipelined/base/congestion_post_repair_design.rpt
Repair setup and hold violations...
repair_timing -verbose -setup_margin 0 -hold_margin 0 -repair_tns 100
[INFO RSZ-0094] Found 72 endpoints with setup violations.
[INFO RSZ-0099] Repairing 72 out of 72 (100.00%) violating endpoints...
   Iter   | Removed | Resized | Inserted | Cloned |  Pin  |   Area   |    WNS   |   TNS      |  Viol  | Worst
          | Buffers |  Gates  | Buffers  |  Gates | Swaps |          |          |            | Endpts | Endpt
--------------------------------------------------------------------------------------------------------------
        0 |       0 |       0 |        0 |      0 |     0 |    +0.0% |   -0.645 |      -15.3 |     72 | hash/p2_cap\[28\]$_DFF_P_/D
       10 |       0 |       6 |        0 |      0 |     3 |    +0.0% |   -0.510 |      -12.4 |     72 | hash/p2_cap\[31\]$_DFF_P_/D
       20 |       0 |       8 |        0 |      0 |    11 |    +0.0% |   -0.579 |      -14.8 |     72 | hash/p2_cap\[28\]$_DFF_P_/D
       30 |       0 |      15 |        0 |      0 |    14 |    +0.0% |   -0.484 |      -12.6 |     72 | hash/p2_cap\[27\]$_DFF_P_/D
       40 |       0 |      21 |        0 |      0 |    18 |    +0.0% |   -0.405 |      -10.5 |     72 | hash/p2_cap\[31\]$_DFF_P_/D
       50 |       0 |      28 |        0 |      0 |    21 |    +0.1% |   -0.383 |       -9.9 |     72 | hash/p2_cap\[31\]$_DFF_P_/D
       60 |       0 |      32 |        0 |      0 |    27 |    +0.1% |   -0.363 |       -9.6 |     72 | hash/p2_cap\[28\]$_DFF_P_/D
       70 |       0 |      35 |        0 |      0 |    34 |    +0.1% |   -0.369 |       -8.2 |     72 | hash/p2_cap\[28\]$_DFF_P_/D
       80 |       0 |      39 |        3 |      0 |    39 |    +0.1% |   -0.272 |       -7.3 |     72 | hash/p3_cap\[28\]$_DFF_P_/D
       90 |       0 |      47 |        3 |      0 |    41 |    +0.1% |   -0.255 |       -3.9 |     72 | hash/p2_cap\[27\]$_DFF_P_/D
      100 |       0 |      52 |        3 |      0 |    46 |    +0.1% |   -0.296 |       -4.2 |     72 | hash/p2_cap\[28\]$_DFF_P_/D
      110 |       0 |      57 |        7 |      0 |    50 |    +0.1% |   -0.294 |       -4.3 |     72 | hash/p2_cap\[30\]$_DFF_P_/D
      120 |       0 |      57 |       13 |      0 |    57 |    +0.1% |   -0.331 |       -5.0 |     72 | hash/p2_cap\[30\]$_DFF_P_/D
      130 |       0 |      64 |       13 |      0 |    60 |    +0.1% |   -0.284 |       -4.3 |     72 | hash/p2_cap\[30\]$_DFF_P_/D
      140 |       0 |      67 |       13 |      0 |    67 |    +0.1% |   -0.323 |       -4.7 |     72 | hash/p2_cap\[30\]$_DFF_P_/D
      150 |       0 |      69 |       13 |      0 |    75 |    +0.2% |   -0.360 |       -5.2 |     72 | hash/p2_cap\[30\]$_DFF_P_/D
      155 |       0 |      58 |       13 |      0 |    53 |    +0.1% |   -0.233 |       -3.7 |     72 | hash/p2_cap\[30\]$_DFF_P_/D
      160 |       0 |      62 |       13 |      0 |    53 |    +0.1% |   -0.225 |       -3.6 |     72 | hash/p3_cap\[23\]$_DFF_P_/D
      168 |       0 |      69 |       15 |      0 |    53 |    +0.2% |   -0.213 |       -2.7 |     72 | hash/p1_cap\[31\]$_DFF_P_/D
      170 |       0 |      70 |       15 |      0 |    53 |    +0.2% |   -0.213 |       -2.7 |     72 | hash/p1_cap\[31\]$_DFF_P_/D
      180 |       0 |      77 |       15 |      0 |    56 |    +0.2% |   -0.213 |       -2.6 |     71 | hash/p1_cap\[31\]$_DFF_P_/D
      180 |       0 |      77 |       15 |      0 |    56 |    +0.2% |   -0.213 |       -2.6 |     70 | hash/p1_cap\[31\]$_DFF_P_/D
      188 |       0 |      82 |       17 |      0 |    57 |    +0.2% |   -0.213 |       -2.6 |     68 | hash/p1_cap\[31\]$_DFF_P_/D
      190 |       0 |      83 |       17 |      0 |    57 |    +0.2% |   -0.213 |       -2.4 |     68 | hash/p1_cap\[31\]$_DFF_P_/D
      194 |       0 |      85 |       17 |      0 |    59 |    +0.2% |   -0.213 |       -2.2 |     66 | hash/p1_cap\[31\]$_DFF_P_/D
      200 |       0 |      86 |       17 |      0 |    63 |    +0.2% |   -0.213 |       -2.3 |     66 | hash/p1_cap\[31\]$_DFF_P_/D
      206 |       0 |      86 |       17 |      0 |    59 |    +0.2% |   -0.213 |       -2.2 |     66 | hash/p1_cap\[31\]$_DFF_P_/D
      208 |       0 |      86 |       17 |      0 |    60 |    +0.2% |   -0.213 |       -2.1 |     66 | hash/p1_cap\[31\]$_DFF_P_/D
      210 |       0 |      87 |       17 |      0 |    60 |    +0.2% |   -0.213 |       -2.2 |     66 | hash/p1_cap\[31\]$_DFF_P_/D
      218 |       0 |      93 |       17 |      0 |    62 |    +0.2% |   -0.213 |       -2.1 |     64 | hash/p1_cap\[31\]$_DFF_P_/D
      220 |       0 |      94 |       17 |      0 |    62 |    +0.2% |   -0.213 |       -2.0 |     64 | hash/p1_cap\[31\]$_DFF_P_/D
      221 |       0 |      95 |       17 |      0 |    62 |    +0.2% |   -0.213 |       -2.0 |     62 | hash/p1_cap\[31\]$_DFF_P_/D
      230 |       0 |      95 |       17 |      0 |    70 |    +0.2% |   -0.213 |       -2.0 |     62 | hash/p1_cap\[31\]$_DFF_P_/D
      233 |       0 |      95 |       17 |      0 |    66 |    +0.2% |   -0.213 |       -2.0 |     62 | hash/p1_cap\[31\]$_DFF_P_/D
      234 |       0 |      95 |       17 |      0 |    66 |    +0.2% |   -0.213 |       -2.0 |     61 | hash/p1_cap\[31\]$_DFF_P_/D
      235 |       0 |      95 |       17 |      0 |    66 |    +0.2% |   -0.213 |       -2.0 |     60 | hash/p1_cap\[31\]$_DFF_P_/D
      236 |       0 |      95 |       17 |      0 |    66 |    +0.2% |   -0.213 |       -2.0 |     59 | hash/p1_cap\[31\]$_DFF_P_/D
      239 |       0 |      95 |       17 |      0 |    66 |    +0.2% |   -0.213 |       -2.0 |     59 | hash/p1_cap\[31\]$_DFF_P_/D
      240 |       0 |      95 |       17 |      0 |    66 |    +0.2% |   -0.213 |       -2.0 |     59 | hash/p1_cap\[31\]$_DFF_P_/D
      240 |       0 |      95 |       17 |      0 |    66 |    +0.2% |   -0.213 |       -2.0 |     58 | hash/p1_cap\[31\]$_DFF_P_/D
      241 |       0 |      95 |       17 |      0 |    66 |    +0.2% |   -0.213 |       -2.0 |     57 | hash/p1_cap\[31\]$_DFF_P_/D
      242 |       0 |      95 |       17 |      0 |    66 |    +0.2% |   -0.213 |       -2.0 |     56 | hash/p1_cap\[31\]$_DFF_P_/D
      243 |       0 |      95 |       17 |      0 |    66 |    +0.2% |   -0.213 |       -2.0 |     55 | hash/p1_cap\[31\]$_DFF_P_/D
      250 |       0 |      99 |       19 |      0 |    67 |    +0.2% |   -0.201 |       -1.7 |     54 | hash/p2_cap\[30\]$_DFF_P_/D
      250 |       0 |      99 |       19 |      0 |    67 |    +0.2% |   -0.201 |       -1.7 |     53 | hash/p2_cap\[30\]$_DFF_P_/D
      252 |       0 |      99 |       19 |      1 |    67 |    +0.2% |   -0.201 |       -1.1 |     51 | hash/p2_cap\[30\]$_DFF_P_/D
      253 |       0 |      99 |       19 |      1 |    67 |    +0.2% |   -0.201 |       -1.1 |     50 | hash/p2_cap\[30\]$_DFF_P_/D
      254 |       0 |      99 |       19 |      1 |    67 |    +0.2% |   -0.201 |       -1.1 |     49 | hash/p2_cap\[30\]$_DFF_P_/D
      255 |       0 |      99 |       19 |      1 |    67 |    +0.2% |   -0.201 |       -1.1 |     48 | hash/p2_cap\[30\]$_DFF_P_/D
      256 |       0 |      99 |       19 |      1 |    67 |    +0.2% |   -0.201 |       -1.1 |     47 | hash/p2_cap\[30\]$_DFF_P_/D
      257 |       0 |      99 |       19 |      1 |    67 |    +0.2% |   -0.201 |       -1.1 |     46 | hash/p2_cap\[30\]$_DFF_P_/D
      258 |       0 |      99 |       19 |      1 |    67 |    +0.2% |   -0.201 |       -1.1 |     45 | hash/p2_cap\[30\]$_DFF_P_/D
      259 |       0 |      99 |       19 |      1 |    67 |    +0.2% |   -0.201 |       -1.1 |     44 | hash/p2_cap\[30\]$_DFF_P_/D
      260 |       0 |      99 |       19 |      1 |    67 |    +0.2% |   -0.201 |       -1.1 |     44 | hash/p2_cap\[30\]$_DFF_P_/D
      260 |       0 |      99 |       19 |      1 |    67 |    +0.2% |   -0.201 |       -1.1 |     43 | hash/p2_cap\[30\]$_DFF_P_/D
      261 |       0 |      99 |       19 |      1 |    67 |    +0.2% |   -0.201 |       -1.1 |     42 | hash/p2_cap\[30\]$_DFF_P_/D
      262 |       0 |      99 |       19 |      1 |    67 |    +0.2% |   -0.201 |       -1.1 |     41 | hash/p2_cap\[30\]$_DFF_P_/D
      263 |       0 |      99 |       19 |      1 |    67 |    +0.2% |   -0.201 |       -1.1 |     40 | hash/p2_cap\[30\]$_DFF_P_/D
      264 |       0 |      99 |       19 |      1 |    67 |    +0.2% |   -0.201 |       -1.1 |     39 | hash/p2_cap\[30\]$_DFF_P_/D
      265 |       0 |      99 |       19 |      1 |    67 |    +0.2% |   -0.201 |       -1.1 |     38 | hash/p2_cap\[30\]$_DFF_P_/D
      266 |       0 |      99 |       19 |      1 |    67 |    +0.2% |   -0.201 |       -1.1 |     37 | hash/p2_cap\[30\]$_DFF_P_/D
      267 |       0 |      99 |       19 |      1 |    67 |    +0.2% |   -0.201 |       -1.1 |     36 | hash/p2_cap\[30\]$_DFF_P_/D
      268 |       0 |      99 |       19 |      1 |    67 |    +0.2% |   -0.201 |       -1.1 |     35 | hash/p2_cap\[30\]$_DFF_P_/D
      269 |       0 |      99 |       19 |      1 |    67 |    +0.2% |   -0.201 |       -1.1 |     34 | hash/p2_cap\[30\]$_DFF_P_/D
      270 |       0 |      99 |       19 |      1 |    67 |    +0.2% |   -0.201 |       -1.1 |     34 | hash/p2_cap\[30\]$_DFF_P_/D
      270 |       0 |      99 |       19 |      1 |    67 |    +0.2% |   -0.201 |       -1.1 |     33 | hash/p2_cap\[30\]$_DFF_P_/D
      271 |       0 |      99 |       19 |      1 |    67 |    +0.2% |   -0.201 |       -1.1 |     32 | hash/p2_cap\[30\]$_DFF_P_/D
      273 |       0 |      99 |       19 |      2 |    67 |    +0.2% |   -0.201 |       -1.1 |     30 | hash/p2_cap\[30\]$_DFF_P_/D
      274 |       0 |      99 |       19 |      2 |    67 |    +0.2% |   -0.201 |       -1.1 |     29 | hash/p2_cap\[30\]$_DFF_P_/D
      275 |       0 |      99 |       19 |      2 |    67 |    +0.2% |   -0.201 |       -1.1 |     28 | hash/p2_cap\[30\]$_DFF_P_/D
      276 |       0 |      99 |       19 |      2 |    67 |    +0.2% |   -0.201 |       -1.1 |     27 | hash/p2_cap\[30\]$_DFF_P_/D
      277 |       0 |      99 |       19 |      2 |    67 |    +0.2% |   -0.201 |       -1.1 |     26 | hash/p2_cap\[30\]$_DFF_P_/D
      278 |       0 |      99 |       19 |      2 |    67 |    +0.2% |   -0.201 |       -1.1 |     25 | hash/p2_cap\[30\]$_DFF_P_/D
      279 |       0 |      99 |       19 |      2 |    67 |    +0.2% |   -0.201 |       -1.1 |     24 | hash/p2_cap\[30\]$_DFF_P_/D
      280 |       0 |      99 |       19 |      2 |    67 |    +0.2% |   -0.201 |       -1.1 |     24 | hash/p2_cap\[30\]$_DFF_P_/D
      280 |       0 |      99 |       19 |      2 |    67 |    +0.2% |   -0.201 |       -1.1 |     23 | hash/p2_cap\[30\]$_DFF_P_/D
      281 |       0 |      99 |       19 |      2 |    67 |    +0.2% |   -0.201 |       -1.1 |     22 | hash/p2_cap\[30\]$_DFF_P_/D
      282 |       0 |      99 |       19 |      2 |    67 |    +0.2% |   -0.201 |       -1.1 |     21 | hash/p2_cap\[30\]$_DFF_P_/D
      284 |       0 |     100 |       19 |      2 |    67 |    +0.2% |   -0.201 |       -0.7 |     19 | hash/p2_cap\[30\]$_DFF_P_/D
      285 |       0 |     100 |       19 |      2 |    67 |    +0.2% |   -0.201 |       -0.7 |     18 | hash/p2_cap\[30\]$_DFF_P_/D
      286 |       0 |     100 |       19 |      2 |    67 |    +0.2% |   -0.201 |       -0.7 |     17 | hash/p2_cap\[30\]$_DFF_P_/D
      287 |       0 |     100 |       19 |      2 |    67 |    +0.2% |   -0.201 |       -0.7 |     16 | hash/p2_cap\[30\]$_DFF_P_/D
      288 |       0 |     100 |       19 |      2 |    67 |    +0.2% |   -0.201 |       -0.7 |     15 | hash/p2_cap\[30\]$_DFF_P_/D
      289 |       0 |     100 |       19 |      2 |    67 |    +0.2% |   -0.201 |       -0.7 |     14 | hash/p2_cap\[30\]$_DFF_P_/D
      290 |       0 |     100 |       19 |      2 |    67 |    +0.2% |   -0.201 |       -0.7 |     14 | hash/p2_cap\[30\]$_DFF_P_/D
      290 |       0 |     100 |       19 |      2 |    67 |    +0.2% |   -0.201 |       -0.7 |     13 | hash/p2_cap\[30\]$_DFF_P_/D
      291 |       0 |     100 |       19 |      2 |    67 |    +0.2% |   -0.201 |       -0.7 |     12 | hash/p2_cap\[30\]$_DFF_P_/D
      292 |       0 |     100 |       19 |      2 |    67 |    +0.2% |   -0.201 |       -0.7 |     11 | hash/p2_cap\[30\]$_DFF_P_/D
      293 |       0 |     100 |       19 |      2 |    67 |    +0.2% |   -0.201 |       -0.7 |     10 | hash/p2_cap\[30\]$_DFF_P_/D
      294 |       0 |     100 |       19 |      2 |    67 |    +0.2% |   -0.201 |       -0.7 |      9 | hash/p2_cap\[30\]$_DFF_P_/D
      295 |       0 |     100 |       19 |      2 |    67 |    +0.2% |   -0.201 |       -0.7 |      8 | hash/p2_cap\[30\]$_DFF_P_/D
      296 |       0 |     100 |       19 |      2 |    67 |    +0.2% |   -0.201 |       -0.7 |      7 | hash/p2_cap\[30\]$_DFF_P_/D
      297 |       0 |     100 |       19 |      2 |    67 |    +0.2% |   -0.201 |       -0.7 |      6 | hash/p2_cap\[30\]$_DFF_P_/D
      298 |       0 |     100 |       19 |      2 |    67 |    +0.2% |   -0.201 |       -0.7 |      5 | hash/p2_cap\[30\]$_DFF_P_/D
      299 |       0 |     100 |       19 |      2 |    67 |    +0.2% |   -0.201 |       -0.7 |      4 | hash/p2_cap\[30\]$_DFF_P_/D
      300 |       0 |     100 |       19 |      2 |    67 |    +0.2% |   -0.201 |       -0.7 |      4 | hash/p2_cap\[30\]$_DFF_P_/D
      300 |       0 |     100 |       19 |      2 |    67 |    +0.2% |   -0.201 |       -0.7 |      3 | hash/p2_cap\[30\]$_DFF_P_/D
      301 |       0 |     100 |       19 |      2 |    67 |    +0.2% |   -0.201 |       -0.7 |      2 | hash/p2_cap\[30\]$_DFF_P_/D
      302 |       0 |     100 |       19 |      2 |    67 |    +0.2% |   -0.201 |       -0.7 |      1 | hash/p2_cap\[30\]$_DFF_P_/D
      303 |       0 |     100 |       19 |      2 |    67 |    +0.2% |   -0.201 |       -0.7 |      0 | hash/p2_cap\[30\]$_DFF_P_/D
      304 |       0 |     100 |       19 |      2 |    67 |    +0.2% |   -0.201 |       -0.7 |      0 | hash/p2_cap\[30\]$_DFF_P_/D
      305 |       0 |     100 |       19 |      2 |    67 |    +0.2% |   -0.201 |       -0.7 |      0 | hash/p2_cap\[30\]$_DFF_P_/D
      306 |       0 |     100 |       19 |      2 |    67 |    +0.2% |   -0.201 |       -0.7 |      0 | hash/p2_cap\[30\]$_DFF_P_/D
     307* |       0 |     100 |       19 |      2 |    67 |    +0.2% |   -0.201 |       -0.7 |     11 | hash/p2_cap\[30\]$_DFF_P_/D
     308* |       0 |     100 |       19 |      2 |    67 |    +0.2% |   -0.201 |       -0.7 |     11 | hash/p2_cap\[30\]$_DFF_P_/D
     309* |       0 |     100 |       19 |      2 |    67 |    +0.2% |   -0.201 |       -0.7 |     11 | hash/p2_cap\[30\]$_DFF_P_/D
     310* |       0 |     100 |       19 |      2 |    67 |    +0.2% |   -0.201 |       -0.7 |     11 | hash/p2_cap\[30\]$_DFF_P_/D
     310* |       0 |     100 |       19 |      2 |    67 |    +0.2% |   -0.201 |       -0.7 |     11 | hash/p2_cap\[30\]$_DFF_P_/D
     311* |       0 |     100 |       19 |      2 |    67 |    +0.2% |   -0.201 |       -0.7 |     11 | hash/p2_cap\[30\]$_DFF_P_/D
     314* |       0 |     102 |       19 |      2 |    67 |    +0.2% |   -0.201 |       -0.7 |     11 | hash/p2_cap\[30\]$_DFF_P_/D
     316* |       0 |     103 |       19 |      2 |    67 |    +0.2% |   -0.201 |       -0.6 |      9 | hash/p2_cap\[30\]$_DFF_P_/D
     317* |       0 |     103 |       19 |      2 |    67 |    +0.2% |   -0.201 |       -0.6 |      8 | hash/p2_cap\[30\]$_DFF_P_/D
     319* |       0 |     104 |       19 |      2 |    67 |    +0.2% |   -0.201 |       -0.6 |      6 | hash/p2_cap\[30\]$_DFF_P_/D
     320* |       0 |     104 |       19 |      2 |    67 |    +0.2% |   -0.201 |       -0.6 |      6 | hash/p2_cap\[30\]$_DFF_P_/D
     320* |       0 |     104 |       19 |      2 |    67 |    +0.2% |   -0.201 |       -0.6 |      5 | hash/p2_cap\[30\]$_DFF_P_/D
     321* |       0 |     104 |       19 |      2 |    67 |    +0.2% |   -0.201 |       -0.6 |      4 | hash/p2_cap\[30\]$_DFF_P_/D
    final |       0 |     104 |       19 |      2 |    67 |    +0.2% |   -0.201 |       -0.6 |      4 | hash/p2_cap\[30\]$_DFF_P_/D
--------------------------------------------------------------------------------------------------------------
[INFO RSZ-0040] Inserted 11 buffers.
[INFO RSZ-0041] Resized 104 instances.
[INFO RSZ-0043] Swapped pins on 67 instances.
[INFO RSZ-0049] Cloned 2 instances.
[WARNING RSZ-0062] Unable to repair all setup violations.
[INFO RSZ-0033] No hold violations found.
global_route -start_incremental
detailed_placement
Placement Analysis
---------------------------------
total displacement        586.2 u
average displacement        0.0 u
max displacement           24.8 u
original HPWL          761886.7 u
legalized HPWL         762424.8 u
delta HPWL                    0 %

global_route -end_incremental -congestion_report_file ./reports/sky130hd/sha256_unrolled_pipelined/base/congestion_post_repair_timing.rpt
global_route -start_incremental
Downsizing/switching to higher Vt for non critical gates for power recovery
Percent of paths optimized 100
tns -0.65
wns -0.20
Group                  Internal  Switching    Leakage      Total
                          Power      Power      Power      Power (Watts)
----------------------------------------------------------------
Sequential             1.85e-02   2.71e-03   2.80e-08   2.12e-02   5.5%
Combinational          1.45e-01   2.10e-01   6.58e-08   3.54e-01  91.2%
Clock                  7.02e-03   5.76e-03   5.19e-09   1.28e-02   3.3%
Macro                  0.00e+00   0.00e+00   0.00e+00   0.00e+00   0.0%
Pad                    0.00e+00   0.00e+00   0.00e+00   0.00e+00   0.0%
----------------------------------------------------------------
Total                  1.70e-01   2.18e-01   9.90e-08   3.88e-01 100.0%
                          43.9%      56.1%       0.0%
repair_timing -verbose -recover_power 100
Iteration |   Area    |  Resized |   WNS    | Endpt
---------------------------------------------------
        0 |     +0.0% |        0 |   -0.201 | hash/p2_cap\[30\]$_DFF_P_/D
      100 |     -0.0% |       51 |   -0.200 | hash/p2_cap\[30\]$_DFF_P_/D
      200 |     -0.0% |       55 |   -0.200 | hash/p2_cap\[30\]$_DFF_P_/D
      300 |     -0.0% |       65 |   -0.195 | hash/p2_cap\[30\]$_DFF_P_/D
      400 |     -0.0% |       77 |   -0.195 | hash/p2_cap\[30\]$_DFF_P_/D
      500 |     -0.0% |       91 |   -0.195 | hash/p2_cap\[30\]$_DFF_P_/D
      600 |     -0.0% |      114 |   -0.195 | hash/p2_cap\[30\]$_DFF_P_/D
      700 |     -0.0% |      122 |   -0.195 | hash/p2_cap\[30\]$_DFF_P_/D
      800 |     -0.0% |      127 |   -0.195 | hash/p2_cap\[30\]$_DFF_P_/D
      900 |     -0.0% |      134 |   -0.195 | hash/p2_cap\[30\]$_DFF_P_/D
     1000 |     -0.0% |      142 |   -0.195 | hash/p2_cap\[30\]$_DFF_P_/D
     1100 |     -0.0% |      143 |   -0.195 | hash/p2_cap\[30\]$_DFF_P_/D
     1200 |     -0.0% |      150 |   -0.195 | hash/p2_cap\[30\]$_DFF_P_/D
     1300 |     -0.0% |      152 |   -0.195 | hash/p2_cap\[30\]$_DFF_P_/D
     1400 |     -0.0% |      155 |   -0.195 | hash/p2_cap\[30\]$_DFF_P_/D
     1500 |     -0.0% |      155 |   -0.195 | hash/p2_cap\[30\]$_DFF_P_/D
     1600 |     -0.0% |      156 |   -0.195 | hash/p2_cap\[30\]$_DFF_P_/D
     1700 |     -0.0% |      156 |   -0.195 | hash/p2_cap\[30\]$_DFF_P_/D
     1800 |     -0.0% |      156 |   -0.195 | hash/p2_cap\[30\]$_DFF_P_/D
     1900 |     -0.0% |      156 |   -0.195 | hash/p2_cap\[30\]$_DFF_P_/D
     2000 |     -0.0% |      156 |   -0.195 | hash/p2_cap\[30\]$_DFF_P_/D
     2100 |     -0.0% |      156 |   -0.195 | hash/p2_cap\[30\]$_DFF_P_/D
     2200 |     -0.0% |      156 |   -0.195 | hash/p2_cap\[30\]$_DFF_P_/D
     2300 |     -0.0% |      156 |   -0.195 | hash/p2_cap\[30\]$_DFF_P_/D
     2400 |     -0.0% |      156 |   -0.195 | hash/p2_cap\[30\]$_DFF_P_/D
     2500 |     -0.0% |      157 |   -0.195 | hash/p2_cap\[30\]$_DFF_P_/D
     2600 |     -0.0% |      158 |   -0.195 | hash/p2_cap\[30\]$_DFF_P_/D
     2700 |     -0.0% |      187 |   -0.195 | hash/p2_cap\[30\]$_DFF_P_/D
     2800 |     -0.0% |      253 |   -0.184 | hash/p2_cap\[30\]$_DFF_P_/D
     2900 |     -0.0% |      318 |   -0.195 | hash/p2_cap\[30\]$_DFF_P_/D
     3000 |     -0.0% |      382 |   -0.195 | hash/p2_cap\[30\]$_DFF_P_/D
     3100 |     -0.0% |      455 |   -0.198 | hash/p2_cap\[30\]$_DFF_P_/D
[INFO RSZ-0142] 500 successive tries yielded negative slack. Ending power recovery
    final |     -0.0% |      502 |   -0.199 | hash/p2_cap\[30\]$_DFF_P_/D
---------------------------------------------------
[INFO RSZ-0141] Resized 502 instances.
Took 75 seconds: repair_timing -verbose -recover_power 100
tns -0.63
wns -0.20
Group                  Internal  Switching    Leakage      Total
                          Power      Power      Power      Power (Watts)
----------------------------------------------------------------
Sequential             1.85e-02   2.71e-03   2.80e-08   2.12e-02   5.5%
Combinational          1.45e-01   2.10e-01   6.58e-08   3.54e-01  91.2%
Clock                  7.02e-03   5.76e-03   5.19e-09   1.28e-02   3.3%
Macro                  0.00e+00   0.00e+00   0.00e+00   0.00e+00   0.0%
Pad                    0.00e+00   0.00e+00   0.00e+00   0.00e+00   0.0%
----------------------------------------------------------------
Total                  1.70e-01   2.18e-01   9.90e-08   3.88e-01 100.0%
                          43.8%      56.2%       0.0%
global_route -end_incremental -congestion_report_file ./reports/sky130hd/sha256_unrolled_pipelined/base/congestion_post_recover_power.rpt
Repair antennas...
[INFO GRT-0012] Found 92 antenna violations.
[INFO GRT-0302] Inserted 56 jumpers for 53 nets.
[INFO GRT-0012] Found 43 antenna violations.
[INFO GRT-0015] Inserted 148 diodes.
[INFO GRT-0012] Found 9 antenna violations.
[INFO GRT-0302] Inserted 3 jumpers for 3 nets.
[INFO GRT-0012] Found 6 antenna violations.
[INFO GRT-0015] Inserted 20 diodes.
[INFO GRT-0012] Found 2 antenna violations.
[INFO GRT-0302] Inserted 1 jumpers for 1 nets.
[INFO GRT-0012] Found 1 antenna violations.
[INFO GRT-0015] Inserted 1 diodes.
[INFO GRT-0012] Found 0 antenna violations.
[INFO ANT-0002] Found 0 net violations.
[INFO ANT-0001] Found 0 pin violations.
Estimate parasitics...
Report metrics stage 5, global route...

==========================================================================
global route report_design_area
--------------------------------------------------------------------------
Design area 267410 u^2 47% utilization.
[INFO FLW-0007] clock core_clock period 10.000000
[INFO FLW-0008] Clock core_clock period 9.700
[INFO FLW-0009] Clock core_clock slack -0.210
[INFO FLW-0011] Path endpoint path count 5917
Elapsed time: 4:52.93[h:]min:sec. CPU time: user 1452.75 sys 0.83 (496%). Peak memory: 1317252KB.
