OpenROAD v2.0-19814-g250e48e05 
Features included (+) or not (-): +GPU +GUI +Python
This program is licensed under the BSD-3 license. See the LICENSE file for details.
Components of this program may be licensed under more restrictive licenses which must be honored.
[INFO ORD-0030] Using 8 thread(s).
global_placement -skip_io -density 0.62 -pad_left 0 -pad_right 0
[INFO GPL-0002] DBU: 1000
[INFO GPL-0003] SiteSize: (  0.460  2.720 ) um
[INFO GPL-0004] CoreBBox: (  1.380  2.720 ) ( 926.440 924.800 ) um
[INFO GPL-0006] NumInstances:             26482
[INFO GPL-0007] NumPlaceInstances:        15059
[INFO GPL-0008] NumFixedInstances:        11423
[INFO GPL-0009] NumDummyInstances:            0
[INFO GPL-0010] NumNets:                  16335
[INFO GPL-0011] NumPins:                  64297
[INFO GPL-0012] DieBBox:  (  0.000  0.000 ) ( 927.825 927.825 ) um
[INFO GPL-0013] CoreBBox: (  1.380  2.720 ) ( 926.440 924.800 ) um
[INFO GPL-0016] CoreArea:            852979.325 um^2
[INFO GPL-0017] NonPlaceInstsArea:    14292.458 um^2
[INFO GPL-0018] PlaceInstsArea:      213370.890 um^2
[INFO GPL-0019] Util:                    25.441 %
[INFO GPL-0020] StdInstsArea:        213370.890 um^2
[INFO GPL-0021] MacroInstsArea:           0.000 um^2
[INFO GPL-0031] FillerInit:NumGCells:     37175
[INFO GPL-0032] FillerInit:NumGNets:      16335
[INFO GPL-0033] FillerInit:NumGPins:      64297
[INFO GPL-0023] TargetDensity:            0.620
[INFO GPL-0024] AvrgPlaceInstArea:       14.169 um^2
[INFO GPL-0025] IdealBinArea:            22.853 um^2
[INFO GPL-0026] IdealBinCnt:              37324
[INFO GPL-0027] TotalBinArea:        852979.325 um^2
[INFO GPL-0028] BinCnt:       128    128
[INFO GPL-0029] BinSize: (  7.228  7.204 )
[INFO GPL-0030] NumBins: 16384
[NesterovSolve] Iter:    1 overflow: 0.999 HPWL: 57118855
[NesterovSolve] Iter:   10 overflow: 0.998 HPWL: 25473766
[NesterovSolve] Iter:   20 overflow: 0.998 HPWL: 23016781
[NesterovSolve] Iter:   30 overflow: 0.998 HPWL: 22900579
[NesterovSolve] Iter:   40 overflow: 0.998 HPWL: 22623625
[NesterovSolve] Iter:   50 overflow: 0.998 HPWL: 22515221
[NesterovSolve] Iter:   60 overflow: 0.998 HPWL: 22362531
[NesterovSolve] Iter:   70 overflow: 0.998 HPWL: 22230052
[NesterovSolve] Iter:   80 overflow: 0.998 HPWL: 22102198
[NesterovSolve] Iter:   90 overflow: 0.998 HPWL: 22008891
[NesterovSolve] Iter:  100 overflow: 0.998 HPWL: 22034125
[NesterovSolve] Iter:  110 overflow: 0.998 HPWL: 22447773
[NesterovSolve] Iter:  120 overflow: 0.997 HPWL: 23443244
[NesterovSolve] Iter:  130 overflow: 0.996 HPWL: 25563053
[NesterovSolve] Iter:  140 overflow: 0.996 HPWL: 29774564
[NesterovSolve] Iter:  150 overflow: 0.993 HPWL: 37970921
[NesterovSolve] Iter:  160 overflow: 0.989 HPWL: 53966469
[NesterovSolve] Iter:  170 overflow: 0.980 HPWL: 74903391
[NesterovSolve] Iter:  180 overflow: 0.968 HPWL: 98676581
[NesterovSolve] Iter:  190 overflow: 0.954 HPWL: 124778338
[NesterovSolve] Iter:  200 overflow: 0.937 HPWL: 150256711
[NesterovSolve] Iter:  210 overflow: 0.917 HPWL: 168515442
[NesterovSolve] Iter:  220 overflow: 0.895 HPWL: 187187560
[NesterovSolve] Iter:  230 overflow: 0.869 HPWL: 214166884
[NesterovSolve] Iter:  240 overflow: 0.837 HPWL: 246688406
[NesterovSolve] Iter:  250 overflow: 0.799 HPWL: 274321809
[NesterovSolve] Iter:  260 overflow: 0.759 HPWL: 300308578
[NesterovSolve] Iter:  270 overflow: 0.716 HPWL: 319265069
[NesterovSolve] Iter:  280 overflow: 0.668 HPWL: 336768121
[NesterovSolve] Iter:  290 overflow: 0.626 HPWL: 351027370
[NesterovSolve] Iter:  300 overflow: 0.583 HPWL: 370861247
[NesterovSolve] Iter:  310 overflow: 0.541 HPWL: 387524646
[NesterovSolve] Iter:  320 overflow: 0.503 HPWL: 394417149
[NesterovSolve] Iter:  330 overflow: 0.459 HPWL: 397950141
[NesterovSolve] Iter:  340 overflow: 0.410 HPWL: 405051291
[NesterovSolve] Iter:  350 overflow: 0.366 HPWL: 408613432
[NesterovSolve] Iter:  360 overflow: 0.324 HPWL: 411629340
[NesterovSolve] Iter:  370 overflow: 0.289 HPWL: 413066017
[NesterovSolve] Iter:  380 overflow: 0.256 HPWL: 416216671
[NesterovSolve] Iter:  390 overflow: 0.225 HPWL: 418835680
[NesterovSolve] Iter:  400 overflow: 0.194 HPWL: 421293943
[NesterovSolve] Iter:  410 overflow: 0.171 HPWL: 423836258
[NesterovSolve] Iter:  420 overflow: 0.149 HPWL: 425971371
[NesterovSolve] Iter:  430 overflow: 0.130 HPWL: 428042752
[NesterovSolve] Iter:  440 overflow: 0.112 HPWL: 429615213
[NesterovSolve] Finished with Overflow: 0.099503
Took 35 seconds: global_placement -skip_io -density 0.62 -pad_left 0 -pad_right 0
Elapsed time: 0:36.13[h:]min:sec. CPU time: user 273.63 sys 0.69 (759%). Peak memory: 200332KB.
