OpenROAD v2.0-19814-g250e48e05 
Features included (+) or not (-): +GPU +GUI +Python
This program is licensed under the BSD-3 license. See the LICENSE file for details.
Components of this program may be licensed under more restrictive licenses which must be honored.
[INFO ORD-0030] Using 8 thread(s).
[WARNING FIN-0010] Skipping layer nwell.
[WARNING FIN-0010] Skipping layer pwell.
[WARNING FIN-0010] Skipping layer li1.
[WARNING FIN-0010] Skipping layer mcon.
[INFO FIN-0003] Filling layer met1.
[INFO FIN-0009] Filling 0 areas with non-OPC fill.
[INFO FIN-0004] Total fills: 0.
[WARNING FIN-0010] Skipping layer via.
[INFO FIN-0003] Filling layer met2.
[INFO FIN-0009] Filling 165 areas with non-OPC fill.
[INFO FIN-0004] Total fills: 55849.
[WARNING FIN-0010] Skipping layer via2.
[INFO FIN-0003] Filling layer met3.
[INFO FIN-0009] Filling 1053 areas with non-OPC fill.
[INFO FIN-0004] Total fills: 116168.
[WARNING FIN-0010] Skipping layer via3.
[INFO FIN-0003] Filling layer met4.
[INFO FIN-0009] Filling 278 areas with non-OPC fill.
[INFO FIN-0004] Total fills: 183039.
[WARNING FIN-0010] Skipping layer via4.
[INFO FIN-0003] Filling layer met5.
[INFO FIN-0009] Filling 23 areas with non-OPC fill.
[INFO FIN-0004] Total fills: 193255.
Elapsed time: 0:04.42[h:]min:sec. CPU time: user 4.21 sys 0.21 (99%). Peak memory: 339776KB.
