OpenROAD v2.0-19814-g250e48e05 
Features included (+) or not (-): +GPU +GUI +Python
This program is licensed under the BSD-3 license. See the LICENSE file for details.
Components of this program may be licensed under more restrictive licenses which must be honored.
[INFO ORD-0030] Using 8 thread(s).
[INFO DRT-0149] Reading tech and libs.
[WARNING DRT-0349] LEF58_ENCLOSURE with no CUTCLASS is not supported. Skipping for layer mcon
[WARNING DRT-0349] LEF58_ENCLOSURE with no CUTCLASS is not supported. Skipping for layer mcon
[WARNING DRT-0349] LEF58_ENCLOSURE with no CUTCLASS is not supported. Skipping for layer via
[WARNING DRT-0349] LEF58_ENCLOSURE with no CUTCLASS is not supported. Skipping for layer via
[WARNING DRT-0349] LEF58_ENCLOSURE with no CUTCLASS is not supported. Skipping for layer via2
[WARNING DRT-0349] LEF58_ENCLOSURE with no CUTCLASS is not supported. Skipping for layer via2
[WARNING DRT-0349] LEF58_ENCLOSURE with no CUTCLASS is not supported. Skipping for layer via3
[WARNING DRT-0349] LEF58_ENCLOSURE with no CUTCLASS is not supported. Skipping for layer via3
[WARNING DRT-0349] LEF58_ENCLOSURE with no CUTCLASS is not supported. Skipping for layer via4
[WARNING DRT-0349] LEF58_ENCLOSURE with no CUTCLASS is not supported. Skipping for layer via4

Units:                1000
Number of layers:     13
Number of macros:     441
Number of vias:       29
Number of viarulegen: 25

[INFO DRT-0150] Reading design.
[WARNING DRT-0120] Large net net404 has 116 pins which may impact routing performance. Consider optimization.
[WARNING DRT-0120] Large net net403 has 115 pins which may impact routing performance. Consider optimization.

Design:                   sha256_unrolled_pipelined
Die area:                 ( 0 0 ) ( 757070 757070 )
Number of track patterns: 12
Number of DEF vias:       0
Number of components:     25602
Number of terminals:      771
Number of snets:          2
Number of nets:           19335

[INFO DRT-0167] List of default vias:
  Layer via
    default via: M1M2_PR
  Layer via2
    default via: M2M3_PR
  Layer via3
    default via: M3M4_PR
  Layer via4
    default via: M4M5_PR
[INFO DRT-0162] Library cell analysis.
[INFO DRT-0163] Instance analysis.
[INFO DRT-0164] Number of unique instances = 360.
[INFO DRT-0168] Init region query.
[INFO DRT-0024]   Complete FR_MASTERSLICE.
[INFO DRT-0024]   Complete Fr_VIA.
[INFO DRT-0024]   Complete li1.
[INFO DRT-0024]   Complete mcon.
[INFO DRT-0024]   Complete met1.
[INFO DRT-0024]   Complete via.
[INFO DRT-0024]   Complete met2.
[INFO DRT-0024]   Complete via2.
[INFO DRT-0024]   Complete met3.
[INFO DRT-0024]   Complete via3.
[INFO DRT-0024]   Complete met4.
[INFO DRT-0024]   Complete via4.
[INFO DRT-0024]   Complete met5.
[INFO DRT-0033] FR_MASTERSLICE shape region query size = 0.
[INFO DRT-0033] FR_VIA shape region query size = 0.
[INFO DRT-0033] li1 shape region query size = 769596.
[INFO DRT-0033] mcon shape region query size = 503901.
[INFO DRT-0033] met1 shape region query size = 161522.
[INFO DRT-0033] via shape region query size = 38090.
[INFO DRT-0033] met2 shape region query size = 23220.
[INFO DRT-0033] via2 shape region query size = 30472.
[INFO DRT-0033] met3 shape region query size = 23259.
[INFO DRT-0033] via3 shape region query size = 30472.
[INFO DRT-0033] met4 shape region query size = 9186.
[INFO DRT-0033] via4 shape region query size = 1513.
[INFO DRT-0033] met5 shape region query size = 1568.
[INFO DRT-0165] Start pin access.
[INFO DRT-0076]   Complete 1000 pins.
[INFO DRT-0076]   Complete 2000 pins.
[INFO DRT-0078]   Complete 2972 pins.
[INFO DRT-0079]   Complete 100 unique inst patterns.
[INFO DRT-0079]   Complete 200 unique inst patterns.
[INFO DRT-0079]   Complete 300 unique inst patterns.
[INFO DRT-0081]   Complete 360 unique inst patterns.
[INFO DRT-0082]   Complete 10000 groups.
[INFO DRT-0084]   Complete 11916 groups.
#scanned instances     = 25602
#unique  instances     = 360
#stdCellGenAp          = 12660
#stdCellValidPlanarAp  = 176
#stdCellValidViaAp     = 8603
#stdCellPinNoAp        = 10
#stdCellPinCnt         = 72266
#instTermValidViaApCnt = 0
#macroGenAp            = 0
#macroValidPlanarAp    = 0
#macroValidViaAp       = 0
#macroNoAp             = 0
[INFO DRT-0166] Complete pin access.
[INFO DRT-0267] cpu time = 00:16:48, elapsed time = 00:02:12, memory = 308.09 (MB), peak = 321.67 (MB)
global_route -congestion_report_file ./reports/sky130hd/sha256_unrolled_pipelined/base/congestion.rpt -congestion_iterations 30 -congestion_report_iter_step 5 -verbose
[INFO GRT-0020] Min routing layer: met1
[INFO GRT-0021] Max routing layer: met5
[INFO GRT-0022] Global adjustment: 0%
[INFO GRT-0023] Grid origin: (0, 0)
[INFO GRT-0043] No OR_DEFAULT vias defined.
[INFO GRT-0088] Layer li1     Track-Pitch = 0.4600  line-2-Via Pitch: 0.3400
[INFO GRT-0088] Layer met1    Track-Pitch = 0.3400  line-2-Via Pitch: 0.3400
[INFO GRT-0088] Layer met2    Track-Pitch = 0.4600  line-2-Via Pitch: 0.3500
[INFO GRT-0088] Layer met3    Track-Pitch = 0.6800  line-2-Via Pitch: 0.6150
[INFO GRT-0088] Layer met4    Track-Pitch = 0.9200  line-2-Via Pitch: 1.0400
[INFO GRT-0088] Layer met5    Track-Pitch = 3.4000  line-2-Via Pitch: 3.1100
[INFO GRT-0003] Macros: 0
[INFO GRT-0043] No OR_DEFAULT vias defined.
[INFO GRT-0004] Blockages: 113477
[INFO GRT-0019] Found 336 clock nets.
[INFO GRT-0001] Minimum degree: 2
[INFO GRT-0002] Maximum degree: 116

[INFO GRT-0053] Routing resources analysis:
          Routing      Original      Derated      Resource
Layer     Direction    Resources     Resources    Reduction (%)
---------------------------------------------------------------
li1        Vertical            0             0          0.00%
met1       Horizontal     239146         98086          58.98%
met2       Vertical       179305        117504          34.47%
met3       Horizontal     119573         86940          27.29%
met4       Vertical        71940         41904          41.75%
met5       Horizontal      23871         11774          50.68%
---------------------------------------------------------------

[INFO GRT-0101] Running extra iterations to remove overflow.
[INFO GRT-0197] Via related to pin nodes: 131573
[INFO GRT-0198] Via related Steiner nodes: 4423
[INFO GRT-0199] Via filling finished.
[INFO GRT-0111] Final number of vias: 175766
[INFO GRT-0112] Final usage 3D: 672167

[INFO GRT-0096] Final congestion report:
Layer         Resource        Demand        Usage (%)    Max H / Max V / Total Overflow
---------------------------------------------------------------------------------------
li1                  0             0            0.00%             0 /  0 /  0
met1             98086         38770           39.53%             0 /  0 /  0
met2            117504         62356           53.07%             0 /  0 /  0
met3             86940         27668           31.82%             0 /  0 /  0
met4             41904         13827           33.00%             0 /  0 /  0
met5             11774          2248           19.09%             0 /  0 /  0
---------------------------------------------------------------------------------------
Total           356208        144869           40.67%             0 /  0 /  0

[INFO GRT-0018] Total wirelength: 1429521 um
[INFO GRT-0014] Routed nets: 19320
Perform buffer insertion and gate resizing...
repair_design -verbose
[INFO RSZ-0058] Using max wire length 2154um.
Iteration |   Area    | Resized | Buffers | Nets repaired | Remaining
---------------------------------------------------------------------
        0 |     +0.0% |       0 |       0 |             0 |     20133
     1000 |     +0.0% |       0 |       0 |             0 |     19133
     2000 |     +0.0% |       0 |       0 |             0 |     18133
     3000 |     +0.0% |       0 |       0 |             0 |     17133
     4000 |     +0.0% |       0 |       0 |             0 |     16133
     5000 |     +0.0% |       0 |       0 |             0 |     15133
     6000 |     +0.0% |       0 |       0 |             0 |     14133
     7000 |     +0.0% |       0 |       0 |             0 |     13133
     8000 |     +0.0% |       0 |       0 |             0 |     12133
     9000 |     +0.0% |       0 |       0 |             0 |     11133
    10000 |     +0.0% |       0 |       0 |             0 |     10133
    11000 |     +0.0% |       0 |       0 |             0 |      9133
    12000 |     +0.0% |       0 |       0 |             0 |      8133
    13000 |     +0.0% |       0 |       0 |             0 |      7133
    14000 |     +0.0% |       0 |       0 |             0 |      6133
    15000 |     +0.0% |       0 |       0 |             0 |      5133
    16000 |     +0.0% |       0 |       0 |             0 |      4133
    17000 |     +0.0% |       0 |       0 |             0 |      3133
    18000 |     +0.0% |       5 |       0 |             5 |      2133
    19000 |     +0.0% |       5 |       0 |             5 |      1133
    20000 |     +0.0% |       5 |       0 |             5 |       133
    final |     +0.0% |       5 |       0 |             5 |         0
---------------------------------------------------------------------
[INFO RSZ-0034] Found 5 slew violations.
[INFO RSZ-0039] Resized 5 instances.
global_route -start_incremental
detailed_placement
Placement Analysis
---------------------------------
total displacement          0.0 u
average displacement        0.0 u
max displacement            0.0 u
original HPWL          755166.7 u
legalized HPWL         755166.7 u
delta HPWL                    0 %

global_route -end_incremental -congestion_report_file ./reports/sky130hd/sha256_unrolled_pipelined/base/congestion_post_repair_design.rpt
Repair setup and hold violations...
repair_timing -verbose -setup_margin 0 -hold_margin 0 -repair_tns 100
[INFO RSZ-0094] Found 42 endpoints with setup violations.
[INFO RSZ-0099] Repairing 42 out of 42 (100.00%) violating endpoints...
   Iter   | Removed | Resized | Inserted | Cloned |  Pin  |   Area   |    WNS   |   TNS      |  Viol  | Worst
          | Buffers |  Gates  | Buffers  |  Gates | Swaps |          |          |            | Endpts | Endpt
--------------------------------------------------------------------------------------------------------------
        0 |       0 |       0 |        0 |      0 |     0 |    +0.0% |   -0.618 |      -11.5 |     42 | hash/p2_cap\[27\]$_DFF_P_/D
       10 |       0 |       4 |        0 |      0 |     5 |    +0.0% |   -0.593 |      -10.9 |     42 | hash/p3_cap\[29\]$_DFF_P_/D
       20 |       0 |      10 |        2 |      0 |     8 |    +0.0% |   -0.572 |       -9.8 |     42 | hash/p3_cap\[29\]$_DFF_P_/D
       30 |       0 |      16 |        5 |      0 |    11 |    +0.0% |   -0.471 |       -8.1 |     42 | hash/p3_cap\[29\]$_DFF_P_/D
       40 |       0 |      21 |        7 |      0 |    15 |    +0.0% |   -0.482 |       -7.9 |     42 | hash/p3_cap\[28\]$_DFF_P_/D
       50 |       0 |      27 |        7 |      0 |    19 |    +0.1% |   -0.454 |       -7.2 |     42 | hash/p3_cap\[29\]$_DFF_P_/D
       60 |       0 |      33 |        7 |      0 |    23 |    +0.1% |   -0.418 |       -6.6 |     42 | hash/p2_cap\[30\]$_DFF_P_/D
       70 |       0 |      36 |        7 |      0 |    30 |    +0.1% |   -0.358 |       -4.5 |     42 | hash/p2_cap\[30\]$_DFF_P_/D
       80 |       0 |      40 |        7 |      0 |    36 |    +0.1% |   -0.355 |       -4.6 |     42 | hash/p2_cap\[30\]$_DFF_P_/D
       90 |       0 |      47 |        7 |      0 |    39 |    +0.1% |   -0.332 |       -4.7 |     42 | hash/p2_cap\[30\]$_DFF_P_/D
      100 |       0 |      52 |       11 |      0 |    42 |    +0.1% |   -0.310 |       -4.0 |     42 | hash/p3_cap\[29\]$_DFF_P_/D
      110 |       0 |      57 |       11 |      0 |    47 |    +0.1% |   -0.495 |       -6.8 |     42 | hash/p3_cap\[29\]$_DFF_P_/D
      120 |       0 |      66 |       11 |      0 |    48 |    +0.1% |   -0.284 |       -3.7 |     42 | hash/p3_cap\[29\]$_DFF_P_/D
      130 |       0 |      71 |       17 |      0 |    51 |    +0.2% |   -0.241 |       -3.0 |     42 | hash/p2_cap\[31\]$_DFF_P_/D
      140 |       0 |      74 |       17 |      0 |    58 |    +0.2% |   -0.259 |       -3.2 |     42 | hash/p2_cap\[30\]$_DFF_P_/D
      150 |       0 |      75 |       17 |      0 |    67 |    +0.2% |   -0.402 |       -5.1 |     42 | hash/p2_cap\[30\]$_DFF_P_/D
      157 |       0 |      74 |       17 |      0 |    57 |    +0.2% |   -0.208 |       -2.6 |     42 | hash/p2_cap\[31\]$_DFF_P_/D
      160 |       0 |      75 |       17 |      0 |    58 |    +0.2% |   -0.247 |       -2.7 |     42 | hash/p3_cap\[23\]$_DFF_P_/D
      170 |       0 |      77 |       17 |      0 |    66 |    +0.2% |   -0.239 |       -2.6 |     42 | hash/p3_cap\[23\]$_DFF_P_/D
      172 |       0 |      74 |       17 |      0 |    57 |    +0.2% |   -0.208 |       -2.6 |     42 | hash/p2_cap\[31\]$_DFF_P_/D
      180 |       0 |      80 |       17 |      0 |    58 |    +0.2% |   -0.207 |       -2.5 |     42 | hash/p2_cap\[30\]$_DFF_P_/D
      181 |       0 |      81 |       17 |      0 |    58 |    +0.2% |   -0.207 |       -2.5 |     40 | hash/p2_cap\[30\]$_DFF_P_/D
      190 |       0 |      85 |       19 |      0 |    61 |    +0.2% |   -0.207 |       -2.3 |     40 | hash/p2_cap\[30\]$_DFF_P_/D
      200 |       0 |      93 |       19 |      0 |    63 |    +0.2% |   -0.207 |       -2.0 |     40 | hash/p2_cap\[30\]$_DFF_P_/D
      201 |       0 |      94 |       19 |      0 |    63 |    +0.2% |   -0.207 |       -2.0 |     38 | hash/p2_cap\[30\]$_DFF_P_/D
      210 |       0 |      97 |       21 |      0 |    67 |    +0.2% |   -0.211 |       -1.9 |     38 | hash/p3_cap\[28\]$_DFF_P_/D
      212 |       0 |      97 |       21 |      0 |    65 |    +0.2% |   -0.207 |       -1.9 |     37 | hash/p2_cap\[30\]$_DFF_P_/D
      217 |       0 |      98 |       21 |      0 |    65 |    +0.2% |   -0.207 |       -1.9 |     37 | hash/p2_cap\[30\]$_DFF_P_/D
      218 |       0 |      98 |       21 |      0 |    65 |    +0.2% |   -0.207 |       -1.9 |     37 | hash/p2_cap\[30\]$_DFF_P_/D
      220 |       0 |      98 |       21 |      0 |    66 |    +0.2% |   -0.207 |       -1.9 |     37 | hash/p2_cap\[30\]$_DFF_P_/D
      230 |       0 |     104 |       26 |      0 |    68 |    +0.2% |   -0.207 |       -1.8 |     37 | hash/p2_cap\[30\]$_DFF_P_/D
      232 |       0 |     105 |       26 |      0 |    69 |    +0.2% |   -0.207 |       -1.7 |     35 | hash/p2_cap\[30\]$_DFF_P_/D
      235 |       0 |     107 |       26 |      0 |    69 |    +0.2% |   -0.207 |       -1.6 |     33 | hash/p2_cap\[30\]$_DFF_P_/D
      240 |       0 |     108 |       26 |      0 |    72 |    +0.2% |   -0.207 |       -1.5 |     33 | hash/p2_cap\[30\]$_DFF_P_/D
      245 |       0 |     110 |       26 |      0 |    75 |    +0.2% |   -0.207 |       -1.4 |     31 | hash/p2_cap\[30\]$_DFF_P_/D
      247 |       0 |     110 |       26 |      0 |    76 |    +0.2% |   -0.207 |       -1.4 |     29 | hash/p2_cap\[30\]$_DFF_P_/D
      250 |       0 |     110 |       26 |      0 |    78 |    +0.2% |   -0.219 |       -1.4 |     29 | hash/p3_cap\[28\]$_DFF_P_/D
      260 |       0 |     116 |       26 |      0 |    82 |    +0.3% |   -0.242 |       -1.4 |     29 | hash/p2_cap\[30\]$_DFF_P_/D
      266 |       0 |     112 |       26 |      0 |    78 |    +0.2% |   -0.207 |       -1.3 |     29 | hash/p2_cap\[30\]$_DFF_P_/D
      267 |       0 |     112 |       26 |      0 |    78 |    +0.2% |   -0.207 |       -1.3 |     28 | hash/p2_cap\[30\]$_DFF_P_/D
      270 |       0 |     113 |       26 |      0 |    79 |    +0.2% |   -0.227 |       -1.4 |     28 | hash/p2_cap\[30\]$_DFF_P_/D
      272 |       0 |     112 |       26 |      0 |    78 |    +0.2% |   -0.207 |       -1.3 |     28 | hash/p2_cap\[30\]$_DFF_P_/D
      274 |       0 |     113 |       26 |      0 |    78 |    +0.2% |   -0.207 |       -1.3 |     26 | hash/p2_cap\[30\]$_DFF_P_/D
      275 |       0 |     113 |       26 |      0 |    78 |    +0.2% |   -0.207 |       -1.3 |     25 | hash/p2_cap\[30\]$_DFF_P_/D
      276 |       0 |     113 |       26 |      0 |    78 |    +0.2% |   -0.207 |       -1.3 |     24 | hash/p2_cap\[30\]$_DFF_P_/D
      277 |       0 |     113 |       26 |      0 |    78 |    +0.2% |   -0.207 |       -1.3 |     23 | hash/p2_cap\[30\]$_DFF_P_/D
      280 |       0 |     113 |       26 |      0 |    80 |    +0.2% |   -0.208 |       -1.3 |     23 | hash/p2_cap\[30\]$_DFF_P_/D
      280 |       0 |     113 |       26 |      0 |    78 |    +0.2% |   -0.207 |       -1.3 |     23 | hash/p2_cap\[30\]$_DFF_P_/D
      281 |       0 |     113 |       26 |      0 |    78 |    +0.2% |   -0.207 |       -1.3 |     22 | hash/p2_cap\[30\]$_DFF_P_/D
      282 |       0 |     113 |       26 |      0 |    78 |    +0.2% |   -0.207 |       -1.3 |     21 | hash/p2_cap\[30\]$_DFF_P_/D
      283 |       0 |     113 |       26 |      0 |    78 |    +0.2% |   -0.207 |       -1.3 |     20 | hash/p2_cap\[30\]$_DFF_P_/D
      284 |       0 |     113 |       26 |      0 |    78 |    +0.2% |   -0.207 |       -1.3 |     19 | hash/p2_cap\[30\]$_DFF_P_/D
      285 |       0 |     113 |       26 |      0 |    78 |    +0.2% |   -0.207 |       -1.3 |     18 | hash/p2_cap\[30\]$_DFF_P_/D
      286 |       0 |     113 |       26 |      0 |    78 |    +0.2% |   -0.207 |       -1.3 |     17 | hash/p2_cap\[30\]$_DFF_P_/D
      287 |       0 |     113 |       26 |      0 |    78 |    +0.2% |   -0.207 |       -1.3 |     16 | hash/p2_cap\[30\]$_DFF_P_/D
      288 |       0 |     113 |       26 |      0 |    78 |    +0.2% |   -0.207 |       -1.3 |     15 | hash/p2_cap\[30\]$_DFF_P_/D
      289 |       0 |     113 |       26 |      0 |    78 |    +0.2% |   -0.207 |       -1.3 |     14 | hash/p2_cap\[30\]$_DFF_P_/D
      290 |       0 |     113 |       26 |      0 |    78 |    +0.2% |   -0.207 |       -1.3 |     14 | hash/p2_cap\[30\]$_DFF_P_/D
      290 |       0 |     113 |       26 |      0 |    78 |    +0.2% |   -0.207 |       -1.3 |     13 | hash/p2_cap\[30\]$_DFF_P_/D
      291 |       0 |     113 |       26 |      0 |    78 |    +0.2% |   -0.207 |       -1.3 |     12 | hash/p2_cap\[30\]$_DFF_P_/D
      292 |       0 |     113 |       26 |      0 |    78 |    +0.2% |   -0.207 |       -1.3 |     11 | hash/p2_cap\[30\]$_DFF_P_/D
      295 |       0 |     115 |       26 |      0 |    78 |    +0.2% |   -0.207 |       -1.1 |      9 | hash/p2_cap\[30\]$_DFF_P_/D
      296 |       0 |     115 |       26 |      0 |    78 |    +0.2% |   -0.207 |       -1.1 |      8 | hash/p2_cap\[30\]$_DFF_P_/D
      297 |       0 |     115 |       26 |      0 |    78 |    +0.2% |   -0.207 |       -1.1 |      7 | hash/p2_cap\[30\]$_DFF_P_/D
      298 |       0 |     115 |       26 |      0 |    78 |    +0.2% |   -0.207 |       -1.1 |      6 | hash/p2_cap\[30\]$_DFF_P_/D
      299 |       0 |     115 |       26 |      0 |    78 |    +0.2% |   -0.207 |       -1.1 |      5 | hash/p2_cap\[30\]$_DFF_P_/D
      300 |       0 |     115 |       26 |      0 |    78 |    +0.2% |   -0.207 |       -1.1 |      5 | hash/p2_cap\[30\]$_DFF_P_/D
      300 |       0 |     115 |       26 |      0 |    78 |    +0.2% |   -0.207 |       -1.1 |      4 | hash/p2_cap\[30\]$_DFF_P_/D
      301 |       0 |     115 |       26 |      0 |    78 |    +0.2% |   -0.207 |       -1.1 |      3 | hash/p2_cap\[30\]$_DFF_P_/D
      302 |       0 |     115 |       26 |      0 |    78 |    +0.2% |   -0.207 |       -1.1 |      2 | hash/p2_cap\[30\]$_DFF_P_/D
      303 |       0 |     115 |       26 |      0 |    78 |    +0.2% |   -0.207 |       -1.1 |      1 | hash/p2_cap\[30\]$_DFF_P_/D
      304 |       0 |     115 |       26 |      0 |    78 |    +0.2% |   -0.207 |       -1.1 |      0 | hash/p2_cap\[30\]$_DFF_P_/D
      305 |       0 |     115 |       26 |      0 |    78 |    +0.2% |   -0.207 |       -1.1 |      0 | hash/p2_cap\[30\]$_DFF_P_/D
     306* |       0 |     115 |       26 |      0 |    78 |    +0.2% |   -0.207 |       -1.1 |      8 | hash/p2_cap\[30\]$_DFF_P_/D
     307* |       0 |     115 |       26 |      0 |    78 |    +0.2% |   -0.207 |       -1.1 |      8 | hash/p2_cap\[30\]$_DFF_P_/D
     308* |       0 |     115 |       26 |      0 |    78 |    +0.2% |   -0.207 |       -1.1 |      8 | hash/p2_cap\[30\]$_DFF_P_/D
     310* |       0 |     116 |       26 |      0 |    78 |    +0.3% |   -0.207 |       -1.0 |      8 | hash/p2_cap\[30\]$_DFF_P_/D
     311* |       0 |     117 |       26 |      0 |    78 |    +0.3% |   -0.207 |       -1.0 |      8 | hash/p2_cap\[30\]$_DFF_P_/D
     312* |       0 |     117 |       26 |      0 |    78 |    +0.3% |   -0.207 |       -1.0 |      8 | hash/p2_cap\[30\]$_DFF_P_/D
     313* |       0 |     117 |       26 |      0 |    78 |    +0.3% |   -0.207 |       -1.0 |      8 | hash/p2_cap\[30\]$_DFF_P_/D
     314* |       0 |     117 |       26 |      0 |    78 |    +0.3% |   -0.207 |       -1.0 |      8 | hash/p2_cap\[30\]$_DFF_P_/D
     316* |       0 |     118 |       26 |      0 |    78 |    +0.3% |   -0.207 |       -1.0 |      6 | hash/p2_cap\[30\]$_DFF_P_/D
    final |       0 |     118 |       26 |      0 |    78 |    +0.3% |   -0.207 |       -1.0 |      6 | hash/p2_cap\[30\]$_DFF_P_/D
--------------------------------------------------------------------------------------------------------------
[INFO RSZ-0040] Inserted 15 buffers.
[INFO RSZ-0041] Resized 118 instances.
[INFO RSZ-0043] Swapped pins on 78 instances.
[WARNING RSZ-0062] Unable to repair all setup violations.
[INFO RSZ-0033] No hold violations found.
Took 5 seconds: repair_timing -verbose -setup_margin 0 -hold_margin 0 -repair_tns 100
global_route -start_incremental
detailed_placement
Placement Analysis
---------------------------------
total displacement        437.9 u
average displacement        0.0 u
max displacement            8.3 u
original HPWL          755364.5 u
legalized HPWL         755828.5 u
delta HPWL                    0 %

global_route -end_incremental -congestion_report_file ./reports/sky130hd/sha256_unrolled_pipelined/base/congestion_post_repair_timing.rpt
global_route -start_incremental
Downsizing/switching to higher Vt for non critical gates for power recovery
Percent of paths optimized 100
tns -0.98
wns -0.21
Group                  Internal  Switching    Leakage      Total
                          Power      Power      Power      Power (Watts)
----------------------------------------------------------------
Sequential             1.85e-02   2.63e-03   2.80e-08   2.12e-02   5.4%
Combinational          1.46e-01   2.10e-01   6.58e-08   3.56e-01  91.2%
Clock                  7.38e-03   5.90e-03   5.47e-09   1.33e-02   3.4%
Macro                  0.00e+00   0.00e+00   0.00e+00   0.00e+00   0.0%
Pad                    0.00e+00   0.00e+00   0.00e+00   0.00e+00   0.0%
----------------------------------------------------------------
Total                  1.72e-01   2.19e-01   9.93e-08   3.90e-01 100.0%
                          44.0%      56.0%       0.0%
repair_timing -verbose -recover_power 100
Iteration |   Area    |  Resized |   WNS    | Endpt
---------------------------------------------------
        0 |     +0.0% |        0 |   -0.207 | hash/p2_cap\[30\]$_DFF_P_/D
      100 |     -0.1% |       31 |   -0.207 | hash/p2_cap\[30\]$_DFF_P_/D
      200 |     -0.1% |       38 |   -0.207 | hash/p2_cap\[30\]$_DFF_P_/D
      300 |     -0.1% |       40 |   -0.207 | hash/p2_cap\[30\]$_DFF_P_/D
      400 |     -0.1% |       92 |   -0.207 | hash/p2_cap\[30\]$_DFF_P_/D
      500 |     -0.1% |      126 |   -0.210 | hash/p2_cap\[30\]$_DFF_P_/D
      600 |     -0.1% |      132 |   -0.210 | hash/p2_cap\[30\]$_DFF_P_/D
      700 |     -0.1% |      144 |   -0.210 | hash/p2_cap\[30\]$_DFF_P_/D
      800 |     -0.1% |      171 |   -0.210 | hash/p2_cap\[30\]$_DFF_P_/D
      900 |     -0.1% |      192 |   -0.210 | hash/p2_cap\[30\]$_DFF_P_/D
     1000 |     -0.1% |      198 |   -0.210 | hash/p2_cap\[30\]$_DFF_P_/D
     1100 |     -0.1% |      204 |   -0.210 | hash/p2_cap\[30\]$_DFF_P_/D
     1200 |     -0.1% |      214 |   -0.210 | hash/p2_cap\[30\]$_DFF_P_/D
     1300 |     -0.1% |      216 |   -0.210 | hash/p2_cap\[30\]$_DFF_P_/D
     1400 |     -0.1% |      224 |   -0.210 | hash/p2_cap\[30\]$_DFF_P_/D
     1500 |     -0.1% |      226 |   -0.210 | hash/p2_cap\[30\]$_DFF_P_/D
     1600 |     -0.1% |      232 |   -0.210 | hash/p2_cap\[30\]$_DFF_P_/D
     1700 |     -0.1% |      235 |   -0.210 | hash/p2_cap\[30\]$_DFF_P_/D
     1800 |     -0.1% |      236 |   -0.210 | hash/p2_cap\[30\]$_DFF_P_/D
     1900 |     -0.1% |      236 |   -0.210 | hash/p2_cap\[30\]$_DFF_P_/D
     2000 |     -0.1% |      238 |   -0.210 | hash/p2_cap\[30\]$_DFF_P_/D
     2100 |     -0.1% |      242 |   -0.210 | hash/p2_cap\[30\]$_DFF_P_/D
     2200 |     -0.1% |      242 |   -0.210 | hash/p2_cap\[30\]$_DFF_P_/D
     2300 |     -0.1% |      249 |   -0.210 | hash/p2_cap\[30\]$_DFF_P_/D
     2400 |     -0.1% |      254 |   -0.210 | hash/p2_cap\[30\]$_DFF_P_/D
     2500 |     -0.1% |      257 |   -0.210 | hash/p2_cap\[30\]$_DFF_P_/D
     2600 |     -0.1% |      260 |   -0.210 | hash/p2_cap\[30\]$_DFF_P_/D
     2700 |     -0.1% |      263 |   -0.219 | hash/p2_cap\[30\]$_DFF_P_/D
     2800 |     -0.1% |      268 |   -0.219 | hash/p2_cap\[30\]$_DFF_P_/D
     2900 |     -0.1% |      301 |   -0.219 | hash/p2_cap\[30\]$_DFF_P_/D
     3000 |     -0.1% |      349 |   -0.219 | hash/p2_cap\[30\]$_DFF_P_/D
     3100 |     -0.1% |      414 |   -0.245 | hash/p2_cap\[30\]$_DFF_P_/D
     3200 |     -0.1% |      480 |   -0.239 | hash/p2_cap\[30\]$_DFF_P_/D
     3300 |     -0.1% |      508 |   -0.223 | hash/p2_cap\[30\]$_DFF_P_/D
     3400 |     -0.1% |      520 |   -0.223 | hash/p2_cap\[30\]$_DFF_P_/D
[INFO RSZ-0142] 500 successive tries yielded negative slack. Ending power recovery
    final |     -0.1% |      525 |   -0.223 | hash/p2_cap\[30\]$_DFF_P_/D
---------------------------------------------------
[INFO RSZ-0141] Resized 525 instances.
Took 75 seconds: repair_timing -verbose -recover_power 100
tns -1.10
wns -0.22
Group                  Internal  Switching    Leakage      Total
                          Power      Power      Power      Power (Watts)
----------------------------------------------------------------
Sequential             1.85e-02   2.63e-03   2.80e-08   2.12e-02   5.4%
Combinational          1.46e-01   2.10e-01   6.57e-08   3.56e-01  91.2%
Clock                  7.38e-03   5.90e-03   5.47e-09   1.33e-02   3.4%
Macro                  0.00e+00   0.00e+00   0.00e+00   0.00e+00   0.0%
Pad                    0.00e+00   0.00e+00   0.00e+00   0.00e+00   0.0%
----------------------------------------------------------------
Total                  1.72e-01   2.18e-01   9.92e-08   3.90e-01 100.0%
                          44.0%      56.0%       0.0%
global_route -end_incremental -congestion_report_file ./reports/sky130hd/sha256_unrolled_pipelined/base/congestion_post_recover_power.rpt
Repair antennas...
[INFO GRT-0012] Found 68 antenna violations.
[INFO GRT-0302] Inserted 48 jumpers for 46 nets.
[INFO GRT-0012] Found 27 antenna violations.
[INFO GRT-0015] Inserted 169 diodes.
[INFO GRT-0012] Found 8 antenna violations.
[INFO GRT-0302] Inserted 3 jumpers for 3 nets.
[INFO GRT-0012] Found 7 antenna violations.
[INFO GRT-0015] Inserted 19 diodes.
[INFO GRT-0012] Found 0 antenna violations.
[INFO ANT-0002] Found 0 net violations.
[INFO ANT-0001] Found 0 pin violations.
Estimate parasitics...
Report metrics stage 5, global route...

==========================================================================
global route report_design_area
--------------------------------------------------------------------------
Design area 267739 u^2 47% utilization.
[INFO FLW-0007] clock core_clock period 10.000000
[INFO FLW-0008] Clock core_clock period 9.721
[INFO FLW-0009] Clock core_clock slack -0.233
[INFO FLW-0011] Path endpoint path count 5940
Elapsed time: 4:49.05[h:]min:sec. CPU time: user 1398.13 sys 0.90 (483%). Peak memory: 1304436KB.
