
==========================================================================
global place report_tns
--------------------------------------------------------------------------
tns -12.58

==========================================================================
global place report_wns
--------------------------------------------------------------------------
wns -0.84

==========================================================================
global place report_worst_slack
--------------------------------------------------------------------------
worst slack -0.84

==========================================================================
global place report_checks -path_delay min
--------------------------------------------------------------------------
Startpoint: ready_dash$_SDFF_PP0_
            (rising edge-triggered flip-flop clocked by core_clock)
Endpoint: ready$_DFF_P_ (rising edge-triggered flip-flop clocked by core_clock)
Path Group: core_clock
Path Type: min

Fanout     Cap    Slew   Delay    Time   Description
-----------------------------------------------------------------------------
                  0.00    0.00    0.00   clock core_clock (rise edge)
                          0.00    0.00   clock network delay (ideal)
                  0.00    0.00    0.00 ^ ready_dash$_SDFF_PP0_/CLK (sky130_fd_sc_hd__dfxtp_1)
     1    0.00    0.04    0.28    0.28 ^ ready_dash$_SDFF_PP0_/Q (sky130_fd_sc_hd__dfxtp_1)
                                         ready_dash (net)
                  0.04    0.00    0.28 ^ ready$_DFF_P_/D (sky130_fd_sc_hd__dfxtp_1)
                                  0.28   data arrival time

                  0.00    0.00    0.00   clock core_clock (rise edge)
                          0.00    0.00   clock network delay (ideal)
                          0.00    0.00   clock reconvergence pessimism
                                  0.00 ^ ready$_DFF_P_/CLK (sky130_fd_sc_hd__dfxtp_1)
                         -0.04   -0.04   library hold time
                                 -0.04   data required time
-----------------------------------------------------------------------------
                                 -0.04   data required time
                                 -0.28   data arrival time
-----------------------------------------------------------------------------
                                  0.32   slack (MET)



==========================================================================
global place report_checks -path_delay max
--------------------------------------------------------------------------
Startpoint: hash/p2_cap[16]$_DFF_P_
            (rising edge-triggered flip-flop clocked by core_clock)
Endpoint: hash/p3_cap[28]$_DFF_P_
          (rising edge-triggered flip-flop clocked by core_clock)
Path Group: core_clock
Path Type: max

Fanout     Cap    Slew   Delay    Time   Description
-----------------------------------------------------------------------------
                  0.00    0.00    0.00   clock core_clock (rise edge)
                          0.00    0.00   clock network delay (ideal)
                  0.00    0.00    0.00 ^ hash/p2_cap[16]$_DFF_P_/CLK (sky130_fd_sc_hd__dfxtp_1)
     5    0.04    0.40    0.54    0.54 ^ hash/p2_cap[16]$_DFF_P_/Q (sky130_fd_sc_hd__dfxtp_1)
                                         hash/p2_cap[16] (net)
                  0.40    0.00    0.54 ^ hash/CA2/S1/_01_/A (sky130_fd_sc_hd__xor3_1)
     1    0.01    0.11    0.55    1.09 v hash/CA2/S1/_01_/X (sky130_fd_sc_hd__xor3_1)
                                         hash/CA2/s1[10] (net)
                  0.11    0.00    1.09 v hash/CA2/_2261_/A (sky130_fd_sc_hd__ha_1)
     4    0.02    0.14    0.41    1.51 v hash/CA2/_2261_/SUM (sky130_fd_sc_hd__ha_1)
                                         hash/CA2/_0981_ (net)
                  0.14    0.00    1.51 v hash/CA2/_1262_/C (sky130_fd_sc_hd__and3_4)
     4    0.01    0.04    0.23    1.74 v hash/CA2/_1262_/X (sky130_fd_sc_hd__and3_4)
                                         hash/CA2/_0547_ (net)
                  0.04    0.00    1.74 v hash/CA2/_1267_/A3 (sky130_fd_sc_hd__a31oi_1)
     1    0.01    0.17    0.19    1.93 ^ hash/CA2/_1267_/Y (sky130_fd_sc_hd__a31oi_1)
                                         hash/CA2/_0552_ (net)
                  0.17    0.00    1.93 ^ hash/CA2/_1268_/B (sky130_fd_sc_hd__nand2_1)
     2    0.01    0.09    0.11    2.04 v hash/CA2/_1268_/Y (sky130_fd_sc_hd__nand2_1)
                                         hash/CA2/_0553_ (net)
                  0.09    0.00    2.04 v hash/CA2/_1310_/A2 (sky130_fd_sc_hd__o21ai_2)
     3    0.02    0.22    0.22    2.26 ^ hash/CA2/_1310_/Y (sky130_fd_sc_hd__o21ai_2)
                                         hash/CA2/_0577_ (net)
                  0.22    0.00    2.26 ^ hash/CA2/_1312_/A1 (sky130_fd_sc_hd__a21oi_1)
     1    0.00    0.07    0.10    2.37 v hash/CA2/_1312_/Y (sky130_fd_sc_hd__a21oi_1)
                                         hash/CA2/_0579_ (net)
                  0.07    0.00    2.37 v hash/CA2/_1313_/A2 (sky130_fd_sc_hd__o21ai_1)
     2    0.01    0.18    0.19    2.55 ^ hash/CA2/_1313_/Y (sky130_fd_sc_hd__o21ai_1)
                                         hash/CA2/_0580_ (net)
                  0.18    0.00    2.55 ^ hash/CA2/_1325_/A2 (sky130_fd_sc_hd__a21oi_1)
     2    0.01    0.08    0.12    2.68 v hash/CA2/_1325_/Y (sky130_fd_sc_hd__a21oi_1)
                                         hash/CA2/_0586_ (net)
                  0.08    0.00    2.68 v hash/CA2/_1345_/A1 (sky130_fd_sc_hd__o31ai_2)
     2    0.01    0.33    0.36    3.04 ^ hash/CA2/_1345_/Y (sky130_fd_sc_hd__o31ai_2)
                                         hash/CA2/_0600_ (net)
                  0.33    0.00    3.04 ^ hash/CA2/_1346_/B (sky130_fd_sc_hd__xnor2_1)
     2    0.02    0.43    0.28    3.31 ^ hash/CA2/_1346_/Y (sky130_fd_sc_hd__xnor2_1)
                                         hash/CA2/_1047_ (net)
                  0.43    0.00    3.31 ^ hash/CA2/_2284_/B (sky130_fd_sc_hd__ha_1)
     4    0.02    0.11    0.37    3.68 v hash/CA2/_2284_/SUM (sky130_fd_sc_hd__ha_1)
                                         hash/CA2/_1049_ (net)
                  0.11    0.00    3.68 v hash/CA2/_2068_/A1 (sky130_fd_sc_hd__a21oi_2)
     5    0.02    0.22    0.24    3.92 ^ hash/CA2/_2068_/Y (sky130_fd_sc_hd__a21oi_2)
                                         hash/CA2/_0463_ (net)
                  0.22    0.00    3.93 ^ hash/CA2/_2097_/A1 (sky130_fd_sc_hd__o21ai_0)
     1    0.00    0.09    0.13    4.05 v hash/CA2/_2097_/Y (sky130_fd_sc_hd__o21ai_0)
                                         hash/CA2/_0487_ (net)
                  0.09    0.00    4.05 v hash/CA2/_2098_/A2 (sky130_fd_sc_hd__a21o_1)
     1    0.00    0.03    0.19    4.24 v hash/CA2/_2098_/X (sky130_fd_sc_hd__a21o_1)
                                         hash/CA2/_0488_ (net)
                  0.03    0.00    4.24 v hash/CA2/_2099_/A2 (sky130_fd_sc_hd__a21o_1)
     1    0.00    0.04    0.17    4.41 v hash/CA2/_2099_/X (sky130_fd_sc_hd__a21o_1)
                                         hash/CA2/_0489_ (net)
                  0.04    0.00    4.41 v hash/CA2/_2100_/A2 (sky130_fd_sc_hd__a21oi_1)
     1    0.00    0.14    0.15    4.57 ^ hash/CA2/_2100_/Y (sky130_fd_sc_hd__a21oi_1)
                                         hash/CA2/_0490_ (net)
                  0.14    0.00    4.57 ^ hash/CA2/_2101_/A (sky130_fd_sc_hd__clkinv_1)
     2    0.01    0.08    0.12    4.69 v hash/CA2/_2101_/Y (sky130_fd_sc_hd__clkinv_1)
                                         hash/CA2/_0491_ (net)
                  0.08    0.00    4.69 v hash/CA2/_2102_/B1 (sky130_fd_sc_hd__a41o_4)
     4    0.02    0.06    0.28    4.97 v hash/CA2/_2102_/X (sky130_fd_sc_hd__a41o_4)
                                         hash/CA2/_0492_ (net)
                  0.06    0.00    4.97 v hash/CA2/_2127_/A1 (sky130_fd_sc_hd__o211ai_1)
     1    0.01    0.20    0.21    5.18 ^ hash/CA2/_2127_/Y (sky130_fd_sc_hd__o211ai_1)
                                         hash/CA2/_0512_ (net)
                  0.20    0.00    5.18 ^ hash/CA2/_2128_/B (sky130_fd_sc_hd__xor2_1)
     2    0.01    0.29    0.29    5.46 ^ hash/CA2/_2128_/X (sky130_fd_sc_hd__xor2_1)
                                         hash/e_new[31] (net)
                  0.29    0.00    5.46 ^ hash/_2830_/A0 (sky130_fd_sc_hd__mux2_8)
     5    0.03    0.08    0.26    5.72 ^ hash/_2830_/X (sky130_fd_sc_hd__mux2_8)
                                         hash/e[31] (net)
                  0.08    0.00    5.72 ^ hash/CA1/S1/_28_/C (sky130_fd_sc_hd__xor3_1)
     1    0.01    0.10    0.27    5.99 v hash/CA1/S1/_28_/X (sky130_fd_sc_hd__xor3_1)
                                         hash/CA1/s1[6] (net)
                  0.10    0.00    5.99 v hash/CA1/_3637_/A (sky130_fd_sc_hd__ha_1)
     5    0.03    0.17    0.44    6.44 v hash/CA1/_3637_/SUM (sky130_fd_sc_hd__ha_1)
                                         hash/CA1/_1672_ (net)
                  0.17    0.00    6.44 v hash/CA1/_2011_/A1 (sky130_fd_sc_hd__a21oi_2)
     4    0.02    0.24    0.28    6.72 ^ hash/CA1/_2011_/Y (sky130_fd_sc_hd__a21oi_2)
                                         hash/CA1/_0023_ (net)
                  0.24    0.00    6.72 ^ hash/CA1/_2027_/B1 (sky130_fd_sc_hd__o211ai_1)
     2    0.01    0.14    0.19    6.91 v hash/CA1/_2027_/Y (sky130_fd_sc_hd__o211ai_1)
                                         hash/CA1/_0034_ (net)
                  0.14    0.00    6.91 v hash/CA1/_2088_/B (sky130_fd_sc_hd__nand3b_1)
     2    0.02    0.19    0.22    7.13 ^ hash/CA1/_2088_/Y (sky130_fd_sc_hd__nand3b_1)
                                         hash/CA1/_0077_ (net)
                  0.19    0.00    7.13 ^ hash/CA1/_2227_/A (sky130_fd_sc_hd__nand2_1)
     1    0.01    0.07    0.10    7.22 v hash/CA1/_2227_/Y (sky130_fd_sc_hd__nand2_1)
                                         hash/CA1/_0176_ (net)
                  0.07    0.00    7.22 v hash/CA1/_2232_/A1 (sky130_fd_sc_hd__o21ai_2)
     2    0.01    0.19    0.22    7.44 ^ hash/CA1/_2232_/Y (sky130_fd_sc_hd__o21ai_2)
                                         hash/CA1/_0181_ (net)
                  0.19    0.00    7.44 ^ hash/CA1/_2235_/A (sky130_fd_sc_hd__nand2_1)
     1    0.00    0.07    0.09    7.53 v hash/CA1/_2235_/Y (sky130_fd_sc_hd__nand2_1)
                                         hash/CA1/_0184_ (net)
                  0.07    0.00    7.53 v hash/CA1/_2236_/A2 (sky130_fd_sc_hd__a21oi_1)
     1    0.01    0.24    0.25    7.77 ^ hash/CA1/_2236_/Y (sky130_fd_sc_hd__a21oi_1)
                                         hash/CA1/_0185_ (net)
                  0.24    0.00    7.77 ^ hash/CA1/_2237_/B (sky130_fd_sc_hd__xor2_2)
     2    0.03    0.43    0.40    8.18 ^ hash/CA1/_2237_/X (sky130_fd_sc_hd__xor2_2)
                                         hash/CA1/_1169_ (net)
                  0.43    0.00    8.18 ^ hash/CA1/_3456_/CIN (sky130_fd_sc_hd__fa_1)
     1    0.00    0.08    0.49    8.67 v hash/CA1/_3456_/SUM (sky130_fd_sc_hd__fa_1)
                                         hash/CA1/_1171_ (net)
                  0.08    0.00    8.67 v hash/CA1/_2657_/A (sky130_fd_sc_hd__inv_1)
     1    0.01    0.07    0.08    8.75 ^ hash/CA1/_2657_/Y (sky130_fd_sc_hd__inv_1)
                                         hash/CA1/_1818_ (net)
                  0.07    0.00    8.75 ^ hash/CA1/_3689_/B (sky130_fd_sc_hd__ha_1)
     4    0.01    0.09    0.26    9.01 v hash/CA1/_3689_/SUM (sky130_fd_sc_hd__ha_1)
                                         hash/CA1/_1820_ (net)
                  0.09    0.00    9.01 v hash/CA1/_3163_/A1 (sky130_fd_sc_hd__a21oi_1)
     2    0.01    0.16    0.17    9.19 ^ hash/CA1/_3163_/Y (sky130_fd_sc_hd__a21oi_1)
                                         hash/CA1/_0793_ (net)
                  0.16    0.00    9.19 ^ hash/CA1/_3175_/A (sky130_fd_sc_hd__nor2b_1)
     1    0.01    0.05    0.08    9.26 v hash/CA1/_3175_/Y (sky130_fd_sc_hd__nor2b_1)
                                         hash/CA1/_0803_ (net)
                  0.05    0.00    9.26 v hash/CA1/_3176_/B (sky130_fd_sc_hd__nor2_2)
     2    0.01    0.13    0.12    9.39 ^ hash/CA1/_3176_/Y (sky130_fd_sc_hd__nor2_2)
                                         hash/CA1/_0804_ (net)
                  0.13    0.00    9.39 ^ hash/CA1/_3182_/A (sky130_fd_sc_hd__nand2_1)
     1    0.00    0.06    0.08    9.47 v hash/CA1/_3182_/Y (sky130_fd_sc_hd__nand2_1)
                                         hash/CA1/_0810_ (net)
                  0.06    0.00    9.47 v hash/CA1/_3183_/C1 (sky130_fd_sc_hd__a2111oi_0)
     1    0.01    0.74    0.64   10.11 ^ hash/CA1/_3183_/Y (sky130_fd_sc_hd__a2111oi_0)
                                         hash/CA1/_0811_ (net)
                  0.74    0.00   10.11 ^ hash/CA1/_3184_/C1 (sky130_fd_sc_hd__a211oi_2)
     3    0.01    0.17    0.14   10.25 v hash/CA1/_3184_/Y (sky130_fd_sc_hd__a211oi_2)
                                         hash/CA1/_0812_ (net)
                  0.17    0.00   10.25 v hash/CA1/_3190_/A2 (sky130_fd_sc_hd__a21o_1)
     1    0.00    0.03    0.22   10.46 v hash/CA1/_3190_/X (sky130_fd_sc_hd__a21o_1)
                                         hash/CA1/_0816_ (net)
                  0.03    0.00   10.46 v hash/CA1/_3191_/A2 (sky130_fd_sc_hd__a21oi_1)
     1    0.01    0.16    0.17   10.64 ^ hash/CA1/_3191_/Y (sky130_fd_sc_hd__a21oi_1)
                                         hash/CA1/_0817_ (net)
                  0.16    0.00   10.64 ^ hash/CA1/_3192_/B (sky130_fd_sc_hd__xnor2_1)
     1    0.00    0.11    0.13   10.77 ^ hash/CA1/_3192_/Y (sky130_fd_sc_hd__xnor2_1)
                                         hash/p3[28] (net)
                  0.11    0.00   10.77 ^ hash/p3_cap[28]$_DFF_P_/D (sky130_fd_sc_hd__dfxtp_1)
                                 10.77   data arrival time

                  0.00   10.00   10.00   clock core_clock (rise edge)
                          0.00   10.00   clock network delay (ideal)
                          0.00   10.00   clock reconvergence pessimism
                                 10.00 ^ hash/p3_cap[28]$_DFF_P_/CLK (sky130_fd_sc_hd__dfxtp_1)
                         -0.08    9.92   library setup time
                                  9.92   data required time
-----------------------------------------------------------------------------
                                  9.92   data required time
                                -10.77   data arrival time
-----------------------------------------------------------------------------
                                 -0.84   slack (VIOLATED)



==========================================================================
global place report_checks -unconstrained
--------------------------------------------------------------------------
Startpoint: hash/p2_cap[16]$_DFF_P_
            (rising edge-triggered flip-flop clocked by core_clock)
Endpoint: hash/p3_cap[28]$_DFF_P_
          (rising edge-triggered flip-flop clocked by core_clock)
Path Group: core_clock
Path Type: max

Fanout     Cap    Slew   Delay    Time   Description
-----------------------------------------------------------------------------
                  0.00    0.00    0.00   clock core_clock (rise edge)
                          0.00    0.00   clock network delay (ideal)
                  0.00    0.00    0.00 ^ hash/p2_cap[16]$_DFF_P_/CLK (sky130_fd_sc_hd__dfxtp_1)
     5    0.04    0.40    0.54    0.54 ^ hash/p2_cap[16]$_DFF_P_/Q (sky130_fd_sc_hd__dfxtp_1)
                                         hash/p2_cap[16] (net)
                  0.40    0.00    0.54 ^ hash/CA2/S1/_01_/A (sky130_fd_sc_hd__xor3_1)
     1    0.01    0.11    0.55    1.09 v hash/CA2/S1/_01_/X (sky130_fd_sc_hd__xor3_1)
                                         hash/CA2/s1[10] (net)
                  0.11    0.00    1.09 v hash/CA2/_2261_/A (sky130_fd_sc_hd__ha_1)
     4    0.02    0.14    0.41    1.51 v hash/CA2/_2261_/SUM (sky130_fd_sc_hd__ha_1)
                                         hash/CA2/_0981_ (net)
                  0.14    0.00    1.51 v hash/CA2/_1262_/C (sky130_fd_sc_hd__and3_4)
     4    0.01    0.04    0.23    1.74 v hash/CA2/_1262_/X (sky130_fd_sc_hd__and3_4)
                                         hash/CA2/_0547_ (net)
                  0.04    0.00    1.74 v hash/CA2/_1267_/A3 (sky130_fd_sc_hd__a31oi_1)
     1    0.01    0.17    0.19    1.93 ^ hash/CA2/_1267_/Y (sky130_fd_sc_hd__a31oi_1)
                                         hash/CA2/_0552_ (net)
                  0.17    0.00    1.93 ^ hash/CA2/_1268_/B (sky130_fd_sc_hd__nand2_1)
     2    0.01    0.09    0.11    2.04 v hash/CA2/_1268_/Y (sky130_fd_sc_hd__nand2_1)
                                         hash/CA2/_0553_ (net)
                  0.09    0.00    2.04 v hash/CA2/_1310_/A2 (sky130_fd_sc_hd__o21ai_2)
     3    0.02    0.22    0.22    2.26 ^ hash/CA2/_1310_/Y (sky130_fd_sc_hd__o21ai_2)
                                         hash/CA2/_0577_ (net)
                  0.22    0.00    2.26 ^ hash/CA2/_1312_/A1 (sky130_fd_sc_hd__a21oi_1)
     1    0.00    0.07    0.10    2.37 v hash/CA2/_1312_/Y (sky130_fd_sc_hd__a21oi_1)
                                         hash/CA2/_0579_ (net)
                  0.07    0.00    2.37 v hash/CA2/_1313_/A2 (sky130_fd_sc_hd__o21ai_1)
     2    0.01    0.18    0.19    2.55 ^ hash/CA2/_1313_/Y (sky130_fd_sc_hd__o21ai_1)
                                         hash/CA2/_0580_ (net)
                  0.18    0.00    2.55 ^ hash/CA2/_1325_/A2 (sky130_fd_sc_hd__a21oi_1)
     2    0.01    0.08    0.12    2.68 v hash/CA2/_1325_/Y (sky130_fd_sc_hd__a21oi_1)
                                         hash/CA2/_0586_ (net)
                  0.08    0.00    2.68 v hash/CA2/_1345_/A1 (sky130_fd_sc_hd__o31ai_2)
     2    0.01    0.33    0.36    3.04 ^ hash/CA2/_1345_/Y (sky130_fd_sc_hd__o31ai_2)
                                         hash/CA2/_0600_ (net)
                  0.33    0.00    3.04 ^ hash/CA2/_1346_/B (sky130_fd_sc_hd__xnor2_1)
     2    0.02    0.43    0.28    3.31 ^ hash/CA2/_1346_/Y (sky130_fd_sc_hd__xnor2_1)
                                         hash/CA2/_1047_ (net)
                  0.43    0.00    3.31 ^ hash/CA2/_2284_/B (sky130_fd_sc_hd__ha_1)
     4    0.02    0.11    0.37    3.68 v hash/CA2/_2284_/SUM (sky130_fd_sc_hd__ha_1)
                                         hash/CA2/_1049_ (net)
                  0.11    0.00    3.68 v hash/CA2/_2068_/A1 (sky130_fd_sc_hd__a21oi_2)
     5    0.02    0.22    0.24    3.92 ^ hash/CA2/_2068_/Y (sky130_fd_sc_hd__a21oi_2)
                                         hash/CA2/_0463_ (net)
                  0.22    0.00    3.93 ^ hash/CA2/_2097_/A1 (sky130_fd_sc_hd__o21ai_0)
     1    0.00    0.09    0.13    4.05 v hash/CA2/_2097_/Y (sky130_fd_sc_hd__o21ai_0)
                                         hash/CA2/_0487_ (net)
                  0.09    0.00    4.05 v hash/CA2/_2098_/A2 (sky130_fd_sc_hd__a21o_1)
     1    0.00    0.03    0.19    4.24 v hash/CA2/_2098_/X (sky130_fd_sc_hd__a21o_1)
                                         hash/CA2/_0488_ (net)
                  0.03    0.00    4.24 v hash/CA2/_2099_/A2 (sky130_fd_sc_hd__a21o_1)
     1    0.00    0.04    0.17    4.41 v hash/CA2/_2099_/X (sky130_fd_sc_hd__a21o_1)
                                         hash/CA2/_0489_ (net)
                  0.04    0.00    4.41 v hash/CA2/_2100_/A2 (sky130_fd_sc_hd__a21oi_1)
     1    0.00    0.14    0.15    4.57 ^ hash/CA2/_2100_/Y (sky130_fd_sc_hd__a21oi_1)
                                         hash/CA2/_0490_ (net)
                  0.14    0.00    4.57 ^ hash/CA2/_2101_/A (sky130_fd_sc_hd__clkinv_1)
     2    0.01    0.08    0.12    4.69 v hash/CA2/_2101_/Y (sky130_fd_sc_hd__clkinv_1)
                                         hash/CA2/_0491_ (net)
                  0.08    0.00    4.69 v hash/CA2/_2102_/B1 (sky130_fd_sc_hd__a41o_4)
     4    0.02    0.06    0.28    4.97 v hash/CA2/_2102_/X (sky130_fd_sc_hd__a41o_4)
                                         hash/CA2/_0492_ (net)
                  0.06    0.00    4.97 v hash/CA2/_2127_/A1 (sky130_fd_sc_hd__o211ai_1)
     1    0.01    0.20    0.21    5.18 ^ hash/CA2/_2127_/Y (sky130_fd_sc_hd__o211ai_1)
                                         hash/CA2/_0512_ (net)
                  0.20    0.00    5.18 ^ hash/CA2/_2128_/B (sky130_fd_sc_hd__xor2_1)
     2    0.01    0.29    0.29    5.46 ^ hash/CA2/_2128_/X (sky130_fd_sc_hd__xor2_1)
                                         hash/e_new[31] (net)
                  0.29    0.00    5.46 ^ hash/_2830_/A0 (sky130_fd_sc_hd__mux2_8)
     5    0.03    0.08    0.26    5.72 ^ hash/_2830_/X (sky130_fd_sc_hd__mux2_8)
                                         hash/e[31] (net)
                  0.08    0.00    5.72 ^ hash/CA1/S1/_28_/C (sky130_fd_sc_hd__xor3_1)
     1    0.01    0.10    0.27    5.99 v hash/CA1/S1/_28_/X (sky130_fd_sc_hd__xor3_1)
                                         hash/CA1/s1[6] (net)
                  0.10    0.00    5.99 v hash/CA1/_3637_/A (sky130_fd_sc_hd__ha_1)
     5    0.03    0.17    0.44    6.44 v hash/CA1/_3637_/SUM (sky130_fd_sc_hd__ha_1)
                                         hash/CA1/_1672_ (net)
                  0.17    0.00    6.44 v hash/CA1/_2011_/A1 (sky130_fd_sc_hd__a21oi_2)
     4    0.02    0.24    0.28    6.72 ^ hash/CA1/_2011_/Y (sky130_fd_sc_hd__a21oi_2)
                                         hash/CA1/_0023_ (net)
                  0.24    0.00    6.72 ^ hash/CA1/_2027_/B1 (sky130_fd_sc_hd__o211ai_1)
     2    0.01    0.14    0.19    6.91 v hash/CA1/_2027_/Y (sky130_fd_sc_hd__o211ai_1)
                                         hash/CA1/_0034_ (net)
                  0.14    0.00    6.91 v hash/CA1/_2088_/B (sky130_fd_sc_hd__nand3b_1)
     2    0.02    0.19    0.22    7.13 ^ hash/CA1/_2088_/Y (sky130_fd_sc_hd__nand3b_1)
                                         hash/CA1/_0077_ (net)
                  0.19    0.00    7.13 ^ hash/CA1/_2227_/A (sky130_fd_sc_hd__nand2_1)
     1    0.01    0.07    0.10    7.22 v hash/CA1/_2227_/Y (sky130_fd_sc_hd__nand2_1)
                                         hash/CA1/_0176_ (net)
                  0.07    0.00    7.22 v hash/CA1/_2232_/A1 (sky130_fd_sc_hd__o21ai_2)
     2    0.01    0.19    0.22    7.44 ^ hash/CA1/_2232_/Y (sky130_fd_sc_hd__o21ai_2)
                                         hash/CA1/_0181_ (net)
                  0.19    0.00    7.44 ^ hash/CA1/_2235_/A (sky130_fd_sc_hd__nand2_1)
     1    0.00    0.07    0.09    7.53 v hash/CA1/_2235_/Y (sky130_fd_sc_hd__nand2_1)
                                         hash/CA1/_0184_ (net)
                  0.07    0.00    7.53 v hash/CA1/_2236_/A2 (sky130_fd_sc_hd__a21oi_1)
     1    0.01    0.24    0.25    7.77 ^ hash/CA1/_2236_/Y (sky130_fd_sc_hd__a21oi_1)
                                         hash/CA1/_0185_ (net)
                  0.24    0.00    7.77 ^ hash/CA1/_2237_/B (sky130_fd_sc_hd__xor2_2)
     2    0.03    0.43    0.40    8.18 ^ hash/CA1/_2237_/X (sky130_fd_sc_hd__xor2_2)
                                         hash/CA1/_1169_ (net)
                  0.43    0.00    8.18 ^ hash/CA1/_3456_/CIN (sky130_fd_sc_hd__fa_1)
     1    0.00    0.08    0.49    8.67 v hash/CA1/_3456_/SUM (sky130_fd_sc_hd__fa_1)
                                         hash/CA1/_1171_ (net)
                  0.08    0.00    8.67 v hash/CA1/_2657_/A (sky130_fd_sc_hd__inv_1)
     1    0.01    0.07    0.08    8.75 ^ hash/CA1/_2657_/Y (sky130_fd_sc_hd__inv_1)
                                         hash/CA1/_1818_ (net)
                  0.07    0.00    8.75 ^ hash/CA1/_3689_/B (sky130_fd_sc_hd__ha_1)
     4    0.01    0.09    0.26    9.01 v hash/CA1/_3689_/SUM (sky130_fd_sc_hd__ha_1)
                                         hash/CA1/_1820_ (net)
                  0.09    0.00    9.01 v hash/CA1/_3163_/A1 (sky130_fd_sc_hd__a21oi_1)
     2    0.01    0.16    0.17    9.19 ^ hash/CA1/_3163_/Y (sky130_fd_sc_hd__a21oi_1)
                                         hash/CA1/_0793_ (net)
                  0.16    0.00    9.19 ^ hash/CA1/_3175_/A (sky130_fd_sc_hd__nor2b_1)
     1    0.01    0.05    0.08    9.26 v hash/CA1/_3175_/Y (sky130_fd_sc_hd__nor2b_1)
                                         hash/CA1/_0803_ (net)
                  0.05    0.00    9.26 v hash/CA1/_3176_/B (sky130_fd_sc_hd__nor2_2)
     2    0.01    0.13    0.12    9.39 ^ hash/CA1/_3176_/Y (sky130_fd_sc_hd__nor2_2)
                                         hash/CA1/_0804_ (net)
                  0.13    0.00    9.39 ^ hash/CA1/_3182_/A (sky130_fd_sc_hd__nand2_1)
     1    0.00    0.06    0.08    9.47 v hash/CA1/_3182_/Y (sky130_fd_sc_hd__nand2_1)
                                         hash/CA1/_0810_ (net)
                  0.06    0.00    9.47 v hash/CA1/_3183_/C1 (sky130_fd_sc_hd__a2111oi_0)
     1    0.01    0.74    0.64   10.11 ^ hash/CA1/_3183_/Y (sky130_fd_sc_hd__a2111oi_0)
                                         hash/CA1/_0811_ (net)
                  0.74    0.00   10.11 ^ hash/CA1/_3184_/C1 (sky130_fd_sc_hd__a211oi_2)
     3    0.01    0.17    0.14   10.25 v hash/CA1/_3184_/Y (sky130_fd_sc_hd__a211oi_2)
                                         hash/CA1/_0812_ (net)
                  0.17    0.00   10.25 v hash/CA1/_3190_/A2 (sky130_fd_sc_hd__a21o_1)
     1    0.00    0.03    0.22   10.46 v hash/CA1/_3190_/X (sky130_fd_sc_hd__a21o_1)
                                         hash/CA1/_0816_ (net)
                  0.03    0.00   10.46 v hash/CA1/_3191_/A2 (sky130_fd_sc_hd__a21oi_1)
     1    0.01    0.16    0.17   10.64 ^ hash/CA1/_3191_/Y (sky130_fd_sc_hd__a21oi_1)
                                         hash/CA1/_0817_ (net)
                  0.16    0.00   10.64 ^ hash/CA1/_3192_/B (sky130_fd_sc_hd__xnor2_1)
     1    0.00    0.11    0.13   10.77 ^ hash/CA1/_3192_/Y (sky130_fd_sc_hd__xnor2_1)
                                         hash/p3[28] (net)
                  0.11    0.00   10.77 ^ hash/p3_cap[28]$_DFF_P_/D (sky130_fd_sc_hd__dfxtp_1)
                                 10.77   data arrival time

                  0.00   10.00   10.00   clock core_clock (rise edge)
                          0.00   10.00   clock network delay (ideal)
                          0.00   10.00   clock reconvergence pessimism
                                 10.00 ^ hash/p3_cap[28]$_DFF_P_/CLK (sky130_fd_sc_hd__dfxtp_1)
                         -0.08    9.92   library setup time
                                  9.92   data required time
-----------------------------------------------------------------------------
                                  9.92   data required time
                                -10.77   data arrival time
-----------------------------------------------------------------------------
                                 -0.84   slack (VIOLATED)



==========================================================================
global place report_power
--------------------------------------------------------------------------
Group                  Internal  Switching    Leakage      Total
                          Power      Power      Power      Power (Watts)
----------------------------------------------------------------
Sequential             1.88e-02   2.19e-03   2.80e-08   2.09e-02   5.9%
Combinational          1.43e-01   1.91e-01   6.41e-08   3.34e-01  94.1%
Clock                  0.00e+00   0.00e+00   0.00e+00   0.00e+00   0.0%
Macro                  0.00e+00   0.00e+00   0.00e+00   0.00e+00   0.0%
Pad                    0.00e+00   0.00e+00   0.00e+00   0.00e+00   0.0%
----------------------------------------------------------------
Total                  1.62e-01   1.93e-01   9.21e-08   3.55e-01 100.0%
                          45.6%      54.4%       0.0%
