
==========================================================================
cts final report_tns
--------------------------------------------------------------------------
tns -9.00

==========================================================================
cts final report_wns
--------------------------------------------------------------------------
wns -0.94

==========================================================================
cts final report_worst_slack
--------------------------------------------------------------------------
worst slack -0.94

==========================================================================
cts final report_clock_skew
--------------------------------------------------------------------------
Clock core_clock
   1.13 source latency w_value2[2]$_DFF_P_/CLK ^
  -1.01 target latency hash.p4_cap[31]$_DFF_P_/CLK ^
   0.00 CRPR
--------------
   0.12 setup skew


==========================================================================
cts final report_checks -path_delay min
--------------------------------------------------------------------------
Startpoint: ready_dash$_SDFF_PP0_
            (rising edge-triggered flip-flop clocked by core_clock)
Endpoint: ready$_DFF_P_ (rising edge-triggered flip-flop clocked by core_clock)
Path Group: core_clock
Path Type: min

Fanout     Cap    Slew   Delay    Time   Description
-----------------------------------------------------------------------------
                          0.00    0.00   clock core_clock (rise edge)
                          0.00    0.00   clock source latency
     1    0.13    0.00    0.00    0.00 ^ clk (in)
                                         clk (net)
                  0.01    0.00    0.00 ^ clkbuf_0_clk/A (sky130_fd_sc_hd__clkbuf_16)
     4    0.22    0.23    0.25    0.26 ^ clkbuf_0_clk/X (sky130_fd_sc_hd__clkbuf_16)
                                         clknet_0_clk (net)
                  0.23    0.00    0.26 ^ clkbuf_2_1_0_clk/A (sky130_fd_sc_hd__clkbuf_16)
     8    0.20    0.21    0.32    0.58 ^ clkbuf_2_1_0_clk/X (sky130_fd_sc_hd__clkbuf_16)
                                         clknet_2_1_0_clk (net)
                  0.21    0.00    0.58 ^ clkbuf_5_9__f_clk/A (sky130_fd_sc_hd__clkbuf_16)
     9    0.15    0.16    0.28    0.86 ^ clkbuf_5_9__f_clk/X (sky130_fd_sc_hd__clkbuf_16)
                                         clknet_5_9__leaf_clk (net)
                  0.16    0.00    0.86 ^ clkbuf_leaf_225_clk/A (sky130_fd_sc_hd__clkbuf_16)
     8    0.04    0.06    0.18    1.04 ^ clkbuf_leaf_225_clk/X (sky130_fd_sc_hd__clkbuf_16)
                                         clknet_leaf_225_clk (net)
                  0.06    0.00    1.04 ^ ready_dash$_SDFF_PP0_/CLK (sky130_fd_sc_hd__dfxtp_1)
     1    0.00    0.04    0.30    1.34 ^ ready_dash$_SDFF_PP0_/Q (sky130_fd_sc_hd__dfxtp_1)
                                         ready_dash (net)
                  0.04    0.00    1.34 ^ ready$_DFF_P_/D (sky130_fd_sc_hd__dfxtp_1)
                                  1.34   data arrival time

                          0.00    0.00   clock core_clock (rise edge)
                          0.00    0.00   clock source latency
     1    0.13    0.00    0.00    0.00 ^ clk (in)
                                         clk (net)
                  0.01    0.00    0.00 ^ clkbuf_0_clk/A (sky130_fd_sc_hd__clkbuf_16)
     4    0.22    0.23    0.25    0.26 ^ clkbuf_0_clk/X (sky130_fd_sc_hd__clkbuf_16)
                                         clknet_0_clk (net)
                  0.23    0.00    0.26 ^ clkbuf_2_1_0_clk/A (sky130_fd_sc_hd__clkbuf_16)
     8    0.20    0.21    0.32    0.58 ^ clkbuf_2_1_0_clk/X (sky130_fd_sc_hd__clkbuf_16)
                                         clknet_2_1_0_clk (net)
                  0.21    0.00    0.58 ^ clkbuf_5_9__f_clk/A (sky130_fd_sc_hd__clkbuf_16)
     9    0.15    0.16    0.28    0.86 ^ clkbuf_5_9__f_clk/X (sky130_fd_sc_hd__clkbuf_16)
                                         clknet_5_9__leaf_clk (net)
                  0.16    0.00    0.86 ^ clkbuf_leaf_225_clk/A (sky130_fd_sc_hd__clkbuf_16)
     8    0.04    0.06    0.18    1.04 ^ clkbuf_leaf_225_clk/X (sky130_fd_sc_hd__clkbuf_16)
                                         clknet_leaf_225_clk (net)
                  0.06    0.00    1.04 ^ ready$_DFF_P_/CLK (sky130_fd_sc_hd__dfxtp_1)
                          0.00    1.04   clock reconvergence pessimism
                         -0.03    1.01   library hold time
                                  1.01   data required time
-----------------------------------------------------------------------------
                                  1.01   data required time
                                 -1.34   data arrival time
-----------------------------------------------------------------------------
                                  0.33   slack (MET)



==========================================================================
cts final report_checks -path_delay max
--------------------------------------------------------------------------
Startpoint: hash.p2_cap[25]$_DFF_P_
            (rising edge-triggered flip-flop clocked by core_clock)
Endpoint: hash.p2_cap[30]$_DFF_P_
          (rising edge-triggered flip-flop clocked by core_clock)
Path Group: core_clock
Path Type: max

Fanout     Cap    Slew   Delay    Time   Description
-----------------------------------------------------------------------------
                          0.00    0.00   clock core_clock (rise edge)
                          0.00    0.00   clock source latency
     1    0.13    0.00    0.00    0.00 ^ clk (in)
                                         clk (net)
                  0.01    0.00    0.00 ^ clkbuf_0_clk/A (sky130_fd_sc_hd__clkbuf_16)
     4    0.22    0.23    0.25    0.26 ^ clkbuf_0_clk/X (sky130_fd_sc_hd__clkbuf_16)
                                         clknet_0_clk (net)
                  0.23    0.00    0.26 ^ clkbuf_2_3_0_clk/A (sky130_fd_sc_hd__clkbuf_16)
     8    0.21    0.23    0.33    0.59 ^ clkbuf_2_3_0_clk/X (sky130_fd_sc_hd__clkbuf_16)
                                         clknet_2_3_0_clk (net)
                  0.23    0.00    0.59 ^ clkbuf_5_24__f_clk/A (sky130_fd_sc_hd__clkbuf_16)
     5    0.10    0.12    0.25    0.84 ^ clkbuf_5_24__f_clk/X (sky130_fd_sc_hd__clkbuf_16)
                                         clknet_5_24__leaf_clk (net)
                  0.12    0.00    0.84 ^ clkbuf_leaf_171_clk/A (sky130_fd_sc_hd__clkbuf_16)
     8    0.04    0.06    0.17    1.01 ^ clkbuf_leaf_171_clk/X (sky130_fd_sc_hd__clkbuf_16)
                                         clknet_leaf_171_clk (net)
                  0.06    0.00    1.01 ^ hash.p2_cap[25]$_DFF_P_/CLK (sky130_fd_sc_hd__dfxtp_4)
     5    0.05    0.09    0.40    1.40 v hash.p2_cap[25]$_DFF_P_/Q (sky130_fd_sc_hd__dfxtp_4)
                                         hash.CA2.S1.X[25] (net)
                  0.09    0.01    1.41 v _14773_/A (sky130_fd_sc_hd__xnor2_2)
     1    0.01    0.07    0.16    1.57 v _14773_/Y (sky130_fd_sc_hd__xnor2_2)
                                         _04381_ (net)
                  0.07    0.00    1.57 v _14774_/A (sky130_fd_sc_hd__xnor2_2)
     1    0.01    0.23    0.24    1.81 ^ _14774_/Y (sky130_fd_sc_hd__xnor2_2)
                                         _13230_ (net)
                  0.23    0.00    1.81 ^ _27607_/A (sky130_fd_sc_hd__ha_4)
     3    0.02    0.08    0.20    2.02 ^ _27607_/COUT (sky130_fd_sc_hd__ha_4)
                                         _13231_ (net)
                  0.08    0.00    2.02 ^ _18753_/A (sky130_fd_sc_hd__clkinv_4)
     1    0.01    0.03    0.05    2.06 v _18753_/Y (sky130_fd_sc_hd__clkinv_4)
                                         _12083_ (net)
                  0.03    0.00    2.06 v _27310_/CIN (sky130_fd_sc_hd__fa_2)
     2    0.01    0.07    0.33    2.39 v _27310_/COUT (sky130_fd_sc_hd__fa_2)
                                         _12086_ (net)
                  0.07    0.00    2.39 v _14919_/A (sky130_fd_sc_hd__nor2b_1)
     1    0.01    0.14    0.15    2.54 ^ _14919_/Y (sky130_fd_sc_hd__nor2b_1)
                                         _04507_ (net)
                  0.14    0.00    2.54 ^ _14920_/A1 (sky130_fd_sc_hd__o21ai_2)
     2    0.01    0.07    0.11    2.65 v _14920_/Y (sky130_fd_sc_hd__o21ai_2)
                                         _04508_ (net)
                  0.07    0.00    2.65 v _14921_/A1 (sky130_fd_sc_hd__a21boi_4)
     2    0.01    0.12    0.15    2.79 ^ _14921_/Y (sky130_fd_sc_hd__a21boi_4)
                                         _04509_ (net)
                  0.12    0.00    2.79 ^ _14966_/A1 (sky130_fd_sc_hd__o21a_4)
     2    0.01    0.04    0.15    2.94 ^ _14966_/X (sky130_fd_sc_hd__o21a_4)
                                         _04546_ (net)
                  0.04    0.00    2.94 ^ _15011_/A2 (sky130_fd_sc_hd__o21ai_2)
     2    0.01    0.05    0.06    3.00 v _15011_/Y (sky130_fd_sc_hd__o21ai_2)
                                         _04583_ (net)
                  0.05    0.00    3.00 v _15054_/A1 (sky130_fd_sc_hd__a21boi_2)
     2    0.02    0.21    0.22    3.22 ^ _15054_/Y (sky130_fd_sc_hd__a21boi_2)
                                         _04618_ (net)
                  0.21    0.00    3.22 ^ _15079_/A3 (sky130_fd_sc_hd__o31ai_4)
     3    0.02    0.09    0.11    3.32 v _15079_/Y (sky130_fd_sc_hd__o31ai_4)
                                         _04635_ (net)
                  0.09    0.00    3.32 v _15107_/A1 (sky130_fd_sc_hd__o21bai_1)
     1    0.01    0.17    0.20    3.52 ^ _15107_/Y (sky130_fd_sc_hd__o21bai_1)
                                         _04655_ (net)
                  0.17    0.00    3.52 ^ _15108_/A1 (sky130_fd_sc_hd__a211oi_2)
     1    0.01    0.07    0.10    3.62 v _15108_/Y (sky130_fd_sc_hd__a211oi_2)
                                         _04656_ (net)
                  0.07    0.00    3.62 v _15109_/A (sky130_fd_sc_hd__nor2_2)
     2    0.02    0.21    0.21    3.83 ^ _15109_/Y (sky130_fd_sc_hd__nor2_2)
                                         _13330_ (net)
                  0.21    0.00    3.83 ^ _27683_/A (sky130_fd_sc_hd__ha_4)
     4    0.02    0.06    0.26    4.09 v _27683_/SUM (sky130_fd_sc_hd__ha_4)
                                         _13473_ (net)
                  0.06    0.00    4.09 v _17963_/A2 (sky130_fd_sc_hd__a21oi_4)
     2    0.01    0.13    0.17    4.27 ^ _17963_/Y (sky130_fd_sc_hd__a21oi_4)
                                         _06602_ (net)
                  0.13    0.00    4.27 ^ _17964_/B1 (sky130_fd_sc_hd__o21ai_2)
     3    0.01    0.07    0.10    4.36 v _17964_/Y (sky130_fd_sc_hd__o21ai_2)
                                         _06603_ (net)
                  0.07    0.00    4.36 v _17980_/C (sky130_fd_sc_hd__or4_4)
     2    0.02    0.10    0.52    4.89 v _17980_/X (sky130_fd_sc_hd__or4_4)
                                         _06617_ (net)
                  0.10    0.00    4.89 v _17994_/A1 (sky130_fd_sc_hd__a211oi_4)
     2    0.01    0.24    0.27    5.16 ^ _17994_/Y (sky130_fd_sc_hd__a211oi_4)
                                         _06627_ (net)
                  0.24    0.00    5.16 ^ _18047_/A2 (sky130_fd_sc_hd__o21ai_2)
     1    0.01    0.08    0.11    5.27 v _18047_/Y (sky130_fd_sc_hd__o21ai_2)
                                         _06668_ (net)
                  0.08    0.00    5.27 v _18050_/B2 (sky130_fd_sc_hd__a221oi_4)
     3    0.02    0.32    0.36    5.63 ^ _18050_/Y (sky130_fd_sc_hd__a221oi_4)
                                         _06671_ (net)
                  0.32    0.00    5.63 ^ _18090_/B (sky130_fd_sc_hd__nor2_1)
     1    0.00    0.07    0.07    5.70 v _18090_/Y (sky130_fd_sc_hd__nor2_1)
                                         _06703_ (net)
                  0.07    0.00    5.70 v _18091_/A2 (sky130_fd_sc_hd__o31a_1)
     2    0.02    0.10    0.34    6.04 v _18091_/X (sky130_fd_sc_hd__o31a_1)
                                         _06704_ (net)
                  0.10    0.00    6.04 v _18092_/A1 (sky130_fd_sc_hd__o21ai_4)
     3    0.03    0.23    0.26    6.30 ^ _18092_/Y (sky130_fd_sc_hd__o21ai_4)
                                         _06705_ (net)
                  0.23    0.00    6.30 ^ _18107_/B (sky130_fd_sc_hd__nor2_4)
     1    0.01    0.05    0.06    6.36 v _18107_/Y (sky130_fd_sc_hd__nor2_4)
                                         _06716_ (net)
                  0.05    0.00    6.36 v _18112_/B1 (sky130_fd_sc_hd__a211oi_4)
     3    0.02    0.29    0.31    6.67 ^ _18112_/Y (sky130_fd_sc_hd__a211oi_4)
                                         hash.CA1.S1.X[30] (net)
                  0.29    0.00    6.67 ^ rebuffer1/A (sky130_fd_sc_hd__buf_6)
     5    0.05    0.10    0.20    6.87 ^ rebuffer1/X (sky130_fd_sc_hd__buf_6)
                                         net1046 (net)
                  0.10    0.00    6.87 ^ _20011_/B (sky130_fd_sc_hd__xnor2_4)
     1    0.01    0.10    0.08    6.95 v _20011_/Y (sky130_fd_sc_hd__xnor2_4)
                                         _13896_ (net)
                  0.10    0.00    6.95 v _27835_/B (sky130_fd_sc_hd__ha_4)
     3    0.01    0.04    0.19    7.14 v _27835_/COUT (sky130_fd_sc_hd__ha_4)
                                         _13898_ (net)
                  0.04    0.00    7.14 v _18498_/C (sky130_fd_sc_hd__or3_4)
     1    0.01    0.07    0.33    7.47 v _18498_/X (sky130_fd_sc_hd__or3_4)
                                         _06951_ (net)
                  0.07    0.00    7.47 v _18499_/B1 (sky130_fd_sc_hd__a311oi_2)
     2    0.01    0.23    0.27    7.74 ^ _18499_/Y (sky130_fd_sc_hd__a311oi_2)
                                         _06952_ (net)
                  0.23    0.00    7.74 ^ _18500_/A (sky130_fd_sc_hd__or2_4)
     3    0.01    0.06    0.19    7.92 ^ _18500_/X (sky130_fd_sc_hd__or2_4)
                                         _06953_ (net)
                  0.06    0.00    7.92 ^ _18721_/A1 (sky130_fd_sc_hd__o21bai_1)
     1    0.01    0.07    0.08    8.01 v _18721_/Y (sky130_fd_sc_hd__o21bai_1)
                                         _07116_ (net)
                  0.07    0.00    8.01 v _18722_/A1 (sky130_fd_sc_hd__a21oi_2)
     2    0.01    0.17    0.19    8.19 ^ _18722_/Y (sky130_fd_sc_hd__a21oi_2)
                                         _07117_ (net)
                  0.17    0.00    8.19 ^ _18723_/A (sky130_fd_sc_hd__xnor2_1)
     1    0.01    0.21    0.17    8.36 ^ _18723_/Y (sky130_fd_sc_hd__xnor2_1)
                                         _12720_ (net)
                  0.21    0.00    8.36 ^ _27455_/B (sky130_fd_sc_hd__fa_1)
     1    0.01    0.11    0.49    8.86 v _27455_/SUM (sky130_fd_sc_hd__fa_1)
                                         _12722_ (net)
                  0.11    0.00    8.86 v _27919_/A (sky130_fd_sc_hd__ha_4)
     4    0.01    0.05    0.28    9.13 v _27919_/SUM (sky130_fd_sc_hd__ha_4)
                                         _14158_ (net)
                  0.05    0.00    9.13 v _23293_/A2 (sky130_fd_sc_hd__a21o_1)
     1    0.01    0.05    0.19    9.32 v _23293_/X (sky130_fd_sc_hd__a21o_1)
                                         _09340_ (net)
                  0.05    0.00    9.32 v _23294_/A1 (sky130_fd_sc_hd__a21o_4)
     3    0.02    0.05    0.22    9.54 v _23294_/X (sky130_fd_sc_hd__a21o_4)
                                         _09341_ (net)
                  0.05    0.00    9.54 v _23310_/B1 (sky130_fd_sc_hd__a21oi_2)
     1    0.01    0.10    0.11    9.65 ^ _23310_/Y (sky130_fd_sc_hd__a21oi_2)
                                         _09356_ (net)
                  0.10    0.00    9.65 ^ _23311_/B1 (sky130_fd_sc_hd__o21ai_2)
     2    0.01    0.10    0.10    9.75 v _23311_/Y (sky130_fd_sc_hd__o21ai_2)
                                         _09357_ (net)
                  0.10    0.00    9.75 v _23319_/A (sky130_fd_sc_hd__nor3_2)
     2    0.01    0.19    0.24    9.99 ^ _23319_/Y (sky130_fd_sc_hd__nor3_2)
                                         _09363_ (net)
                  0.19    0.00    9.99 ^ _23329_/C (sky130_fd_sc_hd__or3_4)
     2    0.02    0.06    0.18   10.17 ^ _23329_/X (sky130_fd_sc_hd__or3_4)
                                         _09371_ (net)
                  0.06    0.00   10.17 ^ _23344_/A3 (sky130_fd_sc_hd__a31oi_4)
     3    0.01    0.10    0.11   10.27 v _23344_/Y (sky130_fd_sc_hd__a31oi_4)
                                         _09384_ (net)
                  0.10    0.00   10.27 v _23354_/A1 (sky130_fd_sc_hd__a41o_4)
     3    0.02    0.06    0.26   10.53 v _23354_/X (sky130_fd_sc_hd__a41o_4)
                                         _09392_ (net)
                  0.06    0.00   10.53 v _23377_/A1 (sky130_fd_sc_hd__o41ai_4)
     2    0.01    0.31    0.40   10.93 ^ _23377_/Y (sky130_fd_sc_hd__o41ai_4)
                                         _09411_ (net)
                  0.31    0.00   10.93 ^ _23386_/A2 (sky130_fd_sc_hd__o22ai_2)
     2    0.01    0.09    0.14   11.07 v _23386_/Y (sky130_fd_sc_hd__o22ai_2)
                                         _09418_ (net)
                  0.09    0.00   11.07 v _23397_/A3 (sky130_fd_sc_hd__o41ai_2)
     2    0.01    0.34    0.36   11.43 ^ _23397_/Y (sky130_fd_sc_hd__o41ai_2)
                                         _09427_ (net)
                  0.34    0.00   11.43 ^ _23404_/A1 (sky130_fd_sc_hd__o21bai_1)
     1    0.01    0.09    0.14   11.58 v _23404_/Y (sky130_fd_sc_hd__o21bai_1)
                                         _09432_ (net)
                  0.09    0.00   11.58 v _23405_/A1 (sky130_fd_sc_hd__a21oi_1)
     1    0.01    0.18    0.19   11.76 ^ _23405_/Y (sky130_fd_sc_hd__a21oi_1)
                                         _09433_ (net)
                  0.18    0.00   11.76 ^ _23406_/A (sky130_fd_sc_hd__xnor2_1)
     1    0.00    0.05    0.09   11.85 v _23406_/Y (sky130_fd_sc_hd__xnor2_1)
                                         hash.CA1.p2[30] (net)
                  0.05    0.00   11.85 v hash.p2_cap[30]$_DFF_P_/D (sky130_fd_sc_hd__dfxtp_1)
                                 11.85   data arrival time

                         10.00   10.00   clock core_clock (rise edge)
                          0.00   10.00   clock source latency
     1    0.13    0.00    0.00   10.00 ^ clk (in)
                                         clk (net)
                  0.01    0.00   10.00 ^ clkbuf_0_clk/A (sky130_fd_sc_hd__clkbuf_16)
     4    0.22    0.23    0.25   10.26 ^ clkbuf_0_clk/X (sky130_fd_sc_hd__clkbuf_16)
                                         clknet_0_clk (net)
                  0.23    0.00   10.26 ^ clkbuf_2_3_0_clk/A (sky130_fd_sc_hd__clkbuf_16)
     8    0.21    0.23    0.33   10.59 ^ clkbuf_2_3_0_clk/X (sky130_fd_sc_hd__clkbuf_16)
                                         clknet_2_3_0_clk (net)
                  0.23    0.00   10.59 ^ clkbuf_5_25__f_clk/A (sky130_fd_sc_hd__clkbuf_16)
     7    0.12    0.13    0.26   10.85 ^ clkbuf_5_25__f_clk/X (sky130_fd_sc_hd__clkbuf_16)
                                         clknet_5_25__leaf_clk (net)
                  0.13    0.00   10.85 ^ clkbuf_leaf_170_clk/A (sky130_fd_sc_hd__clkbuf_16)
     9    0.04    0.06    0.18   11.02 ^ clkbuf_leaf_170_clk/X (sky130_fd_sc_hd__clkbuf_16)
                                         clknet_leaf_170_clk (net)
                  0.06    0.00   11.02 ^ hash.p2_cap[30]$_DFF_P_/CLK (sky130_fd_sc_hd__dfxtp_1)
                          0.00   11.02   clock reconvergence pessimism
                         -0.11   10.92   library setup time
                                 10.92   data required time
-----------------------------------------------------------------------------
                                 10.92   data required time
                                -11.85   data arrival time
-----------------------------------------------------------------------------
                                 -0.94   slack (VIOLATED)



==========================================================================
cts final report_checks -unconstrained
--------------------------------------------------------------------------
Startpoint: hash.p2_cap[25]$_DFF_P_
            (rising edge-triggered flip-flop clocked by core_clock)
Endpoint: hash.p2_cap[30]$_DFF_P_
          (rising edge-triggered flip-flop clocked by core_clock)
Path Group: core_clock
Path Type: max

Fanout     Cap    Slew   Delay    Time   Description
-----------------------------------------------------------------------------
                          0.00    0.00   clock core_clock (rise edge)
                          0.00    0.00   clock source latency
     1    0.13    0.00    0.00    0.00 ^ clk (in)
                                         clk (net)
                  0.01    0.00    0.00 ^ clkbuf_0_clk/A (sky130_fd_sc_hd__clkbuf_16)
     4    0.22    0.23    0.25    0.26 ^ clkbuf_0_clk/X (sky130_fd_sc_hd__clkbuf_16)
                                         clknet_0_clk (net)
                  0.23    0.00    0.26 ^ clkbuf_2_3_0_clk/A (sky130_fd_sc_hd__clkbuf_16)
     8    0.21    0.23    0.33    0.59 ^ clkbuf_2_3_0_clk/X (sky130_fd_sc_hd__clkbuf_16)
                                         clknet_2_3_0_clk (net)
                  0.23    0.00    0.59 ^ clkbuf_5_24__f_clk/A (sky130_fd_sc_hd__clkbuf_16)
     5    0.10    0.12    0.25    0.84 ^ clkbuf_5_24__f_clk/X (sky130_fd_sc_hd__clkbuf_16)
                                         clknet_5_24__leaf_clk (net)
                  0.12    0.00    0.84 ^ clkbuf_leaf_171_clk/A (sky130_fd_sc_hd__clkbuf_16)
     8    0.04    0.06    0.17    1.01 ^ clkbuf_leaf_171_clk/X (sky130_fd_sc_hd__clkbuf_16)
                                         clknet_leaf_171_clk (net)
                  0.06    0.00    1.01 ^ hash.p2_cap[25]$_DFF_P_/CLK (sky130_fd_sc_hd__dfxtp_4)
     5    0.05    0.09    0.40    1.40 v hash.p2_cap[25]$_DFF_P_/Q (sky130_fd_sc_hd__dfxtp_4)
                                         hash.CA2.S1.X[25] (net)
                  0.09    0.01    1.41 v _14773_/A (sky130_fd_sc_hd__xnor2_2)
     1    0.01    0.07    0.16    1.57 v _14773_/Y (sky130_fd_sc_hd__xnor2_2)
                                         _04381_ (net)
                  0.07    0.00    1.57 v _14774_/A (sky130_fd_sc_hd__xnor2_2)
     1    0.01    0.23    0.24    1.81 ^ _14774_/Y (sky130_fd_sc_hd__xnor2_2)
                                         _13230_ (net)
                  0.23    0.00    1.81 ^ _27607_/A (sky130_fd_sc_hd__ha_4)
     3    0.02    0.08    0.20    2.02 ^ _27607_/COUT (sky130_fd_sc_hd__ha_4)
                                         _13231_ (net)
                  0.08    0.00    2.02 ^ _18753_/A (sky130_fd_sc_hd__clkinv_4)
     1    0.01    0.03    0.05    2.06 v _18753_/Y (sky130_fd_sc_hd__clkinv_4)
                                         _12083_ (net)
                  0.03    0.00    2.06 v _27310_/CIN (sky130_fd_sc_hd__fa_2)
     2    0.01    0.07    0.33    2.39 v _27310_/COUT (sky130_fd_sc_hd__fa_2)
                                         _12086_ (net)
                  0.07    0.00    2.39 v _14919_/A (sky130_fd_sc_hd__nor2b_1)
     1    0.01    0.14    0.15    2.54 ^ _14919_/Y (sky130_fd_sc_hd__nor2b_1)
                                         _04507_ (net)
                  0.14    0.00    2.54 ^ _14920_/A1 (sky130_fd_sc_hd__o21ai_2)
     2    0.01    0.07    0.11    2.65 v _14920_/Y (sky130_fd_sc_hd__o21ai_2)
                                         _04508_ (net)
                  0.07    0.00    2.65 v _14921_/A1 (sky130_fd_sc_hd__a21boi_4)
     2    0.01    0.12    0.15    2.79 ^ _14921_/Y (sky130_fd_sc_hd__a21boi_4)
                                         _04509_ (net)
                  0.12    0.00    2.79 ^ _14966_/A1 (sky130_fd_sc_hd__o21a_4)
     2    0.01    0.04    0.15    2.94 ^ _14966_/X (sky130_fd_sc_hd__o21a_4)
                                         _04546_ (net)
                  0.04    0.00    2.94 ^ _15011_/A2 (sky130_fd_sc_hd__o21ai_2)
     2    0.01    0.05    0.06    3.00 v _15011_/Y (sky130_fd_sc_hd__o21ai_2)
                                         _04583_ (net)
                  0.05    0.00    3.00 v _15054_/A1 (sky130_fd_sc_hd__a21boi_2)
     2    0.02    0.21    0.22    3.22 ^ _15054_/Y (sky130_fd_sc_hd__a21boi_2)
                                         _04618_ (net)
                  0.21    0.00    3.22 ^ _15079_/A3 (sky130_fd_sc_hd__o31ai_4)
     3    0.02    0.09    0.11    3.32 v _15079_/Y (sky130_fd_sc_hd__o31ai_4)
                                         _04635_ (net)
                  0.09    0.00    3.32 v _15107_/A1 (sky130_fd_sc_hd__o21bai_1)
     1    0.01    0.17    0.20    3.52 ^ _15107_/Y (sky130_fd_sc_hd__o21bai_1)
                                         _04655_ (net)
                  0.17    0.00    3.52 ^ _15108_/A1 (sky130_fd_sc_hd__a211oi_2)
     1    0.01    0.07    0.10    3.62 v _15108_/Y (sky130_fd_sc_hd__a211oi_2)
                                         _04656_ (net)
                  0.07    0.00    3.62 v _15109_/A (sky130_fd_sc_hd__nor2_2)
     2    0.02    0.21    0.21    3.83 ^ _15109_/Y (sky130_fd_sc_hd__nor2_2)
                                         _13330_ (net)
                  0.21    0.00    3.83 ^ _27683_/A (sky130_fd_sc_hd__ha_4)
     4    0.02    0.06    0.26    4.09 v _27683_/SUM (sky130_fd_sc_hd__ha_4)
                                         _13473_ (net)
                  0.06    0.00    4.09 v _17963_/A2 (sky130_fd_sc_hd__a21oi_4)
     2    0.01    0.13    0.17    4.27 ^ _17963_/Y (sky130_fd_sc_hd__a21oi_4)
                                         _06602_ (net)
                  0.13    0.00    4.27 ^ _17964_/B1 (sky130_fd_sc_hd__o21ai_2)
     3    0.01    0.07    0.10    4.36 v _17964_/Y (sky130_fd_sc_hd__o21ai_2)
                                         _06603_ (net)
                  0.07    0.00    4.36 v _17980_/C (sky130_fd_sc_hd__or4_4)
     2    0.02    0.10    0.52    4.89 v _17980_/X (sky130_fd_sc_hd__or4_4)
                                         _06617_ (net)
                  0.10    0.00    4.89 v _17994_/A1 (sky130_fd_sc_hd__a211oi_4)
     2    0.01    0.24    0.27    5.16 ^ _17994_/Y (sky130_fd_sc_hd__a211oi_4)
                                         _06627_ (net)
                  0.24    0.00    5.16 ^ _18047_/A2 (sky130_fd_sc_hd__o21ai_2)
     1    0.01    0.08    0.11    5.27 v _18047_/Y (sky130_fd_sc_hd__o21ai_2)
                                         _06668_ (net)
                  0.08    0.00    5.27 v _18050_/B2 (sky130_fd_sc_hd__a221oi_4)
     3    0.02    0.32    0.36    5.63 ^ _18050_/Y (sky130_fd_sc_hd__a221oi_4)
                                         _06671_ (net)
                  0.32    0.00    5.63 ^ _18090_/B (sky130_fd_sc_hd__nor2_1)
     1    0.00    0.07    0.07    5.70 v _18090_/Y (sky130_fd_sc_hd__nor2_1)
                                         _06703_ (net)
                  0.07    0.00    5.70 v _18091_/A2 (sky130_fd_sc_hd__o31a_1)
     2    0.02    0.10    0.34    6.04 v _18091_/X (sky130_fd_sc_hd__o31a_1)
                                         _06704_ (net)
                  0.10    0.00    6.04 v _18092_/A1 (sky130_fd_sc_hd__o21ai_4)
     3    0.03    0.23    0.26    6.30 ^ _18092_/Y (sky130_fd_sc_hd__o21ai_4)
                                         _06705_ (net)
                  0.23    0.00    6.30 ^ _18107_/B (sky130_fd_sc_hd__nor2_4)
     1    0.01    0.05    0.06    6.36 v _18107_/Y (sky130_fd_sc_hd__nor2_4)
                                         _06716_ (net)
                  0.05    0.00    6.36 v _18112_/B1 (sky130_fd_sc_hd__a211oi_4)
     3    0.02    0.29    0.31    6.67 ^ _18112_/Y (sky130_fd_sc_hd__a211oi_4)
                                         hash.CA1.S1.X[30] (net)
                  0.29    0.00    6.67 ^ rebuffer1/A (sky130_fd_sc_hd__buf_6)
     5    0.05    0.10    0.20    6.87 ^ rebuffer1/X (sky130_fd_sc_hd__buf_6)
                                         net1046 (net)
                  0.10    0.00    6.87 ^ _20011_/B (sky130_fd_sc_hd__xnor2_4)
     1    0.01    0.10    0.08    6.95 v _20011_/Y (sky130_fd_sc_hd__xnor2_4)
                                         _13896_ (net)
                  0.10    0.00    6.95 v _27835_/B (sky130_fd_sc_hd__ha_4)
     3    0.01    0.04    0.19    7.14 v _27835_/COUT (sky130_fd_sc_hd__ha_4)
                                         _13898_ (net)
                  0.04    0.00    7.14 v _18498_/C (sky130_fd_sc_hd__or3_4)
     1    0.01    0.07    0.33    7.47 v _18498_/X (sky130_fd_sc_hd__or3_4)
                                         _06951_ (net)
                  0.07    0.00    7.47 v _18499_/B1 (sky130_fd_sc_hd__a311oi_2)
     2    0.01    0.23    0.27    7.74 ^ _18499_/Y (sky130_fd_sc_hd__a311oi_2)
                                         _06952_ (net)
                  0.23    0.00    7.74 ^ _18500_/A (sky130_fd_sc_hd__or2_4)
     3    0.01    0.06    0.19    7.92 ^ _18500_/X (sky130_fd_sc_hd__or2_4)
                                         _06953_ (net)
                  0.06    0.00    7.92 ^ _18721_/A1 (sky130_fd_sc_hd__o21bai_1)
     1    0.01    0.07    0.08    8.01 v _18721_/Y (sky130_fd_sc_hd__o21bai_1)
                                         _07116_ (net)
                  0.07    0.00    8.01 v _18722_/A1 (sky130_fd_sc_hd__a21oi_2)
     2    0.01    0.17    0.19    8.19 ^ _18722_/Y (sky130_fd_sc_hd__a21oi_2)
                                         _07117_ (net)
                  0.17    0.00    8.19 ^ _18723_/A (sky130_fd_sc_hd__xnor2_1)
     1    0.01    0.21    0.17    8.36 ^ _18723_/Y (sky130_fd_sc_hd__xnor2_1)
                                         _12720_ (net)
                  0.21    0.00    8.36 ^ _27455_/B (sky130_fd_sc_hd__fa_1)
     1    0.01    0.11    0.49    8.86 v _27455_/SUM (sky130_fd_sc_hd__fa_1)
                                         _12722_ (net)
                  0.11    0.00    8.86 v _27919_/A (sky130_fd_sc_hd__ha_4)
     4    0.01    0.05    0.28    9.13 v _27919_/SUM (sky130_fd_sc_hd__ha_4)
                                         _14158_ (net)
                  0.05    0.00    9.13 v _23293_/A2 (sky130_fd_sc_hd__a21o_1)
     1    0.01    0.05    0.19    9.32 v _23293_/X (sky130_fd_sc_hd__a21o_1)
                                         _09340_ (net)
                  0.05    0.00    9.32 v _23294_/A1 (sky130_fd_sc_hd__a21o_4)
     3    0.02    0.05    0.22    9.54 v _23294_/X (sky130_fd_sc_hd__a21o_4)
                                         _09341_ (net)
                  0.05    0.00    9.54 v _23310_/B1 (sky130_fd_sc_hd__a21oi_2)
     1    0.01    0.10    0.11    9.65 ^ _23310_/Y (sky130_fd_sc_hd__a21oi_2)
                                         _09356_ (net)
                  0.10    0.00    9.65 ^ _23311_/B1 (sky130_fd_sc_hd__o21ai_2)
     2    0.01    0.10    0.10    9.75 v _23311_/Y (sky130_fd_sc_hd__o21ai_2)
                                         _09357_ (net)
                  0.10    0.00    9.75 v _23319_/A (sky130_fd_sc_hd__nor3_2)
     2    0.01    0.19    0.24    9.99 ^ _23319_/Y (sky130_fd_sc_hd__nor3_2)
                                         _09363_ (net)
                  0.19    0.00    9.99 ^ _23329_/C (sky130_fd_sc_hd__or3_4)
     2    0.02    0.06    0.18   10.17 ^ _23329_/X (sky130_fd_sc_hd__or3_4)
                                         _09371_ (net)
                  0.06    0.00   10.17 ^ _23344_/A3 (sky130_fd_sc_hd__a31oi_4)
     3    0.01    0.10    0.11   10.27 v _23344_/Y (sky130_fd_sc_hd__a31oi_4)
                                         _09384_ (net)
                  0.10    0.00   10.27 v _23354_/A1 (sky130_fd_sc_hd__a41o_4)
     3    0.02    0.06    0.26   10.53 v _23354_/X (sky130_fd_sc_hd__a41o_4)
                                         _09392_ (net)
                  0.06    0.00   10.53 v _23377_/A1 (sky130_fd_sc_hd__o41ai_4)
     2    0.01    0.31    0.40   10.93 ^ _23377_/Y (sky130_fd_sc_hd__o41ai_4)
                                         _09411_ (net)
                  0.31    0.00   10.93 ^ _23386_/A2 (sky130_fd_sc_hd__o22ai_2)
     2    0.01    0.09    0.14   11.07 v _23386_/Y (sky130_fd_sc_hd__o22ai_2)
                                         _09418_ (net)
                  0.09    0.00   11.07 v _23397_/A3 (sky130_fd_sc_hd__o41ai_2)
     2    0.01    0.34    0.36   11.43 ^ _23397_/Y (sky130_fd_sc_hd__o41ai_2)
                                         _09427_ (net)
                  0.34    0.00   11.43 ^ _23404_/A1 (sky130_fd_sc_hd__o21bai_1)
     1    0.01    0.09    0.14   11.58 v _23404_/Y (sky130_fd_sc_hd__o21bai_1)
                                         _09432_ (net)
                  0.09    0.00   11.58 v _23405_/A1 (sky130_fd_sc_hd__a21oi_1)
     1    0.01    0.18    0.19   11.76 ^ _23405_/Y (sky130_fd_sc_hd__a21oi_1)
                                         _09433_ (net)
                  0.18    0.00   11.76 ^ _23406_/A (sky130_fd_sc_hd__xnor2_1)
     1    0.00    0.05    0.09   11.85 v _23406_/Y (sky130_fd_sc_hd__xnor2_1)
                                         hash.CA1.p2[30] (net)
                  0.05    0.00   11.85 v hash.p2_cap[30]$_DFF_P_/D (sky130_fd_sc_hd__dfxtp_1)
                                 11.85   data arrival time

                         10.00   10.00   clock core_clock (rise edge)
                          0.00   10.00   clock source latency
     1    0.13    0.00    0.00   10.00 ^ clk (in)
                                         clk (net)
                  0.01    0.00   10.00 ^ clkbuf_0_clk/A (sky130_fd_sc_hd__clkbuf_16)
     4    0.22    0.23    0.25   10.26 ^ clkbuf_0_clk/X (sky130_fd_sc_hd__clkbuf_16)
                                         clknet_0_clk (net)
                  0.23    0.00   10.26 ^ clkbuf_2_3_0_clk/A (sky130_fd_sc_hd__clkbuf_16)
     8    0.21    0.23    0.33   10.59 ^ clkbuf_2_3_0_clk/X (sky130_fd_sc_hd__clkbuf_16)
                                         clknet_2_3_0_clk (net)
                  0.23    0.00   10.59 ^ clkbuf_5_25__f_clk/A (sky130_fd_sc_hd__clkbuf_16)
     7    0.12    0.13    0.26   10.85 ^ clkbuf_5_25__f_clk/X (sky130_fd_sc_hd__clkbuf_16)
                                         clknet_5_25__leaf_clk (net)
                  0.13    0.00   10.85 ^ clkbuf_leaf_170_clk/A (sky130_fd_sc_hd__clkbuf_16)
     9    0.04    0.06    0.18   11.02 ^ clkbuf_leaf_170_clk/X (sky130_fd_sc_hd__clkbuf_16)
                                         clknet_leaf_170_clk (net)
                  0.06    0.00   11.02 ^ hash.p2_cap[30]$_DFF_P_/CLK (sky130_fd_sc_hd__dfxtp_1)
                          0.00   11.02   clock reconvergence pessimism
                         -0.11   10.92   library setup time
                                 10.92   data required time
-----------------------------------------------------------------------------
                                 10.92   data required time
                                -11.85   data arrival time
-----------------------------------------------------------------------------
                                 -0.94   slack (VIOLATED)



==========================================================================
cts final report_check_types -max_slew -max_cap -max_fanout -violators
--------------------------------------------------------------------------

==========================================================================
cts final max_slew_check_slack
--------------------------------------------------------------------------
0.07569212466478348

==========================================================================
cts final max_slew_check_limit
--------------------------------------------------------------------------
1.4979510307312012

==========================================================================
cts final max_slew_check_slack_limit
--------------------------------------------------------------------------
0.0505

==========================================================================
cts final max_fanout_check_slack
--------------------------------------------------------------------------
1.0000000150474662e+30

==========================================================================
cts final max_fanout_check_limit
--------------------------------------------------------------------------
1.0000000150474662e+30

==========================================================================
cts final max_capacitance_check_slack
--------------------------------------------------------------------------
0.007678387686610222

==========================================================================
cts final max_capacitance_check_limit
--------------------------------------------------------------------------
0.1620579957962036

==========================================================================
cts final max_capacitance_check_slack_limit
--------------------------------------------------------------------------
0.0474

==========================================================================
cts final max_slew_violation_count
--------------------------------------------------------------------------
max slew violation count 0

==========================================================================
cts final max_fanout_violation_count
--------------------------------------------------------------------------
max fanout violation count 0

==========================================================================
cts final max_cap_violation_count
--------------------------------------------------------------------------
max cap violation count 0

==========================================================================
cts final setup_violation_count
--------------------------------------------------------------------------
setup violation count 23

==========================================================================
cts final hold_violation_count
--------------------------------------------------------------------------
hold violation count 0

==========================================================================
cts final report_checks -path_delay max reg to reg
--------------------------------------------------------------------------
Startpoint: hash.p2_cap[25]$_DFF_P_
            (rising edge-triggered flip-flop clocked by core_clock)
Endpoint: hash.p2_cap[30]$_DFF_P_
          (rising edge-triggered flip-flop clocked by core_clock)
Path Group: core_clock
Path Type: max

  Delay    Time   Description
---------------------------------------------------------
   0.00    0.00   clock core_clock (rise edge)
   0.00    0.00   clock source latency
   0.00    0.00 ^ clk (in)
   0.26    0.26 ^ clkbuf_0_clk/X (sky130_fd_sc_hd__clkbuf_16)
   0.33    0.59 ^ clkbuf_2_3_0_clk/X (sky130_fd_sc_hd__clkbuf_16)
   0.25    0.84 ^ clkbuf_5_24__f_clk/X (sky130_fd_sc_hd__clkbuf_16)
   0.17    1.01 ^ clkbuf_leaf_171_clk/X (sky130_fd_sc_hd__clkbuf_16)
   0.00    1.01 ^ hash.p2_cap[25]$_DFF_P_/CLK (sky130_fd_sc_hd__dfxtp_4)
   0.40    1.40 v hash.p2_cap[25]$_DFF_P_/Q (sky130_fd_sc_hd__dfxtp_4)
   0.17    1.57 v _14773_/Y (sky130_fd_sc_hd__xnor2_2)
   0.24    1.81 ^ _14774_/Y (sky130_fd_sc_hd__xnor2_2)
   0.21    2.02 ^ _27607_/COUT (sky130_fd_sc_hd__ha_4)
   0.05    2.06 v _18753_/Y (sky130_fd_sc_hd__clkinv_4)
   0.33    2.39 v _27310_/COUT (sky130_fd_sc_hd__fa_2)
   0.15    2.54 ^ _14919_/Y (sky130_fd_sc_hd__nor2b_1)
   0.11    2.65 v _14920_/Y (sky130_fd_sc_hd__o21ai_2)
   0.15    2.79 ^ _14921_/Y (sky130_fd_sc_hd__a21boi_4)
   0.15    2.94 ^ _14966_/X (sky130_fd_sc_hd__o21a_4)
   0.06    3.00 v _15011_/Y (sky130_fd_sc_hd__o21ai_2)
   0.22    3.22 ^ _15054_/Y (sky130_fd_sc_hd__a21boi_2)
   0.11    3.32 v _15079_/Y (sky130_fd_sc_hd__o31ai_4)
   0.20    3.52 ^ _15107_/Y (sky130_fd_sc_hd__o21bai_1)
   0.10    3.62 v _15108_/Y (sky130_fd_sc_hd__a211oi_2)
   0.21    3.83 ^ _15109_/Y (sky130_fd_sc_hd__nor2_2)
   0.26    4.09 v _27683_/SUM (sky130_fd_sc_hd__ha_4)
   0.17    4.27 ^ _17963_/Y (sky130_fd_sc_hd__a21oi_4)
   0.10    4.36 v _17964_/Y (sky130_fd_sc_hd__o21ai_2)
   0.52    4.89 v _17980_/X (sky130_fd_sc_hd__or4_4)
   0.28    5.16 ^ _17994_/Y (sky130_fd_sc_hd__a211oi_4)
   0.11    5.27 v _18047_/Y (sky130_fd_sc_hd__o21ai_2)
   0.36    5.63 ^ _18050_/Y (sky130_fd_sc_hd__a221oi_4)
   0.07    5.70 v _18090_/Y (sky130_fd_sc_hd__nor2_1)
   0.34    6.04 v _18091_/X (sky130_fd_sc_hd__o31a_1)
   0.26    6.30 ^ _18092_/Y (sky130_fd_sc_hd__o21ai_4)
   0.06    6.36 v _18107_/Y (sky130_fd_sc_hd__nor2_4)
   0.31    6.67 ^ _18112_/Y (sky130_fd_sc_hd__a211oi_4)
   0.20    6.87 ^ rebuffer1/X (sky130_fd_sc_hd__buf_6)
   0.08    6.95 v _20011_/Y (sky130_fd_sc_hd__xnor2_4)
   0.19    7.14 v _27835_/COUT (sky130_fd_sc_hd__ha_4)
   0.33    7.47 v _18498_/X (sky130_fd_sc_hd__or3_4)
   0.27    7.74 ^ _18499_/Y (sky130_fd_sc_hd__a311oi_2)
   0.19    7.92 ^ _18500_/X (sky130_fd_sc_hd__or2_4)
   0.08    8.01 v _18721_/Y (sky130_fd_sc_hd__o21bai_1)
   0.19    8.19 ^ _18722_/Y (sky130_fd_sc_hd__a21oi_2)
   0.17    8.36 ^ _18723_/Y (sky130_fd_sc_hd__xnor2_1)
   0.49    8.86 v _27455_/SUM (sky130_fd_sc_hd__fa_1)
   0.28    9.13 v _27919_/SUM (sky130_fd_sc_hd__ha_4)
   0.19    9.32 v _23293_/X (sky130_fd_sc_hd__a21o_1)
   0.22    9.54 v _23294_/X (sky130_fd_sc_hd__a21o_4)
   0.11    9.65 ^ _23310_/Y (sky130_fd_sc_hd__a21oi_2)
   0.10    9.75 v _23311_/Y (sky130_fd_sc_hd__o21ai_2)
   0.24    9.99 ^ _23319_/Y (sky130_fd_sc_hd__nor3_2)
   0.18   10.17 ^ _23329_/X (sky130_fd_sc_hd__or3_4)
   0.11   10.27 v _23344_/Y (sky130_fd_sc_hd__a31oi_4)
   0.26   10.53 v _23354_/X (sky130_fd_sc_hd__a41o_4)
   0.40   10.93 ^ _23377_/Y (sky130_fd_sc_hd__o41ai_4)
   0.14   11.07 v _23386_/Y (sky130_fd_sc_hd__o22ai_2)
   0.36   11.43 ^ _23397_/Y (sky130_fd_sc_hd__o41ai_2)
   0.14   11.58 v _23404_/Y (sky130_fd_sc_hd__o21bai_1)
   0.19   11.76 ^ _23405_/Y (sky130_fd_sc_hd__a21oi_1)
   0.09   11.85 v _23406_/Y (sky130_fd_sc_hd__xnor2_1)
   0.00   11.85 v hash.p2_cap[30]$_DFF_P_/D (sky130_fd_sc_hd__dfxtp_1)
          11.85   data arrival time

  10.00   10.00   clock core_clock (rise edge)
   0.00   10.00   clock source latency
   0.00   10.00 ^ clk (in)
   0.26   10.26 ^ clkbuf_0_clk/X (sky130_fd_sc_hd__clkbuf_16)
   0.33   10.59 ^ clkbuf_2_3_0_clk/X (sky130_fd_sc_hd__clkbuf_16)
   0.26   10.85 ^ clkbuf_5_25__f_clk/X (sky130_fd_sc_hd__clkbuf_16)
   0.18   11.02 ^ clkbuf_leaf_170_clk/X (sky130_fd_sc_hd__clkbuf_16)
   0.00   11.02 ^ hash.p2_cap[30]$_DFF_P_/CLK (sky130_fd_sc_hd__dfxtp_1)
   0.00   11.02   clock reconvergence pessimism
  -0.11   10.92   library setup time
          10.92   data required time
---------------------------------------------------------
          10.92   data required time
         -11.85   data arrival time
---------------------------------------------------------
          -0.94   slack (VIOLATED)



==========================================================================
cts final report_checks -path_delay min reg to reg
--------------------------------------------------------------------------
Startpoint: ready_dash$_SDFF_PP0_
            (rising edge-triggered flip-flop clocked by core_clock)
Endpoint: ready$_DFF_P_ (rising edge-triggered flip-flop clocked by core_clock)
Path Group: core_clock
Path Type: min

  Delay    Time   Description
---------------------------------------------------------
   0.00    0.00   clock core_clock (rise edge)
   0.00    0.00   clock source latency
   0.00    0.00 ^ clk (in)
   0.26    0.26 ^ clkbuf_0_clk/X (sky130_fd_sc_hd__clkbuf_16)
   0.32    0.58 ^ clkbuf_2_1_0_clk/X (sky130_fd_sc_hd__clkbuf_16)
   0.28    0.86 ^ clkbuf_5_9__f_clk/X (sky130_fd_sc_hd__clkbuf_16)
   0.18    1.04 ^ clkbuf_leaf_225_clk/X (sky130_fd_sc_hd__clkbuf_16)
   0.00    1.04 ^ ready_dash$_SDFF_PP0_/CLK (sky130_fd_sc_hd__dfxtp_1)
   0.30    1.34 ^ ready_dash$_SDFF_PP0_/Q (sky130_fd_sc_hd__dfxtp_1)
   0.00    1.34 ^ ready$_DFF_P_/D (sky130_fd_sc_hd__dfxtp_1)
           1.34   data arrival time

   0.00    0.00   clock core_clock (rise edge)
   0.00    0.00   clock source latency
   0.00    0.00 ^ clk (in)
   0.26    0.26 ^ clkbuf_0_clk/X (sky130_fd_sc_hd__clkbuf_16)
   0.32    0.58 ^ clkbuf_2_1_0_clk/X (sky130_fd_sc_hd__clkbuf_16)
   0.28    0.86 ^ clkbuf_5_9__f_clk/X (sky130_fd_sc_hd__clkbuf_16)
   0.18    1.04 ^ clkbuf_leaf_225_clk/X (sky130_fd_sc_hd__clkbuf_16)
   0.00    1.04 ^ ready$_DFF_P_/CLK (sky130_fd_sc_hd__dfxtp_1)
   0.00    1.04   clock reconvergence pessimism
  -0.03    1.01   library hold time
           1.01   data required time
---------------------------------------------------------
           1.01   data required time
          -1.34   data arrival time
---------------------------------------------------------
           0.33   slack (MET)



==========================================================================
cts final critical path target clock latency max path
--------------------------------------------------------------------------
1.0302

==========================================================================
cts final critical path target clock latency min path
--------------------------------------------------------------------------
1.1178

==========================================================================
cts final critical path source clock latency min path
--------------------------------------------------------------------------
0.0000

==========================================================================
cts final critical path delay
--------------------------------------------------------------------------
11.8527

==========================================================================
cts final critical path slack
--------------------------------------------------------------------------
-0.9376

==========================================================================
cts final slack div critical path delay
--------------------------------------------------------------------------
-7.910434

==========================================================================
cts final report_power
--------------------------------------------------------------------------
Group                  Internal  Switching    Leakage      Total
                          Power      Power      Power      Power (Watts)
----------------------------------------------------------------
Sequential             1.96e-02   3.51e-03   2.77e-08   2.31e-02   5.1%
Combinational          1.74e-01   2.42e-01   5.46e-08   4.16e-01  92.1%
Clock                  6.99e-03   5.50e-03   5.22e-09   1.25e-02   2.8%
Macro                  0.00e+00   0.00e+00   0.00e+00   0.00e+00   0.0%
Pad                    0.00e+00   0.00e+00   0.00e+00   0.00e+00   0.0%
----------------------------------------------------------------
Total                  2.01e-01   2.51e-01   8.75e-08   4.52e-01 100.0%
                          44.4%      55.6%       0.0%
