
==========================================================================
finish report_tns
--------------------------------------------------------------------------
tns -3.29

==========================================================================
finish report_wns
--------------------------------------------------------------------------
wns -0.86

==========================================================================
finish report_worst_slack
--------------------------------------------------------------------------
worst slack -0.86

==========================================================================
finish report_clock_skew
--------------------------------------------------------------------------
Clock core_clock
   0.99 source latency w[2][20]$_DFFE_PP_/CLK ^
  -1.12 target latency w[43][16]$_SDFFCE_PN0P_/CLK ^
   0.00 CRPR
--------------
  -0.12 setup skew


==========================================================================
finish report_checks -path_delay min
--------------------------------------------------------------------------
Startpoint: ready_dash$_SDFF_PP0_
            (rising edge-triggered flip-flop clocked by core_clock)
Endpoint: ready$_DFF_P_ (rising edge-triggered flip-flop clocked by core_clock)
Path Group: core_clock
Path Type: min

Fanout     Cap    Slew   Delay    Time   Description
-----------------------------------------------------------------------------
                          0.00    0.00   clock core_clock (rise edge)
                          0.00    0.00   clock source latency
     2    0.12    0.00    0.00    0.00 ^ clk (in)
                                         clk (net)
                  0.02    0.01    0.01 ^ clkbuf_0_clk/A (sky130_fd_sc_hd__clkbuf_16)
     4    0.19    0.20    0.22    0.23 ^ clkbuf_0_clk/X (sky130_fd_sc_hd__clkbuf_16)
                                         clknet_0_clk (net)
                  0.20    0.02    0.25 ^ clkbuf_2_3_0_clk/A (sky130_fd_sc_hd__clkbuf_16)
     8    0.21    0.22    0.31    0.56 ^ clkbuf_2_3_0_clk/X (sky130_fd_sc_hd__clkbuf_16)
                                         clknet_2_3_0_clk (net)
                  0.22    0.00    0.57 ^ clkbuf_5_24__f_clk/A (sky130_fd_sc_hd__clkbuf_16)
     9    0.14    0.16    0.27    0.84 ^ clkbuf_5_24__f_clk/X (sky130_fd_sc_hd__clkbuf_16)
                                         clknet_5_24__leaf_clk (net)
                  0.16    0.00    0.84 ^ clkbuf_leaf_216_clk/A (sky130_fd_sc_hd__clkbuf_16)
    10    0.03    0.06    0.18    1.02 ^ clkbuf_leaf_216_clk/X (sky130_fd_sc_hd__clkbuf_16)
                                         clknet_leaf_216_clk (net)
                  0.06    0.00    1.02 ^ ready_dash$_SDFF_PP0_/CLK (sky130_fd_sc_hd__dfxtp_1)
     1    0.00    0.02    0.29    1.31 v ready_dash$_SDFF_PP0_/Q (sky130_fd_sc_hd__dfxtp_1)
                                         ready_dash (net)
                  0.02    0.00    1.31 v ready$_DFF_P_/D (sky130_fd_sc_hd__dfxtp_4)
                                  1.31   data arrival time

                          0.00    0.00   clock core_clock (rise edge)
                          0.00    0.00   clock source latency
     2    0.12    0.00    0.00    0.00 ^ clk (in)
                                         clk (net)
                  0.02    0.01    0.01 ^ clkbuf_0_clk/A (sky130_fd_sc_hd__clkbuf_16)
     4    0.19    0.20    0.22    0.23 ^ clkbuf_0_clk/X (sky130_fd_sc_hd__clkbuf_16)
                                         clknet_0_clk (net)
                  0.20    0.02    0.25 ^ clkbuf_2_3_0_clk/A (sky130_fd_sc_hd__clkbuf_16)
     8    0.21    0.22    0.31    0.56 ^ clkbuf_2_3_0_clk/X (sky130_fd_sc_hd__clkbuf_16)
                                         clknet_2_3_0_clk (net)
                  0.22    0.00    0.57 ^ clkbuf_5_24__f_clk/A (sky130_fd_sc_hd__clkbuf_16)
     9    0.14    0.16    0.27    0.84 ^ clkbuf_5_24__f_clk/X (sky130_fd_sc_hd__clkbuf_16)
                                         clknet_5_24__leaf_clk (net)
                  0.16    0.00    0.84 ^ clkbuf_leaf_216_clk/A (sky130_fd_sc_hd__clkbuf_16)
    10    0.03    0.06    0.18    1.02 ^ clkbuf_leaf_216_clk/X (sky130_fd_sc_hd__clkbuf_16)
                                         clknet_leaf_216_clk (net)
                  0.06    0.00    1.02 ^ ready$_DFF_P_/CLK (sky130_fd_sc_hd__dfxtp_4)
                          0.00    1.02   clock reconvergence pessimism
                         -0.03    0.99   library hold time
                                  0.99   data required time
-----------------------------------------------------------------------------
                                  0.99   data required time
                                 -1.31   data arrival time
-----------------------------------------------------------------------------
                                  0.32   slack (MET)



==========================================================================
finish report_checks -path_delay max
--------------------------------------------------------------------------
Startpoint: hash.p2_cap[0]$_DFF_P_
            (rising edge-triggered flip-flop clocked by core_clock)
Endpoint: hash.p3_cap[31]$_DFF_P_
          (rising edge-triggered flip-flop clocked by core_clock)
Path Group: core_clock
Path Type: max

Fanout     Cap    Slew   Delay    Time   Description
-----------------------------------------------------------------------------
                          0.00    0.00   clock core_clock (rise edge)
                          0.00    0.00   clock source latency
     2    0.12    0.00    0.00    0.00 ^ clk (in)
                                         clk (net)
                  0.02    0.01    0.01 ^ clkbuf_0_clk/A (sky130_fd_sc_hd__clkbuf_16)
     4    0.19    0.20    0.22    0.23 ^ clkbuf_0_clk/X (sky130_fd_sc_hd__clkbuf_16)
                                         clknet_0_clk (net)
                  0.20    0.02    0.25 ^ clkbuf_2_3_0_clk/A (sky130_fd_sc_hd__clkbuf_16)
     8    0.21    0.22    0.31    0.56 ^ clkbuf_2_3_0_clk/X (sky130_fd_sc_hd__clkbuf_16)
                                         clknet_2_3_0_clk (net)
                  0.22    0.01    0.57 ^ clkbuf_5_26__f_clk/A (sky130_fd_sc_hd__clkbuf_16)
    11    0.16    0.17    0.28    0.85 ^ clkbuf_5_26__f_clk/X (sky130_fd_sc_hd__clkbuf_16)
                                         clknet_5_26__leaf_clk (net)
                  0.17    0.01    0.86 ^ clkbuf_leaf_213_clk/A (sky130_fd_sc_hd__clkbuf_16)
    11    0.04    0.06    0.18    1.04 ^ clkbuf_leaf_213_clk/X (sky130_fd_sc_hd__clkbuf_16)
                                         clknet_leaf_213_clk (net)
                  0.06    0.00    1.04 ^ hash.p2_cap[0]$_DFF_P_/CLK (sky130_fd_sc_hd__dfxtp_4)
     6    0.06    0.18    0.44    1.49 ^ hash.p2_cap[0]$_DFF_P_/Q (sky130_fd_sc_hd__dfxtp_4)
                                         hash.CA2.S1.X[0] (net)
                  0.18    0.00    1.49 ^ _20132_/S (sky130_fd_sc_hd__mux2_1)
     1    0.00    0.06    0.35    1.84 v _20132_/X (sky130_fd_sc_hd__mux2_1)
                                         _13397_ (net)
                  0.06    0.00    1.84 v _27949_/A (sky130_fd_sc_hd__ha_2)
     3    0.01    0.05    0.21    2.05 v _27949_/COUT (sky130_fd_sc_hd__ha_2)
                                         _13399_ (net)
                  0.05    0.00    2.05 v rebuffer7/A (sky130_fd_sc_hd__dlygate4sd1_1)
     1    0.01    0.04    0.24    2.29 v rebuffer7/X (sky130_fd_sc_hd__dlygate4sd1_1)
                                         net1018 (net)
                  0.04    0.00    2.29 v _15336_/A1 (sky130_fd_sc_hd__a211oi_2)
     2    0.01    0.20    0.21    2.51 ^ _15336_/Y (sky130_fd_sc_hd__a211oi_2)
                                         _04704_ (net)
                  0.20    0.00    2.51 ^ _15387_/A1 (sky130_fd_sc_hd__o21a_1)
     2    0.01    0.12    0.21    2.72 ^ _15387_/X (sky130_fd_sc_hd__o21a_1)
                                         _04747_ (net)
                  0.12    0.00    2.72 ^ _15446_/A1 (sky130_fd_sc_hd__o21ai_2)
     2    0.01    0.08    0.10    2.82 v _15446_/Y (sky130_fd_sc_hd__o21ai_2)
                                         _04798_ (net)
                  0.08    0.00    2.82 v _15486_/A3 (sky130_fd_sc_hd__o31a_2)
     3    0.03    0.10    0.36    3.19 v _15486_/X (sky130_fd_sc_hd__o31a_2)
                                         _04830_ (net)
                  0.10    0.00    3.19 v _15533_/A3 (sky130_fd_sc_hd__a31oi_4)
     4    0.02    0.23    0.28    3.47 ^ _15533_/Y (sky130_fd_sc_hd__a31oi_4)
                                         _04861_ (net)
                  0.23    0.00    3.47 ^ _15581_/A1 (sky130_fd_sc_hd__o21ai_0)
     1    0.00    0.09    0.13    3.60 v _15581_/Y (sky130_fd_sc_hd__o21ai_0)
                                         _04893_ (net)
                  0.09    0.00    3.60 v _15582_/A2 (sky130_fd_sc_hd__a21oi_1)
     2    0.01    0.24    0.25    3.85 ^ _15582_/Y (sky130_fd_sc_hd__a21oi_1)
                                         _04894_ (net)
                  0.24    0.00    3.85 ^ _15602_/B (sky130_fd_sc_hd__nor2_1)
     1    0.00    0.06    0.08    3.93 v _15602_/Y (sky130_fd_sc_hd__nor2_1)
                                         _04906_ (net)
                  0.06    0.00    3.93 v _15603_/A2 (sky130_fd_sc_hd__o21ai_1)
     1    0.01    0.14    0.15    4.08 ^ _15603_/Y (sky130_fd_sc_hd__o21ai_1)
                                         _04907_ (net)
                  0.14    0.00    4.08 ^ _15604_/B (sky130_fd_sc_hd__nand2_1)
     1    0.01    0.07    0.11    4.19 v _15604_/Y (sky130_fd_sc_hd__nand2_1)
                                         _04908_ (net)
                  0.07    0.00    4.19 v _15605_/B (sky130_fd_sc_hd__xor2_2)
     3    0.01    0.08    0.17    4.36 v _15605_/X (sky130_fd_sc_hd__xor2_2)
                                         _13547_ (net)
                  0.08    0.00    4.36 v _28036_/B (sky130_fd_sc_hd__ha_1)
     3    0.02    0.15    0.37    4.72 ^ _28036_/SUM (sky130_fd_sc_hd__ha_1)
                                         _13663_ (net)
                  0.15    0.00    4.72 ^ _18447_/A (sky130_fd_sc_hd__nand2_2)
     2    0.02    0.08    0.10    4.83 v _18447_/Y (sky130_fd_sc_hd__nand2_2)
                                         _06857_ (net)
                  0.08    0.00    4.83 v _18448_/B (sky130_fd_sc_hd__nor2_4)
     2    0.01    0.12    0.13    4.96 ^ _18448_/Y (sky130_fd_sc_hd__nor2_4)
                                         _06858_ (net)
                  0.12    0.00    4.96 ^ _18451_/A1 (sky130_fd_sc_hd__a21o_1)
     1    0.01    0.10    0.17    5.13 ^ _18451_/X (sky130_fd_sc_hd__a21o_1)
                                         _06861_ (net)
                  0.10    0.00    5.13 ^ _18452_/B1 (sky130_fd_sc_hd__a21oi_4)
     4    0.03    0.10    0.07    5.20 v _18452_/Y (sky130_fd_sc_hd__a21oi_4)
                                         _06862_ (net)
                  0.10    0.00    5.20 v _18474_/A1 (sky130_fd_sc_hd__o21ai_4)
     2    0.03    0.23    0.26    5.46 ^ _18474_/Y (sky130_fd_sc_hd__o21ai_4)
                                         _06880_ (net)
                  0.23    0.00    5.46 ^ _18487_/A3 (sky130_fd_sc_hd__a311oi_4)
     2    0.01    0.10    0.13    5.59 v _18487_/Y (sky130_fd_sc_hd__a311oi_4)
                                         _06889_ (net)
                  0.10    0.00    5.59 v _18494_/B (sky130_fd_sc_hd__or3_4)
     5    0.10    0.19    0.54    6.13 v _18494_/X (sky130_fd_sc_hd__or3_4)
                                         _06896_ (net)
                  0.19    0.00    6.14 v _20764_/B (sky130_fd_sc_hd__xnor2_4)
     1    0.02    0.11    0.20    6.34 v _20764_/Y (sky130_fd_sc_hd__xnor2_4)
                                         _14041_ (net)
                  0.11    0.00    6.34 v _28168_/A (sky130_fd_sc_hd__ha_4)
     4    0.03    0.05    0.21    6.56 v _28168_/COUT (sky130_fd_sc_hd__ha_4)
                                         _14042_ (net)
                  0.05    0.00    6.56 v _18884_/C1 (sky130_fd_sc_hd__a211oi_2)
     1    0.01    0.28    0.25    6.80 ^ _18884_/Y (sky130_fd_sc_hd__a211oi_2)
                                         _07130_ (net)
                  0.28    0.00    6.80 ^ _18887_/A1 (sky130_fd_sc_hd__o21ai_4)
     2    0.02    0.08    0.13    6.93 v _18887_/Y (sky130_fd_sc_hd__o21ai_4)
                                         _07133_ (net)
                  0.08    0.00    6.93 v _18913_/A2 (sky130_fd_sc_hd__o31ai_4)
     3    0.02    0.35    0.37    7.30 ^ _18913_/Y (sky130_fd_sc_hd__o31ai_4)
                                         _07151_ (net)
                  0.35    0.00    7.30 ^ _18956_/A1 (sky130_fd_sc_hd__o21ai_4)
     4    0.03    0.11    0.16    7.46 v _18956_/Y (sky130_fd_sc_hd__o21ai_4)
                                         _07183_ (net)
                  0.11    0.00    7.46 v _18990_/A2 (sky130_fd_sc_hd__a41oi_4)
     4    0.02    0.24    0.26    7.72 ^ _18990_/Y (sky130_fd_sc_hd__a41oi_4)
                                         _07211_ (net)
                  0.24    0.00    7.72 ^ _18991_/A (sky130_fd_sc_hd__nor2b_1)
     1    0.00    0.06    0.08    7.80 v _18991_/Y (sky130_fd_sc_hd__nor2b_1)
                                         _07212_ (net)
                  0.06    0.00    7.80 v _18992_/A2 (sky130_fd_sc_hd__o21ai_1)
     1    0.00    0.12    0.13    7.93 ^ _18992_/Y (sky130_fd_sc_hd__o21ai_1)
                                         _07213_ (net)
                  0.12    0.00    7.93 ^ _18993_/B (sky130_fd_sc_hd__nand2b_1)
     2    0.01    0.08    0.10    8.04 v _18993_/Y (sky130_fd_sc_hd__nand2b_1)
                                         _07214_ (net)
                  0.08    0.00    8.04 v _19158_/A1 (sky130_fd_sc_hd__a21o_1)
     1    0.01    0.07    0.21    8.24 v _19158_/X (sky130_fd_sc_hd__a21o_1)
                                         _07345_ (net)
                  0.07    0.00    8.24 v _19159_/A2 (sky130_fd_sc_hd__a21oi_4)
     3    0.02    0.20    0.23    8.47 ^ _19159_/Y (sky130_fd_sc_hd__a21oi_4)
                                         _07346_ (net)
                  0.20    0.00    8.47 ^ _20453_/B (sky130_fd_sc_hd__xnor2_2)
     1    0.01    0.13    0.14    8.61 ^ _20453_/Y (sky130_fd_sc_hd__xnor2_2)
                                         _12754_ (net)
                  0.13    0.00    8.61 ^ _27765_/CIN (sky130_fd_sc_hd__fa_1)
     1    0.01    0.11    0.47    9.08 v _27765_/SUM (sky130_fd_sc_hd__fa_1)
                                         _12758_ (net)
                  0.11    0.00    9.08 v _28214_/B (sky130_fd_sc_hd__ha_4)
     4    0.02    0.05    0.26    9.34 v _28214_/SUM (sky130_fd_sc_hd__ha_4)
                                         _14179_ (net)
                  0.05    0.00    9.34 v _23889_/A1 (sky130_fd_sc_hd__o21a_1)
     1    0.01    0.05    0.19    9.54 v _23889_/X (sky130_fd_sc_hd__o21a_1)
                                         _09685_ (net)
                  0.05    0.00    9.54 v _23890_/A1 (sky130_fd_sc_hd__o211ai_2)
     3    0.02    0.24    0.25    9.78 ^ _23890_/Y (sky130_fd_sc_hd__o211ai_2)
                                         _09686_ (net)
                  0.24    0.00    9.79 ^ _23895_/A2 (sky130_fd_sc_hd__o21ai_2)
     2    0.01    0.08    0.10    9.88 v _23895_/Y (sky130_fd_sc_hd__o21ai_2)
                                         _09691_ (net)
                  0.08    0.00    9.88 v _23896_/B2 (sky130_fd_sc_hd__a32o_2)
     3    0.03    0.10    0.31   10.19 v _23896_/X (sky130_fd_sc_hd__a32o_2)
                                         _09692_ (net)
                  0.10    0.00   10.19 v _23912_/D (sky130_fd_sc_hd__or4_4)
     2    0.01    0.09    0.44   10.64 v _23912_/X (sky130_fd_sc_hd__or4_4)
                                         _09704_ (net)
                  0.09    0.00   10.64 v _23927_/A2 (sky130_fd_sc_hd__a311oi_2)
     1    0.01    0.25    0.30   10.93 ^ _23927_/Y (sky130_fd_sc_hd__a311oi_2)
                                         _09717_ (net)
                  0.25    0.00   10.94 ^ _23929_/A (sky130_fd_sc_hd__nor2_2)
     3    0.02    0.08    0.11   11.05 v _23929_/Y (sky130_fd_sc_hd__nor2_2)
                                         _09719_ (net)
                  0.08    0.00   11.05 v _23951_/A1 (sky130_fd_sc_hd__o211a_1)
     2    0.01    0.07    0.27   11.32 v _23951_/X (sky130_fd_sc_hd__o211a_1)
                                         _09737_ (net)
                  0.07    0.00   11.32 v _23953_/C (sky130_fd_sc_hd__nor4b_2)
     1    0.01    0.23    0.24   11.56 ^ _23953_/Y (sky130_fd_sc_hd__nor4b_2)
                                         _09739_ (net)
                  0.23    0.00   11.56 ^ _23958_/B1 (sky130_fd_sc_hd__a211oi_2)
     1    0.01    0.07    0.08   11.64 v _23958_/Y (sky130_fd_sc_hd__a211oi_2)
                                         _09744_ (net)
                  0.07    0.00   11.64 v _23959_/B (sky130_fd_sc_hd__xnor2_1)
     1    0.00    0.06    0.12   11.77 v _23959_/Y (sky130_fd_sc_hd__xnor2_1)
                                         hash.CA1.p3[31] (net)
                  0.06    0.00   11.77 v hash.p3_cap[31]$_DFF_P_/D (sky130_fd_sc_hd__dfxtp_1)
                                 11.77   data arrival time

                         10.00   10.00   clock core_clock (rise edge)
                          0.00   10.00   clock source latency
     2    0.12    0.00    0.00   10.00 ^ clk (in)
                                         clk (net)
                  0.02    0.01   10.01 ^ clkbuf_0_clk/A (sky130_fd_sc_hd__clkbuf_16)
     4    0.19    0.20    0.22   10.23 ^ clkbuf_0_clk/X (sky130_fd_sc_hd__clkbuf_16)
                                         clknet_0_clk (net)
                  0.20    0.02   10.25 ^ clkbuf_2_3_0_clk/A (sky130_fd_sc_hd__clkbuf_16)
     8    0.21    0.22    0.31   10.56 ^ clkbuf_2_3_0_clk/X (sky130_fd_sc_hd__clkbuf_16)
                                         clknet_2_3_0_clk (net)
                  0.22    0.00   10.57 ^ clkbuf_5_29__f_clk/A (sky130_fd_sc_hd__clkbuf_16)
    11    0.15    0.16    0.28   10.85 ^ clkbuf_5_29__f_clk/X (sky130_fd_sc_hd__clkbuf_16)
                                         clknet_5_29__leaf_clk (net)
                  0.16    0.00   10.85 ^ clkbuf_leaf_175_clk/A (sky130_fd_sc_hd__clkbuf_16)
     6    0.03    0.05    0.18   11.02 ^ clkbuf_leaf_175_clk/X (sky130_fd_sc_hd__clkbuf_16)
                                         clknet_leaf_175_clk (net)
                  0.05    0.00   11.03 ^ hash.p3_cap[31]$_DFF_P_/CLK (sky130_fd_sc_hd__dfxtp_1)
                          0.00   11.03   clock reconvergence pessimism
                         -0.11   10.91   library setup time
                                 10.91   data required time
-----------------------------------------------------------------------------
                                 10.91   data required time
                                -11.77   data arrival time
-----------------------------------------------------------------------------
                                 -0.86   slack (VIOLATED)



==========================================================================
finish report_checks -unconstrained
--------------------------------------------------------------------------
Startpoint: hash.p2_cap[0]$_DFF_P_
            (rising edge-triggered flip-flop clocked by core_clock)
Endpoint: hash.p3_cap[31]$_DFF_P_
          (rising edge-triggered flip-flop clocked by core_clock)
Path Group: core_clock
Path Type: max

Fanout     Cap    Slew   Delay    Time   Description
-----------------------------------------------------------------------------
                          0.00    0.00   clock core_clock (rise edge)
                          0.00    0.00   clock source latency
     2    0.12    0.00    0.00    0.00 ^ clk (in)
                                         clk (net)
                  0.02    0.01    0.01 ^ clkbuf_0_clk/A (sky130_fd_sc_hd__clkbuf_16)
     4    0.19    0.20    0.22    0.23 ^ clkbuf_0_clk/X (sky130_fd_sc_hd__clkbuf_16)
                                         clknet_0_clk (net)
                  0.20    0.02    0.25 ^ clkbuf_2_3_0_clk/A (sky130_fd_sc_hd__clkbuf_16)
     8    0.21    0.22    0.31    0.56 ^ clkbuf_2_3_0_clk/X (sky130_fd_sc_hd__clkbuf_16)
                                         clknet_2_3_0_clk (net)
                  0.22    0.01    0.57 ^ clkbuf_5_26__f_clk/A (sky130_fd_sc_hd__clkbuf_16)
    11    0.16    0.17    0.28    0.85 ^ clkbuf_5_26__f_clk/X (sky130_fd_sc_hd__clkbuf_16)
                                         clknet_5_26__leaf_clk (net)
                  0.17    0.01    0.86 ^ clkbuf_leaf_213_clk/A (sky130_fd_sc_hd__clkbuf_16)
    11    0.04    0.06    0.18    1.04 ^ clkbuf_leaf_213_clk/X (sky130_fd_sc_hd__clkbuf_16)
                                         clknet_leaf_213_clk (net)
                  0.06    0.00    1.04 ^ hash.p2_cap[0]$_DFF_P_/CLK (sky130_fd_sc_hd__dfxtp_4)
     6    0.06    0.18    0.44    1.49 ^ hash.p2_cap[0]$_DFF_P_/Q (sky130_fd_sc_hd__dfxtp_4)
                                         hash.CA2.S1.X[0] (net)
                  0.18    0.00    1.49 ^ _20132_/S (sky130_fd_sc_hd__mux2_1)
     1    0.00    0.06    0.35    1.84 v _20132_/X (sky130_fd_sc_hd__mux2_1)
                                         _13397_ (net)
                  0.06    0.00    1.84 v _27949_/A (sky130_fd_sc_hd__ha_2)
     3    0.01    0.05    0.21    2.05 v _27949_/COUT (sky130_fd_sc_hd__ha_2)
                                         _13399_ (net)
                  0.05    0.00    2.05 v rebuffer7/A (sky130_fd_sc_hd__dlygate4sd1_1)
     1    0.01    0.04    0.24    2.29 v rebuffer7/X (sky130_fd_sc_hd__dlygate4sd1_1)
                                         net1018 (net)
                  0.04    0.00    2.29 v _15336_/A1 (sky130_fd_sc_hd__a211oi_2)
     2    0.01    0.20    0.21    2.51 ^ _15336_/Y (sky130_fd_sc_hd__a211oi_2)
                                         _04704_ (net)
                  0.20    0.00    2.51 ^ _15387_/A1 (sky130_fd_sc_hd__o21a_1)
     2    0.01    0.12    0.21    2.72 ^ _15387_/X (sky130_fd_sc_hd__o21a_1)
                                         _04747_ (net)
                  0.12    0.00    2.72 ^ _15446_/A1 (sky130_fd_sc_hd__o21ai_2)
     2    0.01    0.08    0.10    2.82 v _15446_/Y (sky130_fd_sc_hd__o21ai_2)
                                         _04798_ (net)
                  0.08    0.00    2.82 v _15486_/A3 (sky130_fd_sc_hd__o31a_2)
     3    0.03    0.10    0.36    3.19 v _15486_/X (sky130_fd_sc_hd__o31a_2)
                                         _04830_ (net)
                  0.10    0.00    3.19 v _15533_/A3 (sky130_fd_sc_hd__a31oi_4)
     4    0.02    0.23    0.28    3.47 ^ _15533_/Y (sky130_fd_sc_hd__a31oi_4)
                                         _04861_ (net)
                  0.23    0.00    3.47 ^ _15581_/A1 (sky130_fd_sc_hd__o21ai_0)
     1    0.00    0.09    0.13    3.60 v _15581_/Y (sky130_fd_sc_hd__o21ai_0)
                                         _04893_ (net)
                  0.09    0.00    3.60 v _15582_/A2 (sky130_fd_sc_hd__a21oi_1)
     2    0.01    0.24    0.25    3.85 ^ _15582_/Y (sky130_fd_sc_hd__a21oi_1)
                                         _04894_ (net)
                  0.24    0.00    3.85 ^ _15602_/B (sky130_fd_sc_hd__nor2_1)
     1    0.00    0.06    0.08    3.93 v _15602_/Y (sky130_fd_sc_hd__nor2_1)
                                         _04906_ (net)
                  0.06    0.00    3.93 v _15603_/A2 (sky130_fd_sc_hd__o21ai_1)
     1    0.01    0.14    0.15    4.08 ^ _15603_/Y (sky130_fd_sc_hd__o21ai_1)
                                         _04907_ (net)
                  0.14    0.00    4.08 ^ _15604_/B (sky130_fd_sc_hd__nand2_1)
     1    0.01    0.07    0.11    4.19 v _15604_/Y (sky130_fd_sc_hd__nand2_1)
                                         _04908_ (net)
                  0.07    0.00    4.19 v _15605_/B (sky130_fd_sc_hd__xor2_2)
     3    0.01    0.08    0.17    4.36 v _15605_/X (sky130_fd_sc_hd__xor2_2)
                                         _13547_ (net)
                  0.08    0.00    4.36 v _28036_/B (sky130_fd_sc_hd__ha_1)
     3    0.02    0.15    0.37    4.72 ^ _28036_/SUM (sky130_fd_sc_hd__ha_1)
                                         _13663_ (net)
                  0.15    0.00    4.72 ^ _18447_/A (sky130_fd_sc_hd__nand2_2)
     2    0.02    0.08    0.10    4.83 v _18447_/Y (sky130_fd_sc_hd__nand2_2)
                                         _06857_ (net)
                  0.08    0.00    4.83 v _18448_/B (sky130_fd_sc_hd__nor2_4)
     2    0.01    0.12    0.13    4.96 ^ _18448_/Y (sky130_fd_sc_hd__nor2_4)
                                         _06858_ (net)
                  0.12    0.00    4.96 ^ _18451_/A1 (sky130_fd_sc_hd__a21o_1)
     1    0.01    0.10    0.17    5.13 ^ _18451_/X (sky130_fd_sc_hd__a21o_1)
                                         _06861_ (net)
                  0.10    0.00    5.13 ^ _18452_/B1 (sky130_fd_sc_hd__a21oi_4)
     4    0.03    0.10    0.07    5.20 v _18452_/Y (sky130_fd_sc_hd__a21oi_4)
                                         _06862_ (net)
                  0.10    0.00    5.20 v _18474_/A1 (sky130_fd_sc_hd__o21ai_4)
     2    0.03    0.23    0.26    5.46 ^ _18474_/Y (sky130_fd_sc_hd__o21ai_4)
                                         _06880_ (net)
                  0.23    0.00    5.46 ^ _18487_/A3 (sky130_fd_sc_hd__a311oi_4)
     2    0.01    0.10    0.13    5.59 v _18487_/Y (sky130_fd_sc_hd__a311oi_4)
                                         _06889_ (net)
                  0.10    0.00    5.59 v _18494_/B (sky130_fd_sc_hd__or3_4)
     5    0.10    0.19    0.54    6.13 v _18494_/X (sky130_fd_sc_hd__or3_4)
                                         _06896_ (net)
                  0.19    0.00    6.14 v _20764_/B (sky130_fd_sc_hd__xnor2_4)
     1    0.02    0.11    0.20    6.34 v _20764_/Y (sky130_fd_sc_hd__xnor2_4)
                                         _14041_ (net)
                  0.11    0.00    6.34 v _28168_/A (sky130_fd_sc_hd__ha_4)
     4    0.03    0.05    0.21    6.56 v _28168_/COUT (sky130_fd_sc_hd__ha_4)
                                         _14042_ (net)
                  0.05    0.00    6.56 v _18884_/C1 (sky130_fd_sc_hd__a211oi_2)
     1    0.01    0.28    0.25    6.80 ^ _18884_/Y (sky130_fd_sc_hd__a211oi_2)
                                         _07130_ (net)
                  0.28    0.00    6.80 ^ _18887_/A1 (sky130_fd_sc_hd__o21ai_4)
     2    0.02    0.08    0.13    6.93 v _18887_/Y (sky130_fd_sc_hd__o21ai_4)
                                         _07133_ (net)
                  0.08    0.00    6.93 v _18913_/A2 (sky130_fd_sc_hd__o31ai_4)
     3    0.02    0.35    0.37    7.30 ^ _18913_/Y (sky130_fd_sc_hd__o31ai_4)
                                         _07151_ (net)
                  0.35    0.00    7.30 ^ _18956_/A1 (sky130_fd_sc_hd__o21ai_4)
     4    0.03    0.11    0.16    7.46 v _18956_/Y (sky130_fd_sc_hd__o21ai_4)
                                         _07183_ (net)
                  0.11    0.00    7.46 v _18990_/A2 (sky130_fd_sc_hd__a41oi_4)
     4    0.02    0.24    0.26    7.72 ^ _18990_/Y (sky130_fd_sc_hd__a41oi_4)
                                         _07211_ (net)
                  0.24    0.00    7.72 ^ _18991_/A (sky130_fd_sc_hd__nor2b_1)
     1    0.00    0.06    0.08    7.80 v _18991_/Y (sky130_fd_sc_hd__nor2b_1)
                                         _07212_ (net)
                  0.06    0.00    7.80 v _18992_/A2 (sky130_fd_sc_hd__o21ai_1)
     1    0.00    0.12    0.13    7.93 ^ _18992_/Y (sky130_fd_sc_hd__o21ai_1)
                                         _07213_ (net)
                  0.12    0.00    7.93 ^ _18993_/B (sky130_fd_sc_hd__nand2b_1)
     2    0.01    0.08    0.10    8.04 v _18993_/Y (sky130_fd_sc_hd__nand2b_1)
                                         _07214_ (net)
                  0.08    0.00    8.04 v _19158_/A1 (sky130_fd_sc_hd__a21o_1)
     1    0.01    0.07    0.21    8.24 v _19158_/X (sky130_fd_sc_hd__a21o_1)
                                         _07345_ (net)
                  0.07    0.00    8.24 v _19159_/A2 (sky130_fd_sc_hd__a21oi_4)
     3    0.02    0.20    0.23    8.47 ^ _19159_/Y (sky130_fd_sc_hd__a21oi_4)
                                         _07346_ (net)
                  0.20    0.00    8.47 ^ _20453_/B (sky130_fd_sc_hd__xnor2_2)
     1    0.01    0.13    0.14    8.61 ^ _20453_/Y (sky130_fd_sc_hd__xnor2_2)
                                         _12754_ (net)
                  0.13    0.00    8.61 ^ _27765_/CIN (sky130_fd_sc_hd__fa_1)
     1    0.01    0.11    0.47    9.08 v _27765_/SUM (sky130_fd_sc_hd__fa_1)
                                         _12758_ (net)
                  0.11    0.00    9.08 v _28214_/B (sky130_fd_sc_hd__ha_4)
     4    0.02    0.05    0.26    9.34 v _28214_/SUM (sky130_fd_sc_hd__ha_4)
                                         _14179_ (net)
                  0.05    0.00    9.34 v _23889_/A1 (sky130_fd_sc_hd__o21a_1)
     1    0.01    0.05    0.19    9.54 v _23889_/X (sky130_fd_sc_hd__o21a_1)
                                         _09685_ (net)
                  0.05    0.00    9.54 v _23890_/A1 (sky130_fd_sc_hd__o211ai_2)
     3    0.02    0.24    0.25    9.78 ^ _23890_/Y (sky130_fd_sc_hd__o211ai_2)
                                         _09686_ (net)
                  0.24    0.00    9.79 ^ _23895_/A2 (sky130_fd_sc_hd__o21ai_2)
     2    0.01    0.08    0.10    9.88 v _23895_/Y (sky130_fd_sc_hd__o21ai_2)
                                         _09691_ (net)
                  0.08    0.00    9.88 v _23896_/B2 (sky130_fd_sc_hd__a32o_2)
     3    0.03    0.10    0.31   10.19 v _23896_/X (sky130_fd_sc_hd__a32o_2)
                                         _09692_ (net)
                  0.10    0.00   10.19 v _23912_/D (sky130_fd_sc_hd__or4_4)
     2    0.01    0.09    0.44   10.64 v _23912_/X (sky130_fd_sc_hd__or4_4)
                                         _09704_ (net)
                  0.09    0.00   10.64 v _23927_/A2 (sky130_fd_sc_hd__a311oi_2)
     1    0.01    0.25    0.30   10.93 ^ _23927_/Y (sky130_fd_sc_hd__a311oi_2)
                                         _09717_ (net)
                  0.25    0.00   10.94 ^ _23929_/A (sky130_fd_sc_hd__nor2_2)
     3    0.02    0.08    0.11   11.05 v _23929_/Y (sky130_fd_sc_hd__nor2_2)
                                         _09719_ (net)
                  0.08    0.00   11.05 v _23951_/A1 (sky130_fd_sc_hd__o211a_1)
     2    0.01    0.07    0.27   11.32 v _23951_/X (sky130_fd_sc_hd__o211a_1)
                                         _09737_ (net)
                  0.07    0.00   11.32 v _23953_/C (sky130_fd_sc_hd__nor4b_2)
     1    0.01    0.23    0.24   11.56 ^ _23953_/Y (sky130_fd_sc_hd__nor4b_2)
                                         _09739_ (net)
                  0.23    0.00   11.56 ^ _23958_/B1 (sky130_fd_sc_hd__a211oi_2)
     1    0.01    0.07    0.08   11.64 v _23958_/Y (sky130_fd_sc_hd__a211oi_2)
                                         _09744_ (net)
                  0.07    0.00   11.64 v _23959_/B (sky130_fd_sc_hd__xnor2_1)
     1    0.00    0.06    0.12   11.77 v _23959_/Y (sky130_fd_sc_hd__xnor2_1)
                                         hash.CA1.p3[31] (net)
                  0.06    0.00   11.77 v hash.p3_cap[31]$_DFF_P_/D (sky130_fd_sc_hd__dfxtp_1)
                                 11.77   data arrival time

                         10.00   10.00   clock core_clock (rise edge)
                          0.00   10.00   clock source latency
     2    0.12    0.00    0.00   10.00 ^ clk (in)
                                         clk (net)
                  0.02    0.01   10.01 ^ clkbuf_0_clk/A (sky130_fd_sc_hd__clkbuf_16)
     4    0.19    0.20    0.22   10.23 ^ clkbuf_0_clk/X (sky130_fd_sc_hd__clkbuf_16)
                                         clknet_0_clk (net)
                  0.20    0.02   10.25 ^ clkbuf_2_3_0_clk/A (sky130_fd_sc_hd__clkbuf_16)
     8    0.21    0.22    0.31   10.56 ^ clkbuf_2_3_0_clk/X (sky130_fd_sc_hd__clkbuf_16)
                                         clknet_2_3_0_clk (net)
                  0.22    0.00   10.57 ^ clkbuf_5_29__f_clk/A (sky130_fd_sc_hd__clkbuf_16)
    11    0.15    0.16    0.28   10.85 ^ clkbuf_5_29__f_clk/X (sky130_fd_sc_hd__clkbuf_16)
                                         clknet_5_29__leaf_clk (net)
                  0.16    0.00   10.85 ^ clkbuf_leaf_175_clk/A (sky130_fd_sc_hd__clkbuf_16)
     6    0.03    0.05    0.18   11.02 ^ clkbuf_leaf_175_clk/X (sky130_fd_sc_hd__clkbuf_16)
                                         clknet_leaf_175_clk (net)
                  0.05    0.00   11.03 ^ hash.p3_cap[31]$_DFF_P_/CLK (sky130_fd_sc_hd__dfxtp_1)
                          0.00   11.03   clock reconvergence pessimism
                         -0.11   10.91   library setup time
                                 10.91   data required time
-----------------------------------------------------------------------------
                                 10.91   data required time
                                -11.77   data arrival time
-----------------------------------------------------------------------------
                                 -0.86   slack (VIOLATED)



==========================================================================
finish report_check_types -max_slew -max_cap -max_fanout -violators
--------------------------------------------------------------------------
max slew

Pin                                    Limit    Slew   Slack
------------------------------------------------------------
hash.h6_out[7]$_DFFE_PN_/DE             1.50    2.37   -0.87 (VIOLATED)
hash.h6_out[5]$_DFFE_PN_/DE             1.50    2.37   -0.87 (VIOLATED)
hash.h5_out[7]$_DFFE_PN_/DE             1.50    2.37   -0.87 (VIOLATED)
hash.h5_out[2]$_DFFE_PN_/DE             1.50    2.37   -0.87 (VIOLATED)
hash.h4_out[2]$_DFFE_PN_/DE             1.50    2.37   -0.87 (VIOLATED)
hash.h5_out[5]$_DFFE_PN_/DE             1.50    2.37   -0.87 (VIOLATED)
hash.h4_out[1]$_DFFE_PN_/DE             1.50    2.37   -0.87 (VIOLATED)
hash.h6_out[4]$_DFFE_PN_/DE             1.50    2.37   -0.87 (VIOLATED)
hash.h6_out[0]$_DFFE_PN_/DE             1.50    2.37   -0.87 (VIOLATED)
hash.h4_out[3]$_DFFE_PN_/DE             1.50    2.36   -0.86 (VIOLATED)
hash.h5_out[3]$_DFFE_PN_/DE             1.50    2.36   -0.86 (VIOLATED)
hash.h7_out[2]$_DFFE_PN_/DE             1.50    2.36   -0.86 (VIOLATED)
hash.h7_out[1]$_DFFE_PN_/DE             1.50    2.36   -0.86 (VIOLATED)
hash.h6_out[3]$_DFFE_PN_/DE             1.50    2.36   -0.86 (VIOLATED)
hash.h5_out[4]$_DFFE_PN_/DE             1.50    2.36   -0.86 (VIOLATED)
hash.h5_out[1]$_DFFE_PN_/DE             1.50    2.36   -0.86 (VIOLATED)
hash.h7_out[3]$_DFFE_PN_/DE             1.50    2.36   -0.86 (VIOLATED)
hash.h7_out[4]$_DFFE_PN_/DE             1.50    2.36   -0.86 (VIOLATED)
hash.h4_out[4]$_DFFE_PN_/DE             1.50    2.36   -0.86 (VIOLATED)
hash.h4_out[0]$_DFFE_PN_/DE             1.50    2.36   -0.86 (VIOLATED)
hash.h7_out[0]$_DFFE_PN_/DE             1.50    2.36   -0.86 (VIOLATED)
hash.h5_out[0]$_DFFE_PN_/DE             1.50    2.36   -0.86 (VIOLATED)
hash.h3_out[1]$_DFFE_PN_/DE             1.50    2.36   -0.86 (VIOLATED)
hash.h2_out[1]$_DFFE_PN_/DE             1.50    2.35   -0.85 (VIOLATED)
hash.h2_out[3]$_DFFE_PN_/DE             1.50    2.35   -0.85 (VIOLATED)
hash.h2_out[2]$_DFFE_PN_/DE             1.50    2.35   -0.85 (VIOLATED)
hash.h2_out[0]$_DFFE_PN_/DE             1.50    2.35   -0.85 (VIOLATED)
hash.h3_out[0]$_DFFE_PN_/DE             1.50    2.34   -0.84 (VIOLATED)
hash.h1_out[0]$_DFFE_PN_/DE             1.50    2.34   -0.84 (VIOLATED)
hash.h1_out[1]$_DFFE_PN_/DE             1.50    2.33   -0.83 (VIOLATED)
hash.h3_out[2]$_DFFE_PN_/DE             1.50    2.33   -0.83 (VIOLATED)
hash.h1_out[2]$_DFFE_PN_/DE             1.50    2.32   -0.82 (VIOLATED)
hash.h3_out[3]$_DFFE_PN_/DE             1.50    2.32   -0.82 (VIOLATED)
hash.h0_out[2]$_DFFE_PN_/DE             1.50    2.32   -0.82 (VIOLATED)
hash.h0_out[0]$_DFFE_PN_/DE             1.50    2.32   -0.82 (VIOLATED)
hash.h3_out[4]$_DFFE_PN_/DE             1.50    2.31   -0.81 (VIOLATED)
hash.h0_out[1]$_DFFE_PN_/DE             1.50    2.31   -0.81 (VIOLATED)
hash.h1_out[4]$_DFFE_PN_/DE             1.50    2.31   -0.81 (VIOLATED)
hash.h0_out[4]$_DFFE_PN_/DE             1.50    2.30   -0.80 (VIOLATED)
hash.h2_out[4]$_DFFE_PN_/DE             1.50    2.30   -0.80 (VIOLATED)
hash.h1_out[3]$_DFFE_PN_/DE             1.50    2.30   -0.80 (VIOLATED)
hash.h3_out[5]$_DFFE_PN_/DE             1.50    2.29   -0.79 (VIOLATED)
hash.h2_out[5]$_DFFE_PN_/DE             1.50    2.29   -0.79 (VIOLATED)
hash.h1_out[5]$_DFFE_PN_/DE             1.50    2.29   -0.79 (VIOLATED)
hash.h3_out[6]$_DFFE_PN_/DE             1.50    2.29   -0.79 (VIOLATED)
hash.h1_out[6]$_DFFE_PN_/DE             1.50    2.28   -0.78 (VIOLATED)
hash.h0_out[7]$_DFFE_PN_/DE             1.50    2.27   -0.77 (VIOLATED)
hash.h0_out[5]$_DFFE_PN_/DE             1.50    2.27   -0.77 (VIOLATED)
hash.h0_out[3]$_DFFE_PN_/DE             1.50    2.27   -0.77 (VIOLATED)
hash.h0_out[6]$_DFFE_PN_/DE             1.50    2.27   -0.77 (VIOLATED)
hash.h5_out[8]$_DFFE_PN_/DE             1.50    2.27   -0.77 (VIOLATED)
hash.h2_out[6]$_DFFE_PN_/DE             1.50    2.27   -0.77 (VIOLATED)
hash.h2_out[8]$_DFFE_PN_/DE             1.50    2.26   -0.76 (VIOLATED)
hash.h3_out[7]$_DFFE_PN_/DE             1.50    2.26   -0.76 (VIOLATED)
hash.h2_out[7]$_DFFE_PN_/DE             1.50    2.26   -0.76 (VIOLATED)
hash.h1_out[8]$_DFFE_PN_/DE             1.50    2.25   -0.75 (VIOLATED)
hash.h1_out[7]$_DFFE_PN_/DE             1.50    2.25   -0.75 (VIOLATED)
hash.h2_out[9]$_DFFE_PN_/DE             1.50    2.25   -0.75 (VIOLATED)
hash.h3_out[8]$_DFFE_PN_/DE             1.50    2.25   -0.75 (VIOLATED)
hash.h0_out[8]$_DFFE_PN_/DE             1.50    2.25   -0.75 (VIOLATED)
hash.h0_out[10]$_DFFE_PN_/DE            1.50    2.25   -0.75 (VIOLATED)
hash.h0_out[9]$_DFFE_PN_/DE             1.50    2.25   -0.75 (VIOLATED)
hash.h1_out[9]$_DFFE_PN_/DE             1.50    2.24   -0.74 (VIOLATED)
hash.h3_out[9]$_DFFE_PN_/DE             1.50    2.24   -0.74 (VIOLATED)
hash.h2_out[10]$_DFFE_PN_/DE            1.50    2.23   -0.73 (VIOLATED)
hash.h4_out[13]$_DFFE_PN_/DE            1.50    2.23   -0.73 (VIOLATED)
hash.h2_out[11]$_DFFE_PN_/DE            1.50    2.23   -0.73 (VIOLATED)
hash.h1_out[10]$_DFFE_PN_/DE            1.50    2.23   -0.73 (VIOLATED)
hash.h1_out[11]$_DFFE_PN_/DE            1.50    2.22   -0.72 (VIOLATED)
hash.h3_out[12]$_DFFE_PN_/DE            1.50    2.22   -0.72 (VIOLATED)
hash.h6_out[10]$_DFFE_PN_/DE            1.50    2.22   -0.72 (VIOLATED)
hash.h3_out[10]$_DFFE_PN_/DE            1.50    2.22   -0.72 (VIOLATED)
hash.h3_out[11]$_DFFE_PN_/DE            1.50    2.22   -0.72 (VIOLATED)
hash.h3_out[16]$_DFFE_PN_/DE            1.50    2.21   -0.71 (VIOLATED)
hash.h3_out[17]$_DFFE_PN_/DE            1.50    2.21   -0.71 (VIOLATED)
hash.h3_out[15]$_DFFE_PN_/DE            1.50    2.21   -0.71 (VIOLATED)
hash.h3_out[14]$_DFFE_PN_/DE            1.50    2.21   -0.71 (VIOLATED)
hash.h1_out[16]$_DFFE_PN_/DE            1.50    2.21   -0.71 (VIOLATED)
hash.h2_out[12]$_DFFE_PN_/DE            1.50    2.21   -0.71 (VIOLATED)
hash.h7_out[14]$_DFFE_PN_/DE            1.50    2.21   -0.71 (VIOLATED)
hash.h7_out[13]$_DFFE_PN_/DE            1.50    2.21   -0.71 (VIOLATED)
hash.h3_out[13]$_DFFE_PN_/DE            1.50    2.21   -0.71 (VIOLATED)
hash.h4_out[9]$_DFFE_PN_/DE             1.50    2.21   -0.71 (VIOLATED)
hash.h2_out[13]$_DFFE_PN_/DE            1.50    2.21   -0.71 (VIOLATED)
hash.h1_out[13]$_DFFE_PN_/DE            1.50    2.20   -0.70 (VIOLATED)
hash.h0_out[12]$_DFFE_PN_/DE            1.50    2.20   -0.70 (VIOLATED)
hash.h7_out[12]$_DFFE_PN_/DE            1.50    2.20   -0.70 (VIOLATED)
hash.h0_out[11]$_DFFE_PN_/DE            1.50    2.20   -0.70 (VIOLATED)
hash.h1_out[12]$_DFFE_PN_/DE            1.50    2.20   -0.70 (VIOLATED)
hash.h1_out[14]$_DFFE_PN_/DE            1.50    2.18   -0.68 (VIOLATED)
hash.h1_out[15]$_DFFE_PN_/DE            1.50    2.17   -0.67 (VIOLATED)
hash.h2_out[14]$_DFFE_PN_/DE            1.50    2.17   -0.67 (VIOLATED)
hash.h2_out[15]$_DFFE_PN_/DE            1.50    2.17   -0.67 (VIOLATED)
hash.h0_out[13]$_DFFE_PN_/DE            1.50    2.16   -0.66 (VIOLATED)
hash.h0_out[15]$_DFFE_PN_/DE            1.50    2.16   -0.66 (VIOLATED)
hash.h0_out[14]$_DFFE_PN_/DE            1.50    2.16   -0.66 (VIOLATED)
hash.h7_out[15]$_DFFE_PN_/DE            1.50    2.16   -0.66 (VIOLATED)
hash.h0_out[16]$_DFFE_PN_/DE            1.50    2.14   -0.64 (VIOLATED)
hash.h2_out[17]$_DFFE_PN_/DE            1.50    2.13   -0.63 (VIOLATED)
hash.h2_out[16]$_DFFE_PN_/DE            1.50    2.13   -0.63 (VIOLATED)
hash.h7_out[16]$_DFFE_PN_/DE            1.50    2.12   -0.62 (VIOLATED)
hash.h7_out[19]$_DFFE_PN_/DE            1.50    2.12   -0.62 (VIOLATED)
hash.h1_out[17]$_DFFE_PN_/DE            1.50    2.12   -0.62 (VIOLATED)
hash.h3_out[19]$_DFFE_PN_/DE            1.50    2.12   -0.62 (VIOLATED)
hash.h1_out[19]$_DFFE_PN_/DE            1.50    2.12   -0.62 (VIOLATED)
hash.h3_out[18]$_DFFE_PN_/DE            1.50    2.12   -0.62 (VIOLATED)
hash.h0_out[17]$_DFFE_PN_/DE            1.50    2.12   -0.62 (VIOLATED)
hash.h1_out[18]$_DFFE_PN_/DE            1.50    2.12   -0.62 (VIOLATED)
hash.h2_out[18]$_DFFE_PN_/DE            1.50    2.11   -0.61 (VIOLATED)
hash.h1_out[20]$_DFFE_PN_/DE            1.50    2.10   -0.60 (VIOLATED)
hash.h2_out[20]$_DFFE_PN_/DE            1.50    2.09   -0.59 (VIOLATED)
hash.h0_out[18]$_DFFE_PN_/DE            1.50    2.09   -0.59 (VIOLATED)
hash.h2_out[19]$_DFFE_PN_/DE            1.50    2.09   -0.59 (VIOLATED)
hash.h2_out[21]$_DFFE_PN_/DE            1.50    2.09   -0.59 (VIOLATED)
hash.h0_out[20]$_DFFE_PN_/DE            1.50    2.08   -0.58 (VIOLATED)
hash.h0_out[21]$_DFFE_PN_/DE            1.50    2.08   -0.58 (VIOLATED)
hash.h3_out[20]$_DFFE_PN_/DE            1.50    2.08   -0.58 (VIOLATED)
hash.h2_out[24]$_DFFE_PN_/DE            1.50    2.06   -0.56 (VIOLATED)
hash.h0_out[24]$_DFFE_PN_/DE            1.50    2.06   -0.56 (VIOLATED)
hash.h0_out[27]$_DFFE_PN_/DE            1.50    2.06   -0.56 (VIOLATED)
hash.h0_out[23]$_DFFE_PN_/DE            1.50    2.06   -0.56 (VIOLATED)
hash.h0_out[19]$_DFFE_PN_/DE            1.50    2.06   -0.56 (VIOLATED)
hash.h0_out[22]$_DFFE_PN_/DE            1.50    2.06   -0.56 (VIOLATED)
hash.h2_out[23]$_DFFE_PN_/DE            1.50    2.06   -0.56 (VIOLATED)
hash.h2_out[22]$_DFFE_PN_/DE            1.50    2.06   -0.56 (VIOLATED)
hash.h2_out[25]$_DFFE_PN_/DE            1.50    2.04   -0.54 (VIOLATED)
hash.h0_out[25]$_DFFE_PN_/DE            1.50    2.04   -0.54 (VIOLATED)
hash.h3_out[22]$_DFFE_PN_/DE            1.50    2.03   -0.53 (VIOLATED)
hash.h3_out[21]$_DFFE_PN_/DE            1.50    2.02   -0.52 (VIOLATED)
hash.h3_out[23]$_DFFE_PN_/DE            1.50    2.01   -0.51 (VIOLATED)
hash.h3_out[24]$_DFFE_PN_/DE            1.50    2.01   -0.51 (VIOLATED)
hash.h1_out[21]$_DFFE_PN_/DE            1.50    2.00   -0.50 (VIOLATED)
hash.h1_out[24]$_DFFE_PN_/DE            1.50    1.99   -0.49 (VIOLATED)
hash.h0_out[29]$_DFFE_PN_/DE            1.50    1.98   -0.48 (VIOLATED)
hash.h1_out[22]$_DFFE_PN_/DE            1.50    1.97   -0.47 (VIOLATED)
hash.h1_out[25]$_DFFE_PN_/DE            1.50    1.96   -0.46 (VIOLATED)
hash.h0_out[31]$_DFFE_PN_/DE            1.50    1.95   -0.45 (VIOLATED)
hash.h1_out[23]$_DFFE_PN_/DE            1.50    1.95   -0.45 (VIOLATED)
hash.h3_out[25]$_DFFE_PN_/DE            1.50    1.95   -0.45 (VIOLATED)
hash.h0_out[26]$_DFFE_PN_/DE            1.50    1.94   -0.44 (VIOLATED)
hash.h0_out[30]$_DFFE_PN_/DE            1.50    1.94   -0.44 (VIOLATED)
hash.h0_out[28]$_DFFE_PN_/DE            1.50    1.93   -0.43 (VIOLATED)
hash.h2_out[27]$_DFFE_PN_/DE            1.50    1.91   -0.41 (VIOLATED)
hash.h1_out[26]$_DFFE_PN_/DE            1.50    1.89   -0.39 (VIOLATED)
hash.h1_out[27]$_DFFE_PN_/DE            1.50    1.88   -0.38 (VIOLATED)
hash.h1_out[29]$_DFFE_PN_/DE            1.50    1.87   -0.37 (VIOLATED)
hash.h1_out[28]$_DFFE_PN_/DE            1.50    1.85   -0.35 (VIOLATED)
hash.h3_out[28]$_DFFE_PN_/DE            1.50    1.83   -0.33 (VIOLATED)
hash.h3_out[26]$_DFFE_PN_/DE            1.50    1.82   -0.32 (VIOLATED)
hash.h3_out[27]$_DFFE_PN_/DE            1.50    1.82   -0.32 (VIOLATED)
hash.h2_out[30]$_DFFE_PN_/DE            1.50    1.81   -0.31 (VIOLATED)
hash.h2_out[26]$_DFFE_PN_/DE            1.50    1.81   -0.31 (VIOLATED)
hash.h2_out[29]$_DFFE_PN_/DE            1.50    1.81   -0.31 (VIOLATED)
hash.h2_out[28]$_DFFE_PN_/DE            1.50    1.81   -0.31 (VIOLATED)
hash.h1_out[30]$_DFFE_PN_/DE            1.50    1.81   -0.31 (VIOLATED)
hash.h3_out[29]$_DFFE_PN_/DE            1.50    1.80   -0.30 (VIOLATED)
hash.h3_out[30]$_DFFE_PN_/DE            1.50    1.79   -0.29 (VIOLATED)
hash.h1_out[31]$_DFFE_PN_/DE            1.50    1.78   -0.28 (VIOLATED)
hash.h2_out[31]$_DFFE_PN_/DE            1.50    1.77   -0.27 (VIOLATED)
hash.h3_out[31]$_DFFE_PN_/DE            1.50    1.75   -0.25 (VIOLATED)
hash.h5_out[22]$_DFFE_PN_/DE            1.50    1.69   -0.19 (VIOLATED)
hash.h5_out[23]$_DFFE_PN_/DE            1.50    1.65   -0.15 (VIOLATED)
hash.h7_out[26]$_DFFE_PN_/DE            1.50    1.63   -0.13 (VIOLATED)
hash.h5_out[14]$_DFFE_PN_/DE            1.50    1.62   -0.12 (VIOLATED)
hash.h5_out[15]$_DFFE_PN_/DE            1.50    1.61   -0.11 (VIOLATED)
hash.h7_out[27]$_DFFE_PN_/DE            1.50    1.59   -0.09 (VIOLATED)
hash.h7_out[29]$_DFFE_PN_/DE            1.50    1.59   -0.09 (VIOLATED)
hash.h7_out[31]$_DFFE_PN_/DE            1.50    1.56   -0.06 (VIOLATED)
hash.h7_out[28]$_DFFE_PN_/DE            1.50    1.54   -0.04 (VIOLATED)
hash.h5_out[31]$_DFFE_PN_/DE            1.50    1.52   -0.02 (VIOLATED)
hash.h5_out[29]$_DFFE_PN_/DE            1.50    1.50   -0.00 (VIOLATED)


==========================================================================
finish max_slew_check_slack
--------------------------------------------------------------------------
-0.8695826530456543

==========================================================================
finish max_slew_check_limit
--------------------------------------------------------------------------
1.5

==========================================================================
finish max_slew_check_slack_limit
--------------------------------------------------------------------------
-0.5797

==========================================================================
finish max_fanout_check_slack
--------------------------------------------------------------------------
1.0000000150474662e+30

==========================================================================
finish max_fanout_check_limit
--------------------------------------------------------------------------
1.0000000150474662e+30

==========================================================================
finish max_capacitance_check_slack
--------------------------------------------------------------------------
0.00726839667186141

==========================================================================
finish max_capacitance_check_limit
--------------------------------------------------------------------------
0.144663006067276

==========================================================================
finish max_capacitance_check_slack_limit
--------------------------------------------------------------------------
0.0502

==========================================================================
finish max_slew_violation_count
--------------------------------------------------------------------------
max slew violation count 171

==========================================================================
finish max_fanout_violation_count
--------------------------------------------------------------------------
max fanout violation count 0

==========================================================================
finish max_cap_violation_count
--------------------------------------------------------------------------
max cap violation count 0

==========================================================================
finish setup_violation_count
--------------------------------------------------------------------------
setup violation count 13

==========================================================================
finish hold_violation_count
--------------------------------------------------------------------------
hold violation count 0

==========================================================================
finish report_checks -path_delay max reg to reg
--------------------------------------------------------------------------
Startpoint: hash.p2_cap[0]$_DFF_P_
            (rising edge-triggered flip-flop clocked by core_clock)
Endpoint: hash.p3_cap[31]$_DFF_P_
          (rising edge-triggered flip-flop clocked by core_clock)
Path Group: core_clock
Path Type: max

  Delay    Time   Description
---------------------------------------------------------
   0.00    0.00   clock core_clock (rise edge)
   0.00    0.00   clock source latency
   0.00    0.00 ^ clk (in)
   0.23    0.23 ^ clkbuf_0_clk/X (sky130_fd_sc_hd__clkbuf_16)
   0.33    0.56 ^ clkbuf_2_3_0_clk/X (sky130_fd_sc_hd__clkbuf_16)
   0.29    0.85 ^ clkbuf_5_26__f_clk/X (sky130_fd_sc_hd__clkbuf_16)
   0.19    1.04 ^ clkbuf_leaf_213_clk/X (sky130_fd_sc_hd__clkbuf_16)
   0.00    1.04 ^ hash.p2_cap[0]$_DFF_P_/CLK (sky130_fd_sc_hd__dfxtp_4)
   0.44    1.49 ^ hash.p2_cap[0]$_DFF_P_/Q (sky130_fd_sc_hd__dfxtp_4)
   0.35    1.84 v _20132_/X (sky130_fd_sc_hd__mux2_1)
   0.21    2.05 v _27949_/COUT (sky130_fd_sc_hd__ha_2)
   0.24    2.29 v rebuffer7/X (sky130_fd_sc_hd__dlygate4sd1_1)
   0.21    2.51 ^ _15336_/Y (sky130_fd_sc_hd__a211oi_2)
   0.21    2.72 ^ _15387_/X (sky130_fd_sc_hd__o21a_1)
   0.10    2.82 v _15446_/Y (sky130_fd_sc_hd__o21ai_2)
   0.36    3.19 v _15486_/X (sky130_fd_sc_hd__o31a_2)
   0.28    3.47 ^ _15533_/Y (sky130_fd_sc_hd__a31oi_4)
   0.14    3.60 v _15581_/Y (sky130_fd_sc_hd__o21ai_0)
   0.25    3.85 ^ _15582_/Y (sky130_fd_sc_hd__a21oi_1)
   0.08    3.93 v _15602_/Y (sky130_fd_sc_hd__nor2_1)
   0.15    4.08 ^ _15603_/Y (sky130_fd_sc_hd__o21ai_1)
   0.11    4.19 v _15604_/Y (sky130_fd_sc_hd__nand2_1)
   0.17    4.36 v _15605_/X (sky130_fd_sc_hd__xor2_2)
   0.37    4.72 ^ _28036_/SUM (sky130_fd_sc_hd__ha_1)
   0.10    4.83 v _18447_/Y (sky130_fd_sc_hd__nand2_2)
   0.13    4.96 ^ _18448_/Y (sky130_fd_sc_hd__nor2_4)
   0.17    5.13 ^ _18451_/X (sky130_fd_sc_hd__a21o_1)
   0.07    5.20 v _18452_/Y (sky130_fd_sc_hd__a21oi_4)
   0.26    5.46 ^ _18474_/Y (sky130_fd_sc_hd__o21ai_4)
   0.13    5.59 v _18487_/Y (sky130_fd_sc_hd__a311oi_4)
   0.54    6.13 v _18494_/X (sky130_fd_sc_hd__or3_4)
   0.21    6.34 v _20764_/Y (sky130_fd_sc_hd__xnor2_4)
   0.21    6.56 v _28168_/COUT (sky130_fd_sc_hd__ha_4)
   0.25    6.80 ^ _18884_/Y (sky130_fd_sc_hd__a211oi_2)
   0.13    6.93 v _18887_/Y (sky130_fd_sc_hd__o21ai_4)
   0.37    7.30 ^ _18913_/Y (sky130_fd_sc_hd__o31ai_4)
   0.16    7.46 v _18956_/Y (sky130_fd_sc_hd__o21ai_4)
   0.26    7.72 ^ _18990_/Y (sky130_fd_sc_hd__a41oi_4)
   0.08    7.80 v _18991_/Y (sky130_fd_sc_hd__nor2b_1)
   0.13    7.93 ^ _18992_/Y (sky130_fd_sc_hd__o21ai_1)
   0.10    8.04 v _18993_/Y (sky130_fd_sc_hd__nand2b_1)
   0.21    8.24 v _19158_/X (sky130_fd_sc_hd__a21o_1)
   0.23    8.47 ^ _19159_/Y (sky130_fd_sc_hd__a21oi_4)
   0.14    8.61 ^ _20453_/Y (sky130_fd_sc_hd__xnor2_2)
   0.47    9.08 v _27765_/SUM (sky130_fd_sc_hd__fa_1)
   0.26    9.34 v _28214_/SUM (sky130_fd_sc_hd__ha_4)
   0.19    9.54 v _23889_/X (sky130_fd_sc_hd__o21a_1)
   0.25    9.78 ^ _23890_/Y (sky130_fd_sc_hd__o211ai_2)
   0.10    9.88 v _23895_/Y (sky130_fd_sc_hd__o21ai_2)
   0.31   10.19 v _23896_/X (sky130_fd_sc_hd__a32o_2)
   0.45   10.64 v _23912_/X (sky130_fd_sc_hd__or4_4)
   0.30   10.93 ^ _23927_/Y (sky130_fd_sc_hd__a311oi_2)
   0.11   11.05 v _23929_/Y (sky130_fd_sc_hd__nor2_2)
   0.27   11.32 v _23951_/X (sky130_fd_sc_hd__o211a_1)
   0.24   11.56 ^ _23953_/Y (sky130_fd_sc_hd__nor4b_2)
   0.08   11.64 v _23958_/Y (sky130_fd_sc_hd__a211oi_2)
   0.12   11.77 v _23959_/Y (sky130_fd_sc_hd__xnor2_1)
   0.00   11.77 v hash.p3_cap[31]$_DFF_P_/D (sky130_fd_sc_hd__dfxtp_1)
          11.77   data arrival time

  10.00   10.00   clock core_clock (rise edge)
   0.00   10.00   clock source latency
   0.00   10.00 ^ clk (in)
   0.23   10.23 ^ clkbuf_0_clk/X (sky130_fd_sc_hd__clkbuf_16)
   0.33   10.56 ^ clkbuf_2_3_0_clk/X (sky130_fd_sc_hd__clkbuf_16)
   0.28   10.85 ^ clkbuf_5_29__f_clk/X (sky130_fd_sc_hd__clkbuf_16)
   0.18   11.02 ^ clkbuf_leaf_175_clk/X (sky130_fd_sc_hd__clkbuf_16)
   0.00   11.03 ^ hash.p3_cap[31]$_DFF_P_/CLK (sky130_fd_sc_hd__dfxtp_1)
   0.00   11.03   clock reconvergence pessimism
  -0.11   10.91   library setup time
          10.91   data required time
---------------------------------------------------------
          10.91   data required time
         -11.77   data arrival time
---------------------------------------------------------
          -0.86   slack (VIOLATED)



==========================================================================
finish report_checks -path_delay min reg to reg
--------------------------------------------------------------------------
Startpoint: ready_dash$_SDFF_PP0_
            (rising edge-triggered flip-flop clocked by core_clock)
Endpoint: ready$_DFF_P_ (rising edge-triggered flip-flop clocked by core_clock)
Path Group: core_clock
Path Type: min

  Delay    Time   Description
---------------------------------------------------------
   0.00    0.00   clock core_clock (rise edge)
   0.00    0.00   clock source latency
   0.00    0.00 ^ clk (in)
   0.23    0.23 ^ clkbuf_0_clk/X (sky130_fd_sc_hd__clkbuf_16)
   0.33    0.56 ^ clkbuf_2_3_0_clk/X (sky130_fd_sc_hd__clkbuf_16)
   0.28    0.84 ^ clkbuf_5_24__f_clk/X (sky130_fd_sc_hd__clkbuf_16)
   0.18    1.02 ^ clkbuf_leaf_216_clk/X (sky130_fd_sc_hd__clkbuf_16)
   0.00    1.02 ^ ready_dash$_SDFF_PP0_/CLK (sky130_fd_sc_hd__dfxtp_1)
   0.29    1.31 v ready_dash$_SDFF_PP0_/Q (sky130_fd_sc_hd__dfxtp_1)
   0.00    1.31 v ready$_DFF_P_/D (sky130_fd_sc_hd__dfxtp_4)
           1.31   data arrival time

   0.00    0.00   clock core_clock (rise edge)
   0.00    0.00   clock source latency
   0.00    0.00 ^ clk (in)
   0.23    0.23 ^ clkbuf_0_clk/X (sky130_fd_sc_hd__clkbuf_16)
   0.33    0.56 ^ clkbuf_2_3_0_clk/X (sky130_fd_sc_hd__clkbuf_16)
   0.28    0.84 ^ clkbuf_5_24__f_clk/X (sky130_fd_sc_hd__clkbuf_16)
   0.18    1.02 ^ clkbuf_leaf_216_clk/X (sky130_fd_sc_hd__clkbuf_16)
   0.00    1.02 ^ ready$_DFF_P_/CLK (sky130_fd_sc_hd__dfxtp_4)
   0.00    1.02   clock reconvergence pessimism
  -0.03    0.99   library hold time
           0.99   data required time
---------------------------------------------------------
           0.99   data required time
          -1.31   data arrival time
---------------------------------------------------------
           0.32   slack (MET)



==========================================================================
finish critical path target clock latency max path
--------------------------------------------------------------------------
0.9935

==========================================================================
finish critical path target clock latency min path
--------------------------------------------------------------------------
1.0968

==========================================================================
finish critical path source clock latency min path
--------------------------------------------------------------------------
0.0000

==========================================================================
finish critical path delay
--------------------------------------------------------------------------
11.7688

==========================================================================
finish critical path slack
--------------------------------------------------------------------------
-0.8582

==========================================================================
finish slack div critical path delay
--------------------------------------------------------------------------
-7.292162

==========================================================================
finish report_power
--------------------------------------------------------------------------
Group                  Internal  Switching    Leakage      Total
                          Power      Power      Power      Power (Watts)
----------------------------------------------------------------
Sequential             2.40e-02   2.95e-03   2.77e-08   2.70e-02   4.6%
Combinational          2.21e-01   3.26e-01   7.07e-08   5.47e-01  93.2%
Clock                  7.65e-03   5.57e-03   5.60e-09   1.32e-02   2.2%
Macro                  0.00e+00   0.00e+00   0.00e+00   0.00e+00   0.0%
Pad                    0.00e+00   0.00e+00   0.00e+00   0.00e+00   0.0%
----------------------------------------------------------------
Total                  2.53e-01   3.35e-01   1.04e-07   5.87e-01 100.0%
                          43.0%      57.0%       0.0%
