
==========================================================================
detailed place report_tns
--------------------------------------------------------------------------
tns -106.63

==========================================================================
detailed place report_wns
--------------------------------------------------------------------------
wns -2.39

==========================================================================
detailed place report_worst_slack
--------------------------------------------------------------------------
worst slack -2.39

==========================================================================
detailed place report_checks -path_delay min
--------------------------------------------------------------------------
Startpoint: ready_dash$_SDFF_PP0_
            (rising edge-triggered flip-flop clocked by core_clock)
Endpoint: ready$_DFF_P_ (rising edge-triggered flip-flop clocked by core_clock)
Path Group: core_clock
Path Type: min

Fanout     Cap    Slew   Delay    Time   Description
-----------------------------------------------------------------------------
                  0.00    0.00    0.00   clock core_clock (rise edge)
                          0.00    0.00   clock network delay (ideal)
                  0.00    0.00    0.00 ^ ready_dash$_SDFF_PP0_/CLK (sky130_fd_sc_hd__dfxtp_1)
     1    0.03    0.15    0.38    0.38 v ready_dash$_SDFF_PP0_/Q (sky130_fd_sc_hd__dfxtp_1)
                                         ready_dash (net)
                  0.15    0.00    0.38 v ready$_DFF_P_/D (sky130_fd_sc_hd__dfxtp_1)
                                  0.38   data arrival time

                  0.00    0.00    0.00   clock core_clock (rise edge)
                          0.00    0.00   clock network delay (ideal)
                          0.00    0.00   clock reconvergence pessimism
                                  0.00 ^ ready$_DFF_P_/CLK (sky130_fd_sc_hd__dfxtp_1)
                         -0.11   -0.11   library hold time
                                 -0.11   data required time
-----------------------------------------------------------------------------
                                 -0.11   data required time
                                 -0.38   data arrival time
-----------------------------------------------------------------------------
                                  0.49   slack (MET)



==========================================================================
detailed place report_checks -path_delay max
--------------------------------------------------------------------------
Startpoint: hash.p2_cap[7]$_DFF_P_
            (rising edge-triggered flip-flop clocked by core_clock)
Endpoint: hash.p2_cap[30]$_DFF_P_
          (rising edge-triggered flip-flop clocked by core_clock)
Path Group: core_clock
Path Type: max

Fanout     Cap    Slew   Delay    Time   Description
-----------------------------------------------------------------------------
                  0.00    0.00    0.00   clock core_clock (rise edge)
                          0.00    0.00   clock network delay (ideal)
                  0.00    0.00    0.00 ^ hash.p2_cap[7]$_DFF_P_/CLK (sky130_fd_sc_hd__dfxtp_1)
    10    0.06    0.60    0.68    0.68 ^ hash.p2_cap[7]$_DFF_P_/Q (sky130_fd_sc_hd__dfxtp_1)
                                         hash.CA2.S1.X[7] (net)
                  0.60    0.00    0.68 ^ _14842_/A (sky130_fd_sc_hd__xnor2_1)
     1    0.01    0.12    0.17    0.86 v _14842_/Y (sky130_fd_sc_hd__xnor2_1)
                                         _04446_ (net)
                  0.12    0.00    0.86 v _14843_/B (sky130_fd_sc_hd__xnor2_1)
     2    0.02    0.37    0.35    1.21 ^ _14843_/Y (sky130_fd_sc_hd__xnor2_1)
                                         _13237_ (net)
                  0.37    0.00    1.21 ^ _27609_/B (sky130_fd_sc_hd__ha_1)
     2    0.01    0.08    0.33    1.54 v _27609_/SUM (sky130_fd_sc_hd__ha_1)
                                         _13239_ (net)
                  0.08    0.00    1.54 v _14941_/A2 (sky130_fd_sc_hd__a211oi_2)
     1    0.01    0.27    0.32    1.85 ^ _14941_/Y (sky130_fd_sc_hd__a211oi_2)
                                         _04525_ (net)
                  0.27    0.00    1.85 ^ _14944_/A1 (sky130_fd_sc_hd__o21ai_4)
     3    0.02    0.08    0.12    1.97 v _14944_/Y (sky130_fd_sc_hd__o21ai_4)
                                         _04528_ (net)
                  0.08    0.00    1.98 v _15066_/A3 (sky130_fd_sc_hd__o311ai_0)
     1    0.00    0.35    0.33    2.30 ^ _15066_/Y (sky130_fd_sc_hd__o311ai_0)
                                         _04626_ (net)
                  0.35    0.00    2.30 ^ _15067_/A1 (sky130_fd_sc_hd__a21boi_1)
     3    0.01    0.12    0.16    2.46 v _15067_/Y (sky130_fd_sc_hd__a21boi_1)
                                         _04627_ (net)
                  0.12    0.00    2.46 v _15090_/A2 (sky130_fd_sc_hd__o21ai_0)
     1    0.00    0.15    0.18    2.64 ^ _15090_/Y (sky130_fd_sc_hd__o21ai_0)
                                         _04642_ (net)
                  0.15    0.00    2.64 ^ _15091_/B (sky130_fd_sc_hd__nand2b_1)
     1    0.00    0.04    0.07    2.71 v _15091_/Y (sky130_fd_sc_hd__nand2b_1)
                                         _04643_ (net)
                  0.04    0.00    2.71 v _15092_/A2 (sky130_fd_sc_hd__a21o_1)
     2    0.01    0.06    0.20    2.92 v _15092_/X (sky130_fd_sc_hd__a21o_1)
                                         _04644_ (net)
                  0.06    0.00    2.92 v _15115_/A2 (sky130_fd_sc_hd__a211oi_1)
     1    0.01    0.26    0.29    3.20 ^ _15115_/Y (sky130_fd_sc_hd__a211oi_1)
                                         _04659_ (net)
                  0.26    0.00    3.20 ^ _15117_/A (sky130_fd_sc_hd__nor2_2)
     3    0.02    0.09    0.12    3.32 v _15117_/Y (sky130_fd_sc_hd__nor2_2)
                                         _04661_ (net)
                  0.09    0.00    3.32 v _15160_/A2 (sky130_fd_sc_hd__a31oi_2)
     2    0.01    0.24    0.27    3.59 ^ _15160_/Y (sky130_fd_sc_hd__a31oi_2)
                                         _04688_ (net)
                  0.24    0.00    3.59 ^ _15181_/A2 (sky130_fd_sc_hd__o21bai_1)
     1    0.00    0.06    0.09    3.68 v _15181_/Y (sky130_fd_sc_hd__o21bai_1)
                                         _04701_ (net)
                  0.06    0.00    3.68 v _15182_/A2 (sky130_fd_sc_hd__a21oi_1)
     1    0.01    0.24    0.24    3.92 ^ _15182_/Y (sky130_fd_sc_hd__a21oi_1)
                                         _04702_ (net)
                  0.24    0.00    3.92 ^ _15183_/B (sky130_fd_sc_hd__xnor2_2)
     3    0.02    0.30    0.20    4.12 ^ _15183_/Y (sky130_fd_sc_hd__xnor2_2)
                                         _13379_ (net)
                  0.30    0.00    4.12 ^ _27691_/B (sky130_fd_sc_hd__ha_1)
     2    0.02    0.13    0.36    4.48 v _27691_/SUM (sky130_fd_sc_hd__ha_1)
                                         _13489_ (net)
                  0.13    0.00    4.48 v _18031_/A1 (sky130_fd_sc_hd__a21o_1)
     2    0.01    0.05    0.20    4.68 v _18031_/X (sky130_fd_sc_hd__a21o_1)
                                         _06656_ (net)
                  0.05    0.00    4.68 v _18032_/C (sky130_fd_sc_hd__nor3_1)
     2    0.00    0.20    0.17    4.85 ^ _18032_/Y (sky130_fd_sc_hd__nor3_1)
                                         _06657_ (net)
                  0.20    0.00    4.85 ^ _18047_/B1 (sky130_fd_sc_hd__o21ai_0)
     1    0.01    0.13    0.17    5.02 v _18047_/Y (sky130_fd_sc_hd__o21ai_0)
                                         _06668_ (net)
                  0.13    0.00    5.02 v _18050_/B1 (sky130_fd_sc_hd__a221oi_2)
     3    0.02    0.37    0.40    5.42 ^ _18050_/Y (sky130_fd_sc_hd__a221oi_2)
                                         _06671_ (net)
                  0.37    0.00    5.42 ^ _18090_/A (sky130_fd_sc_hd__nor2_1)
     1    0.00    0.08    0.11    5.53 v _18090_/Y (sky130_fd_sc_hd__nor2_1)
                                         _06703_ (net)
                  0.08    0.00    5.53 v _18091_/A3 (sky130_fd_sc_hd__o31a_1)
     2    0.02    0.11    0.32    5.85 v _18091_/X (sky130_fd_sc_hd__o31a_1)
                                         _06704_ (net)
                  0.11    0.00    5.85 v _18092_/A2 (sky130_fd_sc_hd__o21ai_4)
     3    0.02    0.19    0.21    6.06 ^ _18092_/Y (sky130_fd_sc_hd__o21ai_4)
                                         _06705_ (net)
                  0.19    0.00    6.06 ^ _18107_/A (sky130_fd_sc_hd__nor2_2)
     1    0.01    0.06    0.08    6.14 v _18107_/Y (sky130_fd_sc_hd__nor2_2)
                                         _06716_ (net)
                  0.06    0.00    6.14 v _18112_/C1 (sky130_fd_sc_hd__a211oi_4)
     7    0.05    0.61    0.50    6.64 ^ _18112_/Y (sky130_fd_sc_hd__a211oi_4)
                                         hash.CA1.S1.X[30] (net)
                  0.61    0.00    6.64 ^ _20011_/A (sky130_fd_sc_hd__xnor2_1)
     1    0.00    0.12    0.17    6.81 v _20011_/Y (sky130_fd_sc_hd__xnor2_1)
                                         _13896_ (net)
                  0.12    0.00    6.81 v _27835_/A (sky130_fd_sc_hd__ha_2)
     3    0.01    0.05    0.23    7.05 v _27835_/COUT (sky130_fd_sc_hd__ha_2)
                                         _13898_ (net)
                  0.05    0.00    7.05 v _18498_/B (sky130_fd_sc_hd__or3_1)
     1    0.00    0.08    0.36    7.40 v _18498_/X (sky130_fd_sc_hd__or3_1)
                                         _06951_ (net)
                  0.08    0.00    7.40 v _18499_/C1 (sky130_fd_sc_hd__a311oi_2)
     2    0.02    0.39    0.35    7.76 ^ _18499_/Y (sky130_fd_sc_hd__a311oi_2)
                                         _06952_ (net)
                  0.39    0.00    7.76 ^ _18500_/B (sky130_fd_sc_hd__or2_4)
     3    0.01    0.06    0.21    7.97 ^ _18500_/X (sky130_fd_sc_hd__or2_4)
                                         _06953_ (net)
                  0.06    0.00    7.97 ^ _18721_/A2 (sky130_fd_sc_hd__o21bai_1)
     1    0.01    0.07    0.07    8.04 v _18721_/Y (sky130_fd_sc_hd__o21bai_1)
                                         _07116_ (net)
                  0.07    0.00    8.04 v _18722_/A2 (sky130_fd_sc_hd__a21oi_2)
     2    0.01    0.20    0.22    8.26 ^ _18722_/Y (sky130_fd_sc_hd__a21oi_2)
                                         _07117_ (net)
                  0.20    0.00    8.26 ^ _18723_/B (sky130_fd_sc_hd__xnor2_1)
     1    0.01    0.17    0.16    8.42 ^ _18723_/Y (sky130_fd_sc_hd__xnor2_1)
                                         _12720_ (net)
                  0.17    0.00    8.42 ^ _27455_/CIN (sky130_fd_sc_hd__fa_1)
     1    0.00    0.08    0.45    8.87 v _27455_/SUM (sky130_fd_sc_hd__fa_1)
                                         _12722_ (net)
                  0.08    0.00    8.87 v _27919_/B (sky130_fd_sc_hd__ha_1)
     4    0.02    0.12    0.36    9.23 v _27919_/SUM (sky130_fd_sc_hd__ha_1)
                                         _14158_ (net)
                  0.12    0.00    9.23 v _23293_/A1 (sky130_fd_sc_hd__a21o_1)
     1    0.01    0.04    0.19    9.42 v _23293_/X (sky130_fd_sc_hd__a21o_1)
                                         _09340_ (net)
                  0.04    0.00    9.42 v _23294_/A2 (sky130_fd_sc_hd__a21o_4)
     3    0.01    0.04    0.22    9.64 v _23294_/X (sky130_fd_sc_hd__a21o_4)
                                         _09341_ (net)
                  0.04    0.00    9.64 v _23310_/B1 (sky130_fd_sc_hd__a21oi_1)
     1    0.01    0.16    0.15    9.79 ^ _23310_/Y (sky130_fd_sc_hd__a21oi_1)
                                         _09356_ (net)
                  0.16    0.00    9.79 ^ _23311_/B1 (sky130_fd_sc_hd__o21ai_2)
     2    0.01    0.10    0.11    9.89 v _23311_/Y (sky130_fd_sc_hd__o21ai_2)
                                         _09357_ (net)
                  0.10    0.00    9.89 v _23319_/C (sky130_fd_sc_hd__nor3_1)
     2    0.01    0.27    0.24   10.13 ^ _23319_/Y (sky130_fd_sc_hd__nor3_1)
                                         _09363_ (net)
                  0.27    0.00   10.13 ^ _23329_/A (sky130_fd_sc_hd__or3_4)
     2    0.01    0.05    0.20   10.33 ^ _23329_/X (sky130_fd_sc_hd__or3_4)
                                         _09371_ (net)
                  0.05    0.00   10.33 ^ _23344_/A1 (sky130_fd_sc_hd__a31oi_2)
     3    0.02    0.13    0.13   10.45 v _23344_/Y (sky130_fd_sc_hd__a31oi_2)
                                         _09384_ (net)
                  0.13    0.00   10.45 v _23354_/A4 (sky130_fd_sc_hd__a41o_4)
     3    0.01    0.05    0.32   10.77 v _23354_/X (sky130_fd_sc_hd__a41o_4)
                                         _09392_ (net)
                  0.05    0.00   10.77 v _23377_/A4 (sky130_fd_sc_hd__o41ai_1)
     2    0.01    0.55    0.45   11.22 ^ _23377_/Y (sky130_fd_sc_hd__o41ai_1)
                                         _09411_ (net)
                  0.55    0.00   11.22 ^ _23386_/A1 (sky130_fd_sc_hd__o22ai_1)
     2    0.01    0.13    0.21   11.43 v _23386_/Y (sky130_fd_sc_hd__o22ai_1)
                                         _09418_ (net)
                  0.13    0.00   11.43 v _23397_/A4 (sky130_fd_sc_hd__o41ai_1)
     2    0.01    0.51    0.45   11.88 ^ _23397_/Y (sky130_fd_sc_hd__o41ai_1)
                                         _09427_ (net)
                  0.51    0.00   11.88 ^ _23404_/A2 (sky130_fd_sc_hd__o21bai_1)
     1    0.00    0.09    0.11   11.99 v _23404_/Y (sky130_fd_sc_hd__o21bai_1)
                                         _09432_ (net)
                  0.09    0.00   11.99 v _23405_/A2 (sky130_fd_sc_hd__a21oi_1)
     1    0.01    0.16    0.19   12.18 ^ _23405_/Y (sky130_fd_sc_hd__a21oi_1)
                                         _09433_ (net)
                  0.16    0.00   12.18 ^ _23406_/B (sky130_fd_sc_hd__xnor2_1)
     1    0.00    0.12    0.13   12.31 ^ _23406_/Y (sky130_fd_sc_hd__xnor2_1)
                                         hash.CA1.p2[30] (net)
                  0.12    0.00   12.31 ^ hash.p2_cap[30]$_DFF_P_/D (sky130_fd_sc_hd__dfxtp_1)
                                 12.31   data arrival time

                  0.00   10.00   10.00   clock core_clock (rise edge)
                          0.00   10.00   clock network delay (ideal)
                          0.00   10.00   clock reconvergence pessimism
                                 10.00 ^ hash.p2_cap[30]$_DFF_P_/CLK (sky130_fd_sc_hd__dfxtp_1)
                         -0.08    9.92   library setup time
                                  9.92   data required time
-----------------------------------------------------------------------------
                                  9.92   data required time
                                -12.31   data arrival time
-----------------------------------------------------------------------------
                                 -2.39   slack (VIOLATED)



==========================================================================
detailed place report_checks -unconstrained
--------------------------------------------------------------------------
Startpoint: hash.p2_cap[7]$_DFF_P_
            (rising edge-triggered flip-flop clocked by core_clock)
Endpoint: hash.p2_cap[30]$_DFF_P_
          (rising edge-triggered flip-flop clocked by core_clock)
Path Group: core_clock
Path Type: max

Fanout     Cap    Slew   Delay    Time   Description
-----------------------------------------------------------------------------
                  0.00    0.00    0.00   clock core_clock (rise edge)
                          0.00    0.00   clock network delay (ideal)
                  0.00    0.00    0.00 ^ hash.p2_cap[7]$_DFF_P_/CLK (sky130_fd_sc_hd__dfxtp_1)
    10    0.06    0.60    0.68    0.68 ^ hash.p2_cap[7]$_DFF_P_/Q (sky130_fd_sc_hd__dfxtp_1)
                                         hash.CA2.S1.X[7] (net)
                  0.60    0.00    0.68 ^ _14842_/A (sky130_fd_sc_hd__xnor2_1)
     1    0.01    0.12    0.17    0.86 v _14842_/Y (sky130_fd_sc_hd__xnor2_1)
                                         _04446_ (net)
                  0.12    0.00    0.86 v _14843_/B (sky130_fd_sc_hd__xnor2_1)
     2    0.02    0.37    0.35    1.21 ^ _14843_/Y (sky130_fd_sc_hd__xnor2_1)
                                         _13237_ (net)
                  0.37    0.00    1.21 ^ _27609_/B (sky130_fd_sc_hd__ha_1)
     2    0.01    0.08    0.33    1.54 v _27609_/SUM (sky130_fd_sc_hd__ha_1)
                                         _13239_ (net)
                  0.08    0.00    1.54 v _14941_/A2 (sky130_fd_sc_hd__a211oi_2)
     1    0.01    0.27    0.32    1.85 ^ _14941_/Y (sky130_fd_sc_hd__a211oi_2)
                                         _04525_ (net)
                  0.27    0.00    1.85 ^ _14944_/A1 (sky130_fd_sc_hd__o21ai_4)
     3    0.02    0.08    0.12    1.97 v _14944_/Y (sky130_fd_sc_hd__o21ai_4)
                                         _04528_ (net)
                  0.08    0.00    1.98 v _15066_/A3 (sky130_fd_sc_hd__o311ai_0)
     1    0.00    0.35    0.33    2.30 ^ _15066_/Y (sky130_fd_sc_hd__o311ai_0)
                                         _04626_ (net)
                  0.35    0.00    2.30 ^ _15067_/A1 (sky130_fd_sc_hd__a21boi_1)
     3    0.01    0.12    0.16    2.46 v _15067_/Y (sky130_fd_sc_hd__a21boi_1)
                                         _04627_ (net)
                  0.12    0.00    2.46 v _15090_/A2 (sky130_fd_sc_hd__o21ai_0)
     1    0.00    0.15    0.18    2.64 ^ _15090_/Y (sky130_fd_sc_hd__o21ai_0)
                                         _04642_ (net)
                  0.15    0.00    2.64 ^ _15091_/B (sky130_fd_sc_hd__nand2b_1)
     1    0.00    0.04    0.07    2.71 v _15091_/Y (sky130_fd_sc_hd__nand2b_1)
                                         _04643_ (net)
                  0.04    0.00    2.71 v _15092_/A2 (sky130_fd_sc_hd__a21o_1)
     2    0.01    0.06    0.20    2.92 v _15092_/X (sky130_fd_sc_hd__a21o_1)
                                         _04644_ (net)
                  0.06    0.00    2.92 v _15115_/A2 (sky130_fd_sc_hd__a211oi_1)
     1    0.01    0.26    0.29    3.20 ^ _15115_/Y (sky130_fd_sc_hd__a211oi_1)
                                         _04659_ (net)
                  0.26    0.00    3.20 ^ _15117_/A (sky130_fd_sc_hd__nor2_2)
     3    0.02    0.09    0.12    3.32 v _15117_/Y (sky130_fd_sc_hd__nor2_2)
                                         _04661_ (net)
                  0.09    0.00    3.32 v _15160_/A2 (sky130_fd_sc_hd__a31oi_2)
     2    0.01    0.24    0.27    3.59 ^ _15160_/Y (sky130_fd_sc_hd__a31oi_2)
                                         _04688_ (net)
                  0.24    0.00    3.59 ^ _15181_/A2 (sky130_fd_sc_hd__o21bai_1)
     1    0.00    0.06    0.09    3.68 v _15181_/Y (sky130_fd_sc_hd__o21bai_1)
                                         _04701_ (net)
                  0.06    0.00    3.68 v _15182_/A2 (sky130_fd_sc_hd__a21oi_1)
     1    0.01    0.24    0.24    3.92 ^ _15182_/Y (sky130_fd_sc_hd__a21oi_1)
                                         _04702_ (net)
                  0.24    0.00    3.92 ^ _15183_/B (sky130_fd_sc_hd__xnor2_2)
     3    0.02    0.30    0.20    4.12 ^ _15183_/Y (sky130_fd_sc_hd__xnor2_2)
                                         _13379_ (net)
                  0.30    0.00    4.12 ^ _27691_/B (sky130_fd_sc_hd__ha_1)
     2    0.02    0.13    0.36    4.48 v _27691_/SUM (sky130_fd_sc_hd__ha_1)
                                         _13489_ (net)
                  0.13    0.00    4.48 v _18031_/A1 (sky130_fd_sc_hd__a21o_1)
     2    0.01    0.05    0.20    4.68 v _18031_/X (sky130_fd_sc_hd__a21o_1)
                                         _06656_ (net)
                  0.05    0.00    4.68 v _18032_/C (sky130_fd_sc_hd__nor3_1)
     2    0.00    0.20    0.17    4.85 ^ _18032_/Y (sky130_fd_sc_hd__nor3_1)
                                         _06657_ (net)
                  0.20    0.00    4.85 ^ _18047_/B1 (sky130_fd_sc_hd__o21ai_0)
     1    0.01    0.13    0.17    5.02 v _18047_/Y (sky130_fd_sc_hd__o21ai_0)
                                         _06668_ (net)
                  0.13    0.00    5.02 v _18050_/B1 (sky130_fd_sc_hd__a221oi_2)
     3    0.02    0.37    0.40    5.42 ^ _18050_/Y (sky130_fd_sc_hd__a221oi_2)
                                         _06671_ (net)
                  0.37    0.00    5.42 ^ _18090_/A (sky130_fd_sc_hd__nor2_1)
     1    0.00    0.08    0.11    5.53 v _18090_/Y (sky130_fd_sc_hd__nor2_1)
                                         _06703_ (net)
                  0.08    0.00    5.53 v _18091_/A3 (sky130_fd_sc_hd__o31a_1)
     2    0.02    0.11    0.32    5.85 v _18091_/X (sky130_fd_sc_hd__o31a_1)
                                         _06704_ (net)
                  0.11    0.00    5.85 v _18092_/A2 (sky130_fd_sc_hd__o21ai_4)
     3    0.02    0.19    0.21    6.06 ^ _18092_/Y (sky130_fd_sc_hd__o21ai_4)
                                         _06705_ (net)
                  0.19    0.00    6.06 ^ _18107_/A (sky130_fd_sc_hd__nor2_2)
     1    0.01    0.06    0.08    6.14 v _18107_/Y (sky130_fd_sc_hd__nor2_2)
                                         _06716_ (net)
                  0.06    0.00    6.14 v _18112_/C1 (sky130_fd_sc_hd__a211oi_4)
     7    0.05    0.61    0.50    6.64 ^ _18112_/Y (sky130_fd_sc_hd__a211oi_4)
                                         hash.CA1.S1.X[30] (net)
                  0.61    0.00    6.64 ^ _20011_/A (sky130_fd_sc_hd__xnor2_1)
     1    0.00    0.12    0.17    6.81 v _20011_/Y (sky130_fd_sc_hd__xnor2_1)
                                         _13896_ (net)
                  0.12    0.00    6.81 v _27835_/A (sky130_fd_sc_hd__ha_2)
     3    0.01    0.05    0.23    7.05 v _27835_/COUT (sky130_fd_sc_hd__ha_2)
                                         _13898_ (net)
                  0.05    0.00    7.05 v _18498_/B (sky130_fd_sc_hd__or3_1)
     1    0.00    0.08    0.36    7.40 v _18498_/X (sky130_fd_sc_hd__or3_1)
                                         _06951_ (net)
                  0.08    0.00    7.40 v _18499_/C1 (sky130_fd_sc_hd__a311oi_2)
     2    0.02    0.39    0.35    7.76 ^ _18499_/Y (sky130_fd_sc_hd__a311oi_2)
                                         _06952_ (net)
                  0.39    0.00    7.76 ^ _18500_/B (sky130_fd_sc_hd__or2_4)
     3    0.01    0.06    0.21    7.97 ^ _18500_/X (sky130_fd_sc_hd__or2_4)
                                         _06953_ (net)
                  0.06    0.00    7.97 ^ _18721_/A2 (sky130_fd_sc_hd__o21bai_1)
     1    0.01    0.07    0.07    8.04 v _18721_/Y (sky130_fd_sc_hd__o21bai_1)
                                         _07116_ (net)
                  0.07    0.00    8.04 v _18722_/A2 (sky130_fd_sc_hd__a21oi_2)
     2    0.01    0.20    0.22    8.26 ^ _18722_/Y (sky130_fd_sc_hd__a21oi_2)
                                         _07117_ (net)
                  0.20    0.00    8.26 ^ _18723_/B (sky130_fd_sc_hd__xnor2_1)
     1    0.01    0.17    0.16    8.42 ^ _18723_/Y (sky130_fd_sc_hd__xnor2_1)
                                         _12720_ (net)
                  0.17    0.00    8.42 ^ _27455_/CIN (sky130_fd_sc_hd__fa_1)
     1    0.00    0.08    0.45    8.87 v _27455_/SUM (sky130_fd_sc_hd__fa_1)
                                         _12722_ (net)
                  0.08    0.00    8.87 v _27919_/B (sky130_fd_sc_hd__ha_1)
     4    0.02    0.12    0.36    9.23 v _27919_/SUM (sky130_fd_sc_hd__ha_1)
                                         _14158_ (net)
                  0.12    0.00    9.23 v _23293_/A1 (sky130_fd_sc_hd__a21o_1)
     1    0.01    0.04    0.19    9.42 v _23293_/X (sky130_fd_sc_hd__a21o_1)
                                         _09340_ (net)
                  0.04    0.00    9.42 v _23294_/A2 (sky130_fd_sc_hd__a21o_4)
     3    0.01    0.04    0.22    9.64 v _23294_/X (sky130_fd_sc_hd__a21o_4)
                                         _09341_ (net)
                  0.04    0.00    9.64 v _23310_/B1 (sky130_fd_sc_hd__a21oi_1)
     1    0.01    0.16    0.15    9.79 ^ _23310_/Y (sky130_fd_sc_hd__a21oi_1)
                                         _09356_ (net)
                  0.16    0.00    9.79 ^ _23311_/B1 (sky130_fd_sc_hd__o21ai_2)
     2    0.01    0.10    0.11    9.89 v _23311_/Y (sky130_fd_sc_hd__o21ai_2)
                                         _09357_ (net)
                  0.10    0.00    9.89 v _23319_/C (sky130_fd_sc_hd__nor3_1)
     2    0.01    0.27    0.24   10.13 ^ _23319_/Y (sky130_fd_sc_hd__nor3_1)
                                         _09363_ (net)
                  0.27    0.00   10.13 ^ _23329_/A (sky130_fd_sc_hd__or3_4)
     2    0.01    0.05    0.20   10.33 ^ _23329_/X (sky130_fd_sc_hd__or3_4)
                                         _09371_ (net)
                  0.05    0.00   10.33 ^ _23344_/A1 (sky130_fd_sc_hd__a31oi_2)
     3    0.02    0.13    0.13   10.45 v _23344_/Y (sky130_fd_sc_hd__a31oi_2)
                                         _09384_ (net)
                  0.13    0.00   10.45 v _23354_/A4 (sky130_fd_sc_hd__a41o_4)
     3    0.01    0.05    0.32   10.77 v _23354_/X (sky130_fd_sc_hd__a41o_4)
                                         _09392_ (net)
                  0.05    0.00   10.77 v _23377_/A4 (sky130_fd_sc_hd__o41ai_1)
     2    0.01    0.55    0.45   11.22 ^ _23377_/Y (sky130_fd_sc_hd__o41ai_1)
                                         _09411_ (net)
                  0.55    0.00   11.22 ^ _23386_/A1 (sky130_fd_sc_hd__o22ai_1)
     2    0.01    0.13    0.21   11.43 v _23386_/Y (sky130_fd_sc_hd__o22ai_1)
                                         _09418_ (net)
                  0.13    0.00   11.43 v _23397_/A4 (sky130_fd_sc_hd__o41ai_1)
     2    0.01    0.51    0.45   11.88 ^ _23397_/Y (sky130_fd_sc_hd__o41ai_1)
                                         _09427_ (net)
                  0.51    0.00   11.88 ^ _23404_/A2 (sky130_fd_sc_hd__o21bai_1)
     1    0.00    0.09    0.11   11.99 v _23404_/Y (sky130_fd_sc_hd__o21bai_1)
                                         _09432_ (net)
                  0.09    0.00   11.99 v _23405_/A2 (sky130_fd_sc_hd__a21oi_1)
     1    0.01    0.16    0.19   12.18 ^ _23405_/Y (sky130_fd_sc_hd__a21oi_1)
                                         _09433_ (net)
                  0.16    0.00   12.18 ^ _23406_/B (sky130_fd_sc_hd__xnor2_1)
     1    0.00    0.12    0.13   12.31 ^ _23406_/Y (sky130_fd_sc_hd__xnor2_1)
                                         hash.CA1.p2[30] (net)
                  0.12    0.00   12.31 ^ hash.p2_cap[30]$_DFF_P_/D (sky130_fd_sc_hd__dfxtp_1)
                                 12.31   data arrival time

                  0.00   10.00   10.00   clock core_clock (rise edge)
                          0.00   10.00   clock network delay (ideal)
                          0.00   10.00   clock reconvergence pessimism
                                 10.00 ^ hash.p2_cap[30]$_DFF_P_/CLK (sky130_fd_sc_hd__dfxtp_1)
                         -0.08    9.92   library setup time
                                  9.92   data required time
-----------------------------------------------------------------------------
                                  9.92   data required time
                                -12.31   data arrival time
-----------------------------------------------------------------------------
                                 -2.39   slack (VIOLATED)



==========================================================================
detailed place report_check_types -max_slew -max_cap -max_fanout -violators
--------------------------------------------------------------------------

==========================================================================
detailed place max_slew_check_slack
--------------------------------------------------------------------------
0.05529821291565895

==========================================================================
detailed place max_slew_check_limit
--------------------------------------------------------------------------
1.4979510307312012

==========================================================================
detailed place max_slew_check_slack_limit
--------------------------------------------------------------------------
0.0369

==========================================================================
detailed place max_fanout_check_slack
--------------------------------------------------------------------------
1.0000000150474662e+30

==========================================================================
detailed place max_fanout_check_limit
--------------------------------------------------------------------------
1.0000000150474662e+30

==========================================================================
detailed place max_capacitance_check_slack
--------------------------------------------------------------------------
0.005650563631206751

==========================================================================
detailed place max_capacitance_check_limit
--------------------------------------------------------------------------
0.1620579957962036

==========================================================================
detailed place max_capacitance_check_slack_limit
--------------------------------------------------------------------------
0.0349

==========================================================================
detailed place max_slew_violation_count
--------------------------------------------------------------------------
max slew violation count 0

==========================================================================
detailed place max_fanout_violation_count
--------------------------------------------------------------------------
max fanout violation count 0

==========================================================================
detailed place max_cap_violation_count
--------------------------------------------------------------------------
max cap violation count 0

==========================================================================
detailed place setup_violation_count
--------------------------------------------------------------------------
setup violation count 379

==========================================================================
detailed place hold_violation_count
--------------------------------------------------------------------------
hold violation count 0

==========================================================================
detailed place report_checks -path_delay max reg to reg
--------------------------------------------------------------------------
Startpoint: hash.p2_cap[7]$_DFF_P_
            (rising edge-triggered flip-flop clocked by core_clock)
Endpoint: hash.p2_cap[30]$_DFF_P_
          (rising edge-triggered flip-flop clocked by core_clock)
Path Group: core_clock
Path Type: max

  Delay    Time   Description
---------------------------------------------------------
   0.00    0.00   clock core_clock (rise edge)
   0.00    0.00   clock network delay (ideal)
   0.00    0.00 ^ hash.p2_cap[7]$_DFF_P_/CLK (sky130_fd_sc_hd__dfxtp_1)
   0.68    0.68 ^ hash.p2_cap[7]$_DFF_P_/Q (sky130_fd_sc_hd__dfxtp_1)
   0.17    0.86 v _14842_/Y (sky130_fd_sc_hd__xnor2_1)
   0.35    1.21 ^ _14843_/Y (sky130_fd_sc_hd__xnor2_1)
   0.33    1.54 v _27609_/SUM (sky130_fd_sc_hd__ha_1)
   0.32    1.85 ^ _14941_/Y (sky130_fd_sc_hd__a211oi_2)
   0.12    1.97 v _14944_/Y (sky130_fd_sc_hd__o21ai_4)
   0.33    2.30 ^ _15066_/Y (sky130_fd_sc_hd__o311ai_0)
   0.16    2.46 v _15067_/Y (sky130_fd_sc_hd__a21boi_1)
   0.18    2.64 ^ _15090_/Y (sky130_fd_sc_hd__o21ai_0)
   0.07    2.71 v _15091_/Y (sky130_fd_sc_hd__nand2b_1)
   0.20    2.92 v _15092_/X (sky130_fd_sc_hd__a21o_1)
   0.29    3.20 ^ _15115_/Y (sky130_fd_sc_hd__a211oi_1)
   0.12    3.32 v _15117_/Y (sky130_fd_sc_hd__nor2_2)
   0.27    3.59 ^ _15160_/Y (sky130_fd_sc_hd__a31oi_2)
   0.09    3.68 v _15181_/Y (sky130_fd_sc_hd__o21bai_1)
   0.24    3.92 ^ _15182_/Y (sky130_fd_sc_hd__a21oi_1)
   0.20    4.12 ^ _15183_/Y (sky130_fd_sc_hd__xnor2_2)
   0.36    4.48 v _27691_/SUM (sky130_fd_sc_hd__ha_1)
   0.20    4.68 v _18031_/X (sky130_fd_sc_hd__a21o_1)
   0.17    4.85 ^ _18032_/Y (sky130_fd_sc_hd__nor3_1)
   0.17    5.02 v _18047_/Y (sky130_fd_sc_hd__o21ai_0)
   0.40    5.42 ^ _18050_/Y (sky130_fd_sc_hd__a221oi_2)
   0.11    5.53 v _18090_/Y (sky130_fd_sc_hd__nor2_1)
   0.32    5.85 v _18091_/X (sky130_fd_sc_hd__o31a_1)
   0.21    6.06 ^ _18092_/Y (sky130_fd_sc_hd__o21ai_4)
   0.08    6.14 v _18107_/Y (sky130_fd_sc_hd__nor2_2)
   0.50    6.64 ^ _18112_/Y (sky130_fd_sc_hd__a211oi_4)
   0.17    6.81 v _20011_/Y (sky130_fd_sc_hd__xnor2_1)
   0.23    7.05 v _27835_/COUT (sky130_fd_sc_hd__ha_2)
   0.36    7.40 v _18498_/X (sky130_fd_sc_hd__or3_1)
   0.35    7.76 ^ _18499_/Y (sky130_fd_sc_hd__a311oi_2)
   0.21    7.97 ^ _18500_/X (sky130_fd_sc_hd__or2_4)
   0.07    8.04 v _18721_/Y (sky130_fd_sc_hd__o21bai_1)
   0.22    8.26 ^ _18722_/Y (sky130_fd_sc_hd__a21oi_2)
   0.16    8.42 ^ _18723_/Y (sky130_fd_sc_hd__xnor2_1)
   0.45    8.87 v _27455_/SUM (sky130_fd_sc_hd__fa_1)
   0.36    9.23 v _27919_/SUM (sky130_fd_sc_hd__ha_1)
   0.19    9.42 v _23293_/X (sky130_fd_sc_hd__a21o_1)
   0.22    9.64 v _23294_/X (sky130_fd_sc_hd__a21o_4)
   0.15    9.79 ^ _23310_/Y (sky130_fd_sc_hd__a21oi_1)
   0.11    9.89 v _23311_/Y (sky130_fd_sc_hd__o21ai_2)
   0.24   10.13 ^ _23319_/Y (sky130_fd_sc_hd__nor3_1)
   0.20   10.33 ^ _23329_/X (sky130_fd_sc_hd__or3_4)
   0.13   10.45 v _23344_/Y (sky130_fd_sc_hd__a31oi_2)
   0.32   10.77 v _23354_/X (sky130_fd_sc_hd__a41o_4)
   0.45   11.22 ^ _23377_/Y (sky130_fd_sc_hd__o41ai_1)
   0.21   11.43 v _23386_/Y (sky130_fd_sc_hd__o22ai_1)
   0.45   11.88 ^ _23397_/Y (sky130_fd_sc_hd__o41ai_1)
   0.11   11.99 v _23404_/Y (sky130_fd_sc_hd__o21bai_1)
   0.19   12.18 ^ _23405_/Y (sky130_fd_sc_hd__a21oi_1)
   0.13   12.31 ^ _23406_/Y (sky130_fd_sc_hd__xnor2_1)
   0.00   12.31 ^ hash.p2_cap[30]$_DFF_P_/D (sky130_fd_sc_hd__dfxtp_1)
          12.31   data arrival time

  10.00   10.00   clock core_clock (rise edge)
   0.00   10.00   clock network delay (ideal)
   0.00   10.00   clock reconvergence pessimism
          10.00 ^ hash.p2_cap[30]$_DFF_P_/CLK (sky130_fd_sc_hd__dfxtp_1)
  -0.08    9.92   library setup time
           9.92   data required time
---------------------------------------------------------
           9.92   data required time
         -12.31   data arrival time
---------------------------------------------------------
          -2.39   slack (VIOLATED)



==========================================================================
detailed place report_checks -path_delay min reg to reg
--------------------------------------------------------------------------
Startpoint: ready_dash$_SDFF_PP0_
            (rising edge-triggered flip-flop clocked by core_clock)
Endpoint: ready$_DFF_P_ (rising edge-triggered flip-flop clocked by core_clock)
Path Group: core_clock
Path Type: min

  Delay    Time   Description
---------------------------------------------------------
   0.00    0.00   clock core_clock (rise edge)
   0.00    0.00   clock network delay (ideal)
   0.00    0.00 ^ ready_dash$_SDFF_PP0_/CLK (sky130_fd_sc_hd__dfxtp_1)
   0.38    0.38 v ready_dash$_SDFF_PP0_/Q (sky130_fd_sc_hd__dfxtp_1)
   0.00    0.38 v ready$_DFF_P_/D (sky130_fd_sc_hd__dfxtp_1)
           0.38   data arrival time

   0.00    0.00   clock core_clock (rise edge)
   0.00    0.00   clock network delay (ideal)
   0.00    0.00   clock reconvergence pessimism
           0.00 ^ ready$_DFF_P_/CLK (sky130_fd_sc_hd__dfxtp_1)
  -0.11   -0.11   library hold time
          -0.11   data required time
---------------------------------------------------------
          -0.11   data required time
          -0.38   data arrival time
---------------------------------------------------------
           0.49   slack (MET)



==========================================================================
detailed place critical path target clock latency max path
--------------------------------------------------------------------------
0.0000

==========================================================================
detailed place critical path target clock latency min path
--------------------------------------------------------------------------
0.0000

==========================================================================
detailed place critical path source clock latency min path
--------------------------------------------------------------------------
0.0000

==========================================================================
detailed place critical path delay
--------------------------------------------------------------------------
12.3099

==========================================================================
detailed place critical path slack
--------------------------------------------------------------------------
-2.3877

==========================================================================
detailed place slack div critical path delay
--------------------------------------------------------------------------
-19.396583

==========================================================================
detailed place report_power
--------------------------------------------------------------------------
Group                  Internal  Switching    Leakage      Total
                          Power      Power      Power      Power (Watts)
----------------------------------------------------------------
Sequential             1.97e-02   3.04e-03   2.77e-08   2.28e-02   5.4%
Combinational          1.69e-01   2.29e-01   5.36e-08   3.97e-01  94.6%
Clock                  0.00e+00   0.00e+00   0.00e+00   0.00e+00   0.0%
Macro                  0.00e+00   0.00e+00   0.00e+00   0.00e+00   0.0%
Pad                    0.00e+00   0.00e+00   0.00e+00   0.00e+00   0.0%
----------------------------------------------------------------
Total                  1.88e-01   2.32e-01   8.13e-08   4.20e-01 100.0%
                          44.8%      55.2%       0.0%
