violation type: Metal Spacing
	srcs: net:_13049_
	bbox = (309.2050, 368.5550) - (309.4950, 368.6600) on Layer met1
violation type: Metal Spacing
	srcs: net:_00562_
	bbox = (377.0400, 85.4400) - (377.1300, 85.5800) on Layer met1
violation type: Metal Spacing
	srcs: net:_00562_
	bbox = (377.0400, 85.4400) - (377.1300, 85.5900) on Layer met1
violation type: Metal Spacing
	srcs: net:net303 net:w\[44\]\[24\]
	bbox = (393.3850, 574.8850) - (393.6000, 575.0200) on Layer met1
violation type: Metal Spacing
	srcs: net:net303 net:w\[44\]\[24\]
	bbox = (393.4600, 574.8850) - (393.6000, 575.0200) on Layer met1
violation type: Short
	srcs: net:_11129_ net:_11393_
	bbox = (289.5000, 338.7400) - (289.6400, 338.8800) on Layer met1
violation type: Short
	srcs: net:_11129_ net:_11393_
	bbox = (289.4250, 338.7400) - (289.7150, 338.8800) on Layer met1
violation type: Short
	srcs: net:net303 net:w\[44\]\[24\]
	bbox = (394.3800, 574.7000) - (394.5200, 575.1800) on Layer met1
violation type: Short
	srcs: net:net303 net:w\[44\]\[24\]
	bbox = (394.3800, 574.7000) - (394.5200, 574.8400) on Layer met1
violation type: Short
	srcs: net:net303 net:w\[44\]\[24\]
	bbox = (394.3800, 575.0400) - (394.5200, 575.1800) on Layer met1
violation type: Short
	srcs: net:net303 net:w\[44\]\[24\]
	bbox = (394.3800, 575.0500) - (394.5200, 575.1800) on Layer met1
violation type: Short
	srcs: net:net303 net:w\[44\]\[24\]
	bbox = (394.3800, 575.0500) - (394.5200, 575.1600) on Layer met1
