OpenROAD v2.0-19814-g250e48e05 
Features included (+) or not (-): +GPU +GUI +Python
This program is licensed under the BSD-3 license. See the LICENSE file for details.
Components of this program may be licensed under more restrictive licenses which must be honored.
[INFO ORD-0030] Using 8 thread(s).
Perform port buffering...
[INFO RSZ-0027] Inserted 513 input buffers.
[INFO RSZ-0028] Inserted 257 output buffers.
Perform buffer insertion and gate resizing...
repair_design -verbose -match_cell_footprint
[INFO RSZ-0058] Using max wire length 2154um.
Iteration |   Area    | Resized | Buffers | Nets repaired | Remaining
---------------------------------------------------------------------
        0 |     +0.0% |       0 |       0 |             0 |     18526
     1000 |     +0.0% |     153 |       0 |             0 |     17526
     2000 |     +0.0% |     283 |       0 |             0 |     16526
     3000 |     +0.0% |     325 |       0 |             0 |     15526
     4000 |     +0.0% |     424 |       0 |             0 |     14526
     5000 |     +0.0% |     559 |       0 |             0 |     13526
     6000 |     +0.0% |     782 |       0 |             0 |     12526
     7000 |     +0.1% |     933 |       0 |             0 |     11526
     8000 |     +0.1% |    1143 |       0 |             0 |     10526
     9000 |     +0.0% |    1396 |       0 |             0 |      9526
    10000 |     +0.0% |    1578 |       0 |             0 |      8526
    11000 |     +0.0% |    1788 |       0 |             0 |      7526
    12000 |     -0.1% |    2108 |       0 |             0 |      6526
    13000 |     -0.1% |    2253 |       0 |             0 |      5526
    14000 |     -0.4% |    2567 |       0 |             0 |      4526
    15000 |     -0.3% |    3126 |       0 |             0 |      3526
    16000 |     -0.3% |    4126 |       0 |             0 |      2526
    17000 |     -0.3% |    5023 |       0 |             0 |      1526
    18000 |     -0.3% |    5427 |       3 |             8 |       526
    final |     -0.3% |    5427 |       3 |             8 |         0
---------------------------------------------------------------------
[INFO RSZ-0034] Found 7 slew violations.
[INFO RSZ-0036] Found 2 capacitance violations.
[INFO RSZ-0039] Resized 5427 instances.
[INFO RSZ-0038] Inserted 3 buffers in 8 nets.
Repair tie lo fanout...
[INFO RSZ-0042] Inserted 243 tie sky130_fd_sc_hd__conb_1 instances.
Repair tie hi fanout...
[INFO RSZ-0042] Inserted 277 tie sky130_fd_sc_hd__conb_1 instances.
Floating nets: 
Report metrics stage 3, resizer...

==========================================================================
resizer report_design_area
--------------------------------------------------------------------------
Design area 257104 u^2 45% utilization.
Instance count before 23743, after 25034
Pin count before 69346, after 71928
Elapsed time: 0:14.84[h:]min:sec. CPU time: user 14.55 sys 0.28 (99%). Peak memory: 716964KB.
