
==========================================================================
finish report_tns
--------------------------------------------------------------------------
tns -1.66

==========================================================================
finish report_wns
--------------------------------------------------------------------------
wns -0.67

==========================================================================
finish report_worst_slack
--------------------------------------------------------------------------
worst slack -0.67

==========================================================================
finish report_clock_skew
--------------------------------------------------------------------------
Clock core_clock
   1.04 source latency w[27][22]$_SDFFCE_PN0P_/CLK ^
  -0.98 target latency w[38][23]$_SDFFCE_PN0P_/CLK ^
   0.00 CRPR
--------------
   0.06 setup skew


==========================================================================
finish report_checks -path_delay min
--------------------------------------------------------------------------
Startpoint: ready_dash$_SDFF_PP0_
            (rising edge-triggered flip-flop clocked by core_clock)
Endpoint: ready$_DFF_P_ (rising edge-triggered flip-flop clocked by core_clock)
Path Group: core_clock
Path Type: min

Fanout     Cap    Slew   Delay    Time   Description
-----------------------------------------------------------------------------
                          0.00    0.00   clock core_clock (rise edge)
                          0.00    0.00   clock source latency
     2    0.13    0.00    0.00    0.00 ^ clk (in)
                                         clk (net)
                  0.01    0.01    0.01 ^ clkbuf_0_clk/A (sky130_fd_sc_hd__clkbuf_16)
     4    0.19    0.20    0.24    0.24 ^ clkbuf_0_clk/X (sky130_fd_sc_hd__clkbuf_16)
                                         clknet_0_clk (net)
                  0.20    0.01    0.25 ^ clkbuf_2_2_0_clk/A (sky130_fd_sc_hd__clkbuf_16)
     8    0.18    0.19    0.29    0.54 ^ clkbuf_2_2_0_clk/X (sky130_fd_sc_hd__clkbuf_16)
                                         clknet_2_2_0_clk (net)
                  0.19    0.01    0.55 ^ clkbuf_5_22__f_clk/A (sky130_fd_sc_hd__clkbuf_16)
     8    0.13    0.15    0.26    0.81 ^ clkbuf_5_22__f_clk/X (sky130_fd_sc_hd__clkbuf_16)
                                         clknet_5_22__leaf_clk (net)
                  0.15    0.00    0.81 ^ clkbuf_leaf_188_clk/A (sky130_fd_sc_hd__clkbuf_16)
    10    0.04    0.06    0.18    0.99 ^ clkbuf_leaf_188_clk/X (sky130_fd_sc_hd__clkbuf_16)
                                         clknet_leaf_188_clk (net)
                  0.06    0.00    0.99 ^ ready_dash$_SDFF_PP0_/CLK (sky130_fd_sc_hd__dfxtp_1)
     1    0.00    0.02    0.29    1.28 v ready_dash$_SDFF_PP0_/Q (sky130_fd_sc_hd__dfxtp_1)
                                         ready_dash (net)
                  0.02    0.00    1.28 v ready$_DFF_P_/D (sky130_fd_sc_hd__dfxtp_4)
                                  1.28   data arrival time

                          0.00    0.00   clock core_clock (rise edge)
                          0.00    0.00   clock source latency
     2    0.13    0.00    0.00    0.00 ^ clk (in)
                                         clk (net)
                  0.01    0.01    0.01 ^ clkbuf_0_clk/A (sky130_fd_sc_hd__clkbuf_16)
     4    0.19    0.20    0.24    0.24 ^ clkbuf_0_clk/X (sky130_fd_sc_hd__clkbuf_16)
                                         clknet_0_clk (net)
                  0.20    0.01    0.25 ^ clkbuf_2_2_0_clk/A (sky130_fd_sc_hd__clkbuf_16)
     8    0.18    0.19    0.29    0.54 ^ clkbuf_2_2_0_clk/X (sky130_fd_sc_hd__clkbuf_16)
                                         clknet_2_2_0_clk (net)
                  0.19    0.01    0.55 ^ clkbuf_5_22__f_clk/A (sky130_fd_sc_hd__clkbuf_16)
     8    0.13    0.15    0.26    0.81 ^ clkbuf_5_22__f_clk/X (sky130_fd_sc_hd__clkbuf_16)
                                         clknet_5_22__leaf_clk (net)
                  0.15    0.00    0.81 ^ clkbuf_leaf_188_clk/A (sky130_fd_sc_hd__clkbuf_16)
    10    0.04    0.06    0.18    0.99 ^ clkbuf_leaf_188_clk/X (sky130_fd_sc_hd__clkbuf_16)
                                         clknet_leaf_188_clk (net)
                  0.06    0.00    0.99 ^ ready$_DFF_P_/CLK (sky130_fd_sc_hd__dfxtp_4)
                          0.00    0.99   clock reconvergence pessimism
                         -0.03    0.95   library hold time
                                  0.95   data required time
-----------------------------------------------------------------------------
                                  0.95   data required time
                                 -1.28   data arrival time
-----------------------------------------------------------------------------
                                  0.33   slack (MET)



==========================================================================
finish report_checks -path_delay max
--------------------------------------------------------------------------
Startpoint: hash.p2_cap[25]$_DFF_P_
            (rising edge-triggered flip-flop clocked by core_clock)
Endpoint: hash.p3_cap[31]$_DFF_P_
          (rising edge-triggered flip-flop clocked by core_clock)
Path Group: core_clock
Path Type: max

Fanout     Cap    Slew   Delay    Time   Description
-----------------------------------------------------------------------------
                          0.00    0.00   clock core_clock (rise edge)
                          0.00    0.00   clock source latency
     2    0.13    0.00    0.00    0.00 ^ clk (in)
                                         clk (net)
                  0.01    0.01    0.01 ^ clkbuf_0_clk/A (sky130_fd_sc_hd__clkbuf_16)
     4    0.19    0.20    0.24    0.24 ^ clkbuf_0_clk/X (sky130_fd_sc_hd__clkbuf_16)
                                         clknet_0_clk (net)
                  0.20    0.01    0.25 ^ clkbuf_2_3_0_clk/A (sky130_fd_sc_hd__clkbuf_16)
     8    0.18    0.20    0.29    0.54 ^ clkbuf_2_3_0_clk/X (sky130_fd_sc_hd__clkbuf_16)
                                         clknet_2_3_0_clk (net)
                  0.20    0.01    0.55 ^ clkbuf_5_27__f_clk/A (sky130_fd_sc_hd__clkbuf_16)
    10    0.14    0.15    0.26    0.81 ^ clkbuf_5_27__f_clk/X (sky130_fd_sc_hd__clkbuf_16)
                                         clknet_5_27__leaf_clk (net)
                  0.15    0.00    0.82 ^ clkbuf_leaf_134_clk/A (sky130_fd_sc_hd__clkbuf_16)
    11    0.04    0.06    0.17    0.99 ^ clkbuf_leaf_134_clk/X (sky130_fd_sc_hd__clkbuf_16)
                                         clknet_leaf_134_clk (net)
                  0.06    0.00    0.99 ^ hash.p2_cap[25]$_DFF_P_/CLK (sky130_fd_sc_hd__dfxtp_4)
     6    0.06    0.09    0.40    1.39 v hash.p2_cap[25]$_DFF_P_/Q (sky130_fd_sc_hd__dfxtp_4)
                                         hash.CA2.S1.X[25] (net)
                  0.09    0.01    1.40 v _15161_/B (sky130_fd_sc_hd__xnor2_4)
     1    0.02    0.07    0.16    1.56 v _15161_/Y (sky130_fd_sc_hd__xnor2_4)
                                         _04553_ (net)
                  0.07    0.00    1.56 v _15162_/B (sky130_fd_sc_hd__xnor2_4)
     1    0.02    0.20    0.21    1.77 ^ _15162_/Y (sky130_fd_sc_hd__xnor2_4)
                                         _13398_ (net)
                  0.20    0.00    1.77 ^ _27949_/A (sky130_fd_sc_hd__ha_2)
     2    0.01    0.06    0.22    1.99 ^ _27949_/COUT (sky130_fd_sc_hd__ha_2)
                                         _13399_ (net)
                  0.06    0.00    1.99 ^ _19178_/A (sky130_fd_sc_hd__inv_2)
     1    0.01    0.02    0.04    2.03 v _19178_/Y (sky130_fd_sc_hd__inv_2)
                                         _12254_ (net)
                  0.02    0.00    2.03 v _27652_/CIN (sky130_fd_sc_hd__fa_2)
     2    0.01    0.09    0.36    2.39 v _27652_/COUT (sky130_fd_sc_hd__fa_2)
                                         _12257_ (net)
                  0.09    0.00    2.39 v _15307_/A (sky130_fd_sc_hd__nor2b_4)
     1    0.01    0.07    0.12    2.51 ^ _15307_/Y (sky130_fd_sc_hd__nor2b_4)
                                         _04679_ (net)
                  0.07    0.00    2.51 ^ _15308_/A2 (sky130_fd_sc_hd__o21ai_2)
     2    0.01    0.06    0.06    2.57 v _15308_/Y (sky130_fd_sc_hd__o21ai_2)
                                         _04680_ (net)
                  0.06    0.00    2.57 v _15309_/A1 (sky130_fd_sc_hd__a21boi_2)
     2    0.01    0.13    0.15    2.72 ^ _15309_/Y (sky130_fd_sc_hd__a21boi_2)
                                         _04681_ (net)
                  0.13    0.00    2.72 ^ _15365_/A2 (sky130_fd_sc_hd__o21ai_2)
     2    0.01    0.08    0.10    2.82 v _15365_/Y (sky130_fd_sc_hd__o21ai_2)
                                         _04729_ (net)
                  0.08    0.00    2.82 v _15423_/A2 (sky130_fd_sc_hd__a21oi_4)
     3    0.02    0.21    0.24    3.06 ^ _15423_/Y (sky130_fd_sc_hd__a21oi_4)
                                         _04779_ (net)
                  0.21    0.00    3.06 ^ _15499_/A2 (sky130_fd_sc_hd__a21oi_4)
     3    0.02    0.08    0.12    3.18 v _15499_/Y (sky130_fd_sc_hd__a21oi_4)
                                         _04839_ (net)
                  0.08    0.00    3.18 v _15543_/A2 (sky130_fd_sc_hd__o22ai_4)
     3    0.02    0.20    0.20    3.38 ^ _15543_/Y (sky130_fd_sc_hd__o22ai_4)
                                         _04867_ (net)
                  0.20    0.00    3.38 ^ _15570_/A3 (sky130_fd_sc_hd__a31o_1)
     1    0.00    0.05    0.17    3.55 ^ _15570_/X (sky130_fd_sc_hd__a31o_1)
                                         _04886_ (net)
                  0.05    0.00    3.55 ^ _15571_/A1 (sky130_fd_sc_hd__a21o_1)
     2    0.01    0.10    0.15    3.70 ^ _15571_/X (sky130_fd_sc_hd__a21o_1)
                                         _04887_ (net)
                  0.10    0.00    3.70 ^ _15593_/A2 (sky130_fd_sc_hd__a21oi_2)
     2    0.01    0.06    0.08    3.78 v _15593_/Y (sky130_fd_sc_hd__a21oi_2)
                                         _04901_ (net)
                  0.06    0.00    3.78 v _15615_/A1 (sky130_fd_sc_hd__o211ai_2)
     1    0.01    0.14    0.17    3.96 ^ _15615_/Y (sky130_fd_sc_hd__o211ai_2)
                                         _04915_ (net)
                  0.14    0.00    3.96 ^ _15616_/A2 (sky130_fd_sc_hd__a21oi_2)
     2    0.01    0.09    0.10    4.06 v _15616_/Y (sky130_fd_sc_hd__a21oi_2)
                                         _04916_ (net)
                  0.09    0.00    4.06 v _20670_/A (sky130_fd_sc_hd__xnor2_2)
     2    0.01    0.07    0.17    4.23 v _20670_/Y (sky130_fd_sc_hd__xnor2_2)
                                         _13554_ (net)
                  0.07    0.00    4.23 v _28035_/A (sky130_fd_sc_hd__ha_1)
     2    0.01    0.10    0.35    4.58 v _28035_/SUM (sky130_fd_sc_hd__ha_1)
                                         _13661_ (net)
                  0.10    0.00    4.58 v _18449_/A1 (sky130_fd_sc_hd__a21oi_2)
     1    0.00    0.10    0.14    4.72 ^ _18449_/Y (sky130_fd_sc_hd__a21oi_2)
                                         _06859_ (net)
                  0.10    0.00    4.72 ^ _18450_/B1 (sky130_fd_sc_hd__o21ai_1)
     1    0.00    0.06    0.08    4.80 v _18450_/Y (sky130_fd_sc_hd__o21ai_1)
                                         _06860_ (net)
                  0.06    0.00    4.80 v _18451_/B1 (sky130_fd_sc_hd__a21o_1)
     1    0.01    0.06    0.18    4.98 v _18451_/X (sky130_fd_sc_hd__a21o_1)
                                         _06861_ (net)
                  0.06    0.00    4.98 v _18452_/B1 (sky130_fd_sc_hd__a21oi_4)
     4    0.04    0.30    0.26    5.25 ^ _18452_/Y (sky130_fd_sc_hd__a21oi_4)
                                         _06862_ (net)
                  0.30    0.00    5.25 ^ _18474_/A2 (sky130_fd_sc_hd__o21ai_4)
     2    0.02    0.11    0.12    5.37 v _18474_/Y (sky130_fd_sc_hd__o21ai_4)
                                         _06880_ (net)
                  0.11    0.00    5.37 v _18475_/A (sky130_fd_sc_hd__xnor2_4)
     2    0.02    0.09    0.19    5.56 v _18475_/Y (sky130_fd_sc_hd__xnor2_4)
                                         _06881_ (net)
                  0.09    0.00    5.56 v _18476_/B (sky130_fd_sc_hd__nor2_8)
     5    0.08    0.31    0.27    5.84 ^ _18476_/Y (sky130_fd_sc_hd__nor2_8)
                                         hash.CA1.S1.X[25] (net)
                  0.31    0.01    5.85 ^ _18854_/B (sky130_fd_sc_hd__xnor2_4)
     1    0.02    0.22    0.19    6.04 ^ _18854_/Y (sky130_fd_sc_hd__xnor2_4)
                                         _14030_ (net)
                  0.22    0.00    6.04 ^ _28164_/A (sky130_fd_sc_hd__ha_4)
     3    0.02    0.07    0.19    6.23 ^ _28164_/COUT (sky130_fd_sc_hd__ha_4)
                                         _14031_ (net)
                  0.07    0.00    6.23 ^ _19198_/A (sky130_fd_sc_hd__inv_2)
     1    0.01    0.02    0.04    6.27 v _19198_/Y (sky130_fd_sc_hd__inv_2)
                                         _12671_ (net)
                  0.02    0.00    6.27 v _27748_/CIN (sky130_fd_sc_hd__fa_2)
     2    0.01    0.09    0.37    6.64 v _27748_/COUT (sky130_fd_sc_hd__fa_2)
                                         _12674_ (net)
                  0.09    0.00    6.64 v _18880_/A (sky130_fd_sc_hd__nor2b_2)
     1    0.01    0.11    0.15    6.79 ^ _18880_/Y (sky130_fd_sc_hd__nor2b_2)
                                         _07127_ (net)
                  0.11    0.00    6.79 ^ _18881_/A2 (sky130_fd_sc_hd__o21ai_2)
     2    0.01    0.07    0.08    6.86 v _18881_/Y (sky130_fd_sc_hd__o21ai_2)
                                         _07128_ (net)
                  0.07    0.00    6.86 v _18894_/A1 (sky130_fd_sc_hd__a21boi_2)
     1    0.01    0.16    0.19    7.05 ^ _18894_/Y (sky130_fd_sc_hd__a21boi_2)
                                         _07136_ (net)
                  0.16    0.00    7.05 ^ _18895_/A2 (sky130_fd_sc_hd__o21ai_4)
     3    0.02    0.07    0.10    7.15 v _18895_/Y (sky130_fd_sc_hd__o21ai_4)
                                         _07137_ (net)
                  0.07    0.00    7.15 v _18939_/A1 (sky130_fd_sc_hd__a211oi_4)
     3    0.02    0.31    0.32    7.47 ^ _18939_/Y (sky130_fd_sc_hd__a211oi_4)
                                         _07170_ (net)
                  0.31    0.00    7.48 ^ _18974_/A1 (sky130_fd_sc_hd__o21a_2)
     3    0.02    0.10    0.24    7.72 ^ _18974_/X (sky130_fd_sc_hd__o21a_2)
                                         _07198_ (net)
                  0.10    0.00    7.72 ^ _18975_/A1 (sky130_fd_sc_hd__a21o_1)
     2    0.01    0.09    0.15    7.87 ^ _18975_/X (sky130_fd_sc_hd__a21o_1)
                                         _07199_ (net)
                  0.09    0.00    7.87 ^ _19155_/B_N (sky130_fd_sc_hd__nor2b_4)
     2    0.01    0.10    0.16    8.03 ^ _19155_/Y (sky130_fd_sc_hd__nor2b_4)
                                         _07343_ (net)
                  0.10    0.00    8.03 ^ _19161_/A2 (sky130_fd_sc_hd__o21ai_2)
     1    0.00    0.06    0.06    8.09 v _19161_/Y (sky130_fd_sc_hd__o21ai_2)
                                         _07347_ (net)
                  0.06    0.00    8.09 v _19162_/B (sky130_fd_sc_hd__nand2b_1)
     1    0.01    0.08    0.09    8.18 ^ _19162_/Y (sky130_fd_sc_hd__nand2b_1)
                                         _07348_ (net)
                  0.08    0.00    8.18 ^ _19163_/A1 (sky130_fd_sc_hd__a21oi_2)
     2    0.02    0.08    0.09    8.26 v _19163_/Y (sky130_fd_sc_hd__a21oi_2)
                                         _07349_ (net)
                  0.08    0.00    8.26 v _20457_/A (sky130_fd_sc_hd__xnor2_2)
     1    0.01    0.07    0.15    8.42 v _20457_/Y (sky130_fd_sc_hd__xnor2_2)
                                         _12759_ (net)
                  0.07    0.00    8.42 v _27766_/CIN (sky130_fd_sc_hd__fa_1)
     1    0.01    0.12    0.54    8.95 ^ _27766_/SUM (sky130_fd_sc_hd__fa_1)
                                         _12763_ (net)
                  0.12    0.00    8.95 ^ _28217_/B (sky130_fd_sc_hd__ha_4)
     5    0.02    0.05    0.23    9.18 v _28217_/SUM (sky130_fd_sc_hd__ha_4)
                                         _14187_ (net)
                  0.05    0.00    9.18 v _23889_/B1 (sky130_fd_sc_hd__o21a_1)
     1    0.00    0.04    0.11    9.29 v _23889_/X (sky130_fd_sc_hd__o21a_1)
                                         _09685_ (net)
                  0.04    0.00    9.29 v _23890_/A2 (sky130_fd_sc_hd__o211ai_2)
     3    0.01    0.22    0.21    9.50 ^ _23890_/Y (sky130_fd_sc_hd__o211ai_2)
                                         _09686_ (net)
                  0.22    0.00    9.50 ^ _23892_/B (sky130_fd_sc_hd__nor3_1)
     1    0.00    0.06    0.08    9.58 v _23892_/Y (sky130_fd_sc_hd__nor3_1)
                                         _09688_ (net)
                  0.06    0.00    9.58 v _23896_/A1 (sky130_fd_sc_hd__a32o_2)
     3    0.02    0.09    0.30    9.88 v _23896_/X (sky130_fd_sc_hd__a32o_2)
                                         _09692_ (net)
                  0.09    0.00    9.88 v _23912_/A (sky130_fd_sc_hd__or4_4)
     2    0.01    0.09    0.56   10.44 v _23912_/X (sky130_fd_sc_hd__or4_4)
                                         _09704_ (net)
                  0.09    0.00   10.44 v _23927_/A1 (sky130_fd_sc_hd__a311oi_2)
     1    0.01    0.24    0.25   10.69 ^ _23927_/Y (sky130_fd_sc_hd__a311oi_2)
                                         _09717_ (net)
                  0.24    0.00   10.69 ^ _23929_/B (sky130_fd_sc_hd__nor2_2)
     3    0.02    0.08    0.10   10.79 v _23929_/Y (sky130_fd_sc_hd__nor2_2)
                                         _09719_ (net)
                  0.08    0.00   10.79 v _23951_/A2 (sky130_fd_sc_hd__o211a_1)
     2    0.01    0.08    0.26   11.05 v _23951_/X (sky130_fd_sc_hd__o211a_1)
                                         _09737_ (net)
                  0.08    0.00   11.05 v _23953_/B (sky130_fd_sc_hd__nor4b_2)
     1    0.01    0.23    0.29   11.34 ^ _23953_/Y (sky130_fd_sc_hd__nor4b_2)
                                         _09739_ (net)
                  0.23    0.00   11.34 ^ _23958_/C1 (sky130_fd_sc_hd__a211oi_2)
     1    0.01    0.08    0.08   11.42 v _23958_/Y (sky130_fd_sc_hd__a211oi_2)
                                         _09744_ (net)
                  0.08    0.00   11.43 v _23959_/B (sky130_fd_sc_hd__xnor2_1)
     1    0.00    0.06    0.13   11.55 v _23959_/Y (sky130_fd_sc_hd__xnor2_1)
                                         hash.CA1.p3[31] (net)
                  0.06    0.00   11.55 v hash.p3_cap[31]$_DFF_P_/D (sky130_fd_sc_hd__dfxtp_1)
                                 11.55   data arrival time

                         10.00   10.00   clock core_clock (rise edge)
                          0.00   10.00   clock source latency
     2    0.13    0.00    0.00   10.00 ^ clk (in)
                                         clk (net)
                  0.01    0.01   10.01 ^ clkbuf_0_clk/A (sky130_fd_sc_hd__clkbuf_16)
     4    0.19    0.20    0.24   10.24 ^ clkbuf_0_clk/X (sky130_fd_sc_hd__clkbuf_16)
                                         clknet_0_clk (net)
                  0.20    0.01   10.25 ^ clkbuf_2_3_0_clk/A (sky130_fd_sc_hd__clkbuf_16)
     8    0.18    0.20    0.29   10.54 ^ clkbuf_2_3_0_clk/X (sky130_fd_sc_hd__clkbuf_16)
                                         clknet_2_3_0_clk (net)
                  0.20    0.01   10.55 ^ clkbuf_5_27__f_clk/A (sky130_fd_sc_hd__clkbuf_16)
    10    0.14    0.15    0.26   10.81 ^ clkbuf_5_27__f_clk/X (sky130_fd_sc_hd__clkbuf_16)
                                         clknet_5_27__leaf_clk (net)
                  0.15    0.00   10.82 ^ clkbuf_leaf_132_clk/A (sky130_fd_sc_hd__clkbuf_16)
    11    0.04    0.06    0.18   10.99 ^ clkbuf_leaf_132_clk/X (sky130_fd_sc_hd__clkbuf_16)
                                         clknet_leaf_132_clk (net)
                  0.06    0.00   10.99 ^ hash.p3_cap[31]$_DFF_P_/CLK (sky130_fd_sc_hd__dfxtp_1)
                          0.00   10.99   clock reconvergence pessimism
                         -0.12   10.88   library setup time
                                 10.88   data required time
-----------------------------------------------------------------------------
                                 10.88   data required time
                                -11.55   data arrival time
-----------------------------------------------------------------------------
                                 -0.67   slack (VIOLATED)



==========================================================================
finish report_checks -unconstrained
--------------------------------------------------------------------------
Startpoint: hash.p2_cap[25]$_DFF_P_
            (rising edge-triggered flip-flop clocked by core_clock)
Endpoint: hash.p3_cap[31]$_DFF_P_
          (rising edge-triggered flip-flop clocked by core_clock)
Path Group: core_clock
Path Type: max

Fanout     Cap    Slew   Delay    Time   Description
-----------------------------------------------------------------------------
                          0.00    0.00   clock core_clock (rise edge)
                          0.00    0.00   clock source latency
     2    0.13    0.00    0.00    0.00 ^ clk (in)
                                         clk (net)
                  0.01    0.01    0.01 ^ clkbuf_0_clk/A (sky130_fd_sc_hd__clkbuf_16)
     4    0.19    0.20    0.24    0.24 ^ clkbuf_0_clk/X (sky130_fd_sc_hd__clkbuf_16)
                                         clknet_0_clk (net)
                  0.20    0.01    0.25 ^ clkbuf_2_3_0_clk/A (sky130_fd_sc_hd__clkbuf_16)
     8    0.18    0.20    0.29    0.54 ^ clkbuf_2_3_0_clk/X (sky130_fd_sc_hd__clkbuf_16)
                                         clknet_2_3_0_clk (net)
                  0.20    0.01    0.55 ^ clkbuf_5_27__f_clk/A (sky130_fd_sc_hd__clkbuf_16)
    10    0.14    0.15    0.26    0.81 ^ clkbuf_5_27__f_clk/X (sky130_fd_sc_hd__clkbuf_16)
                                         clknet_5_27__leaf_clk (net)
                  0.15    0.00    0.82 ^ clkbuf_leaf_134_clk/A (sky130_fd_sc_hd__clkbuf_16)
    11    0.04    0.06    0.17    0.99 ^ clkbuf_leaf_134_clk/X (sky130_fd_sc_hd__clkbuf_16)
                                         clknet_leaf_134_clk (net)
                  0.06    0.00    0.99 ^ hash.p2_cap[25]$_DFF_P_/CLK (sky130_fd_sc_hd__dfxtp_4)
     6    0.06    0.09    0.40    1.39 v hash.p2_cap[25]$_DFF_P_/Q (sky130_fd_sc_hd__dfxtp_4)
                                         hash.CA2.S1.X[25] (net)
                  0.09    0.01    1.40 v _15161_/B (sky130_fd_sc_hd__xnor2_4)
     1    0.02    0.07    0.16    1.56 v _15161_/Y (sky130_fd_sc_hd__xnor2_4)
                                         _04553_ (net)
                  0.07    0.00    1.56 v _15162_/B (sky130_fd_sc_hd__xnor2_4)
     1    0.02    0.20    0.21    1.77 ^ _15162_/Y (sky130_fd_sc_hd__xnor2_4)
                                         _13398_ (net)
                  0.20    0.00    1.77 ^ _27949_/A (sky130_fd_sc_hd__ha_2)
     2    0.01    0.06    0.22    1.99 ^ _27949_/COUT (sky130_fd_sc_hd__ha_2)
                                         _13399_ (net)
                  0.06    0.00    1.99 ^ _19178_/A (sky130_fd_sc_hd__inv_2)
     1    0.01    0.02    0.04    2.03 v _19178_/Y (sky130_fd_sc_hd__inv_2)
                                         _12254_ (net)
                  0.02    0.00    2.03 v _27652_/CIN (sky130_fd_sc_hd__fa_2)
     2    0.01    0.09    0.36    2.39 v _27652_/COUT (sky130_fd_sc_hd__fa_2)
                                         _12257_ (net)
                  0.09    0.00    2.39 v _15307_/A (sky130_fd_sc_hd__nor2b_4)
     1    0.01    0.07    0.12    2.51 ^ _15307_/Y (sky130_fd_sc_hd__nor2b_4)
                                         _04679_ (net)
                  0.07    0.00    2.51 ^ _15308_/A2 (sky130_fd_sc_hd__o21ai_2)
     2    0.01    0.06    0.06    2.57 v _15308_/Y (sky130_fd_sc_hd__o21ai_2)
                                         _04680_ (net)
                  0.06    0.00    2.57 v _15309_/A1 (sky130_fd_sc_hd__a21boi_2)
     2    0.01    0.13    0.15    2.72 ^ _15309_/Y (sky130_fd_sc_hd__a21boi_2)
                                         _04681_ (net)
                  0.13    0.00    2.72 ^ _15365_/A2 (sky130_fd_sc_hd__o21ai_2)
     2    0.01    0.08    0.10    2.82 v _15365_/Y (sky130_fd_sc_hd__o21ai_2)
                                         _04729_ (net)
                  0.08    0.00    2.82 v _15423_/A2 (sky130_fd_sc_hd__a21oi_4)
     3    0.02    0.21    0.24    3.06 ^ _15423_/Y (sky130_fd_sc_hd__a21oi_4)
                                         _04779_ (net)
                  0.21    0.00    3.06 ^ _15499_/A2 (sky130_fd_sc_hd__a21oi_4)
     3    0.02    0.08    0.12    3.18 v _15499_/Y (sky130_fd_sc_hd__a21oi_4)
                                         _04839_ (net)
                  0.08    0.00    3.18 v _15543_/A2 (sky130_fd_sc_hd__o22ai_4)
     3    0.02    0.20    0.20    3.38 ^ _15543_/Y (sky130_fd_sc_hd__o22ai_4)
                                         _04867_ (net)
                  0.20    0.00    3.38 ^ _15570_/A3 (sky130_fd_sc_hd__a31o_1)
     1    0.00    0.05    0.17    3.55 ^ _15570_/X (sky130_fd_sc_hd__a31o_1)
                                         _04886_ (net)
                  0.05    0.00    3.55 ^ _15571_/A1 (sky130_fd_sc_hd__a21o_1)
     2    0.01    0.10    0.15    3.70 ^ _15571_/X (sky130_fd_sc_hd__a21o_1)
                                         _04887_ (net)
                  0.10    0.00    3.70 ^ _15593_/A2 (sky130_fd_sc_hd__a21oi_2)
     2    0.01    0.06    0.08    3.78 v _15593_/Y (sky130_fd_sc_hd__a21oi_2)
                                         _04901_ (net)
                  0.06    0.00    3.78 v _15615_/A1 (sky130_fd_sc_hd__o211ai_2)
     1    0.01    0.14    0.17    3.96 ^ _15615_/Y (sky130_fd_sc_hd__o211ai_2)
                                         _04915_ (net)
                  0.14    0.00    3.96 ^ _15616_/A2 (sky130_fd_sc_hd__a21oi_2)
     2    0.01    0.09    0.10    4.06 v _15616_/Y (sky130_fd_sc_hd__a21oi_2)
                                         _04916_ (net)
                  0.09    0.00    4.06 v _20670_/A (sky130_fd_sc_hd__xnor2_2)
     2    0.01    0.07    0.17    4.23 v _20670_/Y (sky130_fd_sc_hd__xnor2_2)
                                         _13554_ (net)
                  0.07    0.00    4.23 v _28035_/A (sky130_fd_sc_hd__ha_1)
     2    0.01    0.10    0.35    4.58 v _28035_/SUM (sky130_fd_sc_hd__ha_1)
                                         _13661_ (net)
                  0.10    0.00    4.58 v _18449_/A1 (sky130_fd_sc_hd__a21oi_2)
     1    0.00    0.10    0.14    4.72 ^ _18449_/Y (sky130_fd_sc_hd__a21oi_2)
                                         _06859_ (net)
                  0.10    0.00    4.72 ^ _18450_/B1 (sky130_fd_sc_hd__o21ai_1)
     1    0.00    0.06    0.08    4.80 v _18450_/Y (sky130_fd_sc_hd__o21ai_1)
                                         _06860_ (net)
                  0.06    0.00    4.80 v _18451_/B1 (sky130_fd_sc_hd__a21o_1)
     1    0.01    0.06    0.18    4.98 v _18451_/X (sky130_fd_sc_hd__a21o_1)
                                         _06861_ (net)
                  0.06    0.00    4.98 v _18452_/B1 (sky130_fd_sc_hd__a21oi_4)
     4    0.04    0.30    0.26    5.25 ^ _18452_/Y (sky130_fd_sc_hd__a21oi_4)
                                         _06862_ (net)
                  0.30    0.00    5.25 ^ _18474_/A2 (sky130_fd_sc_hd__o21ai_4)
     2    0.02    0.11    0.12    5.37 v _18474_/Y (sky130_fd_sc_hd__o21ai_4)
                                         _06880_ (net)
                  0.11    0.00    5.37 v _18475_/A (sky130_fd_sc_hd__xnor2_4)
     2    0.02    0.09    0.19    5.56 v _18475_/Y (sky130_fd_sc_hd__xnor2_4)
                                         _06881_ (net)
                  0.09    0.00    5.56 v _18476_/B (sky130_fd_sc_hd__nor2_8)
     5    0.08    0.31    0.27    5.84 ^ _18476_/Y (sky130_fd_sc_hd__nor2_8)
                                         hash.CA1.S1.X[25] (net)
                  0.31    0.01    5.85 ^ _18854_/B (sky130_fd_sc_hd__xnor2_4)
     1    0.02    0.22    0.19    6.04 ^ _18854_/Y (sky130_fd_sc_hd__xnor2_4)
                                         _14030_ (net)
                  0.22    0.00    6.04 ^ _28164_/A (sky130_fd_sc_hd__ha_4)
     3    0.02    0.07    0.19    6.23 ^ _28164_/COUT (sky130_fd_sc_hd__ha_4)
                                         _14031_ (net)
                  0.07    0.00    6.23 ^ _19198_/A (sky130_fd_sc_hd__inv_2)
     1    0.01    0.02    0.04    6.27 v _19198_/Y (sky130_fd_sc_hd__inv_2)
                                         _12671_ (net)
                  0.02    0.00    6.27 v _27748_/CIN (sky130_fd_sc_hd__fa_2)
     2    0.01    0.09    0.37    6.64 v _27748_/COUT (sky130_fd_sc_hd__fa_2)
                                         _12674_ (net)
                  0.09    0.00    6.64 v _18880_/A (sky130_fd_sc_hd__nor2b_2)
     1    0.01    0.11    0.15    6.79 ^ _18880_/Y (sky130_fd_sc_hd__nor2b_2)
                                         _07127_ (net)
                  0.11    0.00    6.79 ^ _18881_/A2 (sky130_fd_sc_hd__o21ai_2)
     2    0.01    0.07    0.08    6.86 v _18881_/Y (sky130_fd_sc_hd__o21ai_2)
                                         _07128_ (net)
                  0.07    0.00    6.86 v _18894_/A1 (sky130_fd_sc_hd__a21boi_2)
     1    0.01    0.16    0.19    7.05 ^ _18894_/Y (sky130_fd_sc_hd__a21boi_2)
                                         _07136_ (net)
                  0.16    0.00    7.05 ^ _18895_/A2 (sky130_fd_sc_hd__o21ai_4)
     3    0.02    0.07    0.10    7.15 v _18895_/Y (sky130_fd_sc_hd__o21ai_4)
                                         _07137_ (net)
                  0.07    0.00    7.15 v _18939_/A1 (sky130_fd_sc_hd__a211oi_4)
     3    0.02    0.31    0.32    7.47 ^ _18939_/Y (sky130_fd_sc_hd__a211oi_4)
                                         _07170_ (net)
                  0.31    0.00    7.48 ^ _18974_/A1 (sky130_fd_sc_hd__o21a_2)
     3    0.02    0.10    0.24    7.72 ^ _18974_/X (sky130_fd_sc_hd__o21a_2)
                                         _07198_ (net)
                  0.10    0.00    7.72 ^ _18975_/A1 (sky130_fd_sc_hd__a21o_1)
     2    0.01    0.09    0.15    7.87 ^ _18975_/X (sky130_fd_sc_hd__a21o_1)
                                         _07199_ (net)
                  0.09    0.00    7.87 ^ _19155_/B_N (sky130_fd_sc_hd__nor2b_4)
     2    0.01    0.10    0.16    8.03 ^ _19155_/Y (sky130_fd_sc_hd__nor2b_4)
                                         _07343_ (net)
                  0.10    0.00    8.03 ^ _19161_/A2 (sky130_fd_sc_hd__o21ai_2)
     1    0.00    0.06    0.06    8.09 v _19161_/Y (sky130_fd_sc_hd__o21ai_2)
                                         _07347_ (net)
                  0.06    0.00    8.09 v _19162_/B (sky130_fd_sc_hd__nand2b_1)
     1    0.01    0.08    0.09    8.18 ^ _19162_/Y (sky130_fd_sc_hd__nand2b_1)
                                         _07348_ (net)
                  0.08    0.00    8.18 ^ _19163_/A1 (sky130_fd_sc_hd__a21oi_2)
     2    0.02    0.08    0.09    8.26 v _19163_/Y (sky130_fd_sc_hd__a21oi_2)
                                         _07349_ (net)
                  0.08    0.00    8.26 v _20457_/A (sky130_fd_sc_hd__xnor2_2)
     1    0.01    0.07    0.15    8.42 v _20457_/Y (sky130_fd_sc_hd__xnor2_2)
                                         _12759_ (net)
                  0.07    0.00    8.42 v _27766_/CIN (sky130_fd_sc_hd__fa_1)
     1    0.01    0.12    0.54    8.95 ^ _27766_/SUM (sky130_fd_sc_hd__fa_1)
                                         _12763_ (net)
                  0.12    0.00    8.95 ^ _28217_/B (sky130_fd_sc_hd__ha_4)
     5    0.02    0.05    0.23    9.18 v _28217_/SUM (sky130_fd_sc_hd__ha_4)
                                         _14187_ (net)
                  0.05    0.00    9.18 v _23889_/B1 (sky130_fd_sc_hd__o21a_1)
     1    0.00    0.04    0.11    9.29 v _23889_/X (sky130_fd_sc_hd__o21a_1)
                                         _09685_ (net)
                  0.04    0.00    9.29 v _23890_/A2 (sky130_fd_sc_hd__o211ai_2)
     3    0.01    0.22    0.21    9.50 ^ _23890_/Y (sky130_fd_sc_hd__o211ai_2)
                                         _09686_ (net)
                  0.22    0.00    9.50 ^ _23892_/B (sky130_fd_sc_hd__nor3_1)
     1    0.00    0.06    0.08    9.58 v _23892_/Y (sky130_fd_sc_hd__nor3_1)
                                         _09688_ (net)
                  0.06    0.00    9.58 v _23896_/A1 (sky130_fd_sc_hd__a32o_2)
     3    0.02    0.09    0.30    9.88 v _23896_/X (sky130_fd_sc_hd__a32o_2)
                                         _09692_ (net)
                  0.09    0.00    9.88 v _23912_/A (sky130_fd_sc_hd__or4_4)
     2    0.01    0.09    0.56   10.44 v _23912_/X (sky130_fd_sc_hd__or4_4)
                                         _09704_ (net)
                  0.09    0.00   10.44 v _23927_/A1 (sky130_fd_sc_hd__a311oi_2)
     1    0.01    0.24    0.25   10.69 ^ _23927_/Y (sky130_fd_sc_hd__a311oi_2)
                                         _09717_ (net)
                  0.24    0.00   10.69 ^ _23929_/B (sky130_fd_sc_hd__nor2_2)
     3    0.02    0.08    0.10   10.79 v _23929_/Y (sky130_fd_sc_hd__nor2_2)
                                         _09719_ (net)
                  0.08    0.00   10.79 v _23951_/A2 (sky130_fd_sc_hd__o211a_1)
     2    0.01    0.08    0.26   11.05 v _23951_/X (sky130_fd_sc_hd__o211a_1)
                                         _09737_ (net)
                  0.08    0.00   11.05 v _23953_/B (sky130_fd_sc_hd__nor4b_2)
     1    0.01    0.23    0.29   11.34 ^ _23953_/Y (sky130_fd_sc_hd__nor4b_2)
                                         _09739_ (net)
                  0.23    0.00   11.34 ^ _23958_/C1 (sky130_fd_sc_hd__a211oi_2)
     1    0.01    0.08    0.08   11.42 v _23958_/Y (sky130_fd_sc_hd__a211oi_2)
                                         _09744_ (net)
                  0.08    0.00   11.43 v _23959_/B (sky130_fd_sc_hd__xnor2_1)
     1    0.00    0.06    0.13   11.55 v _23959_/Y (sky130_fd_sc_hd__xnor2_1)
                                         hash.CA1.p3[31] (net)
                  0.06    0.00   11.55 v hash.p3_cap[31]$_DFF_P_/D (sky130_fd_sc_hd__dfxtp_1)
                                 11.55   data arrival time

                         10.00   10.00   clock core_clock (rise edge)
                          0.00   10.00   clock source latency
     2    0.13    0.00    0.00   10.00 ^ clk (in)
                                         clk (net)
                  0.01    0.01   10.01 ^ clkbuf_0_clk/A (sky130_fd_sc_hd__clkbuf_16)
     4    0.19    0.20    0.24   10.24 ^ clkbuf_0_clk/X (sky130_fd_sc_hd__clkbuf_16)
                                         clknet_0_clk (net)
                  0.20    0.01   10.25 ^ clkbuf_2_3_0_clk/A (sky130_fd_sc_hd__clkbuf_16)
     8    0.18    0.20    0.29   10.54 ^ clkbuf_2_3_0_clk/X (sky130_fd_sc_hd__clkbuf_16)
                                         clknet_2_3_0_clk (net)
                  0.20    0.01   10.55 ^ clkbuf_5_27__f_clk/A (sky130_fd_sc_hd__clkbuf_16)
    10    0.14    0.15    0.26   10.81 ^ clkbuf_5_27__f_clk/X (sky130_fd_sc_hd__clkbuf_16)
                                         clknet_5_27__leaf_clk (net)
                  0.15    0.00   10.82 ^ clkbuf_leaf_132_clk/A (sky130_fd_sc_hd__clkbuf_16)
    11    0.04    0.06    0.18   10.99 ^ clkbuf_leaf_132_clk/X (sky130_fd_sc_hd__clkbuf_16)
                                         clknet_leaf_132_clk (net)
                  0.06    0.00   10.99 ^ hash.p3_cap[31]$_DFF_P_/CLK (sky130_fd_sc_hd__dfxtp_1)
                          0.00   10.99   clock reconvergence pessimism
                         -0.12   10.88   library setup time
                                 10.88   data required time
-----------------------------------------------------------------------------
                                 10.88   data required time
                                -11.55   data arrival time
-----------------------------------------------------------------------------
                                 -0.67   slack (VIOLATED)



==========================================================================
finish report_check_types -max_slew -max_cap -max_fanout -violators
--------------------------------------------------------------------------
max slew

Pin                                    Limit    Slew   Slack
------------------------------------------------------------
w[7][5]$_DFFE_PP_/DE                    1.50    1.50   -0.00 (VIOLATED)
w[7][4]$_DFFE_PP_/DE                    1.50    1.50   -0.00 (VIOLATED)
w[7][1]$_DFFE_PP_/DE                    1.50    1.50   -0.00 (VIOLATED)
w[7][0]$_DFFE_PP_/DE                    1.50    1.50   -0.00 (VIOLATED)
w[7][3]$_DFFE_PP_/DE                    1.50    1.50   -0.00 (VIOLATED)

max capacitance

Pin                                    Limit     Cap   Slack
------------------------------------------------------------
_24323_/Y                               0.14    0.15   -0.00 (VIOLATED)


==========================================================================
finish max_slew_check_slack
--------------------------------------------------------------------------
-0.0041588954627513885

==========================================================================
finish max_slew_check_limit
--------------------------------------------------------------------------
1.5

==========================================================================
finish max_slew_check_slack_limit
--------------------------------------------------------------------------
-0.0028

==========================================================================
finish max_fanout_check_slack
--------------------------------------------------------------------------
1.0000000150474662e+30

==========================================================================
finish max_fanout_check_limit
--------------------------------------------------------------------------
1.0000000150474662e+30

==========================================================================
finish max_capacitance_check_slack
--------------------------------------------------------------------------
-0.003950751386582851

==========================================================================
finish max_capacitance_check_limit
--------------------------------------------------------------------------
0.144663006067276

==========================================================================
finish max_capacitance_check_slack_limit
--------------------------------------------------------------------------
-0.0273

==========================================================================
finish max_slew_violation_count
--------------------------------------------------------------------------
max slew violation count 5

==========================================================================
finish max_fanout_violation_count
--------------------------------------------------------------------------
max fanout violation count 0

==========================================================================
finish max_cap_violation_count
--------------------------------------------------------------------------
max cap violation count 1

==========================================================================
finish setup_violation_count
--------------------------------------------------------------------------
setup violation count 23

==========================================================================
finish hold_violation_count
--------------------------------------------------------------------------
hold violation count 0

==========================================================================
finish report_checks -path_delay max reg to reg
--------------------------------------------------------------------------
Startpoint: hash.p2_cap[25]$_DFF_P_
            (rising edge-triggered flip-flop clocked by core_clock)
Endpoint: hash.p3_cap[31]$_DFF_P_
          (rising edge-triggered flip-flop clocked by core_clock)
Path Group: core_clock
Path Type: max

  Delay    Time   Description
---------------------------------------------------------
   0.00    0.00   clock core_clock (rise edge)
   0.00    0.00   clock source latency
   0.00    0.00 ^ clk (in)
   0.24    0.24 ^ clkbuf_0_clk/X (sky130_fd_sc_hd__clkbuf_16)
   0.30    0.54 ^ clkbuf_2_3_0_clk/X (sky130_fd_sc_hd__clkbuf_16)
   0.27    0.81 ^ clkbuf_5_27__f_clk/X (sky130_fd_sc_hd__clkbuf_16)
   0.18    0.99 ^ clkbuf_leaf_134_clk/X (sky130_fd_sc_hd__clkbuf_16)
   0.00    0.99 ^ hash.p2_cap[25]$_DFF_P_/CLK (sky130_fd_sc_hd__dfxtp_4)
   0.40    1.39 v hash.p2_cap[25]$_DFF_P_/Q (sky130_fd_sc_hd__dfxtp_4)
   0.17    1.56 v _15161_/Y (sky130_fd_sc_hd__xnor2_4)
   0.21    1.77 ^ _15162_/Y (sky130_fd_sc_hd__xnor2_4)
   0.22    1.99 ^ _27949_/COUT (sky130_fd_sc_hd__ha_2)
   0.04    2.03 v _19178_/Y (sky130_fd_sc_hd__inv_2)
   0.36    2.39 v _27652_/COUT (sky130_fd_sc_hd__fa_2)
   0.12    2.51 ^ _15307_/Y (sky130_fd_sc_hd__nor2b_4)
   0.06    2.57 v _15308_/Y (sky130_fd_sc_hd__o21ai_2)
   0.15    2.72 ^ _15309_/Y (sky130_fd_sc_hd__a21boi_2)
   0.10    2.82 v _15365_/Y (sky130_fd_sc_hd__o21ai_2)
   0.24    3.06 ^ _15423_/Y (sky130_fd_sc_hd__a21oi_4)
   0.12    3.18 v _15499_/Y (sky130_fd_sc_hd__a21oi_4)
   0.20    3.38 ^ _15543_/Y (sky130_fd_sc_hd__o22ai_4)
   0.17    3.55 ^ _15570_/X (sky130_fd_sc_hd__a31o_1)
   0.15    3.70 ^ _15571_/X (sky130_fd_sc_hd__a21o_1)
   0.08    3.78 v _15593_/Y (sky130_fd_sc_hd__a21oi_2)
   0.17    3.96 ^ _15615_/Y (sky130_fd_sc_hd__o211ai_2)
   0.10    4.06 v _15616_/Y (sky130_fd_sc_hd__a21oi_2)
   0.17    4.23 v _20670_/Y (sky130_fd_sc_hd__xnor2_2)
   0.35    4.58 v _28035_/SUM (sky130_fd_sc_hd__ha_1)
   0.14    4.72 ^ _18449_/Y (sky130_fd_sc_hd__a21oi_2)
   0.08    4.80 v _18450_/Y (sky130_fd_sc_hd__o21ai_1)
   0.18    4.98 v _18451_/X (sky130_fd_sc_hd__a21o_1)
   0.26    5.25 ^ _18452_/Y (sky130_fd_sc_hd__a21oi_4)
   0.12    5.37 v _18474_/Y (sky130_fd_sc_hd__o21ai_4)
   0.19    5.56 v _18475_/Y (sky130_fd_sc_hd__xnor2_4)
   0.28    5.84 ^ _18476_/Y (sky130_fd_sc_hd__nor2_8)
   0.20    6.04 ^ _18854_/Y (sky130_fd_sc_hd__xnor2_4)
   0.19    6.23 ^ _28164_/COUT (sky130_fd_sc_hd__ha_4)
   0.04    6.27 v _19198_/Y (sky130_fd_sc_hd__inv_2)
   0.37    6.64 v _27748_/COUT (sky130_fd_sc_hd__fa_2)
   0.15    6.79 ^ _18880_/Y (sky130_fd_sc_hd__nor2b_2)
   0.08    6.86 v _18881_/Y (sky130_fd_sc_hd__o21ai_2)
   0.19    7.05 ^ _18894_/Y (sky130_fd_sc_hd__a21boi_2)
   0.10    7.15 v _18895_/Y (sky130_fd_sc_hd__o21ai_4)
   0.33    7.47 ^ _18939_/Y (sky130_fd_sc_hd__a211oi_4)
   0.24    7.72 ^ _18974_/X (sky130_fd_sc_hd__o21a_2)
   0.15    7.87 ^ _18975_/X (sky130_fd_sc_hd__a21o_1)
   0.16    8.03 ^ _19155_/Y (sky130_fd_sc_hd__nor2b_4)
   0.06    8.09 v _19161_/Y (sky130_fd_sc_hd__o21ai_2)
   0.09    8.18 ^ _19162_/Y (sky130_fd_sc_hd__nand2b_1)
   0.09    8.26 v _19163_/Y (sky130_fd_sc_hd__a21oi_2)
   0.15    8.42 v _20457_/Y (sky130_fd_sc_hd__xnor2_2)
   0.54    8.95 ^ _27766_/SUM (sky130_fd_sc_hd__fa_1)
   0.23    9.18 v _28217_/SUM (sky130_fd_sc_hd__ha_4)
   0.11    9.29 v _23889_/X (sky130_fd_sc_hd__o21a_1)
   0.21    9.50 ^ _23890_/Y (sky130_fd_sc_hd__o211ai_2)
   0.08    9.58 v _23892_/Y (sky130_fd_sc_hd__nor3_1)
   0.30    9.88 v _23896_/X (sky130_fd_sc_hd__a32o_2)
   0.56   10.44 v _23912_/X (sky130_fd_sc_hd__or4_4)
   0.25   10.69 ^ _23927_/Y (sky130_fd_sc_hd__a311oi_2)
   0.10   10.79 v _23929_/Y (sky130_fd_sc_hd__nor2_2)
   0.26   11.05 v _23951_/X (sky130_fd_sc_hd__o211a_1)
   0.29   11.34 ^ _23953_/Y (sky130_fd_sc_hd__nor4b_2)
   0.08   11.42 v _23958_/Y (sky130_fd_sc_hd__a211oi_2)
   0.13   11.55 v _23959_/Y (sky130_fd_sc_hd__xnor2_1)
   0.00   11.55 v hash.p3_cap[31]$_DFF_P_/D (sky130_fd_sc_hd__dfxtp_1)
          11.55   data arrival time

  10.00   10.00   clock core_clock (rise edge)
   0.00   10.00   clock source latency
   0.00   10.00 ^ clk (in)
   0.24   10.24 ^ clkbuf_0_clk/X (sky130_fd_sc_hd__clkbuf_16)
   0.30   10.54 ^ clkbuf_2_3_0_clk/X (sky130_fd_sc_hd__clkbuf_16)
   0.27   10.81 ^ clkbuf_5_27__f_clk/X (sky130_fd_sc_hd__clkbuf_16)
   0.18   10.99 ^ clkbuf_leaf_132_clk/X (sky130_fd_sc_hd__clkbuf_16)
   0.00   10.99 ^ hash.p3_cap[31]$_DFF_P_/CLK (sky130_fd_sc_hd__dfxtp_1)
   0.00   10.99   clock reconvergence pessimism
  -0.12   10.88   library setup time
          10.88   data required time
---------------------------------------------------------
          10.88   data required time
         -11.55   data arrival time
---------------------------------------------------------
          -0.67   slack (VIOLATED)



==========================================================================
finish report_checks -path_delay min reg to reg
--------------------------------------------------------------------------
Startpoint: ready_dash$_SDFF_PP0_
            (rising edge-triggered flip-flop clocked by core_clock)
Endpoint: ready$_DFF_P_ (rising edge-triggered flip-flop clocked by core_clock)
Path Group: core_clock
Path Type: min

  Delay    Time   Description
---------------------------------------------------------
   0.00    0.00   clock core_clock (rise edge)
   0.00    0.00   clock source latency
   0.00    0.00 ^ clk (in)
   0.24    0.24 ^ clkbuf_0_clk/X (sky130_fd_sc_hd__clkbuf_16)
   0.30    0.54 ^ clkbuf_2_2_0_clk/X (sky130_fd_sc_hd__clkbuf_16)
   0.27    0.81 ^ clkbuf_5_22__f_clk/X (sky130_fd_sc_hd__clkbuf_16)
   0.18    0.99 ^ clkbuf_leaf_188_clk/X (sky130_fd_sc_hd__clkbuf_16)
   0.00    0.99 ^ ready_dash$_SDFF_PP0_/CLK (sky130_fd_sc_hd__dfxtp_1)
   0.29    1.28 v ready_dash$_SDFF_PP0_/Q (sky130_fd_sc_hd__dfxtp_1)
   0.00    1.28 v ready$_DFF_P_/D (sky130_fd_sc_hd__dfxtp_4)
           1.28   data arrival time

   0.00    0.00   clock core_clock (rise edge)
   0.00    0.00   clock source latency
   0.00    0.00 ^ clk (in)
   0.24    0.24 ^ clkbuf_0_clk/X (sky130_fd_sc_hd__clkbuf_16)
   0.30    0.54 ^ clkbuf_2_2_0_clk/X (sky130_fd_sc_hd__clkbuf_16)
   0.27    0.81 ^ clkbuf_5_22__f_clk/X (sky130_fd_sc_hd__clkbuf_16)
   0.18    0.99 ^ clkbuf_leaf_188_clk/X (sky130_fd_sc_hd__clkbuf_16)
   0.00    0.99 ^ ready$_DFF_P_/CLK (sky130_fd_sc_hd__dfxtp_4)
   0.00    0.99   clock reconvergence pessimism
  -0.03    0.95   library hold time
           0.95   data required time
---------------------------------------------------------
           0.95   data required time
          -1.28   data arrival time
---------------------------------------------------------
           0.33   slack (MET)



==========================================================================
finish critical path target clock latency max path
--------------------------------------------------------------------------
0.9807

==========================================================================
finish critical path target clock latency min path
--------------------------------------------------------------------------
1.0364

==========================================================================
finish critical path source clock latency min path
--------------------------------------------------------------------------
0.0000

==========================================================================
finish critical path delay
--------------------------------------------------------------------------
11.5511

==========================================================================
finish critical path slack
--------------------------------------------------------------------------
-0.6728

==========================================================================
finish slack div critical path delay
--------------------------------------------------------------------------
-5.824554

==========================================================================
finish report_power
--------------------------------------------------------------------------
Group                  Internal  Switching    Leakage      Total
                          Power      Power      Power      Power (Watts)
----------------------------------------------------------------
Sequential             2.40e-02   2.76e-03   2.77e-08   2.68e-02   4.5%
Combinational          2.24e-01   3.31e-01   6.99e-08   5.55e-01  93.4%
Clock                  7.02e-03   5.27e-03   5.19e-09   1.23e-02   2.1%
Macro                  0.00e+00   0.00e+00   0.00e+00   0.00e+00   0.0%
Pad                    0.00e+00   0.00e+00   0.00e+00   0.00e+00   0.0%
----------------------------------------------------------------
Total                  2.55e-01   3.39e-01   1.03e-07   5.94e-01 100.0%
                          43.0%      57.0%       0.0%
