OpenROAD v2.0-19814-g250e48e05 
Features included (+) or not (-): +GPU +GUI +Python
This program is licensed under the BSD-3 license. See the LICENSE file for details.
Components of this program may be licensed under more restrictive licenses which must be honored.
[INFO ORD-0030] Using 8 thread(s).
Placement Analysis
---------------------------------
total displacement      44304.6 u
average displacement        1.8 u
max displacement           17.2 u
original HPWL          719585.3 u
legalized HPWL         759276.9 u
delta HPWL                    6 %

Detailed placement improvement.
Importing netlist into detailed improver.
[INFO DPO-0100] Creating network with 25025 cells, 771 terminals, 19036 edges, 72161 pins, and 0 blockages.
[INFO DPO-0109] Network stats: inst 25796, edges 19036, pins 72161
[INFO DPO-0110] Number of regions is 1
[INFO DPO-0401] Setting random seed to 1.
[INFO DPO-0402] Setting maximum displacement 5 1 to 13600 2720 units.
[INFO DPO-0320] Collected 8277 fixed cells.
[INFO DPO-0318] Collected 17519 single height cells.
[INFO DPO-0321] Collected 0 wide cells.
[INFO DPO-0322] Image (1380, 2720) - (755780, 753440)
[INFO DPO-0310] Assigned 17519 cells into segments.  Movement in X-direction is 0.000000, movement in Y-direction is 0.000000.
[INFO DPO-0313] Found 0 cells in wrong regions.
[INFO DPO-0315] Found 0 row alignment problems.
[INFO DPO-0314] Found 0 site alignment problems.
[INFO DPO-0311] Found 0 overlaps between adjacent cells.
[INFO DPO-0312] Found 0 edge spacing violations and 0 padding violations.
[INFO DPO-0303] Running algorithm for independent set matching.
[INFO DPO-0300] Set matching objective is wirelength.
[INFO DPO-0301] Pass   1 of matching; objective is 7.610025e+08.
[INFO DPO-0302] End of matching; objective is 7.601534e+08, improvement is 0.11 percent.
[INFO DPO-0303] Running algorithm for global swaps.
[INFO DPO-0306] Pass   1 of global swaps; hpwl is 7.519657e+08.
[INFO DPO-0306] Pass   2 of global swaps; hpwl is 7.505060e+08.
[INFO DPO-0307] End of global swaps; objective is 7.505060e+08, improvement is 1.27 percent.
[INFO DPO-0303] Running algorithm for vertical swaps.
[INFO DPO-0308] Pass   1 of vertical swaps; hpwl is 7.486606e+08.
[INFO DPO-0309] End of vertical swaps; objective is 7.486606e+08, improvement is 0.25 percent.
[INFO DPO-0303] Running algorithm for reordering.
[INFO DPO-0304] Pass   1 of reordering; objective is 7.480410e+08.
[INFO DPO-0305] End of reordering; objective is 7.480410e+08, improvement is 0.08 percent.
[INFO DPO-0303] Running algorithm for random improvement.
[INFO DPO-0324] Random improver is using displacement generator.
[INFO DPO-0325] Random improver is using hpwl objective.
[INFO DPO-0326] Random improver cost string is (a).
[INFO DPO-0332] End of pass, Generator displacement called 350380 times.
[INFO DPO-0335] Generator displacement, Cumulative attempts 350380, swaps 54177, moves 76247 since last reset.
[INFO DPO-0333] End of pass, Objective hpwl, Initial cost 7.457469e+08, Scratch cost 7.390462e+08, Incremental cost 7.390462e+08, Mismatch? N
[INFO DPO-0338] End of pass, Total cost is 7.390462e+08.
[INFO DPO-0327] Pass   1 of random improver; improvement in cost is 0.90 percent.
[INFO DPO-0328] End of random improver; improvement is 0.898528 percent.
[INFO DPO-0380] Cell flipping.
[INFO DPO-0382] Changed 8811 cell orientations for row compatibility.
[INFO DPO-0383] Performed 4934 cell flips.
[INFO DPO-0384] End of flipping; objective is 7.323352e+08, improvement is 1.21 percent.
[INFO DPO-0313] Found 0 cells in wrong regions.
[INFO DPO-0315] Found 0 row alignment problems.
[INFO DPO-0314] Found 0 site alignment problems.
[INFO DPO-0311] Found 0 overlaps between adjacent cells.
[INFO DPO-0312] Found 0 edge spacing violations and 0 padding violations.
Detailed Improvement Results
------------------------------------------
Original HPWL           759276.9 u
Final HPWL              729938.9 u
Delta HPWL                  -3.9 %

[INFO DPL-0020] Mirrored 707 instances
[INFO DPL-0021] HPWL before          729938.9 u
[INFO DPL-0022] HPWL after           729553.5 u
[INFO DPL-0023] HPWL delta               -0.1 %
[INFO FLW-0012] Placement violations .
Report metrics stage 3, detailed place...

==========================================================================
detailed place report_design_area
--------------------------------------------------------------------------
Design area 256443 u^2 45% utilization.
Elapsed time: 0:13.55[h:]min:sec. CPU time: user 13.39 sys 0.13 (99%). Peak memory: 324956KB.
