OpenROAD v2.0-19814-g250e48e05 
Features included (+) or not (-): +GPU +GUI +Python
This program is licensed under the BSD-3 license. See the LICENSE file for details.
Components of this program may be licensed under more restrictive licenses which must be honored.
[INFO ORD-0030] Using 8 thread(s).
clock_tree_synthesis -sink_clustering_enable -balance_levels
[INFO CTS-0050] Root buffer is sky130_fd_sc_hd__clkbuf_16.
[INFO CTS-0051] Sink buffer is sky130_fd_sc_hd__clkbuf_16.
[INFO CTS-0052] The following clock buffers will be used for CTS:
                    sky130_fd_sc_hd__clkbuf_16
[INFO CTS-0049] Characterization buffer is sky130_fd_sc_hd__clkbuf_16.
[INFO CTS-0007] Net "clk" found for clock "core_clock".
[INFO CTS-0010]  Clock net "clk" has 2787 sinks.
[INFO CTS-0008] TritonCTS found 1 clock nets.
[INFO CTS-0097] Characterization used 1 buffer(s) types.
[INFO CTS-0201] 0 blockages from hard placement blockages and placed macros will be used.
[INFO CTS-0027] Generating H-Tree topology for net clk.
[INFO CTS-0028]  Total number of sinks: 2787.
[INFO CTS-0090]  Sinks will be clustered based on buffer max cap.
[INFO CTS-0030]  Number of static layers: 0.
[INFO CTS-0020]  Wire segment unit: 13600  dbu (13 um).
[INFO CTS-0206] Best clustering solution was found from clustering size of 10 and clustering diameter of 50.
[INFO CTS-0019]  Total number of sinks after clustering: 307.
[INFO CTS-0024]  Normalized sink region: [(2.86718, 0.790508), (54.7801, 54.4681)].
[INFO CTS-0025]     Width:  51.9130.
[INFO CTS-0026]     Height: 53.6776.
 Level 1
    Direction: Vertical
    Sinks per sub-region: 154
    Sub-region size: 51.9130 X 26.8388
[INFO CTS-0034]     Segment length (rounded): 14.
 Level 2
    Direction: Horizontal
    Sinks per sub-region: 77
    Sub-region size: 25.9565 X 26.8388
[INFO CTS-0034]     Segment length (rounded): 12.
 Level 3
    Direction: Vertical
    Sinks per sub-region: 39
    Sub-region size: 25.9565 X 13.4194
[INFO CTS-0034]     Segment length (rounded): 6.
 Level 4
    Direction: Horizontal
    Sinks per sub-region: 20
    Sub-region size: 12.9782 X 13.4194
[INFO CTS-0034]     Segment length (rounded): 6.
 Level 5
    Direction: Vertical
    Sinks per sub-region: 10
    Sub-region size: 12.9782 X 6.7097
[INFO CTS-0034]     Segment length (rounded): 4.
[INFO CTS-0032]  Stop criterion found. Max number of sinks is 15.
[INFO CTS-0035]  Number of sinks covered: 307.
[INFO CTS-0018]     Created 344 clock buffers.
[INFO CTS-0012]     Minimum number of buffers in the clock path: 4.
[INFO CTS-0013]     Maximum number of buffers in the clock path: 4.
[INFO CTS-0015]     Created 344 clock nets.
[INFO CTS-0016]     Fanout distribution for the current clock = 3:1, 4:3, 5:6, 6:13, 7:36, 8:56, 9:81, 10:61, 11:60, 12:16, 13:4, 14:2..
[INFO CTS-0017]     Max level of the clock tree: 5.
[INFO CTS-0098] Clock net "clk"
[INFO CTS-0099]  Sinks 3067
[INFO CTS-0100]  Leaf buffers 307
[INFO CTS-0101]  Average sink wire length 1263.26 um
[INFO CTS-0102]  Path depth 3 - 4
[INFO CTS-0207]  Leaf load cells 280
[INFO RSZ-0058] Using max wire length 2154um.
Placement Analysis
---------------------------------
total displacement       6164.0 u
average displacement        0.2 u
max displacement           17.5 u
original HPWL          756934.3 u
legalized HPWL         772543.7 u
delta HPWL                    2 %

repair_timing -verbose -setup_margin 0 -hold_margin 0 -repair_tns 100 -match_cell_footprint
[INFO RSZ-0094] Found 31 endpoints with setup violations.
[INFO RSZ-0099] Repairing 31 out of 31 (100.00%) violating endpoints...
   Iter   | Removed | Resized | Inserted | Cloned |  Pin  |   Area   |    WNS   |   TNS      |  Viol  | Worst
          | Buffers |  Gates  | Buffers  |  Gates | Swaps |          |          |            | Endpts | Endpt
--------------------------------------------------------------------------------------------------------------
        0 |       0 |       0 |        0 |      0 |     0 |    +0.0% |   -0.749 |      -11.3 |     31 | hash/p3_cap\[31\]$_DFF_P_/D
       10 |       0 |       7 |        0 |      0 |     2 |    +0.0% |   -0.637 |       -8.6 |     31 | hash/p3_cap\[31\]$_DFF_P_/D
       20 |       0 |      13 |        2 |      0 |     5 |    +0.0% |   -0.560 |       -6.5 |     31 | hash/p3_cap\[31\]$_DFF_P_/D
       30 |       0 |      20 |        4 |      0 |     7 |    +0.0% |   -0.485 |       -5.1 |     31 | hash/p3_cap\[29\]$_DFF_P_/D
       40 |       0 |      29 |        4 |      0 |     8 |    +0.1% |   -0.319 |       -3.4 |     31 | hash/p2_cap\[24\]$_DFF_P_/D
       50 |       0 |      35 |        4 |      0 |    12 |    +0.1% |   -0.242 |       -2.3 |     31 | hash/p3_cap\[29\]$_DFF_P_/D
       60 |       0 |      41 |        8 |      0 |    14 |    +0.1% |   -0.130 |       -0.8 |     31 | hash/p3_cap\[29\]$_DFF_P_/D
       69 |       0 |      47 |        8 |      0 |    17 |    +0.1% |   -0.015 |       -0.0 |     29 | hash/p2_cap\[24\]$_DFF_P_/D
       70 |       0 |      47 |        8 |      0 |    17 |    +0.1% |   -0.015 |       -0.0 |     29 | hash/p2_cap\[24\]$_DFF_P_/D
       73 |       0 |      48 |        8 |      0 |    19 |    +0.1% |   -0.015 |       -0.0 |     27 | hash/p2_cap\[24\]$_DFF_P_/D
       78 |       0 |      50 |        8 |      0 |    21 |    +0.1% |    0.000 |        0.0 |     25 | hash/p3_cap\[29\]$_DFF_P_/D
       79 |       0 |      50 |        8 |      0 |    21 |    +0.1% |    0.000 |        0.0 |     24 | hash/p3_cap\[29\]$_DFF_P_/D
       80 |       0 |      50 |        8 |      0 |    21 |    +0.1% |    0.000 |        0.0 |     24 | hash/p3_cap\[29\]$_DFF_P_/D
       80 |       0 |      50 |        8 |      0 |    21 |    +0.1% |    0.000 |        0.0 |     23 | hash/p3_cap\[29\]$_DFF_P_/D
       81 |       0 |      50 |        8 |      0 |    21 |    +0.1% |    0.000 |        0.0 |     22 | hash/p3_cap\[29\]$_DFF_P_/D
       82 |       0 |      50 |        8 |      0 |    21 |    +0.1% |    0.000 |        0.0 |     21 | hash/p3_cap\[29\]$_DFF_P_/D
       83 |       0 |      50 |        8 |      0 |    21 |    +0.1% |    0.000 |        0.0 |     20 | hash/p3_cap\[29\]$_DFF_P_/D
       84 |       0 |      50 |        8 |      0 |    21 |    +0.1% |    0.000 |        0.0 |     19 | hash/p3_cap\[29\]$_DFF_P_/D
       85 |       0 |      50 |        8 |      0 |    21 |    +0.1% |    0.000 |        0.0 |     18 | hash/p3_cap\[29\]$_DFF_P_/D
       86 |       0 |      50 |        8 |      0 |    21 |    +0.1% |    0.000 |        0.0 |     17 | hash/p3_cap\[29\]$_DFF_P_/D
       87 |       0 |      50 |        8 |      0 |    21 |    +0.1% |    0.000 |        0.0 |     16 | hash/p3_cap\[29\]$_DFF_P_/D
       88 |       0 |      50 |        8 |      0 |    21 |    +0.1% |    0.000 |        0.0 |     15 | hash/p3_cap\[29\]$_DFF_P_/D
       89 |       0 |      50 |        8 |      0 |    21 |    +0.1% |    0.000 |        0.0 |     14 | hash/p3_cap\[29\]$_DFF_P_/D
       90 |       0 |      50 |        8 |      0 |    21 |    +0.1% |    0.000 |        0.0 |     14 | hash/p3_cap\[29\]$_DFF_P_/D
       90 |       0 |      50 |        8 |      0 |    21 |    +0.1% |    0.000 |        0.0 |     13 | hash/p3_cap\[29\]$_DFF_P_/D
       91 |       0 |      50 |        8 |      0 |    21 |    +0.1% |    0.000 |        0.0 |     12 | hash/p3_cap\[29\]$_DFF_P_/D
       92 |       0 |      50 |        8 |      0 |    21 |    +0.1% |    0.000 |        0.0 |     11 | hash/p3_cap\[29\]$_DFF_P_/D
       93 |       0 |      50 |        8 |      0 |    21 |    +0.1% |    0.000 |        0.0 |     10 | hash/p3_cap\[29\]$_DFF_P_/D
       94 |       0 |      50 |        8 |      0 |    21 |    +0.1% |    0.000 |        0.0 |      9 | hash/p3_cap\[29\]$_DFF_P_/D
       95 |       0 |      50 |        8 |      0 |    21 |    +0.1% |    0.000 |        0.0 |      8 | hash/p3_cap\[29\]$_DFF_P_/D
       96 |       0 |      50 |        8 |      0 |    21 |    +0.1% |    0.000 |        0.0 |      7 | hash/p3_cap\[29\]$_DFF_P_/D
       97 |       0 |      50 |        8 |      0 |    21 |    +0.1% |    0.000 |        0.0 |      6 | hash/p3_cap\[29\]$_DFF_P_/D
       98 |       0 |      50 |        8 |      0 |    21 |    +0.1% |    0.000 |        0.0 |      5 | hash/p3_cap\[29\]$_DFF_P_/D
       99 |       0 |      50 |        8 |      0 |    21 |    +0.1% |    0.000 |        0.0 |      4 | hash/p3_cap\[29\]$_DFF_P_/D
      100 |       0 |      50 |        8 |      0 |    21 |    +0.1% |    0.000 |        0.0 |      4 | hash/p3_cap\[29\]$_DFF_P_/D
      100 |       0 |      50 |        8 |      0 |    21 |    +0.1% |    0.000 |        0.0 |      3 | hash/p3_cap\[29\]$_DFF_P_/D
      101 |       0 |      50 |        8 |      0 |    21 |    +0.1% |    0.000 |        0.0 |      2 | hash/p3_cap\[29\]$_DFF_P_/D
      102 |       0 |      50 |        8 |      0 |    21 |    +0.1% |    0.000 |        0.0 |      1 | hash/p3_cap\[29\]$_DFF_P_/D
      103 |       0 |      50 |        8 |      0 |    21 |    +0.1% |    0.000 |        0.0 |      0 | hash/p3_cap\[29\]$_DFF_P_/D
      104 |       0 |      50 |        8 |      0 |    21 |    +0.1% |    0.000 |        0.0 |      0 | hash/p3_cap\[29\]$_DFF_P_/D
      105 |       0 |      50 |        8 |      0 |    21 |    +0.1% |    0.000 |        0.0 |      0 | hash/p3_cap\[29\]$_DFF_P_/D
      106 |       0 |      50 |        8 |      0 |    21 |    +0.1% |    0.000 |        0.0 |      0 | hash/p3_cap\[29\]$_DFF_P_/D
    final |       0 |      50 |        8 |      0 |    21 |    +0.1% |    0.000 |        0.0 |      0 | hash/p3_cap\[29\]$_DFF_P_/D
--------------------------------------------------------------------------------------------------------------
[INFO RSZ-0040] Inserted 4 buffers.
[INFO RSZ-0041] Resized 50 instances.
[INFO RSZ-0043] Swapped pins on 21 instances.
[INFO RSZ-0033] No hold violations found.
Placement Analysis
---------------------------------
total displacement        152.9 u
average displacement        0.0 u
max displacement            7.8 u
original HPWL          772617.6 u
legalized HPWL         772730.2 u
delta HPWL                    0 %

Report metrics stage 4, cts final...

==========================================================================
cts final report_design_area
--------------------------------------------------------------------------
Design area 268202 u^2 47% utilization.
Elapsed time: 0:29.98[h:]min:sec. CPU time: user 29.58 sys 0.36 (99%). Peak memory: 895324KB.
