OpenROAD v2.0-19814-g250e48e05 
Features included (+) or not (-): +GPU +GUI +Python
This program is licensed under the BSD-3 license. See the LICENSE file for details.
Components of this program may be licensed under more restrictive licenses which must be honored.
[INFO ORD-0030] Using 8 thread(s).
[INFO DRT-0149] Reading tech and libs.
[WARNING DRT-0349] LEF58_ENCLOSURE with no CUTCLASS is not supported. Skipping for layer mcon
[WARNING DRT-0349] LEF58_ENCLOSURE with no CUTCLASS is not supported. Skipping for layer mcon
[WARNING DRT-0349] LEF58_ENCLOSURE with no CUTCLASS is not supported. Skipping for layer via
[WARNING DRT-0349] LEF58_ENCLOSURE with no CUTCLASS is not supported. Skipping for layer via
[WARNING DRT-0349] LEF58_ENCLOSURE with no CUTCLASS is not supported. Skipping for layer via2
[WARNING DRT-0349] LEF58_ENCLOSURE with no CUTCLASS is not supported. Skipping for layer via2
[WARNING DRT-0349] LEF58_ENCLOSURE with no CUTCLASS is not supported. Skipping for layer via3
[WARNING DRT-0349] LEF58_ENCLOSURE with no CUTCLASS is not supported. Skipping for layer via3
[WARNING DRT-0349] LEF58_ENCLOSURE with no CUTCLASS is not supported. Skipping for layer via4
[WARNING DRT-0349] LEF58_ENCLOSURE with no CUTCLASS is not supported. Skipping for layer via4

Units:                1000
Number of layers:     13
Number of macros:     441
Number of vias:       29
Number of viarulegen: 25

[INFO DRT-0150] Reading design.
[WARNING DRT-0120] Large net select has 257 pins which may impact routing performance. Consider optimization.

Design:                   sha256_unrolled_pipelined
Die area:                 ( 0 0 ) ( 757070 757070 )
Number of track patterns: 12
Number of DEF vias:       0
Number of components:     25653
Number of terminals:      771
Number of snets:          2
Number of nets:           19384

[INFO DRT-0167] List of default vias:
  Layer via
    default via: M1M2_PR
  Layer via2
    default via: M2M3_PR
  Layer via3
    default via: M3M4_PR
  Layer via4
    default via: M4M5_PR
[INFO DRT-0162] Library cell analysis.
[INFO DRT-0163] Instance analysis.
[INFO DRT-0164] Number of unique instances = 352.
[INFO DRT-0168] Init region query.
[INFO DRT-0024]   Complete FR_MASTERSLICE.
[INFO DRT-0024]   Complete Fr_VIA.
[INFO DRT-0024]   Complete li1.
[INFO DRT-0024]   Complete mcon.
[INFO DRT-0024]   Complete met1.
[INFO DRT-0024]   Complete via.
[INFO DRT-0024]   Complete met2.
[INFO DRT-0024]   Complete via2.
[INFO DRT-0024]   Complete met3.
[INFO DRT-0024]   Complete via3.
[INFO DRT-0024]   Complete met4.
[INFO DRT-0024]   Complete via4.
[INFO DRT-0024]   Complete met5.
[INFO DRT-0033] FR_MASTERSLICE shape region query size = 0.
[INFO DRT-0033] FR_VIA shape region query size = 0.
[INFO DRT-0033] li1 shape region query size = 772523.
[INFO DRT-0033] mcon shape region query size = 506037.
[INFO DRT-0033] met1 shape region query size = 161845.
[INFO DRT-0033] via shape region query size = 38090.
[INFO DRT-0033] met2 shape region query size = 23268.
[INFO DRT-0033] via2 shape region query size = 30472.
[INFO DRT-0033] met3 shape region query size = 23211.
[INFO DRT-0033] via3 shape region query size = 30472.
[INFO DRT-0033] met4 shape region query size = 9186.
[INFO DRT-0033] via4 shape region query size = 1513.
[INFO DRT-0033] met5 shape region query size = 1568.
[INFO DRT-0165] Start pin access.
[INFO DRT-0076]   Complete 1000 pins.
[INFO DRT-0076]   Complete 2000 pins.
[INFO DRT-0078]   Complete 2902 pins.
[INFO DRT-0079]   Complete 100 unique inst patterns.
[INFO DRT-0079]   Complete 200 unique inst patterns.
[INFO DRT-0079]   Complete 300 unique inst patterns.
[INFO DRT-0081]   Complete 352 unique inst patterns.
[INFO DRT-0082]   Complete 10000 groups.
[INFO DRT-0084]   Complete 12514 groups.
#scanned instances     = 25653
#unique  instances     = 352
#stdCellGenAp          = 12456
#stdCellValidPlanarAp  = 176
#stdCellValidViaAp     = 8466
#stdCellPinNoAp        = 10
#stdCellPinCnt         = 72366
#instTermValidViaApCnt = 0
#macroGenAp            = 0
#macroValidPlanarAp    = 0
#macroValidViaAp       = 0
#macroNoAp             = 0
[INFO DRT-0166] Complete pin access.
[INFO DRT-0267] cpu time = 00:15:24, elapsed time = 00:02:01, memory = 310.20 (MB), peak = 323.16 (MB)
global_route -congestion_report_file ./reports/sky130hd/sha256_unrolled_pipelined/base/congestion.rpt -congestion_iterations 30 -congestion_report_iter_step 5 -verbose
[INFO GRT-0020] Min routing layer: met1
[INFO GRT-0021] Max routing layer: met5
[INFO GRT-0022] Global adjustment: 0%
[INFO GRT-0023] Grid origin: (0, 0)
[INFO GRT-0043] No OR_DEFAULT vias defined.
[INFO GRT-0088] Layer li1     Track-Pitch = 0.4600  line-2-Via Pitch: 0.3400
[INFO GRT-0088] Layer met1    Track-Pitch = 0.3400  line-2-Via Pitch: 0.3400
[INFO GRT-0088] Layer met2    Track-Pitch = 0.4600  line-2-Via Pitch: 0.3500
[INFO GRT-0088] Layer met3    Track-Pitch = 0.6800  line-2-Via Pitch: 0.6150
[INFO GRT-0088] Layer met4    Track-Pitch = 0.9200  line-2-Via Pitch: 1.0400
[INFO GRT-0088] Layer met5    Track-Pitch = 3.4000  line-2-Via Pitch: 3.1100
[INFO GRT-0003] Macros: 0
[INFO GRT-0043] No OR_DEFAULT vias defined.
[INFO GRT-0004] Blockages: 113687
[INFO GRT-0019] Found 345 clock nets.
[INFO GRT-0001] Minimum degree: 2
[INFO GRT-0002] Maximum degree: 257

[INFO GRT-0053] Routing resources analysis:
          Routing      Original      Derated      Resource
Layer     Direction    Resources     Resources    Reduction (%)
---------------------------------------------------------------
li1        Vertical            0             0          0.00%
met1       Horizontal     239146         97508          59.23%
met2       Vertical       179305        117504          34.47%
met3       Horizontal     119573         86940          27.29%
met4       Vertical        71940         41904          41.75%
met5       Horizontal      23871         11774          50.68%
---------------------------------------------------------------

[INFO GRT-0101] Running extra iterations to remove overflow.
[INFO GRT-0197] Via related to pin nodes: 130426
[INFO GRT-0198] Via related Steiner nodes: 4395
[INFO GRT-0199] Via filling finished.
[INFO GRT-0111] Final number of vias: 173225
[INFO GRT-0112] Final usage 3D: 664944

[INFO GRT-0096] Final congestion report:
Layer         Resource        Demand        Usage (%)    Max H / Max V / Total Overflow
---------------------------------------------------------------------------------------
li1                  0             0            0.00%             0 /  0 /  0
met1             97508         40422           41.46%             0 /  0 /  0
met2            117504         63631           54.15%             0 /  0 /  0
met3             86940         26269           30.22%             0 /  0 /  0
met4             41904         13417           32.02%             0 /  0 /  0
met5             11774          1530           12.99%             0 /  0 /  0
---------------------------------------------------------------------------------------
Total           355630        145269           40.85%             0 /  0 /  0

[INFO GRT-0018] Total wirelength: 1428513 um
[INFO GRT-0014] Routed nets: 19369
Perform buffer insertion and gate resizing...
repair_design -verbose
[INFO RSZ-0058] Using max wire length 2154um.
Iteration |   Area    | Resized | Buffers | Nets repaired | Remaining
---------------------------------------------------------------------
        0 |     +0.0% |       0 |       0 |             0 |     20184
     1000 |     +0.0% |       0 |       0 |             0 |     19184
     2000 |     +0.0% |       0 |       0 |             0 |     18184
     3000 |     +0.0% |       0 |       0 |             0 |     17184
     4000 |     +0.0% |       0 |       0 |             0 |     16184
     5000 |     +0.0% |       0 |       0 |             0 |     15184
     6000 |     +0.0% |       0 |       0 |             0 |     14184
     7000 |     +0.0% |       0 |       0 |             0 |     13184
     8000 |     +0.0% |       0 |       0 |             0 |     12184
     9000 |     +0.0% |       0 |       0 |             0 |     11184
    10000 |     +0.0% |       0 |       0 |             0 |     10184
    11000 |     +0.0% |       0 |       0 |             0 |      9184
    12000 |     +0.0% |       0 |       0 |             0 |      8184
    13000 |     +0.0% |       0 |       0 |             0 |      7184
    14000 |     +0.0% |       0 |       0 |             0 |      6184
    15000 |     +0.0% |       0 |       0 |             0 |      5184
    16000 |     +0.0% |       0 |       0 |             0 |      4184
    17000 |     +0.0% |       0 |       0 |             0 |      3184
    18000 |     +0.0% |       0 |       0 |             0 |      2184
    19000 |     +0.0% |       0 |       0 |             0 |      1184
    20000 |     +0.0% |       0 |       0 |             0 |       184
    final |     +0.0% |       0 |       0 |             0 |         0
---------------------------------------------------------------------
global_route -start_incremental
detailed_placement
Placement Analysis
---------------------------------
total displacement          0.0 u
average displacement        0.0 u
max displacement            0.0 u
original HPWL          772730.2 u
legalized HPWL         772730.2 u
delta HPWL                    0 %

global_route -end_incremental -congestion_report_file ./reports/sky130hd/sha256_unrolled_pipelined/base/congestion_post_repair_design.rpt
Repair setup and hold violations...
repair_timing -verbose -setup_margin 0 -hold_margin 0 -repair_tns 100
[INFO RSZ-0094] Found 48 endpoints with setup violations.
[INFO RSZ-0099] Repairing 48 out of 48 (100.00%) violating endpoints...
   Iter   | Removed | Resized | Inserted | Cloned |  Pin  |   Area   |    WNS   |   TNS      |  Viol  | Worst
          | Buffers |  Gates  | Buffers  |  Gates | Swaps |          |          |            | Endpts | Endpt
--------------------------------------------------------------------------------------------------------------
        0 |       0 |       0 |        0 |      0 |     0 |    +0.0% |   -0.635 |      -11.4 |     48 | hash/p2_cap\[24\]$_DFF_P_/D
       10 |       0 |       8 |        0 |      0 |     1 |    +0.0% |   -0.472 |       -8.2 |     48 | hash/p2_cap\[27\]$_DFF_P_/D
       20 |       0 |      13 |        0 |      0 |     6 |    +0.0% |   -0.454 |       -7.5 |     48 | hash/p2_cap\[30\]$_DFF_P_/D
       30 |       0 |      16 |        0 |      0 |    13 |    +0.0% |   -0.423 |       -6.5 |     48 | hash/p2_cap\[28\]$_DFF_P_/D
       40 |       0 |      21 |        0 |      0 |    18 |    +0.0% |   -0.403 |       -6.0 |     48 | hash/p2_cap\[30\]$_DFF_P_/D
       50 |       0 |      26 |        0 |      0 |    23 |    +0.0% |   -0.345 |       -5.6 |     48 | hash/p2_cap\[31\]$_DFF_P_/D
       60 |       0 |      29 |        0 |      0 |    30 |    +0.0% |   -0.409 |       -6.1 |     48 | hash/p3_cap\[29\]$_DFF_P_/D
       70 |       0 |      32 |        2 |      0 |    36 |    +0.1% |   -0.383 |       -5.6 |     48 | hash/p3_cap\[29\]$_DFF_P_/D
       80 |       0 |      37 |        2 |      0 |    41 |    +0.1% |   -0.378 |       -5.3 |     48 | hash/p3_cap\[29\]$_DFF_P_/D
       90 |       0 |      40 |        6 |      0 |    46 |    +0.1% |   -0.297 |       -4.7 |     48 | hash/p3_cap\[29\]$_DFF_P_/D
      100 |       0 |      45 |        6 |      0 |    51 |    +0.1% |   -0.304 |       -4.5 |     48 | hash/p3_cap\[28\]$_DFF_P_/D
      110 |       0 |      51 |        6 |      0 |    55 |    +0.1% |   -0.359 |       -5.5 |     48 | hash/p2_cap\[30\]$_DFF_P_/D
      120 |       0 |      55 |        6 |      0 |    61 |    +0.1% |   -0.349 |       -5.0 |     48 | hash/p2_cap\[30\]$_DFF_P_/D
      130 |       0 |      60 |        8 |      0 |    65 |    +0.1% |   -0.329 |       -4.7 |     48 | hash/p2_cap\[28\]$_DFF_P_/D
      140 |       0 |      61 |       10 |      0 |    73 |    +0.1% |   -0.262 |       -3.8 |     48 | hash/p2_cap\[28\]$_DFF_P_/D
      150 |       0 |      69 |       10 |      0 |    75 |    +0.1% |   -0.281 |       -4.0 |     48 | hash/p2_cap\[28\]$_DFF_P_/D
      159 |       0 |      68 |       10 |      0 |    73 |    +0.1% |   -0.218 |       -3.1 |     48 | hash/p2_cap\[28\]$_DFF_P_/D
      160 |       0 |      68 |       10 |      0 |    73 |    +0.1% |   -0.218 |       -3.1 |     48 | hash/p2_cap\[28\]$_DFF_P_/D
      170 |       0 |      71 |       10 |      0 |    80 |    +0.1% |   -0.247 |       -3.2 |     48 | hash/p2_cap\[28\]$_DFF_P_/D
      180 |       0 |      76 |       10 |      0 |    85 |    +0.1% |   -0.248 |       -3.0 |     48 | hash/p2_cap\[28\]$_DFF_P_/D
      182 |       0 |      68 |       10 |      0 |    73 |    +0.1% |   -0.218 |       -3.1 |     48 | hash/p2_cap\[28\]$_DFF_P_/D
      190 |       0 |      70 |       10 |      0 |    78 |    +0.1% |   -0.236 |       -3.2 |     48 | hash/p3_cap\[31\]$_DFF_P_/D
      192 |       0 |      70 |       10 |      0 |    73 |    +0.1% |   -0.215 |       -3.1 |     48 | hash/p2_cap\[28\]$_DFF_P_/D
      193 |       0 |      70 |       10 |      0 |    73 |    +0.1% |   -0.215 |       -3.1 |     48 | hash/p2_cap\[28\]$_DFF_P_/D
      200 |       0 |      73 |       10 |      0 |    76 |    +0.1% |   -0.220 |       -3.1 |     48 | hash/p2_cap\[28\]$_DFF_P_/D
      210 |       0 |      76 |       10 |      0 |    83 |    +0.1% |   -0.226 |       -3.0 |     48 | hash/p2_cap\[28\]$_DFF_P_/D
      220 |       0 |      78 |       10 |      0 |    91 |    +0.1% |   -0.227 |       -3.0 |     48 | hash/p2_cap\[28\]$_DFF_P_/D
      220 |       0 |      70 |       10 |      0 |    73 |    +0.1% |   -0.215 |       -3.1 |     48 | hash/p2_cap\[28\]$_DFF_P_/D
      221 |       0 |      70 |       10 |      0 |    73 |    +0.1% |   -0.215 |       -3.1 |     48 | hash/p2_cap\[28\]$_DFF_P_/D
      230 |       0 |      73 |       10 |      0 |    78 |    +0.1% |   -0.229 |       -3.1 |     48 | hash/p2_cap\[28\]$_DFF_P_/D
      240 |       0 |      78 |       10 |      0 |    83 |    +0.2% |   -0.230 |       -3.1 |     48 | hash/p2_cap\[28\]$_DFF_P_/D
      244 |       0 |      72 |       10 |      0 |    73 |    +0.1% |   -0.221 |       -3.1 |     48 | hash/p2_cap\[28\]$_DFF_P_/D
      247 |       0 |      72 |       10 |      0 |    73 |    +0.1% |   -0.221 |       -3.1 |     48 | hash/p2_cap\[28\]$_DFF_P_/D
      250 |       0 |      73 |       10 |      0 |    74 |    +0.1% |   -0.221 |       -3.0 |     48 | hash/p2_cap\[28\]$_DFF_P_/D
      257 |       0 |      78 |       10 |      0 |    76 |    +0.1% |   -0.221 |       -3.0 |     48 | hash/p2_cap\[28\]$_DFF_P_/D
      260 |       0 |      79 |       10 |      0 |    77 |    +0.1% |   -0.221 |       -2.9 |     48 | hash/p2_cap\[28\]$_DFF_P_/D
      264 |       0 |      80 |       10 |      0 |    78 |    +0.1% |   -0.221 |       -2.9 |     47 | hash/p2_cap\[28\]$_DFF_P_/D
      270 |       0 |      83 |       10 |      0 |    80 |    +0.1% |   -0.226 |       -2.9 |     47 | hash/p2_cap\[28\]$_DFF_P_/D
      272 |       0 |      80 |       10 |      0 |    78 |    +0.1% |   -0.221 |       -2.9 |     46 | hash/p2_cap\[28\]$_DFF_P_/D
      274 |       0 |      81 |       10 |      0 |    78 |    +0.2% |   -0.221 |       -2.9 |     44 | hash/p2_cap\[28\]$_DFF_P_/D
      275 |       0 |      81 |       10 |      0 |    78 |    +0.2% |   -0.221 |       -2.9 |     43 | hash/p2_cap\[28\]$_DFF_P_/D
      279 |       0 |      81 |       10 |      0 |    78 |    +0.2% |   -0.221 |       -2.9 |     43 | hash/p2_cap\[28\]$_DFF_P_/D
      280 |       0 |      81 |       10 |      0 |    78 |    +0.2% |   -0.221 |       -2.9 |     43 | hash/p2_cap\[28\]$_DFF_P_/D
      280 |       0 |      81 |       10 |      0 |    78 |    +0.2% |   -0.221 |       -2.9 |     42 | hash/p2_cap\[28\]$_DFF_P_/D
      281 |       0 |      81 |       10 |      0 |    78 |    +0.2% |   -0.221 |       -2.9 |     41 | hash/p2_cap\[28\]$_DFF_P_/D
      282 |       0 |      81 |       10 |      0 |    78 |    +0.2% |   -0.221 |       -2.9 |     40 | hash/p2_cap\[28\]$_DFF_P_/D
      283 |       0 |      81 |       10 |      0 |    78 |    +0.2% |   -0.221 |       -2.9 |     39 | hash/p2_cap\[28\]$_DFF_P_/D
      284 |       0 |      81 |       10 |      0 |    78 |    +0.2% |   -0.221 |       -2.9 |     38 | hash/p2_cap\[28\]$_DFF_P_/D
      285 |       0 |      81 |       10 |      0 |    78 |    +0.2% |   -0.221 |       -2.9 |     37 | hash/p2_cap\[28\]$_DFF_P_/D
      290 |       0 |      84 |       10 |      0 |    79 |    +0.2% |   -0.221 |       -2.8 |     37 | hash/p2_cap\[28\]$_DFF_P_/D
      292 |       0 |      85 |       10 |      0 |    80 |    +0.2% |   -0.221 |       -2.7 |     35 | hash/p2_cap\[28\]$_DFF_P_/D
      293 |       0 |      85 |       10 |      0 |    80 |    +0.2% |   -0.221 |       -2.7 |     34 | hash/p2_cap\[28\]$_DFF_P_/D
      294 |       0 |      85 |       10 |      0 |    80 |    +0.2% |   -0.221 |       -2.7 |     33 | hash/p2_cap\[28\]$_DFF_P_/D
      295 |       0 |      85 |       10 |      0 |    80 |    +0.2% |   -0.221 |       -2.7 |     32 | hash/p2_cap\[28\]$_DFF_P_/D
      297 |       0 |      85 |       10 |      1 |    80 |    +0.2% |   -0.221 |       -2.3 |     30 | hash/p2_cap\[28\]$_DFF_P_/D
      298 |       0 |      85 |       10 |      1 |    80 |    +0.2% |   -0.221 |       -2.3 |     29 | hash/p2_cap\[28\]$_DFF_P_/D
      299 |       0 |      85 |       10 |      1 |    80 |    +0.2% |   -0.221 |       -2.3 |     28 | hash/p2_cap\[28\]$_DFF_P_/D
      300 |       0 |      85 |       10 |      1 |    80 |    +0.2% |   -0.221 |       -2.3 |     28 | hash/p2_cap\[28\]$_DFF_P_/D
      300 |       0 |      85 |       10 |      1 |    80 |    +0.2% |   -0.221 |       -2.3 |     27 | hash/p2_cap\[28\]$_DFF_P_/D
      301 |       0 |      85 |       10 |      1 |    80 |    +0.2% |   -0.221 |       -2.3 |     26 | hash/p2_cap\[28\]$_DFF_P_/D
      302 |       0 |      85 |       10 |      1 |    80 |    +0.2% |   -0.221 |       -2.3 |     25 | hash/p2_cap\[28\]$_DFF_P_/D
      303 |       0 |      85 |       10 |      1 |    80 |    +0.2% |   -0.221 |       -2.3 |     24 | hash/p2_cap\[28\]$_DFF_P_/D
      304 |       0 |      85 |       10 |      1 |    80 |    +0.2% |   -0.221 |       -2.3 |     23 | hash/p2_cap\[28\]$_DFF_P_/D
      305 |       0 |      85 |       10 |      1 |    80 |    +0.2% |   -0.221 |       -2.3 |     22 | hash/p2_cap\[28\]$_DFF_P_/D
      306 |       0 |      85 |       10 |      1 |    80 |    +0.2% |   -0.221 |       -2.3 |     21 | hash/p2_cap\[28\]$_DFF_P_/D
      307 |       0 |      85 |       10 |      1 |    80 |    +0.2% |   -0.221 |       -2.3 |     20 | hash/p2_cap\[28\]$_DFF_P_/D
      308 |       0 |      85 |       10 |      1 |    80 |    +0.2% |   -0.221 |       -2.3 |     19 | hash/p2_cap\[28\]$_DFF_P_/D
      309 |       0 |      85 |       10 |      1 |    80 |    +0.2% |   -0.221 |       -2.3 |     18 | hash/p2_cap\[28\]$_DFF_P_/D
      310 |       0 |      85 |       10 |      1 |    80 |    +0.2% |   -0.221 |       -2.3 |     18 | hash/p2_cap\[28\]$_DFF_P_/D
      310 |       0 |      85 |       10 |      1 |    80 |    +0.2% |   -0.221 |       -2.3 |     17 | hash/p2_cap\[28\]$_DFF_P_/D
      311 |       0 |      85 |       10 |      1 |    80 |    +0.2% |   -0.221 |       -2.3 |     16 | hash/p2_cap\[28\]$_DFF_P_/D
      312 |       0 |      85 |       10 |      1 |    80 |    +0.2% |   -0.221 |       -2.3 |     15 | hash/p2_cap\[28\]$_DFF_P_/D
      313 |       0 |      85 |       10 |      1 |    80 |    +0.2% |   -0.221 |       -2.3 |     14 | hash/p2_cap\[28\]$_DFF_P_/D
      314 |       0 |      85 |       10 |      1 |    80 |    +0.2% |   -0.221 |       -2.3 |     13 | hash/p2_cap\[28\]$_DFF_P_/D
      315 |       0 |      85 |       10 |      1 |    80 |    +0.2% |   -0.221 |       -2.3 |     12 | hash/p2_cap\[28\]$_DFF_P_/D
      316 |       0 |      85 |       10 |      1 |    80 |    +0.2% |   -0.221 |       -2.3 |     11 | hash/p2_cap\[28\]$_DFF_P_/D
      317 |       0 |      85 |       10 |      1 |    80 |    +0.2% |   -0.221 |       -2.3 |     10 | hash/p2_cap\[28\]$_DFF_P_/D
      318 |       0 |      85 |       10 |      1 |    80 |    +0.2% |   -0.221 |       -2.3 |      9 | hash/p2_cap\[28\]$_DFF_P_/D
      319 |       0 |      85 |       10 |      1 |    80 |    +0.2% |   -0.221 |       -2.3 |      8 | hash/p2_cap\[28\]$_DFF_P_/D
      320 |       0 |      85 |       10 |      1 |    80 |    +0.2% |   -0.221 |       -2.3 |      8 | hash/p2_cap\[28\]$_DFF_P_/D
      321 |       0 |      86 |       10 |      1 |    80 |    +0.2% |   -0.221 |       -1.8 |      6 | hash/p2_cap\[28\]$_DFF_P_/D
     322* |       0 |      86 |       10 |      1 |    80 |    +0.2% |   -0.221 |       -1.8 |     12 | hash/p2_cap\[28\]$_DFF_P_/D
     323* |       0 |      86 |       10 |      1 |    80 |    +0.2% |   -0.221 |       -1.8 |     12 | hash/p2_cap\[28\]$_DFF_P_/D
     324* |       0 |      86 |       10 |      1 |    80 |    +0.2% |   -0.221 |       -1.8 |     12 | hash/p2_cap\[28\]$_DFF_P_/D
     325* |       0 |      86 |       10 |      1 |    80 |    +0.2% |   -0.221 |       -1.8 |     12 | hash/p2_cap\[28\]$_DFF_P_/D
     327* |       0 |      87 |       10 |      1 |    80 |    +0.2% |   -0.221 |       -1.8 |     12 | hash/p2_cap\[28\]$_DFF_P_/D
     328* |       0 |      87 |       10 |      1 |    80 |    +0.2% |   -0.221 |       -1.8 |     12 | hash/p2_cap\[28\]$_DFF_P_/D
     329* |       0 |      87 |       10 |      1 |    80 |    +0.2% |   -0.221 |       -1.8 |     12 | hash/p2_cap\[28\]$_DFF_P_/D
     330* |       0 |      87 |       10 |      1 |    80 |    +0.2% |   -0.221 |       -1.8 |     12 | hash/p2_cap\[28\]$_DFF_P_/D
     330* |       0 |      87 |       10 |      1 |    80 |    +0.2% |   -0.221 |       -1.8 |     12 | hash/p2_cap\[28\]$_DFF_P_/D
     331* |       0 |      87 |       10 |      1 |    80 |    +0.2% |   -0.221 |       -1.8 |     12 | hash/p2_cap\[28\]$_DFF_P_/D
     332* |       0 |      87 |       10 |      1 |    80 |    +0.2% |   -0.221 |       -1.8 |     12 | hash/p2_cap\[28\]$_DFF_P_/D
     333* |       0 |      87 |       10 |      1 |    80 |    +0.2% |   -0.221 |       -1.8 |     12 | hash/p2_cap\[28\]$_DFF_P_/D
     334* |       0 |      87 |       10 |      1 |    80 |    +0.2% |   -0.221 |       -1.8 |     12 | hash/p2_cap\[28\]$_DFF_P_/D
    final |       0 |      87 |       10 |      1 |    80 |    +0.2% |   -0.221 |       -1.8 |     12 | hash/p2_cap\[28\]$_DFF_P_/D
--------------------------------------------------------------------------------------------------------------
[INFO RSZ-0040] Inserted 5 buffers.
[INFO RSZ-0041] Resized 87 instances.
[INFO RSZ-0043] Swapped pins on 80 instances.
[INFO RSZ-0049] Cloned 1 instances.
[WARNING RSZ-0062] Unable to repair all setup violations.
[INFO RSZ-0033] No hold violations found.
Took 5 seconds: repair_timing -verbose -setup_margin 0 -hold_margin 0 -repair_tns 100
global_route -start_incremental
detailed_placement
Placement Analysis
---------------------------------
total displacement        301.9 u
average displacement        0.0 u
max displacement           10.0 u
original HPWL          773201.2 u
legalized HPWL         773508.3 u
delta HPWL                    0 %

global_route -end_incremental -congestion_report_file ./reports/sky130hd/sha256_unrolled_pipelined/base/congestion_post_repair_timing.rpt
global_route -start_incremental
Downsizing/switching to higher Vt for non critical gates for power recovery
Percent of paths optimized 100
tns -1.82
wns -0.22
Group                  Internal  Switching    Leakage      Total
                          Power      Power      Power      Power (Watts)
----------------------------------------------------------------
Sequential             1.84e-02   2.52e-03   2.80e-08   2.09e-02   5.3%
Combinational          1.46e-01   2.15e-01   6.61e-08   3.61e-01  91.3%
Clock                  7.50e-03   5.97e-03   5.58e-09   1.35e-02   3.4%
Macro                  0.00e+00   0.00e+00   0.00e+00   0.00e+00   0.0%
Pad                    0.00e+00   0.00e+00   0.00e+00   0.00e+00   0.0%
----------------------------------------------------------------
Total                  1.72e-01   2.23e-01   9.97e-08   3.96e-01 100.0%
                          43.5%      56.5%       0.0%
repair_timing -verbose -recover_power 100
Iteration |   Area    |  Resized |   WNS    | Endpt
---------------------------------------------------
        0 |     +0.0% |        0 |   -0.221 | hash/p2_cap\[28\]$_DFF_P_/D
      100 |     -0.1% |       45 |   -0.221 | hash/p2_cap\[28\]$_DFF_P_/D
      200 |     -0.1% |       49 |   -0.221 | hash/p2_cap\[28\]$_DFF_P_/D
      300 |     -0.1% |       57 |   -0.221 | hash/p2_cap\[28\]$_DFF_P_/D
      400 |     -0.1% |       83 |   -0.221 | hash/p2_cap\[28\]$_DFF_P_/D
      500 |     -0.1% |      111 |   -0.221 | hash/p2_cap\[28\]$_DFF_P_/D
      600 |     -0.1% |      115 |   -0.221 | hash/p2_cap\[28\]$_DFF_P_/D
      700 |     -0.1% |      123 |   -0.221 | hash/p2_cap\[28\]$_DFF_P_/D
      800 |     -0.1% |      153 |   -0.221 | hash/p2_cap\[28\]$_DFF_P_/D
      900 |     -0.1% |      173 |   -0.221 | hash/p2_cap\[28\]$_DFF_P_/D
     1000 |     -0.1% |      185 |   -0.221 | hash/p2_cap\[28\]$_DFF_P_/D
     1100 |     -0.1% |      192 |   -0.221 | hash/p2_cap\[28\]$_DFF_P_/D
     1200 |     -0.1% |      201 |   -0.221 | hash/p2_cap\[28\]$_DFF_P_/D
     1300 |     -0.1% |      206 |   -0.221 | hash/p2_cap\[28\]$_DFF_P_/D
     1400 |     -0.1% |      209 |   -0.221 | hash/p2_cap\[28\]$_DFF_P_/D
     1500 |     -0.1% |      212 |   -0.221 | hash/p2_cap\[28\]$_DFF_P_/D
     1600 |     -0.1% |      213 |   -0.221 | hash/p2_cap\[28\]$_DFF_P_/D
     1700 |     -0.1% |      215 |   -0.218 | hash/p2_cap\[28\]$_DFF_P_/D
     1800 |     -0.1% |      215 |   -0.218 | hash/p2_cap\[28\]$_DFF_P_/D
     1900 |     -0.1% |      217 |   -0.218 | hash/p2_cap\[28\]$_DFF_P_/D
     2000 |     -0.1% |      218 |   -0.218 | hash/p2_cap\[28\]$_DFF_P_/D
     2100 |     -0.1% |      218 |   -0.218 | hash/p2_cap\[28\]$_DFF_P_/D
     2200 |     -0.1% |      218 |   -0.218 | hash/p2_cap\[28\]$_DFF_P_/D
     2300 |     -0.1% |      218 |   -0.218 | hash/p2_cap\[28\]$_DFF_P_/D
     2400 |     -0.1% |      218 |   -0.218 | hash/p2_cap\[28\]$_DFF_P_/D
     2500 |     -0.1% |      220 |   -0.218 | hash/p2_cap\[28\]$_DFF_P_/D
     2600 |     -0.1% |      222 |   -0.218 | hash/p2_cap\[28\]$_DFF_P_/D
     2700 |     -0.1% |      225 |   -0.218 | hash/p2_cap\[28\]$_DFF_P_/D
     2800 |     -0.1% |      231 |   -0.218 | hash/p2_cap\[28\]$_DFF_P_/D
     2900 |     -0.1% |      280 |   -0.231 | hash/p2_cap\[28\]$_DFF_P_/D
     3000 |     -0.1% |      339 |   -0.238 | hash/p2_cap\[28\]$_DFF_P_/D
     3100 |     -0.1% |      419 |   -0.254 | hash/p2_cap\[28\]$_DFF_P_/D
     3200 |     -0.1% |      478 |   -0.254 | hash/p2_cap\[28\]$_DFF_P_/D
     3300 |     -0.1% |      517 |   -0.247 | hash/p2_cap\[28\]$_DFF_P_/D
[INFO RSZ-0142] 500 successive tries yielded negative slack. Ending power recovery
    final |     -0.1% |      523 |   -0.247 | hash/p2_cap\[28\]$_DFF_P_/D
---------------------------------------------------
[INFO RSZ-0141] Resized 523 instances.
Took 73 seconds: repair_timing -verbose -recover_power 100
tns -2.09
wns -0.25
Group                  Internal  Switching    Leakage      Total
                          Power      Power      Power      Power (Watts)
----------------------------------------------------------------
Sequential             1.84e-02   2.51e-03   2.80e-08   2.09e-02   5.3%
Combinational          1.46e-01   2.15e-01   6.61e-08   3.61e-01  91.3%
Clock                  7.50e-03   5.97e-03   5.58e-09   1.35e-02   3.4%
Macro                  0.00e+00   0.00e+00   0.00e+00   0.00e+00   0.0%
Pad                    0.00e+00   0.00e+00   0.00e+00   0.00e+00   0.0%
----------------------------------------------------------------
Total                  1.72e-01   2.23e-01   9.96e-08   3.96e-01 100.0%
                          43.5%      56.5%       0.0%
global_route -end_incremental -congestion_report_file ./reports/sky130hd/sha256_unrolled_pipelined/base/congestion_post_recover_power.rpt
Repair antennas...
[INFO GRT-0012] Found 67 antenna violations.
[INFO GRT-0302] Inserted 53 jumpers for 49 nets.
[INFO GRT-0012] Found 22 antenna violations.
[INFO GRT-0015] Inserted 121 diodes.
[INFO GRT-0012] Found 5 antenna violations.
[INFO GRT-0302] Inserted 2 jumpers for 2 nets.
[INFO GRT-0012] Found 3 antenna violations.
[INFO GRT-0015] Inserted 27 diodes.
[INFO GRT-0012] Found 3 antenna violations.
[INFO GRT-0302] Inserted 0 jumpers for 0 nets.
[INFO GRT-0012] Found 3 antenna violations.
[INFO GRT-0015] Inserted 12 diodes.
[INFO GRT-0012] Found 0 antenna violations.
[INFO ANT-0002] Found 0 net violations.
[INFO ANT-0001] Found 0 pin violations.
Estimate parasitics...
Report metrics stage 5, global route...

==========================================================================
global route report_design_area
--------------------------------------------------------------------------
Design area 268783 u^2 47% utilization.
[INFO FLW-0007] clock core_clock period 10.000000
[INFO FLW-0008] Clock core_clock period 9.763
[INFO FLW-0009] Clock core_clock slack -0.277
[INFO FLW-0011] Path endpoint path count 5914
Elapsed time: 4:32.99[h:]min:sec. CPU time: user 1299.19 sys 0.72 (476%). Peak memory: 1298000KB.
