
==========================================================================
finish report_tns
--------------------------------------------------------------------------
tns -5.72

==========================================================================
finish report_wns
--------------------------------------------------------------------------
wns -0.62

==========================================================================
finish report_worst_slack
--------------------------------------------------------------------------
worst slack -0.62

==========================================================================
finish report_clock_skew
--------------------------------------------------------------------------
Clock core_clock
   1.04 source latency w[51][29]$_SDFFCE_PN0P_/CLK ^
  -0.98 target latency w_value2[29]$_DFF_P_/CLK ^
   0.00 CRPR
--------------
   0.06 setup skew


==========================================================================
finish report_checks -path_delay min
--------------------------------------------------------------------------
Startpoint: ready_dash$_SDFF_PP0_
            (rising edge-triggered flip-flop clocked by core_clock)
Endpoint: ready$_DFF_P_ (rising edge-triggered flip-flop clocked by core_clock)
Path Group: core_clock
Path Type: min

Fanout     Cap    Slew   Delay    Time   Description
-----------------------------------------------------------------------------
                          0.00    0.00   clock core_clock (rise edge)
                          0.00    0.00   clock source latency
     1    0.10    0.00    0.00    0.00 ^ clk (in)
                                         clk (net)
                  0.02    0.01    0.01 ^ clkbuf_0_clk/A (sky130_fd_sc_hd__clkbuf_16)
     4    0.19    0.20    0.24    0.25 ^ clkbuf_0_clk/X (sky130_fd_sc_hd__clkbuf_16)
                                         clknet_0_clk (net)
                  0.20    0.00    0.25 ^ clkbuf_2_3_0_clk/A (sky130_fd_sc_hd__clkbuf_16)
     8    0.19    0.20    0.30    0.55 ^ clkbuf_2_3_0_clk/X (sky130_fd_sc_hd__clkbuf_16)
                                         clknet_2_3_0_clk (net)
                  0.20    0.00    0.56 ^ clkbuf_5_29__f_clk/A (sky130_fd_sc_hd__clkbuf_16)
    10    0.14    0.15    0.27    0.82 ^ clkbuf_5_29__f_clk/X (sky130_fd_sc_hd__clkbuf_16)
                                         clknet_5_29__leaf_clk (net)
                  0.15    0.00    0.83 ^ clkbuf_leaf_160_clk/A (sky130_fd_sc_hd__clkbuf_16)
    12    0.04    0.06    0.18    1.00 ^ clkbuf_leaf_160_clk/X (sky130_fd_sc_hd__clkbuf_16)
                                         clknet_leaf_160_clk (net)
                  0.06    0.00    1.00 ^ ready_dash$_SDFF_PP0_/CLK (sky130_fd_sc_hd__dfxtp_1)
     1    0.00    0.05    0.31    1.31 ^ ready_dash$_SDFF_PP0_/Q (sky130_fd_sc_hd__dfxtp_1)
                                         ready_dash (net)
                  0.05    0.00    1.31 ^ ready$_DFF_P_/D (sky130_fd_sc_hd__dfxtp_1)
                                  1.31   data arrival time

                          0.00    0.00   clock core_clock (rise edge)
                          0.00    0.00   clock source latency
     1    0.10    0.00    0.00    0.00 ^ clk (in)
                                         clk (net)
                  0.02    0.01    0.01 ^ clkbuf_0_clk/A (sky130_fd_sc_hd__clkbuf_16)
     4    0.19    0.20    0.24    0.25 ^ clkbuf_0_clk/X (sky130_fd_sc_hd__clkbuf_16)
                                         clknet_0_clk (net)
                  0.20    0.00    0.25 ^ clkbuf_2_3_0_clk/A (sky130_fd_sc_hd__clkbuf_16)
     8    0.19    0.20    0.30    0.55 ^ clkbuf_2_3_0_clk/X (sky130_fd_sc_hd__clkbuf_16)
                                         clknet_2_3_0_clk (net)
                  0.20    0.00    0.56 ^ clkbuf_5_29__f_clk/A (sky130_fd_sc_hd__clkbuf_16)
    10    0.14    0.15    0.27    0.82 ^ clkbuf_5_29__f_clk/X (sky130_fd_sc_hd__clkbuf_16)
                                         clknet_5_29__leaf_clk (net)
                  0.15    0.00    0.83 ^ clkbuf_leaf_160_clk/A (sky130_fd_sc_hd__clkbuf_16)
    12    0.04    0.06    0.18    1.00 ^ clkbuf_leaf_160_clk/X (sky130_fd_sc_hd__clkbuf_16)
                                         clknet_leaf_160_clk (net)
                  0.06    0.00    1.00 ^ ready$_DFF_P_/CLK (sky130_fd_sc_hd__dfxtp_1)
                          0.00    1.00   clock reconvergence pessimism
                         -0.03    0.97   library hold time
                                  0.97   data required time
-----------------------------------------------------------------------------
                                  0.97   data required time
                                 -1.31   data arrival time
-----------------------------------------------------------------------------
                                  0.34   slack (MET)



==========================================================================
finish report_checks -path_delay max
--------------------------------------------------------------------------
Startpoint: hash.p2_cap[25]$_DFF_P_
            (rising edge-triggered flip-flop clocked by core_clock)
Endpoint: hash.p2_cap[30]$_DFF_P_
          (rising edge-triggered flip-flop clocked by core_clock)
Path Group: core_clock
Path Type: max

Fanout     Cap    Slew   Delay    Time   Description
-----------------------------------------------------------------------------
                          0.00    0.00   clock core_clock (rise edge)
                          0.00    0.00   clock source latency
     1    0.10    0.00    0.00    0.00 ^ clk (in)
                                         clk (net)
                  0.02    0.01    0.01 ^ clkbuf_0_clk/A (sky130_fd_sc_hd__clkbuf_16)
     4    0.19    0.20    0.24    0.25 ^ clkbuf_0_clk/X (sky130_fd_sc_hd__clkbuf_16)
                                         clknet_0_clk (net)
                  0.20    0.00    0.25 ^ clkbuf_2_3_0_clk/A (sky130_fd_sc_hd__clkbuf_16)
     8    0.19    0.20    0.30    0.55 ^ clkbuf_2_3_0_clk/X (sky130_fd_sc_hd__clkbuf_16)
                                         clknet_2_3_0_clk (net)
                  0.20    0.00    0.56 ^ clkbuf_5_28__f_clk/A (sky130_fd_sc_hd__clkbuf_16)
    10    0.15    0.17    0.27    0.83 ^ clkbuf_5_28__f_clk/X (sky130_fd_sc_hd__clkbuf_16)
                                         clknet_5_28__leaf_clk (net)
                  0.17    0.01    0.84 ^ clkbuf_leaf_167_clk/A (sky130_fd_sc_hd__clkbuf_16)
    12    0.04    0.06    0.18    1.02 ^ clkbuf_leaf_167_clk/X (sky130_fd_sc_hd__clkbuf_16)
                                         clknet_leaf_167_clk (net)
                  0.06    0.00    1.02 ^ hash.p2_cap[25]$_DFF_P_/CLK (sky130_fd_sc_hd__dfxtp_4)
     7    0.06    0.10    0.41    1.42 v hash.p2_cap[25]$_DFF_P_/Q (sky130_fd_sc_hd__dfxtp_4)
                                         hash.CA2.S1.X[25] (net)
                  0.10    0.01    1.44 v _14773_/B (sky130_fd_sc_hd__xnor2_2)
     1    0.01    0.08    0.17    1.61 v _14773_/Y (sky130_fd_sc_hd__xnor2_2)
                                         _04381_ (net)
                  0.08    0.00    1.61 v _14774_/A (sky130_fd_sc_hd__xnor2_2)
     1    0.01    0.19    0.22    1.83 ^ _14774_/Y (sky130_fd_sc_hd__xnor2_2)
                                         _13230_ (net)
                  0.19    0.00    1.83 ^ _27607_/A (sky130_fd_sc_hd__ha_2)
     2    0.00    0.05    0.20    2.03 ^ _27607_/COUT (sky130_fd_sc_hd__ha_2)
                                         _13231_ (net)
                  0.05    0.00    2.03 ^ _18753_/A (sky130_fd_sc_hd__inv_1)
     1    0.01    0.03    0.05    2.08 v _18753_/Y (sky130_fd_sc_hd__inv_1)
                                         _12083_ (net)
                  0.03    0.00    2.08 v _27310_/CIN (sky130_fd_sc_hd__fa_2)
     2    0.01    0.08    0.34    2.42 v _27310_/COUT (sky130_fd_sc_hd__fa_2)
                                         _12086_ (net)
                  0.08    0.00    2.42 v _14919_/A (sky130_fd_sc_hd__nor2b_2)
     1    0.01    0.09    0.13    2.56 ^ _14919_/Y (sky130_fd_sc_hd__nor2b_2)
                                         _04507_ (net)
                  0.09    0.00    2.56 ^ _14920_/A1 (sky130_fd_sc_hd__o21ai_2)
     2    0.01    0.07    0.08    2.64 v _14920_/Y (sky130_fd_sc_hd__o21ai_2)
                                         _04508_ (net)
                  0.07    0.00    2.64 v _14921_/A1 (sky130_fd_sc_hd__a21boi_2)
     2    0.01    0.11    0.14    2.78 ^ _14921_/Y (sky130_fd_sc_hd__a21boi_2)
                                         _04509_ (net)
                  0.11    0.00    2.78 ^ _14966_/A1 (sky130_fd_sc_hd__o21a_1)
     2    0.01    0.09    0.17    2.96 ^ _14966_/X (sky130_fd_sc_hd__o21a_1)
                                         _04546_ (net)
                  0.09    0.00    2.96 ^ _15011_/A2 (sky130_fd_sc_hd__o21ai_2)
     2    0.01    0.07    0.08    3.03 v _15011_/Y (sky130_fd_sc_hd__o21ai_2)
                                         _04583_ (net)
                  0.07    0.00    3.03 v _15054_/A2 (sky130_fd_sc_hd__a21boi_2)
     2    0.01    0.20    0.23    3.26 ^ _15054_/Y (sky130_fd_sc_hd__a21boi_2)
                                         _04618_ (net)
                  0.20    0.00    3.26 ^ _15079_/A3 (sky130_fd_sc_hd__o31ai_4)
     3    0.01    0.08    0.09    3.35 v _15079_/Y (sky130_fd_sc_hd__o31ai_4)
                                         _04635_ (net)
                  0.08    0.00    3.35 v rebuffer57/A (sky130_fd_sc_hd__buf_2)
     1    0.01    0.04    0.15    3.50 v rebuffer57/X (sky130_fd_sc_hd__buf_2)
                                         net1094 (net)
                  0.04    0.00    3.50 v _15106_/A2 (sky130_fd_sc_hd__o21ai_4)
     4    0.02    0.19    0.18    3.68 ^ _15106_/Y (sky130_fd_sc_hd__o21ai_4)
                                         _04654_ (net)
                  0.19    0.00    3.68 ^ _15170_/A3 (sky130_fd_sc_hd__a41oi_2)
     2    0.01    0.16    0.19    3.87 v _15170_/Y (sky130_fd_sc_hd__a41oi_2)
                                         _04694_ (net)
                  0.16    0.00    3.87 v _15194_/A1 (sky130_fd_sc_hd__a21oi_4)
     3    0.02    0.19    0.24    4.11 ^ _15194_/Y (sky130_fd_sc_hd__a21oi_4)
                                         _04710_ (net)
                  0.19    0.00    4.11 ^ _15246_/A2 (sky130_fd_sc_hd__a211o_4)
     3    0.03    0.10    0.21    4.32 ^ _15246_/X (sky130_fd_sc_hd__a211o_4)
                                         _04746_ (net)
                  0.10    0.00    4.32 ^ _15247_/B (sky130_fd_sc_hd__xor2_4)
     3    0.02    0.18    0.20    4.52 ^ _15247_/X (sky130_fd_sc_hd__xor2_4)
                                         _13414_ (net)
                  0.18    0.00    4.52 ^ _27700_/B (sky130_fd_sc_hd__ha_4)
     4    0.02    0.05    0.24    4.76 v _27700_/SUM (sky130_fd_sc_hd__ha_4)
                                         _13507_ (net)
                  0.05    0.00    4.76 v _18076_/A1 (sky130_fd_sc_hd__a21o_4)
     3    0.01    0.04    0.20    4.97 v _18076_/X (sky130_fd_sc_hd__a21o_4)
                                         _06691_ (net)
                  0.04    0.00    4.97 v _18077_/C (sky130_fd_sc_hd__or3_1)
     1    0.00    0.06    0.30    5.27 v _18077_/X (sky130_fd_sc_hd__or3_1)
                                         _06692_ (net)
                  0.06    0.00    5.27 v _18078_/C (sky130_fd_sc_hd__or3_4)
     2    0.01    0.08    0.35    5.62 v _18078_/X (sky130_fd_sc_hd__or3_4)
                                         _06693_ (net)
                  0.08    0.00    5.62 v _18098_/A2 (sky130_fd_sc_hd__a31o_4)
     1    0.01    0.05    0.25    5.87 v _18098_/X (sky130_fd_sc_hd__a31o_4)
                                         _06709_ (net)
                  0.05    0.00    5.87 v _18099_/A2 (sky130_fd_sc_hd__a21oi_4)
     2    0.02    0.16    0.19    6.06 ^ _18099_/Y (sky130_fd_sc_hd__a21oi_4)
                                         _06710_ (net)
                  0.16    0.00    6.06 ^ _18118_/A1 (sky130_fd_sc_hd__o21ai_2)
     1    0.01    0.08    0.10    6.16 v _18118_/Y (sky130_fd_sc_hd__o21ai_2)
                                         _06725_ (net)
                  0.08    0.00    6.16 v _18120_/A (sky130_fd_sc_hd__xnor2_2)
     2    0.01    0.09    0.17    6.33 v _18120_/Y (sky130_fd_sc_hd__xnor2_2)
                                         _06727_ (net)
                  0.09    0.00    6.33 v _18121_/B (sky130_fd_sc_hd__nor2_4)
     5    0.04    0.28    0.25    6.59 ^ _18121_/Y (sky130_fd_sc_hd__nor2_4)
                                         hash.CA1.S1.X[31] (net)
                  0.28    0.00    6.59 ^ _20014_/A (sky130_fd_sc_hd__xnor2_2)
     1    0.02    0.13    0.18    6.77 v _20014_/Y (sky130_fd_sc_hd__xnor2_2)
                                         _13905_ (net)
                  0.13    0.00    6.77 v _27838_/A (sky130_fd_sc_hd__ha_1)
     3    0.01    0.09    0.28    7.05 v _27838_/COUT (sky130_fd_sc_hd__ha_1)
                                         _13907_ (net)
                  0.09    0.00    7.05 v _18498_/C (sky130_fd_sc_hd__or3_4)
     1    0.01    0.07    0.35    7.40 v _18498_/X (sky130_fd_sc_hd__or3_4)
                                         _06951_ (net)
                  0.07    0.00    7.40 v _18499_/C1 (sky130_fd_sc_hd__a311oi_4)
     2    0.02    0.31    0.29    7.69 ^ _18499_/Y (sky130_fd_sc_hd__a311oi_4)
                                         _06952_ (net)
                  0.31    0.00    7.69 ^ _18500_/B (sky130_fd_sc_hd__or2_4)
     3    0.02    0.07    0.21    7.90 ^ _18500_/X (sky130_fd_sc_hd__or2_4)
                                         _06953_ (net)
                  0.07    0.00    7.90 ^ _18721_/A2 (sky130_fd_sc_hd__o21bai_1)
     1    0.01    0.08    0.08    7.98 v _18721_/Y (sky130_fd_sc_hd__o21bai_1)
                                         _07116_ (net)
                  0.08    0.00    7.98 v _18722_/A2 (sky130_fd_sc_hd__a21oi_2)
     2    0.02    0.21    0.23    8.21 ^ _18722_/Y (sky130_fd_sc_hd__a21oi_2)
                                         _07117_ (net)
                  0.21    0.00    8.21 ^ _18723_/A (sky130_fd_sc_hd__xnor2_2)
     1    0.01    0.17    0.16    8.37 ^ _18723_/Y (sky130_fd_sc_hd__xnor2_2)
                                         _12720_ (net)
                  0.17    0.00    8.37 ^ _27455_/CIN (sky130_fd_sc_hd__fa_1)
     1    0.01    0.11    0.48    8.85 v _27455_/SUM (sky130_fd_sc_hd__fa_1)
                                         _12722_ (net)
                  0.11    0.00    8.85 v _27919_/A (sky130_fd_sc_hd__ha_4)
     4    0.02    0.06    0.29    9.14 v _27919_/SUM (sky130_fd_sc_hd__ha_4)
                                         _14158_ (net)
                  0.06    0.00    9.14 v _23293_/A1 (sky130_fd_sc_hd__a21o_1)
     1    0.01    0.05    0.17    9.31 v _23293_/X (sky130_fd_sc_hd__a21o_1)
                                         _09340_ (net)
                  0.05    0.00    9.31 v _23294_/A1 (sky130_fd_sc_hd__a21o_4)
     3    0.02    0.05    0.22    9.53 v _23294_/X (sky130_fd_sc_hd__a21o_4)
                                         _09341_ (net)
                  0.05    0.00    9.53 v _23310_/B1 (sky130_fd_sc_hd__a21oi_2)
     1    0.01    0.10    0.11    9.64 ^ _23310_/Y (sky130_fd_sc_hd__a21oi_2)
                                         _09356_ (net)
                  0.10    0.00    9.64 ^ _23311_/B1 (sky130_fd_sc_hd__o21ai_2)
     2    0.02    0.10    0.11    9.75 v _23311_/Y (sky130_fd_sc_hd__o21ai_2)
                                         _09357_ (net)
                  0.10    0.00    9.75 v _23319_/C (sky130_fd_sc_hd__nor3_2)
     2    0.01    0.17    0.16    9.91 ^ _23319_/Y (sky130_fd_sc_hd__nor3_2)
                                         _09363_ (net)
                  0.17    0.00    9.91 ^ _23329_/C (sky130_fd_sc_hd__or3_4)
     2    0.02    0.06    0.17   10.08 ^ _23329_/X (sky130_fd_sc_hd__or3_4)
                                         _09371_ (net)
                  0.06    0.00   10.08 ^ _23344_/A1 (sky130_fd_sc_hd__a31oi_4)
     3    0.01    0.09    0.09   10.18 v _23344_/Y (sky130_fd_sc_hd__a31oi_4)
                                         _09384_ (net)
                  0.09    0.00   10.18 v _23354_/A1 (sky130_fd_sc_hd__a41o_4)
     3    0.02    0.05    0.25   10.43 v _23354_/X (sky130_fd_sc_hd__a41o_4)
                                         _09392_ (net)
                  0.05    0.00   10.43 v _23377_/A4 (sky130_fd_sc_hd__o41ai_4)
     2    0.01    0.31    0.27   10.70 ^ _23377_/Y (sky130_fd_sc_hd__o41ai_4)
                                         _09411_ (net)
                  0.31    0.00   10.70 ^ _23386_/A1 (sky130_fd_sc_hd__o22ai_2)
     2    0.01    0.10    0.17   10.86 v _23386_/Y (sky130_fd_sc_hd__o22ai_2)
                                         _09418_ (net)
                  0.10    0.00   10.87 v _23397_/A4 (sky130_fd_sc_hd__o41ai_4)
     2    0.01    0.29    0.26   11.13 ^ _23397_/Y (sky130_fd_sc_hd__o41ai_4)
                                         _09427_ (net)
                  0.29    0.00   11.13 ^ _23404_/A1 (sky130_fd_sc_hd__o21bai_1)
     1    0.00    0.07    0.12   11.25 v _23404_/Y (sky130_fd_sc_hd__o21bai_1)
                                         _09432_ (net)
                  0.07    0.00   11.25 v _23405_/A2 (sky130_fd_sc_hd__a21oi_1)
     1    0.01    0.16    0.19   11.44 ^ _23405_/Y (sky130_fd_sc_hd__a21oi_1)
                                         _09433_ (net)
                  0.16    0.00   11.44 ^ _23406_/A (sky130_fd_sc_hd__xnor2_1)
     1    0.00    0.11    0.13   11.57 ^ _23406_/Y (sky130_fd_sc_hd__xnor2_1)
                                         hash.CA1.p2[30] (net)
                  0.11    0.00   11.57 ^ hash.p2_cap[30]$_DFF_P_/D (sky130_fd_sc_hd__dfxtp_2)
                                 11.57   data arrival time

                         10.00   10.00   clock core_clock (rise edge)
                          0.00   10.00   clock source latency
     1    0.10    0.00    0.00   10.00 ^ clk (in)
                                         clk (net)
                  0.02    0.01   10.01 ^ clkbuf_0_clk/A (sky130_fd_sc_hd__clkbuf_16)
     4    0.19    0.20    0.24   10.25 ^ clkbuf_0_clk/X (sky130_fd_sc_hd__clkbuf_16)
                                         clknet_0_clk (net)
                  0.20    0.00   10.25 ^ clkbuf_2_3_0_clk/A (sky130_fd_sc_hd__clkbuf_16)
     8    0.19    0.20    0.30   10.55 ^ clkbuf_2_3_0_clk/X (sky130_fd_sc_hd__clkbuf_16)
                                         clknet_2_3_0_clk (net)
                  0.20    0.00   10.56 ^ clkbuf_5_28__f_clk/A (sky130_fd_sc_hd__clkbuf_16)
    10    0.15    0.17    0.27   10.83 ^ clkbuf_5_28__f_clk/X (sky130_fd_sc_hd__clkbuf_16)
                                         clknet_5_28__leaf_clk (net)
                  0.17    0.01   10.83 ^ clkbuf_leaf_168_clk/A (sky130_fd_sc_hd__clkbuf_16)
    10    0.04    0.06    0.18   11.02 ^ clkbuf_leaf_168_clk/X (sky130_fd_sc_hd__clkbuf_16)
                                         clknet_leaf_168_clk (net)
                  0.06    0.00   11.02 ^ hash.p2_cap[30]$_DFF_P_/CLK (sky130_fd_sc_hd__dfxtp_2)
                          0.00   11.02   clock reconvergence pessimism
                         -0.07   10.95   library setup time
                                 10.95   data required time
-----------------------------------------------------------------------------
                                 10.95   data required time
                                -11.57   data arrival time
-----------------------------------------------------------------------------
                                 -0.62   slack (VIOLATED)



==========================================================================
finish report_checks -unconstrained
--------------------------------------------------------------------------
Startpoint: hash.p2_cap[25]$_DFF_P_
            (rising edge-triggered flip-flop clocked by core_clock)
Endpoint: hash.p2_cap[30]$_DFF_P_
          (rising edge-triggered flip-flop clocked by core_clock)
Path Group: core_clock
Path Type: max

Fanout     Cap    Slew   Delay    Time   Description
-----------------------------------------------------------------------------
                          0.00    0.00   clock core_clock (rise edge)
                          0.00    0.00   clock source latency
     1    0.10    0.00    0.00    0.00 ^ clk (in)
                                         clk (net)
                  0.02    0.01    0.01 ^ clkbuf_0_clk/A (sky130_fd_sc_hd__clkbuf_16)
     4    0.19    0.20    0.24    0.25 ^ clkbuf_0_clk/X (sky130_fd_sc_hd__clkbuf_16)
                                         clknet_0_clk (net)
                  0.20    0.00    0.25 ^ clkbuf_2_3_0_clk/A (sky130_fd_sc_hd__clkbuf_16)
     8    0.19    0.20    0.30    0.55 ^ clkbuf_2_3_0_clk/X (sky130_fd_sc_hd__clkbuf_16)
                                         clknet_2_3_0_clk (net)
                  0.20    0.00    0.56 ^ clkbuf_5_28__f_clk/A (sky130_fd_sc_hd__clkbuf_16)
    10    0.15    0.17    0.27    0.83 ^ clkbuf_5_28__f_clk/X (sky130_fd_sc_hd__clkbuf_16)
                                         clknet_5_28__leaf_clk (net)
                  0.17    0.01    0.84 ^ clkbuf_leaf_167_clk/A (sky130_fd_sc_hd__clkbuf_16)
    12    0.04    0.06    0.18    1.02 ^ clkbuf_leaf_167_clk/X (sky130_fd_sc_hd__clkbuf_16)
                                         clknet_leaf_167_clk (net)
                  0.06    0.00    1.02 ^ hash.p2_cap[25]$_DFF_P_/CLK (sky130_fd_sc_hd__dfxtp_4)
     7    0.06    0.10    0.41    1.42 v hash.p2_cap[25]$_DFF_P_/Q (sky130_fd_sc_hd__dfxtp_4)
                                         hash.CA2.S1.X[25] (net)
                  0.10    0.01    1.44 v _14773_/B (sky130_fd_sc_hd__xnor2_2)
     1    0.01    0.08    0.17    1.61 v _14773_/Y (sky130_fd_sc_hd__xnor2_2)
                                         _04381_ (net)
                  0.08    0.00    1.61 v _14774_/A (sky130_fd_sc_hd__xnor2_2)
     1    0.01    0.19    0.22    1.83 ^ _14774_/Y (sky130_fd_sc_hd__xnor2_2)
                                         _13230_ (net)
                  0.19    0.00    1.83 ^ _27607_/A (sky130_fd_sc_hd__ha_2)
     2    0.00    0.05    0.20    2.03 ^ _27607_/COUT (sky130_fd_sc_hd__ha_2)
                                         _13231_ (net)
                  0.05    0.00    2.03 ^ _18753_/A (sky130_fd_sc_hd__inv_1)
     1    0.01    0.03    0.05    2.08 v _18753_/Y (sky130_fd_sc_hd__inv_1)
                                         _12083_ (net)
                  0.03    0.00    2.08 v _27310_/CIN (sky130_fd_sc_hd__fa_2)
     2    0.01    0.08    0.34    2.42 v _27310_/COUT (sky130_fd_sc_hd__fa_2)
                                         _12086_ (net)
                  0.08    0.00    2.42 v _14919_/A (sky130_fd_sc_hd__nor2b_2)
     1    0.01    0.09    0.13    2.56 ^ _14919_/Y (sky130_fd_sc_hd__nor2b_2)
                                         _04507_ (net)
                  0.09    0.00    2.56 ^ _14920_/A1 (sky130_fd_sc_hd__o21ai_2)
     2    0.01    0.07    0.08    2.64 v _14920_/Y (sky130_fd_sc_hd__o21ai_2)
                                         _04508_ (net)
                  0.07    0.00    2.64 v _14921_/A1 (sky130_fd_sc_hd__a21boi_2)
     2    0.01    0.11    0.14    2.78 ^ _14921_/Y (sky130_fd_sc_hd__a21boi_2)
                                         _04509_ (net)
                  0.11    0.00    2.78 ^ _14966_/A1 (sky130_fd_sc_hd__o21a_1)
     2    0.01    0.09    0.17    2.96 ^ _14966_/X (sky130_fd_sc_hd__o21a_1)
                                         _04546_ (net)
                  0.09    0.00    2.96 ^ _15011_/A2 (sky130_fd_sc_hd__o21ai_2)
     2    0.01    0.07    0.08    3.03 v _15011_/Y (sky130_fd_sc_hd__o21ai_2)
                                         _04583_ (net)
                  0.07    0.00    3.03 v _15054_/A2 (sky130_fd_sc_hd__a21boi_2)
     2    0.01    0.20    0.23    3.26 ^ _15054_/Y (sky130_fd_sc_hd__a21boi_2)
                                         _04618_ (net)
                  0.20    0.00    3.26 ^ _15079_/A3 (sky130_fd_sc_hd__o31ai_4)
     3    0.01    0.08    0.09    3.35 v _15079_/Y (sky130_fd_sc_hd__o31ai_4)
                                         _04635_ (net)
                  0.08    0.00    3.35 v rebuffer57/A (sky130_fd_sc_hd__buf_2)
     1    0.01    0.04    0.15    3.50 v rebuffer57/X (sky130_fd_sc_hd__buf_2)
                                         net1094 (net)
                  0.04    0.00    3.50 v _15106_/A2 (sky130_fd_sc_hd__o21ai_4)
     4    0.02    0.19    0.18    3.68 ^ _15106_/Y (sky130_fd_sc_hd__o21ai_4)
                                         _04654_ (net)
                  0.19    0.00    3.68 ^ _15170_/A3 (sky130_fd_sc_hd__a41oi_2)
     2    0.01    0.16    0.19    3.87 v _15170_/Y (sky130_fd_sc_hd__a41oi_2)
                                         _04694_ (net)
                  0.16    0.00    3.87 v _15194_/A1 (sky130_fd_sc_hd__a21oi_4)
     3    0.02    0.19    0.24    4.11 ^ _15194_/Y (sky130_fd_sc_hd__a21oi_4)
                                         _04710_ (net)
                  0.19    0.00    4.11 ^ _15246_/A2 (sky130_fd_sc_hd__a211o_4)
     3    0.03    0.10    0.21    4.32 ^ _15246_/X (sky130_fd_sc_hd__a211o_4)
                                         _04746_ (net)
                  0.10    0.00    4.32 ^ _15247_/B (sky130_fd_sc_hd__xor2_4)
     3    0.02    0.18    0.20    4.52 ^ _15247_/X (sky130_fd_sc_hd__xor2_4)
                                         _13414_ (net)
                  0.18    0.00    4.52 ^ _27700_/B (sky130_fd_sc_hd__ha_4)
     4    0.02    0.05    0.24    4.76 v _27700_/SUM (sky130_fd_sc_hd__ha_4)
                                         _13507_ (net)
                  0.05    0.00    4.76 v _18076_/A1 (sky130_fd_sc_hd__a21o_4)
     3    0.01    0.04    0.20    4.97 v _18076_/X (sky130_fd_sc_hd__a21o_4)
                                         _06691_ (net)
                  0.04    0.00    4.97 v _18077_/C (sky130_fd_sc_hd__or3_1)
     1    0.00    0.06    0.30    5.27 v _18077_/X (sky130_fd_sc_hd__or3_1)
                                         _06692_ (net)
                  0.06    0.00    5.27 v _18078_/C (sky130_fd_sc_hd__or3_4)
     2    0.01    0.08    0.35    5.62 v _18078_/X (sky130_fd_sc_hd__or3_4)
                                         _06693_ (net)
                  0.08    0.00    5.62 v _18098_/A2 (sky130_fd_sc_hd__a31o_4)
     1    0.01    0.05    0.25    5.87 v _18098_/X (sky130_fd_sc_hd__a31o_4)
                                         _06709_ (net)
                  0.05    0.00    5.87 v _18099_/A2 (sky130_fd_sc_hd__a21oi_4)
     2    0.02    0.16    0.19    6.06 ^ _18099_/Y (sky130_fd_sc_hd__a21oi_4)
                                         _06710_ (net)
                  0.16    0.00    6.06 ^ _18118_/A1 (sky130_fd_sc_hd__o21ai_2)
     1    0.01    0.08    0.10    6.16 v _18118_/Y (sky130_fd_sc_hd__o21ai_2)
                                         _06725_ (net)
                  0.08    0.00    6.16 v _18120_/A (sky130_fd_sc_hd__xnor2_2)
     2    0.01    0.09    0.17    6.33 v _18120_/Y (sky130_fd_sc_hd__xnor2_2)
                                         _06727_ (net)
                  0.09    0.00    6.33 v _18121_/B (sky130_fd_sc_hd__nor2_4)
     5    0.04    0.28    0.25    6.59 ^ _18121_/Y (sky130_fd_sc_hd__nor2_4)
                                         hash.CA1.S1.X[31] (net)
                  0.28    0.00    6.59 ^ _20014_/A (sky130_fd_sc_hd__xnor2_2)
     1    0.02    0.13    0.18    6.77 v _20014_/Y (sky130_fd_sc_hd__xnor2_2)
                                         _13905_ (net)
                  0.13    0.00    6.77 v _27838_/A (sky130_fd_sc_hd__ha_1)
     3    0.01    0.09    0.28    7.05 v _27838_/COUT (sky130_fd_sc_hd__ha_1)
                                         _13907_ (net)
                  0.09    0.00    7.05 v _18498_/C (sky130_fd_sc_hd__or3_4)
     1    0.01    0.07    0.35    7.40 v _18498_/X (sky130_fd_sc_hd__or3_4)
                                         _06951_ (net)
                  0.07    0.00    7.40 v _18499_/C1 (sky130_fd_sc_hd__a311oi_4)
     2    0.02    0.31    0.29    7.69 ^ _18499_/Y (sky130_fd_sc_hd__a311oi_4)
                                         _06952_ (net)
                  0.31    0.00    7.69 ^ _18500_/B (sky130_fd_sc_hd__or2_4)
     3    0.02    0.07    0.21    7.90 ^ _18500_/X (sky130_fd_sc_hd__or2_4)
                                         _06953_ (net)
                  0.07    0.00    7.90 ^ _18721_/A2 (sky130_fd_sc_hd__o21bai_1)
     1    0.01    0.08    0.08    7.98 v _18721_/Y (sky130_fd_sc_hd__o21bai_1)
                                         _07116_ (net)
                  0.08    0.00    7.98 v _18722_/A2 (sky130_fd_sc_hd__a21oi_2)
     2    0.02    0.21    0.23    8.21 ^ _18722_/Y (sky130_fd_sc_hd__a21oi_2)
                                         _07117_ (net)
                  0.21    0.00    8.21 ^ _18723_/A (sky130_fd_sc_hd__xnor2_2)
     1    0.01    0.17    0.16    8.37 ^ _18723_/Y (sky130_fd_sc_hd__xnor2_2)
                                         _12720_ (net)
                  0.17    0.00    8.37 ^ _27455_/CIN (sky130_fd_sc_hd__fa_1)
     1    0.01    0.11    0.48    8.85 v _27455_/SUM (sky130_fd_sc_hd__fa_1)
                                         _12722_ (net)
                  0.11    0.00    8.85 v _27919_/A (sky130_fd_sc_hd__ha_4)
     4    0.02    0.06    0.29    9.14 v _27919_/SUM (sky130_fd_sc_hd__ha_4)
                                         _14158_ (net)
                  0.06    0.00    9.14 v _23293_/A1 (sky130_fd_sc_hd__a21o_1)
     1    0.01    0.05    0.17    9.31 v _23293_/X (sky130_fd_sc_hd__a21o_1)
                                         _09340_ (net)
                  0.05    0.00    9.31 v _23294_/A1 (sky130_fd_sc_hd__a21o_4)
     3    0.02    0.05    0.22    9.53 v _23294_/X (sky130_fd_sc_hd__a21o_4)
                                         _09341_ (net)
                  0.05    0.00    9.53 v _23310_/B1 (sky130_fd_sc_hd__a21oi_2)
     1    0.01    0.10    0.11    9.64 ^ _23310_/Y (sky130_fd_sc_hd__a21oi_2)
                                         _09356_ (net)
                  0.10    0.00    9.64 ^ _23311_/B1 (sky130_fd_sc_hd__o21ai_2)
     2    0.02    0.10    0.11    9.75 v _23311_/Y (sky130_fd_sc_hd__o21ai_2)
                                         _09357_ (net)
                  0.10    0.00    9.75 v _23319_/C (sky130_fd_sc_hd__nor3_2)
     2    0.01    0.17    0.16    9.91 ^ _23319_/Y (sky130_fd_sc_hd__nor3_2)
                                         _09363_ (net)
                  0.17    0.00    9.91 ^ _23329_/C (sky130_fd_sc_hd__or3_4)
     2    0.02    0.06    0.17   10.08 ^ _23329_/X (sky130_fd_sc_hd__or3_4)
                                         _09371_ (net)
                  0.06    0.00   10.08 ^ _23344_/A1 (sky130_fd_sc_hd__a31oi_4)
     3    0.01    0.09    0.09   10.18 v _23344_/Y (sky130_fd_sc_hd__a31oi_4)
                                         _09384_ (net)
                  0.09    0.00   10.18 v _23354_/A1 (sky130_fd_sc_hd__a41o_4)
     3    0.02    0.05    0.25   10.43 v _23354_/X (sky130_fd_sc_hd__a41o_4)
                                         _09392_ (net)
                  0.05    0.00   10.43 v _23377_/A4 (sky130_fd_sc_hd__o41ai_4)
     2    0.01    0.31    0.27   10.70 ^ _23377_/Y (sky130_fd_sc_hd__o41ai_4)
                                         _09411_ (net)
                  0.31    0.00   10.70 ^ _23386_/A1 (sky130_fd_sc_hd__o22ai_2)
     2    0.01    0.10    0.17   10.86 v _23386_/Y (sky130_fd_sc_hd__o22ai_2)
                                         _09418_ (net)
                  0.10    0.00   10.87 v _23397_/A4 (sky130_fd_sc_hd__o41ai_4)
     2    0.01    0.29    0.26   11.13 ^ _23397_/Y (sky130_fd_sc_hd__o41ai_4)
                                         _09427_ (net)
                  0.29    0.00   11.13 ^ _23404_/A1 (sky130_fd_sc_hd__o21bai_1)
     1    0.00    0.07    0.12   11.25 v _23404_/Y (sky130_fd_sc_hd__o21bai_1)
                                         _09432_ (net)
                  0.07    0.00   11.25 v _23405_/A2 (sky130_fd_sc_hd__a21oi_1)
     1    0.01    0.16    0.19   11.44 ^ _23405_/Y (sky130_fd_sc_hd__a21oi_1)
                                         _09433_ (net)
                  0.16    0.00   11.44 ^ _23406_/A (sky130_fd_sc_hd__xnor2_1)
     1    0.00    0.11    0.13   11.57 ^ _23406_/Y (sky130_fd_sc_hd__xnor2_1)
                                         hash.CA1.p2[30] (net)
                  0.11    0.00   11.57 ^ hash.p2_cap[30]$_DFF_P_/D (sky130_fd_sc_hd__dfxtp_2)
                                 11.57   data arrival time

                         10.00   10.00   clock core_clock (rise edge)
                          0.00   10.00   clock source latency
     1    0.10    0.00    0.00   10.00 ^ clk (in)
                                         clk (net)
                  0.02    0.01   10.01 ^ clkbuf_0_clk/A (sky130_fd_sc_hd__clkbuf_16)
     4    0.19    0.20    0.24   10.25 ^ clkbuf_0_clk/X (sky130_fd_sc_hd__clkbuf_16)
                                         clknet_0_clk (net)
                  0.20    0.00   10.25 ^ clkbuf_2_3_0_clk/A (sky130_fd_sc_hd__clkbuf_16)
     8    0.19    0.20    0.30   10.55 ^ clkbuf_2_3_0_clk/X (sky130_fd_sc_hd__clkbuf_16)
                                         clknet_2_3_0_clk (net)
                  0.20    0.00   10.56 ^ clkbuf_5_28__f_clk/A (sky130_fd_sc_hd__clkbuf_16)
    10    0.15    0.17    0.27   10.83 ^ clkbuf_5_28__f_clk/X (sky130_fd_sc_hd__clkbuf_16)
                                         clknet_5_28__leaf_clk (net)
                  0.17    0.01   10.83 ^ clkbuf_leaf_168_clk/A (sky130_fd_sc_hd__clkbuf_16)
    10    0.04    0.06    0.18   11.02 ^ clkbuf_leaf_168_clk/X (sky130_fd_sc_hd__clkbuf_16)
                                         clknet_leaf_168_clk (net)
                  0.06    0.00   11.02 ^ hash.p2_cap[30]$_DFF_P_/CLK (sky130_fd_sc_hd__dfxtp_2)
                          0.00   11.02   clock reconvergence pessimism
                         -0.07   10.95   library setup time
                                 10.95   data required time
-----------------------------------------------------------------------------
                                 10.95   data required time
                                -11.57   data arrival time
-----------------------------------------------------------------------------
                                 -0.62   slack (VIOLATED)



==========================================================================
finish report_check_types -max_slew -max_cap -max_fanout -violators
--------------------------------------------------------------------------
max slew

Pin                                    Limit    Slew   Slack
------------------------------------------------------------
hash.h7_out[1]$_DFFE_PN_/DE             1.50    6.06   -4.56 (VIOLATED)
hash.h7_out[4]$_DFFE_PN_/DE             1.50    6.06   -4.56 (VIOLATED)
hash.h7_out[2]$_DFFE_PN_/DE             1.50    6.06   -4.56 (VIOLATED)
hash.h7_out[0]$_DFFE_PN_/DE             1.50    6.06   -4.56 (VIOLATED)
hash.h5_out[0]$_DFFE_PN_/DE             1.50    6.06   -4.56 (VIOLATED)
hash.h6_out[15]$_DFFE_PN_/DE            1.50    6.06   -4.56 (VIOLATED)
hash.h6_out[6]$_DFFE_PN_/DE             1.50    6.06   -4.56 (VIOLATED)
hash.h6_out[5]$_DFFE_PN_/DE             1.50    6.06   -4.56 (VIOLATED)
hash.h6_out[4]$_DFFE_PN_/DE             1.50    6.05   -4.55 (VIOLATED)
hash.h7_out[3]$_DFFE_PN_/DE             1.50    6.05   -4.55 (VIOLATED)
hash.h6_out[14]$_DFFE_PN_/DE            1.50    6.05   -4.55 (VIOLATED)
hash.h6_out[20]$_DFFE_PN_/DE            1.50    6.05   -4.55 (VIOLATED)
hash.h6_out[19]$_DFFE_PN_/DE            1.50    6.05   -4.55 (VIOLATED)
hash.h6_out[3]$_DFFE_PN_/DE             1.50    6.05   -4.55 (VIOLATED)
hash.h6_out[13]$_DFFE_PN_/DE            1.50    6.05   -4.55 (VIOLATED)
hash.h6_out[16]$_DFFE_PN_/DE            1.50    6.05   -4.55 (VIOLATED)
hash.h6_out[17]$_DFFE_PN_/DE            1.50    6.05   -4.55 (VIOLATED)
hash.h6_out[11]$_DFFE_PN_/DE            1.50    6.04   -4.54 (VIOLATED)
hash.h6_out[2]$_DFFE_PN_/DE             1.50    6.04   -4.54 (VIOLATED)
hash.h5_out[1]$_DFFE_PN_/DE             1.50    6.04   -4.54 (VIOLATED)
hash.h7_out[5]$_DFFE_PN_/DE             1.50    6.04   -4.54 (VIOLATED)
hash.h6_out[7]$_DFFE_PN_/DE             1.50    6.04   -4.54 (VIOLATED)
hash.h6_out[0]$_DFFE_PN_/DE             1.50    6.04   -4.54 (VIOLATED)
hash.h3_out[0]$_DFFE_PN_/DE             1.50    6.04   -4.54 (VIOLATED)
hash.h3_out[1]$_DFFE_PN_/DE             1.50    6.03   -4.53 (VIOLATED)
hash.h2_out[1]$_DFFE_PN_/DE             1.50    6.03   -4.53 (VIOLATED)
hash.h2_out[3]$_DFFE_PN_/DE             1.50    6.03   -4.53 (VIOLATED)
hash.h2_out[2]$_DFFE_PN_/DE             1.50    6.03   -4.53 (VIOLATED)
hash.h2_out[0]$_DFFE_PN_/DE             1.50    6.03   -4.53 (VIOLATED)
hash.h6_out[1]$_DFFE_PN_/DE             1.50    6.03   -4.53 (VIOLATED)
hash.h1_out[0]$_DFFE_PN_/DE             1.50    6.03   -4.53 (VIOLATED)
hash.h1_out[1]$_DFFE_PN_/DE             1.50    6.03   -4.53 (VIOLATED)
hash.h2_out[5]$_DFFE_PN_/DE             1.50    6.02   -4.52 (VIOLATED)
hash.h2_out[4]$_DFFE_PN_/DE             1.50    6.02   -4.52 (VIOLATED)
hash.h3_out[2]$_DFFE_PN_/DE             1.50    6.02   -4.52 (VIOLATED)
hash.h1_out[2]$_DFFE_PN_/DE             1.50    6.02   -4.52 (VIOLATED)
hash.h2_out[7]$_DFFE_PN_/DE             1.50    6.02   -4.52 (VIOLATED)
hash.h3_out[4]$_DFFE_PN_/DE             1.50    6.02   -4.52 (VIOLATED)
hash.h2_out[6]$_DFFE_PN_/DE             1.50    6.02   -4.52 (VIOLATED)
hash.h1_out[4]$_DFFE_PN_/DE             1.50    6.02   -4.52 (VIOLATED)
hash.h2_out[8]$_DFFE_PN_/DE             1.50    6.02   -4.52 (VIOLATED)
hash.h2_out[9]$_DFFE_PN_/DE             1.50    6.01   -4.51 (VIOLATED)
hash.h0_out[1]$_DFFE_PN_/DE             1.50    6.01   -4.51 (VIOLATED)
hash.h0_out[0]$_DFFE_PN_/DE             1.50    6.01   -4.51 (VIOLATED)
hash.h6_out[9]$_DFFE_PN_/DE             1.50    6.01   -4.51 (VIOLATED)
hash.h0_out[2]$_DFFE_PN_/DE             1.50    6.01   -4.51 (VIOLATED)
hash.h6_out[12]$_DFFE_PN_/DE            1.50    6.01   -4.51 (VIOLATED)
hash.h0_out[3]$_DFFE_PN_/DE             1.50    6.01   -4.51 (VIOLATED)
hash.h0_out[4]$_DFFE_PN_/DE             1.50    6.01   -4.51 (VIOLATED)
hash.h6_out[8]$_DFFE_PN_/DE             1.50    6.01   -4.51 (VIOLATED)
hash.h6_out[10]$_DFFE_PN_/DE            1.50    6.01   -4.51 (VIOLATED)
hash.h0_out[6]$_DFFE_PN_/DE             1.50    6.01   -4.51 (VIOLATED)
hash.h1_out[10]$_DFFE_PN_/DE            1.50    6.01   -4.51 (VIOLATED)
hash.h1_out[6]$_DFFE_PN_/DE             1.50    6.00   -4.50 (VIOLATED)
hash.h2_out[10]$_DFFE_PN_/DE            1.50    6.00   -4.50 (VIOLATED)
hash.h0_out[5]$_DFFE_PN_/DE             1.50    6.00   -4.50 (VIOLATED)
hash.h1_out[5]$_DFFE_PN_/DE             1.50    6.00   -4.50 (VIOLATED)
hash.h2_out[11]$_DFFE_PN_/DE            1.50    6.00   -4.50 (VIOLATED)
hash.h2_out[12]$_DFFE_PN_/DE            1.50    6.00   -4.50 (VIOLATED)
hash.h2_out[14]$_DFFE_PN_/DE            1.50    5.99   -4.49 (VIOLATED)
hash.h0_out[7]$_DFFE_PN_/DE             1.50    5.99   -4.49 (VIOLATED)
hash.h2_out[13]$_DFFE_PN_/DE            1.50    5.99   -4.49 (VIOLATED)
hash.h0_out[9]$_DFFE_PN_/DE             1.50    5.99   -4.49 (VIOLATED)
hash.h0_out[11]$_DFFE_PN_/DE            1.50    5.99   -4.49 (VIOLATED)
hash.h1_out[7]$_DFFE_PN_/DE             1.50    5.99   -4.49 (VIOLATED)
hash.h0_out[13]$_DFFE_PN_/DE            1.50    5.98   -4.48 (VIOLATED)
hash.h0_out[14]$_DFFE_PN_/DE            1.50    5.98   -4.48 (VIOLATED)
hash.h0_out[10]$_DFFE_PN_/DE            1.50    5.98   -4.48 (VIOLATED)
hash.h0_out[8]$_DFFE_PN_/DE             1.50    5.98   -4.48 (VIOLATED)
hash.h0_out[12]$_DFFE_PN_/DE            1.50    5.98   -4.48 (VIOLATED)
hash.h1_out[11]$_DFFE_PN_/DE            1.50    5.98   -4.48 (VIOLATED)
hash.h0_out[15]$_DFFE_PN_/DE            1.50    5.98   -4.48 (VIOLATED)
hash.h1_out[9]$_DFFE_PN_/DE             1.50    5.97   -4.47 (VIOLATED)
hash.h1_out[3]$_DFFE_PN_/DE             1.50    5.97   -4.47 (VIOLATED)
hash.h1_out[8]$_DFFE_PN_/DE             1.50    5.97   -4.47 (VIOLATED)
hash.h0_out[17]$_DFFE_PN_/DE            1.50    5.96   -4.46 (VIOLATED)
hash.h0_out[16]$_DFFE_PN_/DE            1.50    5.96   -4.46 (VIOLATED)
hash.h0_out[19]$_DFFE_PN_/DE            1.50    5.96   -4.46 (VIOLATED)
hash.h0_out[18]$_DFFE_PN_/DE            1.50    5.96   -4.46 (VIOLATED)
hash.h0_out[20]$_DFFE_PN_/DE            1.50    5.95   -4.45 (VIOLATED)
hash.h0_out[26]$_DFFE_PN_/DE            1.50    5.95   -4.45 (VIOLATED)
hash.h0_out[22]$_DFFE_PN_/DE            1.50    5.95   -4.45 (VIOLATED)
hash.h0_out[21]$_DFFE_PN_/DE            1.50    5.95   -4.45 (VIOLATED)
hash.h0_out[23]$_DFFE_PN_/DE            1.50    5.95   -4.45 (VIOLATED)
hash.h0_out[24]$_DFFE_PN_/DE            1.50    5.95   -4.45 (VIOLATED)
hash.h0_out[28]$_DFFE_PN_/DE            1.50    5.95   -4.45 (VIOLATED)
hash.h0_out[27]$_DFFE_PN_/DE            1.50    5.94   -4.44 (VIOLATED)
hash.h0_out[25]$_DFFE_PN_/DE            1.50    5.94   -4.44 (VIOLATED)
hash.h0_out[30]$_DFFE_PN_/DE            1.50    5.94   -4.44 (VIOLATED)
hash.h0_out[29]$_DFFE_PN_/DE            1.50    5.94   -4.44 (VIOLATED)
hash.h0_out[31]$_DFFE_PN_/DE            1.50    5.93   -4.43 (VIOLATED)
hash.h1_out[12]$_DFFE_PN_/DE            1.50    5.93   -4.43 (VIOLATED)
hash.h1_out[14]$_DFFE_PN_/DE            1.50    5.92   -4.42 (VIOLATED)
hash.h1_out[20]$_DFFE_PN_/DE            1.50    5.92   -4.42 (VIOLATED)
hash.h1_out[13]$_DFFE_PN_/DE            1.50    5.92   -4.42 (VIOLATED)
hash.h1_out[16]$_DFFE_PN_/DE            1.50    5.92   -4.42 (VIOLATED)
hash.h1_out[15]$_DFFE_PN_/DE            1.50    5.92   -4.42 (VIOLATED)
hash.h1_out[24]$_DFFE_PN_/DE            1.50    5.91   -4.41 (VIOLATED)
hash.h1_out[18]$_DFFE_PN_/DE            1.50    5.91   -4.41 (VIOLATED)
hash.h1_out[17]$_DFFE_PN_/DE            1.50    5.91   -4.41 (VIOLATED)
hash.h1_out[19]$_DFFE_PN_/DE            1.50    5.91   -4.41 (VIOLATED)
hash.h2_out[18]$_DFFE_PN_/DE            1.50    5.91   -4.41 (VIOLATED)
hash.h1_out[21]$_DFFE_PN_/DE            1.50    5.90   -4.40 (VIOLATED)
hash.h1_out[22]$_DFFE_PN_/DE            1.50    5.90   -4.40 (VIOLATED)
hash.h1_out[26]$_DFFE_PN_/DE            1.50    5.90   -4.40 (VIOLATED)
hash.h1_out[23]$_DFFE_PN_/DE            1.50    5.90   -4.40 (VIOLATED)
hash.h1_out[28]$_DFFE_PN_/DE            1.50    5.90   -4.40 (VIOLATED)
hash.h2_out[16]$_DFFE_PN_/DE            1.50    5.90   -4.40 (VIOLATED)
hash.h1_out[25]$_DFFE_PN_/DE            1.50    5.90   -4.40 (VIOLATED)
hash.h2_out[17]$_DFFE_PN_/DE            1.50    5.89   -4.39 (VIOLATED)
hash.h2_out[15]$_DFFE_PN_/DE            1.50    5.89   -4.39 (VIOLATED)
hash.h1_out[30]$_DFFE_PN_/DE            1.50    5.89   -4.39 (VIOLATED)
hash.h2_out[20]$_DFFE_PN_/DE            1.50    5.89   -4.39 (VIOLATED)
hash.h1_out[29]$_DFFE_PN_/DE            1.50    5.88   -4.38 (VIOLATED)
hash.h6_out[22]$_DFFE_PN_/DE            1.50    5.88   -4.38 (VIOLATED)
hash.h2_out[19]$_DFFE_PN_/DE            1.50    5.88   -4.38 (VIOLATED)
hash.h1_out[27]$_DFFE_PN_/DE            1.50    5.88   -4.38 (VIOLATED)
hash.h2_out[22]$_DFFE_PN_/DE            1.50    5.88   -4.38 (VIOLATED)
hash.h1_out[31]$_DFFE_PN_/DE            1.50    5.88   -4.38 (VIOLATED)
hash.h2_out[21]$_DFFE_PN_/DE            1.50    5.88   -4.38 (VIOLATED)
hash.h2_out[25]$_DFFE_PN_/DE            1.50    5.88   -4.38 (VIOLATED)
hash.h2_out[24]$_DFFE_PN_/DE            1.50    5.87   -4.37 (VIOLATED)
hash.h2_out[23]$_DFFE_PN_/DE            1.50    5.87   -4.37 (VIOLATED)
hash.h2_out[27]$_DFFE_PN_/DE            1.50    5.87   -4.37 (VIOLATED)
hash.h3_out[6]$_DFFE_PN_/DE             1.50    5.87   -4.37 (VIOLATED)
hash.h2_out[26]$_DFFE_PN_/DE            1.50    5.87   -4.37 (VIOLATED)
hash.h2_out[28]$_DFFE_PN_/DE            1.50    5.87   -4.37 (VIOLATED)
hash.h2_out[30]$_DFFE_PN_/DE            1.50    5.87   -4.37 (VIOLATED)
hash.h2_out[29]$_DFFE_PN_/DE            1.50    5.87   -4.37 (VIOLATED)
hash.h2_out[31]$_DFFE_PN_/DE            1.50    5.87   -4.37 (VIOLATED)
hash.h3_out[10]$_DFFE_PN_/DE            1.50    5.87   -4.37 (VIOLATED)
hash.h3_out[8]$_DFFE_PN_/DE             1.50    5.87   -4.37 (VIOLATED)
hash.h3_out[9]$_DFFE_PN_/DE             1.50    5.87   -4.37 (VIOLATED)
hash.h3_out[15]$_DFFE_PN_/DE            1.50    5.86   -4.36 (VIOLATED)
hash.h3_out[18]$_DFFE_PN_/DE            1.50    5.86   -4.36 (VIOLATED)
hash.h5_out[5]$_DFFE_PN_/DE             1.50    5.86   -4.36 (VIOLATED)
hash.h4_out[5]$_DFFE_PN_/DE             1.50    5.86   -4.36 (VIOLATED)
hash.h4_out[13]$_DFFE_PN_/DE            1.50    5.86   -4.36 (VIOLATED)
hash.h5_out[8]$_DFFE_PN_/DE             1.50    5.86   -4.36 (VIOLATED)
hash.h3_out[20]$_DFFE_PN_/DE            1.50    5.86   -4.36 (VIOLATED)
hash.h6_out[23]$_DFFE_PN_/DE            1.50    5.86   -4.36 (VIOLATED)
hash.h7_out[9]$_DFFE_PN_/DE             1.50    5.86   -4.36 (VIOLATED)
hash.h4_out[18]$_DFFE_PN_/DE            1.50    5.86   -4.36 (VIOLATED)
hash.h5_out[2]$_DFFE_PN_/DE             1.50    5.86   -4.36 (VIOLATED)
hash.h3_out[21]$_DFFE_PN_/DE            1.50    5.86   -4.36 (VIOLATED)
hash.h3_out[3]$_DFFE_PN_/DE             1.50    5.86   -4.36 (VIOLATED)
hash.h5_out[3]$_DFFE_PN_/DE             1.50    5.86   -4.36 (VIOLATED)
hash.h3_out[5]$_DFFE_PN_/DE             1.50    5.86   -4.36 (VIOLATED)
hash.h3_out[16]$_DFFE_PN_/DE            1.50    5.86   -4.36 (VIOLATED)
hash.h3_out[19]$_DFFE_PN_/DE            1.50    5.86   -4.36 (VIOLATED)
hash.h3_out[12]$_DFFE_PN_/DE            1.50    5.86   -4.36 (VIOLATED)
hash.h3_out[7]$_DFFE_PN_/DE             1.50    5.86   -4.36 (VIOLATED)
hash.h5_out[6]$_DFFE_PN_/DE             1.50    5.86   -4.36 (VIOLATED)
hash.h4_out[22]$_DFFE_PN_/DE            1.50    5.85   -4.35 (VIOLATED)
hash.h3_out[11]$_DFFE_PN_/DE            1.50    5.85   -4.35 (VIOLATED)
hash.h3_out[17]$_DFFE_PN_/DE            1.50    5.85   -4.35 (VIOLATED)
hash.h3_out[14]$_DFFE_PN_/DE            1.50    5.85   -4.35 (VIOLATED)
hash.h3_out[13]$_DFFE_PN_/DE            1.50    5.85   -4.35 (VIOLATED)
hash.h5_out[4]$_DFFE_PN_/DE             1.50    5.85   -4.35 (VIOLATED)
hash.h7_out[12]$_DFFE_PN_/DE            1.50    5.85   -4.35 (VIOLATED)
hash.h5_out[19]$_DFFE_PN_/DE            1.50    5.85   -4.35 (VIOLATED)
hash.h7_out[10]$_DFFE_PN_/DE            1.50    5.85   -4.35 (VIOLATED)
hash.h5_out[10]$_DFFE_PN_/DE            1.50    5.85   -4.35 (VIOLATED)
hash.h4_out[31]$_DFFE_PN_/DE            1.50    5.85   -4.35 (VIOLATED)
hash.h5_out[15]$_DFFE_PN_/DE            1.50    5.85   -4.35 (VIOLATED)
hash.h4_out[15]$_DFFE_PN_/DE            1.50    5.85   -4.35 (VIOLATED)
hash.h4_out[12]$_DFFE_PN_/DE            1.50    5.85   -4.35 (VIOLATED)
hash.h7_out[6]$_DFFE_PN_/DE             1.50    5.85   -4.35 (VIOLATED)
hash.h7_out[7]$_DFFE_PN_/DE             1.50    5.85   -4.35 (VIOLATED)
hash.h6_out[18]$_DFFE_PN_/DE            1.50    5.85   -4.35 (VIOLATED)
hash.h5_out[7]$_DFFE_PN_/DE             1.50    5.85   -4.35 (VIOLATED)
hash.h7_out[11]$_DFFE_PN_/DE            1.50    5.84   -4.34 (VIOLATED)
hash.h4_out[11]$_DFFE_PN_/DE            1.50    5.84   -4.34 (VIOLATED)
hash.h4_out[10]$_DFFE_PN_/DE            1.50    5.84   -4.34 (VIOLATED)
hash.h5_out[12]$_DFFE_PN_/DE            1.50    5.84   -4.34 (VIOLATED)
hash.h5_out[9]$_DFFE_PN_/DE             1.50    5.84   -4.34 (VIOLATED)
hash.h5_out[14]$_DFFE_PN_/DE            1.50    5.84   -4.34 (VIOLATED)
hash.h6_out[21]$_DFFE_PN_/DE            1.50    5.84   -4.34 (VIOLATED)
hash.h4_out[16]$_DFFE_PN_/DE            1.50    5.84   -4.34 (VIOLATED)
hash.h4_out[3]$_DFFE_PN_/DE             1.50    5.84   -4.34 (VIOLATED)
hash.h5_out[11]$_DFFE_PN_/DE            1.50    5.84   -4.34 (VIOLATED)
hash.h4_out[7]$_DFFE_PN_/DE             1.50    5.84   -4.34 (VIOLATED)
hash.h4_out[30]$_DFFE_PN_/DE            1.50    5.83   -4.33 (VIOLATED)
hash.h7_out[8]$_DFFE_PN_/DE             1.50    5.83   -4.33 (VIOLATED)
hash.h4_out[14]$_DFFE_PN_/DE            1.50    5.83   -4.33 (VIOLATED)
hash.h6_out[29]$_DFFE_PN_/DE            1.50    5.83   -4.33 (VIOLATED)
hash.h6_out[31]$_DFFE_PN_/DE            1.50    5.83   -4.33 (VIOLATED)
hash.h5_out[13]$_DFFE_PN_/DE            1.50    5.83   -4.33 (VIOLATED)
hash.h5_out[16]$_DFFE_PN_/DE            1.50    5.83   -4.33 (VIOLATED)
hash.h7_out[15]$_DFFE_PN_/DE            1.50    5.83   -4.33 (VIOLATED)
hash.h6_out[28]$_DFFE_PN_/DE            1.50    5.82   -4.32 (VIOLATED)
hash.h4_out[17]$_DFFE_PN_/DE            1.50    5.82   -4.32 (VIOLATED)
hash.h4_out[2]$_DFFE_PN_/DE             1.50    5.82   -4.32 (VIOLATED)
hash.h6_out[30]$_DFFE_PN_/DE            1.50    5.82   -4.32 (VIOLATED)
hash.h7_out[13]$_DFFE_PN_/DE            1.50    5.82   -4.32 (VIOLATED)
hash.h4_out[19]$_DFFE_PN_/DE            1.50    5.82   -4.32 (VIOLATED)
hash.h4_out[20]$_DFFE_PN_/DE            1.50    5.81   -4.31 (VIOLATED)
hash.h4_out[6]$_DFFE_PN_/DE             1.50    5.81   -4.31 (VIOLATED)
hash.h5_out[22]$_DFFE_PN_/DE            1.50    5.81   -4.31 (VIOLATED)
hash.h4_out[8]$_DFFE_PN_/DE             1.50    5.81   -4.31 (VIOLATED)
hash.h4_out[26]$_DFFE_PN_/DE            1.50    5.81   -4.31 (VIOLATED)
hash.h5_out[17]$_DFFE_PN_/DE            1.50    5.81   -4.31 (VIOLATED)
hash.h4_out[24]$_DFFE_PN_/DE            1.50    5.81   -4.31 (VIOLATED)
hash.h4_out[0]$_DFFE_PN_/DE             1.50    5.81   -4.31 (VIOLATED)
hash.h4_out[27]$_DFFE_PN_/DE            1.50    5.81   -4.31 (VIOLATED)
hash.h7_out[14]$_DFFE_PN_/DE            1.50    5.81   -4.31 (VIOLATED)
hash.h6_out[26]$_DFFE_PN_/DE            1.50    5.81   -4.31 (VIOLATED)
hash.h6_out[25]$_DFFE_PN_/DE            1.50    5.81   -4.31 (VIOLATED)
hash.h6_out[24]$_DFFE_PN_/DE            1.50    5.81   -4.31 (VIOLATED)
hash.h7_out[16]$_DFFE_PN_/DE            1.50    5.81   -4.31 (VIOLATED)
hash.h7_out[18]$_DFFE_PN_/DE            1.50    5.81   -4.31 (VIOLATED)
hash.h7_out[19]$_DFFE_PN_/DE            1.50    5.80   -4.30 (VIOLATED)
hash.h4_out[25]$_DFFE_PN_/DE            1.50    5.80   -4.30 (VIOLATED)
hash.h6_out[27]$_DFFE_PN_/DE            1.50    5.80   -4.30 (VIOLATED)
hash.h7_out[17]$_DFFE_PN_/DE            1.50    5.80   -4.30 (VIOLATED)
hash.h7_out[20]$_DFFE_PN_/DE            1.50    5.80   -4.30 (VIOLATED)
hash.h5_out[27]$_DFFE_PN_/DE            1.50    5.80   -4.30 (VIOLATED)
hash.h5_out[25]$_DFFE_PN_/DE            1.50    5.80   -4.30 (VIOLATED)
hash.h4_out[9]$_DFFE_PN_/DE             1.50    5.80   -4.30 (VIOLATED)
hash.h7_out[21]$_DFFE_PN_/DE            1.50    5.80   -4.30 (VIOLATED)
hash.h4_out[4]$_DFFE_PN_/DE             1.50    5.80   -4.30 (VIOLATED)
hash.h5_out[24]$_DFFE_PN_/DE            1.50    5.80   -4.30 (VIOLATED)
hash.h3_out[22]$_DFFE_PN_/DE            1.50    5.80   -4.30 (VIOLATED)
hash.h5_out[31]$_DFFE_PN_/DE            1.50    5.80   -4.30 (VIOLATED)
hash.h7_out[23]$_DFFE_PN_/DE            1.50    5.80   -4.30 (VIOLATED)
hash.h7_out[24]$_DFFE_PN_/DE            1.50    5.80   -4.30 (VIOLATED)
hash.h7_out[22]$_DFFE_PN_/DE            1.50    5.80   -4.30 (VIOLATED)
_18750_/Y                               1.50    5.79   -4.30 (VIOLATED)
hash.h5_out[21]$_DFFE_PN_/DE            1.50    5.80   -4.30 (VIOLATED)
hash.h5_out[23]$_DFFE_PN_/DE            1.50    5.80   -4.30 (VIOLATED)
hash.h5_out[29]$_DFFE_PN_/DE            1.50    5.80   -4.30 (VIOLATED)
hash.h5_out[30]$_DFFE_PN_/DE            1.50    5.80   -4.30 (VIOLATED)
hash.h4_out[21]$_DFFE_PN_/DE            1.50    5.80   -4.30 (VIOLATED)
hash.h5_out[26]$_DFFE_PN_/DE            1.50    5.80   -4.30 (VIOLATED)
hash.h4_out[1]$_DFFE_PN_/DE             1.50    5.79   -4.29 (VIOLATED)
hash.h3_out[29]$_DFFE_PN_/DE            1.50    5.79   -4.29 (VIOLATED)
hash.h7_out[25]$_DFFE_PN_/DE            1.50    5.79   -4.29 (VIOLATED)
hash.h5_out[28]$_DFFE_PN_/DE            1.50    5.79   -4.29 (VIOLATED)
hash.h7_out[26]$_DFFE_PN_/DE            1.50    5.79   -4.29 (VIOLATED)
hash.h3_out[23]$_DFFE_PN_/DE            1.50    5.79   -4.29 (VIOLATED)
hash.h3_out[24]$_DFFE_PN_/DE            1.50    5.79   -4.29 (VIOLATED)
hash.h3_out[25]$_DFFE_PN_/DE            1.50    5.79   -4.29 (VIOLATED)
hash.h3_out[27]$_DFFE_PN_/DE            1.50    5.79   -4.29 (VIOLATED)
hash.h3_out[30]$_DFFE_PN_/DE            1.50    5.79   -4.29 (VIOLATED)
hash.h3_out[26]$_DFFE_PN_/DE            1.50    5.79   -4.29 (VIOLATED)
hash.h3_out[31]$_DFFE_PN_/DE            1.50    5.79   -4.29 (VIOLATED)
hash.h5_out[18]$_DFFE_PN_/DE            1.50    5.79   -4.29 (VIOLATED)
hash.h3_out[28]$_DFFE_PN_/DE            1.50    5.79   -4.29 (VIOLATED)
hash.h7_out[31]$_DFFE_PN_/DE            1.50    5.79   -4.29 (VIOLATED)
hash.h7_out[28]$_DFFE_PN_/DE            1.50    5.79   -4.29 (VIOLATED)
hash.h4_out[23]$_DFFE_PN_/DE            1.50    5.79   -4.29 (VIOLATED)
hash.h7_out[29]$_DFFE_PN_/DE            1.50    5.79   -4.29 (VIOLATED)
hash.h7_out[27]$_DFFE_PN_/DE            1.50    5.79   -4.29 (VIOLATED)
hash.h4_out[28]$_DFFE_PN_/DE            1.50    5.79   -4.29 (VIOLATED)
hash.h4_out[29]$_DFFE_PN_/DE            1.50    5.79   -4.29 (VIOLATED)
hash.h5_out[20]$_DFFE_PN_/DE            1.50    5.79   -4.29 (VIOLATED)
hash.h7_out[30]$_DFFE_PN_/DE            1.50    5.79   -4.29 (VIOLATED)
_17039_/A                               1.50    3.94   -2.44 (VIOLATED)
_17053_/C1                              1.50    3.94   -2.44 (VIOLATED)
_17035_/A                               1.50    3.94   -2.44 (VIOLATED)
_17633_/A                               1.50    3.94   -2.44 (VIOLATED)
_18275_/A                               1.50    3.94   -2.44 (VIOLATED)
_19783_/A                               1.50    3.94   -2.44 (VIOLATED)
_20439_/B                               1.50    3.94   -2.44 (VIOLATED)
_14835_/A                               1.50    3.94   -2.44 (VIOLATED)
_17390_/A                               1.50    3.94   -2.44 (VIOLATED)
_18248_/A                               1.50    3.94   -2.44 (VIOLATED)
_18135_/A_N                             1.50    3.94   -2.44 (VIOLATED)
_19786_/A                               1.50    3.94   -2.44 (VIOLATED)
_17396_/A                               1.50    3.94   -2.44 (VIOLATED)
_18276_/A                               1.50    3.94   -2.44 (VIOLATED)
_18266_/A                               1.50    3.94   -2.44 (VIOLATED)
_17085_/A                               1.50    3.94   -2.44 (VIOLATED)
_17086_/A                               1.50    3.94   -2.44 (VIOLATED)
_17063_/A                               1.50    3.94   -2.44 (VIOLATED)
_17064_/A                               1.50    3.94   -2.44 (VIOLATED)
_17059_/B1                              1.50    3.94   -2.44 (VIOLATED)
_14879_/A                               1.50    3.94   -2.44 (VIOLATED)
_18262_/A                               1.50    3.94   -2.44 (VIOLATED)
_18350_/A                               1.50    3.94   -2.44 (VIOLATED)
_18247_/A                               1.50    3.94   -2.44 (VIOLATED)
_17382_/A                               1.50    3.94   -2.44 (VIOLATED)
_17384_/A                               1.50    3.94   -2.44 (VIOLATED)
_17374_/A                               1.50    3.94   -2.44 (VIOLATED)
_23766_/A                               1.50    3.94   -2.44 (VIOLATED)
_23769_/A                               1.50    3.94   -2.44 (VIOLATED)
_17380_/A                               1.50    3.94   -2.44 (VIOLATED)
_23112_/A                               1.50    3.94   -2.44 (VIOLATED)
_23764_/B                               1.50    3.94   -2.44 (VIOLATED)
_17623_/A                               1.50    3.94   -2.44 (VIOLATED)
_17388_/A                               1.50    3.94   -2.44 (VIOLATED)
_18259_/A                               1.50    3.94   -2.44 (VIOLATED)
_17637_/A                               1.50    3.94   -2.44 (VIOLATED)
_17667_/A                               1.50    3.94   -2.44 (VIOLATED)
_17449_/A                               1.50    3.94   -2.44 (VIOLATED)
_17450_/A                               1.50    3.94   -2.44 (VIOLATED)
_17458_/A                               1.50    3.94   -2.44 (VIOLATED)
_17455_/A                               1.50    3.94   -2.44 (VIOLATED)
_17404_/A                               1.50    3.94   -2.44 (VIOLATED)
_20358_/A                               1.50    3.94   -2.44 (VIOLATED)
_17453_/A                               1.50    3.94   -2.44 (VIOLATED)
_17647_/B1                              1.50    3.94   -2.44 (VIOLATED)
_17659_/A1                              1.50    3.94   -2.44 (VIOLATED)
_17618_/A                               1.50    3.94   -2.44 (VIOLATED)
_17442_/A                               1.50    3.94   -2.44 (VIOLATED)
_17478_/A                               1.50    3.94   -2.44 (VIOLATED)
_17452_/A                               1.50    3.94   -2.44 (VIOLATED)
_17619_/A                               1.50    3.94   -2.44 (VIOLATED)
_17652_/A                               1.50    3.94   -2.44 (VIOLATED)
_17609_/A                               1.50    3.94   -2.44 (VIOLATED)
_17654_/A                               1.50    3.94   -2.44 (VIOLATED)
_17454_/A                               1.50    3.94   -2.44 (VIOLATED)
load_slew348/X                          1.51    3.94   -2.44 (VIOLATED)
_17462_/A                               1.50    3.90   -2.40 (VIOLATED)
_17543_/A                               1.50    3.90   -2.40 (VIOLATED)
_17538_/A                               1.50    3.90   -2.40 (VIOLATED)
_17534_/A                               1.50    3.90   -2.40 (VIOLATED)
_17806_/A                               1.50    3.90   -2.40 (VIOLATED)
_18219_/A                               1.50    3.90   -2.40 (VIOLATED)
_18212_/A                               1.50    3.90   -2.40 (VIOLATED)
_18226_/A                               1.50    3.90   -2.40 (VIOLATED)
_17551_/A                               1.50    3.90   -2.40 (VIOLATED)
_17800_/A                               1.50    3.90   -2.40 (VIOLATED)
_18224_/A                               1.50    3.90   -2.40 (VIOLATED)
_18215_/A                               1.50    3.90   -2.40 (VIOLATED)
_18209_/A                               1.50    3.90   -2.40 (VIOLATED)
_18205_/A                               1.50    3.90   -2.40 (VIOLATED)
_17556_/A                               1.50    3.90   -2.40 (VIOLATED)
_17563_/A                               1.50    3.90   -2.40 (VIOLATED)
_18234_/A                               1.50    3.90   -2.40 (VIOLATED)
_18243_/A                               1.50    3.90   -2.40 (VIOLATED)
_18231_/A                               1.50    3.90   -2.40 (VIOLATED)
_23424_/A                               1.50    3.90   -2.40 (VIOLATED)
_18237_/A                               1.50    3.90   -2.40 (VIOLATED)
_17578_/A                               1.50    3.90   -2.40 (VIOLATED)
_17582_/A                               1.50    3.90   -2.40 (VIOLATED)
_17587_/A                               1.50    3.90   -2.40 (VIOLATED)
_17597_/A                               1.50    3.90   -2.40 (VIOLATED)
_17786_/A                               1.50    3.90   -2.40 (VIOLATED)
_17568_/A                               1.50    3.90   -2.40 (VIOLATED)
_17843_/A                               1.50    3.90   -2.40 (VIOLATED)
_17468_/A                               1.50    3.90   -2.40 (VIOLATED)
_17693_/A                               1.50    3.90   -2.40 (VIOLATED)
_17797_/A                               1.50    3.90   -2.40 (VIOLATED)
_17772_/A                               1.50    3.90   -2.40 (VIOLATED)
_17777_/A                               1.50    3.90   -2.40 (VIOLATED)
_17573_/A                               1.50    3.90   -2.40 (VIOLATED)
_17783_/A                               1.50    3.90   -2.40 (VIOLATED)
_17794_/A                               1.50    3.90   -2.40 (VIOLATED)
_17788_/A                               1.50    3.90   -2.40 (VIOLATED)
_17804_/A                               1.50    3.90   -2.40 (VIOLATED)
_17840_/A                               1.50    3.90   -2.40 (VIOLATED)
_23408_/A                               1.50    3.90   -2.40 (VIOLATED)
load_slew351/X                          1.51    3.90   -2.39 (VIOLATED)
_24647_/A                               1.50    2.84   -1.34 (VIOLATED)
_24662_/A                               1.50    2.84   -1.34 (VIOLATED)
_24523_/A                               1.50    2.84   -1.34 (VIOLATED)
_24800_/A                               1.50    2.84   -1.34 (VIOLATED)
_24859_/A                               1.50    2.84   -1.34 (VIOLATED)
_24677_/A                               1.50    2.84   -1.34 (VIOLATED)
_24830_/A                               1.50    2.84   -1.34 (VIOLATED)
_24537_/A                               1.50    2.84   -1.34 (VIOLATED)
_20773_/B1                              1.50    2.84   -1.34 (VIOLATED)
_20814_/B1                              1.50    2.84   -1.34 (VIOLATED)
_20862_/B1                              1.50    2.84   -1.34 (VIOLATED)
_20824_/B1_N                            1.50    2.84   -1.34 (VIOLATED)
_21249_/A                               1.50    2.84   -1.34 (VIOLATED)
_20572_/A                               1.50    2.84   -1.34 (VIOLATED)
_20578_/B1                              1.50    2.84   -1.34 (VIOLATED)
_20576_/A                               1.50    2.84   -1.34 (VIOLATED)
_20583_/B1                              1.50    2.84   -1.34 (VIOLATED)
_20586_/B1                              1.50    2.84   -1.34 (VIOLATED)
load_slew353/A                          1.50    2.84   -1.34 (VIOLATED)
_24614_/A                               1.50    2.84   -1.34 (VIOLATED)
_24768_/A                               1.50    2.84   -1.34 (VIOLATED)
load_slew355/X                          1.51    2.84   -1.33 (VIOLATED)
_16384_/C                               1.50    2.33   -0.83 (VIOLATED)
_23948_/A                               1.50    2.33   -0.83 (VIOLATED)
_22210_/C                               1.50    2.33   -0.83 (VIOLATED)
_22787_/A                               1.50    2.33   -0.83 (VIOLATED)
_16952_/A                               1.50    2.33   -0.83 (VIOLATED)
_16091_/A                               1.50    2.33   -0.83 (VIOLATED)
_15668_/A                               1.50    2.33   -0.83 (VIOLATED)
_16238_/A                               1.50    2.33   -0.83 (VIOLATED)
_20558_/C1                              1.50    2.33   -0.83 (VIOLATED)
_20563_/A                               1.50    2.33   -0.83 (VIOLATED)
_20551_/B1                              1.50    2.33   -0.83 (VIOLATED)
_21569_/A                               1.50    2.33   -0.83 (VIOLATED)
_20520_/A                               1.50    2.33   -0.83 (VIOLATED)
_20511_/A                               1.50    2.33   -0.83 (VIOLATED)
load_slew771/A                          1.50    2.33   -0.83 (VIOLATED)
_20546_/A                               1.50    2.33   -0.83 (VIOLATED)
_20480_/A                               1.50    2.33   -0.83 (VIOLATED)
_20449_/A                               1.50    2.33   -0.83 (VIOLATED)
_20549_/B1                              1.50    2.33   -0.83 (VIOLATED)
_20510_/A                               1.50    2.33   -0.83 (VIOLATED)
_20479_/A                               1.50    2.33   -0.83 (VIOLATED)
_20544_/A                               1.50    2.33   -0.83 (VIOLATED)
_20472_/A                               1.50    2.33   -0.83 (VIOLATED)
_20470_/A                               1.50    2.33   -0.83 (VIOLATED)
_20469_/A                               1.50    2.33   -0.83 (VIOLATED)
_20532_/A                               1.50    2.33   -0.83 (VIOLATED)
_20538_/A                               1.50    2.33   -0.83 (VIOLATED)
_20535_/B1                              1.50    2.33   -0.83 (VIOLATED)
_16165_/A                               1.50    2.33   -0.83 (VIOLATED)
_16311_/A                               1.50    2.33   -0.83 (VIOLATED)
_15305_/A                               1.50    2.33   -0.83 (VIOLATED)
_16018_/A                               1.50    2.33   -0.83 (VIOLATED)
input513/X                              1.51    2.33   -0.82 (VIOLATED)
_24213_/A                               1.50    2.20   -0.70 (VIOLATED)
_24181_/A                               1.50    2.20   -0.70 (VIOLATED)
_24305_/A                               1.50    2.20   -0.70 (VIOLATED)
_24350_/A                               1.50    2.20   -0.70 (VIOLATED)
_24289_/A                               1.50    2.20   -0.70 (VIOLATED)
_21048_/A                               1.50    2.20   -0.70 (VIOLATED)
_24334_/A                               1.50    2.20   -0.70 (VIOLATED)
_20959_/B1_N                            1.50    2.20   -0.70 (VIOLATED)
_21074_/A                               1.50    2.20   -0.70 (VIOLATED)
_21091_/B1_N                            1.50    2.20   -0.70 (VIOLATED)
_21124_/B1_N                            1.50    2.20   -0.70 (VIOLATED)
_21213_/B1                              1.50    2.20   -0.70 (VIOLATED)
_21144_/B1_N                            1.50    2.20   -0.70 (VIOLATED)
_21084_/B1                              1.50    2.20   -0.70 (VIOLATED)
_20980_/A                               1.50    2.20   -0.70 (VIOLATED)
_21173_/B1_N                            1.50    2.20   -0.70 (VIOLATED)
_21116_/B1_N                            1.50    2.20   -0.70 (VIOLATED)
_21238_/B1_N                            1.50    2.20   -0.70 (VIOLATED)
_21181_/A                               1.50    2.20   -0.70 (VIOLATED)
_20591_/A                               1.50    2.20   -0.70 (VIOLATED)
_20594_/A                               1.50    2.20   -0.70 (VIOLATED)
_21195_/B1                              1.50    2.20   -0.70 (VIOLATED)
_20600_/A                               1.50    2.20   -0.70 (VIOLATED)
_24167_/A                               1.50    2.20   -0.70 (VIOLATED)
_20597_/A                               1.50    2.20   -0.70 (VIOLATED)
_20642_/A                               1.50    2.20   -0.70 (VIOLATED)
_24320_/A                               1.50    2.20   -0.70 (VIOLATED)
reset_hash_dash$_DFF_P_/D               1.50    2.20   -0.70 (VIOLATED)
_20588_/A                               1.50    2.20   -0.70 (VIOLATED)
_24152_/A                               1.50    2.20   -0.70 (VIOLATED)
_20895_/B1_N                            1.50    2.20   -0.70 (VIOLATED)
_20886_/B1_N                            1.50    2.20   -0.70 (VIOLATED)
_20753_/B1_N                            1.50    2.20   -0.70 (VIOLATED)
_20673_/A_N                             1.50    2.20   -0.70 (VIOLATED)
_20717_/A_N                             1.50    2.20   -0.70 (VIOLATED)
_20917_/B1_N                            1.50    2.20   -0.70 (VIOLATED)
_20912_/A_N                             1.50    2.20   -0.70 (VIOLATED)
_20922_/B1_N                            1.50    2.20   -0.70 (VIOLATED)
_20696_/B1                              1.50    2.20   -0.70 (VIOLATED)
_23988_/B                               1.50    2.20   -0.70 (VIOLATED)
_20569_/A                               1.50    2.20   -0.70 (VIOLATED)
load_slew353/X                          1.51    2.20   -0.69 (VIOLATED)
_20489_/A                               1.50    1.72   -0.22 (VIOLATED)
_20483_/A                               1.50    1.72   -0.22 (VIOLATED)
_20481_/A                               1.50    1.72   -0.22 (VIOLATED)
_20458_/A                               1.50    1.72   -0.22 (VIOLATED)
_20475_/A                               1.50    1.72   -0.22 (VIOLATED)
_20450_/A                               1.50    1.72   -0.22 (VIOLATED)
_20452_/A                               1.50    1.72   -0.22 (VIOLATED)
_20496_/A                               1.50    1.72   -0.22 (VIOLATED)
_20486_/A                               1.50    1.72   -0.22 (VIOLATED)
_20506_/A                               1.50    1.72   -0.22 (VIOLATED)
_20455_/A                               1.50    1.72   -0.22 (VIOLATED)
reset_hash$_DFF_P_/D                    1.50    1.72   -0.22 (VIOLATED)
_20527_/A                               1.50    1.72   -0.22 (VIOLATED)
_20465_/A                               1.50    1.72   -0.22 (VIOLATED)
_20468_/A                               1.50    1.72   -0.22 (VIOLATED)
_20462_/A                               1.50    1.72   -0.22 (VIOLATED)
_20499_/A                               1.50    1.72   -0.22 (VIOLATED)
_20491_/A                               1.50    1.72   -0.22 (VIOLATED)
_20460_/A                               1.50    1.72   -0.22 (VIOLATED)
_20517_/A                               1.50    1.72   -0.22 (VIOLATED)
_23779_/A                               1.50    1.72   -0.22 (VIOLATED)
_20530_/A                               1.50    1.72   -0.22 (VIOLATED)
_20509_/A                               1.50    1.72   -0.22 (VIOLATED)
_20522_/A                               1.50    1.72   -0.22 (VIOLATED)
_20501_/A                               1.50    1.72   -0.22 (VIOLATED)
load_slew771/X                          1.51    1.72   -0.21 (VIOLATED)
_14568_/S                               1.50    1.51   -0.01 (VIOLATED)
_14398_/S                               1.50    1.51   -0.01 (VIOLATED)
count16_2[5]$_SDFF_PP0_/Q               1.50    1.51   -0.01 (VIOLATED)
_14531_/S                               1.50    1.51   -0.01 (VIOLATED)
_14446_/S                               1.50    1.51   -0.01 (VIOLATED)
_27022_/S                               1.50    1.51   -0.01 (VIOLATED)
_26972_/S                               1.50    1.51   -0.01 (VIOLATED)
_14492_/S                               1.50    1.51   -0.01 (VIOLATED)
_26904_/S                               1.50    1.51   -0.01 (VIOLATED)

max capacitance

Pin                                    Limit     Cap   Slack
------------------------------------------------------------
_18750_/Y                               0.32    1.30   -0.97 (VIOLATED)
load_slew348/X                          0.13    0.35   -0.22 (VIOLATED)
load_slew351/X                          0.13    0.34   -0.21 (VIOLATED)
load_slew355/X                          0.13    0.25   -0.12 (VIOLATED)
input513/X                              0.13    0.20   -0.07 (VIOLATED)
load_slew353/X                          0.13    0.20   -0.07 (VIOLATED)
load_slew771/X                          0.13    0.15   -0.02 (VIOLATED)
count16_2[5]$_SDFF_PP0_/Q               0.16    0.16   -0.00 (VIOLATED)


==========================================================================
finish max_slew_check_slack
--------------------------------------------------------------------------
-4.5567169189453125

==========================================================================
finish max_slew_check_limit
--------------------------------------------------------------------------
1.5

==========================================================================
finish max_slew_check_slack_limit
--------------------------------------------------------------------------
-3.0378

==========================================================================
finish max_fanout_check_slack
--------------------------------------------------------------------------
1.0000000150474662e+30

==========================================================================
finish max_fanout_check_limit
--------------------------------------------------------------------------
1.0000000150474662e+30

==========================================================================
finish max_capacitance_check_slack
--------------------------------------------------------------------------
-0.9746890664100647

==========================================================================
finish max_capacitance_check_limit
--------------------------------------------------------------------------
0.3213599920272827

==========================================================================
finish max_capacitance_check_slack_limit
--------------------------------------------------------------------------
-3.0330

==========================================================================
finish max_slew_violation_count
--------------------------------------------------------------------------
max slew violation count 486

==========================================================================
finish max_fanout_violation_count
--------------------------------------------------------------------------
max fanout violation count 0

==========================================================================
finish max_cap_violation_count
--------------------------------------------------------------------------
max cap violation count 8

==========================================================================
finish setup_violation_count
--------------------------------------------------------------------------
setup violation count 20

==========================================================================
finish hold_violation_count
--------------------------------------------------------------------------
hold violation count 0

==========================================================================
finish report_checks -path_delay max reg to reg
--------------------------------------------------------------------------
Startpoint: hash.p2_cap[25]$_DFF_P_
            (rising edge-triggered flip-flop clocked by core_clock)
Endpoint: hash.p2_cap[30]$_DFF_P_
          (rising edge-triggered flip-flop clocked by core_clock)
Path Group: core_clock
Path Type: max

  Delay    Time   Description
---------------------------------------------------------
   0.00    0.00   clock core_clock (rise edge)
   0.00    0.00   clock source latency
   0.00    0.00 ^ clk (in)
   0.25    0.25 ^ clkbuf_0_clk/X (sky130_fd_sc_hd__clkbuf_16)
   0.30    0.55 ^ clkbuf_2_3_0_clk/X (sky130_fd_sc_hd__clkbuf_16)
   0.28    0.83 ^ clkbuf_5_28__f_clk/X (sky130_fd_sc_hd__clkbuf_16)
   0.19    1.02 ^ clkbuf_leaf_167_clk/X (sky130_fd_sc_hd__clkbuf_16)
   0.00    1.02 ^ hash.p2_cap[25]$_DFF_P_/CLK (sky130_fd_sc_hd__dfxtp_4)
   0.41    1.42 v hash.p2_cap[25]$_DFF_P_/Q (sky130_fd_sc_hd__dfxtp_4)
   0.18    1.61 v _14773_/Y (sky130_fd_sc_hd__xnor2_2)
   0.22    1.83 ^ _14774_/Y (sky130_fd_sc_hd__xnor2_2)
   0.20    2.03 ^ _27607_/COUT (sky130_fd_sc_hd__ha_2)
   0.05    2.08 v _18753_/Y (sky130_fd_sc_hd__inv_1)
   0.34    2.42 v _27310_/COUT (sky130_fd_sc_hd__fa_2)
   0.13    2.56 ^ _14919_/Y (sky130_fd_sc_hd__nor2b_2)
   0.08    2.64 v _14920_/Y (sky130_fd_sc_hd__o21ai_2)
   0.14    2.78 ^ _14921_/Y (sky130_fd_sc_hd__a21boi_2)
   0.17    2.96 ^ _14966_/X (sky130_fd_sc_hd__o21a_1)
   0.08    3.03 v _15011_/Y (sky130_fd_sc_hd__o21ai_2)
   0.23    3.26 ^ _15054_/Y (sky130_fd_sc_hd__a21boi_2)
   0.09    3.35 v _15079_/Y (sky130_fd_sc_hd__o31ai_4)
   0.15    3.50 v rebuffer57/X (sky130_fd_sc_hd__buf_2)
   0.18    3.68 ^ _15106_/Y (sky130_fd_sc_hd__o21ai_4)
   0.19    3.87 v _15170_/Y (sky130_fd_sc_hd__a41oi_2)
   0.24    4.11 ^ _15194_/Y (sky130_fd_sc_hd__a21oi_4)
   0.21    4.32 ^ _15246_/X (sky130_fd_sc_hd__a211o_4)
   0.20    4.52 ^ _15247_/X (sky130_fd_sc_hd__xor2_4)
   0.24    4.76 v _27700_/SUM (sky130_fd_sc_hd__ha_4)
   0.20    4.97 v _18076_/X (sky130_fd_sc_hd__a21o_4)
   0.30    5.27 v _18077_/X (sky130_fd_sc_hd__or3_1)
   0.35    5.62 v _18078_/X (sky130_fd_sc_hd__or3_4)
   0.25    5.87 v _18098_/X (sky130_fd_sc_hd__a31o_4)
   0.19    6.06 ^ _18099_/Y (sky130_fd_sc_hd__a21oi_4)
   0.10    6.16 v _18118_/Y (sky130_fd_sc_hd__o21ai_2)
   0.17    6.33 v _18120_/Y (sky130_fd_sc_hd__xnor2_2)
   0.25    6.59 ^ _18121_/Y (sky130_fd_sc_hd__nor2_4)
   0.18    6.77 v _20014_/Y (sky130_fd_sc_hd__xnor2_2)
   0.28    7.05 v _27838_/COUT (sky130_fd_sc_hd__ha_1)
   0.35    7.40 v _18498_/X (sky130_fd_sc_hd__or3_4)
   0.29    7.69 ^ _18499_/Y (sky130_fd_sc_hd__a311oi_4)
   0.21    7.90 ^ _18500_/X (sky130_fd_sc_hd__or2_4)
   0.09    7.98 v _18721_/Y (sky130_fd_sc_hd__o21bai_1)
   0.23    8.21 ^ _18722_/Y (sky130_fd_sc_hd__a21oi_2)
   0.16    8.37 ^ _18723_/Y (sky130_fd_sc_hd__xnor2_2)
   0.48    8.85 v _27455_/SUM (sky130_fd_sc_hd__fa_1)
   0.29    9.14 v _27919_/SUM (sky130_fd_sc_hd__ha_4)
   0.17    9.31 v _23293_/X (sky130_fd_sc_hd__a21o_1)
   0.22    9.53 v _23294_/X (sky130_fd_sc_hd__a21o_4)
   0.11    9.64 ^ _23310_/Y (sky130_fd_sc_hd__a21oi_2)
   0.11    9.75 v _23311_/Y (sky130_fd_sc_hd__o21ai_2)
   0.16    9.91 ^ _23319_/Y (sky130_fd_sc_hd__nor3_2)
   0.17   10.08 ^ _23329_/X (sky130_fd_sc_hd__or3_4)
   0.10   10.18 v _23344_/Y (sky130_fd_sc_hd__a31oi_4)
   0.25   10.43 v _23354_/X (sky130_fd_sc_hd__a41o_4)
   0.27   10.70 ^ _23377_/Y (sky130_fd_sc_hd__o41ai_4)
   0.17   10.86 v _23386_/Y (sky130_fd_sc_hd__o22ai_2)
   0.26   11.13 ^ _23397_/Y (sky130_fd_sc_hd__o41ai_4)
   0.12   11.25 v _23404_/Y (sky130_fd_sc_hd__o21bai_1)
   0.19   11.44 ^ _23405_/Y (sky130_fd_sc_hd__a21oi_1)
   0.13   11.57 ^ _23406_/Y (sky130_fd_sc_hd__xnor2_1)
   0.00   11.57 ^ hash.p2_cap[30]$_DFF_P_/D (sky130_fd_sc_hd__dfxtp_2)
          11.57   data arrival time

  10.00   10.00   clock core_clock (rise edge)
   0.00   10.00   clock source latency
   0.00   10.00 ^ clk (in)
   0.25   10.25 ^ clkbuf_0_clk/X (sky130_fd_sc_hd__clkbuf_16)
   0.30   10.55 ^ clkbuf_2_3_0_clk/X (sky130_fd_sc_hd__clkbuf_16)
   0.28   10.83 ^ clkbuf_5_28__f_clk/X (sky130_fd_sc_hd__clkbuf_16)
   0.19   11.02 ^ clkbuf_leaf_168_clk/X (sky130_fd_sc_hd__clkbuf_16)
   0.00   11.02 ^ hash.p2_cap[30]$_DFF_P_/CLK (sky130_fd_sc_hd__dfxtp_2)
   0.00   11.02   clock reconvergence pessimism
  -0.07   10.95   library setup time
          10.95   data required time
---------------------------------------------------------
          10.95   data required time
         -11.57   data arrival time
---------------------------------------------------------
          -0.62   slack (VIOLATED)



==========================================================================
finish report_checks -path_delay min reg to reg
--------------------------------------------------------------------------
Startpoint: ready_dash$_SDFF_PP0_
            (rising edge-triggered flip-flop clocked by core_clock)
Endpoint: ready$_DFF_P_ (rising edge-triggered flip-flop clocked by core_clock)
Path Group: core_clock
Path Type: min

  Delay    Time   Description
---------------------------------------------------------
   0.00    0.00   clock core_clock (rise edge)
   0.00    0.00   clock source latency
   0.00    0.00 ^ clk (in)
   0.25    0.25 ^ clkbuf_0_clk/X (sky130_fd_sc_hd__clkbuf_16)
   0.30    0.55 ^ clkbuf_2_3_0_clk/X (sky130_fd_sc_hd__clkbuf_16)
   0.27    0.82 ^ clkbuf_5_29__f_clk/X (sky130_fd_sc_hd__clkbuf_16)
   0.18    1.00 ^ clkbuf_leaf_160_clk/X (sky130_fd_sc_hd__clkbuf_16)
   0.00    1.00 ^ ready_dash$_SDFF_PP0_/CLK (sky130_fd_sc_hd__dfxtp_1)
   0.31    1.31 ^ ready_dash$_SDFF_PP0_/Q (sky130_fd_sc_hd__dfxtp_1)
   0.00    1.31 ^ ready$_DFF_P_/D (sky130_fd_sc_hd__dfxtp_1)
           1.31   data arrival time

   0.00    0.00   clock core_clock (rise edge)
   0.00    0.00   clock source latency
   0.00    0.00 ^ clk (in)
   0.25    0.25 ^ clkbuf_0_clk/X (sky130_fd_sc_hd__clkbuf_16)
   0.30    0.55 ^ clkbuf_2_3_0_clk/X (sky130_fd_sc_hd__clkbuf_16)
   0.27    0.82 ^ clkbuf_5_29__f_clk/X (sky130_fd_sc_hd__clkbuf_16)
   0.18    1.00 ^ clkbuf_leaf_160_clk/X (sky130_fd_sc_hd__clkbuf_16)
   0.00    1.00 ^ ready$_DFF_P_/CLK (sky130_fd_sc_hd__dfxtp_1)
   0.00    1.00   clock reconvergence pessimism
  -0.03    0.97   library hold time
           0.97   data required time
---------------------------------------------------------
           0.97   data required time
          -1.31   data arrival time
---------------------------------------------------------
           0.34   slack (MET)



==========================================================================
finish critical path target clock latency max path
--------------------------------------------------------------------------
1.0163

==========================================================================
finish critical path target clock latency min path
--------------------------------------------------------------------------
1.0391

==========================================================================
finish critical path source clock latency min path
--------------------------------------------------------------------------
0.0000

==========================================================================
finish critical path delay
--------------------------------------------------------------------------
11.5668

==========================================================================
finish critical path slack
--------------------------------------------------------------------------
-0.6216

==========================================================================
finish slack div critical path delay
--------------------------------------------------------------------------
-5.374001

==========================================================================
finish report_power
--------------------------------------------------------------------------
Group                  Internal  Switching    Leakage      Total
                          Power      Power      Power      Power (Watts)
----------------------------------------------------------------
Sequential             2.01e-02   2.98e-03   2.77e-08   2.31e-02   5.0%
Combinational          1.80e-01   2.43e-01   5.39e-08   4.23e-01  92.2%
Clock                  7.32e-03   5.32e-03   5.42e-09   1.26e-02   2.8%
Macro                  0.00e+00   0.00e+00   0.00e+00   0.00e+00   0.0%
Pad                    0.00e+00   0.00e+00   0.00e+00   0.00e+00   0.0%
----------------------------------------------------------------
Total                  2.08e-01   2.51e-01   8.70e-08   4.59e-01 100.0%
                          45.3%      54.7%       0.0%
