violation type: Horizontal congestion
	srcs: net:_00125_ net:_00175_ net:_00254_ net:_00525_ net:_16725_ net:_17686_ net:net417 net:net416 net:net271 net:net203 net:net181 net:net129 net:net125 net:message[469]
	comment: capacity:13 usage:14 overflow:1
	bbox = (317.4000, 696.9000) - (324.3000, 703.8000) on Layer -
violation type: Horizontal congestion
	srcs: net:_02891_ net:net986 net:_04454_ net:_04468_ net:_06615_ net:_06616_ net:_17593_ net:net482 net:net257 net:net254 net:net183 net:net136 net:net1532 net:net1491 net:net1438 net:net1417 net:net1321 net:net1292 net:net1159 net:w\[10\]\[23\] net:w\[6\]\[2\] net:w\[8\]\[23\]
	comment: capacity:21 usage:22 overflow:1
	bbox = (448.5000, 683.1000) - (455.4000, 690.0000) on Layer -
violation type: Horizontal congestion
	srcs: net:net1039 net:_02898_ net:_02910_ net:net1022 net:_02929_ net:net986 net:_09562_ net:_09630_ net:_16738_ net:_16809_ net:net484 net:net477 net:net328 net:net1554 net:net1320 net:net1298 net:net1297 net:net1292 net:net1291 net:net1157 net:w\[2\]\[9\]
	comment: capacity:20 usage:21 overflow:1
	bbox = (434.7000, 669.3000) - (441.6000, 676.2000) on Layer -
violation type: Horizontal congestion
	srcs: net:net1037 net:_04385_ net:_04407_ net:_04409_ net:_06432_ net:_06433_ net:_11294_ net:_14993_ net:net492 net:net481 net:net397 net:net272 net:net200 net:net51 net:_23103_ net:net1159 net:net1156 net:w\[0\]\[14\] net:w\[22\]\[22\]
	comment: capacity:18 usage:19 overflow:1
	bbox = (338.1000, 641.7000) - (345.0000, 648.6000) on Layer -
violation type: Horizontal congestion
	srcs: net:_00097_ net:_00126_ net:net1022 net:_09436_ net:_17500_ net:net503 net:net483 net:_17686_ net:_22394_ net:net1532 net:net1530 net:net1523 net:net1499 net:net1491 net:net1433 net:net1419 net:net1412 net:net1099 net:w\[12\]\[20\] net:w\[2\]\[20\] net:w\[6\]\[20\]
	comment: capacity:20 usage:21 overflow:1
	bbox = (351.9000, 683.1000) - (358.8000, 690.0000) on Layer -
violation type: Horizontal congestion
	srcs: net:_00301_ net:_00414_ net:clknet_leaf_90_clk net:_16699_ net:_17593_ net:_17686_ net:_17715_ net:_17965_ net:net417 net:net416 net:net407 net:net399 net:net266 net:net184 net:net129 net:net109 net:net1523 net:message[455]
	comment: capacity:17 usage:18 overflow:1
	bbox = (345.0000, 696.9000) - (351.9000, 703.8000) on Layer -
violation type: Horizontal congestion
	srcs: net:_05778_ net:_05780_ net:clknet_5_29__leaf_clk net:clknet_leaf_141_clk net:_16570_ net:net339 net:net196 net:net176 net:net114 net:net1531 net:net1496 net:net1417 net:net1321 net:net1291 net:net1157 net:w\[0\]\[2\] net:w\[2\]\[2\]
	comment: capacity:16 usage:17 overflow:1
	bbox = (496.8000, 683.1000) - (503.7000, 690.0000) on Layer -
violation type: Horizontal congestion
	srcs: net:_00116_ net:net902 net:_04283_ net:_10517_ net:net487 net:net479 net:net343 net:net275 net:net122 net:net1532 net:net1315 net:w\[30\]\[20\]
	comment: capacity:11 usage:12 overflow:1
	bbox = (365.7000, 662.4000) - (372.6000, 669.3000) on Layer -
violation type: Horizontal congestion
	srcs: net:_00310_ net:net1039 net:_02898_ net:_02910_ net:_04800_ net:_04801_ net:_09562_ net:_13160_ net:net350 net:net328 net:net65 net:net1412 net:net1320 net:net1297 net:w\[12\]\[29\] net:w\[30\]\[23\]
	comment: capacity:15 usage:16 overflow:1
	bbox = (476.1000, 669.3000) - (483.0000, 676.2000) on Layer -
violation type: Horizontal congestion
	srcs: net:_00655_ net:net1039 net:_03742_ net:_03745_ net:_03748_ net:clknet_5_29__leaf_clk net:_11216_ net:net396 net:net320 net:net198 net:net113 net:net57 net:net23 net:_22570_ net:net1554 net:net1491 net:net1291 net:message[130] net:w\[10\]\[11\] net:w\[4\]\[2\]
	comment: capacity:19 usage:20 overflow:1
	bbox = (469.2000, 690.0000) - (476.1000, 696.9000) on Layer -
violation type: Horizontal congestion
	srcs: net:_00124_ net:_03138_ net:_08398_ net:clknet_leaf_141_clk net:clknet_leaf_140_clk net:_14080_ net:_16440_ net:net491 net:net223 net:net128 net:net123 net:_22100_ net:net46 net:net1608 net:net1554 net:net1521 net:net1437 net:message[272] net:message[29] net:message[336] net:w\[8\]\[2\]
	comment: capacity:20 usage:21 overflow:1
	bbox = (496.8000, 696.9000) - (503.7000, 703.8000) on Layer -
violation type: Horizontal congestion
	srcs: net:_08850_ net:_17593_ net:net445 net:net399 net:net327 net:net320 net:net116 net:net57 net:net23 net:_22495_ net:net1530 net:net1521 net:net1491 net:net1437 net:net1417 net:net1321 net:w\[10\]\[9\] net:w\[12\]\[23\] net:w\[12\]\[9\] net:w\[8\]\[9\]
	comment: capacity:19 usage:20 overflow:1
	bbox = (420.9000, 690.0000) - (427.8000, 696.9000) on Layer -
violation type: Horizontal congestion
	srcs: net:net949 net:_03911_ net:_03952_ net:_06664_ net:_09438_ net:clknet_5_23__leaf_clk net:_12131_ net:_13740_ net:_13741_ net:net498 net:net319 net:net247 net:net1499 net:net1434 net:net1412 net:net1315 net:net1302
	comment: capacity:16 usage:17 overflow:1
	bbox = (338.1000, 627.9000) - (345.0000, 634.8000) on Layer -
violation type: Horizontal congestion
	srcs: net:_00105_ net:_09259_ net:net392 net:net325 net:net201 net:net186 net:net179 net:net1608 net:_22487_ net:net1555 net:net1532 net:net1531 net:net1530 net:net1521 net:net1301 net:net1225 net:net1159 net:w\[0\]\[9\] net:w\[10\]\[29\] net:w\[6\]\[9\]
	comment: capacity:19 usage:20 overflow:1
	bbox = (434.7000, 676.2000) - (441.6000, 683.1000) on Layer -
violation type: Horizontal congestion
	srcs: net:_00097_ net:_00655_ net:clknet_5_29__leaf_clk net:clknet_leaf_137_clk net:_17797_ net:net396 net:net320 net:net198 net:net113 net:net57 net:net23 net:net1491 net:net1291 net:message[478]
	comment: capacity:13 usage:14 overflow:1
	bbox = (455.4000, 690.0000) - (462.3000, 696.9000) on Layer -
violation type: Horizontal congestion
	srcs: net:_00097_ net:_00127_ net:net950 net:_04269_ net:_05521_ net:_09280_ net:clknet_5_23__leaf_clk net:_14713_ net:_14715_ net:net264 net:net201 net:net186 net:net58 net:net47 net:net45 net:net1556 net:net1314 net:net1289 net:w\[4\]\[20\]
	comment: capacity:18 usage:19 overflow:1
	bbox = (365.7000, 676.2000) - (372.6000, 683.1000) on Layer -
violation type: Horizontal congestion
	srcs: net:_00124_ net:_17593_ net:_17686_ net:_17715_ net:_17965_ net:net417 net:net416 net:net253 net:net181 net:net129 net:net125
	comment: capacity:9 usage:11 overflow:2
	bbox = (338.1000, 696.9000) - (345.0000, 703.8000) on Layer -
violation type: Horizontal congestion
	srcs: net:_00105_ net:_00414_ net:_10512_ net:_16510_ net:_17593_ net:_17622_ net:net480 net:_17965_ net:net417 net:net407 net:net399 net:net266 net:net184 net:net167 net:net129 net:net124 net:net109 net:net1556
	comment: capacity:17 usage:18 overflow:1
	bbox = (358.8000, 696.9000) - (365.7000, 703.8000) on Layer -
violation type: Horizontal congestion
	srcs: net:_00127_ net:net959 net:_16440_ net:_16660_ net:_16662_ net:net347 net:net338 net:net323 net:net262 net:net195 net:net124 net:net114 net:net61 net:_22919_ net:_22920_ net:net1524 net:net1500
	comment: capacity:16 usage:17 overflow:1
	bbox = (282.9000, 669.3000) - (289.8000, 676.2000) on Layer -
violation type: Horizontal congestion
	srcs: net:_00105_ net:_00116_ net:net1022 net:_09259_ net:_11575_ net:net392 net:net325 net:net186 net:net179 net:net1608 net:net1531 net:net1530 net:net1521 net:net1301 net:w\[0\]\[9\] net:w\[10\]\[29\] net:w\[12\]\[23\] net:w\[6\]\[23\] net:w\[6\]\[9\]
	comment: capacity:18 usage:19 overflow:1
	bbox = (441.6000, 676.2000) - (448.5000, 683.1000) on Layer -
violation type: Horizontal congestion
	srcs: net:net986 net:_06025_ net:_09597_ net:clknet_5_23__leaf_clk net:_16837_ net:net412 net:net258 net:net200 net:net193 net:net188 net:net89 net:_23069_ net:_23075_ net:net1522 net:net1225 net:net1159 net:net1156 net:net1099 net:net1084 net:w\[0\]\[21\] net:w\[14\]\[21\]
	comment: capacity:20 usage:21 overflow:1
	bbox = (379.5000, 648.6000) - (386.4000, 655.5000) on Layer -
violation type: Horizontal congestion
	srcs: net:_00124_ net:_00310_ net:_04800_ net:_07822_ net:_09562_ net:_13086_ net:_13087_ net:_13160_ net:net350 net:net65 net:net1437 net:net1412 net:net1320 net:net1297 net:w\[14\]\[29\] net:w\[30\]\[23\]
	comment: capacity:15 usage:16 overflow:1
	bbox = (483.0000, 669.3000) - (489.9000, 676.2000) on Layer -
violation type: Horizontal congestion
	srcs: net:_00116_ net:_16510_ net:net478 net:net338 net:net323 net:net269 net:net262 net:net124 net:net114 net:net61 net:net1492 net:w\[10\]\[4\] net:w\[4\]\[4\]
	comment: capacity:12 usage:13 overflow:1
	bbox = (255.3000, 669.3000) - (262.2000, 676.2000) on Layer -
violation type: Horizontal congestion
	srcs: net:_00105_ net:_09597_ net:net392 net:net325 net:net318 net:net254 net:net183 net:net179 net:_22096_ net:_22104_ net:_22567_ net:net1531 net:net1530 net:net1491 net:w\[0\]\[9\] net:w\[10\]\[29\] net:w\[6\]\[9\]
	comment: capacity:16 usage:17 overflow:1
	bbox = (469.2000, 676.2000) - (476.1000, 683.1000) on Layer -
violation type: Horizontal congestion
	srcs: net:_00655_ net:net1039 net:_03121_ net:_03742_ net:_05770_ net:clknet_5_29__leaf_clk net:net396 net:net320 net:net198 net:net113 net:net57 net:_22095_ net:net23 net:_22570_ net:net1554 net:net1491 net:net1437 net:net1291 net:net1210 net:message[130] net:w\[4\]\[2\]
	comment: capacity:20 usage:21 overflow:1
	bbox = (476.1000, 690.0000) - (483.0000, 696.9000) on Layer -
violation type: Horizontal congestion
	srcs: net:_00318_ net:_04397_ net:_06422_ net:_16440_ net:_16510_ net:_16699_ net:_17686_ net:net407 net:net326 net:net266 net:net255 net:net253 net:net184 net:net109 net:net62 net:_23096_ net:net1523 net:net1499 net:net1419 net:w\[12\]\[22\]
	comment: capacity:18 usage:20 overflow:2
	bbox = (324.3000, 690.0000) - (331.2000, 696.9000) on Layer -
violation type: Horizontal congestion
	srcs: net:_00116_ net:net1037 net:_02910_ net:net492 net:net481 net:net397 net:net272 net:net200 net:net51 net:net1545 net:net1159 net:net1149 net:w\[0\]\[14\] net:w\[16\]\[22\]
	comment: capacity:13 usage:14 overflow:1
	bbox = (324.3000, 641.7000) - (331.2000, 648.6000) on Layer -
violation type: Horizontal congestion
	srcs: net:_04686_ net:_07491_ net:_17593_ net:net485 net:net445 net:net399 net:net327 net:net326 net:net255 net:net116 net:net57 net:_23349_ net:net1530 net:net1491 net:net1417 net:net1412 net:w\[10\]\[27\] net:w\[12\]\[27\]
	comment: capacity:17 usage:18 overflow:1
	bbox = (407.1000, 690.0000) - (414.0000, 696.9000) on Layer -
violation type: Horizontal congestion
	srcs: net:_00097_ net:_00528_ net:_00655_ net:clknet_leaf_137_clk net:_17593_ net:_17686_ net:net445 net:net399 net:net327 net:net320 net:net116 net:net57 net:net23 net:net1291 net:w\[12\]\[23\]
	comment: capacity:14 usage:15 overflow:1
	bbox = (434.7000, 690.0000) - (441.6000, 696.9000) on Layer -
violation type: Horizontal congestion
	srcs: net:_00124_ net:_00127_ net:_06418_ net:_11287_ net:_16845_ net:net503 net:net323 net:net201 net:net134 net:net58 net:net47 net:_23093_ net:net1545 net:net1532 net:net1523 net:net1491 net:w\[2\]\[22\] net:w\[4\]\[22\] net:w\[4\]\[7\]
	comment: capacity:18 usage:19 overflow:1
	bbox = (317.4000, 676.2000) - (324.3000, 683.1000) on Layer -
violation type: Horizontal congestion
	srcs: net:_00105_ net:net1039 net:_08847_ net:net392 net:net325 net:net201 net:net186 net:net179 net:net1555 net:net1532 net:net1521 net:net1437 net:w\[10\]\[29\] net:w\[4\]\[9\]
	comment: capacity:13 usage:14 overflow:1
	bbox = (420.9000, 676.2000) - (427.8000, 683.1000) on Layer -
violation type: Horizontal congestion
	srcs: net:_00125_ net:net1009 net:_09260_ net:_12450_ net:_16440_ net:net476 net:net388 net:net106 net:net104 net:net36 net:net33 net:net1524 net:_24576_ net:net1315 net:net1177 net:hash.CA1.w_i1\[13\] net:w\[16\]\[14\]
	comment: capacity:16 usage:17 overflow:1
	bbox = (338.1000, 607.2000) - (345.0000, 614.1000) on Layer -
violation type: Horizontal congestion
	srcs: net:_00127_ net:net986 net:net950 net:_09259_ net:net395 net:net323 net:net264 net:net201 net:net189 net:net186 net:net58 net:net47 net:net1532 net:net1499 net:net1419 net:net1417 net:w\[4\]\[7\]
	comment: capacity:16 usage:17 overflow:1
	bbox = (338.1000, 676.2000) - (345.0000, 683.1000) on Layer -
violation type: Horizontal congestion
	srcs: net:_00126_ net:_00133_ net:_16592_ net:_16699_ net:net404 net:net266 net:net253 net:net109 net:net62 net:w\[14\]\[22\]
	comment: capacity:9 usage:10 overflow:1
	bbox = (310.5000, 690.0000) - (317.4000, 696.9000) on Layer -
violation type: Horizontal congestion
	srcs: net:_00097_ net:_00126_ net:_02891_ net:_03495_ net:_04403_ net:_08737_ net:_09429_ net:_17500_ net:net503 net:net494 net:net483 net:net480 net:net55 net:_22389_ net:net1545 net:net1530 net:net1491 net:net1433 net:net1314 net:net1302 net:w\[6\]\[20\]
	comment: capacity:20 usage:21 overflow:1
	bbox = (338.1000, 683.1000) - (345.0000, 690.0000) on Layer -
violation type: Horizontal congestion
	srcs: net:net986 net:net950 net:_04680_ net:_04681_ net:_05521_ net:_09597_ net:clknet_leaf_135_clk net:net512 net:net392 net:net325 net:net201 net:net186 net:net179 net:net1556 net:net1555 net:net1532 net:net1522 net:net1320 net:w\[10\]\[29\] net:w\[6\]\[21\]
	comment: capacity:19 usage:20 overflow:1
	bbox = (407.1000, 676.2000) - (414.0000, 683.1000) on Layer -
violation type: Horizontal congestion
	srcs: net:_00116_ net:net982 net:net902 net:_09352_ net:_15462_ net:_15464_ net:_17500_ net:net487 net:net477 net:net343 net:net270 net:net122 net:net36 net:net1555 net:net1532 net:net1438 net:net1322 net:net1135 net:net1099
	comment: capacity:18 usage:19 overflow:1
	bbox = (407.1000, 662.4000) - (414.0000, 669.3000) on Layer -
violation type: Horizontal congestion
	srcs: net:_00105_ net:_00124_ net:_00170_ net:clknet_5_23__leaf_clk net:_17686_ net:net480 net:_17872_ net:_17901_ net:_17965_ net:_18058_ net:net410 net:net394 net:net269 net:net174 net:net55 net:message[345] net:w\[6\]\[20\]
	comment: capacity:16 usage:17 overflow:1
	bbox = (282.9000, 683.1000) - (289.8000, 690.0000) on Layer -
violation type: Horizontal congestion
	srcs: net:_00131_ net:_08395_ net:clknet_leaf_141_clk net:_16440_ net:net491 net:_17872_ net:_17878_ net:net421 net:net263 net:net222 net:net128 net:net123 net:net46 net:net1608 net:net1521 net:net1291 net:message[268] net:message[272] net:message[332] net:message[464] net:w\[10\]\[2\]
	comment: capacity:20 usage:21 overflow:1
	bbox = (503.7000, 696.9000) - (510.6000, 703.8000) on Layer -
violation type: Horizontal congestion
	srcs: net:_11211_ net:net501 net:_17872_ net:_18058_ net:net409 net:net341 net:net136 net:net63 net:net1532 net:net1531 net:net1437 net:message[140] net:message[201] net:message[29] net:message[31] net:message[84] net:w\[12\]\[11\] net:w\[8\]\[11\]
	comment: capacity:17 usage:18 overflow:1
	bbox = (469.2000, 696.9000) - (476.1000, 703.8000) on Layer -
violation type: Horizontal congestion
	srcs: net:_00096_ net:_00097_ net:_09562_ net:_16845_ net:net483 net:_17686_ net:_17779_ net:net257 net:net248 net:net107 net:net1532 net:net1522 net:net1497 net:net1491 net:net1302 net:w\[4\]\[9\] net:w\[8\]\[27\]
	comment: capacity:16 usage:17 overflow:1
	bbox = (407.1000, 683.1000) - (414.0000, 690.0000) on Layer -
violation type: Horizontal congestion
	srcs: net:_00097_ net:net950 net:_05521_ net:_09280_ net:_09597_ net:clknet_leaf_135_clk net:_16809_ net:net512 net:net201 net:net186 net:net1556 net:w\[6\]\[21\]
	comment: capacity:11 usage:12 overflow:1
	bbox = (393.3000, 676.2000) - (400.2000, 683.1000) on Layer -
violation type: Horizontal congestion
	srcs: net:net981 net:clknet_5_23__leaf_clk net:_17779_ net:_17809_ net:net118 net:net42 net:net1412 net:net1315 net:hash.CA1.w_i1\[20\] net:w\[8\]\[21\]
	comment: capacity:9 usage:10 overflow:1
	bbox = (379.5000, 634.8000) - (386.4000, 641.7000) on Layer -
violation type: Horizontal congestion
	srcs: net:_00105_ net:_00127_ net:clknet_leaf_136_clk net:_10483_ net:_16440_ net:_16465_ net:_16540_ net:net499 net:_17779_ net:_17811_ net:net341 net:net115 net:net63 net:net44 net:net43 net:net37 net:net1554
	comment: capacity:16 usage:17 overflow:1
	bbox = (420.9000, 696.9000) - (427.8000, 703.8000) on Layer -
violation type: Horizontal congestion
	srcs: net:_00097_ net:_00125_ net:_00127_ net:_16440_ net:net500 net:net494 net:_17974_ net:net394 net:net266 net:net55
	comment: capacity:9 usage:10 overflow:1
	bbox = (255.3000, 683.1000) - (262.2000, 690.0000) on Layer -
violation type: Horizontal congestion
	srcs: net:_00318_ net:net980 net:_03797_ net:_09238_ net:_11517_ net:_16592_ net:_16845_ net:net479 net:net404 net:net246 net:net197 net:net189 net:net178 net:net174 net:net125 net:net1544 net:net1500 net:net1288 net:net1091
	comment: capacity:18 usage:19 overflow:1
	bbox = (241.5000, 662.4000) - (248.4000, 669.3000) on Layer -
violation type: Horizontal congestion
	srcs: net:_00400_ net:_02891_ net:_04451_ net:_04468_ net:_06611_ net:_06614_ net:_17593_ net:net482 net:net257 net:net201 net:net183 net:net136 net:net1555 net:net1532 net:net1491 net:net1438 net:net1417 net:net1321 net:net1159 net:w\[4\]\[23\] net:w\[6\]\[2\]
	comment: capacity:20 usage:21 overflow:1
	bbox = (441.6000, 683.1000) - (448.5000, 690.0000) on Layer -
violation type: Horizontal congestion
	srcs: net:_09280_ net:_12602_ net:net402 net:net398 net:net330 net:net260 net:net250 net:net12 net:_23363_ net:net1555 net:net1522 net:_24616_ net:net1417 net:net1225 net:net1159 net:w\[24\]\[27\] net:w\[28\]\[27\]
	comment: capacity:16 usage:17 overflow:1
	bbox = (393.3000, 655.5000) - (400.2000, 662.4000) on Layer -
violation type: Horizontal congestion
	srcs: net:_16510_ net:_16524_ net:net493 net:net417 net:net346 net:net340 net:net203 net:net182 net:message[334]
	comment: capacity:8 usage:9 overflow:1
	bbox = (282.9000, 696.9000) - (289.8000, 703.8000) on Layer -
violation type: Horizontal congestion
	srcs: net:_00125_ net:_00127_ net:_02891_ net:_04273_ net:_04278_ net:_05590_ net:_14720_ net:net485 net:net388 net:net326 net:net323 net:net255 net:net249 net:net116 net:net62 net:_23025_ net:net1530 net:net1523 net:net1499 net:w\[12\]\[20\]
	comment: capacity:19 usage:20 overflow:1
	bbox = (365.7000, 690.0000) - (372.6000, 696.9000) on Layer -
violation type: Horizontal congestion
	srcs: net:_00003_ net:_02910_ net:net1000 net:net907 net:_03960_ net:_09579_ net:net490 net:net474 net:net337 net:net334 net:net317 net:_22750_ net:net1546 net:net1545 net:_24567_ net:net1297 net:net1165
	comment: capacity:16 usage:17 overflow:1
	bbox = (338.1000, 621.0000) - (345.0000, 627.9000) on Layer -
violation type: Horizontal congestion
	srcs: net:_00124_ net:_04821_ net:_05511_ net:_05521_ net:_07816_ net:_07817_ net:_07824_ net:_09562_ net:_13160_ net:_18058_ net:_18099_ net:net350 net:net248 net:net65 net:net1437 net:net1412 net:net1320 net:net1099 net:w\[30\]\[23\] net:w\[4\]\[29\]
	comment: capacity:19 usage:20 overflow:1
	bbox = (489.9000, 669.3000) - (496.8000, 676.2000) on Layer -
violation type: Horizontal congestion
	srcs: net:_00451_ net:_16440_ net:_16570_ net:_17593_ net:_17621_ net:_17965_ net:_17971_ net:net329 net:net263 net:net126 net:net35 net:message[268] net:message[272]
	comment: capacity:12 usage:13 overflow:1
	bbox = (517.5000, 696.9000) - (524.4000, 703.8000) on Layer -
violation type: Horizontal congestion
	srcs: net:net878 net:_17826_ net:net440 net:net310 net:net309 net:net283 net:net240 net:net218 net:net168 net:net153 net:net86 net:net16 net:net1352 net:net1338 net:net1062
	comment: capacity:14 usage:15 overflow:1
	bbox = (282.9000, 20.7000) - (289.8000, 27.6000) on Layer -
violation type: Horizontal congestion
	srcs: net:_00097_ net:_00126_ net:net503 net:net494 net:net478 net:_17779_ net:net197 net:net125 net:net58 net:net47
	comment: capacity:8 usage:10 overflow:2
	bbox = (282.9000, 676.2000) - (289.8000, 683.1000) on Layer -
violation type: Horizontal congestion
	srcs: net:_00097_ net:_00318_ net:_05521_ net:_09597_ net:net487 net:net479 net:_17717_ net:_17965_ net:_17986_ net:_18058_ net:_18079_ net:net343 net:net274 net:net189 net:net133 net:net122 net:w\[24\]\[22\]
	comment: capacity:16 usage:17 overflow:1
	bbox = (310.5000, 662.4000) - (317.4000, 669.3000) on Layer -
violation type: Horizontal congestion
	srcs: net:net1022 net:net986 net:_03506_ net:_03509_ net:_09630_ net:_12194_ net:_12203_ net:net512 net:_18058_ net:net347 net:net338 net:net195 net:net45 net:net1314 net:net1302 net:net1298
	comment: capacity:15 usage:16 overflow:1
	bbox = (351.9000, 669.3000) - (358.8000, 676.2000) on Layer -
violation type: Horizontal congestion
	srcs: net:_00414_ net:_00591_ net:_00606_ net:clknet_5_23__leaf_clk net:clknet_leaf_89_clk net:_17500_ net:net494 net:net483 net:net480 net:_17779_ net:net394 net:net55 net:w\[10\]\[7\] net:w\[6\]\[20\]
	comment: capacity:13 usage:14 overflow:1
	bbox = (310.5000, 683.1000) - (317.4000, 690.0000) on Layer -
violation type: Horizontal congestion
	srcs: net:_00416_ net:_05511_ net:_05782_ net:_08389_ net:_08400_ net:_17500_ net:_17593_ net:net482 net:_17686_ net:_17779_ net:_17820_ net:net339 net:net245 net:net196 net:net64 net:net1531 net:net1496 net:net1417 net:net1321 net:net1291 net:w\[0\]\[2\]
	comment: capacity:20 usage:21 overflow:1
	bbox = (483.0000, 683.1000) - (489.9000, 690.0000) on Layer -
violation type: Horizontal congestion
	srcs: net:_00125_ net:_00127_ net:_02891_ net:net485 net:net399 net:net326 net:net255 net:net116 net:net47 net:net1530 net:w\[10\]\[27\]
	comment: capacity:9 usage:11 overflow:2
	bbox = (393.3000, 690.0000) - (400.2000, 696.9000) on Layer -
violation type: Horizontal congestion
	srcs: net:_00096_ net:_00127_ net:_00154_ net:clknet_5_29__leaf_clk net:clknet_leaf_136_clk net:_16465_ net:_16738_ net:_17779_ net:net341 net:net183 net:net63 net:net44 net:net43 net:net37 net:message[30] net:message[330] net:w\[8\]\[9\]
	comment: capacity:16 usage:17 overflow:1
	bbox = (434.7000, 696.9000) - (441.6000, 703.8000) on Layer -
violation type: Horizontal congestion
	srcs: net:_00400_ net:_02891_ net:_11570_ net:_16845_ net:_17500_ net:_17532_ net:net482 net:net257 net:net136 net:net107 net:net1555 net:net1532 net:net1522 net:net1497 net:net1491 net:net1321 net:w\[4\]\[23\] net:w\[6\]\[2\]
	comment: capacity:16 usage:18 overflow:2
	bbox = (434.7000, 683.1000) - (441.6000, 690.0000) on Layer -
violation type: Horizontal congestion
	srcs: net:_00097_ net:_06416_ net:_06421_ net:_06428_ net:net512 net:net347 net:net338 net:net264 net:net195 net:net124 net:net45 net:w\[0\]\[22\] net:w\[2\]\[7\] net:w\[6\]\[22\]
	comment: capacity:13 usage:14 overflow:1
	bbox = (317.4000, 669.3000) - (324.3000, 676.2000) on Layer -
violation type: Horizontal congestion
	srcs: net:_00126_ net:_00655_ net:net1039 net:_02898_ net:clknet_5_29__leaf_clk net:_10588_ net:_14083_ net:net495 net:net396 net:net198 net:net113 net:net1554 net:net1491 net:net1437 net:net1320 net:net1291 net:net1210 net:message[130] net:message[413]
	comment: capacity:18 usage:19 overflow:1
	bbox = (483.0000, 690.0000) - (489.9000, 696.9000) on Layer -
violation type: Horizontal congestion
	srcs: net:_00097_ net:_00655_ net:_06619_ net:_06620_ net:clknet_5_29__leaf_clk net:clknet_leaf_137_clk net:net504 net:net396 net:net320 net:net198 net:net135 net:net113 net:net57 net:net23 net:net1491 net:net1438 net:net1291 net:w\[0\]\[3\] net:w\[8\]\[23\]
	comment: capacity:17 usage:19 overflow:2
	bbox = (448.5000, 690.0000) - (455.4000, 696.9000) on Layer -
violation type: Horizontal congestion
	srcs: net:_00116_ net:_01494_ net:net961 net:net902 net:clknet_leaf_92_clk net:_16699_ net:net487 net:net479 net:net406 net:net343 net:net122 net:_24600_ net:net1412 net:net1315 net:net1297 net:net1289
	comment: capacity:15 usage:16 overflow:1
	bbox = (351.9000, 662.4000) - (358.8000, 669.3000) on Layer -
violation type: Vertical congestion
	srcs: net:_00096_ net:net1037 net:_02945_ net:_04404_ net:_04406_ net:_04407_ net:_04409_ net:_06430_ net:_06432_ net:clknet_2_2_0_clk net:_16605_ net:_23101_ net:_24600_ net:net1290 net:net1177 net:net1156 net:w\[22\]\[22\]
	comment: capacity:16 usage:17 overflow:1
	bbox = (345.0000, 641.7000) - (351.9000, 648.6000) on Layer -
violation type: Vertical congestion
	srcs: net:net986 net:_04360_ net:_04361_ net:_05511_ net:clknet_5_23__leaf_clk net:_17872_ net:net430 net:net413 net:_23076_ net:net1556 net:net1289 net:net1225 net:net1210 net:net1159 net:net1084 net:w\[14\]\[21\] net:w\[8\]\[21\]
	comment: capacity:16 usage:17 overflow:1
	bbox = (386.4000, 641.7000) - (393.3000, 648.6000) on Layer -
violation type: Vertical congestion
	srcs: net:_00096_ net:net986 net:_03496_ net:_04403_ net:clknet_2_2_0_clk net:_16699_ net:_18058_ net:net249 net:net133 net:net110 net:net1433 net:net1419 net:net1417 net:net1314 net:net1302 net:net1225 net:w\[4\]\[7\]
	comment: capacity:16 usage:17 overflow:1
	bbox = (345.0000, 669.3000) - (351.9000, 676.2000) on Layer -
violation type: Vertical congestion
	srcs: net:_09597_ net:_10898_ net:_14826_ net:_14829_ net:_16540_ net:net498 net:_17872_ net:net1522 net:net1302 net:net1298 net:net1177 net:net1156
	comment: capacity:11 usage:12 overflow:1
	bbox = (393.3000, 648.6000) - (400.2000, 655.5000) on Layer -
violation type: Vertical congestion
	srcs: net:_16389_ net:_19118_ net:_19128_ net:_19157_ net:_19171_ net:_19178_ net:_19193_ net:_19194_ net:_19195_ net:_19292_ net:hash.CA1.S1.X\[17\] net:hash.CA2.e_dash\[17\]
	comment: capacity:11 usage:12 overflow:1
	bbox = (607.2000, 434.7000) - (614.1000, 441.6000) on Layer -
violation type: Vertical congestion
	srcs: net:_00455_ net:clknet_leaf_141_clk net:net491 net:_17872_ net:net421 net:net396 net:net270 net:net222 net:net198 net:net105 net:net1521 net:net1291 net:message[130]
	comment: capacity:12 usage:13 overflow:1
	bbox = (510.6000, 690.0000) - (517.5000, 696.9000) on Layer -
violation type: Vertical congestion
	srcs: net:_00097_ net:net1022 net:net986 net:_05521_ net:_05616_ net:_09259_ net:_09423_ net:_09437_ net:net490 net:net481 net:net474 net:net336 net:net328 net:net127 net:_23031_ net:net1523 net:net1289
	comment: capacity:16 usage:17 overflow:1
	bbox = (358.8000, 676.2000) - (365.7000, 683.1000) on Layer -
violation type: Vertical congestion
	srcs: net:_03628_ net:_08854_ net:_08866_ net:_09352_ net:_10497_ net:_16465_ net:_17779_ net:net1555 net:net1532 net:net1522 net:net1497 net:w\[30\]\[9\]
	comment: capacity:11 usage:12 overflow:1
	bbox = (420.9000, 655.5000) - (427.8000, 662.4000) on Layer -
violation type: Vertical congestion
	srcs: net:net1022 net:_03622_ net:_03623_ net:_03624_ net:_10486_ net:_12734_ net:_16738_ net:_17500_ net:net492 net:net248 net:net41 net:_22498_ net:_22510_ net:net1437 net:net1412 net:net1225 net:w\[14\]\[3\]
	comment: capacity:16 usage:17 overflow:1
	bbox = (427.8000, 662.4000) - (434.7000, 669.3000) on Layer -
violation type: Vertical congestion
	srcs: net:_00124_ net:_04275_ net:_14718_ net:_14720_ net:_16712_ net:_17500_ net:net476 net:net412 net:net388 net:net317 net:net247 net:net104 net:_23021_ net:w\[0\]\[20\] net:w\[12\]\[20\] net:w\[2\]\[20\] net:w\[4\]\[20\]
	comment: capacity:16 usage:17 overflow:1
	bbox = (372.6000, 683.1000) - (379.5000, 690.0000) on Layer -
violation type: Vertical congestion
	srcs: net:_02910_ net:_03136_ net:_04800_ net:_04802_ net:_04806_ net:_05783_ net:_07819_ net:_07821_ net:_16540_ net:net328 net:net1437 net:net1417 net:net1291 net:w\[12\]\[29\] net:w\[8\]\[29\]
	comment: capacity:14 usage:15 overflow:1
	bbox = (483.0000, 669.3000) - (489.9000, 676.2000) on Layer -
violation type: Vertical congestion
	srcs: net:_02891_ net:_02910_ net:net1022 net:net961 net:_04393_ net:_04396_ net:_09597_ net:clknet_leaf_89_clk net:_14997_ net:_14998_ net:_15004_ net:net124 net:net1532 net:net1314 net:net1302 net:net1156 net:net1099
	comment: capacity:16 usage:17 overflow:1
	bbox = (331.2000, 669.3000) - (338.1000, 676.2000) on Layer -
violation type: Vertical congestion
	srcs: net:_00096_ net:_00127_ net:_03496_ net:_04403_ net:_08740_ net:clknet_5_23__leaf_clk net:_16699_ net:_18058_ net:net395 net:net249 net:net189 net:net110 net:net1532 net:net1433 net:net1419 net:net1314 net:net1302
	comment: capacity:16 usage:17 overflow:1
	bbox = (345.0000, 676.2000) - (351.9000, 683.1000) on Layer -
violation type: Vertical congestion
	srcs: net:_00116_ net:_00400_ net:_06616_ net:_11574_ net:net477 net:net414 net:net330 net:net254 net:net201 net:net185 net:_23146_ net:w\[12\]\[23\]
	comment: capacity:11 usage:12 overflow:1
	bbox = (448.5000, 683.1000) - (455.4000, 690.0000) on Layer -
violation type: Vertical congestion
	srcs: net:_00116_ net:net1037 net:_04385_ net:_05538_ net:_06434_ net:_09568_ net:_15012_ net:_16605_ net:_16725_ net:net324 net:net132 net:_24608_
	comment: capacity:11 usage:12 overflow:1
	bbox = (338.1000, 648.6000) - (345.0000, 655.5000) on Layer -
violation type: Vertical congestion
	srcs: net:net1022 net:net986 net:_09562_ net:_09597_ net:_15460_ net:_16540_ net:net512 net:net487 net:net398 net:net248 net:net200 net:net1532 net:net1417 net:net1320 net:net1302 net:net1292 net:net1156 net:w\[6\]\[21\]
	comment: capacity:16 usage:18 overflow:2
	bbox = (414.0000, 676.2000) - (420.9000, 683.1000) on Layer -
violation type: Vertical congestion
	srcs: net:_02898_ net:net484 net:_17965_ net:net420 net:net350 net:net272 net:net257 net:net196 net:net186 net:net138 net:net136 net:net1554 net:w\[10\]\[23\]
	comment: capacity:12 usage:13 overflow:1
	bbox = (462.3000, 683.1000) - (469.2000, 690.0000) on Layer -
violation type: Vertical congestion
	srcs: net:_00097_ net:_02891_ net:net1022 net:net961 net:_09597_ net:clknet_leaf_89_clk net:_15004_ net:net503 net:net274 net:net186 net:net134 net:net124 net:net1417 net:net1314 net:net1302 net:net1289 net:net1156
	comment: capacity:16 usage:17 overflow:1
	bbox = (331.2000, 676.2000) - (338.1000, 683.1000) on Layer -
violation type: Vertical congestion
	srcs: net:_02898_ net:_09562_ net:_11205_ net:_11206_ net:_17872_ net:_18058_ net:net270 net:net223 net:net222 net:_22565_ net:net1521 net:net1157 net:w\[12\]\[2\] net:w\[2\]\[11\]
	comment: capacity:12 usage:14 overflow:2
	bbox = (510.6000, 683.1000) - (517.5000, 690.0000) on Layer -
violation type: Vertical congestion
	srcs: net:_02953_ net:_03512_ net:_04266_ net:_04293_ net:_05617_ net:clknet_leaf_92_clk net:_10521_ net:_17779_ net:_24608_ net:net1434 net:net1412 net:w\[28\]\[20\]
	comment: capacity:11 usage:12 overflow:1
	bbox = (365.7000, 641.7000) - (372.6000, 648.6000) on Layer -
violation type: Vertical congestion
	srcs: net:net1022 net:net986 net:net950 net:_05616_ net:_09421_ net:_09437_ net:net490 net:net481 net:net474 net:net337 net:net127 net:net45 net:_23031_ net:net1545 net:net1289 net:w\[0\]\[7\] net:w\[4\]\[7\]
	comment: capacity:16 usage:17 overflow:1
	bbox = (358.8000, 669.3000) - (365.7000, 676.2000) on Layer -
violation type: Vertical congestion
	srcs: net:_00125_ net:_09562_ net:_09597_ net:clknet_leaf_139_clk net:_13168_ net:net426 net:net138 net:net65 net:_22098_ net:_22572_ net:net1491 net:net1438 net:net1301 net:net1157 net:w\[4\]\[2\]
	comment: capacity:14 usage:15 overflow:1
	bbox = (469.2000, 676.2000) - (476.1000, 683.1000) on Layer -
violation type: Vertical congestion
	srcs: net:_00459_ net:_17593_ net:_17611_ net:_18058_ net:net349 net:net254 net:net252 net:net112 net:net34 net:net33 net:message[413] net:w\[4\]\[19\]
	comment: capacity:11 usage:12 overflow:1
	bbox = (524.4000, 696.9000) - (531.3000, 703.8000) on Layer -
violation type: Vertical congestion
	srcs: net:_05521_ net:_07490_ net:_07496_ net:_07500_ net:_12602_ net:_12606_ net:_16783_ net:net360 net:net265 net:net53 net:net1555 net:net1497 net:net1438 net:net1159 net:net1099 net:net408 net:w\[28\]\[27\]
	comment: capacity:16 usage:17 overflow:1
	bbox = (400.2000, 655.5000) - (407.1000, 662.4000) on Layer -
violation type: Vertical congestion
	srcs: net:_04361_ net:_05511_ net:_09280_ net:clknet_leaf_135_clk net:_16783_ net:_18058_ net:net413 net:net347 net:net334 net:net275 net:net250 net:net204 net:net39 net:net12 net:net1556 net:w\[0\]\[21\] net:w\[10\]\[21\]
	comment: capacity:16 usage:17 overflow:1
	bbox = (386.4000, 669.3000) - (393.3000, 676.2000) on Layer -
violation type: Vertical congestion
	srcs: net:net1000 net:net954 net:_06442_ net:_08802_ net:_09996_ net:_10010_ net:_23112_ net:net1533 net:net1499 net:net1434 net:net1224 net:net1090
	comment: capacity:11 usage:12 overflow:1
	bbox = (338.1000, 579.6000) - (345.0000, 586.5000) on Layer -
violation type: Vertical congestion
	srcs: net:_00097_ net:_00125_ net:_00227_ net:_03745_ net:_11215_ net:net426 net:net136 net:net65 net:_22569_ net:_22570_ net:_22571_ net:net1532 net:net1521 net:net1496 net:message[130] net:w\[10\]\[11\] net:w\[12\]\[11\]
	comment: capacity:14 usage:17 overflow:3
	bbox = (469.2000, 690.0000) - (476.1000, 696.9000) on Layer -
violation type: Vertical congestion
	srcs: net:_00126_ net:_04397_ net:_06422_ net:_11288_ net:_23099_ net:net1523 net:net1499 net:net1491 net:net1433 net:net1419 net:w\[12\]\[22\] net:w\[8\]\[22\]
	comment: capacity:11 usage:12 overflow:1
	bbox = (324.3000, 683.1000) - (331.2000, 690.0000) on Layer -
violation type: Vertical congestion
	srcs: net:_00096_ net:net1000 net:_05538_ net:_08868_ net:_10488_ net:_10490_ net:_16837_ net:_16861_ net:_17779_ net:net397 net:net1522 net:net1159
	comment: capacity:11 usage:12 overflow:1
	bbox = (420.9000, 641.7000) - (427.8000, 648.6000) on Layer -
violation type: Vertical congestion
	srcs: net:_00125_ net:_03742_ net:_09597_ net:_13162_ net:_13168_ net:net426 net:net339 net:net65 net:_22572_ net:net1532 net:net1521 net:net1496 net:net1321 net:net1301 net:net1157 net:w\[4\]\[2\]
	comment: capacity:14 usage:16 overflow:2
	bbox = (469.2000, 683.1000) - (476.1000, 690.0000) on Layer -
violation type: Vertical congestion
	srcs: net:_02953_ net:_03512_ net:_04266_ net:_04279_ net:_04283_ net:clknet_leaf_92_clk net:_10521_ net:_17779_ net:net111 net:net1545 net:net1159 net:w\[28\]\[20\]
	comment: capacity:11 usage:12 overflow:1
	bbox = (365.7000, 648.6000) - (372.6000, 655.5000) on Layer -
violation type: Vertical congestion
	srcs: net:_00096_ net:_00105_ net:net1039 net:_02898_ net:_08853_ net:_16465_ net:_17779_ net:net188 net:net1521 net:net1437 net:net1412 net:w\[4\]\[9\]
	comment: capacity:11 usage:12 overflow:1
	bbox = (420.9000, 676.2000) - (427.8000, 683.1000) on Layer -
violation type: Vertical congestion
	srcs: net:_03742_ net:net484 net:_17686_ net:_17965_ net:_17983_ net:net350 net:net272 net:net257 net:net196 net:net186 net:net1491 net:message[223] net:w\[10\]\[23\]
	comment: capacity:12 usage:13 overflow:1
	bbox = (462.3000, 690.0000) - (469.2000, 696.9000) on Layer -
violation type: Vertical congestion
	srcs: net:_04273_ net:_05590_ net:clknet_leaf_91_clk net:_16440_ net:net391 net:net342 net:net338 net:net336 net:net319 net:net195 net:net177 net:net1314
	comment: capacity:11 usage:12 overflow:1
	bbox = (379.5000, 683.1000) - (386.4000, 690.0000) on Layer -
violation type: Vertical congestion
	srcs: net:_00116_ net:net1022 net:_04451_ net:_04452_ net:_04457_ net:_11575_ net:net477 net:net414 net:net330 net:net185 net:_23147_ net:w\[12\]\[23\] net:w\[4\]\[23\]
	comment: capacity:11 usage:13 overflow:2
	bbox = (448.5000, 676.2000) - (455.4000, 683.1000) on Layer -
violation type: Vertical congestion
	srcs: net:_00096_ net:_06621_ net:clknet_leaf_137_clk net:_16570_ net:net504 net:net402 net:net397 net:net343 net:net137 net:net1491 net:net1438 net:net1417 net:net1412 net:w\[0\]\[3\] net:w\[2\]\[23\] net:w\[8\]\[23\]
	comment: capacity:15 usage:16 overflow:1
	bbox = (455.4000, 683.1000) - (462.3000, 690.0000) on Layer -
violation type: Vertical congestion
	srcs: net:net961 net:net950 net:_03479_ net:_05616_ net:_09437_ net:_12204_ net:net490 net:net481 net:net474 net:net406 net:net337 net:net204 net:net127 net:_23031_ net:net1545 net:net1297 net:net1289
	comment: capacity:16 usage:17 overflow:1
	bbox = (358.8000, 662.4000) - (365.7000, 669.3000) on Layer -
violation type: Vertical congestion
	srcs: net:_00124_ net:clknet_leaf_91_clk net:_17500_ net:net391 net:net342 net:net338 net:net319 net:net195 net:net177 net:net1556 net:net1491 net:net1314
	comment: capacity:11 usage:12 overflow:1
	bbox = (379.5000, 676.2000) - (386.4000, 683.1000) on Layer -
violation type: Vertical congestion
	srcs: net:_00398_ net:_01309_ net:net951 net:_04360_ net:_04361_ net:_05511_ net:_09280_ net:net430 net:net413 net:net334 net:net12 net:net1556 net:_24616_ net:net1314 net:w\[0\]\[21\] net:w\[10\]\[21\] net:w\[2\]\[21\]
	comment: capacity:16 usage:17 overflow:1
	bbox = (386.4000, 655.5000) - (393.3000, 662.4000) on Layer -
violation type: Vertical congestion
	srcs: net:_00116_ net:_04696_ net:_09597_ net:_17500_ net:net498 net:_17872_ net:net430 net:net250 net:net1298 net:w\[30\]\[27\] net:w\[4\]\[21\] net:w\[6\]\[21\]
	comment: capacity:11 usage:12 overflow:1
	bbox = (393.3000, 662.4000) - (400.2000, 669.3000) on Layer -
violation type: Vertical congestion
	srcs: net:net1022 net:_04444_ net:_04445_ net:_04446_ net:_04448_ net:_14085_ net:_17965_ net:net272 net:net1292 net:net1135 net:w\[24\]\[23\] net:w\[30\]\[23\] net:w\[6\]\[3\]
	comment: capacity:12 usage:13 overflow:1
	bbox = (462.3000, 662.4000) - (469.2000, 669.3000) on Layer -
violation type: Vertical congestion
	srcs: net:_00125_ net:net951 net:clknet_5_29__leaf_clk net:_11231_ net:_17965_ net:net138 net:_22105_ net:_22578_ net:_22579_ net:_22584_ net:_24592_ net:net1438 net:net1322 net:net1099 net:w\[28\]\[11\]
	comment: capacity:14 usage:15 overflow:1
	bbox = (469.2000, 641.7000) - (476.1000, 648.6000) on Layer -
violation type: Vertical congestion
	srcs: net:_02891_ net:_03749_ net:_05521_ net:_08401_ net:_11217_ net:_22096_ net:net1555 net:net1530 net:net1521 net:net1496 net:w\[6\]\[3\] net:w\[6\]\[9\] net:w\[8\]\[29\]
	comment: capacity:12 usage:13 overflow:1
	bbox = (476.1000, 676.2000) - (483.0000, 683.1000) on Layer -
violation type: Vertical congestion
	srcs: net:_00142_ net:net986 net:net961 net:_04271_ net:_05511_ net:clknet_5_23__leaf_clk net:_14721_ net:_16712_ net:net476 net:net412 net:net388 net:net317 net:net264 net:net247 net:net104 net:net1302 net:w\[2\]\[20\]
	comment: capacity:16 usage:17 overflow:1
	bbox = (372.6000, 676.2000) - (379.5000, 683.1000) on Layer -
violation type: Vertical congestion
	srcs: net:_04451_ net:_17593_ net:net260 net:net258 net:net234 net:net183 net:net122 net:net107 net:net42 net:_23138_ net:_23140_ net:_23141_ net:net1522 net:net1497 net:net1099 net:w\[0\]\[23\] net:w\[6\]\[23\]
	comment: capacity:15 usage:17 overflow:2
	bbox = (441.6000, 683.1000) - (448.5000, 690.0000) on Layer -
violation type: Vertical congestion
	srcs: net:net986 net:net951 net:_04272_ net:_04282_ net:clknet_5_23__leaf_clk net:_16712_ net:net476 net:net412 net:net388 net:net319 net:net317 net:net247 net:net104 net:net1499 net:_24592_ net:w\[24\]\[20\] net:w\[30\]\[20\]
	comment: capacity:16 usage:17 overflow:1
	bbox = (372.6000, 648.6000) - (379.5000, 655.5000) on Layer -
violation type: Vertical congestion
	srcs: net:_04273_ net:_05612_ net:_05614_ net:net490 net:net481 net:net474 net:net328 net:net127 net:net1532 net:net1523 net:net1499 net:net1433 net:net1419 net:net1412 net:w\[10\]\[20\] net:w\[12\]\[20\] net:w\[8\]\[20\]
	comment: capacity:16 usage:17 overflow:1
	bbox = (358.8000, 683.1000) - (365.7000, 690.0000) on Layer -
violation type: Vertical congestion
	srcs: net:_08741_ net:_09568_ net:_09579_ net:_16699_ net:net336 net:net40 net:_22395_ net:net1522 net:net1417 net:net1412 net:net1099 net:w\[30\]\[22\]
	comment: capacity:11 usage:12 overflow:1
	bbox = (351.9000, 662.4000) - (358.8000, 669.3000) on Layer -
violation type: Vertical congestion
	srcs: net:_06016_ net:_09597_ net:_16540_ net:net498 net:_17872_ net:net250 net:net1555 net:net1298 net:net1289 net:net1156 net:w\[24\]\[27\] net:w\[6\]\[21\]
	comment: capacity:11 usage:12 overflow:1
	bbox = (393.3000, 655.5000) - (400.2000, 662.4000) on Layer -
violation type: Vertical congestion
	srcs: net:_01501_ net:net961 net:net951 net:net902 net:_04361_ net:_05511_ net:_09280_ net:_16783_ net:_17530_ net:net413 net:net334 net:net12 net:net1556 net:_24592_ net:net1314 net:w\[0\]\[21\] net:w\[10\]\[21\]
	comment: capacity:16 usage:17 overflow:1
	bbox = (386.4000, 662.4000) - (393.3000, 669.3000) on Layer -
violation type: Vertical congestion
	srcs: net:_00096_ net:_00579_ net:_06618_ net:_06619_ net:_06620_ net:clknet_leaf_137_clk net:_16570_ net:_17694_ net:_17797_ net:net402 net:net397 net:net343 net:net1438 net:net1417 net:net1412 net:message[478] net:w\[8\]\[23\]
	comment: capacity:15 usage:17 overflow:2
	bbox = (455.4000, 690.0000) - (462.3000, 696.9000) on Layer -
violation type: Vertical congestion
	srcs: net:_03967_ net:_04385_ net:_04412_ net:_09260_ net:_09568_ net:_13757_ net:_16510_ net:_22395_ net:_22763_ net:net1434 net:_25850_ net:net1148
	comment: capacity:11 usage:12 overflow:1
	bbox = (351.9000, 614.1000) - (358.8000, 621.0000) on Layer -
violation type: Vertical congestion
	srcs: net:_02898_ net:net1022 net:_03116_ net:_04821_ net:_04826_ net:_05497_ net:clknet_leaf_139_clk net:_10607_ net:net507 net:net1521 net:net1298 net:net1297 net:net1099 net:w\[0\]\[29\] net:w\[4\]\[3\]
	comment: capacity:14 usage:15 overflow:1
	bbox = (489.9000, 655.5000) - (496.8000, 662.4000) on Layer -
violation type: Vertical congestion
	srcs: net:_02945_ net:net982 net:_04458_ net:_04461_ net:_11592_ net:_12734_ net:_16738_ net:_17500_ net:net118 net:net1530 net:net1177 net:w\[16\]\[23\]
	comment: capacity:11 usage:12 overflow:1
	bbox = (434.7000, 641.7000) - (441.6000, 648.6000) on Layer -
violation type: Vertical congestion
	srcs: net:_03911_ net:_03960_ net:_03966_ net:clknet_2_2_0_clk net:_12132_ net:_12133_ net:_12135_ net:_12136_ net:_16605_ net:_16699_ net:_22755_ net:_22756_ net:net1546 net:net1298 net:net1177 net:w\[16\]\[14\] net:w\[22\]\[14\]
	comment: capacity:16 usage:17 overflow:1
	bbox = (345.0000, 614.1000) - (351.9000, 621.0000) on Layer -
violation type: Vertical congestion
	srcs: net:_00105_ net:_00126_ net:_03742_ net:_05769_ net:_14083_ net:_16540_ net:net506 net:net497 net:_17686_ net:net392 net:net328 net:net320 net:net179 net:net57 net:net23 net:message[413]
	comment: capacity:14 usage:16 overflow:2
	bbox = (483.0000, 690.0000) - (489.9000, 696.9000) on Layer -
violation type: Vertical congestion
	srcs: net:net1039 net:_02898_ net:_03610_ net:_08853_ net:_12721_ net:_16465_ net:net487 net:_17779_ net:net1554 net:net1521 net:net1437 net:net1417 net:net1412 net:net1321 net:w\[12\]\[9\]
	comment: capacity:11 usage:15 overflow:4
	bbox = (420.9000, 683.1000) - (427.8000, 690.0000) on Layer -
violation type: Vertical congestion
	srcs: net:_00124_ net:_09568_ net:_14728_ net:_17500_ net:_18058_ net:net391 net:net342 net:net177 net:net1532 net:net1491 net:_24592_ net:net1302
	comment: capacity:11 usage:12 overflow:1
	bbox = (379.5000, 655.5000) - (386.4000, 662.4000) on Layer -
violation type: Vertical congestion
	srcs: net:_04361_ net:_09597_ net:clknet_leaf_135_clk net:_16783_ net:_17686_ net:_17872_ net:_18058_ net:net413 net:net347 net:net334 net:net275 net:net250 net:net204 net:net45 net:net39 net:net12 net:w\[10\]\[21\]
	comment: capacity:16 usage:17 overflow:1
	bbox = (386.4000, 676.2000) - (393.3000, 683.1000) on Layer -
violation type: Vertical congestion
	srcs: net:_00116_ net:net1037 net:net1000 net:_04385_ net:_04407_ net:_06433_ net:_11295_ net:_15012_ net:_16725_ net:_23103_ net:net1434 net:w\[16\]\[22\]
	comment: capacity:11 usage:12 overflow:1
	bbox = (338.1000, 641.7000) - (345.0000, 648.6000) on Layer -
violation type: Vertical congestion
	srcs: net:net325 net:net106 net:net36 net:_23349_ net:_23351_ net:_23353_ net:net1532 net:net1522 net:net1497 net:net1491 net:net408 net:w\[8\]\[27\]
	comment: capacity:11 usage:12 overflow:1
	bbox = (407.1000, 683.1000) - (414.0000, 690.0000) on Layer -
violation type: Vertical congestion
	srcs: net:_06025_ net:_14728_ net:net391 net:net342 net:net177 net:_23072_ net:_23074_ net:_23075_ net:net1523 net:net1499 net:net1433 net:net1419
	comment: capacity:11 usage:12 overflow:1
	bbox = (379.5000, 641.7000) - (386.4000, 648.6000) on Layer -
violation type: Vertical congestion
	srcs: net:_02891_ net:_03121_ net:_03749_ net:_05774_ net:_08390_ net:_11217_ net:_17593_ net:_22095_ net:net1555 net:net1530 net:net1417 net:w\[6\]\[3\] net:w\[6\]\[9\]
	comment: capacity:12 usage:13 overflow:1
	bbox = (476.1000, 683.1000) - (483.0000, 690.0000) on Layer -
violation type: Vertical congestion
	srcs: net:_00105_ net:net1022 net:net986 net:_04689_ net:_04690_ net:_04691_ net:_07491_ net:_09562_ net:_09597_ net:_15460_ net:_16540_ net:net200 net:net1320 net:net1302 net:net1292 net:w\[10\]\[27\] net:w\[6\]\[21\]
	comment: capacity:16 usage:17 overflow:1
	bbox = (414.0000, 683.1000) - (420.9000, 690.0000) on Layer -
violation type: Vertical congestion
	srcs: net:net133 net:net40 net:_22383_ net:_22395_ net:net1522 net:net1499 net:net1433 net:net1412 net:net1099 net:w\[0\]\[7\] net:w\[4\]\[7\] net:w\[6\]\[7\]
	comment: capacity:11 usage:12 overflow:1
	bbox = (351.9000, 676.2000) - (358.8000, 683.1000) on Layer -
violation type: Vertical congestion
	srcs: net:_03952_ net:_06442_ net:_06667_ net:net1499 net:_24576_ net:net1434 net:net1315 net:net1302 net:net1296 net:w\[0\]\[14\] net:w\[18\]\[22\] net:w\[22\]\[22\]
	comment: capacity:11 usage:12 overflow:1
	bbox = (338.1000, 627.9000) - (345.0000, 634.8000) on Layer -
violation type: Vertical congestion
	srcs: net:_00124_ net:_11285_ net:_11292_ net:_23099_ net:net1545 net:net1532 net:net1530 net:net1523 net:net1499 net:net1491 net:net1433 net:net1419
	comment: capacity:11 usage:12 overflow:1
	bbox = (324.3000, 676.2000) - (331.2000, 683.1000) on Layer -
violation type: Vertical congestion
	srcs: net:_00029_ net:_09352_ net:_09438_ net:_16861_ net:net388 net:net104 net:_23031_ net:net1533 net:net1288 net:net1091 net:net1084 net:net1056
	comment: capacity:11 usage:12 overflow:1
	bbox = (365.7000, 614.1000) - (372.6000, 621.0000) on Layer -
violation type: Vertical congestion
	srcs: net:_00124_ net:_16540_ net:_17593_ net:_17622_ net:net480 net:net476 net:net412 net:net407 net:net323 net:net317 net:net247 net:net177 net:net124 net:net104 net:net62 net:w\[0\]\[20\] net:w\[4\]\[20\]
	comment: capacity:16 usage:17 overflow:1
	bbox = (372.6000, 696.9000) - (379.5000, 703.8000) on Layer -
violation type: Vertical congestion
	srcs: net:_02898_ net:_09259_ net:_14085_ net:net484 net:_17965_ net:net420 net:net350 net:net272 net:net254 net:net186 net:net183 net:net1608 net:net1531 net:net1530 net:net1412
	comment: capacity:12 usage:15 overflow:3
	bbox = (462.3000, 676.2000) - (469.2000, 683.1000) on Layer -
violation type: Vertical congestion
	srcs: net:_00116_ net:_09597_ net:net512 net:net498 net:net479 net:_17872_ net:net430 net:net406 net:net111 net:w\[26\]\[27\] net:w\[4\]\[21\] net:w\[6\]\[21\]
	comment: capacity:11 usage:12 overflow:1
	bbox = (393.3000, 669.3000) - (400.2000, 676.2000) on Layer -
violation type: Vertical congestion
	srcs: net:_00124_ net:net1039 net:_02891_ net:_03148_ net:clknet_leaf_141_clk net:_16570_ net:net390 net:net325 net:net318 net:net248 net:net1437 net:net1417 net:net1321 net:net1291 net:w\[2\]\[11\]
	comment: capacity:14 usage:15 overflow:1
	bbox = (503.7000, 676.2000) - (510.6000, 683.1000) on Layer -
violation type: Vertical congestion
	srcs: net:_08400_ net:_09597_ net:clknet_leaf_140_clk net:_10589_ net:_10600_ net:_17518_ net:net482 net:net114 net:net1417 net:net1412 net:net1320 net:net1301 net:net1210 net:w\[0\]\[9\]
	comment: capacity:12 usage:14 overflow:2
	bbox = (496.8000, 683.1000) - (503.7000, 690.0000) on Layer -
violation type: Vertical congestion
	srcs: net:_00124_ net:_00127_ net:_00655_ net:_03142_ net:_03144_ net:net390 net:net325 net:net318 net:net248 net:net223 net:net1531 net:net1496 net:message[460] net:w\[10\]\[2\] net:w\[8\]\[2\]
	comment: capacity:14 usage:15 overflow:1
	bbox = (503.7000, 690.0000) - (510.6000, 696.9000) on Layer -
violation type: Vertical congestion
	srcs: net:net1017 net:_03949_ net:_06671_ net:_06672_ net:_06674_ net:_13745_ net:_13746_ net:net132 net:net1545 net:net1532 net:net1433 net:net1314
	comment: capacity:11 usage:12 overflow:1
	bbox = (324.3000, 641.7000) - (331.2000, 648.6000) on Layer -
