
==========================================================================
detailed place report_tns
--------------------------------------------------------------------------
tns -26.68

==========================================================================
detailed place report_wns
--------------------------------------------------------------------------
wns -1.75

==========================================================================
detailed place report_worst_slack
--------------------------------------------------------------------------
worst slack -1.75

==========================================================================
detailed place report_checks -path_delay min
--------------------------------------------------------------------------
Startpoint: ready_dash$_SDFF_PP0_
            (rising edge-triggered flip-flop clocked by core_clock)
Endpoint: ready$_DFF_P_ (rising edge-triggered flip-flop clocked by core_clock)
Path Group: core_clock
Path Type: min

Fanout     Cap    Slew   Delay    Time   Description
-----------------------------------------------------------------------------
                  0.00    0.00    0.00   clock core_clock (rise edge)
                          0.00    0.00   clock network delay (ideal)
                  0.00    0.00    0.00 ^ ready_dash$_SDFF_PP0_/CLK (sky130_fd_sc_hd__dfxtp_1)
     1    0.00    0.03    0.28    0.28 v ready_dash$_SDFF_PP0_/Q (sky130_fd_sc_hd__dfxtp_1)
                                         ready_dash (net)
                  0.03    0.00    0.28 v ready$_DFF_P_/D (sky130_fd_sc_hd__dfxtp_4)
                                  0.28   data arrival time

                  0.00    0.00    0.00   clock core_clock (rise edge)
                          0.00    0.00   clock network delay (ideal)
                          0.00    0.00   clock reconvergence pessimism
                                  0.00 ^ ready$_DFF_P_/CLK (sky130_fd_sc_hd__dfxtp_4)
                         -0.05   -0.05   library hold time
                                 -0.05   data required time
-----------------------------------------------------------------------------
                                 -0.05   data required time
                                 -0.28   data arrival time
-----------------------------------------------------------------------------
                                  0.33   slack (MET)



==========================================================================
detailed place report_checks -path_delay max
--------------------------------------------------------------------------
Startpoint: hash.p2_cap[25]$_DFF_P_
            (rising edge-triggered flip-flop clocked by core_clock)
Endpoint: hash.p3_cap[31]$_DFF_P_
          (rising edge-triggered flip-flop clocked by core_clock)
Path Group: core_clock
Path Type: max

Fanout     Cap    Slew   Delay    Time   Description
-----------------------------------------------------------------------------
                  0.00    0.00    0.00   clock core_clock (rise edge)
                          0.00    0.00   clock network delay (ideal)
                  0.00    0.00    0.00 ^ hash.p2_cap[25]$_DFF_P_/CLK (sky130_fd_sc_hd__dfxtp_4)
     8    0.06    0.09    0.38    0.38 v hash.p2_cap[25]$_DFF_P_/Q (sky130_fd_sc_hd__dfxtp_4)
                                         hash.CA2.S1.X[25] (net)
                  0.09    0.00    0.38 v _15161_/A (sky130_fd_sc_hd__xnor2_1)
     1    0.01    0.25    0.26    0.64 ^ _15161_/Y (sky130_fd_sc_hd__xnor2_1)
                                         _04553_ (net)
                  0.25    0.00    0.64 ^ _15162_/B (sky130_fd_sc_hd__xnor2_2)
     1    0.02    0.31    0.20    0.84 ^ _15162_/Y (sky130_fd_sc_hd__xnor2_2)
                                         _13398_ (net)
                  0.31    0.00    0.85 ^ _27949_/B (sky130_fd_sc_hd__ha_1)
     3    0.01    0.12    0.26    1.11 ^ _27949_/COUT (sky130_fd_sc_hd__ha_1)
                                         _13399_ (net)
                  0.12    0.00    1.11 ^ _19178_/A (sky130_fd_sc_hd__inv_1)
     1    0.01    0.05    0.07    1.18 v _19178_/Y (sky130_fd_sc_hd__inv_1)
                                         _12254_ (net)
                  0.05    0.00    1.18 v _27652_/A (sky130_fd_sc_hd__fa_1)
     2    0.01    0.10    0.45    1.64 v _27652_/COUT (sky130_fd_sc_hd__fa_1)
                                         _12257_ (net)
                  0.10    0.00    1.64 v _15307_/A (sky130_fd_sc_hd__nor2b_1)
     1    0.00    0.10    0.14    1.77 ^ _15307_/Y (sky130_fd_sc_hd__nor2b_1)
                                         _04679_ (net)
                  0.10    0.00    1.77 ^ _15308_/A2 (sky130_fd_sc_hd__o21ai_1)
     2    0.01    0.07    0.09    1.86 v _15308_/Y (sky130_fd_sc_hd__o21ai_1)
                                         _04680_ (net)
                  0.07    0.00    1.86 v _15309_/A2 (sky130_fd_sc_hd__a21boi_0)
     2    0.01    0.26    0.26    2.12 ^ _15309_/Y (sky130_fd_sc_hd__a21boi_0)
                                         _04681_ (net)
                  0.26    0.00    2.12 ^ _15365_/A2 (sky130_fd_sc_hd__o21ai_1)
     2    0.01    0.10    0.14    2.26 v _15365_/Y (sky130_fd_sc_hd__o21ai_1)
                                         _04729_ (net)
                  0.10    0.00    2.26 v _15423_/A1 (sky130_fd_sc_hd__a21oi_2)
     3    0.02    0.27    0.28    2.54 ^ _15423_/Y (sky130_fd_sc_hd__a21oi_2)
                                         _04779_ (net)
                  0.27    0.00    2.54 ^ _15499_/A1 (sky130_fd_sc_hd__a21oi_4)
     3    0.02    0.10    0.13    2.68 v _15499_/Y (sky130_fd_sc_hd__a21oi_4)
                                         _04839_ (net)
                  0.10    0.00    2.68 v _15543_/A1 (sky130_fd_sc_hd__o22ai_4)
     3    0.02    0.22    0.25    2.93 ^ _15543_/Y (sky130_fd_sc_hd__o22ai_4)
                                         _04867_ (net)
                  0.22    0.00    2.93 ^ _15570_/A3 (sky130_fd_sc_hd__a31o_1)
     1    0.00    0.05    0.18    3.10 ^ _15570_/X (sky130_fd_sc_hd__a31o_1)
                                         _04886_ (net)
                  0.05    0.00    3.10 ^ _15571_/A2 (sky130_fd_sc_hd__a21o_1)
     2    0.01    0.08    0.14    3.25 ^ _15571_/X (sky130_fd_sc_hd__a21o_1)
                                         _04887_ (net)
                  0.08    0.00    3.25 ^ _15593_/A2 (sky130_fd_sc_hd__a21oi_1)
     2    0.01    0.07    0.09    3.34 v _15593_/Y (sky130_fd_sc_hd__a21oi_1)
                                         _04901_ (net)
                  0.07    0.00    3.34 v _15615_/A1 (sky130_fd_sc_hd__o211ai_1)
     1    0.01    0.20    0.22    3.56 ^ _15615_/Y (sky130_fd_sc_hd__o211ai_1)
                                         _04915_ (net)
                  0.20    0.00    3.56 ^ _15616_/A2 (sky130_fd_sc_hd__a21oi_2)
     2    0.01    0.08    0.12    3.68 v _15616_/Y (sky130_fd_sc_hd__a21oi_2)
                                         _04916_ (net)
                  0.08    0.00    3.68 v _20670_/B (sky130_fd_sc_hd__xnor2_1)
     2    0.01    0.09    0.16    3.84 v _20670_/Y (sky130_fd_sc_hd__xnor2_1)
                                         _13554_ (net)
                  0.09    0.00    3.84 v _28038_/B (sky130_fd_sc_hd__ha_1)
     2    0.01    0.08    0.31    4.16 ^ _28038_/SUM (sky130_fd_sc_hd__ha_1)
                                         _13667_ (net)
                  0.08    0.00    4.16 ^ _18447_/B (sky130_fd_sc_hd__nand2_1)
     2    0.00    0.05    0.07    4.22 v _18447_/Y (sky130_fd_sc_hd__nand2_1)
                                         _06857_ (net)
                  0.05    0.00    4.22 v _18448_/B (sky130_fd_sc_hd__nor2_1)
     2    0.01    0.27    0.22    4.45 ^ _18448_/Y (sky130_fd_sc_hd__nor2_1)
                                         _06858_ (net)
                  0.27    0.00    4.45 ^ _18451_/A2 (sky130_fd_sc_hd__a21o_1)
     1    0.01    0.11    0.21    4.66 ^ _18451_/X (sky130_fd_sc_hd__a21o_1)
                                         _06861_ (net)
                  0.11    0.00    4.66 ^ _18452_/B1 (sky130_fd_sc_hd__a21oi_4)
     4    0.02    0.10    0.06    4.72 v _18452_/Y (sky130_fd_sc_hd__a21oi_4)
                                         _06862_ (net)
                  0.10    0.00    4.72 v _18493_/A1 (sky130_fd_sc_hd__o21ai_0)
     2    0.01    0.22    0.23    4.95 ^ _18493_/Y (sky130_fd_sc_hd__o21ai_0)
                                         _06895_ (net)
                  0.22    0.00    4.95 ^ _18507_/A2 (sky130_fd_sc_hd__o21ai_0)
     1    0.01    0.10    0.14    5.10 v _18507_/Y (sky130_fd_sc_hd__o21ai_0)
                                         _06905_ (net)
                  0.10    0.00    5.10 v _18512_/A1 (sky130_fd_sc_hd__a221o_4)
     7    0.07    0.14    0.51    5.61 v _18512_/X (sky130_fd_sc_hd__a221o_4)
                                         _06910_ (net)
                  0.14    0.01    5.61 v _20769_/A (sky130_fd_sc_hd__xnor2_4)
     1    0.03    0.24    0.29    5.90 ^ _20769_/Y (sky130_fd_sc_hd__xnor2_4)
                                         _14058_ (net)
                  0.24    0.00    5.90 ^ _28174_/B (sky130_fd_sc_hd__ha_1)
     4    0.02    0.13    0.35    6.25 v _28174_/SUM (sky130_fd_sc_hd__ha_1)
                                         _14060_ (net)
                  0.13    0.00    6.25 v _18886_/A1 (sky130_fd_sc_hd__a21oi_1)
     1    0.01    0.24    0.25    6.49 ^ _18886_/Y (sky130_fd_sc_hd__a21oi_1)
                                         _07132_ (net)
                  0.24    0.00    6.49 ^ _18887_/B1 (sky130_fd_sc_hd__o21ai_4)
     2    0.02    0.10    0.13    6.63 v _18887_/Y (sky130_fd_sc_hd__o21ai_4)
                                         _07133_ (net)
                  0.10    0.00    6.63 v _18913_/A3 (sky130_fd_sc_hd__o31ai_4)
     3    0.02    0.34    0.32    6.95 ^ _18913_/Y (sky130_fd_sc_hd__o31ai_4)
                                         _07151_ (net)
                  0.34    0.00    6.95 ^ _18956_/A1 (sky130_fd_sc_hd__o21ai_4)
     5    0.04    0.12    0.16    7.11 v _18956_/Y (sky130_fd_sc_hd__o21ai_4)
                                         _07183_ (net)
                  0.12    0.00    7.12 v _18990_/A4 (sky130_fd_sc_hd__a41oi_4)
     4    0.02    0.27    0.33    7.45 ^ _18990_/Y (sky130_fd_sc_hd__a41oi_4)
                                         _07211_ (net)
                  0.27    0.00    7.45 ^ _18991_/A (sky130_fd_sc_hd__nor2b_1)
     1    0.00    0.06    0.07    7.52 v _18991_/Y (sky130_fd_sc_hd__nor2b_1)
                                         _07212_ (net)
                  0.06    0.00    7.52 v _18992_/A2 (sky130_fd_sc_hd__o21ai_0)
     1    0.00    0.14    0.15    7.67 ^ _18992_/Y (sky130_fd_sc_hd__o21ai_0)
                                         _07213_ (net)
                  0.14    0.00    7.67 ^ _18993_/B (sky130_fd_sc_hd__nand2b_1)
     2    0.01    0.08    0.11    7.78 v _18993_/Y (sky130_fd_sc_hd__nand2b_1)
                                         _07214_ (net)
                  0.08    0.00    7.78 v _19158_/A2 (sky130_fd_sc_hd__a21o_1)
     1    0.01    0.05    0.21    7.99 v _19158_/X (sky130_fd_sc_hd__a21o_1)
                                         _07345_ (net)
                  0.05    0.00    7.99 v _19159_/A2 (sky130_fd_sc_hd__a21oi_2)
     3    0.02    0.22    0.23    8.22 ^ _19159_/Y (sky130_fd_sc_hd__a21oi_2)
                                         _07346_ (net)
                  0.22    0.00    8.22 ^ _20453_/B (sky130_fd_sc_hd__xnor2_1)
     1    0.01    0.24    0.19    8.41 ^ _20453_/Y (sky130_fd_sc_hd__xnor2_1)
                                         _12754_ (net)
                  0.24    0.00    8.41 ^ _27765_/A (sky130_fd_sc_hd__fa_1)
     1    0.00    0.08    0.44    8.85 v _27765_/SUM (sky130_fd_sc_hd__fa_1)
                                         _12758_ (net)
                  0.08    0.00    8.85 v _28214_/B (sky130_fd_sc_hd__ha_1)
     4    0.01    0.10    0.34    9.19 v _28214_/SUM (sky130_fd_sc_hd__ha_1)
                                         _14179_ (net)
                  0.10    0.00    9.19 v _23889_/A1 (sky130_fd_sc_hd__o21a_1)
     1    0.00    0.04    0.21    9.40 v _23889_/X (sky130_fd_sc_hd__o21a_1)
                                         _09685_ (net)
                  0.04    0.00    9.40 v _23890_/A2 (sky130_fd_sc_hd__o211ai_2)
     3    0.01    0.21    0.20    9.60 ^ _23890_/Y (sky130_fd_sc_hd__o211ai_2)
                                         _09686_ (net)
                  0.21    0.00    9.60 ^ _23895_/A1 (sky130_fd_sc_hd__o21ai_1)
     2    0.01    0.09    0.12    9.73 v _23895_/Y (sky130_fd_sc_hd__o21ai_1)
                                         _09691_ (net)
                  0.09    0.00    9.73 v _23896_/B1 (sky130_fd_sc_hd__a32o_2)
     3    0.02    0.09    0.29   10.02 v _23896_/X (sky130_fd_sc_hd__a32o_2)
                                         _09692_ (net)
                  0.09    0.00   10.02 v _23912_/D (sky130_fd_sc_hd__or4_1)
     2    0.01    0.11    0.44   10.46 v _23912_/X (sky130_fd_sc_hd__or4_1)
                                         _09704_ (net)
                  0.11    0.00   10.46 v _23927_/A2 (sky130_fd_sc_hd__a311oi_1)
     1    0.00    0.24    0.29   10.75 ^ _23927_/Y (sky130_fd_sc_hd__a311oi_1)
                                         _09717_ (net)
                  0.24    0.00   10.75 ^ _23929_/A (sky130_fd_sc_hd__nor2_1)
     3    0.01    0.08    0.12   10.87 v _23929_/Y (sky130_fd_sc_hd__nor2_1)
                                         _09719_ (net)
                  0.08    0.00   10.87 v _23951_/A1 (sky130_fd_sc_hd__o211a_1)
     2    0.01    0.06    0.25   11.13 v _23951_/X (sky130_fd_sc_hd__o211a_1)
                                         _09737_ (net)
                  0.06    0.00   11.13 v _23953_/C (sky130_fd_sc_hd__nor4b_1)
     1    0.00    0.26    0.25   11.38 ^ _23953_/Y (sky130_fd_sc_hd__nor4b_1)
                                         _09739_ (net)
                  0.26    0.00   11.38 ^ _23958_/B1 (sky130_fd_sc_hd__a211oi_1)
     1    0.01    0.09    0.11   11.49 v _23958_/Y (sky130_fd_sc_hd__a211oi_1)
                                         _09744_ (net)
                  0.09    0.00   11.49 v _23959_/B (sky130_fd_sc_hd__xnor2_1)
     1    0.00    0.06    0.13   11.62 v _23959_/Y (sky130_fd_sc_hd__xnor2_1)
                                         hash.CA1.p3[31] (net)
                  0.06    0.00   11.62 v hash.p3_cap[31]$_DFF_P_/D (sky130_fd_sc_hd__dfxtp_2)
                                 11.62   data arrival time

                  0.00   10.00   10.00   clock core_clock (rise edge)
                          0.00   10.00   clock network delay (ideal)
                          0.00   10.00   clock reconvergence pessimism
                                 10.00 ^ hash.p3_cap[31]$_DFF_P_/CLK (sky130_fd_sc_hd__dfxtp_2)
                         -0.13    9.87   library setup time
                                  9.87   data required time
-----------------------------------------------------------------------------
                                  9.87   data required time
                                -11.62   data arrival time
-----------------------------------------------------------------------------
                                 -1.75   slack (VIOLATED)



==========================================================================
detailed place report_checks -unconstrained
--------------------------------------------------------------------------
Startpoint: hash.p2_cap[25]$_DFF_P_
            (rising edge-triggered flip-flop clocked by core_clock)
Endpoint: hash.p3_cap[31]$_DFF_P_
          (rising edge-triggered flip-flop clocked by core_clock)
Path Group: core_clock
Path Type: max

Fanout     Cap    Slew   Delay    Time   Description
-----------------------------------------------------------------------------
                  0.00    0.00    0.00   clock core_clock (rise edge)
                          0.00    0.00   clock network delay (ideal)
                  0.00    0.00    0.00 ^ hash.p2_cap[25]$_DFF_P_/CLK (sky130_fd_sc_hd__dfxtp_4)
     8    0.06    0.09    0.38    0.38 v hash.p2_cap[25]$_DFF_P_/Q (sky130_fd_sc_hd__dfxtp_4)
                                         hash.CA2.S1.X[25] (net)
                  0.09    0.00    0.38 v _15161_/A (sky130_fd_sc_hd__xnor2_1)
     1    0.01    0.25    0.26    0.64 ^ _15161_/Y (sky130_fd_sc_hd__xnor2_1)
                                         _04553_ (net)
                  0.25    0.00    0.64 ^ _15162_/B (sky130_fd_sc_hd__xnor2_2)
     1    0.02    0.31    0.20    0.84 ^ _15162_/Y (sky130_fd_sc_hd__xnor2_2)
                                         _13398_ (net)
                  0.31    0.00    0.85 ^ _27949_/B (sky130_fd_sc_hd__ha_1)
     3    0.01    0.12    0.26    1.11 ^ _27949_/COUT (sky130_fd_sc_hd__ha_1)
                                         _13399_ (net)
                  0.12    0.00    1.11 ^ _19178_/A (sky130_fd_sc_hd__inv_1)
     1    0.01    0.05    0.07    1.18 v _19178_/Y (sky130_fd_sc_hd__inv_1)
                                         _12254_ (net)
                  0.05    0.00    1.18 v _27652_/A (sky130_fd_sc_hd__fa_1)
     2    0.01    0.10    0.45    1.64 v _27652_/COUT (sky130_fd_sc_hd__fa_1)
                                         _12257_ (net)
                  0.10    0.00    1.64 v _15307_/A (sky130_fd_sc_hd__nor2b_1)
     1    0.00    0.10    0.14    1.77 ^ _15307_/Y (sky130_fd_sc_hd__nor2b_1)
                                         _04679_ (net)
                  0.10    0.00    1.77 ^ _15308_/A2 (sky130_fd_sc_hd__o21ai_1)
     2    0.01    0.07    0.09    1.86 v _15308_/Y (sky130_fd_sc_hd__o21ai_1)
                                         _04680_ (net)
                  0.07    0.00    1.86 v _15309_/A2 (sky130_fd_sc_hd__a21boi_0)
     2    0.01    0.26    0.26    2.12 ^ _15309_/Y (sky130_fd_sc_hd__a21boi_0)
                                         _04681_ (net)
                  0.26    0.00    2.12 ^ _15365_/A2 (sky130_fd_sc_hd__o21ai_1)
     2    0.01    0.10    0.14    2.26 v _15365_/Y (sky130_fd_sc_hd__o21ai_1)
                                         _04729_ (net)
                  0.10    0.00    2.26 v _15423_/A1 (sky130_fd_sc_hd__a21oi_2)
     3    0.02    0.27    0.28    2.54 ^ _15423_/Y (sky130_fd_sc_hd__a21oi_2)
                                         _04779_ (net)
                  0.27    0.00    2.54 ^ _15499_/A1 (sky130_fd_sc_hd__a21oi_4)
     3    0.02    0.10    0.13    2.68 v _15499_/Y (sky130_fd_sc_hd__a21oi_4)
                                         _04839_ (net)
                  0.10    0.00    2.68 v _15543_/A1 (sky130_fd_sc_hd__o22ai_4)
     3    0.02    0.22    0.25    2.93 ^ _15543_/Y (sky130_fd_sc_hd__o22ai_4)
                                         _04867_ (net)
                  0.22    0.00    2.93 ^ _15570_/A3 (sky130_fd_sc_hd__a31o_1)
     1    0.00    0.05    0.18    3.10 ^ _15570_/X (sky130_fd_sc_hd__a31o_1)
                                         _04886_ (net)
                  0.05    0.00    3.10 ^ _15571_/A2 (sky130_fd_sc_hd__a21o_1)
     2    0.01    0.08    0.14    3.25 ^ _15571_/X (sky130_fd_sc_hd__a21o_1)
                                         _04887_ (net)
                  0.08    0.00    3.25 ^ _15593_/A2 (sky130_fd_sc_hd__a21oi_1)
     2    0.01    0.07    0.09    3.34 v _15593_/Y (sky130_fd_sc_hd__a21oi_1)
                                         _04901_ (net)
                  0.07    0.00    3.34 v _15615_/A1 (sky130_fd_sc_hd__o211ai_1)
     1    0.01    0.20    0.22    3.56 ^ _15615_/Y (sky130_fd_sc_hd__o211ai_1)
                                         _04915_ (net)
                  0.20    0.00    3.56 ^ _15616_/A2 (sky130_fd_sc_hd__a21oi_2)
     2    0.01    0.08    0.12    3.68 v _15616_/Y (sky130_fd_sc_hd__a21oi_2)
                                         _04916_ (net)
                  0.08    0.00    3.68 v _20670_/B (sky130_fd_sc_hd__xnor2_1)
     2    0.01    0.09    0.16    3.84 v _20670_/Y (sky130_fd_sc_hd__xnor2_1)
                                         _13554_ (net)
                  0.09    0.00    3.84 v _28038_/B (sky130_fd_sc_hd__ha_1)
     2    0.01    0.08    0.31    4.16 ^ _28038_/SUM (sky130_fd_sc_hd__ha_1)
                                         _13667_ (net)
                  0.08    0.00    4.16 ^ _18447_/B (sky130_fd_sc_hd__nand2_1)
     2    0.00    0.05    0.07    4.22 v _18447_/Y (sky130_fd_sc_hd__nand2_1)
                                         _06857_ (net)
                  0.05    0.00    4.22 v _18448_/B (sky130_fd_sc_hd__nor2_1)
     2    0.01    0.27    0.22    4.45 ^ _18448_/Y (sky130_fd_sc_hd__nor2_1)
                                         _06858_ (net)
                  0.27    0.00    4.45 ^ _18451_/A2 (sky130_fd_sc_hd__a21o_1)
     1    0.01    0.11    0.21    4.66 ^ _18451_/X (sky130_fd_sc_hd__a21o_1)
                                         _06861_ (net)
                  0.11    0.00    4.66 ^ _18452_/B1 (sky130_fd_sc_hd__a21oi_4)
     4    0.02    0.10    0.06    4.72 v _18452_/Y (sky130_fd_sc_hd__a21oi_4)
                                         _06862_ (net)
                  0.10    0.00    4.72 v _18493_/A1 (sky130_fd_sc_hd__o21ai_0)
     2    0.01    0.22    0.23    4.95 ^ _18493_/Y (sky130_fd_sc_hd__o21ai_0)
                                         _06895_ (net)
                  0.22    0.00    4.95 ^ _18507_/A2 (sky130_fd_sc_hd__o21ai_0)
     1    0.01    0.10    0.14    5.10 v _18507_/Y (sky130_fd_sc_hd__o21ai_0)
                                         _06905_ (net)
                  0.10    0.00    5.10 v _18512_/A1 (sky130_fd_sc_hd__a221o_4)
     7    0.07    0.14    0.51    5.61 v _18512_/X (sky130_fd_sc_hd__a221o_4)
                                         _06910_ (net)
                  0.14    0.01    5.61 v _20769_/A (sky130_fd_sc_hd__xnor2_4)
     1    0.03    0.24    0.29    5.90 ^ _20769_/Y (sky130_fd_sc_hd__xnor2_4)
                                         _14058_ (net)
                  0.24    0.00    5.90 ^ _28174_/B (sky130_fd_sc_hd__ha_1)
     4    0.02    0.13    0.35    6.25 v _28174_/SUM (sky130_fd_sc_hd__ha_1)
                                         _14060_ (net)
                  0.13    0.00    6.25 v _18886_/A1 (sky130_fd_sc_hd__a21oi_1)
     1    0.01    0.24    0.25    6.49 ^ _18886_/Y (sky130_fd_sc_hd__a21oi_1)
                                         _07132_ (net)
                  0.24    0.00    6.49 ^ _18887_/B1 (sky130_fd_sc_hd__o21ai_4)
     2    0.02    0.10    0.13    6.63 v _18887_/Y (sky130_fd_sc_hd__o21ai_4)
                                         _07133_ (net)
                  0.10    0.00    6.63 v _18913_/A3 (sky130_fd_sc_hd__o31ai_4)
     3    0.02    0.34    0.32    6.95 ^ _18913_/Y (sky130_fd_sc_hd__o31ai_4)
                                         _07151_ (net)
                  0.34    0.00    6.95 ^ _18956_/A1 (sky130_fd_sc_hd__o21ai_4)
     5    0.04    0.12    0.16    7.11 v _18956_/Y (sky130_fd_sc_hd__o21ai_4)
                                         _07183_ (net)
                  0.12    0.00    7.12 v _18990_/A4 (sky130_fd_sc_hd__a41oi_4)
     4    0.02    0.27    0.33    7.45 ^ _18990_/Y (sky130_fd_sc_hd__a41oi_4)
                                         _07211_ (net)
                  0.27    0.00    7.45 ^ _18991_/A (sky130_fd_sc_hd__nor2b_1)
     1    0.00    0.06    0.07    7.52 v _18991_/Y (sky130_fd_sc_hd__nor2b_1)
                                         _07212_ (net)
                  0.06    0.00    7.52 v _18992_/A2 (sky130_fd_sc_hd__o21ai_0)
     1    0.00    0.14    0.15    7.67 ^ _18992_/Y (sky130_fd_sc_hd__o21ai_0)
                                         _07213_ (net)
                  0.14    0.00    7.67 ^ _18993_/B (sky130_fd_sc_hd__nand2b_1)
     2    0.01    0.08    0.11    7.78 v _18993_/Y (sky130_fd_sc_hd__nand2b_1)
                                         _07214_ (net)
                  0.08    0.00    7.78 v _19158_/A2 (sky130_fd_sc_hd__a21o_1)
     1    0.01    0.05    0.21    7.99 v _19158_/X (sky130_fd_sc_hd__a21o_1)
                                         _07345_ (net)
                  0.05    0.00    7.99 v _19159_/A2 (sky130_fd_sc_hd__a21oi_2)
     3    0.02    0.22    0.23    8.22 ^ _19159_/Y (sky130_fd_sc_hd__a21oi_2)
                                         _07346_ (net)
                  0.22    0.00    8.22 ^ _20453_/B (sky130_fd_sc_hd__xnor2_1)
     1    0.01    0.24    0.19    8.41 ^ _20453_/Y (sky130_fd_sc_hd__xnor2_1)
                                         _12754_ (net)
                  0.24    0.00    8.41 ^ _27765_/A (sky130_fd_sc_hd__fa_1)
     1    0.00    0.08    0.44    8.85 v _27765_/SUM (sky130_fd_sc_hd__fa_1)
                                         _12758_ (net)
                  0.08    0.00    8.85 v _28214_/B (sky130_fd_sc_hd__ha_1)
     4    0.01    0.10    0.34    9.19 v _28214_/SUM (sky130_fd_sc_hd__ha_1)
                                         _14179_ (net)
                  0.10    0.00    9.19 v _23889_/A1 (sky130_fd_sc_hd__o21a_1)
     1    0.00    0.04    0.21    9.40 v _23889_/X (sky130_fd_sc_hd__o21a_1)
                                         _09685_ (net)
                  0.04    0.00    9.40 v _23890_/A2 (sky130_fd_sc_hd__o211ai_2)
     3    0.01    0.21    0.20    9.60 ^ _23890_/Y (sky130_fd_sc_hd__o211ai_2)
                                         _09686_ (net)
                  0.21    0.00    9.60 ^ _23895_/A1 (sky130_fd_sc_hd__o21ai_1)
     2    0.01    0.09    0.12    9.73 v _23895_/Y (sky130_fd_sc_hd__o21ai_1)
                                         _09691_ (net)
                  0.09    0.00    9.73 v _23896_/B1 (sky130_fd_sc_hd__a32o_2)
     3    0.02    0.09    0.29   10.02 v _23896_/X (sky130_fd_sc_hd__a32o_2)
                                         _09692_ (net)
                  0.09    0.00   10.02 v _23912_/D (sky130_fd_sc_hd__or4_1)
     2    0.01    0.11    0.44   10.46 v _23912_/X (sky130_fd_sc_hd__or4_1)
                                         _09704_ (net)
                  0.11    0.00   10.46 v _23927_/A2 (sky130_fd_sc_hd__a311oi_1)
     1    0.00    0.24    0.29   10.75 ^ _23927_/Y (sky130_fd_sc_hd__a311oi_1)
                                         _09717_ (net)
                  0.24    0.00   10.75 ^ _23929_/A (sky130_fd_sc_hd__nor2_1)
     3    0.01    0.08    0.12   10.87 v _23929_/Y (sky130_fd_sc_hd__nor2_1)
                                         _09719_ (net)
                  0.08    0.00   10.87 v _23951_/A1 (sky130_fd_sc_hd__o211a_1)
     2    0.01    0.06    0.25   11.13 v _23951_/X (sky130_fd_sc_hd__o211a_1)
                                         _09737_ (net)
                  0.06    0.00   11.13 v _23953_/C (sky130_fd_sc_hd__nor4b_1)
     1    0.00    0.26    0.25   11.38 ^ _23953_/Y (sky130_fd_sc_hd__nor4b_1)
                                         _09739_ (net)
                  0.26    0.00   11.38 ^ _23958_/B1 (sky130_fd_sc_hd__a211oi_1)
     1    0.01    0.09    0.11   11.49 v _23958_/Y (sky130_fd_sc_hd__a211oi_1)
                                         _09744_ (net)
                  0.09    0.00   11.49 v _23959_/B (sky130_fd_sc_hd__xnor2_1)
     1    0.00    0.06    0.13   11.62 v _23959_/Y (sky130_fd_sc_hd__xnor2_1)
                                         hash.CA1.p3[31] (net)
                  0.06    0.00   11.62 v hash.p3_cap[31]$_DFF_P_/D (sky130_fd_sc_hd__dfxtp_2)
                                 11.62   data arrival time

                  0.00   10.00   10.00   clock core_clock (rise edge)
                          0.00   10.00   clock network delay (ideal)
                          0.00   10.00   clock reconvergence pessimism
                                 10.00 ^ hash.p3_cap[31]$_DFF_P_/CLK (sky130_fd_sc_hd__dfxtp_2)
                         -0.13    9.87   library setup time
                                  9.87   data required time
-----------------------------------------------------------------------------
                                  9.87   data required time
                                -11.62   data arrival time
-----------------------------------------------------------------------------
                                 -1.75   slack (VIOLATED)



==========================================================================
detailed place report_check_types -max_slew -max_cap -max_fanout -violators
--------------------------------------------------------------------------

==========================================================================
detailed place max_slew_check_slack
--------------------------------------------------------------------------
0.29150649905204773

==========================================================================
detailed place max_slew_check_limit
--------------------------------------------------------------------------
1.5

==========================================================================
detailed place max_slew_check_slack_limit
--------------------------------------------------------------------------
0.1943

==========================================================================
detailed place max_fanout_check_slack
--------------------------------------------------------------------------
1.0000000150474662e+30

==========================================================================
detailed place max_fanout_check_limit
--------------------------------------------------------------------------
1.0000000150474662e+30

==========================================================================
detailed place max_capacitance_check_slack
--------------------------------------------------------------------------
0.017862718552350998

==========================================================================
detailed place max_capacitance_check_limit
--------------------------------------------------------------------------
0.021067000925540924

==========================================================================
detailed place max_capacitance_check_slack_limit
--------------------------------------------------------------------------
0.8479

==========================================================================
detailed place max_slew_violation_count
--------------------------------------------------------------------------
max slew violation count 0

==========================================================================
detailed place max_fanout_violation_count
--------------------------------------------------------------------------
max fanout violation count 0

==========================================================================
detailed place max_cap_violation_count
--------------------------------------------------------------------------
max cap violation count 0

==========================================================================
detailed place setup_violation_count
--------------------------------------------------------------------------
setup violation count 47

==========================================================================
detailed place hold_violation_count
--------------------------------------------------------------------------
hold violation count 0

==========================================================================
detailed place report_checks -path_delay max reg to reg
--------------------------------------------------------------------------
Startpoint: hash.p2_cap[25]$_DFF_P_
            (rising edge-triggered flip-flop clocked by core_clock)
Endpoint: hash.p3_cap[31]$_DFF_P_
          (rising edge-triggered flip-flop clocked by core_clock)
Path Group: core_clock
Path Type: max

  Delay    Time   Description
---------------------------------------------------------
   0.00    0.00   clock core_clock (rise edge)
   0.00    0.00   clock network delay (ideal)
   0.00    0.00 ^ hash.p2_cap[25]$_DFF_P_/CLK (sky130_fd_sc_hd__dfxtp_4)
   0.38    0.38 v hash.p2_cap[25]$_DFF_P_/Q (sky130_fd_sc_hd__dfxtp_4)
   0.26    0.64 ^ _15161_/Y (sky130_fd_sc_hd__xnor2_1)
   0.20    0.84 ^ _15162_/Y (sky130_fd_sc_hd__xnor2_2)
   0.26    1.11 ^ _27949_/COUT (sky130_fd_sc_hd__ha_1)
   0.07    1.18 v _19178_/Y (sky130_fd_sc_hd__inv_1)
   0.45    1.64 v _27652_/COUT (sky130_fd_sc_hd__fa_1)
   0.14    1.77 ^ _15307_/Y (sky130_fd_sc_hd__nor2b_1)
   0.09    1.86 v _15308_/Y (sky130_fd_sc_hd__o21ai_1)
   0.26    2.12 ^ _15309_/Y (sky130_fd_sc_hd__a21boi_0)
   0.14    2.26 v _15365_/Y (sky130_fd_sc_hd__o21ai_1)
   0.28    2.54 ^ _15423_/Y (sky130_fd_sc_hd__a21oi_2)
   0.13    2.68 v _15499_/Y (sky130_fd_sc_hd__a21oi_4)
   0.25    2.93 ^ _15543_/Y (sky130_fd_sc_hd__o22ai_4)
   0.18    3.10 ^ _15570_/X (sky130_fd_sc_hd__a31o_1)
   0.14    3.25 ^ _15571_/X (sky130_fd_sc_hd__a21o_1)
   0.09    3.34 v _15593_/Y (sky130_fd_sc_hd__a21oi_1)
   0.22    3.56 ^ _15615_/Y (sky130_fd_sc_hd__o211ai_1)
   0.12    3.68 v _15616_/Y (sky130_fd_sc_hd__a21oi_2)
   0.16    3.84 v _20670_/Y (sky130_fd_sc_hd__xnor2_1)
   0.31    4.16 ^ _28038_/SUM (sky130_fd_sc_hd__ha_1)
   0.07    4.22 v _18447_/Y (sky130_fd_sc_hd__nand2_1)
   0.22    4.45 ^ _18448_/Y (sky130_fd_sc_hd__nor2_1)
   0.21    4.66 ^ _18451_/X (sky130_fd_sc_hd__a21o_1)
   0.06    4.72 v _18452_/Y (sky130_fd_sc_hd__a21oi_4)
   0.23    4.95 ^ _18493_/Y (sky130_fd_sc_hd__o21ai_0)
   0.14    5.10 v _18507_/Y (sky130_fd_sc_hd__o21ai_0)
   0.51    5.61 v _18512_/X (sky130_fd_sc_hd__a221o_4)
   0.29    5.90 ^ _20769_/Y (sky130_fd_sc_hd__xnor2_4)
   0.35    6.25 v _28174_/SUM (sky130_fd_sc_hd__ha_1)
   0.25    6.49 ^ _18886_/Y (sky130_fd_sc_hd__a21oi_1)
   0.13    6.63 v _18887_/Y (sky130_fd_sc_hd__o21ai_4)
   0.32    6.95 ^ _18913_/Y (sky130_fd_sc_hd__o31ai_4)
   0.16    7.11 v _18956_/Y (sky130_fd_sc_hd__o21ai_4)
   0.34    7.45 ^ _18990_/Y (sky130_fd_sc_hd__a41oi_4)
   0.07    7.52 v _18991_/Y (sky130_fd_sc_hd__nor2b_1)
   0.15    7.67 ^ _18992_/Y (sky130_fd_sc_hd__o21ai_0)
   0.11    7.78 v _18993_/Y (sky130_fd_sc_hd__nand2b_1)
   0.21    7.99 v _19158_/X (sky130_fd_sc_hd__a21o_1)
   0.23    8.22 ^ _19159_/Y (sky130_fd_sc_hd__a21oi_2)
   0.19    8.41 ^ _20453_/Y (sky130_fd_sc_hd__xnor2_1)
   0.44    8.85 v _27765_/SUM (sky130_fd_sc_hd__fa_1)
   0.34    9.19 v _28214_/SUM (sky130_fd_sc_hd__ha_1)
   0.21    9.40 v _23889_/X (sky130_fd_sc_hd__o21a_1)
   0.20    9.60 ^ _23890_/Y (sky130_fd_sc_hd__o211ai_2)
   0.12    9.73 v _23895_/Y (sky130_fd_sc_hd__o21ai_1)
   0.29   10.02 v _23896_/X (sky130_fd_sc_hd__a32o_2)
   0.44   10.46 v _23912_/X (sky130_fd_sc_hd__or4_1)
   0.29   10.75 ^ _23927_/Y (sky130_fd_sc_hd__a311oi_1)
   0.12   10.87 v _23929_/Y (sky130_fd_sc_hd__nor2_1)
   0.25   11.13 v _23951_/X (sky130_fd_sc_hd__o211a_1)
   0.25   11.38 ^ _23953_/Y (sky130_fd_sc_hd__nor4b_1)
   0.11   11.49 v _23958_/Y (sky130_fd_sc_hd__a211oi_1)
   0.13   11.62 v _23959_/Y (sky130_fd_sc_hd__xnor2_1)
   0.00   11.62 v hash.p3_cap[31]$_DFF_P_/D (sky130_fd_sc_hd__dfxtp_2)
          11.62   data arrival time

  10.00   10.00   clock core_clock (rise edge)
   0.00   10.00   clock network delay (ideal)
   0.00   10.00   clock reconvergence pessimism
          10.00 ^ hash.p3_cap[31]$_DFF_P_/CLK (sky130_fd_sc_hd__dfxtp_2)
  -0.13    9.87   library setup time
           9.87   data required time
---------------------------------------------------------
           9.87   data required time
         -11.62   data arrival time
---------------------------------------------------------
          -1.75   slack (VIOLATED)



==========================================================================
detailed place report_checks -path_delay min reg to reg
--------------------------------------------------------------------------
Startpoint: ready_dash$_SDFF_PP0_
            (rising edge-triggered flip-flop clocked by core_clock)
Endpoint: ready$_DFF_P_ (rising edge-triggered flip-flop clocked by core_clock)
Path Group: core_clock
Path Type: min

  Delay    Time   Description
---------------------------------------------------------
   0.00    0.00   clock core_clock (rise edge)
   0.00    0.00   clock network delay (ideal)
   0.00    0.00 ^ ready_dash$_SDFF_PP0_/CLK (sky130_fd_sc_hd__dfxtp_1)
   0.28    0.28 v ready_dash$_SDFF_PP0_/Q (sky130_fd_sc_hd__dfxtp_1)
   0.00    0.28 v ready$_DFF_P_/D (sky130_fd_sc_hd__dfxtp_4)
           0.28   data arrival time

   0.00    0.00   clock core_clock (rise edge)
   0.00    0.00   clock network delay (ideal)
   0.00    0.00   clock reconvergence pessimism
           0.00 ^ ready$_DFF_P_/CLK (sky130_fd_sc_hd__dfxtp_4)
  -0.05   -0.05   library hold time
          -0.05   data required time
---------------------------------------------------------
          -0.05   data required time
          -0.28   data arrival time
---------------------------------------------------------
           0.33   slack (MET)



==========================================================================
detailed place critical path target clock latency max path
--------------------------------------------------------------------------
0.0000

==========================================================================
detailed place critical path target clock latency min path
--------------------------------------------------------------------------
0.0000

==========================================================================
detailed place critical path source clock latency min path
--------------------------------------------------------------------------
0.0000

==========================================================================
detailed place critical path delay
--------------------------------------------------------------------------
11.6231

==========================================================================
detailed place critical path slack
--------------------------------------------------------------------------
-1.7531

==========================================================================
detailed place slack div critical path delay
--------------------------------------------------------------------------
-15.082895

==========================================================================
detailed place report_power
--------------------------------------------------------------------------
Group                  Internal  Switching    Leakage      Total
                          Power      Power      Power      Power (Watts)
----------------------------------------------------------------
Sequential             2.42e-02   2.54e-03   2.77e-08   2.68e-02   5.1%
Combinational          2.02e-01   2.92e-01   6.98e-08   4.94e-01  94.9%
Clock                  0.00e+00   0.00e+00   0.00e+00   0.00e+00   0.0%
Macro                  0.00e+00   0.00e+00   0.00e+00   0.00e+00   0.0%
Pad                    0.00e+00   0.00e+00   0.00e+00   0.00e+00   0.0%
----------------------------------------------------------------
Total                  2.26e-01   2.95e-01   9.74e-08   5.21e-01 100.0%
                          43.4%      56.6%       0.0%
