
==========================================================================
finish report_tns
--------------------------------------------------------------------------
tns -3.53

==========================================================================
finish report_wns
--------------------------------------------------------------------------
wns -0.83

==========================================================================
finish report_worst_slack
--------------------------------------------------------------------------
worst slack -0.83

==========================================================================
finish report_clock_skew
--------------------------------------------------------------------------
Clock core_clock
   1.01 source latency w[1][18]$_DFFE_PP_/CLK ^
  -1.08 target latency w[30][16]$_SDFFCE_PN0P_/CLK ^
   0.00 CRPR
--------------
  -0.07 setup skew


==========================================================================
finish report_checks -path_delay min
--------------------------------------------------------------------------
Startpoint: ready_dash$_SDFF_PP0_
            (rising edge-triggered flip-flop clocked by core_clock)
Endpoint: ready$_DFF_P_ (rising edge-triggered flip-flop clocked by core_clock)
Path Group: core_clock
Path Type: min

Fanout     Cap    Slew   Delay    Time   Description
-----------------------------------------------------------------------------
                          0.00    0.00   clock core_clock (rise edge)
                          0.00    0.00   clock source latency
     2    0.13    0.00    0.00    0.00 ^ clk (in)
                                         clk (net)
                  0.02    0.01    0.01 ^ clkbuf_0_clk/A (sky130_fd_sc_hd__clkbuf_16)
     4    0.21    0.22    0.25    0.26 ^ clkbuf_0_clk/X (sky130_fd_sc_hd__clkbuf_16)
                                         clknet_0_clk (net)
                  0.22    0.01    0.27 ^ clkbuf_2_2_0_clk/A (sky130_fd_sc_hd__clkbuf_16)
     8    0.20    0.21    0.30    0.57 ^ clkbuf_2_2_0_clk/X (sky130_fd_sc_hd__clkbuf_16)
                                         clknet_2_2_0_clk (net)
                  0.21    0.01    0.58 ^ clkbuf_5_22__f_clk/A (sky130_fd_sc_hd__clkbuf_16)
    11    0.16    0.17    0.28    0.86 ^ clkbuf_5_22__f_clk/X (sky130_fd_sc_hd__clkbuf_16)
                                         clknet_5_22__leaf_clk (net)
                  0.17    0.00    0.86 ^ clkbuf_leaf_190_clk/A (sky130_fd_sc_hd__clkbuf_16)
     9    0.04    0.06    0.18    1.05 ^ clkbuf_leaf_190_clk/X (sky130_fd_sc_hd__clkbuf_16)
                                         clknet_leaf_190_clk (net)
                  0.06    0.00    1.05 ^ ready_dash$_SDFF_PP0_/CLK (sky130_fd_sc_hd__dfxtp_1)
     1    0.00    0.03    0.30    1.35 v ready_dash$_SDFF_PP0_/Q (sky130_fd_sc_hd__dfxtp_1)
                                         ready_dash (net)
                  0.03    0.00    1.35 v ready$_DFF_P_/D (sky130_fd_sc_hd__dfxtp_4)
                                  1.35   data arrival time

                          0.00    0.00   clock core_clock (rise edge)
                          0.00    0.00   clock source latency
     2    0.13    0.00    0.00    0.00 ^ clk (in)
                                         clk (net)
                  0.02    0.01    0.01 ^ clkbuf_0_clk/A (sky130_fd_sc_hd__clkbuf_16)
     4    0.21    0.22    0.25    0.26 ^ clkbuf_0_clk/X (sky130_fd_sc_hd__clkbuf_16)
                                         clknet_0_clk (net)
                  0.22    0.01    0.27 ^ clkbuf_2_2_0_clk/A (sky130_fd_sc_hd__clkbuf_16)
     8    0.20    0.21    0.30    0.57 ^ clkbuf_2_2_0_clk/X (sky130_fd_sc_hd__clkbuf_16)
                                         clknet_2_2_0_clk (net)
                  0.21    0.01    0.58 ^ clkbuf_5_22__f_clk/A (sky130_fd_sc_hd__clkbuf_16)
    11    0.16    0.17    0.28    0.86 ^ clkbuf_5_22__f_clk/X (sky130_fd_sc_hd__clkbuf_16)
                                         clknet_5_22__leaf_clk (net)
                  0.17    0.00    0.86 ^ clkbuf_leaf_194_clk/A (sky130_fd_sc_hd__clkbuf_16)
    10    0.03    0.05    0.18    1.04 ^ clkbuf_leaf_194_clk/X (sky130_fd_sc_hd__clkbuf_16)
                                         clknet_leaf_194_clk (net)
                  0.05    0.00    1.04 ^ ready$_DFF_P_/CLK (sky130_fd_sc_hd__dfxtp_4)
                          0.00    1.04   clock reconvergence pessimism
                         -0.04    1.01   library hold time
                                  1.01   data required time
-----------------------------------------------------------------------------
                                  1.01   data required time
                                 -1.35   data arrival time
-----------------------------------------------------------------------------
                                  0.34   slack (MET)



==========================================================================
finish report_checks -path_delay max
--------------------------------------------------------------------------
Startpoint: hash.p2_cap[25]$_DFF_P_
            (rising edge-triggered flip-flop clocked by core_clock)
Endpoint: hash.p3_cap[31]$_DFF_P_
          (rising edge-triggered flip-flop clocked by core_clock)
Path Group: core_clock
Path Type: max

Fanout     Cap    Slew   Delay    Time   Description
-----------------------------------------------------------------------------
                          0.00    0.00   clock core_clock (rise edge)
                          0.00    0.00   clock source latency
     2    0.13    0.00    0.00    0.00 ^ clk (in)
                                         clk (net)
                  0.02    0.01    0.01 ^ clkbuf_0_clk/A (sky130_fd_sc_hd__clkbuf_16)
     4    0.21    0.22    0.25    0.26 ^ clkbuf_0_clk/X (sky130_fd_sc_hd__clkbuf_16)
                                         clknet_0_clk (net)
                  0.22    0.01    0.27 ^ clkbuf_2_3_0_clk/A (sky130_fd_sc_hd__clkbuf_16)
     8    0.18    0.19    0.30    0.56 ^ clkbuf_2_3_0_clk/X (sky130_fd_sc_hd__clkbuf_16)
                                         clknet_2_3_0_clk (net)
                  0.19    0.01    0.57 ^ clkbuf_5_27__f_clk/A (sky130_fd_sc_hd__clkbuf_16)
    11    0.15    0.17    0.27    0.84 ^ clkbuf_5_27__f_clk/X (sky130_fd_sc_hd__clkbuf_16)
                                         clknet_5_27__leaf_clk (net)
                  0.17    0.00    0.85 ^ clkbuf_leaf_140_clk/A (sky130_fd_sc_hd__clkbuf_16)
     9    0.04    0.06    0.18    1.03 ^ clkbuf_leaf_140_clk/X (sky130_fd_sc_hd__clkbuf_16)
                                         clknet_leaf_140_clk (net)
                  0.06    0.00    1.03 ^ hash.p2_cap[25]$_DFF_P_/CLK (sky130_fd_sc_hd__dfxtp_4)
     5    0.03    0.06    0.37    1.40 v hash.p2_cap[25]$_DFF_P_/Q (sky130_fd_sc_hd__dfxtp_4)
                                         hash.CA2.S1.X[25] (net)
                  0.06    0.00    1.40 v rebuffer1/A (sky130_fd_sc_hd__buf_8)
     3    0.04    0.05    0.14    1.54 v rebuffer1/X (sky130_fd_sc_hd__buf_8)
                                         net1111 (net)
                  0.05    0.01    1.55 v _15161_/B (sky130_fd_sc_hd__xnor2_4)
     1    0.02    0.07    0.14    1.69 v _15161_/Y (sky130_fd_sc_hd__xnor2_4)
                                         _04553_ (net)
                  0.07    0.00    1.69 v _15162_/B (sky130_fd_sc_hd__xnor2_4)
     1    0.03    0.24    0.23    1.92 ^ _15162_/Y (sky130_fd_sc_hd__xnor2_4)
                                         _13398_ (net)
                  0.24    0.00    1.92 ^ _27949_/B (sky130_fd_sc_hd__ha_4)
     3    0.01    0.05    0.18    2.10 ^ _27949_/COUT (sky130_fd_sc_hd__ha_4)
                                         _13399_ (net)
                  0.05    0.00    2.10 ^ _19178_/A (sky130_fd_sc_hd__inv_2)
     1    0.01    0.02    0.04    2.14 v _19178_/Y (sky130_fd_sc_hd__inv_2)
                                         _12254_ (net)
                  0.02    0.00    2.14 v _27652_/CIN (sky130_fd_sc_hd__fa_2)
     2    0.01    0.08    0.34    2.48 v _27652_/COUT (sky130_fd_sc_hd__fa_2)
                                         _12257_ (net)
                  0.08    0.00    2.48 v _15307_/A (sky130_fd_sc_hd__nor2b_2)
     1    0.01    0.09    0.13    2.61 ^ _15307_/Y (sky130_fd_sc_hd__nor2b_2)
                                         _04679_ (net)
                  0.09    0.00    2.61 ^ _15308_/A1 (sky130_fd_sc_hd__o21ai_2)
     2    0.01    0.06    0.08    2.69 v _15308_/Y (sky130_fd_sc_hd__o21ai_2)
                                         _04680_ (net)
                  0.06    0.00    2.69 v _15309_/A2 (sky130_fd_sc_hd__a21boi_2)
     2    0.01    0.14    0.18    2.87 ^ _15309_/Y (sky130_fd_sc_hd__a21boi_2)
                                         _04681_ (net)
                  0.14    0.00    2.87 ^ _15365_/A2 (sky130_fd_sc_hd__o21ai_2)
     2    0.01    0.07    0.10    2.97 v _15365_/Y (sky130_fd_sc_hd__o21ai_2)
                                         _04729_ (net)
                  0.07    0.00    2.97 v _15423_/A1 (sky130_fd_sc_hd__a21oi_4)
     3    0.02    0.17    0.19    3.16 ^ _15423_/Y (sky130_fd_sc_hd__a21oi_4)
                                         _04779_ (net)
                  0.17    0.00    3.16 ^ _15499_/A1 (sky130_fd_sc_hd__a21oi_4)
     3    0.03    0.08    0.11    3.26 v _15499_/Y (sky130_fd_sc_hd__a21oi_4)
                                         _04839_ (net)
                  0.08    0.00    3.27 v _15543_/A1 (sky130_fd_sc_hd__o22ai_4)
     3    0.02    0.22    0.24    3.51 ^ _15543_/Y (sky130_fd_sc_hd__o22ai_4)
                                         _04867_ (net)
                  0.22    0.00    3.51 ^ _15570_/A3 (sky130_fd_sc_hd__a31o_1)
     1    0.00    0.05    0.17    3.68 ^ _15570_/X (sky130_fd_sc_hd__a31o_1)
                                         _04886_ (net)
                  0.05    0.00    3.68 ^ _15571_/A1 (sky130_fd_sc_hd__a21o_1)
     2    0.01    0.11    0.15    3.84 ^ _15571_/X (sky130_fd_sc_hd__a21o_1)
                                         _04887_ (net)
                  0.11    0.00    3.84 ^ _15593_/A1 (sky130_fd_sc_hd__a21oi_2)
     2    0.01    0.05    0.08    3.91 v _15593_/Y (sky130_fd_sc_hd__a21oi_2)
                                         _04901_ (net)
                  0.05    0.00    3.91 v _15615_/A1 (sky130_fd_sc_hd__o211ai_2)
     1    0.01    0.19    0.21    4.12 ^ _15615_/Y (sky130_fd_sc_hd__o211ai_2)
                                         _04915_ (net)
                  0.19    0.00    4.12 ^ _15616_/A2 (sky130_fd_sc_hd__a21oi_4)
     2    0.02    0.09    0.10    4.22 v _15616_/Y (sky130_fd_sc_hd__a21oi_4)
                                         _04916_ (net)
                  0.09    0.00    4.23 v _20670_/B (sky130_fd_sc_hd__xnor2_2)
     2    0.01    0.09    0.18    4.40 v _20670_/Y (sky130_fd_sc_hd__xnor2_2)
                                         _13554_ (net)
                  0.09    0.00    4.40 v _28038_/A (sky130_fd_sc_hd__ha_1)
     2    0.01    0.10    0.34    4.74 ^ _28038_/SUM (sky130_fd_sc_hd__ha_1)
                                         _13667_ (net)
                  0.10    0.00    4.74 ^ _18447_/A (sky130_fd_sc_hd__nand2_2)
     2    0.02    0.08    0.09    4.84 v _18447_/Y (sky130_fd_sc_hd__nand2_2)
                                         _06857_ (net)
                  0.08    0.00    4.84 v _18448_/A (sky130_fd_sc_hd__nor2_4)
     2    0.02    0.12    0.15    4.99 ^ _18448_/Y (sky130_fd_sc_hd__nor2_4)
                                         _06858_ (net)
                  0.12    0.00    4.99 ^ _18451_/A1 (sky130_fd_sc_hd__a21o_1)
     1    0.01    0.10    0.17    5.16 ^ _18451_/X (sky130_fd_sc_hd__a21o_1)
                                         _06861_ (net)
                  0.10    0.00    5.16 ^ _18452_/B1 (sky130_fd_sc_hd__a21oi_4)
     4    0.03    0.09    0.07    5.22 v _18452_/Y (sky130_fd_sc_hd__a21oi_4)
                                         _06862_ (net)
                  0.09    0.00    5.22 v rebuffer8/A (sky130_fd_sc_hd__buf_6)
     1    0.01    0.02    0.14    5.36 v rebuffer8/X (sky130_fd_sc_hd__buf_6)
                                         net1005 (net)
                  0.02    0.00    5.36 v _18474_/A2 (sky130_fd_sc_hd__o21ai_4)
     2    0.02    0.22    0.20    5.56 ^ _18474_/Y (sky130_fd_sc_hd__o21ai_4)
                                         _06880_ (net)
                  0.22    0.00    5.56 ^ _18487_/A3 (sky130_fd_sc_hd__a311oi_2)
     2    0.01    0.11    0.15    5.71 v _18487_/Y (sky130_fd_sc_hd__a311oi_2)
                                         _06889_ (net)
                  0.11    0.00    5.71 v _18494_/B (sky130_fd_sc_hd__or3_4)
     5    0.07    0.15    0.50    6.21 v _18494_/X (sky130_fd_sc_hd__or3_4)
                                         _06896_ (net)
                  0.15    0.01    6.23 v _20764_/A (sky130_fd_sc_hd__xnor2_4)
     1    0.02    0.19    0.25    6.48 ^ _20764_/Y (sky130_fd_sc_hd__xnor2_4)
                                         _14041_ (net)
                  0.19    0.00    6.48 ^ _28168_/B (sky130_fd_sc_hd__ha_4)
     4    0.03    0.06    0.25    6.73 v _28168_/SUM (sky130_fd_sc_hd__ha_4)
                                         _14043_ (net)
                  0.06    0.00    6.73 v _18885_/A1 (sky130_fd_sc_hd__o211ai_4)
     1    0.01    0.17    0.20    6.94 ^ _18885_/Y (sky130_fd_sc_hd__o211ai_4)
                                         _07131_ (net)
                  0.17    0.00    6.94 ^ _18887_/A2 (sky130_fd_sc_hd__o21ai_4)
     2    0.02    0.09    0.10    7.04 v _18887_/Y (sky130_fd_sc_hd__o21ai_4)
                                         _07133_ (net)
                  0.09    0.00    7.04 v _18913_/A3 (sky130_fd_sc_hd__o31ai_4)
     3    0.03    0.36    0.33    7.37 ^ _18913_/Y (sky130_fd_sc_hd__o31ai_4)
                                         _07151_ (net)
                  0.36    0.00    7.37 ^ _18956_/A1 (sky130_fd_sc_hd__o21ai_4)
     5    0.04    0.13    0.17    7.54 v _18956_/Y (sky130_fd_sc_hd__o21ai_4)
                                         _07183_ (net)
                  0.13    0.00    7.55 v _18990_/A2 (sky130_fd_sc_hd__a41oi_4)
     4    0.02    0.26    0.28    7.83 ^ _18990_/Y (sky130_fd_sc_hd__a41oi_4)
                                         _07211_ (net)
                  0.26    0.00    7.83 ^ _18991_/A (sky130_fd_sc_hd__nor2b_1)
     1    0.00    0.06    0.08    7.90 v _18991_/Y (sky130_fd_sc_hd__nor2b_1)
                                         _07212_ (net)
                  0.06    0.00    7.90 v _18992_/A2 (sky130_fd_sc_hd__o21ai_1)
     1    0.00    0.10    0.12    8.02 ^ _18992_/Y (sky130_fd_sc_hd__o21ai_1)
                                         _07213_ (net)
                  0.10    0.00    8.02 ^ _18993_/B (sky130_fd_sc_hd__nand2b_1)
     2    0.01    0.10    0.11    8.14 v _18993_/Y (sky130_fd_sc_hd__nand2b_1)
                                         _07214_ (net)
                  0.10    0.00    8.14 v _19158_/A1 (sky130_fd_sc_hd__a21o_1)
     1    0.01    0.07    0.21    8.34 v _19158_/X (sky130_fd_sc_hd__a21o_1)
                                         _07345_ (net)
                  0.07    0.00    8.34 v _19159_/A2 (sky130_fd_sc_hd__a21oi_4)
     3    0.02    0.17    0.21    8.55 ^ _19159_/Y (sky130_fd_sc_hd__a21oi_4)
                                         _07346_ (net)
                  0.17    0.00    8.55 ^ _20453_/B (sky130_fd_sc_hd__xnor2_2)
     1    0.01    0.16    0.15    8.70 ^ _20453_/Y (sky130_fd_sc_hd__xnor2_2)
                                         _12754_ (net)
                  0.16    0.00    8.70 ^ _27765_/CIN (sky130_fd_sc_hd__fa_1)
     1    0.01    0.11    0.47    9.17 v _27765_/SUM (sky130_fd_sc_hd__fa_1)
                                         _12758_ (net)
                  0.11    0.00    9.17 v _28214_/B (sky130_fd_sc_hd__ha_4)
     4    0.02    0.05    0.26    9.43 v _28214_/SUM (sky130_fd_sc_hd__ha_4)
                                         _14179_ (net)
                  0.05    0.00    9.43 v _23889_/A1 (sky130_fd_sc_hd__o21a_1)
     1    0.01    0.06    0.21    9.64 v _23889_/X (sky130_fd_sc_hd__o21a_1)
                                         _09685_ (net)
                  0.06    0.00    9.64 v _23890_/A2 (sky130_fd_sc_hd__o211ai_4)
     3    0.02    0.21    0.21    9.86 ^ _23890_/Y (sky130_fd_sc_hd__o211ai_4)
                                         _09686_ (net)
                  0.21    0.00    9.86 ^ _23892_/B (sky130_fd_sc_hd__nor3_2)
     1    0.00    0.05    0.07    9.93 v _23892_/Y (sky130_fd_sc_hd__nor3_2)
                                         _09688_ (net)
                  0.05    0.00    9.93 v _23896_/A3 (sky130_fd_sc_hd__a32o_2)
     3    0.03    0.10    0.33   10.26 v _23896_/X (sky130_fd_sc_hd__a32o_2)
                                         _09692_ (net)
                  0.10    0.00   10.26 v _23912_/D (sky130_fd_sc_hd__or4_4)
     2    0.01    0.09    0.44   10.70 v _23912_/X (sky130_fd_sc_hd__or4_4)
                                         _09704_ (net)
                  0.09    0.00   10.70 v _23927_/A2 (sky130_fd_sc_hd__a311oi_2)
     1    0.01    0.23    0.28   10.98 ^ _23927_/Y (sky130_fd_sc_hd__a311oi_2)
                                         _09717_ (net)
                  0.23    0.00   10.98 ^ _23929_/B (sky130_fd_sc_hd__nor2_2)
     3    0.01    0.06    0.08   11.06 v _23929_/Y (sky130_fd_sc_hd__nor2_2)
                                         _09719_ (net)
                  0.06    0.00   11.06 v _23951_/A1 (sky130_fd_sc_hd__o211a_1)
     2    0.01    0.08    0.27   11.33 v _23951_/X (sky130_fd_sc_hd__o211a_1)
                                         _09737_ (net)
                  0.08    0.00   11.33 v _23953_/C (sky130_fd_sc_hd__nor4b_2)
     1    0.01    0.23    0.24   11.57 ^ _23953_/Y (sky130_fd_sc_hd__nor4b_2)
                                         _09739_ (net)
                  0.23    0.00   11.57 ^ _23958_/C1 (sky130_fd_sc_hd__a211oi_2)
     1    0.01    0.07    0.07   11.64 v _23958_/Y (sky130_fd_sc_hd__a211oi_2)
                                         _09744_ (net)
                  0.07    0.00   11.64 v _23959_/B (sky130_fd_sc_hd__xnor2_1)
     1    0.00    0.06    0.12   11.76 v _23959_/Y (sky130_fd_sc_hd__xnor2_1)
                                         hash.CA1.p3[31] (net)
                  0.06    0.00   11.76 v hash.p3_cap[31]$_DFF_P_/D (sky130_fd_sc_hd__dfxtp_2)
                                 11.76   data arrival time

                         10.00   10.00   clock core_clock (rise edge)
                          0.00   10.00   clock source latency
     2    0.13    0.00    0.00   10.00 ^ clk (in)
                                         clk (net)
                  0.02    0.01   10.01 ^ clkbuf_0_clk/A (sky130_fd_sc_hd__clkbuf_16)
     4    0.21    0.22    0.25   10.26 ^ clkbuf_0_clk/X (sky130_fd_sc_hd__clkbuf_16)
                                         clknet_0_clk (net)
                  0.22    0.01   10.27 ^ clkbuf_2_3_0_clk/A (sky130_fd_sc_hd__clkbuf_16)
     8    0.18    0.19    0.30   10.56 ^ clkbuf_2_3_0_clk/X (sky130_fd_sc_hd__clkbuf_16)
                                         clknet_2_3_0_clk (net)
                  0.19    0.01   10.57 ^ clkbuf_5_26__f_clk/A (sky130_fd_sc_hd__clkbuf_16)
    11    0.17    0.18    0.28   10.85 ^ clkbuf_5_26__f_clk/X (sky130_fd_sc_hd__clkbuf_16)
                                         clknet_5_26__leaf_clk (net)
                  0.18    0.00   10.86 ^ clkbuf_leaf_137_clk/A (sky130_fd_sc_hd__clkbuf_16)
    12    0.04    0.06    0.19   11.04 ^ clkbuf_leaf_137_clk/X (sky130_fd_sc_hd__clkbuf_16)
                                         clknet_leaf_137_clk (net)
                  0.06    0.00   11.04 ^ hash.p3_cap[31]$_DFF_P_/CLK (sky130_fd_sc_hd__dfxtp_2)
                          0.00   11.04   clock reconvergence pessimism
                         -0.12   10.93   library setup time
                                 10.93   data required time
-----------------------------------------------------------------------------
                                 10.93   data required time
                                -11.76   data arrival time
-----------------------------------------------------------------------------
                                 -0.83   slack (VIOLATED)



==========================================================================
finish report_checks -unconstrained
--------------------------------------------------------------------------
Startpoint: hash.p2_cap[25]$_DFF_P_
            (rising edge-triggered flip-flop clocked by core_clock)
Endpoint: hash.p3_cap[31]$_DFF_P_
          (rising edge-triggered flip-flop clocked by core_clock)
Path Group: core_clock
Path Type: max

Fanout     Cap    Slew   Delay    Time   Description
-----------------------------------------------------------------------------
                          0.00    0.00   clock core_clock (rise edge)
                          0.00    0.00   clock source latency
     2    0.13    0.00    0.00    0.00 ^ clk (in)
                                         clk (net)
                  0.02    0.01    0.01 ^ clkbuf_0_clk/A (sky130_fd_sc_hd__clkbuf_16)
     4    0.21    0.22    0.25    0.26 ^ clkbuf_0_clk/X (sky130_fd_sc_hd__clkbuf_16)
                                         clknet_0_clk (net)
                  0.22    0.01    0.27 ^ clkbuf_2_3_0_clk/A (sky130_fd_sc_hd__clkbuf_16)
     8    0.18    0.19    0.30    0.56 ^ clkbuf_2_3_0_clk/X (sky130_fd_sc_hd__clkbuf_16)
                                         clknet_2_3_0_clk (net)
                  0.19    0.01    0.57 ^ clkbuf_5_27__f_clk/A (sky130_fd_sc_hd__clkbuf_16)
    11    0.15    0.17    0.27    0.84 ^ clkbuf_5_27__f_clk/X (sky130_fd_sc_hd__clkbuf_16)
                                         clknet_5_27__leaf_clk (net)
                  0.17    0.00    0.85 ^ clkbuf_leaf_140_clk/A (sky130_fd_sc_hd__clkbuf_16)
     9    0.04    0.06    0.18    1.03 ^ clkbuf_leaf_140_clk/X (sky130_fd_sc_hd__clkbuf_16)
                                         clknet_leaf_140_clk (net)
                  0.06    0.00    1.03 ^ hash.p2_cap[25]$_DFF_P_/CLK (sky130_fd_sc_hd__dfxtp_4)
     5    0.03    0.06    0.37    1.40 v hash.p2_cap[25]$_DFF_P_/Q (sky130_fd_sc_hd__dfxtp_4)
                                         hash.CA2.S1.X[25] (net)
                  0.06    0.00    1.40 v rebuffer1/A (sky130_fd_sc_hd__buf_8)
     3    0.04    0.05    0.14    1.54 v rebuffer1/X (sky130_fd_sc_hd__buf_8)
                                         net1111 (net)
                  0.05    0.01    1.55 v _15161_/B (sky130_fd_sc_hd__xnor2_4)
     1    0.02    0.07    0.14    1.69 v _15161_/Y (sky130_fd_sc_hd__xnor2_4)
                                         _04553_ (net)
                  0.07    0.00    1.69 v _15162_/B (sky130_fd_sc_hd__xnor2_4)
     1    0.03    0.24    0.23    1.92 ^ _15162_/Y (sky130_fd_sc_hd__xnor2_4)
                                         _13398_ (net)
                  0.24    0.00    1.92 ^ _27949_/B (sky130_fd_sc_hd__ha_4)
     3    0.01    0.05    0.18    2.10 ^ _27949_/COUT (sky130_fd_sc_hd__ha_4)
                                         _13399_ (net)
                  0.05    0.00    2.10 ^ _19178_/A (sky130_fd_sc_hd__inv_2)
     1    0.01    0.02    0.04    2.14 v _19178_/Y (sky130_fd_sc_hd__inv_2)
                                         _12254_ (net)
                  0.02    0.00    2.14 v _27652_/CIN (sky130_fd_sc_hd__fa_2)
     2    0.01    0.08    0.34    2.48 v _27652_/COUT (sky130_fd_sc_hd__fa_2)
                                         _12257_ (net)
                  0.08    0.00    2.48 v _15307_/A (sky130_fd_sc_hd__nor2b_2)
     1    0.01    0.09    0.13    2.61 ^ _15307_/Y (sky130_fd_sc_hd__nor2b_2)
                                         _04679_ (net)
                  0.09    0.00    2.61 ^ _15308_/A1 (sky130_fd_sc_hd__o21ai_2)
     2    0.01    0.06    0.08    2.69 v _15308_/Y (sky130_fd_sc_hd__o21ai_2)
                                         _04680_ (net)
                  0.06    0.00    2.69 v _15309_/A2 (sky130_fd_sc_hd__a21boi_2)
     2    0.01    0.14    0.18    2.87 ^ _15309_/Y (sky130_fd_sc_hd__a21boi_2)
                                         _04681_ (net)
                  0.14    0.00    2.87 ^ _15365_/A2 (sky130_fd_sc_hd__o21ai_2)
     2    0.01    0.07    0.10    2.97 v _15365_/Y (sky130_fd_sc_hd__o21ai_2)
                                         _04729_ (net)
                  0.07    0.00    2.97 v _15423_/A1 (sky130_fd_sc_hd__a21oi_4)
     3    0.02    0.17    0.19    3.16 ^ _15423_/Y (sky130_fd_sc_hd__a21oi_4)
                                         _04779_ (net)
                  0.17    0.00    3.16 ^ _15499_/A1 (sky130_fd_sc_hd__a21oi_4)
     3    0.03    0.08    0.11    3.26 v _15499_/Y (sky130_fd_sc_hd__a21oi_4)
                                         _04839_ (net)
                  0.08    0.00    3.27 v _15543_/A1 (sky130_fd_sc_hd__o22ai_4)
     3    0.02    0.22    0.24    3.51 ^ _15543_/Y (sky130_fd_sc_hd__o22ai_4)
                                         _04867_ (net)
                  0.22    0.00    3.51 ^ _15570_/A3 (sky130_fd_sc_hd__a31o_1)
     1    0.00    0.05    0.17    3.68 ^ _15570_/X (sky130_fd_sc_hd__a31o_1)
                                         _04886_ (net)
                  0.05    0.00    3.68 ^ _15571_/A1 (sky130_fd_sc_hd__a21o_1)
     2    0.01    0.11    0.15    3.84 ^ _15571_/X (sky130_fd_sc_hd__a21o_1)
                                         _04887_ (net)
                  0.11    0.00    3.84 ^ _15593_/A1 (sky130_fd_sc_hd__a21oi_2)
     2    0.01    0.05    0.08    3.91 v _15593_/Y (sky130_fd_sc_hd__a21oi_2)
                                         _04901_ (net)
                  0.05    0.00    3.91 v _15615_/A1 (sky130_fd_sc_hd__o211ai_2)
     1    0.01    0.19    0.21    4.12 ^ _15615_/Y (sky130_fd_sc_hd__o211ai_2)
                                         _04915_ (net)
                  0.19    0.00    4.12 ^ _15616_/A2 (sky130_fd_sc_hd__a21oi_4)
     2    0.02    0.09    0.10    4.22 v _15616_/Y (sky130_fd_sc_hd__a21oi_4)
                                         _04916_ (net)
                  0.09    0.00    4.23 v _20670_/B (sky130_fd_sc_hd__xnor2_2)
     2    0.01    0.09    0.18    4.40 v _20670_/Y (sky130_fd_sc_hd__xnor2_2)
                                         _13554_ (net)
                  0.09    0.00    4.40 v _28038_/A (sky130_fd_sc_hd__ha_1)
     2    0.01    0.10    0.34    4.74 ^ _28038_/SUM (sky130_fd_sc_hd__ha_1)
                                         _13667_ (net)
                  0.10    0.00    4.74 ^ _18447_/A (sky130_fd_sc_hd__nand2_2)
     2    0.02    0.08    0.09    4.84 v _18447_/Y (sky130_fd_sc_hd__nand2_2)
                                         _06857_ (net)
                  0.08    0.00    4.84 v _18448_/A (sky130_fd_sc_hd__nor2_4)
     2    0.02    0.12    0.15    4.99 ^ _18448_/Y (sky130_fd_sc_hd__nor2_4)
                                         _06858_ (net)
                  0.12    0.00    4.99 ^ _18451_/A1 (sky130_fd_sc_hd__a21o_1)
     1    0.01    0.10    0.17    5.16 ^ _18451_/X (sky130_fd_sc_hd__a21o_1)
                                         _06861_ (net)
                  0.10    0.00    5.16 ^ _18452_/B1 (sky130_fd_sc_hd__a21oi_4)
     4    0.03    0.09    0.07    5.22 v _18452_/Y (sky130_fd_sc_hd__a21oi_4)
                                         _06862_ (net)
                  0.09    0.00    5.22 v rebuffer8/A (sky130_fd_sc_hd__buf_6)
     1    0.01    0.02    0.14    5.36 v rebuffer8/X (sky130_fd_sc_hd__buf_6)
                                         net1005 (net)
                  0.02    0.00    5.36 v _18474_/A2 (sky130_fd_sc_hd__o21ai_4)
     2    0.02    0.22    0.20    5.56 ^ _18474_/Y (sky130_fd_sc_hd__o21ai_4)
                                         _06880_ (net)
                  0.22    0.00    5.56 ^ _18487_/A3 (sky130_fd_sc_hd__a311oi_2)
     2    0.01    0.11    0.15    5.71 v _18487_/Y (sky130_fd_sc_hd__a311oi_2)
                                         _06889_ (net)
                  0.11    0.00    5.71 v _18494_/B (sky130_fd_sc_hd__or3_4)
     5    0.07    0.15    0.50    6.21 v _18494_/X (sky130_fd_sc_hd__or3_4)
                                         _06896_ (net)
                  0.15    0.01    6.23 v _20764_/A (sky130_fd_sc_hd__xnor2_4)
     1    0.02    0.19    0.25    6.48 ^ _20764_/Y (sky130_fd_sc_hd__xnor2_4)
                                         _14041_ (net)
                  0.19    0.00    6.48 ^ _28168_/B (sky130_fd_sc_hd__ha_4)
     4    0.03    0.06    0.25    6.73 v _28168_/SUM (sky130_fd_sc_hd__ha_4)
                                         _14043_ (net)
                  0.06    0.00    6.73 v _18885_/A1 (sky130_fd_sc_hd__o211ai_4)
     1    0.01    0.17    0.20    6.94 ^ _18885_/Y (sky130_fd_sc_hd__o211ai_4)
                                         _07131_ (net)
                  0.17    0.00    6.94 ^ _18887_/A2 (sky130_fd_sc_hd__o21ai_4)
     2    0.02    0.09    0.10    7.04 v _18887_/Y (sky130_fd_sc_hd__o21ai_4)
                                         _07133_ (net)
                  0.09    0.00    7.04 v _18913_/A3 (sky130_fd_sc_hd__o31ai_4)
     3    0.03    0.36    0.33    7.37 ^ _18913_/Y (sky130_fd_sc_hd__o31ai_4)
                                         _07151_ (net)
                  0.36    0.00    7.37 ^ _18956_/A1 (sky130_fd_sc_hd__o21ai_4)
     5    0.04    0.13    0.17    7.54 v _18956_/Y (sky130_fd_sc_hd__o21ai_4)
                                         _07183_ (net)
                  0.13    0.00    7.55 v _18990_/A2 (sky130_fd_sc_hd__a41oi_4)
     4    0.02    0.26    0.28    7.83 ^ _18990_/Y (sky130_fd_sc_hd__a41oi_4)
                                         _07211_ (net)
                  0.26    0.00    7.83 ^ _18991_/A (sky130_fd_sc_hd__nor2b_1)
     1    0.00    0.06    0.08    7.90 v _18991_/Y (sky130_fd_sc_hd__nor2b_1)
                                         _07212_ (net)
                  0.06    0.00    7.90 v _18992_/A2 (sky130_fd_sc_hd__o21ai_1)
     1    0.00    0.10    0.12    8.02 ^ _18992_/Y (sky130_fd_sc_hd__o21ai_1)
                                         _07213_ (net)
                  0.10    0.00    8.02 ^ _18993_/B (sky130_fd_sc_hd__nand2b_1)
     2    0.01    0.10    0.11    8.14 v _18993_/Y (sky130_fd_sc_hd__nand2b_1)
                                         _07214_ (net)
                  0.10    0.00    8.14 v _19158_/A1 (sky130_fd_sc_hd__a21o_1)
     1    0.01    0.07    0.21    8.34 v _19158_/X (sky130_fd_sc_hd__a21o_1)
                                         _07345_ (net)
                  0.07    0.00    8.34 v _19159_/A2 (sky130_fd_sc_hd__a21oi_4)
     3    0.02    0.17    0.21    8.55 ^ _19159_/Y (sky130_fd_sc_hd__a21oi_4)
                                         _07346_ (net)
                  0.17    0.00    8.55 ^ _20453_/B (sky130_fd_sc_hd__xnor2_2)
     1    0.01    0.16    0.15    8.70 ^ _20453_/Y (sky130_fd_sc_hd__xnor2_2)
                                         _12754_ (net)
                  0.16    0.00    8.70 ^ _27765_/CIN (sky130_fd_sc_hd__fa_1)
     1    0.01    0.11    0.47    9.17 v _27765_/SUM (sky130_fd_sc_hd__fa_1)
                                         _12758_ (net)
                  0.11    0.00    9.17 v _28214_/B (sky130_fd_sc_hd__ha_4)
     4    0.02    0.05    0.26    9.43 v _28214_/SUM (sky130_fd_sc_hd__ha_4)
                                         _14179_ (net)
                  0.05    0.00    9.43 v _23889_/A1 (sky130_fd_sc_hd__o21a_1)
     1    0.01    0.06    0.21    9.64 v _23889_/X (sky130_fd_sc_hd__o21a_1)
                                         _09685_ (net)
                  0.06    0.00    9.64 v _23890_/A2 (sky130_fd_sc_hd__o211ai_4)
     3    0.02    0.21    0.21    9.86 ^ _23890_/Y (sky130_fd_sc_hd__o211ai_4)
                                         _09686_ (net)
                  0.21    0.00    9.86 ^ _23892_/B (sky130_fd_sc_hd__nor3_2)
     1    0.00    0.05    0.07    9.93 v _23892_/Y (sky130_fd_sc_hd__nor3_2)
                                         _09688_ (net)
                  0.05    0.00    9.93 v _23896_/A3 (sky130_fd_sc_hd__a32o_2)
     3    0.03    0.10    0.33   10.26 v _23896_/X (sky130_fd_sc_hd__a32o_2)
                                         _09692_ (net)
                  0.10    0.00   10.26 v _23912_/D (sky130_fd_sc_hd__or4_4)
     2    0.01    0.09    0.44   10.70 v _23912_/X (sky130_fd_sc_hd__or4_4)
                                         _09704_ (net)
                  0.09    0.00   10.70 v _23927_/A2 (sky130_fd_sc_hd__a311oi_2)
     1    0.01    0.23    0.28   10.98 ^ _23927_/Y (sky130_fd_sc_hd__a311oi_2)
                                         _09717_ (net)
                  0.23    0.00   10.98 ^ _23929_/B (sky130_fd_sc_hd__nor2_2)
     3    0.01    0.06    0.08   11.06 v _23929_/Y (sky130_fd_sc_hd__nor2_2)
                                         _09719_ (net)
                  0.06    0.00   11.06 v _23951_/A1 (sky130_fd_sc_hd__o211a_1)
     2    0.01    0.08    0.27   11.33 v _23951_/X (sky130_fd_sc_hd__o211a_1)
                                         _09737_ (net)
                  0.08    0.00   11.33 v _23953_/C (sky130_fd_sc_hd__nor4b_2)
     1    0.01    0.23    0.24   11.57 ^ _23953_/Y (sky130_fd_sc_hd__nor4b_2)
                                         _09739_ (net)
                  0.23    0.00   11.57 ^ _23958_/C1 (sky130_fd_sc_hd__a211oi_2)
     1    0.01    0.07    0.07   11.64 v _23958_/Y (sky130_fd_sc_hd__a211oi_2)
                                         _09744_ (net)
                  0.07    0.00   11.64 v _23959_/B (sky130_fd_sc_hd__xnor2_1)
     1    0.00    0.06    0.12   11.76 v _23959_/Y (sky130_fd_sc_hd__xnor2_1)
                                         hash.CA1.p3[31] (net)
                  0.06    0.00   11.76 v hash.p3_cap[31]$_DFF_P_/D (sky130_fd_sc_hd__dfxtp_2)
                                 11.76   data arrival time

                         10.00   10.00   clock core_clock (rise edge)
                          0.00   10.00   clock source latency
     2    0.13    0.00    0.00   10.00 ^ clk (in)
                                         clk (net)
                  0.02    0.01   10.01 ^ clkbuf_0_clk/A (sky130_fd_sc_hd__clkbuf_16)
     4    0.21    0.22    0.25   10.26 ^ clkbuf_0_clk/X (sky130_fd_sc_hd__clkbuf_16)
                                         clknet_0_clk (net)
                  0.22    0.01   10.27 ^ clkbuf_2_3_0_clk/A (sky130_fd_sc_hd__clkbuf_16)
     8    0.18    0.19    0.30   10.56 ^ clkbuf_2_3_0_clk/X (sky130_fd_sc_hd__clkbuf_16)
                                         clknet_2_3_0_clk (net)
                  0.19    0.01   10.57 ^ clkbuf_5_26__f_clk/A (sky130_fd_sc_hd__clkbuf_16)
    11    0.17    0.18    0.28   10.85 ^ clkbuf_5_26__f_clk/X (sky130_fd_sc_hd__clkbuf_16)
                                         clknet_5_26__leaf_clk (net)
                  0.18    0.00   10.86 ^ clkbuf_leaf_137_clk/A (sky130_fd_sc_hd__clkbuf_16)
    12    0.04    0.06    0.19   11.04 ^ clkbuf_leaf_137_clk/X (sky130_fd_sc_hd__clkbuf_16)
                                         clknet_leaf_137_clk (net)
                  0.06    0.00   11.04 ^ hash.p3_cap[31]$_DFF_P_/CLK (sky130_fd_sc_hd__dfxtp_2)
                          0.00   11.04   clock reconvergence pessimism
                         -0.12   10.93   library setup time
                                 10.93   data required time
-----------------------------------------------------------------------------
                                 10.93   data required time
                                -11.76   data arrival time
-----------------------------------------------------------------------------
                                 -0.83   slack (VIOLATED)



==========================================================================
finish report_check_types -max_slew -max_cap -max_fanout -violators
--------------------------------------------------------------------------

==========================================================================
finish max_slew_check_slack
--------------------------------------------------------------------------
0.16584567725658417

==========================================================================
finish max_slew_check_limit
--------------------------------------------------------------------------
1.5

==========================================================================
finish max_slew_check_slack_limit
--------------------------------------------------------------------------
0.1106

==========================================================================
finish max_fanout_check_slack
--------------------------------------------------------------------------
1.0000000150474662e+30

==========================================================================
finish max_fanout_check_limit
--------------------------------------------------------------------------
1.0000000150474662e+30

==========================================================================
finish max_capacitance_check_slack
--------------------------------------------------------------------------
0.013767632655799389

==========================================================================
finish max_capacitance_check_limit
--------------------------------------------------------------------------
0.144663006067276

==========================================================================
finish max_capacitance_check_slack_limit
--------------------------------------------------------------------------
0.0952

==========================================================================
finish max_slew_violation_count
--------------------------------------------------------------------------
max slew violation count 0

==========================================================================
finish max_fanout_violation_count
--------------------------------------------------------------------------
max fanout violation count 0

==========================================================================
finish max_cap_violation_count
--------------------------------------------------------------------------
max cap violation count 0

==========================================================================
finish setup_violation_count
--------------------------------------------------------------------------
setup violation count 14

==========================================================================
finish hold_violation_count
--------------------------------------------------------------------------
hold violation count 0

==========================================================================
finish report_checks -path_delay max reg to reg
--------------------------------------------------------------------------
Startpoint: hash.p2_cap[25]$_DFF_P_
            (rising edge-triggered flip-flop clocked by core_clock)
Endpoint: hash.p3_cap[31]$_DFF_P_
          (rising edge-triggered flip-flop clocked by core_clock)
Path Group: core_clock
Path Type: max

  Delay    Time   Description
---------------------------------------------------------
   0.00    0.00   clock core_clock (rise edge)
   0.00    0.00   clock source latency
   0.00    0.00 ^ clk (in)
   0.26    0.26 ^ clkbuf_0_clk/X (sky130_fd_sc_hd__clkbuf_16)
   0.31    0.56 ^ clkbuf_2_3_0_clk/X (sky130_fd_sc_hd__clkbuf_16)
   0.28    0.84 ^ clkbuf_5_27__f_clk/X (sky130_fd_sc_hd__clkbuf_16)
   0.18    1.03 ^ clkbuf_leaf_140_clk/X (sky130_fd_sc_hd__clkbuf_16)
   0.00    1.03 ^ hash.p2_cap[25]$_DFF_P_/CLK (sky130_fd_sc_hd__dfxtp_4)
   0.37    1.40 v hash.p2_cap[25]$_DFF_P_/Q (sky130_fd_sc_hd__dfxtp_4)
   0.15    1.54 v rebuffer1/X (sky130_fd_sc_hd__buf_8)
   0.14    1.69 v _15161_/Y (sky130_fd_sc_hd__xnor2_4)
   0.23    1.92 ^ _15162_/Y (sky130_fd_sc_hd__xnor2_4)
   0.19    2.10 ^ _27949_/COUT (sky130_fd_sc_hd__ha_4)
   0.04    2.14 v _19178_/Y (sky130_fd_sc_hd__inv_2)
   0.34    2.48 v _27652_/COUT (sky130_fd_sc_hd__fa_2)
   0.13    2.61 ^ _15307_/Y (sky130_fd_sc_hd__nor2b_2)
   0.08    2.69 v _15308_/Y (sky130_fd_sc_hd__o21ai_2)
   0.18    2.87 ^ _15309_/Y (sky130_fd_sc_hd__a21boi_2)
   0.10    2.97 v _15365_/Y (sky130_fd_sc_hd__o21ai_2)
   0.19    3.16 ^ _15423_/Y (sky130_fd_sc_hd__a21oi_4)
   0.11    3.26 v _15499_/Y (sky130_fd_sc_hd__a21oi_4)
   0.24    3.51 ^ _15543_/Y (sky130_fd_sc_hd__o22ai_4)
   0.17    3.68 ^ _15570_/X (sky130_fd_sc_hd__a31o_1)
   0.15    3.84 ^ _15571_/X (sky130_fd_sc_hd__a21o_1)
   0.08    3.91 v _15593_/Y (sky130_fd_sc_hd__a21oi_2)
   0.21    4.12 ^ _15615_/Y (sky130_fd_sc_hd__o211ai_2)
   0.10    4.22 v _15616_/Y (sky130_fd_sc_hd__a21oi_4)
   0.18    4.40 v _20670_/Y (sky130_fd_sc_hd__xnor2_2)
   0.34    4.74 ^ _28038_/SUM (sky130_fd_sc_hd__ha_1)
   0.09    4.84 v _18447_/Y (sky130_fd_sc_hd__nand2_2)
   0.15    4.99 ^ _18448_/Y (sky130_fd_sc_hd__nor2_4)
   0.17    5.16 ^ _18451_/X (sky130_fd_sc_hd__a21o_1)
   0.07    5.22 v _18452_/Y (sky130_fd_sc_hd__a21oi_4)
   0.14    5.36 v rebuffer8/X (sky130_fd_sc_hd__buf_6)
   0.20    5.56 ^ _18474_/Y (sky130_fd_sc_hd__o21ai_4)
   0.15    5.71 v _18487_/Y (sky130_fd_sc_hd__a311oi_2)
   0.50    6.21 v _18494_/X (sky130_fd_sc_hd__or3_4)
   0.26    6.48 ^ _20764_/Y (sky130_fd_sc_hd__xnor2_4)
   0.26    6.73 v _28168_/SUM (sky130_fd_sc_hd__ha_4)
   0.20    6.94 ^ _18885_/Y (sky130_fd_sc_hd__o211ai_4)
   0.10    7.04 v _18887_/Y (sky130_fd_sc_hd__o21ai_4)
   0.33    7.37 ^ _18913_/Y (sky130_fd_sc_hd__o31ai_4)
   0.17    7.54 v _18956_/Y (sky130_fd_sc_hd__o21ai_4)
   0.28    7.83 ^ _18990_/Y (sky130_fd_sc_hd__a41oi_4)
   0.08    7.90 v _18991_/Y (sky130_fd_sc_hd__nor2b_1)
   0.12    8.02 ^ _18992_/Y (sky130_fd_sc_hd__o21ai_1)
   0.11    8.14 v _18993_/Y (sky130_fd_sc_hd__nand2b_1)
   0.21    8.34 v _19158_/X (sky130_fd_sc_hd__a21o_1)
   0.21    8.55 ^ _19159_/Y (sky130_fd_sc_hd__a21oi_4)
   0.15    8.70 ^ _20453_/Y (sky130_fd_sc_hd__xnor2_2)
   0.47    9.17 v _27765_/SUM (sky130_fd_sc_hd__fa_1)
   0.26    9.43 v _28214_/SUM (sky130_fd_sc_hd__ha_4)
   0.21    9.64 v _23889_/X (sky130_fd_sc_hd__o21a_1)
   0.21    9.86 ^ _23890_/Y (sky130_fd_sc_hd__o211ai_4)
   0.07    9.93 v _23892_/Y (sky130_fd_sc_hd__nor3_2)
   0.33   10.26 v _23896_/X (sky130_fd_sc_hd__a32o_2)
   0.45   10.70 v _23912_/X (sky130_fd_sc_hd__or4_4)
   0.28   10.98 ^ _23927_/Y (sky130_fd_sc_hd__a311oi_2)
   0.08   11.06 v _23929_/Y (sky130_fd_sc_hd__nor2_2)
   0.27   11.33 v _23951_/X (sky130_fd_sc_hd__o211a_1)
   0.24   11.57 ^ _23953_/Y (sky130_fd_sc_hd__nor4b_2)
   0.07   11.64 v _23958_/Y (sky130_fd_sc_hd__a211oi_2)
   0.12   11.76 v _23959_/Y (sky130_fd_sc_hd__xnor2_1)
   0.00   11.76 v hash.p3_cap[31]$_DFF_P_/D (sky130_fd_sc_hd__dfxtp_2)
          11.76   data arrival time

  10.00   10.00   clock core_clock (rise edge)
   0.00   10.00   clock source latency
   0.00   10.00 ^ clk (in)
   0.26   10.26 ^ clkbuf_0_clk/X (sky130_fd_sc_hd__clkbuf_16)
   0.31   10.56 ^ clkbuf_2_3_0_clk/X (sky130_fd_sc_hd__clkbuf_16)
   0.29   10.85 ^ clkbuf_5_26__f_clk/X (sky130_fd_sc_hd__clkbuf_16)
   0.19   11.04 ^ clkbuf_leaf_137_clk/X (sky130_fd_sc_hd__clkbuf_16)
   0.00   11.04 ^ hash.p3_cap[31]$_DFF_P_/CLK (sky130_fd_sc_hd__dfxtp_2)
   0.00   11.04   clock reconvergence pessimism
  -0.12   10.93   library setup time
          10.93   data required time
---------------------------------------------------------
          10.93   data required time
         -11.76   data arrival time
---------------------------------------------------------
          -0.83   slack (VIOLATED)



==========================================================================
finish report_checks -path_delay min reg to reg
--------------------------------------------------------------------------
Startpoint: ready_dash$_SDFF_PP0_
            (rising edge-triggered flip-flop clocked by core_clock)
Endpoint: ready$_DFF_P_ (rising edge-triggered flip-flop clocked by core_clock)
Path Group: core_clock
Path Type: min

  Delay    Time   Description
---------------------------------------------------------
   0.00    0.00   clock core_clock (rise edge)
   0.00    0.00   clock source latency
   0.00    0.00 ^ clk (in)
   0.26    0.26 ^ clkbuf_0_clk/X (sky130_fd_sc_hd__clkbuf_16)
   0.31    0.57 ^ clkbuf_2_2_0_clk/X (sky130_fd_sc_hd__clkbuf_16)
   0.29    0.86 ^ clkbuf_5_22__f_clk/X (sky130_fd_sc_hd__clkbuf_16)
   0.19    1.05 ^ clkbuf_leaf_190_clk/X (sky130_fd_sc_hd__clkbuf_16)
   0.00    1.05 ^ ready_dash$_SDFF_PP0_/CLK (sky130_fd_sc_hd__dfxtp_1)
   0.30    1.35 v ready_dash$_SDFF_PP0_/Q (sky130_fd_sc_hd__dfxtp_1)
   0.00    1.35 v ready$_DFF_P_/D (sky130_fd_sc_hd__dfxtp_4)
           1.35   data arrival time

   0.00    0.00   clock core_clock (rise edge)
   0.00    0.00   clock source latency
   0.00    0.00 ^ clk (in)
   0.26    0.26 ^ clkbuf_0_clk/X (sky130_fd_sc_hd__clkbuf_16)
   0.31    0.57 ^ clkbuf_2_2_0_clk/X (sky130_fd_sc_hd__clkbuf_16)
   0.29    0.86 ^ clkbuf_5_22__f_clk/X (sky130_fd_sc_hd__clkbuf_16)
   0.18    1.04 ^ clkbuf_leaf_194_clk/X (sky130_fd_sc_hd__clkbuf_16)
   0.00    1.04 ^ ready$_DFF_P_/CLK (sky130_fd_sc_hd__dfxtp_4)
   0.00    1.04   clock reconvergence pessimism
  -0.04    1.01   library hold time
           1.01   data required time
---------------------------------------------------------
           1.01   data required time
          -1.35   data arrival time
---------------------------------------------------------
           0.34   slack (MET)



==========================================================================
finish critical path target clock latency max path
--------------------------------------------------------------------------
1.0447

==========================================================================
finish critical path target clock latency min path
--------------------------------------------------------------------------
1.0789

==========================================================================
finish critical path source clock latency min path
--------------------------------------------------------------------------
0.0000

==========================================================================
finish critical path delay
--------------------------------------------------------------------------
11.7607

==========================================================================
finish critical path slack
--------------------------------------------------------------------------
-0.8331

==========================================================================
finish slack div critical path delay
--------------------------------------------------------------------------
-7.083762

==========================================================================
finish report_power
--------------------------------------------------------------------------
Group                  Internal  Switching    Leakage      Total
                          Power      Power      Power      Power (Watts)
----------------------------------------------------------------
Sequential             2.40e-02   2.75e-03   2.77e-08   2.67e-02   4.5%
Combinational          2.24e-01   3.26e-01   7.07e-08   5.49e-01  93.3%
Clock                  7.29e-03   5.39e-03   5.39e-09   1.27e-02   2.2%
Macro                  0.00e+00   0.00e+00   0.00e+00   0.00e+00   0.0%
Pad                    0.00e+00   0.00e+00   0.00e+00   0.00e+00   0.0%
----------------------------------------------------------------
Total                  2.55e-01   3.34e-01   1.04e-07   5.89e-01 100.0%
                          43.3%      56.7%       0.0%
