
==========================================================================
detailed place report_tns
--------------------------------------------------------------------------
tns -8.92

==========================================================================
detailed place report_wns
--------------------------------------------------------------------------
wns -0.63

==========================================================================
detailed place report_worst_slack
--------------------------------------------------------------------------
worst slack -0.63

==========================================================================
detailed place report_checks -path_delay min
--------------------------------------------------------------------------
Startpoint: ready_dash$_SDFF_PP0_
            (rising edge-triggered flip-flop clocked by core_clock)
Endpoint: ready$_DFF_P_ (rising edge-triggered flip-flop clocked by core_clock)
Path Group: core_clock
Path Type: min

Fanout     Cap    Slew   Delay    Time   Description
-----------------------------------------------------------------------------
                  0.00    0.00    0.00   clock core_clock (rise edge)
                          0.00    0.00   clock network delay (ideal)
                  0.00    0.00    0.00 ^ ready_dash$_SDFF_PP0_/CLK (sky130_fd_sc_hd__dfxtp_1)
     1    0.00    0.04    0.29    0.29 ^ ready_dash$_SDFF_PP0_/Q (sky130_fd_sc_hd__dfxtp_1)
                                         ready_dash (net)
                  0.04    0.00    0.29 ^ ready$_DFF_P_/D (sky130_fd_sc_hd__dfxtp_1)
                                  0.29   data arrival time

                  0.00    0.00    0.00   clock core_clock (rise edge)
                          0.00    0.00   clock network delay (ideal)
                          0.00    0.00   clock reconvergence pessimism
                                  0.00 ^ ready$_DFF_P_/CLK (sky130_fd_sc_hd__dfxtp_1)
                         -0.04   -0.04   library hold time
                                 -0.04   data required time
-----------------------------------------------------------------------------
                                 -0.04   data required time
                                 -0.29   data arrival time
-----------------------------------------------------------------------------
                                  0.32   slack (MET)



==========================================================================
detailed place report_checks -path_delay max
--------------------------------------------------------------------------
Startpoint: hash/p2_cap[11]$_DFF_P_
            (rising edge-triggered flip-flop clocked by core_clock)
Endpoint: hash/p3_cap[31]$_DFF_P_
          (rising edge-triggered flip-flop clocked by core_clock)
Path Group: core_clock
Path Type: max

Fanout     Cap    Slew   Delay    Time   Description
-----------------------------------------------------------------------------
                  0.00    0.00    0.00   clock core_clock (rise edge)
                          0.00    0.00   clock network delay (ideal)
                  0.00    0.00    0.00 ^ hash/p2_cap[11]$_DFF_P_/CLK (sky130_fd_sc_hd__dfxtp_1)
     5    0.03    0.29    0.46    0.46 ^ hash/p2_cap[11]$_DFF_P_/Q (sky130_fd_sc_hd__dfxtp_1)
                                         hash/p2_cap[11] (net)
                  0.29    0.00    0.46 ^ hash/CA2/S1/_00_/A (sky130_fd_sc_hd__xor3_1)
     1    0.01    0.11    0.51    0.98 v hash/CA2/S1/_00_/X (sky130_fd_sc_hd__xor3_1)
                                         hash/CA2/s1[0] (net)
                  0.11    0.00    0.98 v hash/CA2/_2242_/A (sky130_fd_sc_hd__ha_4)
     3    0.02    0.05    0.20    1.18 v hash/CA2/_2242_/COUT (sky130_fd_sc_hd__ha_4)
                                         hash/CA2/_0615_ (net)
                  0.05    0.00    1.18 v hash/CA2/_2147_/B (sky130_fd_sc_hd__fa_1)
     2    0.01    0.10    0.43    1.61 v hash/CA2/_2147_/COUT (sky130_fd_sc_hd__fa_1)
                                         hash/CA2/_0617_ (net)
                  0.10    0.00    1.61 v hash/CA2/_1225_/A2 (sky130_fd_sc_hd__a21o_1)
     1    0.01    0.05    0.21    1.82 v hash/CA2/_1225_/X (sky130_fd_sc_hd__a21o_1)
                                         hash/CA2/_0525_ (net)
                  0.05    0.00    1.82 v hash/CA2/_1226_/A2 (sky130_fd_sc_hd__a21oi_2)
     3    0.02    0.22    0.23    2.05 ^ hash/CA2/_1226_/Y (sky130_fd_sc_hd__a21oi_2)
                                         hash/CA2/_0526_ (net)
                  0.22    0.00    2.05 ^ hash/CA2/_1758_/A2 (sky130_fd_sc_hd__o21bai_1)
     1    0.00    0.06    0.09    2.14 v hash/CA2/_1758_/Y (sky130_fd_sc_hd__o21bai_1)
                                         hash/CA2/_0231_ (net)
                  0.06    0.00    2.14 v hash/CA2/_1759_/A2 (sky130_fd_sc_hd__a21oi_1)
     1    0.01    0.17    0.19    2.33 ^ hash/CA2/_1759_/Y (sky130_fd_sc_hd__a21oi_1)
                                         hash/CA2/_0232_ (net)
                  0.17    0.00    2.33 ^ hash/CA2/_1760_/B (sky130_fd_sc_hd__xnor2_1)
     2    0.02    0.16    0.18    2.51 v hash/CA2/_1760_/Y (sky130_fd_sc_hd__xnor2_1)
                                         hash/CA2/_0669_ (net)
                  0.16    0.00    2.51 v hash/CA2/_2254_/B (sky130_fd_sc_hd__ha_1)
     3    0.01    0.07    0.26    2.78 v hash/CA2/_2254_/COUT (sky130_fd_sc_hd__ha_1)
                                         hash/CA2/_0961_ (net)
                  0.07    0.00    2.78 v hash/CA2/_2003_/C (sky130_fd_sc_hd__or4_1)
     1    0.01    0.10    0.50    3.27 v hash/CA2/_2003_/X (sky130_fd_sc_hd__or4_1)
                                         hash/CA2/_0409_ (net)
                  0.10    0.00    3.27 v hash/CA2/_2004_/C1 (sky130_fd_sc_hd__a311oi_2)
     1    0.01    0.33    0.32    3.59 ^ hash/CA2/_2004_/Y (sky130_fd_sc_hd__a311oi_2)
                                         hash/CA2/_0410_ (net)
                  0.33    0.00    3.59 ^ hash/CA2/_2005_/B1 (sky130_fd_sc_hd__a211oi_4)
     3    0.02    0.09    0.11    3.69 v hash/CA2/_2005_/Y (sky130_fd_sc_hd__a211oi_4)
                                         hash/CA2/_0411_ (net)
                  0.09    0.00    3.70 v hash/CA2/_2047_/A2 (sky130_fd_sc_hd__o211ai_1)
     2    0.01    0.27    0.27    3.97 ^ hash/CA2/_2047_/Y (sky130_fd_sc_hd__o211ai_1)
                                         hash/CA2/_0445_ (net)
                  0.27    0.00    3.97 ^ hash/CA2/_2063_/A1 (sky130_fd_sc_hd__a21oi_1)
     1    0.01    0.11    0.15    4.12 v hash/CA2/_2063_/Y (sky130_fd_sc_hd__a21oi_1)
                                         hash/CA2/_0459_ (net)
                  0.11    0.00    4.12 v hash/CA2/_2064_/C1 (sky130_fd_sc_hd__a211o_4)
     4    0.02    0.08    0.32    4.44 v hash/CA2/_2064_/X (sky130_fd_sc_hd__a211o_4)
                                         hash/CA2/_0460_ (net)
                  0.08    0.00    4.44 v hash/CA2/_2086_/A1 (sky130_fd_sc_hd__a311o_1)
     1    0.00    0.05    0.27    4.71 v hash/CA2/_2086_/X (sky130_fd_sc_hd__a311o_1)
                                         hash/CA2/_0478_ (net)
                  0.05    0.00    4.71 v hash/CA2/_2087_/A2 (sky130_fd_sc_hd__a21oi_1)
     1    0.01    0.15    0.17    4.89 ^ hash/CA2/_2087_/Y (sky130_fd_sc_hd__a21oi_1)
                                         hash/CA2/_0479_ (net)
                  0.15    0.00    4.89 ^ hash/CA2/_2088_/B (sky130_fd_sc_hd__xnor2_1)
     1    0.01    0.07    0.10    4.99 v hash/CA2/_2088_/Y (sky130_fd_sc_hd__xnor2_1)
                                         hash/e_new[25] (net)
                  0.07    0.00    4.99 v hash/_3540_/A0 (sky130_fd_sc_hd__mux2_8)
     6    0.05    0.09    0.36    5.35 v hash/_3540_/X (sky130_fd_sc_hd__mux2_8)
                                         hash/e[25] (net)
                  0.09    0.00    5.35 v hash/CA1/S1/_00_/C (sky130_fd_sc_hd__xor3_1)
     1    0.01    0.10    0.24    5.59 ^ hash/CA1/S1/_00_/X (sky130_fd_sc_hd__xor3_1)
                                         hash/CA1/s1[0] (net)
                  0.10    0.00    5.59 ^ hash/CA1/_3621_/A (sky130_fd_sc_hd__ha_1)
     3    0.01    0.11    0.20    5.80 ^ hash/CA1/_3621_/COUT (sky130_fd_sc_hd__ha_1)
                                         hash/CA1/_1631_ (net)
                  0.11    0.00    5.80 ^ hash/CA1/_2333_/A (sky130_fd_sc_hd__inv_1)
     1    0.01    0.05    0.07    5.87 v hash/CA1/_2333_/Y (sky130_fd_sc_hd__inv_1)
                                         hash/CA1/_1056_ (net)
                  0.05    0.00    5.87 v hash/CA1/_3433_/B (sky130_fd_sc_hd__fa_1)
     2    0.01    0.11    0.45    6.31 v hash/CA1/_3433_/COUT (sky130_fd_sc_hd__fa_1)
                                         hash/CA1/_1058_ (net)
                  0.11    0.00    6.31 v hash/CA1/_1984_/A (sky130_fd_sc_hd__nor2b_1)
     1    0.01    0.13    0.16    6.48 ^ hash/CA1/_1984_/Y (sky130_fd_sc_hd__nor2b_1)
                                         hash/CA1/_0005_ (net)
                  0.13    0.00    6.48 ^ hash/CA1/_1985_/A2 (sky130_fd_sc_hd__o21ai_2)
     1    0.01    0.07    0.08    6.56 v hash/CA1/_1985_/Y (sky130_fd_sc_hd__o21ai_2)
                                         hash/CA1/_0006_ (net)
                  0.07    0.00    6.56 v hash/CA1/_1986_/B (sky130_fd_sc_hd__nand2b_4)
     2    0.02    0.07    0.09    6.65 ^ hash/CA1/_1986_/Y (sky130_fd_sc_hd__nand2b_4)
                                         hash/CA1/_0007_ (net)
                  0.07    0.00    6.65 ^ hash/CA1/_2009_/A2 (sky130_fd_sc_hd__a21oi_2)
     3    0.01    0.06    0.08    6.74 v hash/CA1/_2009_/Y (sky130_fd_sc_hd__a21oi_2)
                                         hash/CA1/_0021_ (net)
                  0.06    0.00    6.74 v hash/CA1/_2071_/A1 (sky130_fd_sc_hd__o211a_4)
     1    0.01    0.05    0.26    7.00 v hash/CA1/_2071_/X (sky130_fd_sc_hd__o211a_4)
                                         hash/CA1/_0065_ (net)
                  0.05    0.00    7.00 v hash/CA1/_2074_/A (sky130_fd_sc_hd__nor2_4)
     4    0.03    0.18    0.18    7.18 ^ hash/CA1/_2074_/Y (sky130_fd_sc_hd__nor2_4)
                                         hash/CA1/_0068_ (net)
                  0.18    0.00    7.18 ^ hash/CA1/_2133_/A3 (sky130_fd_sc_hd__a41oi_1)
     2    0.01    0.16    0.19    7.37 v hash/CA1/_2133_/Y (sky130_fd_sc_hd__a41oi_1)
                                         hash/CA1/_0111_ (net)
                  0.16    0.00    7.37 v hash/CA1/_2134_/B (sky130_fd_sc_hd__xnor2_1)
     2    0.02    0.38    0.37    7.75 ^ hash/CA1/_2134_/Y (sky130_fd_sc_hd__xnor2_1)
                                         hash/CA1/_1311_ (net)
                  0.38    0.00    7.75 ^ hash/CA1/_2135_/A (sky130_fd_sc_hd__inv_2)
     1    0.01    0.08    0.09    7.84 v hash/CA1/_2135_/Y (sky130_fd_sc_hd__inv_2)
                                         hash/CA1/_1133_ (net)
                  0.08    0.00    7.84 v hash/CA1/_3449_/B (sky130_fd_sc_hd__fa_1)
     1    0.00    0.07    0.52    8.36 ^ hash/CA1/_3449_/SUM (sky130_fd_sc_hd__fa_1)
                                         hash/CA1/_1136_ (net)
                  0.07    0.00    8.36 ^ hash/CA1/_2380_/A (sky130_fd_sc_hd__clkinv_1)
     1    0.01    0.08    0.10    8.46 v hash/CA1/_2380_/Y (sky130_fd_sc_hd__clkinv_1)
                                         hash/CA1/_1755_ (net)
                  0.08    0.00    8.46 v hash/CA1/_3668_/A (sky130_fd_sc_hd__ha_4)
     6    0.03    0.06    0.28    8.74 v hash/CA1/_3668_/SUM (sky130_fd_sc_hd__ha_4)
                                         hash/CA1/_1757_ (net)
                  0.06    0.00    8.74 v hash/CA1/_3125_/A1 (sky130_fd_sc_hd__a21oi_1)
     2    0.01    0.19    0.19    8.93 ^ hash/CA1/_3125_/Y (sky130_fd_sc_hd__a21oi_1)
                                         hash/CA1/_0762_ (net)
                  0.19    0.00    8.93 ^ hash/CA1/_3132_/A2 (sky130_fd_sc_hd__o21bai_1)
     1    0.00    0.05    0.08    9.02 v hash/CA1/_3132_/Y (sky130_fd_sc_hd__o21bai_1)
                                         hash/CA1/_0767_ (net)
                  0.05    0.00    9.02 v hash/CA1/_3133_/A2 (sky130_fd_sc_hd__a21o_1)
     2    0.01    0.05    0.20    9.21 v hash/CA1/_3133_/X (sky130_fd_sc_hd__a21o_1)
                                         hash/CA1/_0768_ (net)
                  0.05    0.00    9.21 v hash/CA1/_3143_/A2 (sky130_fd_sc_hd__a21o_1)
     1    0.00    0.03    0.17    9.38 v hash/CA1/_3143_/X (sky130_fd_sc_hd__a21o_1)
                                         hash/CA1/_0776_ (net)
                  0.03    0.00    9.38 v hash/CA1/_3144_/A2 (sky130_fd_sc_hd__a21oi_1)
     2    0.01    0.16    0.17    9.55 ^ hash/CA1/_3144_/Y (sky130_fd_sc_hd__a21oi_1)
                                         hash/CA1/_0777_ (net)
                  0.16    0.00    9.55 ^ hash/CA1/_3172_/A1 (sky130_fd_sc_hd__o21ai_0)
     1    0.00    0.09    0.13    9.68 v hash/CA1/_3172_/Y (sky130_fd_sc_hd__o21ai_0)
                                         hash/CA1/_0801_ (net)
                  0.09    0.00    9.68 v hash/CA1/_3173_/B1 (sky130_fd_sc_hd__a21oi_2)
     2    0.02    0.21    0.21    9.89 ^ hash/CA1/_3173_/Y (sky130_fd_sc_hd__a21oi_2)
                                         hash/CA1/_0802_ (net)
                  0.21    0.00    9.89 ^ hash/CA1/_3188_/A1 (sky130_fd_sc_hd__o21ai_2)
     4    0.02    0.09    0.14   10.03 v hash/CA1/_3188_/Y (sky130_fd_sc_hd__o21ai_2)
                                         hash/CA1/_0815_ (net)
                  0.09    0.00   10.03 v hash/CA1/_3212_/A1 (sky130_fd_sc_hd__a221oi_1)
     1    0.01    0.33    0.35   10.38 ^ hash/CA1/_3212_/Y (sky130_fd_sc_hd__a221oi_1)
                                         hash/CA1/_0835_ (net)
                  0.33    0.00   10.38 ^ hash/CA1/_3214_/A (sky130_fd_sc_hd__xnor2_1)
     1    0.00    0.07    0.12   10.50 v hash/CA1/_3214_/Y (sky130_fd_sc_hd__xnor2_1)
                                         hash/p3[31] (net)
                  0.07    0.00   10.50 v hash/p3_cap[31]$_DFF_P_/D (sky130_fd_sc_hd__dfxtp_1)
                                 10.50   data arrival time

                  0.00   10.00   10.00   clock core_clock (rise edge)
                          0.00   10.00   clock network delay (ideal)
                          0.00   10.00   clock reconvergence pessimism
                                 10.00 ^ hash/p3_cap[31]$_DFF_P_/CLK (sky130_fd_sc_hd__dfxtp_1)
                         -0.13    9.87   library setup time
                                  9.87   data required time
-----------------------------------------------------------------------------
                                  9.87   data required time
                                -10.50   data arrival time
-----------------------------------------------------------------------------
                                 -0.63   slack (VIOLATED)



==========================================================================
detailed place report_checks -unconstrained
--------------------------------------------------------------------------
Startpoint: hash/p2_cap[11]$_DFF_P_
            (rising edge-triggered flip-flop clocked by core_clock)
Endpoint: hash/p3_cap[31]$_DFF_P_
          (rising edge-triggered flip-flop clocked by core_clock)
Path Group: core_clock
Path Type: max

Fanout     Cap    Slew   Delay    Time   Description
-----------------------------------------------------------------------------
                  0.00    0.00    0.00   clock core_clock (rise edge)
                          0.00    0.00   clock network delay (ideal)
                  0.00    0.00    0.00 ^ hash/p2_cap[11]$_DFF_P_/CLK (sky130_fd_sc_hd__dfxtp_1)
     5    0.03    0.29    0.46    0.46 ^ hash/p2_cap[11]$_DFF_P_/Q (sky130_fd_sc_hd__dfxtp_1)
                                         hash/p2_cap[11] (net)
                  0.29    0.00    0.46 ^ hash/CA2/S1/_00_/A (sky130_fd_sc_hd__xor3_1)
     1    0.01    0.11    0.51    0.98 v hash/CA2/S1/_00_/X (sky130_fd_sc_hd__xor3_1)
                                         hash/CA2/s1[0] (net)
                  0.11    0.00    0.98 v hash/CA2/_2242_/A (sky130_fd_sc_hd__ha_4)
     3    0.02    0.05    0.20    1.18 v hash/CA2/_2242_/COUT (sky130_fd_sc_hd__ha_4)
                                         hash/CA2/_0615_ (net)
                  0.05    0.00    1.18 v hash/CA2/_2147_/B (sky130_fd_sc_hd__fa_1)
     2    0.01    0.10    0.43    1.61 v hash/CA2/_2147_/COUT (sky130_fd_sc_hd__fa_1)
                                         hash/CA2/_0617_ (net)
                  0.10    0.00    1.61 v hash/CA2/_1225_/A2 (sky130_fd_sc_hd__a21o_1)
     1    0.01    0.05    0.21    1.82 v hash/CA2/_1225_/X (sky130_fd_sc_hd__a21o_1)
                                         hash/CA2/_0525_ (net)
                  0.05    0.00    1.82 v hash/CA2/_1226_/A2 (sky130_fd_sc_hd__a21oi_2)
     3    0.02    0.22    0.23    2.05 ^ hash/CA2/_1226_/Y (sky130_fd_sc_hd__a21oi_2)
                                         hash/CA2/_0526_ (net)
                  0.22    0.00    2.05 ^ hash/CA2/_1758_/A2 (sky130_fd_sc_hd__o21bai_1)
     1    0.00    0.06    0.09    2.14 v hash/CA2/_1758_/Y (sky130_fd_sc_hd__o21bai_1)
                                         hash/CA2/_0231_ (net)
                  0.06    0.00    2.14 v hash/CA2/_1759_/A2 (sky130_fd_sc_hd__a21oi_1)
     1    0.01    0.17    0.19    2.33 ^ hash/CA2/_1759_/Y (sky130_fd_sc_hd__a21oi_1)
                                         hash/CA2/_0232_ (net)
                  0.17    0.00    2.33 ^ hash/CA2/_1760_/B (sky130_fd_sc_hd__xnor2_1)
     2    0.02    0.16    0.18    2.51 v hash/CA2/_1760_/Y (sky130_fd_sc_hd__xnor2_1)
                                         hash/CA2/_0669_ (net)
                  0.16    0.00    2.51 v hash/CA2/_2254_/B (sky130_fd_sc_hd__ha_1)
     3    0.01    0.07    0.26    2.78 v hash/CA2/_2254_/COUT (sky130_fd_sc_hd__ha_1)
                                         hash/CA2/_0961_ (net)
                  0.07    0.00    2.78 v hash/CA2/_2003_/C (sky130_fd_sc_hd__or4_1)
     1    0.01    0.10    0.50    3.27 v hash/CA2/_2003_/X (sky130_fd_sc_hd__or4_1)
                                         hash/CA2/_0409_ (net)
                  0.10    0.00    3.27 v hash/CA2/_2004_/C1 (sky130_fd_sc_hd__a311oi_2)
     1    0.01    0.33    0.32    3.59 ^ hash/CA2/_2004_/Y (sky130_fd_sc_hd__a311oi_2)
                                         hash/CA2/_0410_ (net)
                  0.33    0.00    3.59 ^ hash/CA2/_2005_/B1 (sky130_fd_sc_hd__a211oi_4)
     3    0.02    0.09    0.11    3.69 v hash/CA2/_2005_/Y (sky130_fd_sc_hd__a211oi_4)
                                         hash/CA2/_0411_ (net)
                  0.09    0.00    3.70 v hash/CA2/_2047_/A2 (sky130_fd_sc_hd__o211ai_1)
     2    0.01    0.27    0.27    3.97 ^ hash/CA2/_2047_/Y (sky130_fd_sc_hd__o211ai_1)
                                         hash/CA2/_0445_ (net)
                  0.27    0.00    3.97 ^ hash/CA2/_2063_/A1 (sky130_fd_sc_hd__a21oi_1)
     1    0.01    0.11    0.15    4.12 v hash/CA2/_2063_/Y (sky130_fd_sc_hd__a21oi_1)
                                         hash/CA2/_0459_ (net)
                  0.11    0.00    4.12 v hash/CA2/_2064_/C1 (sky130_fd_sc_hd__a211o_4)
     4    0.02    0.08    0.32    4.44 v hash/CA2/_2064_/X (sky130_fd_sc_hd__a211o_4)
                                         hash/CA2/_0460_ (net)
                  0.08    0.00    4.44 v hash/CA2/_2086_/A1 (sky130_fd_sc_hd__a311o_1)
     1    0.00    0.05    0.27    4.71 v hash/CA2/_2086_/X (sky130_fd_sc_hd__a311o_1)
                                         hash/CA2/_0478_ (net)
                  0.05    0.00    4.71 v hash/CA2/_2087_/A2 (sky130_fd_sc_hd__a21oi_1)
     1    0.01    0.15    0.17    4.89 ^ hash/CA2/_2087_/Y (sky130_fd_sc_hd__a21oi_1)
                                         hash/CA2/_0479_ (net)
                  0.15    0.00    4.89 ^ hash/CA2/_2088_/B (sky130_fd_sc_hd__xnor2_1)
     1    0.01    0.07    0.10    4.99 v hash/CA2/_2088_/Y (sky130_fd_sc_hd__xnor2_1)
                                         hash/e_new[25] (net)
                  0.07    0.00    4.99 v hash/_3540_/A0 (sky130_fd_sc_hd__mux2_8)
     6    0.05    0.09    0.36    5.35 v hash/_3540_/X (sky130_fd_sc_hd__mux2_8)
                                         hash/e[25] (net)
                  0.09    0.00    5.35 v hash/CA1/S1/_00_/C (sky130_fd_sc_hd__xor3_1)
     1    0.01    0.10    0.24    5.59 ^ hash/CA1/S1/_00_/X (sky130_fd_sc_hd__xor3_1)
                                         hash/CA1/s1[0] (net)
                  0.10    0.00    5.59 ^ hash/CA1/_3621_/A (sky130_fd_sc_hd__ha_1)
     3    0.01    0.11    0.20    5.80 ^ hash/CA1/_3621_/COUT (sky130_fd_sc_hd__ha_1)
                                         hash/CA1/_1631_ (net)
                  0.11    0.00    5.80 ^ hash/CA1/_2333_/A (sky130_fd_sc_hd__inv_1)
     1    0.01    0.05    0.07    5.87 v hash/CA1/_2333_/Y (sky130_fd_sc_hd__inv_1)
                                         hash/CA1/_1056_ (net)
                  0.05    0.00    5.87 v hash/CA1/_3433_/B (sky130_fd_sc_hd__fa_1)
     2    0.01    0.11    0.45    6.31 v hash/CA1/_3433_/COUT (sky130_fd_sc_hd__fa_1)
                                         hash/CA1/_1058_ (net)
                  0.11    0.00    6.31 v hash/CA1/_1984_/A (sky130_fd_sc_hd__nor2b_1)
     1    0.01    0.13    0.16    6.48 ^ hash/CA1/_1984_/Y (sky130_fd_sc_hd__nor2b_1)
                                         hash/CA1/_0005_ (net)
                  0.13    0.00    6.48 ^ hash/CA1/_1985_/A2 (sky130_fd_sc_hd__o21ai_2)
     1    0.01    0.07    0.08    6.56 v hash/CA1/_1985_/Y (sky130_fd_sc_hd__o21ai_2)
                                         hash/CA1/_0006_ (net)
                  0.07    0.00    6.56 v hash/CA1/_1986_/B (sky130_fd_sc_hd__nand2b_4)
     2    0.02    0.07    0.09    6.65 ^ hash/CA1/_1986_/Y (sky130_fd_sc_hd__nand2b_4)
                                         hash/CA1/_0007_ (net)
                  0.07    0.00    6.65 ^ hash/CA1/_2009_/A2 (sky130_fd_sc_hd__a21oi_2)
     3    0.01    0.06    0.08    6.74 v hash/CA1/_2009_/Y (sky130_fd_sc_hd__a21oi_2)
                                         hash/CA1/_0021_ (net)
                  0.06    0.00    6.74 v hash/CA1/_2071_/A1 (sky130_fd_sc_hd__o211a_4)
     1    0.01    0.05    0.26    7.00 v hash/CA1/_2071_/X (sky130_fd_sc_hd__o211a_4)
                                         hash/CA1/_0065_ (net)
                  0.05    0.00    7.00 v hash/CA1/_2074_/A (sky130_fd_sc_hd__nor2_4)
     4    0.03    0.18    0.18    7.18 ^ hash/CA1/_2074_/Y (sky130_fd_sc_hd__nor2_4)
                                         hash/CA1/_0068_ (net)
                  0.18    0.00    7.18 ^ hash/CA1/_2133_/A3 (sky130_fd_sc_hd__a41oi_1)
     2    0.01    0.16    0.19    7.37 v hash/CA1/_2133_/Y (sky130_fd_sc_hd__a41oi_1)
                                         hash/CA1/_0111_ (net)
                  0.16    0.00    7.37 v hash/CA1/_2134_/B (sky130_fd_sc_hd__xnor2_1)
     2    0.02    0.38    0.37    7.75 ^ hash/CA1/_2134_/Y (sky130_fd_sc_hd__xnor2_1)
                                         hash/CA1/_1311_ (net)
                  0.38    0.00    7.75 ^ hash/CA1/_2135_/A (sky130_fd_sc_hd__inv_2)
     1    0.01    0.08    0.09    7.84 v hash/CA1/_2135_/Y (sky130_fd_sc_hd__inv_2)
                                         hash/CA1/_1133_ (net)
                  0.08    0.00    7.84 v hash/CA1/_3449_/B (sky130_fd_sc_hd__fa_1)
     1    0.00    0.07    0.52    8.36 ^ hash/CA1/_3449_/SUM (sky130_fd_sc_hd__fa_1)
                                         hash/CA1/_1136_ (net)
                  0.07    0.00    8.36 ^ hash/CA1/_2380_/A (sky130_fd_sc_hd__clkinv_1)
     1    0.01    0.08    0.10    8.46 v hash/CA1/_2380_/Y (sky130_fd_sc_hd__clkinv_1)
                                         hash/CA1/_1755_ (net)
                  0.08    0.00    8.46 v hash/CA1/_3668_/A (sky130_fd_sc_hd__ha_4)
     6    0.03    0.06    0.28    8.74 v hash/CA1/_3668_/SUM (sky130_fd_sc_hd__ha_4)
                                         hash/CA1/_1757_ (net)
                  0.06    0.00    8.74 v hash/CA1/_3125_/A1 (sky130_fd_sc_hd__a21oi_1)
     2    0.01    0.19    0.19    8.93 ^ hash/CA1/_3125_/Y (sky130_fd_sc_hd__a21oi_1)
                                         hash/CA1/_0762_ (net)
                  0.19    0.00    8.93 ^ hash/CA1/_3132_/A2 (sky130_fd_sc_hd__o21bai_1)
     1    0.00    0.05    0.08    9.02 v hash/CA1/_3132_/Y (sky130_fd_sc_hd__o21bai_1)
                                         hash/CA1/_0767_ (net)
                  0.05    0.00    9.02 v hash/CA1/_3133_/A2 (sky130_fd_sc_hd__a21o_1)
     2    0.01    0.05    0.20    9.21 v hash/CA1/_3133_/X (sky130_fd_sc_hd__a21o_1)
                                         hash/CA1/_0768_ (net)
                  0.05    0.00    9.21 v hash/CA1/_3143_/A2 (sky130_fd_sc_hd__a21o_1)
     1    0.00    0.03    0.17    9.38 v hash/CA1/_3143_/X (sky130_fd_sc_hd__a21o_1)
                                         hash/CA1/_0776_ (net)
                  0.03    0.00    9.38 v hash/CA1/_3144_/A2 (sky130_fd_sc_hd__a21oi_1)
     2    0.01    0.16    0.17    9.55 ^ hash/CA1/_3144_/Y (sky130_fd_sc_hd__a21oi_1)
                                         hash/CA1/_0777_ (net)
                  0.16    0.00    9.55 ^ hash/CA1/_3172_/A1 (sky130_fd_sc_hd__o21ai_0)
     1    0.00    0.09    0.13    9.68 v hash/CA1/_3172_/Y (sky130_fd_sc_hd__o21ai_0)
                                         hash/CA1/_0801_ (net)
                  0.09    0.00    9.68 v hash/CA1/_3173_/B1 (sky130_fd_sc_hd__a21oi_2)
     2    0.02    0.21    0.21    9.89 ^ hash/CA1/_3173_/Y (sky130_fd_sc_hd__a21oi_2)
                                         hash/CA1/_0802_ (net)
                  0.21    0.00    9.89 ^ hash/CA1/_3188_/A1 (sky130_fd_sc_hd__o21ai_2)
     4    0.02    0.09    0.14   10.03 v hash/CA1/_3188_/Y (sky130_fd_sc_hd__o21ai_2)
                                         hash/CA1/_0815_ (net)
                  0.09    0.00   10.03 v hash/CA1/_3212_/A1 (sky130_fd_sc_hd__a221oi_1)
     1    0.01    0.33    0.35   10.38 ^ hash/CA1/_3212_/Y (sky130_fd_sc_hd__a221oi_1)
                                         hash/CA1/_0835_ (net)
                  0.33    0.00   10.38 ^ hash/CA1/_3214_/A (sky130_fd_sc_hd__xnor2_1)
     1    0.00    0.07    0.12   10.50 v hash/CA1/_3214_/Y (sky130_fd_sc_hd__xnor2_1)
                                         hash/p3[31] (net)
                  0.07    0.00   10.50 v hash/p3_cap[31]$_DFF_P_/D (sky130_fd_sc_hd__dfxtp_1)
                                 10.50   data arrival time

                  0.00   10.00   10.00   clock core_clock (rise edge)
                          0.00   10.00   clock network delay (ideal)
                          0.00   10.00   clock reconvergence pessimism
                                 10.00 ^ hash/p3_cap[31]$_DFF_P_/CLK (sky130_fd_sc_hd__dfxtp_1)
                         -0.13    9.87   library setup time
                                  9.87   data required time
-----------------------------------------------------------------------------
                                  9.87   data required time
                                -10.50   data arrival time
-----------------------------------------------------------------------------
                                 -0.63   slack (VIOLATED)



==========================================================================
detailed place report_check_types -max_slew -max_cap -max_fanout -violators
--------------------------------------------------------------------------
max slew

Pin                                    Limit    Slew   Slack
------------------------------------------------------------
count15_1[3]$_SDFF_PP0_/Q               1.50    1.50   -0.01 (VIOLATED)
_17504_/S0                              1.50    1.50   -0.00 (VIOLATED)
_17373_/S0                              1.50    1.50   -0.00 (VIOLATED)
_17532_/S0                              1.50    1.50   -0.00 (VIOLATED)
_17401_/S0                              1.50    1.50   -0.00 (VIOLATED)
_17361_/S0                              1.50    1.50   -0.00 (VIOLATED)
_17387_/S0                              1.50    1.50   -0.00 (VIOLATED)
_17310_/S0                              1.50    1.50   -0.00 (VIOLATED)
_17336_/S0                              1.50    1.50   -0.00 (VIOLATED)
_17342_/S0                              1.50    1.50   -0.00 (VIOLATED)
_10616_/A                               1.50    1.50   -0.00 (VIOLATED)
_10621_/A                               1.50    1.50   -0.00 (VIOLATED)
_17328_/S0                              1.50    1.50   -0.00 (VIOLATED)
_17393_/S0                              1.50    1.50   -0.00 (VIOLATED)

max capacitance

Pin                                    Limit     Cap   Slack
------------------------------------------------------------
count15_1[3]$_SDFF_PP0_/Q               0.16    0.16   -0.00 (VIOLATED)


==========================================================================
detailed place max_slew_check_slack
--------------------------------------------------------------------------
-0.006800116039812565

==========================================================================
detailed place max_slew_check_limit
--------------------------------------------------------------------------
1.4979510307312012

==========================================================================
detailed place max_slew_check_slack_limit
--------------------------------------------------------------------------
-0.0045

==========================================================================
detailed place max_fanout_check_slack
--------------------------------------------------------------------------
1.0000000150474662e+30

==========================================================================
detailed place max_fanout_check_limit
--------------------------------------------------------------------------
1.0000000150474662e+30

==========================================================================
detailed place max_capacitance_check_slack
--------------------------------------------------------------------------
-0.0012475508265197277

==========================================================================
detailed place max_capacitance_check_limit
--------------------------------------------------------------------------
0.1620579957962036

==========================================================================
detailed place max_capacitance_check_slack_limit
--------------------------------------------------------------------------
-0.0077

==========================================================================
detailed place max_slew_violation_count
--------------------------------------------------------------------------
max slew violation count 14

==========================================================================
detailed place max_fanout_violation_count
--------------------------------------------------------------------------
max fanout violation count 0

==========================================================================
detailed place max_cap_violation_count
--------------------------------------------------------------------------
max cap violation count 1

==========================================================================
detailed place setup_violation_count
--------------------------------------------------------------------------
setup violation count 28

==========================================================================
detailed place hold_violation_count
--------------------------------------------------------------------------
hold violation count 0

==========================================================================
detailed place report_checks -path_delay max reg to reg
--------------------------------------------------------------------------
Startpoint: hash/p2_cap[11]$_DFF_P_
            (rising edge-triggered flip-flop clocked by core_clock)
Endpoint: hash/p3_cap[31]$_DFF_P_
          (rising edge-triggered flip-flop clocked by core_clock)
Path Group: core_clock
Path Type: max

  Delay    Time   Description
---------------------------------------------------------
   0.00    0.00   clock core_clock (rise edge)
   0.00    0.00   clock network delay (ideal)
   0.00    0.00 ^ hash/p2_cap[11]$_DFF_P_/CLK (sky130_fd_sc_hd__dfxtp_1)
   0.46    0.46 ^ hash/p2_cap[11]$_DFF_P_/Q (sky130_fd_sc_hd__dfxtp_1)
   0.51    0.98 v hash/CA2/S1/_00_/X (sky130_fd_sc_hd__xor3_1)
   0.20    1.18 v hash/CA2/_2242_/COUT (sky130_fd_sc_hd__ha_4)
   0.43    1.61 v hash/CA2/_2147_/COUT (sky130_fd_sc_hd__fa_1)
   0.21    1.82 v hash/CA2/_1225_/X (sky130_fd_sc_hd__a21o_1)
   0.23    2.05 ^ hash/CA2/_1226_/Y (sky130_fd_sc_hd__a21oi_2)
   0.09    2.14 v hash/CA2/_1758_/Y (sky130_fd_sc_hd__o21bai_1)
   0.19    2.33 ^ hash/CA2/_1759_/Y (sky130_fd_sc_hd__a21oi_1)
   0.18    2.51 v hash/CA2/_1760_/Y (sky130_fd_sc_hd__xnor2_1)
   0.26    2.78 v hash/CA2/_2254_/COUT (sky130_fd_sc_hd__ha_1)
   0.50    3.27 v hash/CA2/_2003_/X (sky130_fd_sc_hd__or4_1)
   0.32    3.59 ^ hash/CA2/_2004_/Y (sky130_fd_sc_hd__a311oi_2)
   0.11    3.69 v hash/CA2/_2005_/Y (sky130_fd_sc_hd__a211oi_4)
   0.27    3.97 ^ hash/CA2/_2047_/Y (sky130_fd_sc_hd__o211ai_1)
   0.15    4.12 v hash/CA2/_2063_/Y (sky130_fd_sc_hd__a21oi_1)
   0.32    4.44 v hash/CA2/_2064_/X (sky130_fd_sc_hd__a211o_4)
   0.27    4.71 v hash/CA2/_2086_/X (sky130_fd_sc_hd__a311o_1)
   0.17    4.89 ^ hash/CA2/_2087_/Y (sky130_fd_sc_hd__a21oi_1)
   0.10    4.99 v hash/CA2/_2088_/Y (sky130_fd_sc_hd__xnor2_1)
   0.36    5.35 v hash/_3540_/X (sky130_fd_sc_hd__mux2_8)
   0.25    5.59 ^ hash/CA1/S1/_00_/X (sky130_fd_sc_hd__xor3_1)
   0.20    5.80 ^ hash/CA1/_3621_/COUT (sky130_fd_sc_hd__ha_1)
   0.07    5.87 v hash/CA1/_2333_/Y (sky130_fd_sc_hd__inv_1)
   0.45    6.31 v hash/CA1/_3433_/COUT (sky130_fd_sc_hd__fa_1)
   0.16    6.48 ^ hash/CA1/_1984_/Y (sky130_fd_sc_hd__nor2b_1)
   0.08    6.56 v hash/CA1/_1985_/Y (sky130_fd_sc_hd__o21ai_2)
   0.09    6.65 ^ hash/CA1/_1986_/Y (sky130_fd_sc_hd__nand2b_4)
   0.08    6.74 v hash/CA1/_2009_/Y (sky130_fd_sc_hd__a21oi_2)
   0.26    7.00 v hash/CA1/_2071_/X (sky130_fd_sc_hd__o211a_4)
   0.18    7.18 ^ hash/CA1/_2074_/Y (sky130_fd_sc_hd__nor2_4)
   0.19    7.37 v hash/CA1/_2133_/Y (sky130_fd_sc_hd__a41oi_1)
   0.37    7.75 ^ hash/CA1/_2134_/Y (sky130_fd_sc_hd__xnor2_1)
   0.09    7.84 v hash/CA1/_2135_/Y (sky130_fd_sc_hd__inv_2)
   0.52    8.36 ^ hash/CA1/_3449_/SUM (sky130_fd_sc_hd__fa_1)
   0.10    8.46 v hash/CA1/_2380_/Y (sky130_fd_sc_hd__clkinv_1)
   0.28    8.74 v hash/CA1/_3668_/SUM (sky130_fd_sc_hd__ha_4)
   0.19    8.93 ^ hash/CA1/_3125_/Y (sky130_fd_sc_hd__a21oi_1)
   0.08    9.02 v hash/CA1/_3132_/Y (sky130_fd_sc_hd__o21bai_1)
   0.20    9.21 v hash/CA1/_3133_/X (sky130_fd_sc_hd__a21o_1)
   0.17    9.38 v hash/CA1/_3143_/X (sky130_fd_sc_hd__a21o_1)
   0.17    9.55 ^ hash/CA1/_3144_/Y (sky130_fd_sc_hd__a21oi_1)
   0.13    9.68 v hash/CA1/_3172_/Y (sky130_fd_sc_hd__o21ai_0)
   0.21    9.89 ^ hash/CA1/_3173_/Y (sky130_fd_sc_hd__a21oi_2)
   0.14   10.03 v hash/CA1/_3188_/Y (sky130_fd_sc_hd__o21ai_2)
   0.35   10.38 ^ hash/CA1/_3212_/Y (sky130_fd_sc_hd__a221oi_1)
   0.12   10.50 v hash/CA1/_3214_/Y (sky130_fd_sc_hd__xnor2_1)
   0.00   10.50 v hash/p3_cap[31]$_DFF_P_/D (sky130_fd_sc_hd__dfxtp_1)
          10.50   data arrival time

  10.00   10.00   clock core_clock (rise edge)
   0.00   10.00   clock network delay (ideal)
   0.00   10.00   clock reconvergence pessimism
          10.00 ^ hash/p3_cap[31]$_DFF_P_/CLK (sky130_fd_sc_hd__dfxtp_1)
  -0.13    9.87   library setup time
           9.87   data required time
---------------------------------------------------------
           9.87   data required time
         -10.50   data arrival time
---------------------------------------------------------
          -0.63   slack (VIOLATED)



==========================================================================
detailed place report_checks -path_delay min reg to reg
--------------------------------------------------------------------------
Startpoint: ready_dash$_SDFF_PP0_
            (rising edge-triggered flip-flop clocked by core_clock)
Endpoint: ready$_DFF_P_ (rising edge-triggered flip-flop clocked by core_clock)
Path Group: core_clock
Path Type: min

  Delay    Time   Description
---------------------------------------------------------
   0.00    0.00   clock core_clock (rise edge)
   0.00    0.00   clock network delay (ideal)
   0.00    0.00 ^ ready_dash$_SDFF_PP0_/CLK (sky130_fd_sc_hd__dfxtp_1)
   0.29    0.29 ^ ready_dash$_SDFF_PP0_/Q (sky130_fd_sc_hd__dfxtp_1)
   0.00    0.29 ^ ready$_DFF_P_/D (sky130_fd_sc_hd__dfxtp_1)
           0.29   data arrival time

   0.00    0.00   clock core_clock (rise edge)
   0.00    0.00   clock network delay (ideal)
   0.00    0.00   clock reconvergence pessimism
           0.00 ^ ready$_DFF_P_/CLK (sky130_fd_sc_hd__dfxtp_1)
  -0.04   -0.04   library hold time
          -0.04   data required time
---------------------------------------------------------
          -0.04   data required time
          -0.29   data arrival time
---------------------------------------------------------
           0.32   slack (MET)



==========================================================================
detailed place critical path target clock latency max path
--------------------------------------------------------------------------
0.0000

==========================================================================
detailed place critical path target clock latency min path
--------------------------------------------------------------------------
0.0000

==========================================================================
detailed place critical path source clock latency min path
--------------------------------------------------------------------------
0.0000

==========================================================================
detailed place critical path delay
--------------------------------------------------------------------------
10.4985

==========================================================================
detailed place critical path slack
--------------------------------------------------------------------------
-0.6315

==========================================================================
detailed place slack div critical path delay
--------------------------------------------------------------------------
-6.015145

==========================================================================
detailed place report_power
--------------------------------------------------------------------------
Group                  Internal  Switching    Leakage      Total
                          Power      Power      Power      Power (Watts)
----------------------------------------------------------------
Sequential             1.89e-02   2.41e-03   2.80e-08   2.13e-02   6.2%
Combinational          1.39e-01   1.85e-01   6.56e-08   3.24e-01  93.8%
Clock                  0.00e+00   0.00e+00   0.00e+00   0.00e+00   0.0%
Macro                  0.00e+00   0.00e+00   0.00e+00   0.00e+00   0.0%
Pad                    0.00e+00   0.00e+00   0.00e+00   0.00e+00   0.0%
----------------------------------------------------------------
Total                  1.58e-01   1.87e-01   9.36e-08   3.45e-01 100.0%
                          45.8%      54.2%       0.0%
