
==========================================================================
global place report_tns
--------------------------------------------------------------------------
tns -50.54

==========================================================================
global place report_wns
--------------------------------------------------------------------------
wns -2.10

==========================================================================
global place report_worst_slack
--------------------------------------------------------------------------
worst slack -2.10

==========================================================================
global place report_checks -path_delay min
--------------------------------------------------------------------------
Startpoint: ready_dash$_SDFF_PP0_
            (rising edge-triggered flip-flop clocked by core_clock)
Endpoint: ready$_DFF_P_ (rising edge-triggered flip-flop clocked by core_clock)
Path Group: core_clock
Path Type: min

Fanout     Cap    Slew   Delay    Time   Description
-----------------------------------------------------------------------------
                  0.00    0.00    0.00   clock core_clock (rise edge)
                          0.00    0.00   clock network delay (ideal)
                  0.00    0.00    0.00 ^ ready_dash$_SDFF_PP0_/CLK (sky130_fd_sc_hd__dfxtp_1)
     1    0.00    0.04    0.28    0.28 ^ ready_dash$_SDFF_PP0_/Q (sky130_fd_sc_hd__dfxtp_1)
                                         ready_dash (net)
                  0.04    0.00    0.28 ^ ready$_DFF_P_/D (sky130_fd_sc_hd__dfxtp_1)
                                  0.28   data arrival time

                  0.00    0.00    0.00   clock core_clock (rise edge)
                          0.00    0.00   clock network delay (ideal)
                          0.00    0.00   clock reconvergence pessimism
                                  0.00 ^ ready$_DFF_P_/CLK (sky130_fd_sc_hd__dfxtp_1)
                         -0.04   -0.04   library hold time
                                 -0.04   data required time
-----------------------------------------------------------------------------
                                 -0.04   data required time
                                 -0.28   data arrival time
-----------------------------------------------------------------------------
                                  0.32   slack (MET)



==========================================================================
global place report_checks -path_delay max
--------------------------------------------------------------------------
Startpoint: hash.p2_cap[25]$_DFF_P_
            (rising edge-triggered flip-flop clocked by core_clock)
Endpoint: hash.p2_cap[30]$_DFF_P_
          (rising edge-triggered flip-flop clocked by core_clock)
Path Group: core_clock
Path Type: max

Fanout     Cap    Slew   Delay    Time   Description
-----------------------------------------------------------------------------
                  0.00    0.00    0.00   clock core_clock (rise edge)
                          0.00    0.00   clock network delay (ideal)
                  0.00    0.00    0.00 ^ hash.p2_cap[25]$_DFF_P_/CLK (sky130_fd_sc_hd__dfxtp_1)
     7    0.06    0.59    0.68    0.68 ^ hash.p2_cap[25]$_DFF_P_/Q (sky130_fd_sc_hd__dfxtp_1)
                                         hash.CA2.S1.X[25] (net)
                  0.59    0.00    0.68 ^ _14773_/B (sky130_fd_sc_hd__xnor2_1)
     1    0.01    0.12    0.16    0.84 v _14773_/Y (sky130_fd_sc_hd__xnor2_1)
                                         _04381_ (net)
                  0.12    0.00    0.84 v _14774_/B (sky130_fd_sc_hd__xnor2_1)
     1    0.01    0.29    0.29    1.13 ^ _14774_/Y (sky130_fd_sc_hd__xnor2_1)
                                         _13230_ (net)
                  0.29    0.00    1.13 ^ _27607_/B (sky130_fd_sc_hd__ha_4)
     3    0.01    0.06    0.20    1.33 ^ _27607_/COUT (sky130_fd_sc_hd__ha_4)
                                         _13231_ (net)
                  0.06    0.00    1.33 ^ _18753_/A (sky130_fd_sc_hd__clkinv_1)
     1    0.01    0.08    0.09    1.42 v _18753_/Y (sky130_fd_sc_hd__clkinv_1)
                                         _12083_ (net)
                  0.08    0.00    1.42 v _27310_/A (sky130_fd_sc_hd__fa_1)
     2    0.01    0.12    0.49    1.91 v _27310_/COUT (sky130_fd_sc_hd__fa_1)
                                         _12086_ (net)
                  0.12    0.00    1.91 v _14919_/A (sky130_fd_sc_hd__nor2b_1)
     1    0.01    0.16    0.19    2.10 ^ _14919_/Y (sky130_fd_sc_hd__nor2b_1)
                                         _04507_ (net)
                  0.16    0.00    2.10 ^ _14920_/A2 (sky130_fd_sc_hd__o21ai_2)
     2    0.01    0.07    0.10    2.20 v _14920_/Y (sky130_fd_sc_hd__o21ai_2)
                                         _04508_ (net)
                  0.07    0.00    2.20 v _14921_/A2 (sky130_fd_sc_hd__a21boi_4)
     2    0.01    0.15    0.20    2.40 ^ _14921_/Y (sky130_fd_sc_hd__a21boi_4)
                                         _04509_ (net)
                  0.15    0.00    2.40 ^ _14966_/A2 (sky130_fd_sc_hd__o21a_4)
     2    0.01    0.05    0.15    2.55 ^ _14966_/X (sky130_fd_sc_hd__o21a_4)
                                         _04546_ (net)
                  0.05    0.00    2.55 ^ _15011_/A2 (sky130_fd_sc_hd__o21ai_2)
     2    0.01    0.07    0.07    2.62 v _15011_/Y (sky130_fd_sc_hd__o21ai_2)
                                         _04583_ (net)
                  0.07    0.00    2.62 v _15012_/B (sky130_fd_sc_hd__nand2_1)
     1    0.01    0.09    0.10    2.72 ^ _15012_/Y (sky130_fd_sc_hd__nand2_1)
                                         _04584_ (net)
                  0.09    0.00    2.72 ^ _15013_/A2 (sky130_fd_sc_hd__a21o_1)
     1    0.01    0.10    0.17    2.89 ^ _15013_/X (sky130_fd_sc_hd__a21o_1)
                                         _04585_ (net)
                  0.10    0.00    2.89 ^ _15014_/B (sky130_fd_sc_hd__xor2_2)
     2    0.03    0.33    0.31    3.20 ^ _15014_/X (sky130_fd_sc_hd__xor2_2)
                                         _13288_ (net)
                  0.33    0.00    3.20 ^ _27677_/B (sky130_fd_sc_hd__ha_1)
     5    0.02    0.13    0.37    3.57 v _27677_/SUM (sky130_fd_sc_hd__ha_1)
                                         _13461_ (net)
                  0.13    0.00    3.57 v _17915_/A1 (sky130_fd_sc_hd__a21o_1)
     1    0.00    0.04    0.19    3.77 v _17915_/X (sky130_fd_sc_hd__a21o_1)
                                         _06563_ (net)
                  0.04    0.00    3.77 v _17916_/A2 (sky130_fd_sc_hd__a21oi_1)
     1    0.01    0.16    0.17    3.94 ^ _17916_/Y (sky130_fd_sc_hd__a21oi_1)
                                         _06564_ (net)
                  0.16    0.00    3.94 ^ _17917_/A (sky130_fd_sc_hd__inv_2)
     3    0.01    0.05    0.08    4.02 v _17917_/Y (sky130_fd_sc_hd__inv_2)
                                         _06565_ (net)
                  0.05    0.00    4.02 v _17980_/C (sky130_fd_sc_hd__or4_4)
     2    0.01    0.09    0.49    4.51 v _17980_/X (sky130_fd_sc_hd__or4_4)
                                         _06617_ (net)
                  0.09    0.00    4.51 v _17994_/A2 (sky130_fd_sc_hd__a211oi_2)
     2    0.01    0.27    0.32    4.83 ^ _17994_/Y (sky130_fd_sc_hd__a211oi_2)
                                         _06627_ (net)
                  0.27    0.00    4.83 ^ _18047_/A1 (sky130_fd_sc_hd__o21ai_2)
     1    0.01    0.10    0.13    4.96 v _18047_/Y (sky130_fd_sc_hd__o21ai_2)
                                         _06668_ (net)
                  0.10    0.00    4.96 v _18050_/B1 (sky130_fd_sc_hd__a221oi_4)
     3    0.02    0.34    0.36    5.32 ^ _18050_/Y (sky130_fd_sc_hd__a221oi_4)
                                         _06671_ (net)
                  0.34    0.00    5.32 ^ _18090_/A (sky130_fd_sc_hd__nor2_1)
     1    0.00    0.07    0.09    5.41 v _18090_/Y (sky130_fd_sc_hd__nor2_1)
                                         _06703_ (net)
                  0.07    0.00    5.41 v _18091_/A3 (sky130_fd_sc_hd__o31a_1)
     2    0.02    0.10    0.30    5.71 v _18091_/X (sky130_fd_sc_hd__o31a_1)
                                         _06704_ (net)
                  0.10    0.00    5.71 v _18092_/A2 (sky130_fd_sc_hd__o21ai_4)
     3    0.02    0.20    0.21    5.92 ^ _18092_/Y (sky130_fd_sc_hd__o21ai_4)
                                         _06705_ (net)
                  0.20    0.00    5.92 ^ _18107_/A (sky130_fd_sc_hd__nor2_2)
     1    0.01    0.06    0.09    6.01 v _18107_/Y (sky130_fd_sc_hd__nor2_2)
                                         _06716_ (net)
                  0.06    0.00    6.01 v _18112_/C1 (sky130_fd_sc_hd__a211oi_4)
     7    0.06    0.67    0.55    6.56 ^ _18112_/Y (sky130_fd_sc_hd__a211oi_4)
                                         hash.CA1.S1.X[30] (net)
                  0.67    0.00    6.56 ^ _20011_/A (sky130_fd_sc_hd__xnor2_1)
     1    0.01    0.16    0.22    6.78 v _20011_/Y (sky130_fd_sc_hd__xnor2_1)
                                         _13896_ (net)
                  0.16    0.00    6.78 v _27835_/A (sky130_fd_sc_hd__ha_4)
     3    0.01    0.04    0.22    7.00 v _27835_/COUT (sky130_fd_sc_hd__ha_4)
                                         _13898_ (net)
                  0.04    0.00    7.00 v _18498_/B (sky130_fd_sc_hd__or3_4)
     1    0.00    0.07    0.36    7.36 v _18498_/X (sky130_fd_sc_hd__or3_4)
                                         _06951_ (net)
                  0.07    0.00    7.36 v _18499_/C1 (sky130_fd_sc_hd__a311oi_2)
     2    0.02    0.37    0.33    7.69 ^ _18499_/Y (sky130_fd_sc_hd__a311oi_2)
                                         _06952_ (net)
                  0.37    0.00    7.69 ^ _18500_/B (sky130_fd_sc_hd__or2_4)
     3    0.01    0.06    0.21    7.89 ^ _18500_/X (sky130_fd_sc_hd__or2_4)
                                         _06953_ (net)
                  0.06    0.00    7.89 ^ _18721_/A2 (sky130_fd_sc_hd__o21bai_1)
     1    0.01    0.07    0.07    7.97 v _18721_/Y (sky130_fd_sc_hd__o21bai_1)
                                         _07116_ (net)
                  0.07    0.00    7.97 v _18722_/A2 (sky130_fd_sc_hd__a21oi_2)
     2    0.01    0.17    0.20    8.16 ^ _18722_/Y (sky130_fd_sc_hd__a21oi_2)
                                         _07117_ (net)
                  0.17    0.00    8.16 ^ _18723_/B (sky130_fd_sc_hd__xnor2_1)
     1    0.01    0.20    0.17    8.33 ^ _18723_/Y (sky130_fd_sc_hd__xnor2_1)
                                         _12720_ (net)
                  0.20    0.00    8.33 ^ _27455_/CIN (sky130_fd_sc_hd__fa_1)
     1    0.00    0.08    0.45    8.79 v _27455_/SUM (sky130_fd_sc_hd__fa_1)
                                         _12722_ (net)
                  0.08    0.00    8.79 v _27919_/B (sky130_fd_sc_hd__ha_1)
     4    0.02    0.12    0.36    9.15 v _27919_/SUM (sky130_fd_sc_hd__ha_1)
                                         _14158_ (net)
                  0.12    0.00    9.15 v _23293_/A1 (sky130_fd_sc_hd__a21o_1)
     1    0.01    0.05    0.20    9.34 v _23293_/X (sky130_fd_sc_hd__a21o_1)
                                         _09340_ (net)
                  0.05    0.00    9.34 v _23294_/A2 (sky130_fd_sc_hd__a21o_4)
     3    0.02    0.05    0.23    9.57 v _23294_/X (sky130_fd_sc_hd__a21o_4)
                                         _09341_ (net)
                  0.05    0.00    9.57 v _23310_/B1 (sky130_fd_sc_hd__a21oi_1)
     1    0.01    0.16    0.15    9.73 ^ _23310_/Y (sky130_fd_sc_hd__a21oi_1)
                                         _09356_ (net)
                  0.16    0.00    9.73 ^ _23311_/B1 (sky130_fd_sc_hd__o21ai_2)
     2    0.01    0.08    0.10    9.83 v _23311_/Y (sky130_fd_sc_hd__o21ai_2)
                                         _09357_ (net)
                  0.08    0.00    9.83 v _23319_/C (sky130_fd_sc_hd__nor3_1)
     2    0.01    0.24    0.21   10.04 ^ _23319_/Y (sky130_fd_sc_hd__nor3_1)
                                         _09363_ (net)
                  0.24    0.00   10.04 ^ _23329_/A (sky130_fd_sc_hd__or3_4)
     2    0.01    0.05    0.19   10.23 ^ _23329_/X (sky130_fd_sc_hd__or3_4)
                                         _09371_ (net)
                  0.05    0.00   10.23 ^ _23344_/A1 (sky130_fd_sc_hd__a31oi_2)
     3    0.01    0.12    0.12   10.35 v _23344_/Y (sky130_fd_sc_hd__a31oi_2)
                                         _09384_ (net)
                  0.12    0.00   10.35 v _23354_/A4 (sky130_fd_sc_hd__a41o_4)
     3    0.01    0.05    0.32   10.68 v _23354_/X (sky130_fd_sc_hd__a41o_4)
                                         _09392_ (net)
                  0.05    0.00   10.68 v _23377_/A4 (sky130_fd_sc_hd__o41ai_2)
     2    0.01    0.35    0.29   10.97 ^ _23377_/Y (sky130_fd_sc_hd__o41ai_2)
                                         _09411_ (net)
                  0.35    0.00   10.97 ^ _23386_/A1 (sky130_fd_sc_hd__o22ai_1)
     2    0.01    0.10    0.17   11.14 v _23386_/Y (sky130_fd_sc_hd__o22ai_1)
                                         _09418_ (net)
                  0.10    0.00   11.14 v _23397_/A4 (sky130_fd_sc_hd__o41ai_1)
     2    0.01    0.47    0.41   11.55 ^ _23397_/Y (sky130_fd_sc_hd__o41ai_1)
                                         _09427_ (net)
                  0.47    0.00   11.55 ^ _23404_/A2 (sky130_fd_sc_hd__o21bai_1)
     1    0.00    0.09    0.12   11.67 v _23404_/Y (sky130_fd_sc_hd__o21bai_1)
                                         _09432_ (net)
                  0.09    0.00   11.67 v _23405_/A2 (sky130_fd_sc_hd__a21oi_1)
     1    0.01    0.16    0.19   11.86 ^ _23405_/Y (sky130_fd_sc_hd__a21oi_1)
                                         _09433_ (net)
                  0.16    0.00   11.86 ^ _23406_/B (sky130_fd_sc_hd__xnor2_1)
     1    0.01    0.16    0.15   12.02 ^ _23406_/Y (sky130_fd_sc_hd__xnor2_1)
                                         hash.CA1.p2[30] (net)
                  0.16    0.00   12.02 ^ hash.p2_cap[30]$_DFF_P_/D (sky130_fd_sc_hd__dfxtp_1)
                                 12.02   data arrival time

                  0.00   10.00   10.00   clock core_clock (rise edge)
                          0.00   10.00   clock network delay (ideal)
                          0.00   10.00   clock reconvergence pessimism
                                 10.00 ^ hash.p2_cap[30]$_DFF_P_/CLK (sky130_fd_sc_hd__dfxtp_1)
                         -0.09    9.91   library setup time
                                  9.91   data required time
-----------------------------------------------------------------------------
                                  9.91   data required time
                                -12.02   data arrival time
-----------------------------------------------------------------------------
                                 -2.10   slack (VIOLATED)



==========================================================================
global place report_checks -unconstrained
--------------------------------------------------------------------------
Startpoint: hash.p2_cap[25]$_DFF_P_
            (rising edge-triggered flip-flop clocked by core_clock)
Endpoint: hash.p2_cap[30]$_DFF_P_
          (rising edge-triggered flip-flop clocked by core_clock)
Path Group: core_clock
Path Type: max

Fanout     Cap    Slew   Delay    Time   Description
-----------------------------------------------------------------------------
                  0.00    0.00    0.00   clock core_clock (rise edge)
                          0.00    0.00   clock network delay (ideal)
                  0.00    0.00    0.00 ^ hash.p2_cap[25]$_DFF_P_/CLK (sky130_fd_sc_hd__dfxtp_1)
     7    0.06    0.59    0.68    0.68 ^ hash.p2_cap[25]$_DFF_P_/Q (sky130_fd_sc_hd__dfxtp_1)
                                         hash.CA2.S1.X[25] (net)
                  0.59    0.00    0.68 ^ _14773_/B (sky130_fd_sc_hd__xnor2_1)
     1    0.01    0.12    0.16    0.84 v _14773_/Y (sky130_fd_sc_hd__xnor2_1)
                                         _04381_ (net)
                  0.12    0.00    0.84 v _14774_/B (sky130_fd_sc_hd__xnor2_1)
     1    0.01    0.29    0.29    1.13 ^ _14774_/Y (sky130_fd_sc_hd__xnor2_1)
                                         _13230_ (net)
                  0.29    0.00    1.13 ^ _27607_/B (sky130_fd_sc_hd__ha_4)
     3    0.01    0.06    0.20    1.33 ^ _27607_/COUT (sky130_fd_sc_hd__ha_4)
                                         _13231_ (net)
                  0.06    0.00    1.33 ^ _18753_/A (sky130_fd_sc_hd__clkinv_1)
     1    0.01    0.08    0.09    1.42 v _18753_/Y (sky130_fd_sc_hd__clkinv_1)
                                         _12083_ (net)
                  0.08    0.00    1.42 v _27310_/A (sky130_fd_sc_hd__fa_1)
     2    0.01    0.12    0.49    1.91 v _27310_/COUT (sky130_fd_sc_hd__fa_1)
                                         _12086_ (net)
                  0.12    0.00    1.91 v _14919_/A (sky130_fd_sc_hd__nor2b_1)
     1    0.01    0.16    0.19    2.10 ^ _14919_/Y (sky130_fd_sc_hd__nor2b_1)
                                         _04507_ (net)
                  0.16    0.00    2.10 ^ _14920_/A2 (sky130_fd_sc_hd__o21ai_2)
     2    0.01    0.07    0.10    2.20 v _14920_/Y (sky130_fd_sc_hd__o21ai_2)
                                         _04508_ (net)
                  0.07    0.00    2.20 v _14921_/A2 (sky130_fd_sc_hd__a21boi_4)
     2    0.01    0.15    0.20    2.40 ^ _14921_/Y (sky130_fd_sc_hd__a21boi_4)
                                         _04509_ (net)
                  0.15    0.00    2.40 ^ _14966_/A2 (sky130_fd_sc_hd__o21a_4)
     2    0.01    0.05    0.15    2.55 ^ _14966_/X (sky130_fd_sc_hd__o21a_4)
                                         _04546_ (net)
                  0.05    0.00    2.55 ^ _15011_/A2 (sky130_fd_sc_hd__o21ai_2)
     2    0.01    0.07    0.07    2.62 v _15011_/Y (sky130_fd_sc_hd__o21ai_2)
                                         _04583_ (net)
                  0.07    0.00    2.62 v _15012_/B (sky130_fd_sc_hd__nand2_1)
     1    0.01    0.09    0.10    2.72 ^ _15012_/Y (sky130_fd_sc_hd__nand2_1)
                                         _04584_ (net)
                  0.09    0.00    2.72 ^ _15013_/A2 (sky130_fd_sc_hd__a21o_1)
     1    0.01    0.10    0.17    2.89 ^ _15013_/X (sky130_fd_sc_hd__a21o_1)
                                         _04585_ (net)
                  0.10    0.00    2.89 ^ _15014_/B (sky130_fd_sc_hd__xor2_2)
     2    0.03    0.33    0.31    3.20 ^ _15014_/X (sky130_fd_sc_hd__xor2_2)
                                         _13288_ (net)
                  0.33    0.00    3.20 ^ _27677_/B (sky130_fd_sc_hd__ha_1)
     5    0.02    0.13    0.37    3.57 v _27677_/SUM (sky130_fd_sc_hd__ha_1)
                                         _13461_ (net)
                  0.13    0.00    3.57 v _17915_/A1 (sky130_fd_sc_hd__a21o_1)
     1    0.00    0.04    0.19    3.77 v _17915_/X (sky130_fd_sc_hd__a21o_1)
                                         _06563_ (net)
                  0.04    0.00    3.77 v _17916_/A2 (sky130_fd_sc_hd__a21oi_1)
     1    0.01    0.16    0.17    3.94 ^ _17916_/Y (sky130_fd_sc_hd__a21oi_1)
                                         _06564_ (net)
                  0.16    0.00    3.94 ^ _17917_/A (sky130_fd_sc_hd__inv_2)
     3    0.01    0.05    0.08    4.02 v _17917_/Y (sky130_fd_sc_hd__inv_2)
                                         _06565_ (net)
                  0.05    0.00    4.02 v _17980_/C (sky130_fd_sc_hd__or4_4)
     2    0.01    0.09    0.49    4.51 v _17980_/X (sky130_fd_sc_hd__or4_4)
                                         _06617_ (net)
                  0.09    0.00    4.51 v _17994_/A2 (sky130_fd_sc_hd__a211oi_2)
     2    0.01    0.27    0.32    4.83 ^ _17994_/Y (sky130_fd_sc_hd__a211oi_2)
                                         _06627_ (net)
                  0.27    0.00    4.83 ^ _18047_/A1 (sky130_fd_sc_hd__o21ai_2)
     1    0.01    0.10    0.13    4.96 v _18047_/Y (sky130_fd_sc_hd__o21ai_2)
                                         _06668_ (net)
                  0.10    0.00    4.96 v _18050_/B1 (sky130_fd_sc_hd__a221oi_4)
     3    0.02    0.34    0.36    5.32 ^ _18050_/Y (sky130_fd_sc_hd__a221oi_4)
                                         _06671_ (net)
                  0.34    0.00    5.32 ^ _18090_/A (sky130_fd_sc_hd__nor2_1)
     1    0.00    0.07    0.09    5.41 v _18090_/Y (sky130_fd_sc_hd__nor2_1)
                                         _06703_ (net)
                  0.07    0.00    5.41 v _18091_/A3 (sky130_fd_sc_hd__o31a_1)
     2    0.02    0.10    0.30    5.71 v _18091_/X (sky130_fd_sc_hd__o31a_1)
                                         _06704_ (net)
                  0.10    0.00    5.71 v _18092_/A2 (sky130_fd_sc_hd__o21ai_4)
     3    0.02    0.20    0.21    5.92 ^ _18092_/Y (sky130_fd_sc_hd__o21ai_4)
                                         _06705_ (net)
                  0.20    0.00    5.92 ^ _18107_/A (sky130_fd_sc_hd__nor2_2)
     1    0.01    0.06    0.09    6.01 v _18107_/Y (sky130_fd_sc_hd__nor2_2)
                                         _06716_ (net)
                  0.06    0.00    6.01 v _18112_/C1 (sky130_fd_sc_hd__a211oi_4)
     7    0.06    0.67    0.55    6.56 ^ _18112_/Y (sky130_fd_sc_hd__a211oi_4)
                                         hash.CA1.S1.X[30] (net)
                  0.67    0.00    6.56 ^ _20011_/A (sky130_fd_sc_hd__xnor2_1)
     1    0.01    0.16    0.22    6.78 v _20011_/Y (sky130_fd_sc_hd__xnor2_1)
                                         _13896_ (net)
                  0.16    0.00    6.78 v _27835_/A (sky130_fd_sc_hd__ha_4)
     3    0.01    0.04    0.22    7.00 v _27835_/COUT (sky130_fd_sc_hd__ha_4)
                                         _13898_ (net)
                  0.04    0.00    7.00 v _18498_/B (sky130_fd_sc_hd__or3_4)
     1    0.00    0.07    0.36    7.36 v _18498_/X (sky130_fd_sc_hd__or3_4)
                                         _06951_ (net)
                  0.07    0.00    7.36 v _18499_/C1 (sky130_fd_sc_hd__a311oi_2)
     2    0.02    0.37    0.33    7.69 ^ _18499_/Y (sky130_fd_sc_hd__a311oi_2)
                                         _06952_ (net)
                  0.37    0.00    7.69 ^ _18500_/B (sky130_fd_sc_hd__or2_4)
     3    0.01    0.06    0.21    7.89 ^ _18500_/X (sky130_fd_sc_hd__or2_4)
                                         _06953_ (net)
                  0.06    0.00    7.89 ^ _18721_/A2 (sky130_fd_sc_hd__o21bai_1)
     1    0.01    0.07    0.07    7.97 v _18721_/Y (sky130_fd_sc_hd__o21bai_1)
                                         _07116_ (net)
                  0.07    0.00    7.97 v _18722_/A2 (sky130_fd_sc_hd__a21oi_2)
     2    0.01    0.17    0.20    8.16 ^ _18722_/Y (sky130_fd_sc_hd__a21oi_2)
                                         _07117_ (net)
                  0.17    0.00    8.16 ^ _18723_/B (sky130_fd_sc_hd__xnor2_1)
     1    0.01    0.20    0.17    8.33 ^ _18723_/Y (sky130_fd_sc_hd__xnor2_1)
                                         _12720_ (net)
                  0.20    0.00    8.33 ^ _27455_/CIN (sky130_fd_sc_hd__fa_1)
     1    0.00    0.08    0.45    8.79 v _27455_/SUM (sky130_fd_sc_hd__fa_1)
                                         _12722_ (net)
                  0.08    0.00    8.79 v _27919_/B (sky130_fd_sc_hd__ha_1)
     4    0.02    0.12    0.36    9.15 v _27919_/SUM (sky130_fd_sc_hd__ha_1)
                                         _14158_ (net)
                  0.12    0.00    9.15 v _23293_/A1 (sky130_fd_sc_hd__a21o_1)
     1    0.01    0.05    0.20    9.34 v _23293_/X (sky130_fd_sc_hd__a21o_1)
                                         _09340_ (net)
                  0.05    0.00    9.34 v _23294_/A2 (sky130_fd_sc_hd__a21o_4)
     3    0.02    0.05    0.23    9.57 v _23294_/X (sky130_fd_sc_hd__a21o_4)
                                         _09341_ (net)
                  0.05    0.00    9.57 v _23310_/B1 (sky130_fd_sc_hd__a21oi_1)
     1    0.01    0.16    0.15    9.73 ^ _23310_/Y (sky130_fd_sc_hd__a21oi_1)
                                         _09356_ (net)
                  0.16    0.00    9.73 ^ _23311_/B1 (sky130_fd_sc_hd__o21ai_2)
     2    0.01    0.08    0.10    9.83 v _23311_/Y (sky130_fd_sc_hd__o21ai_2)
                                         _09357_ (net)
                  0.08    0.00    9.83 v _23319_/C (sky130_fd_sc_hd__nor3_1)
     2    0.01    0.24    0.21   10.04 ^ _23319_/Y (sky130_fd_sc_hd__nor3_1)
                                         _09363_ (net)
                  0.24    0.00   10.04 ^ _23329_/A (sky130_fd_sc_hd__or3_4)
     2    0.01    0.05    0.19   10.23 ^ _23329_/X (sky130_fd_sc_hd__or3_4)
                                         _09371_ (net)
                  0.05    0.00   10.23 ^ _23344_/A1 (sky130_fd_sc_hd__a31oi_2)
     3    0.01    0.12    0.12   10.35 v _23344_/Y (sky130_fd_sc_hd__a31oi_2)
                                         _09384_ (net)
                  0.12    0.00   10.35 v _23354_/A4 (sky130_fd_sc_hd__a41o_4)
     3    0.01    0.05    0.32   10.68 v _23354_/X (sky130_fd_sc_hd__a41o_4)
                                         _09392_ (net)
                  0.05    0.00   10.68 v _23377_/A4 (sky130_fd_sc_hd__o41ai_2)
     2    0.01    0.35    0.29   10.97 ^ _23377_/Y (sky130_fd_sc_hd__o41ai_2)
                                         _09411_ (net)
                  0.35    0.00   10.97 ^ _23386_/A1 (sky130_fd_sc_hd__o22ai_1)
     2    0.01    0.10    0.17   11.14 v _23386_/Y (sky130_fd_sc_hd__o22ai_1)
                                         _09418_ (net)
                  0.10    0.00   11.14 v _23397_/A4 (sky130_fd_sc_hd__o41ai_1)
     2    0.01    0.47    0.41   11.55 ^ _23397_/Y (sky130_fd_sc_hd__o41ai_1)
                                         _09427_ (net)
                  0.47    0.00   11.55 ^ _23404_/A2 (sky130_fd_sc_hd__o21bai_1)
     1    0.00    0.09    0.12   11.67 v _23404_/Y (sky130_fd_sc_hd__o21bai_1)
                                         _09432_ (net)
                  0.09    0.00   11.67 v _23405_/A2 (sky130_fd_sc_hd__a21oi_1)
     1    0.01    0.16    0.19   11.86 ^ _23405_/Y (sky130_fd_sc_hd__a21oi_1)
                                         _09433_ (net)
                  0.16    0.00   11.86 ^ _23406_/B (sky130_fd_sc_hd__xnor2_1)
     1    0.01    0.16    0.15   12.02 ^ _23406_/Y (sky130_fd_sc_hd__xnor2_1)
                                         hash.CA1.p2[30] (net)
                  0.16    0.00   12.02 ^ hash.p2_cap[30]$_DFF_P_/D (sky130_fd_sc_hd__dfxtp_1)
                                 12.02   data arrival time

                  0.00   10.00   10.00   clock core_clock (rise edge)
                          0.00   10.00   clock network delay (ideal)
                          0.00   10.00   clock reconvergence pessimism
                                 10.00 ^ hash.p2_cap[30]$_DFF_P_/CLK (sky130_fd_sc_hd__dfxtp_1)
                         -0.09    9.91   library setup time
                                  9.91   data required time
-----------------------------------------------------------------------------
                                  9.91   data required time
                                -12.02   data arrival time
-----------------------------------------------------------------------------
                                 -2.10   slack (VIOLATED)



==========================================================================
global place report_power
--------------------------------------------------------------------------
Group                  Internal  Switching    Leakage      Total
                          Power      Power      Power      Power (Watts)
----------------------------------------------------------------
Sequential             1.97e-02   3.00e-03   2.77e-08   2.27e-02   5.5%
Combinational          1.64e-01   2.28e-01   5.33e-08   3.92e-01  94.5%
Clock                  0.00e+00   0.00e+00   0.00e+00   0.00e+00   0.0%
Macro                  0.00e+00   0.00e+00   0.00e+00   0.00e+00   0.0%
Pad                    0.00e+00   0.00e+00   0.00e+00   0.00e+00   0.0%
----------------------------------------------------------------
Total                  1.84e-01   2.31e-01   8.09e-08   4.15e-01 100.0%
                          44.4%      55.6%       0.0%
