
==========================================================================
cts final report_tns
--------------------------------------------------------------------------
tns -4.49

==========================================================================
cts final report_wns
--------------------------------------------------------------------------
wns -0.82

==========================================================================
cts final report_worst_slack
--------------------------------------------------------------------------
worst slack -0.82

==========================================================================
cts final report_clock_skew
--------------------------------------------------------------------------
Clock core_clock
   0.99 source latency w[0][22]$_DFFE_PP_/CLK ^
  -1.11 target latency w[52][16]$_SDFFCE_PN0P_/CLK ^
   0.00 CRPR
--------------
  -0.12 setup skew


==========================================================================
cts final report_checks -path_delay min
--------------------------------------------------------------------------
Startpoint: ready_dash$_SDFF_PP0_
            (rising edge-triggered flip-flop clocked by core_clock)
Endpoint: ready$_DFF_P_ (rising edge-triggered flip-flop clocked by core_clock)
Path Group: core_clock
Path Type: min

Fanout     Cap    Slew   Delay    Time   Description
-----------------------------------------------------------------------------
                          0.00    0.00   clock core_clock (rise edge)
                          0.00    0.00   clock source latency
     1    0.16    0.00    0.00    0.00 ^ clk (in)
                                         clk (net)
                  0.01    0.01    0.01 ^ clkbuf_0_clk/A (sky130_fd_sc_hd__clkbuf_16)
     4    0.21    0.22    0.25    0.26 ^ clkbuf_0_clk/X (sky130_fd_sc_hd__clkbuf_16)
                                         clknet_0_clk (net)
                  0.22    0.00    0.26 ^ clkbuf_2_3_0_clk/A (sky130_fd_sc_hd__clkbuf_16)
     8    0.20    0.21    0.31    0.57 ^ clkbuf_2_3_0_clk/X (sky130_fd_sc_hd__clkbuf_16)
                                         clknet_2_3_0_clk (net)
                  0.21    0.00    0.57 ^ clkbuf_5_25__f_clk/A (sky130_fd_sc_hd__clkbuf_16)
     6    0.13    0.14    0.26    0.83 ^ clkbuf_5_25__f_clk/X (sky130_fd_sc_hd__clkbuf_16)
                                         clknet_5_25__leaf_clk (net)
                  0.14    0.00    0.83 ^ clkbuf_leaf_177_clk/A (sky130_fd_sc_hd__clkbuf_16)
    10    0.03    0.05    0.17    1.00 ^ clkbuf_leaf_177_clk/X (sky130_fd_sc_hd__clkbuf_16)
                                         clknet_leaf_177_clk (net)
                  0.05    0.00    1.00 ^ ready_dash$_SDFF_PP0_/CLK (sky130_fd_sc_hd__dfxtp_1)
     1    0.00    0.04    0.30    1.30 ^ ready_dash$_SDFF_PP0_/Q (sky130_fd_sc_hd__dfxtp_1)
                                         ready_dash (net)
                  0.04    0.00    1.30 ^ ready$_DFF_P_/D (sky130_fd_sc_hd__dfxtp_1)
                                  1.30   data arrival time

                          0.00    0.00   clock core_clock (rise edge)
                          0.00    0.00   clock source latency
     1    0.16    0.00    0.00    0.00 ^ clk (in)
                                         clk (net)
                  0.01    0.01    0.01 ^ clkbuf_0_clk/A (sky130_fd_sc_hd__clkbuf_16)
     4    0.21    0.22    0.25    0.26 ^ clkbuf_0_clk/X (sky130_fd_sc_hd__clkbuf_16)
                                         clknet_0_clk (net)
                  0.22    0.00    0.26 ^ clkbuf_2_3_0_clk/A (sky130_fd_sc_hd__clkbuf_16)
     8    0.20    0.21    0.31    0.57 ^ clkbuf_2_3_0_clk/X (sky130_fd_sc_hd__clkbuf_16)
                                         clknet_2_3_0_clk (net)
                  0.21    0.00    0.57 ^ clkbuf_5_25__f_clk/A (sky130_fd_sc_hd__clkbuf_16)
     6    0.13    0.14    0.26    0.83 ^ clkbuf_5_25__f_clk/X (sky130_fd_sc_hd__clkbuf_16)
                                         clknet_5_25__leaf_clk (net)
                  0.14    0.00    0.83 ^ clkbuf_leaf_177_clk/A (sky130_fd_sc_hd__clkbuf_16)
    10    0.03    0.05    0.17    1.00 ^ clkbuf_leaf_177_clk/X (sky130_fd_sc_hd__clkbuf_16)
                                         clknet_leaf_177_clk (net)
                  0.05    0.00    1.00 ^ ready$_DFF_P_/CLK (sky130_fd_sc_hd__dfxtp_1)
                          0.00    1.00   clock reconvergence pessimism
                         -0.03    0.97   library hold time
                                  0.97   data required time
-----------------------------------------------------------------------------
                                  0.97   data required time
                                 -1.30   data arrival time
-----------------------------------------------------------------------------
                                  0.33   slack (MET)



==========================================================================
cts final report_checks -path_delay max
--------------------------------------------------------------------------
Startpoint: hash.p2_cap[7]$_DFF_P_
            (rising edge-triggered flip-flop clocked by core_clock)
Endpoint: hash.p2_cap[30]$_DFF_P_
          (rising edge-triggered flip-flop clocked by core_clock)
Path Group: core_clock
Path Type: max

Fanout     Cap    Slew   Delay    Time   Description
-----------------------------------------------------------------------------
                          0.00    0.00   clock core_clock (rise edge)
                          0.00    0.00   clock source latency
     1    0.16    0.00    0.00    0.00 ^ clk (in)
                                         clk (net)
                  0.01    0.01    0.01 ^ clkbuf_0_clk/A (sky130_fd_sc_hd__clkbuf_16)
     4    0.21    0.22    0.25    0.26 ^ clkbuf_0_clk/X (sky130_fd_sc_hd__clkbuf_16)
                                         clknet_0_clk (net)
                  0.22    0.00    0.26 ^ clkbuf_2_3_0_clk/A (sky130_fd_sc_hd__clkbuf_16)
     8    0.20    0.21    0.31    0.57 ^ clkbuf_2_3_0_clk/X (sky130_fd_sc_hd__clkbuf_16)
                                         clknet_2_3_0_clk (net)
                  0.21    0.00    0.57 ^ clkbuf_5_26__f_clk/A (sky130_fd_sc_hd__clkbuf_16)
     9    0.15    0.16    0.27    0.85 ^ clkbuf_5_26__f_clk/X (sky130_fd_sc_hd__clkbuf_16)
                                         clknet_5_26__leaf_clk (net)
                  0.16    0.00    0.85 ^ clkbuf_leaf_172_clk/A (sky130_fd_sc_hd__clkbuf_16)
     9    0.04    0.06    0.18    1.03 ^ clkbuf_leaf_172_clk/X (sky130_fd_sc_hd__clkbuf_16)
                                         clknet_leaf_172_clk (net)
                  0.06    0.00    1.03 ^ hash.p2_cap[7]$_DFF_P_/CLK (sky130_fd_sc_hd__dfxtp_4)
     7    0.04    0.07    0.38    1.41 v hash.p2_cap[7]$_DFF_P_/Q (sky130_fd_sc_hd__dfxtp_4)
                                         hash.CA2.S1.X[7] (net)
                  0.07    0.00    1.41 v _14842_/A (sky130_fd_sc_hd__xnor2_4)
     1    0.01    0.06    0.15    1.56 v _14842_/Y (sky130_fd_sc_hd__xnor2_4)
                                         _04446_ (net)
                  0.06    0.00    1.56 v _14843_/A (sky130_fd_sc_hd__xnor2_2)
     2    0.01    0.21    0.23    1.79 ^ _14843_/Y (sky130_fd_sc_hd__xnor2_2)
                                         _13237_ (net)
                  0.21    0.00    1.79 ^ rebuffer14/A (sky130_fd_sc_hd__buf_2)
     1    0.01    0.05    0.16    1.95 ^ rebuffer14/X (sky130_fd_sc_hd__buf_2)
                                         net1048 (net)
                  0.05    0.00    1.95 ^ _14844_/A (sky130_fd_sc_hd__clkinv_2)
     1    0.01    0.04    0.06    2.01 v _14844_/Y (sky130_fd_sc_hd__clkinv_2)
                                         _12085_ (net)
                  0.04    0.00    2.01 v _27310_/A (sky130_fd_sc_hd__fa_2)
     2    0.01    0.07    0.38    2.38 v _27310_/COUT (sky130_fd_sc_hd__fa_2)
                                         _12086_ (net)
                  0.07    0.00    2.38 v _14919_/A (sky130_fd_sc_hd__nor2b_1)
     1    0.01    0.13    0.14    2.53 ^ _14919_/Y (sky130_fd_sc_hd__nor2b_1)
                                         _04507_ (net)
                  0.13    0.00    2.53 ^ _14920_/A2 (sky130_fd_sc_hd__o21ai_2)
     2    0.01    0.06    0.08    2.60 v _14920_/Y (sky130_fd_sc_hd__o21ai_2)
                                         _04508_ (net)
                  0.06    0.00    2.60 v _14921_/A1 (sky130_fd_sc_hd__a21boi_2)
     2    0.00    0.10    0.13    2.74 ^ _14921_/Y (sky130_fd_sc_hd__a21boi_2)
                                         _04509_ (net)
                  0.10    0.00    2.74 ^ _14966_/A1 (sky130_fd_sc_hd__o21a_1)
     2    0.01    0.10    0.17    2.91 ^ _14966_/X (sky130_fd_sc_hd__o21a_1)
                                         _04546_ (net)
                  0.10    0.00    2.91 ^ _15011_/A2 (sky130_fd_sc_hd__o21ai_2)
     2    0.01    0.06    0.08    2.99 v _15011_/Y (sky130_fd_sc_hd__o21ai_2)
                                         _04583_ (net)
                  0.06    0.00    2.99 v _15054_/A1 (sky130_fd_sc_hd__a21boi_2)
     2    0.02    0.22    0.23    3.22 ^ _15054_/Y (sky130_fd_sc_hd__a21boi_2)
                                         _04618_ (net)
                  0.22    0.00    3.22 ^ _15079_/A3 (sky130_fd_sc_hd__o31ai_4)
     3    0.01    0.07    0.09    3.31 v _15079_/Y (sky130_fd_sc_hd__o31ai_4)
                                         _04635_ (net)
                  0.07    0.00    3.31 v rebuffer10/A (sky130_fd_sc_hd__buf_6)
     1    0.02    0.03    0.13    3.45 v rebuffer10/X (sky130_fd_sc_hd__buf_6)
                                         net1044 (net)
                  0.03    0.00    3.45 v _15080_/A (sky130_fd_sc_hd__xnor2_4)
     2    0.03    0.24    0.24    3.69 ^ _15080_/Y (sky130_fd_sc_hd__xnor2_4)
                                         _13316_ (net)
                  0.24    0.00    3.69 ^ _27681_/A (sky130_fd_sc_hd__ha_4)
     4    0.02    0.06    0.27    3.96 v _27681_/SUM (sky130_fd_sc_hd__ha_4)
                                         _13469_ (net)
                  0.06    0.00    3.96 v _17944_/A2 (sky130_fd_sc_hd__a21oi_4)
     3    0.02    0.18    0.21    4.16 ^ _17944_/Y (sky130_fd_sc_hd__a21oi_4)
                                         _06587_ (net)
                  0.18    0.00    4.17 ^ _17964_/A1 (sky130_fd_sc_hd__o21ai_2)
     3    0.01    0.07    0.11    4.27 v _17964_/Y (sky130_fd_sc_hd__o21ai_2)
                                         _06603_ (net)
                  0.07    0.00    4.27 v _17980_/D (sky130_fd_sc_hd__or4_4)
     2    0.02    0.10    0.46    4.73 v _17980_/X (sky130_fd_sc_hd__or4_4)
                                         _06617_ (net)
                  0.10    0.00    4.73 v _17994_/A1 (sky130_fd_sc_hd__a211oi_4)
     2    0.01    0.22    0.26    5.00 ^ _17994_/Y (sky130_fd_sc_hd__a211oi_4)
                                         _06627_ (net)
                  0.22    0.00    5.00 ^ _18047_/A2 (sky130_fd_sc_hd__o21ai_2)
     1    0.01    0.08    0.11    5.11 v _18047_/Y (sky130_fd_sc_hd__o21ai_2)
                                         _06668_ (net)
                  0.08    0.00    5.11 v _18050_/B2 (sky130_fd_sc_hd__a221oi_4)
     3    0.02    0.32    0.36    5.47 ^ _18050_/Y (sky130_fd_sc_hd__a221oi_4)
                                         _06671_ (net)
                  0.32    0.00    5.47 ^ _18090_/A (sky130_fd_sc_hd__nor2_1)
     1    0.00    0.07    0.09    5.55 v _18090_/Y (sky130_fd_sc_hd__nor2_1)
                                         _06703_ (net)
                  0.07    0.00    5.55 v _18091_/A1 (sky130_fd_sc_hd__o31a_1)
     3    0.02    0.11    0.37    5.93 v _18091_/X (sky130_fd_sc_hd__o31a_1)
                                         _06704_ (net)
                  0.11    0.00    5.93 v _18092_/A1 (sky130_fd_sc_hd__o21ai_4)
     4    0.03    0.24    0.27    6.20 ^ _18092_/Y (sky130_fd_sc_hd__o21ai_4)
                                         _06705_ (net)
                  0.24    0.00    6.20 ^ _18107_/A (sky130_fd_sc_hd__nor2_4)
     1    0.01    0.06    0.07    6.27 v _18107_/Y (sky130_fd_sc_hd__nor2_4)
                                         _06716_ (net)
                  0.06    0.00    6.27 v _18112_/B1 (sky130_fd_sc_hd__a211oi_4)
     3    0.02    0.27    0.29    6.56 ^ _18112_/Y (sky130_fd_sc_hd__a211oi_4)
                                         hash.CA1.S1.X[30] (net)
                  0.27    0.00    6.56 ^ _20011_/B (sky130_fd_sc_hd__xnor2_1)
     1    0.00    0.07    0.11    6.67 v _20011_/Y (sky130_fd_sc_hd__xnor2_1)
                                         _13896_ (net)
                  0.07    0.00    6.67 v _27835_/A (sky130_fd_sc_hd__ha_2)
     3    0.01    0.05    0.21    6.88 v _27835_/COUT (sky130_fd_sc_hd__ha_2)
                                         _13898_ (net)
                  0.05    0.00    6.88 v _18498_/B (sky130_fd_sc_hd__or3_1)
     1    0.00    0.08    0.36    7.24 v _18498_/X (sky130_fd_sc_hd__or3_1)
                                         _06951_ (net)
                  0.08    0.00    7.24 v _18499_/B1 (sky130_fd_sc_hd__a311oi_2)
     2    0.01    0.35    0.37    7.61 ^ _18499_/Y (sky130_fd_sc_hd__a311oi_2)
                                         _06952_ (net)
                  0.35    0.00    7.61 ^ _18500_/A (sky130_fd_sc_hd__or2_4)
     3    0.01    0.06    0.21    7.82 ^ _18500_/X (sky130_fd_sc_hd__or2_4)
                                         _06953_ (net)
                  0.06    0.00    7.82 ^ _18721_/A2 (sky130_fd_sc_hd__o21bai_1)
     1    0.01    0.07    0.07    7.89 v _18721_/Y (sky130_fd_sc_hd__o21bai_1)
                                         _07116_ (net)
                  0.07    0.00    7.89 v _18722_/A1 (sky130_fd_sc_hd__a21oi_2)
     2    0.02    0.25    0.24    8.14 ^ _18722_/Y (sky130_fd_sc_hd__a21oi_2)
                                         _07117_ (net)
                  0.25    0.00    8.14 ^ _18723_/B (sky130_fd_sc_hd__xnor2_2)
     1    0.01    0.17    0.16    8.30 ^ _18723_/Y (sky130_fd_sc_hd__xnor2_2)
                                         _12720_ (net)
                  0.17    0.00    8.30 ^ _27455_/B (sky130_fd_sc_hd__fa_1)
     1    0.01    0.11    0.48    8.78 v _27455_/SUM (sky130_fd_sc_hd__fa_1)
                                         _12722_ (net)
                  0.11    0.00    8.78 v _27919_/B (sky130_fd_sc_hd__ha_4)
     4    0.02    0.05    0.26    9.04 v _27919_/SUM (sky130_fd_sc_hd__ha_4)
                                         _14158_ (net)
                  0.05    0.00    9.04 v _23293_/A1 (sky130_fd_sc_hd__a21o_1)
     1    0.01    0.05    0.17    9.21 v _23293_/X (sky130_fd_sc_hd__a21o_1)
                                         _09340_ (net)
                  0.05    0.00    9.21 v _23294_/A2 (sky130_fd_sc_hd__a21o_4)
     3    0.02    0.05    0.23    9.44 v _23294_/X (sky130_fd_sc_hd__a21o_4)
                                         _09341_ (net)
                  0.05    0.00    9.44 v _23310_/B1 (sky130_fd_sc_hd__a21oi_2)
     1    0.01    0.12    0.13    9.56 ^ _23310_/Y (sky130_fd_sc_hd__a21oi_2)
                                         _09356_ (net)
                  0.12    0.00    9.56 ^ _23311_/B1 (sky130_fd_sc_hd__o21ai_2)
     2    0.01    0.10    0.10    9.66 v _23311_/Y (sky130_fd_sc_hd__o21ai_2)
                                         _09357_ (net)
                  0.10    0.00    9.66 v _23319_/B (sky130_fd_sc_hd__nor3_2)
     2    0.01    0.18    0.21    9.87 ^ _23319_/Y (sky130_fd_sc_hd__nor3_2)
                                         _09363_ (net)
                  0.18    0.00    9.87 ^ _23329_/C (sky130_fd_sc_hd__or3_4)
     2    0.02    0.06    0.18   10.05 ^ _23329_/X (sky130_fd_sc_hd__or3_4)
                                         _09371_ (net)
                  0.06    0.00   10.05 ^ _23344_/A1 (sky130_fd_sc_hd__a31oi_4)
     3    0.01    0.09    0.09   10.14 v _23344_/Y (sky130_fd_sc_hd__a31oi_4)
                                         _09384_ (net)
                  0.09    0.00   10.14 v _23354_/A1 (sky130_fd_sc_hd__a41o_4)
     3    0.02    0.06    0.25   10.39 v _23354_/X (sky130_fd_sc_hd__a41o_4)
                                         _09392_ (net)
                  0.06    0.00   10.39 v _23377_/A1 (sky130_fd_sc_hd__o41ai_4)
     2    0.01    0.31    0.40   10.80 ^ _23377_/Y (sky130_fd_sc_hd__o41ai_4)
                                         _09411_ (net)
                  0.31    0.00   10.80 ^ _23386_/A2 (sky130_fd_sc_hd__o22ai_2)
     2    0.01    0.09    0.14   10.94 v _23386_/Y (sky130_fd_sc_hd__o22ai_2)
                                         _09418_ (net)
                  0.09    0.00   10.94 v _23397_/A3 (sky130_fd_sc_hd__o41ai_2)
     2    0.01    0.34    0.37   11.31 ^ _23397_/Y (sky130_fd_sc_hd__o41ai_2)
                                         _09427_ (net)
                  0.34    0.00   11.31 ^ _23404_/A2 (sky130_fd_sc_hd__o21bai_1)
     1    0.00    0.07    0.11   11.41 v _23404_/Y (sky130_fd_sc_hd__o21bai_1)
                                         _09432_ (net)
                  0.07    0.00   11.41 v _23405_/A1 (sky130_fd_sc_hd__a21oi_1)
     1    0.01    0.17    0.18   11.59 ^ _23405_/Y (sky130_fd_sc_hd__a21oi_1)
                                         _09433_ (net)
                  0.17    0.00   11.59 ^ _23406_/A (sky130_fd_sc_hd__xnor2_1)
     1    0.01    0.17    0.16   11.75 ^ _23406_/Y (sky130_fd_sc_hd__xnor2_1)
                                         hash.CA1.p2[30] (net)
                  0.17    0.00   11.75 ^ hash.p2_cap[30]$_DFF_P_/D (sky130_fd_sc_hd__dfxtp_1)
                                 11.75   data arrival time

                         10.00   10.00   clock core_clock (rise edge)
                          0.00   10.00   clock source latency
     1    0.16    0.00    0.00   10.00 ^ clk (in)
                                         clk (net)
                  0.01    0.01   10.01 ^ clkbuf_0_clk/A (sky130_fd_sc_hd__clkbuf_16)
     4    0.21    0.22    0.25   10.26 ^ clkbuf_0_clk/X (sky130_fd_sc_hd__clkbuf_16)
                                         clknet_0_clk (net)
                  0.22    0.00   10.26 ^ clkbuf_2_3_0_clk/A (sky130_fd_sc_hd__clkbuf_16)
     8    0.20    0.21    0.31   10.57 ^ clkbuf_2_3_0_clk/X (sky130_fd_sc_hd__clkbuf_16)
                                         clknet_2_3_0_clk (net)
                  0.21    0.00   10.57 ^ clkbuf_5_27__f_clk/A (sky130_fd_sc_hd__clkbuf_16)
     9    0.13    0.14    0.26   10.83 ^ clkbuf_5_27__f_clk/X (sky130_fd_sc_hd__clkbuf_16)
                                         clknet_5_27__leaf_clk (net)
                  0.14    0.00   10.83 ^ clkbuf_leaf_158_clk/A (sky130_fd_sc_hd__clkbuf_16)
     9    0.04    0.06    0.18   11.01 ^ clkbuf_leaf_158_clk/X (sky130_fd_sc_hd__clkbuf_16)
                                         clknet_leaf_158_clk (net)
                  0.06    0.00   11.01 ^ hash.p2_cap[30]$_DFF_P_/CLK (sky130_fd_sc_hd__dfxtp_1)
                          0.00   11.01   clock reconvergence pessimism
                         -0.08   10.93   library setup time
                                 10.93   data required time
-----------------------------------------------------------------------------
                                 10.93   data required time
                                -11.75   data arrival time
-----------------------------------------------------------------------------
                                 -0.82   slack (VIOLATED)



==========================================================================
cts final report_checks -unconstrained
--------------------------------------------------------------------------
Startpoint: hash.p2_cap[7]$_DFF_P_
            (rising edge-triggered flip-flop clocked by core_clock)
Endpoint: hash.p2_cap[30]$_DFF_P_
          (rising edge-triggered flip-flop clocked by core_clock)
Path Group: core_clock
Path Type: max

Fanout     Cap    Slew   Delay    Time   Description
-----------------------------------------------------------------------------
                          0.00    0.00   clock core_clock (rise edge)
                          0.00    0.00   clock source latency
     1    0.16    0.00    0.00    0.00 ^ clk (in)
                                         clk (net)
                  0.01    0.01    0.01 ^ clkbuf_0_clk/A (sky130_fd_sc_hd__clkbuf_16)
     4    0.21    0.22    0.25    0.26 ^ clkbuf_0_clk/X (sky130_fd_sc_hd__clkbuf_16)
                                         clknet_0_clk (net)
                  0.22    0.00    0.26 ^ clkbuf_2_3_0_clk/A (sky130_fd_sc_hd__clkbuf_16)
     8    0.20    0.21    0.31    0.57 ^ clkbuf_2_3_0_clk/X (sky130_fd_sc_hd__clkbuf_16)
                                         clknet_2_3_0_clk (net)
                  0.21    0.00    0.57 ^ clkbuf_5_26__f_clk/A (sky130_fd_sc_hd__clkbuf_16)
     9    0.15    0.16    0.27    0.85 ^ clkbuf_5_26__f_clk/X (sky130_fd_sc_hd__clkbuf_16)
                                         clknet_5_26__leaf_clk (net)
                  0.16    0.00    0.85 ^ clkbuf_leaf_172_clk/A (sky130_fd_sc_hd__clkbuf_16)
     9    0.04    0.06    0.18    1.03 ^ clkbuf_leaf_172_clk/X (sky130_fd_sc_hd__clkbuf_16)
                                         clknet_leaf_172_clk (net)
                  0.06    0.00    1.03 ^ hash.p2_cap[7]$_DFF_P_/CLK (sky130_fd_sc_hd__dfxtp_4)
     7    0.04    0.07    0.38    1.41 v hash.p2_cap[7]$_DFF_P_/Q (sky130_fd_sc_hd__dfxtp_4)
                                         hash.CA2.S1.X[7] (net)
                  0.07    0.00    1.41 v _14842_/A (sky130_fd_sc_hd__xnor2_4)
     1    0.01    0.06    0.15    1.56 v _14842_/Y (sky130_fd_sc_hd__xnor2_4)
                                         _04446_ (net)
                  0.06    0.00    1.56 v _14843_/A (sky130_fd_sc_hd__xnor2_2)
     2    0.01    0.21    0.23    1.79 ^ _14843_/Y (sky130_fd_sc_hd__xnor2_2)
                                         _13237_ (net)
                  0.21    0.00    1.79 ^ rebuffer14/A (sky130_fd_sc_hd__buf_2)
     1    0.01    0.05    0.16    1.95 ^ rebuffer14/X (sky130_fd_sc_hd__buf_2)
                                         net1048 (net)
                  0.05    0.00    1.95 ^ _14844_/A (sky130_fd_sc_hd__clkinv_2)
     1    0.01    0.04    0.06    2.01 v _14844_/Y (sky130_fd_sc_hd__clkinv_2)
                                         _12085_ (net)
                  0.04    0.00    2.01 v _27310_/A (sky130_fd_sc_hd__fa_2)
     2    0.01    0.07    0.38    2.38 v _27310_/COUT (sky130_fd_sc_hd__fa_2)
                                         _12086_ (net)
                  0.07    0.00    2.38 v _14919_/A (sky130_fd_sc_hd__nor2b_1)
     1    0.01    0.13    0.14    2.53 ^ _14919_/Y (sky130_fd_sc_hd__nor2b_1)
                                         _04507_ (net)
                  0.13    0.00    2.53 ^ _14920_/A2 (sky130_fd_sc_hd__o21ai_2)
     2    0.01    0.06    0.08    2.60 v _14920_/Y (sky130_fd_sc_hd__o21ai_2)
                                         _04508_ (net)
                  0.06    0.00    2.60 v _14921_/A1 (sky130_fd_sc_hd__a21boi_2)
     2    0.00    0.10    0.13    2.74 ^ _14921_/Y (sky130_fd_sc_hd__a21boi_2)
                                         _04509_ (net)
                  0.10    0.00    2.74 ^ _14966_/A1 (sky130_fd_sc_hd__o21a_1)
     2    0.01    0.10    0.17    2.91 ^ _14966_/X (sky130_fd_sc_hd__o21a_1)
                                         _04546_ (net)
                  0.10    0.00    2.91 ^ _15011_/A2 (sky130_fd_sc_hd__o21ai_2)
     2    0.01    0.06    0.08    2.99 v _15011_/Y (sky130_fd_sc_hd__o21ai_2)
                                         _04583_ (net)
                  0.06    0.00    2.99 v _15054_/A1 (sky130_fd_sc_hd__a21boi_2)
     2    0.02    0.22    0.23    3.22 ^ _15054_/Y (sky130_fd_sc_hd__a21boi_2)
                                         _04618_ (net)
                  0.22    0.00    3.22 ^ _15079_/A3 (sky130_fd_sc_hd__o31ai_4)
     3    0.01    0.07    0.09    3.31 v _15079_/Y (sky130_fd_sc_hd__o31ai_4)
                                         _04635_ (net)
                  0.07    0.00    3.31 v rebuffer10/A (sky130_fd_sc_hd__buf_6)
     1    0.02    0.03    0.13    3.45 v rebuffer10/X (sky130_fd_sc_hd__buf_6)
                                         net1044 (net)
                  0.03    0.00    3.45 v _15080_/A (sky130_fd_sc_hd__xnor2_4)
     2    0.03    0.24    0.24    3.69 ^ _15080_/Y (sky130_fd_sc_hd__xnor2_4)
                                         _13316_ (net)
                  0.24    0.00    3.69 ^ _27681_/A (sky130_fd_sc_hd__ha_4)
     4    0.02    0.06    0.27    3.96 v _27681_/SUM (sky130_fd_sc_hd__ha_4)
                                         _13469_ (net)
                  0.06    0.00    3.96 v _17944_/A2 (sky130_fd_sc_hd__a21oi_4)
     3    0.02    0.18    0.21    4.16 ^ _17944_/Y (sky130_fd_sc_hd__a21oi_4)
                                         _06587_ (net)
                  0.18    0.00    4.17 ^ _17964_/A1 (sky130_fd_sc_hd__o21ai_2)
     3    0.01    0.07    0.11    4.27 v _17964_/Y (sky130_fd_sc_hd__o21ai_2)
                                         _06603_ (net)
                  0.07    0.00    4.27 v _17980_/D (sky130_fd_sc_hd__or4_4)
     2    0.02    0.10    0.46    4.73 v _17980_/X (sky130_fd_sc_hd__or4_4)
                                         _06617_ (net)
                  0.10    0.00    4.73 v _17994_/A1 (sky130_fd_sc_hd__a211oi_4)
     2    0.01    0.22    0.26    5.00 ^ _17994_/Y (sky130_fd_sc_hd__a211oi_4)
                                         _06627_ (net)
                  0.22    0.00    5.00 ^ _18047_/A2 (sky130_fd_sc_hd__o21ai_2)
     1    0.01    0.08    0.11    5.11 v _18047_/Y (sky130_fd_sc_hd__o21ai_2)
                                         _06668_ (net)
                  0.08    0.00    5.11 v _18050_/B2 (sky130_fd_sc_hd__a221oi_4)
     3    0.02    0.32    0.36    5.47 ^ _18050_/Y (sky130_fd_sc_hd__a221oi_4)
                                         _06671_ (net)
                  0.32    0.00    5.47 ^ _18090_/A (sky130_fd_sc_hd__nor2_1)
     1    0.00    0.07    0.09    5.55 v _18090_/Y (sky130_fd_sc_hd__nor2_1)
                                         _06703_ (net)
                  0.07    0.00    5.55 v _18091_/A1 (sky130_fd_sc_hd__o31a_1)
     3    0.02    0.11    0.37    5.93 v _18091_/X (sky130_fd_sc_hd__o31a_1)
                                         _06704_ (net)
                  0.11    0.00    5.93 v _18092_/A1 (sky130_fd_sc_hd__o21ai_4)
     4    0.03    0.24    0.27    6.20 ^ _18092_/Y (sky130_fd_sc_hd__o21ai_4)
                                         _06705_ (net)
                  0.24    0.00    6.20 ^ _18107_/A (sky130_fd_sc_hd__nor2_4)
     1    0.01    0.06    0.07    6.27 v _18107_/Y (sky130_fd_sc_hd__nor2_4)
                                         _06716_ (net)
                  0.06    0.00    6.27 v _18112_/B1 (sky130_fd_sc_hd__a211oi_4)
     3    0.02    0.27    0.29    6.56 ^ _18112_/Y (sky130_fd_sc_hd__a211oi_4)
                                         hash.CA1.S1.X[30] (net)
                  0.27    0.00    6.56 ^ _20011_/B (sky130_fd_sc_hd__xnor2_1)
     1    0.00    0.07    0.11    6.67 v _20011_/Y (sky130_fd_sc_hd__xnor2_1)
                                         _13896_ (net)
                  0.07    0.00    6.67 v _27835_/A (sky130_fd_sc_hd__ha_2)
     3    0.01    0.05    0.21    6.88 v _27835_/COUT (sky130_fd_sc_hd__ha_2)
                                         _13898_ (net)
                  0.05    0.00    6.88 v _18498_/B (sky130_fd_sc_hd__or3_1)
     1    0.00    0.08    0.36    7.24 v _18498_/X (sky130_fd_sc_hd__or3_1)
                                         _06951_ (net)
                  0.08    0.00    7.24 v _18499_/B1 (sky130_fd_sc_hd__a311oi_2)
     2    0.01    0.35    0.37    7.61 ^ _18499_/Y (sky130_fd_sc_hd__a311oi_2)
                                         _06952_ (net)
                  0.35    0.00    7.61 ^ _18500_/A (sky130_fd_sc_hd__or2_4)
     3    0.01    0.06    0.21    7.82 ^ _18500_/X (sky130_fd_sc_hd__or2_4)
                                         _06953_ (net)
                  0.06    0.00    7.82 ^ _18721_/A2 (sky130_fd_sc_hd__o21bai_1)
     1    0.01    0.07    0.07    7.89 v _18721_/Y (sky130_fd_sc_hd__o21bai_1)
                                         _07116_ (net)
                  0.07    0.00    7.89 v _18722_/A1 (sky130_fd_sc_hd__a21oi_2)
     2    0.02    0.25    0.24    8.14 ^ _18722_/Y (sky130_fd_sc_hd__a21oi_2)
                                         _07117_ (net)
                  0.25    0.00    8.14 ^ _18723_/B (sky130_fd_sc_hd__xnor2_2)
     1    0.01    0.17    0.16    8.30 ^ _18723_/Y (sky130_fd_sc_hd__xnor2_2)
                                         _12720_ (net)
                  0.17    0.00    8.30 ^ _27455_/B (sky130_fd_sc_hd__fa_1)
     1    0.01    0.11    0.48    8.78 v _27455_/SUM (sky130_fd_sc_hd__fa_1)
                                         _12722_ (net)
                  0.11    0.00    8.78 v _27919_/B (sky130_fd_sc_hd__ha_4)
     4    0.02    0.05    0.26    9.04 v _27919_/SUM (sky130_fd_sc_hd__ha_4)
                                         _14158_ (net)
                  0.05    0.00    9.04 v _23293_/A1 (sky130_fd_sc_hd__a21o_1)
     1    0.01    0.05    0.17    9.21 v _23293_/X (sky130_fd_sc_hd__a21o_1)
                                         _09340_ (net)
                  0.05    0.00    9.21 v _23294_/A2 (sky130_fd_sc_hd__a21o_4)
     3    0.02    0.05    0.23    9.44 v _23294_/X (sky130_fd_sc_hd__a21o_4)
                                         _09341_ (net)
                  0.05    0.00    9.44 v _23310_/B1 (sky130_fd_sc_hd__a21oi_2)
     1    0.01    0.12    0.13    9.56 ^ _23310_/Y (sky130_fd_sc_hd__a21oi_2)
                                         _09356_ (net)
                  0.12    0.00    9.56 ^ _23311_/B1 (sky130_fd_sc_hd__o21ai_2)
     2    0.01    0.10    0.10    9.66 v _23311_/Y (sky130_fd_sc_hd__o21ai_2)
                                         _09357_ (net)
                  0.10    0.00    9.66 v _23319_/B (sky130_fd_sc_hd__nor3_2)
     2    0.01    0.18    0.21    9.87 ^ _23319_/Y (sky130_fd_sc_hd__nor3_2)
                                         _09363_ (net)
                  0.18    0.00    9.87 ^ _23329_/C (sky130_fd_sc_hd__or3_4)
     2    0.02    0.06    0.18   10.05 ^ _23329_/X (sky130_fd_sc_hd__or3_4)
                                         _09371_ (net)
                  0.06    0.00   10.05 ^ _23344_/A1 (sky130_fd_sc_hd__a31oi_4)
     3    0.01    0.09    0.09   10.14 v _23344_/Y (sky130_fd_sc_hd__a31oi_4)
                                         _09384_ (net)
                  0.09    0.00   10.14 v _23354_/A1 (sky130_fd_sc_hd__a41o_4)
     3    0.02    0.06    0.25   10.39 v _23354_/X (sky130_fd_sc_hd__a41o_4)
                                         _09392_ (net)
                  0.06    0.00   10.39 v _23377_/A1 (sky130_fd_sc_hd__o41ai_4)
     2    0.01    0.31    0.40   10.80 ^ _23377_/Y (sky130_fd_sc_hd__o41ai_4)
                                         _09411_ (net)
                  0.31    0.00   10.80 ^ _23386_/A2 (sky130_fd_sc_hd__o22ai_2)
     2    0.01    0.09    0.14   10.94 v _23386_/Y (sky130_fd_sc_hd__o22ai_2)
                                         _09418_ (net)
                  0.09    0.00   10.94 v _23397_/A3 (sky130_fd_sc_hd__o41ai_2)
     2    0.01    0.34    0.37   11.31 ^ _23397_/Y (sky130_fd_sc_hd__o41ai_2)
                                         _09427_ (net)
                  0.34    0.00   11.31 ^ _23404_/A2 (sky130_fd_sc_hd__o21bai_1)
     1    0.00    0.07    0.11   11.41 v _23404_/Y (sky130_fd_sc_hd__o21bai_1)
                                         _09432_ (net)
                  0.07    0.00   11.41 v _23405_/A1 (sky130_fd_sc_hd__a21oi_1)
     1    0.01    0.17    0.18   11.59 ^ _23405_/Y (sky130_fd_sc_hd__a21oi_1)
                                         _09433_ (net)
                  0.17    0.00   11.59 ^ _23406_/A (sky130_fd_sc_hd__xnor2_1)
     1    0.01    0.17    0.16   11.75 ^ _23406_/Y (sky130_fd_sc_hd__xnor2_1)
                                         hash.CA1.p2[30] (net)
                  0.17    0.00   11.75 ^ hash.p2_cap[30]$_DFF_P_/D (sky130_fd_sc_hd__dfxtp_1)
                                 11.75   data arrival time

                         10.00   10.00   clock core_clock (rise edge)
                          0.00   10.00   clock source latency
     1    0.16    0.00    0.00   10.00 ^ clk (in)
                                         clk (net)
                  0.01    0.01   10.01 ^ clkbuf_0_clk/A (sky130_fd_sc_hd__clkbuf_16)
     4    0.21    0.22    0.25   10.26 ^ clkbuf_0_clk/X (sky130_fd_sc_hd__clkbuf_16)
                                         clknet_0_clk (net)
                  0.22    0.00   10.26 ^ clkbuf_2_3_0_clk/A (sky130_fd_sc_hd__clkbuf_16)
     8    0.20    0.21    0.31   10.57 ^ clkbuf_2_3_0_clk/X (sky130_fd_sc_hd__clkbuf_16)
                                         clknet_2_3_0_clk (net)
                  0.21    0.00   10.57 ^ clkbuf_5_27__f_clk/A (sky130_fd_sc_hd__clkbuf_16)
     9    0.13    0.14    0.26   10.83 ^ clkbuf_5_27__f_clk/X (sky130_fd_sc_hd__clkbuf_16)
                                         clknet_5_27__leaf_clk (net)
                  0.14    0.00   10.83 ^ clkbuf_leaf_158_clk/A (sky130_fd_sc_hd__clkbuf_16)
     9    0.04    0.06    0.18   11.01 ^ clkbuf_leaf_158_clk/X (sky130_fd_sc_hd__clkbuf_16)
                                         clknet_leaf_158_clk (net)
                  0.06    0.00   11.01 ^ hash.p2_cap[30]$_DFF_P_/CLK (sky130_fd_sc_hd__dfxtp_1)
                          0.00   11.01   clock reconvergence pessimism
                         -0.08   10.93   library setup time
                                 10.93   data required time
-----------------------------------------------------------------------------
                                 10.93   data required time
                                -11.75   data arrival time
-----------------------------------------------------------------------------
                                 -0.82   slack (VIOLATED)



==========================================================================
cts final report_check_types -max_slew -max_cap -max_fanout -violators
--------------------------------------------------------------------------

==========================================================================
cts final max_slew_check_slack
--------------------------------------------------------------------------
0.0186670683324337

==========================================================================
cts final max_slew_check_limit
--------------------------------------------------------------------------
1.5

==========================================================================
cts final max_slew_check_slack_limit
--------------------------------------------------------------------------
0.0124

==========================================================================
cts final max_fanout_check_slack
--------------------------------------------------------------------------
1.0000000150474662e+30

==========================================================================
cts final max_fanout_check_limit
--------------------------------------------------------------------------
1.0000000150474662e+30

==========================================================================
cts final max_capacitance_check_slack
--------------------------------------------------------------------------
0.0005196852143853903

==========================================================================
cts final max_capacitance_check_limit
--------------------------------------------------------------------------
0.14649400115013123

==========================================================================
cts final max_capacitance_check_slack_limit
--------------------------------------------------------------------------
0.0035

==========================================================================
cts final max_slew_violation_count
--------------------------------------------------------------------------
max slew violation count 0

==========================================================================
cts final max_fanout_violation_count
--------------------------------------------------------------------------
max fanout violation count 0

==========================================================================
cts final max_cap_violation_count
--------------------------------------------------------------------------
max cap violation count 0

==========================================================================
cts final setup_violation_count
--------------------------------------------------------------------------
setup violation count 17

==========================================================================
cts final hold_violation_count
--------------------------------------------------------------------------
hold violation count 0

==========================================================================
cts final report_checks -path_delay max reg to reg
--------------------------------------------------------------------------
Startpoint: hash.p2_cap[7]$_DFF_P_
            (rising edge-triggered flip-flop clocked by core_clock)
Endpoint: hash.p2_cap[30]$_DFF_P_
          (rising edge-triggered flip-flop clocked by core_clock)
Path Group: core_clock
Path Type: max

  Delay    Time   Description
---------------------------------------------------------
   0.00    0.00   clock core_clock (rise edge)
   0.00    0.00   clock source latency
   0.00    0.00 ^ clk (in)
   0.26    0.26 ^ clkbuf_0_clk/X (sky130_fd_sc_hd__clkbuf_16)
   0.31    0.57 ^ clkbuf_2_3_0_clk/X (sky130_fd_sc_hd__clkbuf_16)
   0.28    0.85 ^ clkbuf_5_26__f_clk/X (sky130_fd_sc_hd__clkbuf_16)
   0.18    1.03 ^ clkbuf_leaf_172_clk/X (sky130_fd_sc_hd__clkbuf_16)
   0.00    1.03 ^ hash.p2_cap[7]$_DFF_P_/CLK (sky130_fd_sc_hd__dfxtp_4)
   0.38    1.41 v hash.p2_cap[7]$_DFF_P_/Q (sky130_fd_sc_hd__dfxtp_4)
   0.15    1.56 v _14842_/Y (sky130_fd_sc_hd__xnor2_4)
   0.23    1.79 ^ _14843_/Y (sky130_fd_sc_hd__xnor2_2)
   0.16    1.95 ^ rebuffer14/X (sky130_fd_sc_hd__buf_2)
   0.06    2.01 v _14844_/Y (sky130_fd_sc_hd__clkinv_2)
   0.38    2.38 v _27310_/COUT (sky130_fd_sc_hd__fa_2)
   0.14    2.53 ^ _14919_/Y (sky130_fd_sc_hd__nor2b_1)
   0.08    2.60 v _14920_/Y (sky130_fd_sc_hd__o21ai_2)
   0.13    2.74 ^ _14921_/Y (sky130_fd_sc_hd__a21boi_2)
   0.17    2.91 ^ _14966_/X (sky130_fd_sc_hd__o21a_1)
   0.08    2.99 v _15011_/Y (sky130_fd_sc_hd__o21ai_2)
   0.23    3.22 ^ _15054_/Y (sky130_fd_sc_hd__a21boi_2)
   0.09    3.31 v _15079_/Y (sky130_fd_sc_hd__o31ai_4)
   0.14    3.45 v rebuffer10/X (sky130_fd_sc_hd__buf_6)
   0.24    3.69 ^ _15080_/Y (sky130_fd_sc_hd__xnor2_4)
   0.27    3.96 v _27681_/SUM (sky130_fd_sc_hd__ha_4)
   0.21    4.16 ^ _17944_/Y (sky130_fd_sc_hd__a21oi_4)
   0.11    4.27 v _17964_/Y (sky130_fd_sc_hd__o21ai_2)
   0.46    4.73 v _17980_/X (sky130_fd_sc_hd__or4_4)
   0.27    5.00 ^ _17994_/Y (sky130_fd_sc_hd__a211oi_4)
   0.11    5.11 v _18047_/Y (sky130_fd_sc_hd__o21ai_2)
   0.36    5.47 ^ _18050_/Y (sky130_fd_sc_hd__a221oi_4)
   0.09    5.55 v _18090_/Y (sky130_fd_sc_hd__nor2_1)
   0.37    5.93 v _18091_/X (sky130_fd_sc_hd__o31a_1)
   0.27    6.20 ^ _18092_/Y (sky130_fd_sc_hd__o21ai_4)
   0.07    6.27 v _18107_/Y (sky130_fd_sc_hd__nor2_4)
   0.29    6.56 ^ _18112_/Y (sky130_fd_sc_hd__a211oi_4)
   0.11    6.67 v _20011_/Y (sky130_fd_sc_hd__xnor2_1)
   0.21    6.88 v _27835_/COUT (sky130_fd_sc_hd__ha_2)
   0.36    7.24 v _18498_/X (sky130_fd_sc_hd__or3_1)
   0.37    7.61 ^ _18499_/Y (sky130_fd_sc_hd__a311oi_2)
   0.21    7.82 ^ _18500_/X (sky130_fd_sc_hd__or2_4)
   0.07    7.89 v _18721_/Y (sky130_fd_sc_hd__o21bai_1)
   0.24    8.14 ^ _18722_/Y (sky130_fd_sc_hd__a21oi_2)
   0.16    8.30 ^ _18723_/Y (sky130_fd_sc_hd__xnor2_2)
   0.48    8.78 v _27455_/SUM (sky130_fd_sc_hd__fa_1)
   0.26    9.04 v _27919_/SUM (sky130_fd_sc_hd__ha_4)
   0.17    9.21 v _23293_/X (sky130_fd_sc_hd__a21o_1)
   0.23    9.44 v _23294_/X (sky130_fd_sc_hd__a21o_4)
   0.13    9.56 ^ _23310_/Y (sky130_fd_sc_hd__a21oi_2)
   0.10    9.66 v _23311_/Y (sky130_fd_sc_hd__o21ai_2)
   0.21    9.87 ^ _23319_/Y (sky130_fd_sc_hd__nor3_2)
   0.18   10.05 ^ _23329_/X (sky130_fd_sc_hd__or3_4)
   0.09   10.14 v _23344_/Y (sky130_fd_sc_hd__a31oi_4)
   0.25   10.39 v _23354_/X (sky130_fd_sc_hd__a41o_4)
   0.40   10.80 ^ _23377_/Y (sky130_fd_sc_hd__o41ai_4)
   0.14   10.94 v _23386_/Y (sky130_fd_sc_hd__o22ai_2)
   0.37   11.31 ^ _23397_/Y (sky130_fd_sc_hd__o41ai_2)
   0.11   11.41 v _23404_/Y (sky130_fd_sc_hd__o21bai_1)
   0.18   11.59 ^ _23405_/Y (sky130_fd_sc_hd__a21oi_1)
   0.16   11.75 ^ _23406_/Y (sky130_fd_sc_hd__xnor2_1)
   0.00   11.75 ^ hash.p2_cap[30]$_DFF_P_/D (sky130_fd_sc_hd__dfxtp_1)
          11.75   data arrival time

  10.00   10.00   clock core_clock (rise edge)
   0.00   10.00   clock source latency
   0.00   10.00 ^ clk (in)
   0.26   10.26 ^ clkbuf_0_clk/X (sky130_fd_sc_hd__clkbuf_16)
   0.31   10.57 ^ clkbuf_2_3_0_clk/X (sky130_fd_sc_hd__clkbuf_16)
   0.26   10.83 ^ clkbuf_5_27__f_clk/X (sky130_fd_sc_hd__clkbuf_16)
   0.18   11.01 ^ clkbuf_leaf_158_clk/X (sky130_fd_sc_hd__clkbuf_16)
   0.00   11.01 ^ hash.p2_cap[30]$_DFF_P_/CLK (sky130_fd_sc_hd__dfxtp_1)
   0.00   11.01   clock reconvergence pessimism
  -0.08   10.93   library setup time
          10.93   data required time
---------------------------------------------------------
          10.93   data required time
         -11.75   data arrival time
---------------------------------------------------------
          -0.82   slack (VIOLATED)



==========================================================================
cts final report_checks -path_delay min reg to reg
--------------------------------------------------------------------------
Startpoint: ready_dash$_SDFF_PP0_
            (rising edge-triggered flip-flop clocked by core_clock)
Endpoint: ready$_DFF_P_ (rising edge-triggered flip-flop clocked by core_clock)
Path Group: core_clock
Path Type: min

  Delay    Time   Description
---------------------------------------------------------
   0.00    0.00   clock core_clock (rise edge)
   0.00    0.00   clock source latency
   0.00    0.00 ^ clk (in)
   0.26    0.26 ^ clkbuf_0_clk/X (sky130_fd_sc_hd__clkbuf_16)
   0.31    0.57 ^ clkbuf_2_3_0_clk/X (sky130_fd_sc_hd__clkbuf_16)
   0.26    0.83 ^ clkbuf_5_25__f_clk/X (sky130_fd_sc_hd__clkbuf_16)
   0.17    1.00 ^ clkbuf_leaf_177_clk/X (sky130_fd_sc_hd__clkbuf_16)
   0.00    1.00 ^ ready_dash$_SDFF_PP0_/CLK (sky130_fd_sc_hd__dfxtp_1)
   0.30    1.30 ^ ready_dash$_SDFF_PP0_/Q (sky130_fd_sc_hd__dfxtp_1)
   0.00    1.30 ^ ready$_DFF_P_/D (sky130_fd_sc_hd__dfxtp_1)
           1.30   data arrival time

   0.00    0.00   clock core_clock (rise edge)
   0.00    0.00   clock source latency
   0.00    0.00 ^ clk (in)
   0.26    0.26 ^ clkbuf_0_clk/X (sky130_fd_sc_hd__clkbuf_16)
   0.31    0.57 ^ clkbuf_2_3_0_clk/X (sky130_fd_sc_hd__clkbuf_16)
   0.26    0.83 ^ clkbuf_5_25__f_clk/X (sky130_fd_sc_hd__clkbuf_16)
   0.17    1.00 ^ clkbuf_leaf_177_clk/X (sky130_fd_sc_hd__clkbuf_16)
   0.00    1.00 ^ ready$_DFF_P_/CLK (sky130_fd_sc_hd__dfxtp_1)
   0.00    1.00   clock reconvergence pessimism
  -0.03    0.97   library hold time
           0.97   data required time
---------------------------------------------------------
           0.97   data required time
          -1.30   data arrival time
---------------------------------------------------------
           0.33   slack (MET)



==========================================================================
cts final critical path target clock latency max path
--------------------------------------------------------------------------
1.0630

==========================================================================
cts final critical path target clock latency min path
--------------------------------------------------------------------------
1.0858

==========================================================================
cts final critical path source clock latency min path
--------------------------------------------------------------------------
0.0000

==========================================================================
cts final critical path delay
--------------------------------------------------------------------------
11.7463

==========================================================================
cts final critical path slack
--------------------------------------------------------------------------
-0.8161

==========================================================================
cts final slack div critical path delay
--------------------------------------------------------------------------
-6.947720

==========================================================================
cts final report_power
--------------------------------------------------------------------------
Group                  Internal  Switching    Leakage      Total
                          Power      Power      Power      Power (Watts)
----------------------------------------------------------------
Sequential             1.95e-02   3.12e-03   2.77e-08   2.26e-02   5.0%
Combinational          1.77e-01   2.42e-01   5.40e-08   4.20e-01  92.2%
Clock                  7.23e-03   5.46e-03   5.36e-09   1.27e-02   2.8%
Macro                  0.00e+00   0.00e+00   0.00e+00   0.00e+00   0.0%
Pad                    0.00e+00   0.00e+00   0.00e+00   0.00e+00   0.0%
----------------------------------------------------------------
Total                  2.04e-01   2.51e-01   8.71e-08   4.55e-01 100.0%
                          44.9%      55.1%       0.0%
