
==========================================================================
global route report_tns
--------------------------------------------------------------------------
tns -10.43

==========================================================================
global route report_wns
--------------------------------------------------------------------------
wns -1.22

==========================================================================
global route report_worst_slack
--------------------------------------------------------------------------
worst slack -1.22

==========================================================================
global route report_clock_skew
--------------------------------------------------------------------------
Clock core_clock
   1.09 source latency w[11][12]$_DFFE_PP_/CLK ^
  -1.01 target latency w_value2[12]$_DFF_P_/CLK ^
   0.00 CRPR
--------------
   0.08 setup skew


==========================================================================
global route report_checks -path_delay min
--------------------------------------------------------------------------
Startpoint: ready_dash$_SDFF_PP0_
            (rising edge-triggered flip-flop clocked by core_clock)
Endpoint: ready$_DFF_P_ (rising edge-triggered flip-flop clocked by core_clock)
Path Group: core_clock
Path Type: min

Fanout     Cap    Slew   Delay    Time   Description
-----------------------------------------------------------------------------
                          0.00    0.00   clock core_clock (rise edge)
                          0.00    0.00   clock source latency
     1    0.13    0.00    0.00    0.00 ^ clk (in)
                                         clk (net)
                  0.01    0.01    0.01 ^ clkbuf_0_clk/A (sky130_fd_sc_hd__clkbuf_16)
     4    0.21    0.22    0.25    0.25 ^ clkbuf_0_clk/X (sky130_fd_sc_hd__clkbuf_16)
                                         clknet_0_clk (net)
                  0.22    0.01    0.26 ^ clkbuf_2_1_0_clk/A (sky130_fd_sc_hd__clkbuf_16)
     8    0.20    0.21    0.31    0.57 ^ clkbuf_2_1_0_clk/X (sky130_fd_sc_hd__clkbuf_16)
                                         clknet_2_1_0_clk (net)
                  0.21    0.01    0.58 ^ clkbuf_5_15__f_clk/A (sky130_fd_sc_hd__clkbuf_16)
    11    0.16    0.18    0.28    0.86 ^ clkbuf_5_15__f_clk/X (sky130_fd_sc_hd__clkbuf_16)
                                         clknet_5_15__leaf_clk (net)
                  0.18    0.00    0.86 ^ clkbuf_leaf_196_clk/A (sky130_fd_sc_hd__clkbuf_16)
    14    0.05    0.07    0.20    1.06 ^ clkbuf_leaf_196_clk/X (sky130_fd_sc_hd__clkbuf_16)
                                         clknet_leaf_196_clk (net)
                  0.07    0.00    1.06 ^ ready_dash$_SDFF_PP0_/CLK (sky130_fd_sc_hd__dfxtp_1)
     1    0.00    0.03    0.31    1.37 v ready_dash$_SDFF_PP0_/Q (sky130_fd_sc_hd__dfxtp_1)
                                         ready_dash (net)
                  0.03    0.00    1.37 v ready$_DFF_P_/D (sky130_fd_sc_hd__dfxtp_4)
                                  1.37   data arrival time

                          0.00    0.00   clock core_clock (rise edge)
                          0.00    0.00   clock source latency
     1    0.13    0.00    0.00    0.00 ^ clk (in)
                                         clk (net)
                  0.01    0.01    0.01 ^ clkbuf_0_clk/A (sky130_fd_sc_hd__clkbuf_16)
     4    0.21    0.22    0.25    0.25 ^ clkbuf_0_clk/X (sky130_fd_sc_hd__clkbuf_16)
                                         clknet_0_clk (net)
                  0.22    0.01    0.26 ^ clkbuf_2_1_0_clk/A (sky130_fd_sc_hd__clkbuf_16)
     8    0.20    0.21    0.31    0.57 ^ clkbuf_2_1_0_clk/X (sky130_fd_sc_hd__clkbuf_16)
                                         clknet_2_1_0_clk (net)
                  0.21    0.01    0.58 ^ clkbuf_5_15__f_clk/A (sky130_fd_sc_hd__clkbuf_16)
    11    0.16    0.18    0.28    0.86 ^ clkbuf_5_15__f_clk/X (sky130_fd_sc_hd__clkbuf_16)
                                         clknet_5_15__leaf_clk (net)
                  0.18    0.00    0.86 ^ clkbuf_leaf_208_clk/A (sky130_fd_sc_hd__clkbuf_16)
    12    0.05    0.07    0.19    1.05 ^ clkbuf_leaf_208_clk/X (sky130_fd_sc_hd__clkbuf_16)
                                         clknet_leaf_208_clk (net)
                  0.07    0.00    1.06 ^ ready$_DFF_P_/CLK (sky130_fd_sc_hd__dfxtp_4)
                          0.00    1.06   clock reconvergence pessimism
                         -0.04    1.02   library hold time
                                  1.02   data required time
-----------------------------------------------------------------------------
                                  1.02   data required time
                                 -1.37   data arrival time
-----------------------------------------------------------------------------
                                  0.35   slack (MET)



==========================================================================
global route report_checks -path_delay max
--------------------------------------------------------------------------
Startpoint: hash.p2_cap[25]$_DFF_P_
            (rising edge-triggered flip-flop clocked by core_clock)
Endpoint: hash.p3_cap[31]$_DFF_P_
          (rising edge-triggered flip-flop clocked by core_clock)
Path Group: core_clock
Path Type: max

Fanout     Cap    Slew   Delay    Time   Description
-----------------------------------------------------------------------------
                          0.00    0.00   clock core_clock (rise edge)
                          0.00    0.00   clock source latency
     1    0.13    0.00    0.00    0.00 ^ clk (in)
                                         clk (net)
                  0.01    0.01    0.01 ^ clkbuf_0_clk/A (sky130_fd_sc_hd__clkbuf_16)
     4    0.21    0.22    0.25    0.25 ^ clkbuf_0_clk/X (sky130_fd_sc_hd__clkbuf_16)
                                         clknet_0_clk (net)
                  0.22    0.01    0.26 ^ clkbuf_2_3_0_clk/A (sky130_fd_sc_hd__clkbuf_16)
     8    0.19    0.20    0.30    0.56 ^ clkbuf_2_3_0_clk/X (sky130_fd_sc_hd__clkbuf_16)
                                         clknet_2_3_0_clk (net)
                  0.20    0.01    0.57 ^ clkbuf_5_29__f_clk/A (sky130_fd_sc_hd__clkbuf_16)
    10    0.15    0.17    0.27    0.84 ^ clkbuf_5_29__f_clk/X (sky130_fd_sc_hd__clkbuf_16)
                                         clknet_5_29__leaf_clk (net)
                  0.17    0.00    0.85 ^ clkbuf_leaf_144_clk/A (sky130_fd_sc_hd__clkbuf_16)
     9    0.04    0.06    0.18    1.03 ^ clkbuf_leaf_144_clk/X (sky130_fd_sc_hd__clkbuf_16)
                                         clknet_leaf_144_clk (net)
                  0.06    0.00    1.03 ^ hash.p2_cap[25]$_DFF_P_/CLK (sky130_fd_sc_hd__dfxtp_4)
     4    0.03    0.06    0.37    1.40 v hash.p2_cap[25]$_DFF_P_/Q (sky130_fd_sc_hd__dfxtp_4)
                                         hash.CA2.S1.X[25] (net)
                  0.06    0.00    1.40 v rebuffer1/A (sky130_fd_sc_hd__buf_8)
     5    0.05    0.05    0.15    1.55 v rebuffer1/X (sky130_fd_sc_hd__buf_8)
                                         net1100 (net)
                  0.05    0.00    1.55 v _15161_/A (sky130_fd_sc_hd__xnor2_4)
     1    0.02    0.20    0.22    1.77 ^ _15161_/Y (sky130_fd_sc_hd__xnor2_4)
                                         _04553_ (net)
                  0.20    0.00    1.77 ^ _15162_/B (sky130_fd_sc_hd__xnor2_4)
     1    0.02    0.23    0.18    1.95 ^ _15162_/Y (sky130_fd_sc_hd__xnor2_4)
                                         _13398_ (net)
                  0.23    0.00    1.95 ^ _27949_/B (sky130_fd_sc_hd__ha_4)
     3    0.01    0.05    0.18    2.13 ^ _27949_/COUT (sky130_fd_sc_hd__ha_4)
                                         _13399_ (net)
                  0.05    0.00    2.13 ^ _19178_/A (sky130_fd_sc_hd__inv_2)
     1    0.01    0.02    0.04    2.17 v _19178_/Y (sky130_fd_sc_hd__inv_2)
                                         _12254_ (net)
                  0.02    0.00    2.17 v _27652_/CIN (sky130_fd_sc_hd__fa_2)
     2    0.01    0.07    0.33    2.50 v _27652_/COUT (sky130_fd_sc_hd__fa_2)
                                         _12257_ (net)
                  0.07    0.00    2.50 v _15307_/A (sky130_fd_sc_hd__nor2b_1)
     1    0.01    0.13    0.15    2.65 ^ _15307_/Y (sky130_fd_sc_hd__nor2b_1)
                                         _04679_ (net)
                  0.13    0.00    2.65 ^ _15308_/A2 (sky130_fd_sc_hd__o21ai_2)
     2    0.01    0.07    0.09    2.74 v _15308_/Y (sky130_fd_sc_hd__o21ai_2)
                                         _04680_ (net)
                  0.07    0.00    2.74 v _15309_/A2 (sky130_fd_sc_hd__a21boi_2)
     2    0.01    0.17    0.20    2.94 ^ _15309_/Y (sky130_fd_sc_hd__a21boi_2)
                                         _04681_ (net)
                  0.17    0.00    2.94 ^ _15365_/A2 (sky130_fd_sc_hd__o21ai_2)
     2    0.02    0.09    0.11    3.05 v _15365_/Y (sky130_fd_sc_hd__o21ai_2)
                                         _04729_ (net)
                  0.09    0.00    3.05 v _15423_/A1 (sky130_fd_sc_hd__a21oi_4)
     3    0.02    0.17    0.19    3.24 ^ _15423_/Y (sky130_fd_sc_hd__a21oi_4)
                                         _04779_ (net)
                  0.17    0.00    3.25 ^ _15499_/A1 (sky130_fd_sc_hd__a21oi_4)
     3    0.03    0.09    0.11    3.36 v _15499_/Y (sky130_fd_sc_hd__a21oi_4)
                                         _04839_ (net)
                  0.09    0.00    3.36 v _15543_/A1 (sky130_fd_sc_hd__o22ai_4)
     3    0.02    0.20    0.23    3.59 ^ _15543_/Y (sky130_fd_sc_hd__o22ai_4)
                                         _04867_ (net)
                  0.20    0.00    3.59 ^ _15570_/A3 (sky130_fd_sc_hd__a31o_1)
     1    0.00    0.06    0.18    3.77 ^ _15570_/X (sky130_fd_sc_hd__a31o_1)
                                         _04886_ (net)
                  0.06    0.00    3.77 ^ _15571_/A1 (sky130_fd_sc_hd__a21o_1)
     2    0.01    0.10    0.15    3.92 ^ _15571_/X (sky130_fd_sc_hd__a21o_1)
                                         _04887_ (net)
                  0.10    0.00    3.92 ^ _15593_/A2 (sky130_fd_sc_hd__a21oi_2)
     2    0.01    0.06    0.08    4.00 v _15593_/Y (sky130_fd_sc_hd__a21oi_2)
                                         _04901_ (net)
                  0.06    0.00    4.00 v _15615_/A1 (sky130_fd_sc_hd__o211ai_2)
     1    0.01    0.19    0.22    4.21 ^ _15615_/Y (sky130_fd_sc_hd__o211ai_2)
                                         _04915_ (net)
                  0.19    0.00    4.21 ^ _15616_/A2 (sky130_fd_sc_hd__a21oi_4)
     2    0.02    0.08    0.11    4.32 v _15616_/Y (sky130_fd_sc_hd__a21oi_4)
                                         _04916_ (net)
                  0.08    0.00    4.32 v _20670_/B (sky130_fd_sc_hd__xnor2_2)
     2    0.02    0.24    0.23    4.55 ^ _20670_/Y (sky130_fd_sc_hd__xnor2_2)
                                         _13554_ (net)
                  0.24    0.00    4.55 ^ _28038_/A (sky130_fd_sc_hd__ha_1)
     2    0.01    0.09    0.31    4.86 v _28038_/SUM (sky130_fd_sc_hd__ha_1)
                                         _13667_ (net)
                  0.09    0.00    4.86 v _18447_/B (sky130_fd_sc_hd__nand2_2)
     2    0.01    0.08    0.11    4.97 ^ _18447_/Y (sky130_fd_sc_hd__nand2_2)
                                         _06857_ (net)
                  0.08    0.00    4.97 ^ _18448_/B (sky130_fd_sc_hd__nor2_2)
     2    0.01    0.05    0.06    5.03 v _18448_/Y (sky130_fd_sc_hd__nor2_2)
                                         _06858_ (net)
                  0.05    0.00    5.03 v _18451_/A2 (sky130_fd_sc_hd__a21o_1)
     1    0.01    0.06    0.21    5.23 v _18451_/X (sky130_fd_sc_hd__a21o_1)
                                         _06861_ (net)
                  0.06    0.00    5.23 v _18452_/B1 (sky130_fd_sc_hd__a21oi_4)
     4    0.04    0.28    0.25    5.49 ^ _18452_/Y (sky130_fd_sc_hd__a21oi_4)
                                         _06862_ (net)
                  0.28    0.00    5.49 ^ _18474_/A1 (sky130_fd_sc_hd__o21ai_4)
     2    0.03    0.14    0.14    5.63 v _18474_/Y (sky130_fd_sc_hd__o21ai_4)
                                         _06880_ (net)
                  0.14    0.00    5.63 v _18475_/B (sky130_fd_sc_hd__xnor2_4)
     2    0.02    0.09    0.19    5.82 v _18475_/Y (sky130_fd_sc_hd__xnor2_4)
                                         _06881_ (net)
                  0.09    0.00    5.82 v _18476_/B (sky130_fd_sc_hd__nor2_8)
     5    0.08    0.31    0.28    6.10 ^ _18476_/Y (sky130_fd_sc_hd__nor2_8)
                                         hash.CA1.S1.X[25] (net)
                  0.31    0.01    6.11 ^ _18854_/A (sky130_fd_sc_hd__xnor2_4)
     1    0.02    0.20    0.19    6.29 ^ _18854_/Y (sky130_fd_sc_hd__xnor2_4)
                                         _14030_ (net)
                  0.20    0.00    6.29 ^ _28164_/B (sky130_fd_sc_hd__ha_4)
     3    0.02    0.08    0.20    6.49 ^ _28164_/COUT (sky130_fd_sc_hd__ha_4)
                                         _14031_ (net)
                  0.08    0.00    6.49 ^ _19198_/A (sky130_fd_sc_hd__inv_2)
     1    0.01    0.03    0.05    6.54 v _19198_/Y (sky130_fd_sc_hd__inv_2)
                                         _12671_ (net)
                  0.03    0.00    6.54 v _27748_/B (sky130_fd_sc_hd__fa_2)
     2    0.01    0.09    0.39    6.93 v _27748_/COUT (sky130_fd_sc_hd__fa_2)
                                         _12674_ (net)
                  0.09    0.00    6.93 v _18880_/A (sky130_fd_sc_hd__nor2b_1)
     1    0.01    0.13    0.16    7.09 ^ _18880_/Y (sky130_fd_sc_hd__nor2b_1)
                                         _07127_ (net)
                  0.13    0.00    7.09 ^ _18881_/A2 (sky130_fd_sc_hd__o21ai_1)
     2    0.01    0.10    0.10    7.19 v _18881_/Y (sky130_fd_sc_hd__o21ai_1)
                                         _07128_ (net)
                  0.10    0.00    7.19 v _18894_/A2 (sky130_fd_sc_hd__a21boi_1)
     1    0.01    0.15    0.20    7.39 ^ _18894_/Y (sky130_fd_sc_hd__a21boi_1)
                                         _07136_ (net)
                  0.15    0.00    7.39 ^ _18895_/A2 (sky130_fd_sc_hd__o21ai_2)
     3    0.02    0.09    0.12    7.51 v _18895_/Y (sky130_fd_sc_hd__o21ai_2)
                                         _07137_ (net)
                  0.09    0.00    7.51 v _18939_/A1 (sky130_fd_sc_hd__a211oi_4)
     3    0.02    0.29    0.32    7.82 ^ _18939_/Y (sky130_fd_sc_hd__a211oi_4)
                                         _07170_ (net)
                  0.29    0.00    7.82 ^ _18974_/A1 (sky130_fd_sc_hd__o21a_1)
     3    0.02    0.17    0.27    8.09 ^ _18974_/X (sky130_fd_sc_hd__o21a_1)
                                         _07198_ (net)
                  0.17    0.00    8.09 ^ _18975_/A2 (sky130_fd_sc_hd__a21o_1)
     2    0.01    0.12    0.20    8.29 ^ _18975_/X (sky130_fd_sc_hd__a21o_1)
                                         _07199_ (net)
                  0.12    0.00    8.29 ^ _19155_/B_N (sky130_fd_sc_hd__nor2b_4)
     2    0.01    0.11    0.19    8.48 ^ _19155_/Y (sky130_fd_sc_hd__nor2b_4)
                                         _07343_ (net)
                  0.11    0.00    8.48 ^ _19161_/A2 (sky130_fd_sc_hd__o21ai_2)
     1    0.01    0.08    0.07    8.55 v _19161_/Y (sky130_fd_sc_hd__o21ai_2)
                                         _07347_ (net)
                  0.08    0.00    8.55 v _19162_/B (sky130_fd_sc_hd__nand2b_1)
     1    0.01    0.15    0.15    8.70 ^ _19162_/Y (sky130_fd_sc_hd__nand2b_1)
                                         _07348_ (net)
                  0.15    0.00    8.70 ^ _19163_/A2 (sky130_fd_sc_hd__a21oi_4)
     2    0.02    0.09    0.10    8.80 v _19163_/Y (sky130_fd_sc_hd__a21oi_4)
                                         _07349_ (net)
                  0.09    0.00    8.80 v _20457_/B (sky130_fd_sc_hd__xnor2_2)
     1    0.01    0.07    0.16    8.96 v _20457_/Y (sky130_fd_sc_hd__xnor2_2)
                                         _12759_ (net)
                  0.07    0.00    8.96 v _27766_/A (sky130_fd_sc_hd__fa_1)
     1    0.01    0.12    0.60    9.55 ^ _27766_/SUM (sky130_fd_sc_hd__fa_1)
                                         _12763_ (net)
                  0.12    0.00    9.55 ^ _28217_/B (sky130_fd_sc_hd__ha_4)
     5    0.03    0.06    0.24    9.79 v _28217_/SUM (sky130_fd_sc_hd__ha_4)
                                         _14187_ (net)
                  0.06    0.00    9.79 v _23889_/B1 (sky130_fd_sc_hd__o21a_1)
     1    0.01    0.05    0.12    9.91 v _23889_/X (sky130_fd_sc_hd__o21a_1)
                                         _09685_ (net)
                  0.05    0.00    9.91 v _23890_/A2 (sky130_fd_sc_hd__o211ai_2)
     3    0.01    0.23    0.21   10.13 ^ _23890_/Y (sky130_fd_sc_hd__o211ai_2)
                                         _09686_ (net)
                  0.23    0.00   10.13 ^ _23892_/B (sky130_fd_sc_hd__nor3_1)
     1    0.00    0.06    0.09   10.21 v _23892_/Y (sky130_fd_sc_hd__nor3_1)
                                         _09688_ (net)
                  0.06    0.00   10.21 v _23896_/A1 (sky130_fd_sc_hd__a32o_2)
     3    0.02    0.08    0.29   10.51 v _23896_/X (sky130_fd_sc_hd__a32o_2)
                                         _09692_ (net)
                  0.08    0.00   10.51 v _23912_/D (sky130_fd_sc_hd__or4_4)
     2    0.01    0.10    0.44   10.95 v _23912_/X (sky130_fd_sc_hd__or4_4)
                                         _09704_ (net)
                  0.10    0.00   10.95 v _23927_/A3 (sky130_fd_sc_hd__a311oi_2)
     1    0.01    0.24    0.31   11.26 ^ _23927_/Y (sky130_fd_sc_hd__a311oi_2)
                                         _09717_ (net)
                  0.24    0.00   11.26 ^ _23929_/B (sky130_fd_sc_hd__nor2_2)
     3    0.01    0.07    0.09   11.35 v _23929_/Y (sky130_fd_sc_hd__nor2_2)
                                         _09719_ (net)
                  0.07    0.00   11.35 v _23951_/A1 (sky130_fd_sc_hd__o211a_1)
     2    0.02    0.09    0.29   11.64 v _23951_/X (sky130_fd_sc_hd__o211a_1)
                                         _09737_ (net)
                  0.09    0.00   11.64 v _23953_/C (sky130_fd_sc_hd__nor4b_2)
     1    0.01    0.25    0.27   11.91 ^ _23953_/Y (sky130_fd_sc_hd__nor4b_2)
                                         _09739_ (net)
                  0.25    0.00   11.91 ^ _23958_/C1 (sky130_fd_sc_hd__a211oi_2)
     1    0.01    0.08    0.09   12.00 v _23958_/Y (sky130_fd_sc_hd__a211oi_2)
                                         _09744_ (net)
                  0.08    0.00   12.00 v _23959_/B (sky130_fd_sc_hd__xnor2_1)
     1    0.00    0.07    0.13   12.13 v _23959_/Y (sky130_fd_sc_hd__xnor2_1)
                                         hash.CA1.p3[31] (net)
                  0.07    0.00   12.13 v hash.p3_cap[31]$_DFF_P_/D (sky130_fd_sc_hd__dfxtp_1)
                                 12.13   data arrival time

                         10.00   10.00   clock core_clock (rise edge)
                          0.00   10.00   clock source latency
     1    0.13    0.00    0.00   10.00 ^ clk (in)
                                         clk (net)
                  0.01    0.01   10.01 ^ clkbuf_0_clk/A (sky130_fd_sc_hd__clkbuf_16)
     4    0.21    0.22    0.25   10.25 ^ clkbuf_0_clk/X (sky130_fd_sc_hd__clkbuf_16)
                                         clknet_0_clk (net)
                  0.22    0.01   10.26 ^ clkbuf_2_3_0_clk/A (sky130_fd_sc_hd__clkbuf_16)
     8    0.19    0.20    0.30   10.56 ^ clkbuf_2_3_0_clk/X (sky130_fd_sc_hd__clkbuf_16)
                                         clknet_2_3_0_clk (net)
                  0.20    0.01   10.57 ^ clkbuf_5_31__f_clk/A (sky130_fd_sc_hd__clkbuf_16)
    11    0.15    0.17    0.27   10.84 ^ clkbuf_5_31__f_clk/X (sky130_fd_sc_hd__clkbuf_16)
                                         clknet_5_31__leaf_clk (net)
                  0.17    0.00   10.85 ^ clkbuf_leaf_142_clk/A (sky130_fd_sc_hd__clkbuf_16)
    10    0.04    0.06    0.18   11.03 ^ clkbuf_leaf_142_clk/X (sky130_fd_sc_hd__clkbuf_16)
                                         clknet_leaf_142_clk (net)
                  0.06    0.00   11.03 ^ hash.p3_cap[31]$_DFF_P_/CLK (sky130_fd_sc_hd__dfxtp_1)
                          0.00   11.03   clock reconvergence pessimism
                         -0.12   10.91   library setup time
                                 10.91   data required time
-----------------------------------------------------------------------------
                                 10.91   data required time
                                -12.13   data arrival time
-----------------------------------------------------------------------------
                                 -1.22   slack (VIOLATED)



==========================================================================
global route report_checks -unconstrained
--------------------------------------------------------------------------
Startpoint: hash.p2_cap[25]$_DFF_P_
            (rising edge-triggered flip-flop clocked by core_clock)
Endpoint: hash.p3_cap[31]$_DFF_P_
          (rising edge-triggered flip-flop clocked by core_clock)
Path Group: core_clock
Path Type: max

Fanout     Cap    Slew   Delay    Time   Description
-----------------------------------------------------------------------------
                          0.00    0.00   clock core_clock (rise edge)
                          0.00    0.00   clock source latency
     1    0.13    0.00    0.00    0.00 ^ clk (in)
                                         clk (net)
                  0.01    0.01    0.01 ^ clkbuf_0_clk/A (sky130_fd_sc_hd__clkbuf_16)
     4    0.21    0.22    0.25    0.25 ^ clkbuf_0_clk/X (sky130_fd_sc_hd__clkbuf_16)
                                         clknet_0_clk (net)
                  0.22    0.01    0.26 ^ clkbuf_2_3_0_clk/A (sky130_fd_sc_hd__clkbuf_16)
     8    0.19    0.20    0.30    0.56 ^ clkbuf_2_3_0_clk/X (sky130_fd_sc_hd__clkbuf_16)
                                         clknet_2_3_0_clk (net)
                  0.20    0.01    0.57 ^ clkbuf_5_29__f_clk/A (sky130_fd_sc_hd__clkbuf_16)
    10    0.15    0.17    0.27    0.84 ^ clkbuf_5_29__f_clk/X (sky130_fd_sc_hd__clkbuf_16)
                                         clknet_5_29__leaf_clk (net)
                  0.17    0.00    0.85 ^ clkbuf_leaf_144_clk/A (sky130_fd_sc_hd__clkbuf_16)
     9    0.04    0.06    0.18    1.03 ^ clkbuf_leaf_144_clk/X (sky130_fd_sc_hd__clkbuf_16)
                                         clknet_leaf_144_clk (net)
                  0.06    0.00    1.03 ^ hash.p2_cap[25]$_DFF_P_/CLK (sky130_fd_sc_hd__dfxtp_4)
     4    0.03    0.06    0.37    1.40 v hash.p2_cap[25]$_DFF_P_/Q (sky130_fd_sc_hd__dfxtp_4)
                                         hash.CA2.S1.X[25] (net)
                  0.06    0.00    1.40 v rebuffer1/A (sky130_fd_sc_hd__buf_8)
     5    0.05    0.05    0.15    1.55 v rebuffer1/X (sky130_fd_sc_hd__buf_8)
                                         net1100 (net)
                  0.05    0.00    1.55 v _15161_/A (sky130_fd_sc_hd__xnor2_4)
     1    0.02    0.20    0.22    1.77 ^ _15161_/Y (sky130_fd_sc_hd__xnor2_4)
                                         _04553_ (net)
                  0.20    0.00    1.77 ^ _15162_/B (sky130_fd_sc_hd__xnor2_4)
     1    0.02    0.23    0.18    1.95 ^ _15162_/Y (sky130_fd_sc_hd__xnor2_4)
                                         _13398_ (net)
                  0.23    0.00    1.95 ^ _27949_/B (sky130_fd_sc_hd__ha_4)
     3    0.01    0.05    0.18    2.13 ^ _27949_/COUT (sky130_fd_sc_hd__ha_4)
                                         _13399_ (net)
                  0.05    0.00    2.13 ^ _19178_/A (sky130_fd_sc_hd__inv_2)
     1    0.01    0.02    0.04    2.17 v _19178_/Y (sky130_fd_sc_hd__inv_2)
                                         _12254_ (net)
                  0.02    0.00    2.17 v _27652_/CIN (sky130_fd_sc_hd__fa_2)
     2    0.01    0.07    0.33    2.50 v _27652_/COUT (sky130_fd_sc_hd__fa_2)
                                         _12257_ (net)
                  0.07    0.00    2.50 v _15307_/A (sky130_fd_sc_hd__nor2b_1)
     1    0.01    0.13    0.15    2.65 ^ _15307_/Y (sky130_fd_sc_hd__nor2b_1)
                                         _04679_ (net)
                  0.13    0.00    2.65 ^ _15308_/A2 (sky130_fd_sc_hd__o21ai_2)
     2    0.01    0.07    0.09    2.74 v _15308_/Y (sky130_fd_sc_hd__o21ai_2)
                                         _04680_ (net)
                  0.07    0.00    2.74 v _15309_/A2 (sky130_fd_sc_hd__a21boi_2)
     2    0.01    0.17    0.20    2.94 ^ _15309_/Y (sky130_fd_sc_hd__a21boi_2)
                                         _04681_ (net)
                  0.17    0.00    2.94 ^ _15365_/A2 (sky130_fd_sc_hd__o21ai_2)
     2    0.02    0.09    0.11    3.05 v _15365_/Y (sky130_fd_sc_hd__o21ai_2)
                                         _04729_ (net)
                  0.09    0.00    3.05 v _15423_/A1 (sky130_fd_sc_hd__a21oi_4)
     3    0.02    0.17    0.19    3.24 ^ _15423_/Y (sky130_fd_sc_hd__a21oi_4)
                                         _04779_ (net)
                  0.17    0.00    3.25 ^ _15499_/A1 (sky130_fd_sc_hd__a21oi_4)
     3    0.03    0.09    0.11    3.36 v _15499_/Y (sky130_fd_sc_hd__a21oi_4)
                                         _04839_ (net)
                  0.09    0.00    3.36 v _15543_/A1 (sky130_fd_sc_hd__o22ai_4)
     3    0.02    0.20    0.23    3.59 ^ _15543_/Y (sky130_fd_sc_hd__o22ai_4)
                                         _04867_ (net)
                  0.20    0.00    3.59 ^ _15570_/A3 (sky130_fd_sc_hd__a31o_1)
     1    0.00    0.06    0.18    3.77 ^ _15570_/X (sky130_fd_sc_hd__a31o_1)
                                         _04886_ (net)
                  0.06    0.00    3.77 ^ _15571_/A1 (sky130_fd_sc_hd__a21o_1)
     2    0.01    0.10    0.15    3.92 ^ _15571_/X (sky130_fd_sc_hd__a21o_1)
                                         _04887_ (net)
                  0.10    0.00    3.92 ^ _15593_/A2 (sky130_fd_sc_hd__a21oi_2)
     2    0.01    0.06    0.08    4.00 v _15593_/Y (sky130_fd_sc_hd__a21oi_2)
                                         _04901_ (net)
                  0.06    0.00    4.00 v _15615_/A1 (sky130_fd_sc_hd__o211ai_2)
     1    0.01    0.19    0.22    4.21 ^ _15615_/Y (sky130_fd_sc_hd__o211ai_2)
                                         _04915_ (net)
                  0.19    0.00    4.21 ^ _15616_/A2 (sky130_fd_sc_hd__a21oi_4)
     2    0.02    0.08    0.11    4.32 v _15616_/Y (sky130_fd_sc_hd__a21oi_4)
                                         _04916_ (net)
                  0.08    0.00    4.32 v _20670_/B (sky130_fd_sc_hd__xnor2_2)
     2    0.02    0.24    0.23    4.55 ^ _20670_/Y (sky130_fd_sc_hd__xnor2_2)
                                         _13554_ (net)
                  0.24    0.00    4.55 ^ _28038_/A (sky130_fd_sc_hd__ha_1)
     2    0.01    0.09    0.31    4.86 v _28038_/SUM (sky130_fd_sc_hd__ha_1)
                                         _13667_ (net)
                  0.09    0.00    4.86 v _18447_/B (sky130_fd_sc_hd__nand2_2)
     2    0.01    0.08    0.11    4.97 ^ _18447_/Y (sky130_fd_sc_hd__nand2_2)
                                         _06857_ (net)
                  0.08    0.00    4.97 ^ _18448_/B (sky130_fd_sc_hd__nor2_2)
     2    0.01    0.05    0.06    5.03 v _18448_/Y (sky130_fd_sc_hd__nor2_2)
                                         _06858_ (net)
                  0.05    0.00    5.03 v _18451_/A2 (sky130_fd_sc_hd__a21o_1)
     1    0.01    0.06    0.21    5.23 v _18451_/X (sky130_fd_sc_hd__a21o_1)
                                         _06861_ (net)
                  0.06    0.00    5.23 v _18452_/B1 (sky130_fd_sc_hd__a21oi_4)
     4    0.04    0.28    0.25    5.49 ^ _18452_/Y (sky130_fd_sc_hd__a21oi_4)
                                         _06862_ (net)
                  0.28    0.00    5.49 ^ _18474_/A1 (sky130_fd_sc_hd__o21ai_4)
     2    0.03    0.14    0.14    5.63 v _18474_/Y (sky130_fd_sc_hd__o21ai_4)
                                         _06880_ (net)
                  0.14    0.00    5.63 v _18475_/B (sky130_fd_sc_hd__xnor2_4)
     2    0.02    0.09    0.19    5.82 v _18475_/Y (sky130_fd_sc_hd__xnor2_4)
                                         _06881_ (net)
                  0.09    0.00    5.82 v _18476_/B (sky130_fd_sc_hd__nor2_8)
     5    0.08    0.31    0.28    6.10 ^ _18476_/Y (sky130_fd_sc_hd__nor2_8)
                                         hash.CA1.S1.X[25] (net)
                  0.31    0.01    6.11 ^ _18854_/A (sky130_fd_sc_hd__xnor2_4)
     1    0.02    0.20    0.19    6.29 ^ _18854_/Y (sky130_fd_sc_hd__xnor2_4)
                                         _14030_ (net)
                  0.20    0.00    6.29 ^ _28164_/B (sky130_fd_sc_hd__ha_4)
     3    0.02    0.08    0.20    6.49 ^ _28164_/COUT (sky130_fd_sc_hd__ha_4)
                                         _14031_ (net)
                  0.08    0.00    6.49 ^ _19198_/A (sky130_fd_sc_hd__inv_2)
     1    0.01    0.03    0.05    6.54 v _19198_/Y (sky130_fd_sc_hd__inv_2)
                                         _12671_ (net)
                  0.03    0.00    6.54 v _27748_/B (sky130_fd_sc_hd__fa_2)
     2    0.01    0.09    0.39    6.93 v _27748_/COUT (sky130_fd_sc_hd__fa_2)
                                         _12674_ (net)
                  0.09    0.00    6.93 v _18880_/A (sky130_fd_sc_hd__nor2b_1)
     1    0.01    0.13    0.16    7.09 ^ _18880_/Y (sky130_fd_sc_hd__nor2b_1)
                                         _07127_ (net)
                  0.13    0.00    7.09 ^ _18881_/A2 (sky130_fd_sc_hd__o21ai_1)
     2    0.01    0.10    0.10    7.19 v _18881_/Y (sky130_fd_sc_hd__o21ai_1)
                                         _07128_ (net)
                  0.10    0.00    7.19 v _18894_/A2 (sky130_fd_sc_hd__a21boi_1)
     1    0.01    0.15    0.20    7.39 ^ _18894_/Y (sky130_fd_sc_hd__a21boi_1)
                                         _07136_ (net)
                  0.15    0.00    7.39 ^ _18895_/A2 (sky130_fd_sc_hd__o21ai_2)
     3    0.02    0.09    0.12    7.51 v _18895_/Y (sky130_fd_sc_hd__o21ai_2)
                                         _07137_ (net)
                  0.09    0.00    7.51 v _18939_/A1 (sky130_fd_sc_hd__a211oi_4)
     3    0.02    0.29    0.32    7.82 ^ _18939_/Y (sky130_fd_sc_hd__a211oi_4)
                                         _07170_ (net)
                  0.29    0.00    7.82 ^ _18974_/A1 (sky130_fd_sc_hd__o21a_1)
     3    0.02    0.17    0.27    8.09 ^ _18974_/X (sky130_fd_sc_hd__o21a_1)
                                         _07198_ (net)
                  0.17    0.00    8.09 ^ _18975_/A2 (sky130_fd_sc_hd__a21o_1)
     2    0.01    0.12    0.20    8.29 ^ _18975_/X (sky130_fd_sc_hd__a21o_1)
                                         _07199_ (net)
                  0.12    0.00    8.29 ^ _19155_/B_N (sky130_fd_sc_hd__nor2b_4)
     2    0.01    0.11    0.19    8.48 ^ _19155_/Y (sky130_fd_sc_hd__nor2b_4)
                                         _07343_ (net)
                  0.11    0.00    8.48 ^ _19161_/A2 (sky130_fd_sc_hd__o21ai_2)
     1    0.01    0.08    0.07    8.55 v _19161_/Y (sky130_fd_sc_hd__o21ai_2)
                                         _07347_ (net)
                  0.08    0.00    8.55 v _19162_/B (sky130_fd_sc_hd__nand2b_1)
     1    0.01    0.15    0.15    8.70 ^ _19162_/Y (sky130_fd_sc_hd__nand2b_1)
                                         _07348_ (net)
                  0.15    0.00    8.70 ^ _19163_/A2 (sky130_fd_sc_hd__a21oi_4)
     2    0.02    0.09    0.10    8.80 v _19163_/Y (sky130_fd_sc_hd__a21oi_4)
                                         _07349_ (net)
                  0.09    0.00    8.80 v _20457_/B (sky130_fd_sc_hd__xnor2_2)
     1    0.01    0.07    0.16    8.96 v _20457_/Y (sky130_fd_sc_hd__xnor2_2)
                                         _12759_ (net)
                  0.07    0.00    8.96 v _27766_/A (sky130_fd_sc_hd__fa_1)
     1    0.01    0.12    0.60    9.55 ^ _27766_/SUM (sky130_fd_sc_hd__fa_1)
                                         _12763_ (net)
                  0.12    0.00    9.55 ^ _28217_/B (sky130_fd_sc_hd__ha_4)
     5    0.03    0.06    0.24    9.79 v _28217_/SUM (sky130_fd_sc_hd__ha_4)
                                         _14187_ (net)
                  0.06    0.00    9.79 v _23889_/B1 (sky130_fd_sc_hd__o21a_1)
     1    0.01    0.05    0.12    9.91 v _23889_/X (sky130_fd_sc_hd__o21a_1)
                                         _09685_ (net)
                  0.05    0.00    9.91 v _23890_/A2 (sky130_fd_sc_hd__o211ai_2)
     3    0.01    0.23    0.21   10.13 ^ _23890_/Y (sky130_fd_sc_hd__o211ai_2)
                                         _09686_ (net)
                  0.23    0.00   10.13 ^ _23892_/B (sky130_fd_sc_hd__nor3_1)
     1    0.00    0.06    0.09   10.21 v _23892_/Y (sky130_fd_sc_hd__nor3_1)
                                         _09688_ (net)
                  0.06    0.00   10.21 v _23896_/A1 (sky130_fd_sc_hd__a32o_2)
     3    0.02    0.08    0.29   10.51 v _23896_/X (sky130_fd_sc_hd__a32o_2)
                                         _09692_ (net)
                  0.08    0.00   10.51 v _23912_/D (sky130_fd_sc_hd__or4_4)
     2    0.01    0.10    0.44   10.95 v _23912_/X (sky130_fd_sc_hd__or4_4)
                                         _09704_ (net)
                  0.10    0.00   10.95 v _23927_/A3 (sky130_fd_sc_hd__a311oi_2)
     1    0.01    0.24    0.31   11.26 ^ _23927_/Y (sky130_fd_sc_hd__a311oi_2)
                                         _09717_ (net)
                  0.24    0.00   11.26 ^ _23929_/B (sky130_fd_sc_hd__nor2_2)
     3    0.01    0.07    0.09   11.35 v _23929_/Y (sky130_fd_sc_hd__nor2_2)
                                         _09719_ (net)
                  0.07    0.00   11.35 v _23951_/A1 (sky130_fd_sc_hd__o211a_1)
     2    0.02    0.09    0.29   11.64 v _23951_/X (sky130_fd_sc_hd__o211a_1)
                                         _09737_ (net)
                  0.09    0.00   11.64 v _23953_/C (sky130_fd_sc_hd__nor4b_2)
     1    0.01    0.25    0.27   11.91 ^ _23953_/Y (sky130_fd_sc_hd__nor4b_2)
                                         _09739_ (net)
                  0.25    0.00   11.91 ^ _23958_/C1 (sky130_fd_sc_hd__a211oi_2)
     1    0.01    0.08    0.09   12.00 v _23958_/Y (sky130_fd_sc_hd__a211oi_2)
                                         _09744_ (net)
                  0.08    0.00   12.00 v _23959_/B (sky130_fd_sc_hd__xnor2_1)
     1    0.00    0.07    0.13   12.13 v _23959_/Y (sky130_fd_sc_hd__xnor2_1)
                                         hash.CA1.p3[31] (net)
                  0.07    0.00   12.13 v hash.p3_cap[31]$_DFF_P_/D (sky130_fd_sc_hd__dfxtp_1)
                                 12.13   data arrival time

                         10.00   10.00   clock core_clock (rise edge)
                          0.00   10.00   clock source latency
     1    0.13    0.00    0.00   10.00 ^ clk (in)
                                         clk (net)
                  0.01    0.01   10.01 ^ clkbuf_0_clk/A (sky130_fd_sc_hd__clkbuf_16)
     4    0.21    0.22    0.25   10.25 ^ clkbuf_0_clk/X (sky130_fd_sc_hd__clkbuf_16)
                                         clknet_0_clk (net)
                  0.22    0.01   10.26 ^ clkbuf_2_3_0_clk/A (sky130_fd_sc_hd__clkbuf_16)
     8    0.19    0.20    0.30   10.56 ^ clkbuf_2_3_0_clk/X (sky130_fd_sc_hd__clkbuf_16)
                                         clknet_2_3_0_clk (net)
                  0.20    0.01   10.57 ^ clkbuf_5_31__f_clk/A (sky130_fd_sc_hd__clkbuf_16)
    11    0.15    0.17    0.27   10.84 ^ clkbuf_5_31__f_clk/X (sky130_fd_sc_hd__clkbuf_16)
                                         clknet_5_31__leaf_clk (net)
                  0.17    0.00   10.85 ^ clkbuf_leaf_142_clk/A (sky130_fd_sc_hd__clkbuf_16)
    10    0.04    0.06    0.18   11.03 ^ clkbuf_leaf_142_clk/X (sky130_fd_sc_hd__clkbuf_16)
                                         clknet_leaf_142_clk (net)
                  0.06    0.00   11.03 ^ hash.p3_cap[31]$_DFF_P_/CLK (sky130_fd_sc_hd__dfxtp_1)
                          0.00   11.03   clock reconvergence pessimism
                         -0.12   10.91   library setup time
                                 10.91   data required time
-----------------------------------------------------------------------------
                                 10.91   data required time
                                -12.13   data arrival time
-----------------------------------------------------------------------------
                                 -1.22   slack (VIOLATED)



==========================================================================
global route report_check_types -max_slew -max_cap -max_fanout -violators
--------------------------------------------------------------------------

==========================================================================
global route max_slew_check_slack
--------------------------------------------------------------------------
0.28546765446662903

==========================================================================
global route max_slew_check_limit
--------------------------------------------------------------------------
1.468616008758545

==========================================================================
global route max_slew_check_slack_limit
--------------------------------------------------------------------------
0.1944

==========================================================================
global route max_fanout_check_slack
--------------------------------------------------------------------------
1.0000000150474662e+30

==========================================================================
global route max_fanout_check_limit
--------------------------------------------------------------------------
1.0000000150474662e+30

==========================================================================
global route max_capacitance_check_slack
--------------------------------------------------------------------------
0.015463023446500301

==========================================================================
global route max_capacitance_check_limit
--------------------------------------------------------------------------
0.021067000925540924

==========================================================================
global route max_capacitance_check_slack_limit
--------------------------------------------------------------------------
0.7340

==========================================================================
global route max_slew_violation_count
--------------------------------------------------------------------------
max slew violation count 0

==========================================================================
global route max_fanout_violation_count
--------------------------------------------------------------------------
max fanout violation count 0

==========================================================================
global route max_cap_violation_count
--------------------------------------------------------------------------
max cap violation count 0

==========================================================================
global route setup_violation_count
--------------------------------------------------------------------------
setup violation count 56

==========================================================================
global route hold_violation_count
--------------------------------------------------------------------------
hold violation count 0

==========================================================================
global route report_checks -path_delay max reg to reg
--------------------------------------------------------------------------
Startpoint: hash.p2_cap[25]$_DFF_P_
            (rising edge-triggered flip-flop clocked by core_clock)
Endpoint: hash.p3_cap[31]$_DFF_P_
          (rising edge-triggered flip-flop clocked by core_clock)
Path Group: core_clock
Path Type: max

  Delay    Time   Description
---------------------------------------------------------
   0.00    0.00   clock core_clock (rise edge)
   0.00    0.00   clock source latency
   0.00    0.00 ^ clk (in)
   0.25    0.25 ^ clkbuf_0_clk/X (sky130_fd_sc_hd__clkbuf_16)
   0.31    0.56 ^ clkbuf_2_3_0_clk/X (sky130_fd_sc_hd__clkbuf_16)
   0.28    0.84 ^ clkbuf_5_29__f_clk/X (sky130_fd_sc_hd__clkbuf_16)
   0.19    1.03 ^ clkbuf_leaf_144_clk/X (sky130_fd_sc_hd__clkbuf_16)
   0.00    1.03 ^ hash.p2_cap[25]$_DFF_P_/CLK (sky130_fd_sc_hd__dfxtp_4)
   0.37    1.40 v hash.p2_cap[25]$_DFF_P_/Q (sky130_fd_sc_hd__dfxtp_4)
   0.15    1.55 v rebuffer1/X (sky130_fd_sc_hd__buf_8)
   0.23    1.77 ^ _15161_/Y (sky130_fd_sc_hd__xnor2_4)
   0.18    1.95 ^ _15162_/Y (sky130_fd_sc_hd__xnor2_4)
   0.18    2.13 ^ _27949_/COUT (sky130_fd_sc_hd__ha_4)
   0.04    2.17 v _19178_/Y (sky130_fd_sc_hd__inv_2)
   0.33    2.50 v _27652_/COUT (sky130_fd_sc_hd__fa_2)
   0.15    2.65 ^ _15307_/Y (sky130_fd_sc_hd__nor2b_1)
   0.09    2.74 v _15308_/Y (sky130_fd_sc_hd__o21ai_2)
   0.20    2.94 ^ _15309_/Y (sky130_fd_sc_hd__a21boi_2)
   0.11    3.05 v _15365_/Y (sky130_fd_sc_hd__o21ai_2)
   0.19    3.24 ^ _15423_/Y (sky130_fd_sc_hd__a21oi_4)
   0.11    3.36 v _15499_/Y (sky130_fd_sc_hd__a21oi_4)
   0.23    3.59 ^ _15543_/Y (sky130_fd_sc_hd__o22ai_4)
   0.18    3.77 ^ _15570_/X (sky130_fd_sc_hd__a31o_1)
   0.15    3.92 ^ _15571_/X (sky130_fd_sc_hd__a21o_1)
   0.08    4.00 v _15593_/Y (sky130_fd_sc_hd__a21oi_2)
   0.22    4.21 ^ _15615_/Y (sky130_fd_sc_hd__o211ai_2)
   0.11    4.32 v _15616_/Y (sky130_fd_sc_hd__a21oi_4)
   0.23    4.55 ^ _20670_/Y (sky130_fd_sc_hd__xnor2_2)
   0.31    4.86 v _28038_/SUM (sky130_fd_sc_hd__ha_1)
   0.11    4.97 ^ _18447_/Y (sky130_fd_sc_hd__nand2_2)
   0.06    5.03 v _18448_/Y (sky130_fd_sc_hd__nor2_2)
   0.21    5.23 v _18451_/X (sky130_fd_sc_hd__a21o_1)
   0.25    5.49 ^ _18452_/Y (sky130_fd_sc_hd__a21oi_4)
   0.14    5.63 v _18474_/Y (sky130_fd_sc_hd__o21ai_4)
   0.19    5.82 v _18475_/Y (sky130_fd_sc_hd__xnor2_4)
   0.28    6.10 ^ _18476_/Y (sky130_fd_sc_hd__nor2_8)
   0.19    6.29 ^ _18854_/Y (sky130_fd_sc_hd__xnor2_4)
   0.20    6.49 ^ _28164_/COUT (sky130_fd_sc_hd__ha_4)
   0.05    6.54 v _19198_/Y (sky130_fd_sc_hd__inv_2)
   0.39    6.93 v _27748_/COUT (sky130_fd_sc_hd__fa_2)
   0.16    7.09 ^ _18880_/Y (sky130_fd_sc_hd__nor2b_1)
   0.10    7.19 v _18881_/Y (sky130_fd_sc_hd__o21ai_1)
   0.20    7.39 ^ _18894_/Y (sky130_fd_sc_hd__a21boi_1)
   0.12    7.51 v _18895_/Y (sky130_fd_sc_hd__o21ai_2)
   0.32    7.82 ^ _18939_/Y (sky130_fd_sc_hd__a211oi_4)
   0.27    8.09 ^ _18974_/X (sky130_fd_sc_hd__o21a_1)
   0.20    8.29 ^ _18975_/X (sky130_fd_sc_hd__a21o_1)
   0.19    8.48 ^ _19155_/Y (sky130_fd_sc_hd__nor2b_4)
   0.07    8.55 v _19161_/Y (sky130_fd_sc_hd__o21ai_2)
   0.15    8.70 ^ _19162_/Y (sky130_fd_sc_hd__nand2b_1)
   0.10    8.80 v _19163_/Y (sky130_fd_sc_hd__a21oi_4)
   0.16    8.96 v _20457_/Y (sky130_fd_sc_hd__xnor2_2)
   0.60    9.55 ^ _27766_/SUM (sky130_fd_sc_hd__fa_1)
   0.24    9.79 v _28217_/SUM (sky130_fd_sc_hd__ha_4)
   0.12    9.91 v _23889_/X (sky130_fd_sc_hd__o21a_1)
   0.21   10.13 ^ _23890_/Y (sky130_fd_sc_hd__o211ai_2)
   0.09   10.21 v _23892_/Y (sky130_fd_sc_hd__nor3_1)
   0.29   10.51 v _23896_/X (sky130_fd_sc_hd__a32o_2)
   0.44   10.95 v _23912_/X (sky130_fd_sc_hd__or4_4)
   0.31   11.26 ^ _23927_/Y (sky130_fd_sc_hd__a311oi_2)
   0.09   11.35 v _23929_/Y (sky130_fd_sc_hd__nor2_2)
   0.29   11.64 v _23951_/X (sky130_fd_sc_hd__o211a_1)
   0.27   11.91 ^ _23953_/Y (sky130_fd_sc_hd__nor4b_2)
   0.09   12.00 v _23958_/Y (sky130_fd_sc_hd__a211oi_2)
   0.13   12.13 v _23959_/Y (sky130_fd_sc_hd__xnor2_1)
   0.00   12.13 v hash.p3_cap[31]$_DFF_P_/D (sky130_fd_sc_hd__dfxtp_1)
          12.13   data arrival time

  10.00   10.00   clock core_clock (rise edge)
   0.00   10.00   clock source latency
   0.00   10.00 ^ clk (in)
   0.25   10.25 ^ clkbuf_0_clk/X (sky130_fd_sc_hd__clkbuf_16)
   0.31   10.56 ^ clkbuf_2_3_0_clk/X (sky130_fd_sc_hd__clkbuf_16)
   0.28   10.84 ^ clkbuf_5_31__f_clk/X (sky130_fd_sc_hd__clkbuf_16)
   0.19   11.03 ^ clkbuf_leaf_142_clk/X (sky130_fd_sc_hd__clkbuf_16)
   0.00   11.03 ^ hash.p3_cap[31]$_DFF_P_/CLK (sky130_fd_sc_hd__dfxtp_1)
   0.00   11.03   clock reconvergence pessimism
  -0.12   10.91   library setup time
          10.91   data required time
---------------------------------------------------------
          10.91   data required time
         -12.13   data arrival time
---------------------------------------------------------
          -1.22   slack (VIOLATED)



==========================================================================
global route report_checks -path_delay min reg to reg
--------------------------------------------------------------------------
Startpoint: ready_dash$_SDFF_PP0_
            (rising edge-triggered flip-flop clocked by core_clock)
Endpoint: ready$_DFF_P_ (rising edge-triggered flip-flop clocked by core_clock)
Path Group: core_clock
Path Type: min

  Delay    Time   Description
---------------------------------------------------------
   0.00    0.00   clock core_clock (rise edge)
   0.00    0.00   clock source latency
   0.00    0.00 ^ clk (in)
   0.25    0.25 ^ clkbuf_0_clk/X (sky130_fd_sc_hd__clkbuf_16)
   0.32    0.57 ^ clkbuf_2_1_0_clk/X (sky130_fd_sc_hd__clkbuf_16)
   0.29    0.86 ^ clkbuf_5_15__f_clk/X (sky130_fd_sc_hd__clkbuf_16)
   0.20    1.06 ^ clkbuf_leaf_196_clk/X (sky130_fd_sc_hd__clkbuf_16)
   0.00    1.06 ^ ready_dash$_SDFF_PP0_/CLK (sky130_fd_sc_hd__dfxtp_1)
   0.31    1.37 v ready_dash$_SDFF_PP0_/Q (sky130_fd_sc_hd__dfxtp_1)
   0.00    1.37 v ready$_DFF_P_/D (sky130_fd_sc_hd__dfxtp_4)
           1.37   data arrival time

   0.00    0.00   clock core_clock (rise edge)
   0.00    0.00   clock source latency
   0.00    0.00 ^ clk (in)
   0.25    0.25 ^ clkbuf_0_clk/X (sky130_fd_sc_hd__clkbuf_16)
   0.32    0.57 ^ clkbuf_2_1_0_clk/X (sky130_fd_sc_hd__clkbuf_16)
   0.29    0.86 ^ clkbuf_5_15__f_clk/X (sky130_fd_sc_hd__clkbuf_16)
   0.20    1.05 ^ clkbuf_leaf_208_clk/X (sky130_fd_sc_hd__clkbuf_16)
   0.00    1.06 ^ ready$_DFF_P_/CLK (sky130_fd_sc_hd__dfxtp_4)
   0.00    1.06   clock reconvergence pessimism
  -0.04    1.02   library hold time
           1.02   data required time
---------------------------------------------------------
           1.02   data required time
          -1.37   data arrival time
---------------------------------------------------------
           0.35   slack (MET)



==========================================================================
global route critical path target clock latency max path
--------------------------------------------------------------------------
1.0573

==========================================================================
global route critical path target clock latency min path
--------------------------------------------------------------------------
1.0493

==========================================================================
global route critical path source clock latency min path
--------------------------------------------------------------------------
0.0000

==========================================================================
global route critical path delay
--------------------------------------------------------------------------
12.1338

==========================================================================
global route critical path slack
--------------------------------------------------------------------------
-1.2209

==========================================================================
global route slack div critical path delay
--------------------------------------------------------------------------
-10.061976

==========================================================================
global route report_power
--------------------------------------------------------------------------
Group                  Internal  Switching    Leakage      Total
                          Power      Power      Power      Power (Watts)
----------------------------------------------------------------
Sequential             2.40e-02   2.81e-03   2.77e-08   2.68e-02   4.3%
Combinational          2.25e-01   3.54e-01   7.08e-08   5.78e-01  93.5%
Clock                  7.53e-03   5.93e-03   5.53e-09   1.35e-02   2.2%
Macro                  0.00e+00   0.00e+00   0.00e+00   0.00e+00   0.0%
Pad                    0.00e+00   0.00e+00   0.00e+00   0.00e+00   0.0%
----------------------------------------------------------------
Total                  2.56e-01   3.62e-01   1.04e-07   6.19e-01 100.0%
                          41.4%      58.6%       0.0%
