OpenROAD v2.0-19814-g250e48e05 
Features included (+) or not (-): +GPU +GUI +Python
This program is licensed under the BSD-3 license. See the LICENSE file for details.
Components of this program may be licensed under more restrictive licenses which must be honored.
[INFO ORD-0030] Using 8 thread(s).
global_placement -density 0.52 -pad_left 0 -pad_right 0 -routability_driven -timing_driven
[INFO GPL-0002] DBU: 1000
[INFO GPL-0003] SiteSize: (  0.460  2.720 ) um
[INFO GPL-0004] CoreBBox: (  1.380  2.720 ) ( 755.780 753.440 ) um
[INFO GPL-0006] NumInstances:             23408
[INFO GPL-0007] NumPlaceInstances:        15902
[INFO GPL-0008] NumFixedInstances:         7506
[INFO GPL-0009] NumDummyInstances:            0
[INFO GPL-0010] NumNets:                  17419
[INFO GPL-0011] NumPins:                  69445
[INFO GPL-0012] DieBBox:  (  0.000  0.000 ) ( 757.070 757.070 ) um
[INFO GPL-0013] CoreBBox: (  1.380  2.720 ) ( 755.780 753.440 ) um
[INFO GPL-0016] CoreArea:            566343.168 um^2
[INFO GPL-0017] NonPlaceInstsArea:     9391.507 um^2
[INFO GPL-0018] PlaceInstsArea:      226474.707 um^2
[INFO GPL-0019] Util:                    40.663 %
[INFO GPL-0020] StdInstsArea:        226474.707 um^2
[INFO GPL-0021] MacroInstsArea:           0.000 um^2
[InitialPlace]  Iter: 1 CG residual: 0.00021883 HPWL: 792126860
[InitialPlace]  Iter: 2 CG residual: 0.00024184 HPWL: 569114331
[InitialPlace]  Iter: 3 CG residual: 0.00034380 HPWL: 565382842
[InitialPlace]  Iter: 4 CG residual: 0.00023525 HPWL: 558748643
[InitialPlace]  Iter: 5 CG residual: 0.00021266 HPWL: 553301283
[InitialPlace]  Iter: 6 CG residual: 0.00020023 HPWL: 548585093
[InitialPlace]  Iter: 7 CG residual: 0.00022997 HPWL: 544401868
[InitialPlace]  Iter: 8 CG residual: 0.00016884 HPWL: 539565939
[InitialPlace]  Iter: 9 CG residual: 0.00014032 HPWL: 534490556
[InitialPlace]  Iter: 10 CG residual: 0.00013643 HPWL: 530038572
[InitialPlace]  Iter: 11 CG residual: 0.00014409 HPWL: 526186969
[InitialPlace]  Iter: 12 CG residual: 0.00011403 HPWL: 523102716
[InitialPlace]  Iter: 13 CG residual: 0.00002936 HPWL: 520954985
[InitialPlace]  Iter: 14 CG residual: 0.00002376 HPWL: 519777595
[InitialPlace]  Iter: 15 CG residual: 0.00001762 HPWL: 519045330
[InitialPlace]  Iter: 16 CG residual: 0.00001691 HPWL: 518776316
[InitialPlace]  Iter: 17 CG residual: 0.00001859 HPWL: 518516054
[InitialPlace]  Iter: 18 CG residual: 0.00001215 HPWL: 518480658
[InitialPlace]  Iter: 19 CG residual: 0.00001547 HPWL: 518281056
[InitialPlace]  Iter: 20 CG residual: 0.00002620 HPWL: 518349647
[INFO GPL-0031] FillerInit:NumGCells:     20429
[INFO GPL-0032] FillerInit:NumGNets:      17419
[INFO GPL-0033] FillerInit:NumGPins:      69445
[INFO GPL-0023] TargetDensity:            0.520
[INFO GPL-0024] AvrgPlaceInstArea:       14.242 um^2
[INFO GPL-0025] IdealBinArea:            27.388 um^2
[INFO GPL-0026] IdealBinCnt:              20678
[INFO GPL-0027] TotalBinArea:        566343.168 um^2
[INFO GPL-0028] BinCnt:       128    128
[INFO GPL-0029] BinSize: (  5.894  5.865 )
[INFO GPL-0030] NumBins: 16384
[NesterovSolve] Iter:    1 overflow: 0.958 HPWL: 403589088
[NesterovSolve] Iter:   10 overflow: 0.889 HPWL: 500485291
[NesterovSolve] Iter:   20 overflow: 0.838 HPWL: 508343763
[NesterovSolve] Iter:   30 overflow: 0.819 HPWL: 508115657
[NesterovSolve] Iter:   40 overflow: 0.811 HPWL: 508799283
[NesterovSolve] Iter:   50 overflow: 0.811 HPWL: 508575186
[NesterovSolve] Iter:   60 overflow: 0.812 HPWL: 509821949
[NesterovSolve] Iter:   70 overflow: 0.810 HPWL: 510978823
[NesterovSolve] Iter:   80 overflow: 0.807 HPWL: 512098572
[NesterovSolve] Iter:   90 overflow: 0.806 HPWL: 512622189
[NesterovSolve] Iter:  100 overflow: 0.807 HPWL: 512998290
[NesterovSolve] Iter:  110 overflow: 0.807 HPWL: 513157644
[NesterovSolve] Iter:  120 overflow: 0.807 HPWL: 513080703
[NesterovSolve] Iter:  130 overflow: 0.806 HPWL: 512928326
[NesterovSolve] Iter:  140 overflow: 0.804 HPWL: 512813764
[NesterovSolve] Iter:  150 overflow: 0.803 HPWL: 513312498
[NesterovSolve] Iter:  160 overflow: 0.800 HPWL: 514600747
[NesterovSolve] Iter:  170 overflow: 0.796 HPWL: 516922716
[NesterovSolve] Iter:  180 overflow: 0.791 HPWL: 520464977
[INFO GPL-0100] Timing-driven iteration 1/5, virtual: true.
[INFO GPL-0101]    Iter: 185, overflow: 0.785, keep rsz at: 0.3, HPWL: 522403573
Iteration |   Area    | Resized | Buffers | Nets repaired | Remaining
---------------------------------------------------------------------
        0 |     +0.0% |       0 |       0 |             0 |     17421
    final |     +9.3% |    6776 |     141 |            61 |         0
---------------------------------------------------------------------
[INFO RSZ-0034] Found 60 slew violations.
[INFO RSZ-0036] Found 37 capacitance violations.
[INFO RSZ-0039] Resized 6776 instances.
[INFO RSZ-0038] Inserted 141 buffers in 61 nets.
[INFO GPL-0106] Timing-driven: worst slack -2.39e-10
[INFO GPL-0103] Timing-driven: weighted 1723 nets.
[NesterovSolve] Iter:  190 overflow: 0.782 HPWL: 522151940
[NesterovSolve] Iter:  200 overflow: 0.774 HPWL: 524601475
[NesterovSolve] Iter:  210 overflow: 0.763 HPWL: 528167021
[NesterovSolve] Iter:  220 overflow: 0.745 HPWL: 533334142
[NesterovSolve] Iter:  230 overflow: 0.719 HPWL: 539639276
[NesterovSolve] Iter:  240 overflow: 0.684 HPWL: 545658253
[NesterovSolve] Iter:  250 overflow: 0.651 HPWL: 549653703
[INFO GPL-0100] Timing-driven iteration 2/5, virtual: true.
[INFO GPL-0101]    Iter: 256, overflow: 0.631, keep rsz at: 0.3, HPWL: 552684683
Iteration |   Area    | Resized | Buffers | Nets repaired | Remaining
---------------------------------------------------------------------
        0 |     +0.0% |       0 |       0 |             0 |     17421
    final |     +9.1% |    6181 |     195 |            69 |         0
---------------------------------------------------------------------
[INFO RSZ-0034] Found 68 slew violations.
[INFO RSZ-0036] Found 50 capacitance violations.
[INFO RSZ-0039] Resized 6181 instances.
[INFO RSZ-0038] Inserted 195 buffers in 69 nets.
[INFO GPL-0106] Timing-driven: worst slack -3.23e-10
[INFO GPL-0103] Timing-driven: weighted 1720 nets.
[NesterovSolve] Iter:  260 overflow: 0.617 HPWL: 555342258
[INFO GPL-0088] Routability snapshot saved at iter = 265
[NesterovSolve] Iter:  270 overflow: 0.584 HPWL: 563599843
[NesterovSolve] Iter:  280 overflow: 0.550 HPWL: 572136257
[NesterovSolve] Iter:  290 overflow: 0.513 HPWL: 579493880
[NesterovSolve] Iter:  300 overflow: 0.472 HPWL: 587113502
[NesterovSolve] Iter:  310 overflow: 0.432 HPWL: 591755290
[NesterovSolve] Iter:  320 overflow: 0.393 HPWL: 594778387
[NesterovSolve] Iter:  330 overflow: 0.353 HPWL: 600495745
[NesterovSolve] Iter:  340 overflow: 0.322 HPWL: 604048024
[INFO GPL-0075] Routability iteration: 1
[INFO GPL-0036] TileBBox: (    0    0 ) ( 6900 6900 ) DBU
[INFO GPL-0038] TileCnt:     109  109
[INFO GPL-0040] NumTiles: 11881
[INFO GPL-0081] TotalRouteOverflow: 34.8262
[INFO GPL-0082] OverflowTileCnt: 316
[INFO GPL-0083] 0.5%RC: 1.2927
[INFO GPL-0084] 1.0%RC: 1.2164
[INFO GPL-0085] 2.0%RC: 1.1411
[INFO GPL-0086] 5.0%RC: 1.0396
[INFO GPL-0087] FinalRC: 1.2545257
[INFO GPL-0078] FinalRC lower than minRC (1000000015047466219876688855040.0000), min RC updated.
[INFO GPL-0045] InflatedAreaDelta:     9039.082 um^2 (+3.99%)
[INFO GPL-0046] TargetDensity:            0.520
[INFO GPL-0049] WhiteSpaceArea:      556951.661 um^2
[INFO GPL-0050] NesterovInstsArea:   226474.707 um^2
[INFO GPL-0051] TotalFillerArea:      63140.149 um^2
[INFO GPL-0052] TotalGCellsArea:     289614.856 um^2
[INFO GPL-0053] ExpectedGCellsArea:  298653.938 um^2
[INFO GPL-0054] NewTargetDensity:         0.536
[INFO GPL-0055] NewWhiteSpaceArea:   556951.661 um^2
[INFO GPL-0056] MovableArea:         298653.942 um^2
[INFO GPL-0057] NewNesterovInstArea: 235513.789 um^2
[INFO GPL-0058] NewTotalFillerArea:   63140.153 um^2
[INFO GPL-0059] NewTotalGCellsArea:  298653.942 um^2
[INFO GPL-0089] Routability: revert back to snapshot
[NesterovSolve] Iter:  350 overflow: 0.595 HPWL: 562122082
[NesterovSolve] Iter:  360 overflow: 0.559 HPWL: 574720337
[NesterovSolve] Iter:  370 overflow: 0.532 HPWL: 580531233
[NesterovSolve] Iter:  380 overflow: 0.503 HPWL: 587035380
[NesterovSolve] Iter:  390 overflow: 0.471 HPWL: 589338036
[NesterovSolve] Iter:  400 overflow: 0.440 HPWL: 590617390
[NesterovSolve] Iter:  410 overflow: 0.408 HPWL: 594213195
[NesterovSolve] Iter:  420 overflow: 0.378 HPWL: 600349472
[NesterovSolve] Iter:  430 overflow: 0.346 HPWL: 604358076
[NesterovSolve] Iter:  440 overflow: 0.318 HPWL: 604705904
[INFO GPL-0075] Routability iteration: 2
[INFO GPL-0036] TileBBox: (    0    0 ) ( 6900 6900 ) DBU
[INFO GPL-0038] TileCnt:     109  109
[INFO GPL-0040] NumTiles: 11881
[INFO GPL-0081] TotalRouteOverflow: 13.5364
[INFO GPL-0082] OverflowTileCnt: 199
[INFO GPL-0083] 0.5%RC: 1.1421
[INFO GPL-0084] 1.0%RC: 1.1017
[INFO GPL-0085] 2.0%RC: 1.0554
[INFO GPL-0086] 5.0%RC: 0.9865
[INFO GPL-0087] FinalRC: 1.1218781
[INFO GPL-0078] FinalRC lower than minRC (1.2545), min RC updated.
[INFO GPL-0045] InflatedAreaDelta:     2734.981 um^2 (+1.16%)
[INFO GPL-0046] TargetDensity:            0.536
[INFO GPL-0049] WhiteSpaceArea:      556951.661 um^2
[INFO GPL-0050] NesterovInstsArea:   235513.789 um^2
[INFO GPL-0051] TotalFillerArea:      63140.153 um^2
[INFO GPL-0052] TotalGCellsArea:     298653.942 um^2
[INFO GPL-0053] ExpectedGCellsArea:  301388.923 um^2
[INFO GPL-0054] NewTargetDensity:         0.541
[INFO GPL-0055] NewWhiteSpaceArea:   556951.661 um^2
[INFO GPL-0056] MovableArea:         301388.923 um^2
[INFO GPL-0057] NewNesterovInstArea: 238248.770 um^2
[INFO GPL-0058] NewTotalFillerArea:   63140.153 um^2
[INFO GPL-0059] NewTotalGCellsArea:  301388.923 um^2
[INFO GPL-0089] Routability: revert back to snapshot
[NesterovSolve] Iter:  450 overflow: 0.589 HPWL: 565322656
[NesterovSolve] Iter:  460 overflow: 0.551 HPWL: 577958756
[NesterovSolve] Iter:  470 overflow: 0.526 HPWL: 584172537
[NesterovSolve] Iter:  480 overflow: 0.497 HPWL: 590505281
[NesterovSolve] Iter:  490 overflow: 0.464 HPWL: 592682563
[NesterovSolve] Iter:  500 overflow: 0.432 HPWL: 593628424
[NesterovSolve] Iter:  510 overflow: 0.402 HPWL: 598114553
[NesterovSolve] Iter:  520 overflow: 0.372 HPWL: 604391324
[NesterovSolve] Iter:  530 overflow: 0.341 HPWL: 607602652
[NesterovSolve] Iter:  540 overflow: 0.311 HPWL: 608051933
[INFO GPL-0075] Routability iteration: 3
[INFO GPL-0036] TileBBox: (    0    0 ) ( 6900 6900 ) DBU
[INFO GPL-0038] TileCnt:     109  109
[INFO GPL-0040] NumTiles: 11881
[INFO GPL-0081] TotalRouteOverflow: 10.3609
[INFO GPL-0082] OverflowTileCnt: 187
[INFO GPL-0083] 0.5%RC: 1.1095
[INFO GPL-0084] 1.0%RC: 1.0780
[INFO GPL-0085] 2.0%RC: 1.0415
[INFO GPL-0086] 5.0%RC: 0.9804
[INFO GPL-0087] FinalRC: 1.0937512
[INFO GPL-0078] FinalRC lower than minRC (1.1219), min RC updated.
[INFO GPL-0045] InflatedAreaDelta:     2135.556 um^2 (+0.90%)
[INFO GPL-0046] TargetDensity:            0.541
[INFO GPL-0049] WhiteSpaceArea:      556951.661 um^2
[INFO GPL-0050] NesterovInstsArea:   238248.770 um^2
[INFO GPL-0051] TotalFillerArea:      63140.153 um^2
[INFO GPL-0052] TotalGCellsArea:     301388.923 um^2
[INFO GPL-0053] ExpectedGCellsArea:  303524.479 um^2
[INFO GPL-0054] NewTargetDensity:         0.545
[INFO GPL-0055] NewWhiteSpaceArea:   556951.661 um^2
[INFO GPL-0056] MovableArea:         303524.479 um^2
[INFO GPL-0057] NewNesterovInstArea: 240384.326 um^2
[INFO GPL-0058] NewTotalFillerArea:   63140.153 um^2
[INFO GPL-0059] NewTotalGCellsArea:  303524.479 um^2
[INFO GPL-0089] Routability: revert back to snapshot
[NesterovSolve] Iter:  550 overflow: 0.581 HPWL: 569740879
[NesterovSolve] Iter:  560 overflow: 0.547 HPWL: 580938126
[NesterovSolve] Iter:  570 overflow: 0.521 HPWL: 587498739
[NesterovSolve] Iter:  580 overflow: 0.492 HPWL: 593488331
[NesterovSolve] Iter:  590 overflow: 0.458 HPWL: 595023363
[NesterovSolve] Iter:  600 overflow: 0.426 HPWL: 596742469
[NesterovSolve] Iter:  610 overflow: 0.396 HPWL: 601789713
[NesterovSolve] Iter:  620 overflow: 0.367 HPWL: 607954720
[NesterovSolve] Iter:  630 overflow: 0.333 HPWL: 610022360
[NesterovSolve] Iter:  640 overflow: 0.303 HPWL: 611466025
[INFO GPL-0075] Routability iteration: 4
[INFO GPL-0036] TileBBox: (    0    0 ) ( 6900 6900 ) DBU
[INFO GPL-0038] TileCnt:     109  109
[INFO GPL-0040] NumTiles: 11881
[INFO GPL-0081] TotalRouteOverflow: 7.8922
[INFO GPL-0082] OverflowTileCnt: 160
[INFO GPL-0083] 0.5%RC: 1.0883
[INFO GPL-0084] 1.0%RC: 1.0624
[INFO GPL-0085] 2.0%RC: 1.0291
[INFO GPL-0086] 5.0%RC: 0.9741
[INFO GPL-0087] FinalRC: 1.075384
[INFO GPL-0078] FinalRC lower than minRC (1.0938), min RC updated.
[INFO GPL-0045] InflatedAreaDelta:     1428.904 um^2 (+0.59%)
[INFO GPL-0046] TargetDensity:            0.545
[INFO GPL-0049] WhiteSpaceArea:      556951.661 um^2
[INFO GPL-0050] NesterovInstsArea:   240384.326 um^2
[INFO GPL-0051] TotalFillerArea:      63140.153 um^2
[INFO GPL-0052] TotalGCellsArea:     303524.479 um^2
[INFO GPL-0053] ExpectedGCellsArea:  304953.383 um^2
[INFO GPL-0054] NewTargetDensity:         0.548
[INFO GPL-0055] NewWhiteSpaceArea:   556951.661 um^2
[INFO GPL-0056] MovableArea:         304953.393 um^2
[INFO GPL-0057] NewNesterovInstArea: 241813.230 um^2
[INFO GPL-0058] NewTotalFillerArea:   63140.164 um^2
[INFO GPL-0059] NewTotalGCellsArea:  304953.393 um^2
[INFO GPL-0089] Routability: revert back to snapshot
[NesterovSolve] Iter:  650 overflow: 0.572 HPWL: 574082133
[NesterovSolve] Iter:  660 overflow: 0.541 HPWL: 583395581
[NesterovSolve] Iter:  670 overflow: 0.515 HPWL: 590666718
[NesterovSolve] Iter:  680 overflow: 0.483 HPWL: 595515052
[NesterovSolve] Iter:  690 overflow: 0.453 HPWL: 596328249
[NesterovSolve] Iter:  700 overflow: 0.420 HPWL: 598590772
[NesterovSolve] Iter:  710 overflow: 0.391 HPWL: 604444594
[NesterovSolve] Iter:  720 overflow: 0.361 HPWL: 610166551
[NesterovSolve] Iter:  730 overflow: 0.328 HPWL: 611579048
[NesterovSolve] Iter:  740 overflow: 0.297 HPWL: 613339821
[INFO GPL-0075] Routability iteration: 5
[INFO GPL-0036] TileBBox: (    0    0 ) ( 6900 6900 ) DBU
[INFO GPL-0038] TileCnt:     109  109
[INFO GPL-0040] NumTiles: 11881
[INFO GPL-0081] TotalRouteOverflow: 7.0404
[INFO GPL-0082] OverflowTileCnt: 163
[INFO GPL-0083] 0.5%RC: 1.0827
[INFO GPL-0084] 1.0%RC: 1.0564
[INFO GPL-0085] 2.0%RC: 1.0257
[INFO GPL-0086] 5.0%RC: 0.9728
[INFO GPL-0087] FinalRC: 1.0695195
[INFO GPL-0078] FinalRC lower than minRC (1.0754), min RC updated.
[INFO GPL-0045] InflatedAreaDelta:     1226.651 um^2 (+0.51%)
[INFO GPL-0046] TargetDensity:            0.548
[INFO GPL-0049] WhiteSpaceArea:      556951.661 um^2
[INFO GPL-0050] NesterovInstsArea:   241813.230 um^2
[INFO GPL-0051] TotalFillerArea:      63140.164 um^2
[INFO GPL-0052] TotalGCellsArea:     304953.393 um^2
[INFO GPL-0053] ExpectedGCellsArea:  306180.044 um^2
[INFO GPL-0054] NewTargetDensity:         0.550
[INFO GPL-0055] NewWhiteSpaceArea:   556951.661 um^2
[INFO GPL-0056] MovableArea:         306180.030 um^2
[INFO GPL-0057] NewNesterovInstArea: 243039.880 um^2
[INFO GPL-0058] NewTotalFillerArea:   63140.150 um^2
[INFO GPL-0059] NewTotalGCellsArea:  306180.030 um^2
[INFO GPL-0089] Routability: revert back to snapshot
[NesterovSolve] Iter:  750 overflow: 0.564 HPWL: 577861735
[NesterovSolve] Iter:  760 overflow: 0.536 HPWL: 585892279
[NesterovSolve] Iter:  770 overflow: 0.510 HPWL: 593363571
[NesterovSolve] Iter:  780 overflow: 0.476 HPWL: 597232344
[NesterovSolve] Iter:  790 overflow: 0.446 HPWL: 597357423
[NesterovSolve] Iter:  800 overflow: 0.414 HPWL: 600455498
[NesterovSolve] Iter:  810 overflow: 0.385 HPWL: 606997007
[NesterovSolve] Iter:  820 overflow: 0.352 HPWL: 611789406
[NesterovSolve] Iter:  830 overflow: 0.322 HPWL: 612741298
[INFO GPL-0075] Routability iteration: 6
[INFO GPL-0036] TileBBox: (    0    0 ) ( 6900 6900 ) DBU
[INFO GPL-0038] TileCnt:     109  109
[INFO GPL-0040] NumTiles: 11881
[INFO GPL-0081] TotalRouteOverflow: 5.7803
[INFO GPL-0082] OverflowTileCnt: 152
[INFO GPL-0083] 0.5%RC: 1.0726
[INFO GPL-0084] 1.0%RC: 1.0473
[INFO GPL-0085] 2.0%RC: 1.0193
[INFO GPL-0086] 5.0%RC: 0.9684
[INFO GPL-0087] FinalRC: 1.059975
[INFO GPL-0078] FinalRC lower than minRC (1.0695), min RC updated.
[INFO GPL-0045] InflatedAreaDelta:     1078.828 um^2 (+0.44%)
[INFO GPL-0046] TargetDensity:            0.550
[INFO GPL-0049] WhiteSpaceArea:      556951.661 um^2
[INFO GPL-0050] NesterovInstsArea:   243039.880 um^2
[INFO GPL-0051] TotalFillerArea:      63140.150 um^2
[INFO GPL-0052] TotalGCellsArea:     306180.030 um^2
[INFO GPL-0053] ExpectedGCellsArea:  307258.858 um^2
[INFO GPL-0054] NewTargetDensity:         0.552
[INFO GPL-0055] NewWhiteSpaceArea:   556951.661 um^2
[INFO GPL-0056] MovableArea:         307258.851 um^2
[INFO GPL-0057] NewNesterovInstArea: 244118.708 um^2
[INFO GPL-0058] NewTotalFillerArea:   63140.143 um^2
[INFO GPL-0059] NewTotalGCellsArea:  307258.851 um^2
[INFO GPL-0089] Routability: revert back to snapshot
[NesterovSolve] Iter:  840 overflow: 0.599 HPWL: 562334795
[NesterovSolve] Iter:  850 overflow: 0.558 HPWL: 580790974
[NesterovSolve] Iter:  860 overflow: 0.531 HPWL: 587956085
[NesterovSolve] Iter:  870 overflow: 0.506 HPWL: 595611273
[NesterovSolve] Iter:  880 overflow: 0.469 HPWL: 598223137
[NesterovSolve] Iter:  890 overflow: 0.438 HPWL: 598449816
[NesterovSolve] Iter:  900 overflow: 0.407 HPWL: 602603429
[NesterovSolve] Iter:  910 overflow: 0.378 HPWL: 609208603
[NesterovSolve] Iter:  920 overflow: 0.345 HPWL: 612874468
[NesterovSolve] Iter:  930 overflow: 0.316 HPWL: 614414140
[INFO GPL-0075] Routability iteration: 7
[INFO GPL-0036] TileBBox: (    0    0 ) ( 6900 6900 ) DBU
[INFO GPL-0038] TileCnt:     109  109
[INFO GPL-0040] NumTiles: 11881
[INFO GPL-0081] TotalRouteOverflow: 4.7558
[INFO GPL-0082] OverflowTileCnt: 119
[INFO GPL-0083] 0.5%RC: 1.0636
[INFO GPL-0084] 1.0%RC: 1.0400
[INFO GPL-0085] 2.0%RC: 1.0115
[INFO GPL-0086] 5.0%RC: 0.9623
[INFO GPL-0087] FinalRC: 1.0517863
[INFO GPL-0078] FinalRC lower than minRC (1.0600), min RC updated.
[INFO GPL-0045] InflatedAreaDelta:      915.107 um^2 (+0.37%)
[INFO GPL-0046] TargetDensity:            0.552
[INFO GPL-0049] WhiteSpaceArea:      556951.661 um^2
[INFO GPL-0050] NesterovInstsArea:   244118.708 um^2
[INFO GPL-0051] TotalFillerArea:      63140.143 um^2
[INFO GPL-0052] TotalGCellsArea:     307258.851 um^2
[INFO GPL-0053] ExpectedGCellsArea:  308173.958 um^2
[INFO GPL-0054] NewTargetDensity:         0.553
[INFO GPL-0055] NewWhiteSpaceArea:   556951.661 um^2
[INFO GPL-0056] MovableArea:         308173.963 um^2
[INFO GPL-0057] NewNesterovInstArea: 245033.815 um^2
[INFO GPL-0058] NewTotalFillerArea:   63140.148 um^2
[INFO GPL-0059] NewTotalGCellsArea:  308173.963 um^2
[INFO GPL-0089] Routability: revert back to snapshot
[NesterovSolve] Iter:  940 overflow: 0.591 HPWL: 566603911
[NesterovSolve] Iter:  950 overflow: 0.551 HPWL: 583228668
[NesterovSolve] Iter:  960 overflow: 0.525 HPWL: 590223963
[NesterovSolve] Iter:  970 overflow: 0.498 HPWL: 597940084
[NesterovSolve] Iter:  980 overflow: 0.462 HPWL: 598961171
[NesterovSolve] Iter:  990 overflow: 0.432 HPWL: 599546790
[NesterovSolve] Iter: 1000 overflow: 0.402 HPWL: 604580631
[NesterovSolve] Iter: 1010 overflow: 0.373 HPWL: 611205315
[NesterovSolve] Iter: 1020 overflow: 0.339 HPWL: 613713034
[NesterovSolve] Iter: 1030 overflow: 0.309 HPWL: 615808871
[INFO GPL-0075] Routability iteration: 8
[INFO GPL-0036] TileBBox: (    0    0 ) ( 6900 6900 ) DBU
[INFO GPL-0038] TileCnt:     109  109
[INFO GPL-0040] NumTiles: 11881
[INFO GPL-0081] TotalRouteOverflow: 4.6326
[INFO GPL-0082] OverflowTileCnt: 121
[INFO GPL-0083] 0.5%RC: 1.0631
[INFO GPL-0084] 1.0%RC: 1.0389
[INFO GPL-0085] 2.0%RC: 1.0104
[INFO GPL-0086] 5.0%RC: 0.9598
[INFO GPL-0087] FinalRC: 1.0509896
[INFO GPL-0079] MinRC (1.0517863) violation occurred, total count: 1.
[INFO GPL-0045] InflatedAreaDelta:      776.709 um^2 (+0.32%)
[INFO GPL-0046] TargetDensity:            0.553
[INFO GPL-0049] WhiteSpaceArea:      556951.661 um^2
[INFO GPL-0050] NesterovInstsArea:   245033.815 um^2
[INFO GPL-0051] TotalFillerArea:      63140.148 um^2
[INFO GPL-0052] TotalGCellsArea:     308173.963 um^2
[INFO GPL-0053] ExpectedGCellsArea:  308950.672 um^2
[INFO GPL-0054] NewTargetDensity:         0.555
[INFO GPL-0055] NewWhiteSpaceArea:   556951.661 um^2
[INFO GPL-0056] MovableArea:         308950.663 um^2
[INFO GPL-0057] NewNesterovInstArea: 245810.524 um^2
[INFO GPL-0058] NewTotalFillerArea:   63140.139 um^2
[INFO GPL-0059] NewTotalGCellsArea:  308950.663 um^2
[INFO GPL-0089] Routability: revert back to snapshot
[NesterovSolve] Iter: 1040 overflow: 0.582 HPWL: 572061445
[NesterovSolve] Iter: 1050 overflow: 0.545 HPWL: 585441108
[NesterovSolve] Iter: 1060 overflow: 0.521 HPWL: 592550447
[NesterovSolve] Iter: 1070 overflow: 0.491 HPWL: 599605608
[NesterovSolve] Iter: 1080 overflow: 0.458 HPWL: 599531734
[NesterovSolve] Iter: 1090 overflow: 0.427 HPWL: 600680991
[NesterovSolve] Iter: 1100 overflow: 0.397 HPWL: 606775560
[NesterovSolve] Iter: 1110 overflow: 0.366 HPWL: 612852438
[NesterovSolve] Iter: 1120 overflow: 0.334 HPWL: 614764010
[NesterovSolve] Iter: 1130 overflow: 0.304 HPWL: 617037225
[INFO GPL-0075] Routability iteration: 9
[INFO GPL-0036] TileBBox: (    0    0 ) ( 6900 6900 ) DBU
[INFO GPL-0038] TileCnt:     109  109
[INFO GPL-0040] NumTiles: 11881
[INFO GPL-0081] TotalRouteOverflow: 4.5795
[INFO GPL-0082] OverflowTileCnt: 120
[INFO GPL-0083] 0.5%RC: 1.0626
[INFO GPL-0084] 1.0%RC: 1.0385
[INFO GPL-0085] 2.0%RC: 1.0098
[INFO GPL-0086] 5.0%RC: 0.9601
[INFO GPL-0087] FinalRC: 1.0505563
[INFO GPL-0078] FinalRC lower than minRC (1.0518), min RC updated.
[INFO GPL-0045] InflatedAreaDelta:      845.641 um^2 (+0.34%)
[INFO GPL-0046] TargetDensity:            0.555
[INFO GPL-0049] WhiteSpaceArea:      556951.661 um^2
[INFO GPL-0050] NesterovInstsArea:   245810.524 um^2
[INFO GPL-0051] TotalFillerArea:      63140.139 um^2
[INFO GPL-0052] TotalGCellsArea:     308950.663 um^2
[INFO GPL-0053] ExpectedGCellsArea:  309796.304 um^2
[INFO GPL-0054] NewTargetDensity:         0.556
[INFO GPL-0055] NewWhiteSpaceArea:   556951.661 um^2
[INFO GPL-0056] MovableArea:         309796.307 um^2
[INFO GPL-0057] NewNesterovInstArea: 246656.165 um^2
[INFO GPL-0058] NewTotalFillerArea:   63140.142 um^2
[INFO GPL-0059] NewTotalGCellsArea:  309796.307 um^2
[INFO GPL-0089] Routability: revert back to snapshot
[NesterovSolve] Iter: 1140 overflow: 0.571 HPWL: 576973361
[NesterovSolve] Iter: 1150 overflow: 0.539 HPWL: 587466721
[NesterovSolve] Iter: 1160 overflow: 0.517 HPWL: 595058558
[NesterovSolve] Iter: 1170 overflow: 0.484 HPWL: 600841453
[NesterovSolve] Iter: 1180 overflow: 0.452 HPWL: 600082737
[NesterovSolve] Iter: 1190 overflow: 0.420 HPWL: 602362088
[NesterovSolve] Iter: 1200 overflow: 0.391 HPWL: 609039575
[NesterovSolve] Iter: 1210 overflow: 0.360 HPWL: 614272457
[NesterovSolve] Iter: 1220 overflow: 0.328 HPWL: 615935417
[NesterovSolve] Iter: 1230 overflow: 0.298 HPWL: 617809818
[INFO GPL-0075] Routability iteration: 10
[INFO GPL-0036] TileBBox: (    0    0 ) ( 6900 6900 ) DBU
[INFO GPL-0038] TileCnt:     109  109
[INFO GPL-0040] NumTiles: 11881
[INFO GPL-0081] TotalRouteOverflow: 4.8576
[INFO GPL-0082] OverflowTileCnt: 116
[INFO GPL-0083] 0.5%RC: 1.0665
[INFO GPL-0084] 1.0%RC: 1.0408
[INFO GPL-0085] 2.0%RC: 1.0100
[INFO GPL-0086] 5.0%RC: 0.9591
[INFO GPL-0087] FinalRC: 1.053647
[INFO GPL-0079] MinRC (1.0505563) violation occurred, total count: 1.
[INFO GPL-0045] InflatedAreaDelta:      927.788 um^2 (+0.38%)
[INFO GPL-0046] TargetDensity:            0.556
[INFO GPL-0049] WhiteSpaceArea:      556951.661 um^2
[INFO GPL-0050] NesterovInstsArea:   246656.165 um^2
[INFO GPL-0051] TotalFillerArea:      63140.142 um^2
[INFO GPL-0052] TotalGCellsArea:     309796.307 um^2
[INFO GPL-0053] ExpectedGCellsArea:  310724.095 um^2
[INFO GPL-0054] NewTargetDensity:         0.558
[INFO GPL-0055] NewWhiteSpaceArea:   556951.661 um^2
[INFO GPL-0056] MovableArea:         310724.100 um^2
[INFO GPL-0057] NewNesterovInstArea: 247583.953 um^2
[INFO GPL-0058] NewTotalFillerArea:   63140.147 um^2
[INFO GPL-0059] NewTotalGCellsArea:  310724.100 um^2
[INFO GPL-0089] Routability: revert back to snapshot
[NesterovSolve] Iter: 1240 overflow: 0.563 HPWL: 580975254
[NesterovSolve] Iter: 1250 overflow: 0.534 HPWL: 589492108
[NesterovSolve] Iter: 1260 overflow: 0.511 HPWL: 597901775
[NesterovSolve] Iter: 1270 overflow: 0.476 HPWL: 601727714
[NesterovSolve] Iter: 1280 overflow: 0.445 HPWL: 600902524
[NesterovSolve] Iter: 1290 overflow: 0.414 HPWL: 604333905
[NesterovSolve] Iter: 1300 overflow: 0.385 HPWL: 611268363
[NesterovSolve] Iter: 1310 overflow: 0.353 HPWL: 615547441
[NesterovSolve] Iter: 1320 overflow: 0.320 HPWL: 617050275
[INFO GPL-0075] Routability iteration: 11
[INFO GPL-0036] TileBBox: (    0    0 ) ( 6900 6900 ) DBU
[INFO GPL-0038] TileCnt:     109  109
[INFO GPL-0040] NumTiles: 11881
[INFO GPL-0081] TotalRouteOverflow: 4.0522
[INFO GPL-0082] OverflowTileCnt: 114
[INFO GPL-0083] 0.5%RC: 1.0572
[INFO GPL-0084] 1.0%RC: 1.0340
[INFO GPL-0085] 2.0%RC: 1.0059
[INFO GPL-0086] 5.0%RC: 0.9569
[INFO GPL-0087] FinalRC: 1.0455691
[INFO GPL-0078] FinalRC lower than minRC (1.0506), min RC updated.
[INFO GPL-0045] InflatedAreaDelta:      754.975 um^2 (+0.30%)
[INFO GPL-0046] TargetDensity:            0.558
[INFO GPL-0049] WhiteSpaceArea:      556951.661 um^2
[INFO GPL-0050] NesterovInstsArea:   247583.953 um^2
[INFO GPL-0051] TotalFillerArea:      63140.147 um^2
[INFO GPL-0052] TotalGCellsArea:     310724.100 um^2
[INFO GPL-0053] ExpectedGCellsArea:  311479.075 um^2
[INFO GPL-0054] NewTargetDensity:         0.559
[INFO GPL-0055] NewWhiteSpaceArea:   556951.661 um^2
[INFO GPL-0056] MovableArea:         311479.075 um^2
[INFO GPL-0057] NewNesterovInstArea: 248338.928 um^2
[INFO GPL-0058] NewTotalFillerArea:   63140.147 um^2
[INFO GPL-0059] NewTotalGCellsArea:  311479.075 um^2
[INFO GPL-0089] Routability: revert back to snapshot
[NesterovSolve] Iter: 1330 overflow: 0.601 HPWL: 562469446
[NesterovSolve] Iter: 1340 overflow: 0.557 HPWL: 583746582
[NesterovSolve] Iter: 1350 overflow: 0.529 HPWL: 591376089
[NesterovSolve] Iter: 1360 overflow: 0.505 HPWL: 600382789
[NesterovSolve] Iter: 1370 overflow: 0.469 HPWL: 602054252
[NesterovSolve] Iter: 1380 overflow: 0.439 HPWL: 601890657
[NesterovSolve] Iter: 1390 overflow: 0.408 HPWL: 606345417
[NesterovSolve] Iter: 1400 overflow: 0.378 HPWL: 613282621
[NesterovSolve] Iter: 1410 overflow: 0.346 HPWL: 616309936
[NesterovSolve] Iter: 1420 overflow: 0.314 HPWL: 617927711
[INFO GPL-0075] Routability iteration: 12
[INFO GPL-0036] TileBBox: (    0    0 ) ( 6900 6900 ) DBU
[INFO GPL-0038] TileCnt:     109  109
[INFO GPL-0040] NumTiles: 11881
[INFO GPL-0081] TotalRouteOverflow: 3.5331
[INFO GPL-0082] OverflowTileCnt: 103
[INFO GPL-0083] 0.5%RC: 1.0525
[INFO GPL-0084] 1.0%RC: 1.0294
[INFO GPL-0085] 2.0%RC: 1.0024
[INFO GPL-0086] 5.0%RC: 0.9545
[INFO GPL-0087] FinalRC: 1.0409322
[INFO GPL-0078] FinalRC lower than minRC (1.0456), min RC updated.
[INFO GPL-0045] InflatedAreaDelta:      751.967 um^2 (+0.30%)
[INFO GPL-0046] TargetDensity:            0.559
[INFO GPL-0049] WhiteSpaceArea:      556951.661 um^2
[INFO GPL-0050] NesterovInstsArea:   248338.928 um^2
[INFO GPL-0051] TotalFillerArea:      63140.147 um^2
[INFO GPL-0052] TotalGCellsArea:     311479.075 um^2
[INFO GPL-0053] ExpectedGCellsArea:  312231.042 um^2
[INFO GPL-0054] NewTargetDensity:         0.561
[INFO GPL-0055] NewWhiteSpaceArea:   556951.661 um^2
[INFO GPL-0056] MovableArea:         312231.035 um^2
[INFO GPL-0057] NewNesterovInstArea: 249090.895 um^2
[INFO GPL-0058] NewTotalFillerArea:   63140.140 um^2
[INFO GPL-0059] NewTotalGCellsArea:  312231.035 um^2
[INFO GPL-0089] Routability: revert back to snapshot
[NesterovSolve] Iter: 1430 overflow: 0.592 HPWL: 567527750
[NesterovSolve] Iter: 1440 overflow: 0.549 HPWL: 586128010
[NesterovSolve] Iter: 1450 overflow: 0.526 HPWL: 593384028
[NesterovSolve] Iter: 1460 overflow: 0.498 HPWL: 602246182
[NesterovSolve] Iter: 1470 overflow: 0.463 HPWL: 602238053
[NesterovSolve] Iter: 1480 overflow: 0.433 HPWL: 603188047
[NesterovSolve] Iter: 1490 overflow: 0.403 HPWL: 608553885
[NesterovSolve] Iter: 1500 overflow: 0.372 HPWL: 614908687
[NesterovSolve] Iter: 1510 overflow: 0.339 HPWL: 617036909
[NesterovSolve] Iter: 1520 overflow: 0.310 HPWL: 618620748
[INFO GPL-0075] Routability iteration: 13
[INFO GPL-0036] TileBBox: (    0    0 ) ( 6900 6900 ) DBU
[INFO GPL-0038] TileCnt:     109  109
[INFO GPL-0040] NumTiles: 11881
[INFO GPL-0081] TotalRouteOverflow: 3.9077
[INFO GPL-0082] OverflowTileCnt: 101
[INFO GPL-0083] 0.5%RC: 1.0576
[INFO GPL-0084] 1.0%RC: 1.0324
[INFO GPL-0085] 2.0%RC: 1.0031
[INFO GPL-0086] 5.0%RC: 0.9535
[INFO GPL-0087] FinalRC: 1.044964
[INFO GPL-0079] MinRC (1.0409322) violation occurred, total count: 1.
[INFO GPL-0045] InflatedAreaDelta:      826.142 um^2 (+0.33%)
[INFO GPL-0046] TargetDensity:            0.561
[INFO GPL-0049] WhiteSpaceArea:      556951.661 um^2
[INFO GPL-0050] NesterovInstsArea:   249090.895 um^2
[INFO GPL-0051] TotalFillerArea:      63140.140 um^2
[INFO GPL-0052] TotalGCellsArea:     312231.035 um^2
[INFO GPL-0053] ExpectedGCellsArea:  313057.177 um^2
[INFO GPL-0054] NewTargetDensity:         0.562
[INFO GPL-0055] NewWhiteSpaceArea:   556951.661 um^2
[INFO GPL-0056] MovableArea:         313057.182 um^2
[INFO GPL-0057] NewNesterovInstArea: 249917.037 um^2
[INFO GPL-0058] NewTotalFillerArea:   63140.144 um^2
[INFO GPL-0059] NewTotalGCellsArea:  313057.182 um^2
[INFO GPL-0089] Routability: revert back to snapshot
[NesterovSolve] Iter: 1530 overflow: 0.582 HPWL: 573989702
[NesterovSolve] Iter: 1540 overflow: 0.543 HPWL: 588386216
[NesterovSolve] Iter: 1550 overflow: 0.522 HPWL: 596176453
[NesterovSolve] Iter: 1560 overflow: 0.490 HPWL: 603974589
[NesterovSolve] Iter: 1570 overflow: 0.459 HPWL: 602483621
[NesterovSolve] Iter: 1580 overflow: 0.427 HPWL: 604458669
[NesterovSolve] Iter: 1590 overflow: 0.397 HPWL: 610267239
[NesterovSolve] Iter: 1600 overflow: 0.366 HPWL: 616418703
[NesterovSolve] Iter: 1610 overflow: 0.334 HPWL: 617596741
[NesterovSolve] Iter: 1620 overflow: 0.303 HPWL: 619755803
[INFO GPL-0075] Routability iteration: 14
[INFO GPL-0036] TileBBox: (    0    0 ) ( 6900 6900 ) DBU
[INFO GPL-0038] TileCnt:     109  109
[INFO GPL-0040] NumTiles: 11881
[INFO GPL-0081] TotalRouteOverflow: 3.3660
[INFO GPL-0082] OverflowTileCnt: 94
[INFO GPL-0083] 0.5%RC: 1.0496
[INFO GPL-0084] 1.0%RC: 1.0274
[INFO GPL-0085] 2.0%RC: 0.9995
[INFO GPL-0086] 5.0%RC: 0.9509
[INFO GPL-0087] FinalRC: 1.0385295
[INFO GPL-0078] FinalRC lower than minRC (1.0409), min RC updated.
[INFO GPL-0045] InflatedAreaDelta:      622.571 um^2 (+0.25%)
[INFO GPL-0046] TargetDensity:            0.562
[INFO GPL-0049] WhiteSpaceArea:      556951.661 um^2
[INFO GPL-0050] NesterovInstsArea:   249917.037 um^2
[INFO GPL-0051] TotalFillerArea:      63140.144 um^2
[INFO GPL-0052] TotalGCellsArea:     313057.182 um^2
[INFO GPL-0053] ExpectedGCellsArea:  313679.753 um^2
[INFO GPL-0054] NewTargetDensity:         0.563
[INFO GPL-0055] NewWhiteSpaceArea:   556951.661 um^2
[INFO GPL-0056] MovableArea:         313679.741 um^2
[INFO GPL-0057] NewNesterovInstArea: 250539.608 um^2
[INFO GPL-0058] NewTotalFillerArea:   63140.133 um^2
[INFO GPL-0059] NewTotalGCellsArea:  313679.741 um^2
[INFO GPL-0089] Routability: revert back to snapshot
[NesterovSolve] Iter: 1630 overflow: 0.567 HPWL: 581307391
[NesterovSolve] Iter: 1640 overflow: 0.536 HPWL: 590979643
[NesterovSolve] Iter: 1650 overflow: 0.515 HPWL: 600269289
[NesterovSolve] Iter: 1660 overflow: 0.479 HPWL: 604785642
[NesterovSolve] Iter: 1670 overflow: 0.450 HPWL: 603213618
[NesterovSolve] Iter: 1680 overflow: 0.417 HPWL: 606590043
[NesterovSolve] Iter: 1690 overflow: 0.388 HPWL: 612915462
[NesterovSolve] Iter: 1700 overflow: 0.355 HPWL: 617639726
[NesterovSolve] Iter: 1710 overflow: 0.324 HPWL: 618595899
[INFO GPL-0075] Routability iteration: 15
[INFO GPL-0036] TileBBox: (    0    0 ) ( 6900 6900 ) DBU
[INFO GPL-0038] TileCnt:     109  109
[INFO GPL-0040] NumTiles: 11881
[INFO GPL-0081] TotalRouteOverflow: 2.6195
[INFO GPL-0082] OverflowTileCnt: 89
[INFO GPL-0083] 0.5%RC: 1.0406
[INFO GPL-0084] 1.0%RC: 1.0207
[INFO GPL-0085] 2.0%RC: 0.9953
[INFO GPL-0086] 5.0%RC: 0.9495
[INFO GPL-0087] FinalRC: 1.0306315
[INFO GPL-0078] FinalRC lower than minRC (1.0385), min RC updated.
[INFO GPL-0045] InflatedAreaDelta:      470.414 um^2 (+0.19%)
[INFO GPL-0046] TargetDensity:            0.563
[INFO GPL-0049] WhiteSpaceArea:      556951.661 um^2
[INFO GPL-0050] NesterovInstsArea:   250539.608 um^2
[INFO GPL-0051] TotalFillerArea:      63140.133 um^2
[INFO GPL-0052] TotalGCellsArea:     313679.741 um^2
[INFO GPL-0053] ExpectedGCellsArea:  314150.154 um^2
[INFO GPL-0054] NewTargetDensity:         0.564
[INFO GPL-0055] NewWhiteSpaceArea:   556951.661 um^2
[INFO GPL-0056] MovableArea:         314150.158 um^2
[INFO GPL-0057] NewNesterovInstArea: 251010.022 um^2
[INFO GPL-0058] NewTotalFillerArea:   63140.136 um^2
[INFO GPL-0059] NewTotalGCellsArea:  314150.158 um^2
[INFO GPL-0089] Routability: revert back to snapshot
[NesterovSolve] Iter: 1720 overflow: 0.607 HPWL: 561109274
[NesterovSolve] Iter: 1730 overflow: 0.559 HPWL: 584422569
[NesterovSolve] Iter: 1740 overflow: 0.532 HPWL: 592863961
[NesterovSolve] Iter: 1750 overflow: 0.508 HPWL: 602719061
[NesterovSolve] Iter: 1760 overflow: 0.471 HPWL: 604935600
[NesterovSolve] Iter: 1770 overflow: 0.444 HPWL: 604145276
[NesterovSolve] Iter: 1780 overflow: 0.411 HPWL: 608170364
[NesterovSolve] Iter: 1790 overflow: 0.382 HPWL: 614846322
[NesterovSolve] Iter: 1800 overflow: 0.348 HPWL: 618386282
[NesterovSolve] Iter: 1810 overflow: 0.318 HPWL: 619483240
[INFO GPL-0075] Routability iteration: 16
[INFO GPL-0036] TileBBox: (    0    0 ) ( 6900 6900 ) DBU
[INFO GPL-0038] TileCnt:     109  109
[INFO GPL-0040] NumTiles: 11881
[INFO GPL-0081] TotalRouteOverflow: 2.3442
[INFO GPL-0082] OverflowTileCnt: 84
[INFO GPL-0083] 0.5%RC: 1.0370
[INFO GPL-0084] 1.0%RC: 1.0176
[INFO GPL-0085] 2.0%RC: 0.9924
[INFO GPL-0086] 5.0%RC: 0.9484
[INFO GPL-0087] FinalRC: 1.0272696
[INFO GPL-0078] FinalRC lower than minRC (1.0306), min RC updated.
[INFO GPL-0045] InflatedAreaDelta:      286.026 um^2 (+0.11%)
[INFO GPL-0046] TargetDensity:            0.564
[INFO GPL-0049] WhiteSpaceArea:      556951.661 um^2
[INFO GPL-0050] NesterovInstsArea:   251010.022 um^2
[INFO GPL-0051] TotalFillerArea:      63140.136 um^2
[INFO GPL-0052] TotalGCellsArea:     314150.158 um^2
[INFO GPL-0053] ExpectedGCellsArea:  314436.184 um^2
[INFO GPL-0054] NewTargetDensity:         0.565
[INFO GPL-0055] NewWhiteSpaceArea:   556951.661 um^2
[INFO GPL-0056] MovableArea:         314436.190 um^2
[INFO GPL-0057] NewNesterovInstArea: 251296.048 um^2
[INFO GPL-0058] NewTotalFillerArea:   63140.143 um^2
[INFO GPL-0059] NewTotalGCellsArea:  314436.190 um^2
[INFO GPL-0089] Routability: revert back to snapshot
[NesterovSolve] Iter: 1820 overflow: 0.598 HPWL: 564798241
[NesterovSolve] Iter: 1830 overflow: 0.552 HPWL: 586779733
[NesterovSolve] Iter: 1840 overflow: 0.528 HPWL: 594616262
[NesterovSolve] Iter: 1850 overflow: 0.502 HPWL: 604347829
[NesterovSolve] Iter: 1860 overflow: 0.465 HPWL: 604683729
[NesterovSolve] Iter: 1870 overflow: 0.436 HPWL: 604925403
[NesterovSolve] Iter: 1880 overflow: 0.405 HPWL: 609704273
[NesterovSolve] Iter: 1890 overflow: 0.374 HPWL: 616629702
[NesterovSolve] Iter: 1900 overflow: 0.342 HPWL: 618803380
[NesterovSolve] Iter: 1910 overflow: 0.313 HPWL: 620682863
[INFO GPL-0075] Routability iteration: 17
[INFO GPL-0036] TileBBox: (    0    0 ) ( 6900 6900 ) DBU
[INFO GPL-0038] TileCnt:     109  109
[INFO GPL-0040] NumTiles: 11881
[INFO GPL-0081] TotalRouteOverflow: 3.2421
[INFO GPL-0082] OverflowTileCnt: 93
[INFO GPL-0083] 0.5%RC: 1.0509
[INFO GPL-0084] 1.0%RC: 1.0262
[INFO GPL-0085] 2.0%RC: 0.9973
[INFO GPL-0086] 5.0%RC: 0.9497
[INFO GPL-0087] FinalRC: 1.0385362
[INFO GPL-0079] MinRC (1.0272696) violation occurred, total count: 1.
[INFO GPL-0045] InflatedAreaDelta:      547.240 um^2 (+0.22%)
[INFO GPL-0046] TargetDensity:            0.565
[INFO GPL-0049] WhiteSpaceArea:      556951.661 um^2
[INFO GPL-0050] NesterovInstsArea:   251296.048 um^2
[INFO GPL-0051] TotalFillerArea:      63140.143 um^2
[INFO GPL-0052] TotalGCellsArea:     314436.190 um^2
[INFO GPL-0053] ExpectedGCellsArea:  314983.430 um^2
[INFO GPL-0054] NewTargetDensity:         0.566
[INFO GPL-0055] NewWhiteSpaceArea:   556951.661 um^2
[INFO GPL-0056] MovableArea:         314983.416 um^2
[INFO GPL-0057] NewNesterovInstArea: 251843.287 um^2
[INFO GPL-0058] NewTotalFillerArea:   63140.128 um^2
[INFO GPL-0059] NewTotalGCellsArea:  314983.416 um^2
[INFO GPL-0089] Routability: revert back to snapshot
[NesterovSolve] Iter: 1920 overflow: 0.589 HPWL: 571783802
[NesterovSolve] Iter: 1930 overflow: 0.546 HPWL: 589187160
[NesterovSolve] Iter: 1940 overflow: 0.525 HPWL: 597081376
[NesterovSolve] Iter: 1950 overflow: 0.495 HPWL: 605814430
[NesterovSolve] Iter: 1960 overflow: 0.460 HPWL: 604701474
[NesterovSolve] Iter: 1970 overflow: 0.429 HPWL: 606018637
[NesterovSolve] Iter: 1980 overflow: 0.401 HPWL: 611701114
[NesterovSolve] Iter: 1990 overflow: 0.368 HPWL: 618158811
[NesterovSolve] Iter: 2000 overflow: 0.336 HPWL: 619562800
[NesterovSolve] Iter: 2010 overflow: 0.306 HPWL: 621350480
[INFO GPL-0075] Routability iteration: 18
[INFO GPL-0036] TileBBox: (    0    0 ) ( 6900 6900 ) DBU
[INFO GPL-0038] TileCnt:     109  109
[INFO GPL-0040] NumTiles: 11881
[INFO GPL-0081] TotalRouteOverflow: 2.5863
[INFO GPL-0082] OverflowTileCnt: 91
[INFO GPL-0083] 0.5%RC: 1.0407
[INFO GPL-0084] 1.0%RC: 1.0201
[INFO GPL-0085] 2.0%RC: 0.9933
[INFO GPL-0086] 5.0%RC: 0.9476
[INFO GPL-0087] FinalRC: 1.0303724
[INFO GPL-0079] MinRC (1.0272696) violation occurred, total count: 2.
[INFO GPL-0045] InflatedAreaDelta:      487.660 um^2 (+0.19%)
[INFO GPL-0046] TargetDensity:            0.566
[INFO GPL-0049] WhiteSpaceArea:      556951.661 um^2
[INFO GPL-0050] NesterovInstsArea:   251843.287 um^2
[INFO GPL-0051] TotalFillerArea:      63140.128 um^2
[INFO GPL-0052] TotalGCellsArea:     314983.416 um^2
[INFO GPL-0053] ExpectedGCellsArea:  315471.076 um^2
[INFO GPL-0054] NewTargetDensity:         0.566
[INFO GPL-0055] NewWhiteSpaceArea:   556951.661 um^2
[INFO GPL-0056] MovableArea:         315471.069 um^2
[INFO GPL-0057] NewNesterovInstArea: 252330.948 um^2
[INFO GPL-0058] NewTotalFillerArea:   63140.121 um^2
[INFO GPL-0059] NewTotalGCellsArea:  315471.069 um^2
[INFO GPL-0089] Routability: revert back to snapshot
[NesterovSolve] Iter: 2020 overflow: 0.576 HPWL: 577906866
[NesterovSolve] Iter: 2030 overflow: 0.540 HPWL: 591042222
[NesterovSolve] Iter: 2040 overflow: 0.520 HPWL: 599831464
[NesterovSolve] Iter: 2050 overflow: 0.487 HPWL: 606634321
[NesterovSolve] Iter: 2060 overflow: 0.456 HPWL: 604683886
[NesterovSolve] Iter: 2070 overflow: 0.423 HPWL: 607167476
[NesterovSolve] Iter: 2080 overflow: 0.394 HPWL: 613617386
[NesterovSolve] Iter: 2090 overflow: 0.362 HPWL: 619196493
[NesterovSolve] Iter: 2100 overflow: 0.331 HPWL: 620416595
[NesterovSolve] Iter: 2110 overflow: 0.300 HPWL: 622418874
[INFO GPL-0075] Routability iteration: 19
[INFO GPL-0036] TileBBox: (    0    0 ) ( 6900 6900 ) DBU
[INFO GPL-0038] TileCnt:     109  109
[INFO GPL-0040] NumTiles: 11881
[INFO GPL-0081] TotalRouteOverflow: 2.8497
[INFO GPL-0082] OverflowTileCnt: 94
[INFO GPL-0083] 0.5%RC: 1.0432
[INFO GPL-0084] 1.0%RC: 1.0224
[INFO GPL-0085] 2.0%RC: 0.9953
[INFO GPL-0086] 5.0%RC: 0.9490
[INFO GPL-0087] FinalRC: 1.0328269
[INFO GPL-0079] MinRC (1.0272696) violation occurred, total count: 3.
[INFO GPL-0045] InflatedAreaDelta:      541.157 um^2 (+0.21%)
[INFO GPL-0046] TargetDensity:            0.566
Revert Routability Procedure. Target density higher than max, or minRC max violations.
[INFO GPL-0080] minRcViolatedCnt: 3
[INFO GPL-0047] SavedMinRC: 1.0273
[INFO GPL-0048] SavedTargetDensity: 0.5641
[INFO GPL-0089] Routability: revert back to snapshot
[NesterovSolve] Iter: 2120 overflow: 0.560 HPWL: 582267431
[NesterovSolve] Iter: 2130 overflow: 0.532 HPWL: 591330459
[NesterovSolve] Iter: 2140 overflow: 0.509 HPWL: 601178467
[NesterovSolve] Iter: 2150 overflow: 0.473 HPWL: 604574483
[NesterovSolve] Iter: 2160 overflow: 0.445 HPWL: 603411839
[NesterovSolve] Iter: 2170 overflow: 0.412 HPWL: 607343516
[NesterovSolve] Iter: 2180 overflow: 0.384 HPWL: 614002195
[NesterovSolve] Iter: 2190 overflow: 0.351 HPWL: 618048050
[NesterovSolve] Iter: 2200 overflow: 0.319 HPWL: 619286826
[NesterovSolve] Iter: 2210 overflow: 0.290 HPWL: 622052447
[INFO GPL-0100] Timing-driven iteration 3/5, virtual: false.
[INFO GPL-0101]    Iter: 2212, overflow: 0.284, keep rsz at: 0.3, HPWL: 622512403
Iteration |   Area    | Resized | Buffers | Nets repaired | Remaining
---------------------------------------------------------------------
        0 |     +0.0% |       0 |       0 |             0 |     17421
    final |    +11.6% |    6404 |     308 |           134 |         0
---------------------------------------------------------------------
[INFO RSZ-0034] Found 133 slew violations.
[INFO RSZ-0036] Found 63 capacitance violations.
[INFO RSZ-0039] Resized 6404 instances.
[INFO RSZ-0038] Inserted 308 buffers in 134 nets.
[INFO GPL-0106] Timing-driven: worst slack -1.02e-09
[INFO GPL-0103] Timing-driven: weighted 1711 nets.
[INFO GPL-0107] Timing-driven: repair_design delta area: 17425.121 um^2 (+6.91%)
[INFO GPL-0108] Timing-driven: repair_design, gpl cells created: 308 (+0.00%)
[INFO GPL-0109] Timing-driven: inserted buffers as reported by repair_design: 308
[INFO GPL-0110] Timing-driven: new target density: 0.59771115
[NesterovSolve] Iter: 2220 overflow: 0.260 HPWL: 671432939
[NesterovSolve] Iter: 2230 overflow: 0.225 HPWL: 663625045
[INFO GPL-0100] Timing-driven iteration 4/5, virtual: false.
[INFO GPL-0101]    Iter: 2239, overflow: 0.204, keep rsz at: 0.3, HPWL: 659137565
Iteration |   Area    | Resized | Buffers | Nets repaired | Remaining
---------------------------------------------------------------------
        0 |     +0.0% |       0 |       0 |             0 |     17421
    final |     +0.2% |    5496 |      29 |            35 |         0
---------------------------------------------------------------------
[INFO RSZ-0034] Found 35 slew violations.
[INFO RSZ-0036] Found 2 capacitance violations.
[INFO RSZ-0039] Resized 5496 instances.
[INFO RSZ-0038] Inserted 29 buffers in 35 nets.
[INFO GPL-0106] Timing-driven: worst slack -1.19e-09
[INFO GPL-0103] Timing-driven: weighted 1721 nets.
[INFO GPL-0107] Timing-driven: repair_design delta area: -617.605 um^2 (-0.23%)
[INFO GPL-0108] Timing-driven: repair_design, gpl cells created: 29 (+0.00%)
[INFO GPL-0109] Timing-driven: inserted buffers as reported by repair_design: 29
[INFO GPL-0110] Timing-driven: new target density: 0.5966022
[NesterovSolve] Iter: 2240 overflow: 0.203 HPWL: 662184174
[NesterovSolve] Iter: 2250 overflow: 0.177 HPWL: 659703746
[NesterovSolve] Iter: 2260 overflow: 0.153 HPWL: 659029616
[INFO GPL-0100] Timing-driven iteration 5/5, virtual: false.
[INFO GPL-0101]    Iter: 2264, overflow: 0.144, keep rsz at: 0.3, HPWL: 658888243
Iteration |   Area    | Resized | Buffers | Nets repaired | Remaining
---------------------------------------------------------------------
        0 |     +0.0% |       0 |       0 |             0 |     17421
    final |     -0.0% |    5132 |       1 |             7 |         0
---------------------------------------------------------------------
[INFO RSZ-0034] Found 7 slew violations.
[INFO RSZ-0039] Resized 5132 instances.
[INFO RSZ-0038] Inserted 1 buffers in 7 nets.
[INFO GPL-0106] Timing-driven: worst slack -8.27e-10
[INFO GPL-0103] Timing-driven: weighted 1722 nets.
[INFO GPL-0107] Timing-driven: repair_design delta area: -527.689 um^2 (-0.20%)
[INFO GPL-0108] Timing-driven: repair_design, gpl cells created: 1 (+0.00%)
[INFO GPL-0109] Timing-driven: inserted buffers as reported by repair_design: 1
[INFO GPL-0110] Timing-driven: new target density: 0.5956547
[NesterovSolve] Iter: 2270 overflow: 0.131 HPWL: 658567926
[NesterovSolve] Iter: 2280 overflow: 0.110 HPWL: 659484671
[NesterovSolve] Finished with Overflow: 0.098548
Took 61 seconds: global_placement -density 0.52 -pad_left 0 -pad_right 0 -routability_driven -timing_driven
Report metrics stage 3, global place...

==========================================================================
global place report_design_area
--------------------------------------------------------------------------
Design area 253148 u^2 45% utilization.
Elapsed time: 1:08.32[h:]min:sec. CPU time: user 286.08 sys 0.55 (419%). Peak memory: 871268KB.
