OpenROAD v2.0-19814-g250e48e05 
Features included (+) or not (-): +GPU +GUI +Python
This program is licensed under the BSD-3 license. See the LICENSE file for details.
Components of this program may be licensed under more restrictive licenses which must be honored.
[INFO ORD-0030] Using 8 thread(s).
Perform port buffering...
[INFO RSZ-0027] Inserted 513 input buffers.
[INFO RSZ-0028] Inserted 257 output buffers.
Perform buffer insertion and gate resizing...
repair_design -verbose -match_cell_footprint
[INFO RSZ-0058] Using max wire length 2154um.
Iteration |   Area    | Resized | Buffers | Nets repaired | Remaining
---------------------------------------------------------------------
        0 |     +0.0% |       0 |       0 |             0 |     18529
     1000 |     +0.0% |     154 |       0 |             0 |     17529
     2000 |     -0.0% |     284 |       0 |             0 |     16529
     3000 |     -0.1% |     345 |       0 |             0 |     15529
     4000 |     -0.0% |     437 |       0 |             0 |     14529
     5000 |     -0.0% |     559 |       0 |             0 |     13529
     6000 |     -0.1% |     788 |       0 |             0 |     12529
     7000 |     -0.0% |     969 |       0 |             0 |     11529
     8000 |     -0.0% |    1181 |       0 |             0 |     10529
     9000 |     -0.1% |    1442 |       0 |             0 |      9529
    10000 |     -0.0% |    1610 |       0 |             0 |      8529
    11000 |     -0.1% |    1811 |       0 |             0 |      7529
    12000 |     -0.1% |    2007 |       0 |             0 |      6529
    13000 |     -0.2% |    2181 |       0 |             0 |      5529
    14000 |     -0.4% |    2546 |       0 |             0 |      4529
    15000 |     -0.4% |    3118 |       0 |             0 |      3529
    16000 |     -0.4% |    4118 |       0 |             0 |      2529
    17000 |     -0.4% |    5026 |       0 |             1 |      1529
    18000 |     -0.4% |    5412 |       2 |             6 |       529
    final |     -0.4% |    5412 |       2 |             6 |         0
---------------------------------------------------------------------
[INFO RSZ-0034] Found 6 slew violations.
[INFO RSZ-0036] Found 1 capacitance violations.
[INFO RSZ-0039] Resized 5412 instances.
[INFO RSZ-0038] Inserted 2 buffers in 6 nets.
Repair tie lo fanout...
[INFO RSZ-0042] Inserted 243 tie sky130_fd_sc_hd__conb_1 instances.
Repair tie hi fanout...
[INFO RSZ-0042] Inserted 277 tie sky130_fd_sc_hd__conb_1 instances.
Floating nets: 
Report metrics stage 3, resizer...

==========================================================================
resizer report_design_area
--------------------------------------------------------------------------
Design area 256999 u^2 45% utilization.
Instance count before 23746, after 25036
Pin count before 69352, after 71932
Elapsed time: 0:13.49[h:]min:sec. CPU time: user 13.29 sys 0.17 (99%). Peak memory: 725908KB.
