
==========================================================================
resizer report_tns
--------------------------------------------------------------------------
tns -60.93

==========================================================================
resizer report_wns
--------------------------------------------------------------------------
wns -2.48

==========================================================================
resizer report_worst_slack
--------------------------------------------------------------------------
worst slack -2.48

==========================================================================
resizer report_checks -path_delay min
--------------------------------------------------------------------------
Startpoint: count15_1[1]$_SDFF_PP0_
            (rising edge-triggered flip-flop clocked by core_clock)
Endpoint: count15_1[1]$_SDFF_PP0_
          (rising edge-triggered flip-flop clocked by core_clock)
Path Group: core_clock
Path Type: min

Fanout     Cap    Slew   Delay    Time   Description
-----------------------------------------------------------------------------
                  0.00    0.00    0.00   clock core_clock (rise edge)
                          0.00    0.00   clock network delay (ideal)
                  0.00    0.00    0.00 ^ count15_1[1]$_SDFF_PP0_/CLK (sky130_fd_sc_hd__dfxtp_1)
     3    0.01    0.08    0.32    0.32 v count15_1[1]$_SDFF_PP0_/Q (sky130_fd_sc_hd__dfxtp_1)
                                         count15_1[1] (net)
                  0.08    0.00    0.32 v _20449_/B (sky130_fd_sc_hd__nor2_1)
     1    0.00    0.07    0.08    0.40 ^ _20449_/Y (sky130_fd_sc_hd__nor2_1)
                                         _00907_ (net)
                  0.07    0.00    0.40 ^ count15_1[1]$_SDFF_PP0_/D (sky130_fd_sc_hd__dfxtp_1)
                                  0.40   data arrival time

                  0.00    0.00    0.00   clock core_clock (rise edge)
                          0.00    0.00   clock network delay (ideal)
                          0.00    0.00   clock reconvergence pessimism
                                  0.00 ^ count15_1[1]$_SDFF_PP0_/CLK (sky130_fd_sc_hd__dfxtp_1)
                         -0.04   -0.04   library hold time
                                 -0.04   data required time
-----------------------------------------------------------------------------
                                 -0.04   data required time
                                 -0.40   data arrival time
-----------------------------------------------------------------------------
                                  0.45   slack (MET)



==========================================================================
resizer report_checks -path_delay max
--------------------------------------------------------------------------
Startpoint: hash.p2_cap[25]$_DFF_P_
            (rising edge-triggered flip-flop clocked by core_clock)
Endpoint: hash.p2_cap[30]$_DFF_P_
          (rising edge-triggered flip-flop clocked by core_clock)
Path Group: core_clock
Path Type: max

Fanout     Cap    Slew   Delay    Time   Description
-----------------------------------------------------------------------------
                  0.00    0.00    0.00   clock core_clock (rise edge)
                          0.00    0.00   clock network delay (ideal)
                  0.00    0.00    0.00 ^ hash.p2_cap[25]$_DFF_P_/CLK (sky130_fd_sc_hd__dfxtp_1)
     7    0.06    0.54    0.64    0.64 ^ hash.p2_cap[25]$_DFF_P_/Q (sky130_fd_sc_hd__dfxtp_1)
                                         hash.CA2.S1.X[25] (net)
                  0.54    0.00    0.64 ^ _14773_/B (sky130_fd_sc_hd__xnor2_1)
     1    0.01    0.11    0.15    0.79 v _14773_/Y (sky130_fd_sc_hd__xnor2_1)
                                         _04381_ (net)
                  0.11    0.00    0.79 v _14774_/B (sky130_fd_sc_hd__xnor2_1)
     1    0.02    0.40    0.37    1.16 ^ _14774_/Y (sky130_fd_sc_hd__xnor2_1)
                                         _13230_ (net)
                  0.40    0.00    1.16 ^ _27607_/B (sky130_fd_sc_hd__ha_1)
     3    0.01    0.12    0.28    1.44 ^ _27607_/COUT (sky130_fd_sc_hd__ha_1)
                                         _13231_ (net)
                  0.12    0.00    1.44 ^ _18753_/A (sky130_fd_sc_hd__inv_1)
     1    0.01    0.06    0.08    1.52 v _18753_/Y (sky130_fd_sc_hd__inv_1)
                                         _12083_ (net)
                  0.06    0.00    1.52 v _27310_/A (sky130_fd_sc_hd__fa_1)
     2    0.01    0.12    0.48    2.00 v _27310_/COUT (sky130_fd_sc_hd__fa_1)
                                         _12086_ (net)
                  0.12    0.00    2.00 v _14919_/A (sky130_fd_sc_hd__nor2b_1)
     1    0.01    0.14    0.17    2.17 ^ _14919_/Y (sky130_fd_sc_hd__nor2b_1)
                                         _04507_ (net)
                  0.14    0.00    2.17 ^ _14920_/A2 (sky130_fd_sc_hd__o21ai_2)
     2    0.01    0.07    0.09    2.25 v _14920_/Y (sky130_fd_sc_hd__o21ai_2)
                                         _04508_ (net)
                  0.07    0.00    2.25 v _14921_/A2 (sky130_fd_sc_hd__a21boi_2)
     2    0.01    0.19    0.21    2.47 ^ _14921_/Y (sky130_fd_sc_hd__a21boi_2)
                                         _04509_ (net)
                  0.19    0.00    2.47 ^ _14966_/A2 (sky130_fd_sc_hd__o21a_1)
     2    0.01    0.10    0.18    2.64 ^ _14966_/X (sky130_fd_sc_hd__o21a_1)
                                         _04546_ (net)
                  0.10    0.00    2.64 ^ _15011_/A2 (sky130_fd_sc_hd__o21ai_2)
     2    0.01    0.06    0.08    2.72 v _15011_/Y (sky130_fd_sc_hd__o21ai_2)
                                         _04583_ (net)
                  0.06    0.00    2.72 v _15012_/B (sky130_fd_sc_hd__nand2_1)
     1    0.00    0.05    0.07    2.79 ^ _15012_/Y (sky130_fd_sc_hd__nand2_1)
                                         _04584_ (net)
                  0.05    0.00    2.79 ^ _15013_/A2 (sky130_fd_sc_hd__a21o_1)
     1    0.01    0.06    0.12    2.91 ^ _15013_/X (sky130_fd_sc_hd__a21o_1)
                                         _04585_ (net)
                  0.06    0.00    2.91 ^ _15014_/B (sky130_fd_sc_hd__xor2_1)
     2    0.01    0.30    0.28    3.19 ^ _15014_/X (sky130_fd_sc_hd__xor2_1)
                                         _13288_ (net)
                  0.30    0.00    3.19 ^ _27677_/B (sky130_fd_sc_hd__ha_1)
     5    0.02    0.13    0.37    3.56 v _27677_/SUM (sky130_fd_sc_hd__ha_1)
                                         _13461_ (net)
                  0.13    0.00    3.56 v _17915_/A1 (sky130_fd_sc_hd__a21o_1)
     1    0.00    0.04    0.19    3.75 v _17915_/X (sky130_fd_sc_hd__a21o_1)
                                         _06563_ (net)
                  0.04    0.00    3.75 v _17916_/A2 (sky130_fd_sc_hd__a21oi_1)
     1    0.01    0.18    0.19    3.94 ^ _17916_/Y (sky130_fd_sc_hd__a21oi_1)
                                         _06564_ (net)
                  0.18    0.00    3.94 ^ _17917_/A (sky130_fd_sc_hd__clkinv_2)
     3    0.01    0.07    0.11    4.04 v _17917_/Y (sky130_fd_sc_hd__clkinv_2)
                                         _06565_ (net)
                  0.07    0.00    4.04 v _17980_/C (sky130_fd_sc_hd__or4_4)
     2    0.01    0.09    0.50    4.55 v _17980_/X (sky130_fd_sc_hd__or4_4)
                                         _06617_ (net)
                  0.09    0.00    4.55 v _17994_/A2 (sky130_fd_sc_hd__a211oi_2)
     2    0.01    0.26    0.31    4.86 ^ _17994_/Y (sky130_fd_sc_hd__a211oi_2)
                                         _06627_ (net)
                  0.26    0.00    4.86 ^ _18047_/A1 (sky130_fd_sc_hd__o21ai_2)
     1    0.01    0.09    0.12    4.98 v _18047_/Y (sky130_fd_sc_hd__o21ai_2)
                                         _06668_ (net)
                  0.09    0.00    4.98 v _18050_/B1 (sky130_fd_sc_hd__a221oi_2)
     3    0.02    0.37    0.38    5.36 ^ _18050_/Y (sky130_fd_sc_hd__a221oi_2)
                                         _06671_ (net)
                  0.37    0.00    5.36 ^ _18090_/A (sky130_fd_sc_hd__nor2_1)
     1    0.00    0.08    0.10    5.45 v _18090_/Y (sky130_fd_sc_hd__nor2_1)
                                         _06703_ (net)
                  0.08    0.00    5.45 v _18091_/A3 (sky130_fd_sc_hd__o31a_1)
     2    0.01    0.09    0.30    5.75 v _18091_/X (sky130_fd_sc_hd__o31a_1)
                                         _06704_ (net)
                  0.09    0.00    5.75 v _18092_/A2 (sky130_fd_sc_hd__o21ai_2)
     3    0.02    0.24    0.24    5.99 ^ _18092_/Y (sky130_fd_sc_hd__o21ai_2)
                                         _06705_ (net)
                  0.24    0.00    5.99 ^ _18107_/A (sky130_fd_sc_hd__nor2_1)
     1    0.01    0.08    0.11    6.10 v _18107_/Y (sky130_fd_sc_hd__nor2_1)
                                         _06716_ (net)
                  0.08    0.00    6.10 v _18112_/C1 (sky130_fd_sc_hd__a211oi_4)
     7    0.06    0.66    0.55    6.65 ^ _18112_/Y (sky130_fd_sc_hd__a211oi_4)
                                         hash.CA1.S1.X[30] (net)
                  0.66    0.00    6.65 ^ _20011_/A (sky130_fd_sc_hd__xnor2_1)
     1    0.02    0.20    0.28    6.93 v _20011_/Y (sky130_fd_sc_hd__xnor2_1)
                                         _13896_ (net)
                  0.20    0.00    6.93 v _27835_/A (sky130_fd_sc_hd__ha_1)
     3    0.01    0.07    0.30    7.22 v _27835_/COUT (sky130_fd_sc_hd__ha_1)
                                         _13898_ (net)
                  0.07    0.00    7.22 v _18498_/B (sky130_fd_sc_hd__or3_1)
     1    0.00    0.08    0.36    7.59 v _18498_/X (sky130_fd_sc_hd__or3_1)
                                         _06951_ (net)
                  0.08    0.00    7.59 v _18499_/C1 (sky130_fd_sc_hd__a311oi_2)
     2    0.02    0.37    0.33    7.92 ^ _18499_/Y (sky130_fd_sc_hd__a311oi_2)
                                         _06952_ (net)
                  0.37    0.00    7.92 ^ _18500_/B (sky130_fd_sc_hd__or2_4)
     3    0.02    0.07    0.22    8.14 ^ _18500_/X (sky130_fd_sc_hd__or2_4)
                                         _06953_ (net)
                  0.07    0.00    8.14 ^ _18721_/A2 (sky130_fd_sc_hd__o21bai_1)
     1    0.01    0.07    0.07    8.21 v _18721_/Y (sky130_fd_sc_hd__o21bai_1)
                                         _07116_ (net)
                  0.07    0.00    8.21 v _18722_/A2 (sky130_fd_sc_hd__a21oi_2)
     2    0.01    0.16    0.19    8.40 ^ _18722_/Y (sky130_fd_sc_hd__a21oi_2)
                                         _07117_ (net)
                  0.16    0.00    8.40 ^ _18723_/B (sky130_fd_sc_hd__xnor2_1)
     1    0.01    0.21    0.17    8.57 ^ _18723_/Y (sky130_fd_sc_hd__xnor2_1)
                                         _12720_ (net)
                  0.21    0.00    8.57 ^ _27455_/CIN (sky130_fd_sc_hd__fa_1)
     1    0.00    0.09    0.46    9.03 v _27455_/SUM (sky130_fd_sc_hd__fa_1)
                                         _12722_ (net)
                  0.09    0.00    9.03 v _27919_/B (sky130_fd_sc_hd__ha_1)
     4    0.02    0.12    0.36    9.39 v _27919_/SUM (sky130_fd_sc_hd__ha_1)
                                         _14158_ (net)
                  0.12    0.00    9.39 v _23293_/A1 (sky130_fd_sc_hd__a21o_1)
     1    0.01    0.04    0.19    9.58 v _23293_/X (sky130_fd_sc_hd__a21o_1)
                                         _09340_ (net)
                  0.04    0.00    9.58 v _23294_/A2 (sky130_fd_sc_hd__a21o_4)
     3    0.01    0.04    0.22    9.81 v _23294_/X (sky130_fd_sc_hd__a21o_4)
                                         _09341_ (net)
                  0.04    0.00    9.81 v _23310_/B1 (sky130_fd_sc_hd__a21oi_1)
     1    0.01    0.15    0.14    9.95 ^ _23310_/Y (sky130_fd_sc_hd__a21oi_1)
                                         _09356_ (net)
                  0.15    0.00    9.95 ^ _23311_/B1 (sky130_fd_sc_hd__o21ai_2)
     2    0.02    0.10    0.11   10.06 v _23311_/Y (sky130_fd_sc_hd__o21ai_2)
                                         _09357_ (net)
                  0.10    0.00   10.06 v _23319_/C (sky130_fd_sc_hd__nor3_1)
     2    0.01    0.25    0.22   10.28 ^ _23319_/Y (sky130_fd_sc_hd__nor3_1)
                                         _09363_ (net)
                  0.25    0.00   10.28 ^ _23329_/A (sky130_fd_sc_hd__or3_4)
     2    0.01    0.06    0.20   10.48 ^ _23329_/X (sky130_fd_sc_hd__or3_4)
                                         _09371_ (net)
                  0.06    0.00   10.48 ^ _23344_/A1 (sky130_fd_sc_hd__a31oi_2)
     3    0.01    0.12    0.12   10.60 v _23344_/Y (sky130_fd_sc_hd__a31oi_2)
                                         _09384_ (net)
                  0.12    0.00   10.60 v _23354_/A4 (sky130_fd_sc_hd__a41o_4)
     3    0.01    0.05    0.32   10.92 v _23354_/X (sky130_fd_sc_hd__a41o_4)
                                         _09392_ (net)
                  0.05    0.00   10.92 v _23377_/A4 (sky130_fd_sc_hd__o41ai_1)
     2    0.01    0.48    0.40   11.31 ^ _23377_/Y (sky130_fd_sc_hd__o41ai_1)
                                         _09411_ (net)
                  0.48    0.00   11.31 ^ _23386_/A1 (sky130_fd_sc_hd__o22ai_1)
     2    0.01    0.12    0.19   11.51 v _23386_/Y (sky130_fd_sc_hd__o22ai_1)
                                         _09418_ (net)
                  0.12    0.00   11.51 v _23397_/A4 (sky130_fd_sc_hd__o41ai_1)
     2    0.01    0.52    0.45   11.96 ^ _23397_/Y (sky130_fd_sc_hd__o41ai_1)
                                         _09427_ (net)
                  0.52    0.00   11.96 ^ _23404_/A2 (sky130_fd_sc_hd__o21bai_1)
     1    0.00    0.09    0.12   12.08 v _23404_/Y (sky130_fd_sc_hd__o21bai_1)
                                         _09432_ (net)
                  0.09    0.00   12.08 v _23405_/A2 (sky130_fd_sc_hd__a21oi_1)
     1    0.01    0.16    0.19   12.27 ^ _23405_/Y (sky130_fd_sc_hd__a21oi_1)
                                         _09433_ (net)
                  0.16    0.00   12.27 ^ _23406_/B (sky130_fd_sc_hd__xnor2_1)
     1    0.00    0.11    0.13   12.40 ^ _23406_/Y (sky130_fd_sc_hd__xnor2_1)
                                         hash.CA1.p2[30] (net)
                  0.11    0.00   12.40 ^ hash.p2_cap[30]$_DFF_P_/D (sky130_fd_sc_hd__dfxtp_1)
                                 12.40   data arrival time

                  0.00   10.00   10.00   clock core_clock (rise edge)
                          0.00   10.00   clock network delay (ideal)
                          0.00   10.00   clock reconvergence pessimism
                                 10.00 ^ hash.p2_cap[30]$_DFF_P_/CLK (sky130_fd_sc_hd__dfxtp_1)
                         -0.08    9.92   library setup time
                                  9.92   data required time
-----------------------------------------------------------------------------
                                  9.92   data required time
                                -12.40   data arrival time
-----------------------------------------------------------------------------
                                 -2.48   slack (VIOLATED)



==========================================================================
resizer report_checks -unconstrained
--------------------------------------------------------------------------
Startpoint: hash.p2_cap[25]$_DFF_P_
            (rising edge-triggered flip-flop clocked by core_clock)
Endpoint: hash.p2_cap[30]$_DFF_P_
          (rising edge-triggered flip-flop clocked by core_clock)
Path Group: core_clock
Path Type: max

Fanout     Cap    Slew   Delay    Time   Description
-----------------------------------------------------------------------------
                  0.00    0.00    0.00   clock core_clock (rise edge)
                          0.00    0.00   clock network delay (ideal)
                  0.00    0.00    0.00 ^ hash.p2_cap[25]$_DFF_P_/CLK (sky130_fd_sc_hd__dfxtp_1)
     7    0.06    0.54    0.64    0.64 ^ hash.p2_cap[25]$_DFF_P_/Q (sky130_fd_sc_hd__dfxtp_1)
                                         hash.CA2.S1.X[25] (net)
                  0.54    0.00    0.64 ^ _14773_/B (sky130_fd_sc_hd__xnor2_1)
     1    0.01    0.11    0.15    0.79 v _14773_/Y (sky130_fd_sc_hd__xnor2_1)
                                         _04381_ (net)
                  0.11    0.00    0.79 v _14774_/B (sky130_fd_sc_hd__xnor2_1)
     1    0.02    0.40    0.37    1.16 ^ _14774_/Y (sky130_fd_sc_hd__xnor2_1)
                                         _13230_ (net)
                  0.40    0.00    1.16 ^ _27607_/B (sky130_fd_sc_hd__ha_1)
     3    0.01    0.12    0.28    1.44 ^ _27607_/COUT (sky130_fd_sc_hd__ha_1)
                                         _13231_ (net)
                  0.12    0.00    1.44 ^ _18753_/A (sky130_fd_sc_hd__inv_1)
     1    0.01    0.06    0.08    1.52 v _18753_/Y (sky130_fd_sc_hd__inv_1)
                                         _12083_ (net)
                  0.06    0.00    1.52 v _27310_/A (sky130_fd_sc_hd__fa_1)
     2    0.01    0.12    0.48    2.00 v _27310_/COUT (sky130_fd_sc_hd__fa_1)
                                         _12086_ (net)
                  0.12    0.00    2.00 v _14919_/A (sky130_fd_sc_hd__nor2b_1)
     1    0.01    0.14    0.17    2.17 ^ _14919_/Y (sky130_fd_sc_hd__nor2b_1)
                                         _04507_ (net)
                  0.14    0.00    2.17 ^ _14920_/A2 (sky130_fd_sc_hd__o21ai_2)
     2    0.01    0.07    0.09    2.25 v _14920_/Y (sky130_fd_sc_hd__o21ai_2)
                                         _04508_ (net)
                  0.07    0.00    2.25 v _14921_/A2 (sky130_fd_sc_hd__a21boi_2)
     2    0.01    0.19    0.21    2.47 ^ _14921_/Y (sky130_fd_sc_hd__a21boi_2)
                                         _04509_ (net)
                  0.19    0.00    2.47 ^ _14966_/A2 (sky130_fd_sc_hd__o21a_1)
     2    0.01    0.10    0.18    2.64 ^ _14966_/X (sky130_fd_sc_hd__o21a_1)
                                         _04546_ (net)
                  0.10    0.00    2.64 ^ _15011_/A2 (sky130_fd_sc_hd__o21ai_2)
     2    0.01    0.06    0.08    2.72 v _15011_/Y (sky130_fd_sc_hd__o21ai_2)
                                         _04583_ (net)
                  0.06    0.00    2.72 v _15012_/B (sky130_fd_sc_hd__nand2_1)
     1    0.00    0.05    0.07    2.79 ^ _15012_/Y (sky130_fd_sc_hd__nand2_1)
                                         _04584_ (net)
                  0.05    0.00    2.79 ^ _15013_/A2 (sky130_fd_sc_hd__a21o_1)
     1    0.01    0.06    0.12    2.91 ^ _15013_/X (sky130_fd_sc_hd__a21o_1)
                                         _04585_ (net)
                  0.06    0.00    2.91 ^ _15014_/B (sky130_fd_sc_hd__xor2_1)
     2    0.01    0.30    0.28    3.19 ^ _15014_/X (sky130_fd_sc_hd__xor2_1)
                                         _13288_ (net)
                  0.30    0.00    3.19 ^ _27677_/B (sky130_fd_sc_hd__ha_1)
     5    0.02    0.13    0.37    3.56 v _27677_/SUM (sky130_fd_sc_hd__ha_1)
                                         _13461_ (net)
                  0.13    0.00    3.56 v _17915_/A1 (sky130_fd_sc_hd__a21o_1)
     1    0.00    0.04    0.19    3.75 v _17915_/X (sky130_fd_sc_hd__a21o_1)
                                         _06563_ (net)
                  0.04    0.00    3.75 v _17916_/A2 (sky130_fd_sc_hd__a21oi_1)
     1    0.01    0.18    0.19    3.94 ^ _17916_/Y (sky130_fd_sc_hd__a21oi_1)
                                         _06564_ (net)
                  0.18    0.00    3.94 ^ _17917_/A (sky130_fd_sc_hd__clkinv_2)
     3    0.01    0.07    0.11    4.04 v _17917_/Y (sky130_fd_sc_hd__clkinv_2)
                                         _06565_ (net)
                  0.07    0.00    4.04 v _17980_/C (sky130_fd_sc_hd__or4_4)
     2    0.01    0.09    0.50    4.55 v _17980_/X (sky130_fd_sc_hd__or4_4)
                                         _06617_ (net)
                  0.09    0.00    4.55 v _17994_/A2 (sky130_fd_sc_hd__a211oi_2)
     2    0.01    0.26    0.31    4.86 ^ _17994_/Y (sky130_fd_sc_hd__a211oi_2)
                                         _06627_ (net)
                  0.26    0.00    4.86 ^ _18047_/A1 (sky130_fd_sc_hd__o21ai_2)
     1    0.01    0.09    0.12    4.98 v _18047_/Y (sky130_fd_sc_hd__o21ai_2)
                                         _06668_ (net)
                  0.09    0.00    4.98 v _18050_/B1 (sky130_fd_sc_hd__a221oi_2)
     3    0.02    0.37    0.38    5.36 ^ _18050_/Y (sky130_fd_sc_hd__a221oi_2)
                                         _06671_ (net)
                  0.37    0.00    5.36 ^ _18090_/A (sky130_fd_sc_hd__nor2_1)
     1    0.00    0.08    0.10    5.45 v _18090_/Y (sky130_fd_sc_hd__nor2_1)
                                         _06703_ (net)
                  0.08    0.00    5.45 v _18091_/A3 (sky130_fd_sc_hd__o31a_1)
     2    0.01    0.09    0.30    5.75 v _18091_/X (sky130_fd_sc_hd__o31a_1)
                                         _06704_ (net)
                  0.09    0.00    5.75 v _18092_/A2 (sky130_fd_sc_hd__o21ai_2)
     3    0.02    0.24    0.24    5.99 ^ _18092_/Y (sky130_fd_sc_hd__o21ai_2)
                                         _06705_ (net)
                  0.24    0.00    5.99 ^ _18107_/A (sky130_fd_sc_hd__nor2_1)
     1    0.01    0.08    0.11    6.10 v _18107_/Y (sky130_fd_sc_hd__nor2_1)
                                         _06716_ (net)
                  0.08    0.00    6.10 v _18112_/C1 (sky130_fd_sc_hd__a211oi_4)
     7    0.06    0.66    0.55    6.65 ^ _18112_/Y (sky130_fd_sc_hd__a211oi_4)
                                         hash.CA1.S1.X[30] (net)
                  0.66    0.00    6.65 ^ _20011_/A (sky130_fd_sc_hd__xnor2_1)
     1    0.02    0.20    0.28    6.93 v _20011_/Y (sky130_fd_sc_hd__xnor2_1)
                                         _13896_ (net)
                  0.20    0.00    6.93 v _27835_/A (sky130_fd_sc_hd__ha_1)
     3    0.01    0.07    0.30    7.22 v _27835_/COUT (sky130_fd_sc_hd__ha_1)
                                         _13898_ (net)
                  0.07    0.00    7.22 v _18498_/B (sky130_fd_sc_hd__or3_1)
     1    0.00    0.08    0.36    7.59 v _18498_/X (sky130_fd_sc_hd__or3_1)
                                         _06951_ (net)
                  0.08    0.00    7.59 v _18499_/C1 (sky130_fd_sc_hd__a311oi_2)
     2    0.02    0.37    0.33    7.92 ^ _18499_/Y (sky130_fd_sc_hd__a311oi_2)
                                         _06952_ (net)
                  0.37    0.00    7.92 ^ _18500_/B (sky130_fd_sc_hd__or2_4)
     3    0.02    0.07    0.22    8.14 ^ _18500_/X (sky130_fd_sc_hd__or2_4)
                                         _06953_ (net)
                  0.07    0.00    8.14 ^ _18721_/A2 (sky130_fd_sc_hd__o21bai_1)
     1    0.01    0.07    0.07    8.21 v _18721_/Y (sky130_fd_sc_hd__o21bai_1)
                                         _07116_ (net)
                  0.07    0.00    8.21 v _18722_/A2 (sky130_fd_sc_hd__a21oi_2)
     2    0.01    0.16    0.19    8.40 ^ _18722_/Y (sky130_fd_sc_hd__a21oi_2)
                                         _07117_ (net)
                  0.16    0.00    8.40 ^ _18723_/B (sky130_fd_sc_hd__xnor2_1)
     1    0.01    0.21    0.17    8.57 ^ _18723_/Y (sky130_fd_sc_hd__xnor2_1)
                                         _12720_ (net)
                  0.21    0.00    8.57 ^ _27455_/CIN (sky130_fd_sc_hd__fa_1)
     1    0.00    0.09    0.46    9.03 v _27455_/SUM (sky130_fd_sc_hd__fa_1)
                                         _12722_ (net)
                  0.09    0.00    9.03 v _27919_/B (sky130_fd_sc_hd__ha_1)
     4    0.02    0.12    0.36    9.39 v _27919_/SUM (sky130_fd_sc_hd__ha_1)
                                         _14158_ (net)
                  0.12    0.00    9.39 v _23293_/A1 (sky130_fd_sc_hd__a21o_1)
     1    0.01    0.04    0.19    9.58 v _23293_/X (sky130_fd_sc_hd__a21o_1)
                                         _09340_ (net)
                  0.04    0.00    9.58 v _23294_/A2 (sky130_fd_sc_hd__a21o_4)
     3    0.01    0.04    0.22    9.81 v _23294_/X (sky130_fd_sc_hd__a21o_4)
                                         _09341_ (net)
                  0.04    0.00    9.81 v _23310_/B1 (sky130_fd_sc_hd__a21oi_1)
     1    0.01    0.15    0.14    9.95 ^ _23310_/Y (sky130_fd_sc_hd__a21oi_1)
                                         _09356_ (net)
                  0.15    0.00    9.95 ^ _23311_/B1 (sky130_fd_sc_hd__o21ai_2)
     2    0.02    0.10    0.11   10.06 v _23311_/Y (sky130_fd_sc_hd__o21ai_2)
                                         _09357_ (net)
                  0.10    0.00   10.06 v _23319_/C (sky130_fd_sc_hd__nor3_1)
     2    0.01    0.25    0.22   10.28 ^ _23319_/Y (sky130_fd_sc_hd__nor3_1)
                                         _09363_ (net)
                  0.25    0.00   10.28 ^ _23329_/A (sky130_fd_sc_hd__or3_4)
     2    0.01    0.06    0.20   10.48 ^ _23329_/X (sky130_fd_sc_hd__or3_4)
                                         _09371_ (net)
                  0.06    0.00   10.48 ^ _23344_/A1 (sky130_fd_sc_hd__a31oi_2)
     3    0.01    0.12    0.12   10.60 v _23344_/Y (sky130_fd_sc_hd__a31oi_2)
                                         _09384_ (net)
                  0.12    0.00   10.60 v _23354_/A4 (sky130_fd_sc_hd__a41o_4)
     3    0.01    0.05    0.32   10.92 v _23354_/X (sky130_fd_sc_hd__a41o_4)
                                         _09392_ (net)
                  0.05    0.00   10.92 v _23377_/A4 (sky130_fd_sc_hd__o41ai_1)
     2    0.01    0.48    0.40   11.31 ^ _23377_/Y (sky130_fd_sc_hd__o41ai_1)
                                         _09411_ (net)
                  0.48    0.00   11.31 ^ _23386_/A1 (sky130_fd_sc_hd__o22ai_1)
     2    0.01    0.12    0.19   11.51 v _23386_/Y (sky130_fd_sc_hd__o22ai_1)
                                         _09418_ (net)
                  0.12    0.00   11.51 v _23397_/A4 (sky130_fd_sc_hd__o41ai_1)
     2    0.01    0.52    0.45   11.96 ^ _23397_/Y (sky130_fd_sc_hd__o41ai_1)
                                         _09427_ (net)
                  0.52    0.00   11.96 ^ _23404_/A2 (sky130_fd_sc_hd__o21bai_1)
     1    0.00    0.09    0.12   12.08 v _23404_/Y (sky130_fd_sc_hd__o21bai_1)
                                         _09432_ (net)
                  0.09    0.00   12.08 v _23405_/A2 (sky130_fd_sc_hd__a21oi_1)
     1    0.01    0.16    0.19   12.27 ^ _23405_/Y (sky130_fd_sc_hd__a21oi_1)
                                         _09433_ (net)
                  0.16    0.00   12.27 ^ _23406_/B (sky130_fd_sc_hd__xnor2_1)
     1    0.00    0.11    0.13   12.40 ^ _23406_/Y (sky130_fd_sc_hd__xnor2_1)
                                         hash.CA1.p2[30] (net)
                  0.11    0.00   12.40 ^ hash.p2_cap[30]$_DFF_P_/D (sky130_fd_sc_hd__dfxtp_1)
                                 12.40   data arrival time

                  0.00   10.00   10.00   clock core_clock (rise edge)
                          0.00   10.00   clock network delay (ideal)
                          0.00   10.00   clock reconvergence pessimism
                                 10.00 ^ hash.p2_cap[30]$_DFF_P_/CLK (sky130_fd_sc_hd__dfxtp_1)
                         -0.08    9.92   library setup time
                                  9.92   data required time
-----------------------------------------------------------------------------
                                  9.92   data required time
                                -12.40   data arrival time
-----------------------------------------------------------------------------
                                 -2.48   slack (VIOLATED)



==========================================================================
resizer report_check_types -max_slew -max_cap -max_fanout -violators
--------------------------------------------------------------------------

==========================================================================
resizer max_slew_check_slack
--------------------------------------------------------------------------
0.006427303422242403

==========================================================================
resizer max_slew_check_limit
--------------------------------------------------------------------------
1.4979510307312012

==========================================================================
resizer max_slew_check_slack_limit
--------------------------------------------------------------------------
0.0043

==========================================================================
resizer max_fanout_check_slack
--------------------------------------------------------------------------
1.0000000150474662e+30

==========================================================================
resizer max_fanout_check_limit
--------------------------------------------------------------------------
1.0000000150474662e+30

==========================================================================
resizer max_capacitance_check_slack
--------------------------------------------------------------------------
0.0001989104348467663

==========================================================================
resizer max_capacitance_check_limit
--------------------------------------------------------------------------
0.1620579957962036

==========================================================================
resizer max_capacitance_check_slack_limit
--------------------------------------------------------------------------
0.0012

==========================================================================
resizer max_slew_violation_count
--------------------------------------------------------------------------
max slew violation count 0

==========================================================================
resizer max_fanout_violation_count
--------------------------------------------------------------------------
max fanout violation count 0

==========================================================================
resizer max_cap_violation_count
--------------------------------------------------------------------------
max cap violation count 0

==========================================================================
resizer setup_violation_count
--------------------------------------------------------------------------
setup violation count 77

==========================================================================
resizer hold_violation_count
--------------------------------------------------------------------------
hold violation count 0

==========================================================================
resizer report_checks -path_delay max reg to reg
--------------------------------------------------------------------------
Startpoint: hash.p2_cap[25]$_DFF_P_
            (rising edge-triggered flip-flop clocked by core_clock)
Endpoint: hash.p2_cap[30]$_DFF_P_
          (rising edge-triggered flip-flop clocked by core_clock)
Path Group: core_clock
Path Type: max

  Delay    Time   Description
---------------------------------------------------------
   0.00    0.00   clock core_clock (rise edge)
   0.00    0.00   clock network delay (ideal)
   0.00    0.00 ^ hash.p2_cap[25]$_DFF_P_/CLK (sky130_fd_sc_hd__dfxtp_1)
   0.64    0.64 ^ hash.p2_cap[25]$_DFF_P_/Q (sky130_fd_sc_hd__dfxtp_1)
   0.15    0.79 v _14773_/Y (sky130_fd_sc_hd__xnor2_1)
   0.37    1.16 ^ _14774_/Y (sky130_fd_sc_hd__xnor2_1)
   0.28    1.44 ^ _27607_/COUT (sky130_fd_sc_hd__ha_1)
   0.08    1.52 v _18753_/Y (sky130_fd_sc_hd__inv_1)
   0.48    2.00 v _27310_/COUT (sky130_fd_sc_hd__fa_1)
   0.17    2.17 ^ _14919_/Y (sky130_fd_sc_hd__nor2b_1)
   0.09    2.25 v _14920_/Y (sky130_fd_sc_hd__o21ai_2)
   0.21    2.47 ^ _14921_/Y (sky130_fd_sc_hd__a21boi_2)
   0.18    2.64 ^ _14966_/X (sky130_fd_sc_hd__o21a_1)
   0.08    2.72 v _15011_/Y (sky130_fd_sc_hd__o21ai_2)
   0.07    2.79 ^ _15012_/Y (sky130_fd_sc_hd__nand2_1)
   0.12    2.91 ^ _15013_/X (sky130_fd_sc_hd__a21o_1)
   0.28    3.19 ^ _15014_/X (sky130_fd_sc_hd__xor2_1)
   0.37    3.56 v _27677_/SUM (sky130_fd_sc_hd__ha_1)
   0.19    3.75 v _17915_/X (sky130_fd_sc_hd__a21o_1)
   0.19    3.94 ^ _17916_/Y (sky130_fd_sc_hd__a21oi_1)
   0.11    4.04 v _17917_/Y (sky130_fd_sc_hd__clkinv_2)
   0.50    4.55 v _17980_/X (sky130_fd_sc_hd__or4_4)
   0.31    4.86 ^ _17994_/Y (sky130_fd_sc_hd__a211oi_2)
   0.12    4.98 v _18047_/Y (sky130_fd_sc_hd__o21ai_2)
   0.38    5.36 ^ _18050_/Y (sky130_fd_sc_hd__a221oi_2)
   0.10    5.45 v _18090_/Y (sky130_fd_sc_hd__nor2_1)
   0.30    5.75 v _18091_/X (sky130_fd_sc_hd__o31a_1)
   0.24    5.99 ^ _18092_/Y (sky130_fd_sc_hd__o21ai_2)
   0.11    6.10 v _18107_/Y (sky130_fd_sc_hd__nor2_1)
   0.55    6.65 ^ _18112_/Y (sky130_fd_sc_hd__a211oi_4)
   0.28    6.93 v _20011_/Y (sky130_fd_sc_hd__xnor2_1)
   0.30    7.22 v _27835_/COUT (sky130_fd_sc_hd__ha_1)
   0.36    7.59 v _18498_/X (sky130_fd_sc_hd__or3_1)
   0.33    7.92 ^ _18499_/Y (sky130_fd_sc_hd__a311oi_2)
   0.22    8.14 ^ _18500_/X (sky130_fd_sc_hd__or2_4)
   0.07    8.21 v _18721_/Y (sky130_fd_sc_hd__o21bai_1)
   0.19    8.40 ^ _18722_/Y (sky130_fd_sc_hd__a21oi_2)
   0.17    8.57 ^ _18723_/Y (sky130_fd_sc_hd__xnor2_1)
   0.46    9.03 v _27455_/SUM (sky130_fd_sc_hd__fa_1)
   0.36    9.39 v _27919_/SUM (sky130_fd_sc_hd__ha_1)
   0.19    9.58 v _23293_/X (sky130_fd_sc_hd__a21o_1)
   0.22    9.81 v _23294_/X (sky130_fd_sc_hd__a21o_4)
   0.14    9.95 ^ _23310_/Y (sky130_fd_sc_hd__a21oi_1)
   0.11   10.06 v _23311_/Y (sky130_fd_sc_hd__o21ai_2)
   0.22   10.28 ^ _23319_/Y (sky130_fd_sc_hd__nor3_1)
   0.20   10.48 ^ _23329_/X (sky130_fd_sc_hd__or3_4)
   0.12   10.60 v _23344_/Y (sky130_fd_sc_hd__a31oi_2)
   0.32   10.92 v _23354_/X (sky130_fd_sc_hd__a41o_4)
   0.40   11.31 ^ _23377_/Y (sky130_fd_sc_hd__o41ai_1)
   0.19   11.51 v _23386_/Y (sky130_fd_sc_hd__o22ai_1)
   0.45   11.96 ^ _23397_/Y (sky130_fd_sc_hd__o41ai_1)
   0.12   12.08 v _23404_/Y (sky130_fd_sc_hd__o21bai_1)
   0.19   12.27 ^ _23405_/Y (sky130_fd_sc_hd__a21oi_1)
   0.13   12.40 ^ _23406_/Y (sky130_fd_sc_hd__xnor2_1)
   0.00   12.40 ^ hash.p2_cap[30]$_DFF_P_/D (sky130_fd_sc_hd__dfxtp_1)
          12.40   data arrival time

  10.00   10.00   clock core_clock (rise edge)
   0.00   10.00   clock network delay (ideal)
   0.00   10.00   clock reconvergence pessimism
          10.00 ^ hash.p2_cap[30]$_DFF_P_/CLK (sky130_fd_sc_hd__dfxtp_1)
  -0.08    9.92   library setup time
           9.92   data required time
---------------------------------------------------------
           9.92   data required time
         -12.40   data arrival time
---------------------------------------------------------
          -2.48   slack (VIOLATED)



==========================================================================
resizer report_checks -path_delay min reg to reg
--------------------------------------------------------------------------
Startpoint: count15_1[1]$_SDFF_PP0_
            (rising edge-triggered flip-flop clocked by core_clock)
Endpoint: count15_1[1]$_SDFF_PP0_
          (rising edge-triggered flip-flop clocked by core_clock)
Path Group: core_clock
Path Type: min

  Delay    Time   Description
---------------------------------------------------------
   0.00    0.00   clock core_clock (rise edge)
   0.00    0.00   clock network delay (ideal)
   0.00    0.00 ^ count15_1[1]$_SDFF_PP0_/CLK (sky130_fd_sc_hd__dfxtp_1)
   0.32    0.32 v count15_1[1]$_SDFF_PP0_/Q (sky130_fd_sc_hd__dfxtp_1)
   0.08    0.40 ^ _20449_/Y (sky130_fd_sc_hd__nor2_1)
   0.00    0.40 ^ count15_1[1]$_SDFF_PP0_/D (sky130_fd_sc_hd__dfxtp_1)
           0.40   data arrival time

   0.00    0.00   clock core_clock (rise edge)
   0.00    0.00   clock network delay (ideal)
   0.00    0.00   clock reconvergence pessimism
           0.00 ^ count15_1[1]$_SDFF_PP0_/CLK (sky130_fd_sc_hd__dfxtp_1)
  -0.04   -0.04   library hold time
          -0.04   data required time
---------------------------------------------------------
          -0.04   data required time
          -0.40   data arrival time
---------------------------------------------------------
           0.45   slack (MET)



==========================================================================
resizer critical path target clock latency max path
--------------------------------------------------------------------------
0.0000

==========================================================================
resizer critical path target clock latency min path
--------------------------------------------------------------------------
0.0000

==========================================================================
resizer critical path source clock latency min path
--------------------------------------------------------------------------
0.0000

==========================================================================
resizer critical path delay
--------------------------------------------------------------------------
12.3997

==========================================================================
resizer critical path slack
--------------------------------------------------------------------------
-2.4752

==========================================================================
resizer slack div critical path delay
--------------------------------------------------------------------------
-19.961773

==========================================================================
resizer report_power
--------------------------------------------------------------------------
Group                  Internal  Switching    Leakage      Total
                          Power      Power      Power      Power (Watts)
----------------------------------------------------------------
Sequential             2.01e-02   3.03e-03   2.77e-08   2.32e-02   5.7%
Combinational          1.63e-01   2.17e-01   5.36e-08   3.80e-01  94.3%
Clock                  0.00e+00   0.00e+00   0.00e+00   0.00e+00   0.0%
Macro                  0.00e+00   0.00e+00   0.00e+00   0.00e+00   0.0%
Pad                    0.00e+00   0.00e+00   0.00e+00   0.00e+00   0.0%
----------------------------------------------------------------
Total                  1.83e-01   2.20e-01   8.12e-08   4.03e-01 100.0%
                          45.4%      54.6%       0.0%
