
==========================================================================
cts final report_tns
--------------------------------------------------------------------------
tns 0.00

==========================================================================
cts final report_wns
--------------------------------------------------------------------------
wns 0.00

==========================================================================
cts final report_worst_slack
--------------------------------------------------------------------------
worst slack 0.01

==========================================================================
cts final report_clock_skew
--------------------------------------------------------------------------
Clock core_clock
   1.09 source latency w[57][1]$_SDFFCE_PN0P_/CLK ^
  -0.98 target latency w[0][21]$_DFFE_PP_/CLK ^
   0.00 CRPR
--------------
   0.11 setup skew


==========================================================================
cts final report_checks -path_delay min
--------------------------------------------------------------------------
Startpoint: ready_dash$_SDFF_PP0_
            (rising edge-triggered flip-flop clocked by core_clock)
Endpoint: ready$_DFF_P_ (rising edge-triggered flip-flop clocked by core_clock)
Path Group: core_clock
Path Type: min

Fanout     Cap    Slew   Delay    Time   Description
-----------------------------------------------------------------------------
                          0.00    0.00   clock core_clock (rise edge)
                          0.00    0.00   clock source latency
     1    0.16    0.00    0.00    0.00 ^ clk (in)
                                         clk (net)
                  0.01    0.01    0.01 ^ clkbuf_0_clk/A (sky130_fd_sc_hd__clkbuf_16)
     4    0.20    0.21    0.24    0.25 ^ clkbuf_0_clk/X (sky130_fd_sc_hd__clkbuf_16)
                                         clknet_0_clk (net)
                  0.21    0.00    0.25 ^ clkbuf_2_1_0_clk/A (sky130_fd_sc_hd__clkbuf_16)
     8    0.20    0.21    0.31    0.56 ^ clkbuf_2_1_0_clk/X (sky130_fd_sc_hd__clkbuf_16)
                                         clknet_2_1_0_clk (net)
                  0.21    0.00    0.56 ^ clkbuf_5_13__f_clk/A (sky130_fd_sc_hd__clkbuf_16)
     8    0.14    0.15    0.27    0.83 ^ clkbuf_5_13__f_clk/X (sky130_fd_sc_hd__clkbuf_16)
                                         clknet_5_13__leaf_clk (net)
                  0.15    0.00    0.83 ^ clkbuf_leaf_191_clk/A (sky130_fd_sc_hd__clkbuf_16)
    10    0.04    0.06    0.18    1.01 ^ clkbuf_leaf_191_clk/X (sky130_fd_sc_hd__clkbuf_16)
                                         clknet_leaf_191_clk (net)
                  0.06    0.00    1.01 ^ ready_dash$_SDFF_PP0_/CLK (sky130_fd_sc_hd__dfxtp_1)
     1    0.00    0.04    0.30    1.31 ^ ready_dash$_SDFF_PP0_/Q (sky130_fd_sc_hd__dfxtp_1)
                                         ready_dash (net)
                  0.04    0.00    1.31 ^ ready$_DFF_P_/D (sky130_fd_sc_hd__dfxtp_1)
                                  1.31   data arrival time

                          0.00    0.00   clock core_clock (rise edge)
                          0.00    0.00   clock source latency
     1    0.16    0.00    0.00    0.00 ^ clk (in)
                                         clk (net)
                  0.01    0.01    0.01 ^ clkbuf_0_clk/A (sky130_fd_sc_hd__clkbuf_16)
     4    0.20    0.21    0.24    0.25 ^ clkbuf_0_clk/X (sky130_fd_sc_hd__clkbuf_16)
                                         clknet_0_clk (net)
                  0.21    0.00    0.25 ^ clkbuf_2_1_0_clk/A (sky130_fd_sc_hd__clkbuf_16)
     8    0.20    0.21    0.31    0.56 ^ clkbuf_2_1_0_clk/X (sky130_fd_sc_hd__clkbuf_16)
                                         clknet_2_1_0_clk (net)
                  0.21    0.00    0.56 ^ clkbuf_5_13__f_clk/A (sky130_fd_sc_hd__clkbuf_16)
     8    0.14    0.15    0.27    0.83 ^ clkbuf_5_13__f_clk/X (sky130_fd_sc_hd__clkbuf_16)
                                         clknet_5_13__leaf_clk (net)
                  0.15    0.00    0.83 ^ clkbuf_leaf_191_clk/A (sky130_fd_sc_hd__clkbuf_16)
    10    0.04    0.06    0.18    1.01 ^ clkbuf_leaf_191_clk/X (sky130_fd_sc_hd__clkbuf_16)
                                         clknet_leaf_191_clk (net)
                  0.06    0.00    1.01 ^ ready$_DFF_P_/CLK (sky130_fd_sc_hd__dfxtp_1)
                          0.00    1.01   clock reconvergence pessimism
                         -0.03    0.99   library hold time
                                  0.99   data required time
-----------------------------------------------------------------------------
                                  0.99   data required time
                                 -1.31   data arrival time
-----------------------------------------------------------------------------
                                  0.33   slack (MET)



==========================================================================
cts final report_checks -path_delay max
--------------------------------------------------------------------------
Startpoint: hash/p2_cap[25]$_DFF_P_
            (rising edge-triggered flip-flop clocked by core_clock)
Endpoint: hash/p3_cap[29]$_DFF_P_
          (rising edge-triggered flip-flop clocked by core_clock)
Path Group: core_clock
Path Type: max

Fanout     Cap    Slew   Delay    Time   Description
-----------------------------------------------------------------------------
                          0.00    0.00   clock core_clock (rise edge)
                          0.00    0.00   clock source latency
     1    0.16    0.00    0.00    0.00 ^ clk (in)
                                         clk (net)
                  0.01    0.01    0.01 ^ clkbuf_0_clk/A (sky130_fd_sc_hd__clkbuf_16)
     4    0.20    0.21    0.24    0.25 ^ clkbuf_0_clk/X (sky130_fd_sc_hd__clkbuf_16)
                                         clknet_0_clk (net)
                  0.21    0.00    0.25 ^ clkbuf_2_3_0_clk/A (sky130_fd_sc_hd__clkbuf_16)
     8    0.20    0.21    0.31    0.56 ^ clkbuf_2_3_0_clk/X (sky130_fd_sc_hd__clkbuf_16)
                                         clknet_2_3_0_clk (net)
                  0.21    0.00    0.56 ^ clkbuf_5_26__f_clk/A (sky130_fd_sc_hd__clkbuf_16)
     7    0.15    0.17    0.28    0.84 ^ clkbuf_5_26__f_clk/X (sky130_fd_sc_hd__clkbuf_16)
                                         clknet_5_26__leaf_clk (net)
                  0.17    0.00    0.84 ^ clkbuf_leaf_185_clk/A (sky130_fd_sc_hd__clkbuf_16)
    11    0.04    0.06    0.18    1.02 ^ clkbuf_leaf_185_clk/X (sky130_fd_sc_hd__clkbuf_16)
                                         clknet_leaf_185_clk (net)
                  0.06    0.00    1.02 ^ hash/p2_cap[25]$_DFF_P_/CLK (sky130_fd_sc_hd__dfxtp_4)
     2    0.01    0.04    0.34    1.36 ^ hash/p2_cap[25]$_DFF_P_/Q (sky130_fd_sc_hd__dfxtp_4)
                                         hash/p2_cap[25] (net)
                  0.04    0.00    1.36 ^ hash/CA2/S1/_00_/A (sky130_fd_sc_hd__xor3_1)
     1    0.01    0.10    0.44    1.80 v hash/CA2/S1/_00_/X (sky130_fd_sc_hd__xor3_1)
                                         hash/CA2/s1[0] (net)
                  0.10    0.00    1.80 v hash/CA2/_2242_/B (sky130_fd_sc_hd__ha_4)
     3    0.02    0.04    0.19    2.00 v hash/CA2/_2242_/COUT (sky130_fd_sc_hd__ha_4)
                                         hash/CA2/_0615_ (net)
                  0.04    0.00    2.00 v hash/CA2/_2147_/CIN (sky130_fd_sc_hd__fa_2)
     2    0.01    0.08    0.35    2.34 v hash/CA2/_2147_/COUT (sky130_fd_sc_hd__fa_2)
                                         hash/CA2/_0617_ (net)
                  0.08    0.00    2.34 v hash/CA2/_1225_/A2 (sky130_fd_sc_hd__a21o_1)
     1    0.01    0.04    0.20    2.54 v hash/CA2/_1225_/X (sky130_fd_sc_hd__a21o_1)
                                         hash/CA2/_0525_ (net)
                  0.04    0.00    2.54 v hash/CA2/_1226_/A1 (sky130_fd_sc_hd__a21oi_2)
     3    0.01    0.19    0.20    2.74 ^ hash/CA2/_1226_/Y (sky130_fd_sc_hd__a21oi_2)
                                         hash/CA2/_0526_ (net)
                  0.19    0.00    2.74 ^ hash/CA2/_1758_/A1 (sky130_fd_sc_hd__o21bai_1)
     1    0.00    0.07    0.11    2.85 v hash/CA2/_1758_/Y (sky130_fd_sc_hd__o21bai_1)
                                         hash/CA2/_0231_ (net)
                  0.07    0.00    2.85 v hash/CA2/_1759_/A1 (sky130_fd_sc_hd__a21oi_2)
     1    0.01    0.16    0.18    3.03 ^ hash/CA2/_1759_/Y (sky130_fd_sc_hd__a21oi_2)
                                         hash/CA2/_0232_ (net)
                  0.16    0.00    3.03 ^ hash/CA2/_1760_/A (sky130_fd_sc_hd__xnor2_2)
     2    0.02    0.10    0.13    3.16 v hash/CA2/_1760_/Y (sky130_fd_sc_hd__xnor2_2)
                                         hash/CA2/_0669_ (net)
                  0.10    0.00    3.16 v hash/CA2/_2254_/A (sky130_fd_sc_hd__ha_2)
     3    0.01    0.05    0.21    3.38 v hash/CA2/_2254_/COUT (sky130_fd_sc_hd__ha_2)
                                         hash/CA2/_0961_ (net)
                  0.05    0.00    3.38 v hash/CA2/_2003_/C (sky130_fd_sc_hd__or4_4)
     1    0.01    0.09    0.48    3.86 v hash/CA2/_2003_/X (sky130_fd_sc_hd__or4_4)
                                         hash/CA2/_0409_ (net)
                  0.09    0.00    3.86 v hash/CA2/_2004_/B1 (sky130_fd_sc_hd__a311oi_2)
     1    0.01    0.27    0.31    4.17 ^ hash/CA2/_2004_/Y (sky130_fd_sc_hd__a311oi_2)
                                         hash/CA2/_0410_ (net)
                  0.27    0.00    4.17 ^ hash/CA2/_2005_/C1 (sky130_fd_sc_hd__a211oi_2)
     3    0.01    0.10    0.11    4.27 v hash/CA2/_2005_/Y (sky130_fd_sc_hd__a211oi_2)
                                         hash/CA2/_0411_ (net)
                  0.10    0.00    4.27 v hash/CA2/_2047_/A1 (sky130_fd_sc_hd__o211ai_1)
     2    0.01    0.30    0.31    4.59 ^ hash/CA2/_2047_/Y (sky130_fd_sc_hd__o211ai_1)
                                         hash/CA2/_0445_ (net)
                  0.30    0.00    4.59 ^ hash/CA2/_2063_/A2 (sky130_fd_sc_hd__a21oi_1)
     1    0.01    0.09    0.14    4.73 v hash/CA2/_2063_/Y (sky130_fd_sc_hd__a21oi_1)
                                         hash/CA2/_0459_ (net)
                  0.09    0.00    4.73 v hash/CA2/_2064_/B1 (sky130_fd_sc_hd__a211o_4)
     4    0.02    0.08    0.36    5.09 v hash/CA2/_2064_/X (sky130_fd_sc_hd__a211o_4)
                                         hash/CA2/_0460_ (net)
                  0.08    0.00    5.09 v hash/CA2/_2086_/A1 (sky130_fd_sc_hd__a311o_1)
     1    0.00    0.06    0.28    5.37 v hash/CA2/_2086_/X (sky130_fd_sc_hd__a311o_1)
                                         hash/CA2/_0478_ (net)
                  0.06    0.00    5.37 v hash/CA2/_2087_/A1 (sky130_fd_sc_hd__a21oi_2)
     1    0.01    0.12    0.14    5.51 ^ hash/CA2/_2087_/Y (sky130_fd_sc_hd__a21oi_2)
                                         hash/CA2/_0479_ (net)
                  0.12    0.00    5.51 ^ hash/CA2/_2088_/A (sky130_fd_sc_hd__xnor2_1)
     1    0.01    0.07    0.10    5.62 v hash/CA2/_2088_/Y (sky130_fd_sc_hd__xnor2_1)
                                         hash/e_new[25] (net)
                  0.07    0.00    5.62 v hash/_3540_/A0 (sky130_fd_sc_hd__mux2_8)
     6    0.06    0.10    0.37    5.99 v hash/_3540_/X (sky130_fd_sc_hd__mux2_8)
                                         hash/e[25] (net)
                  0.10    0.00    5.99 v hash/CA1/S1/_00_/B (sky130_fd_sc_hd__xor3_1)
     1    0.01    0.10    0.33    6.32 ^ hash/CA1/S1/_00_/X (sky130_fd_sc_hd__xor3_1)
                                         hash/CA1/s1[0] (net)
                  0.10    0.00    6.32 ^ hash/CA1/_3621_/B (sky130_fd_sc_hd__ha_2)
     3    0.01    0.09    0.22    6.54 ^ hash/CA1/_3621_/COUT (sky130_fd_sc_hd__ha_2)
                                         hash/CA1/_1631_ (net)
                  0.09    0.00    6.54 ^ hash/CA1/_2333_/A (sky130_fd_sc_hd__inv_2)
     1    0.01    0.04    0.05    6.59 v hash/CA1/_2333_/Y (sky130_fd_sc_hd__inv_2)
                                         hash/CA1/_1056_ (net)
                  0.04    0.00    6.59 v hash/CA1/_3433_/A (sky130_fd_sc_hd__fa_2)
     2    0.01    0.09    0.41    7.00 v hash/CA1/_3433_/COUT (sky130_fd_sc_hd__fa_2)
                                         hash/CA1/_1058_ (net)
                  0.09    0.00    7.00 v hash/CA1/_1984_/A (sky130_fd_sc_hd__nor2b_1)
     1    0.01    0.14    0.16    7.16 ^ hash/CA1/_1984_/Y (sky130_fd_sc_hd__nor2b_1)
                                         hash/CA1/_0005_ (net)
                  0.14    0.00    7.16 ^ hash/CA1/_1985_/A2 (sky130_fd_sc_hd__o21ai_2)
     1    0.01    0.07    0.09    7.25 v hash/CA1/_1985_/Y (sky130_fd_sc_hd__o21ai_2)
                                         hash/CA1/_0006_ (net)
                  0.07    0.00    7.25 v hash/CA1/_1986_/B (sky130_fd_sc_hd__nand2b_4)
     2    0.02    0.08    0.10    7.35 ^ hash/CA1/_1986_/Y (sky130_fd_sc_hd__nand2b_4)
                                         hash/CA1/_0007_ (net)
                  0.08    0.00    7.35 ^ hash/CA1/_2009_/A2 (sky130_fd_sc_hd__a21oi_4)
     3    0.01    0.05    0.07    7.42 v hash/CA1/_2009_/Y (sky130_fd_sc_hd__a21oi_4)
                                         hash/CA1/_0021_ (net)
                  0.05    0.00    7.42 v hash/CA1/_2071_/A1 (sky130_fd_sc_hd__o211a_4)
     1    0.01    0.05    0.26    7.68 v hash/CA1/_2071_/X (sky130_fd_sc_hd__o211a_4)
                                         hash/CA1/_0065_ (net)
                  0.05    0.00    7.68 v hash/CA1/_2074_/B (sky130_fd_sc_hd__nor2_4)
     3    0.02    0.16    0.15    7.83 ^ hash/CA1/_2074_/Y (sky130_fd_sc_hd__nor2_4)
                                         hash/CA1/_0068_ (net)
                  0.16    0.00    7.83 ^ hash/CA1/_2133_/A2 (sky130_fd_sc_hd__a41oi_2)
     2    0.01    0.16    0.18    8.02 v hash/CA1/_2133_/Y (sky130_fd_sc_hd__a41oi_2)
                                         hash/CA1/_0111_ (net)
                  0.16    0.00    8.02 v hash/CA1/_2134_/A (sky130_fd_sc_hd__xnor2_2)
     2    0.02    0.31    0.33    8.35 ^ hash/CA1/_2134_/Y (sky130_fd_sc_hd__xnor2_2)
                                         hash/CA1/_1311_ (net)
                  0.31    0.00    8.35 ^ hash/CA1/_2135_/A (sky130_fd_sc_hd__clkinv_2)
     1    0.01    0.08    0.10    8.45 v hash/CA1/_2135_/Y (sky130_fd_sc_hd__clkinv_2)
                                         hash/CA1/_1133_ (net)
                  0.08    0.00    8.45 v hash/CA1/_3449_/B (sky130_fd_sc_hd__fa_1)
     1    0.00    0.06    0.51    8.96 ^ hash/CA1/_3449_/SUM (sky130_fd_sc_hd__fa_1)
                                         hash/CA1/_1136_ (net)
                  0.06    0.00    8.96 ^ hash/CA1/_2380_/A (sky130_fd_sc_hd__inv_1)
     1    0.01    0.05    0.06    9.02 v hash/CA1/_2380_/Y (sky130_fd_sc_hd__inv_1)
                                         hash/CA1/_1755_ (net)
                  0.05    0.00    9.02 v hash/CA1/_3668_/B (sky130_fd_sc_hd__ha_4)
     6    0.03    0.07    0.25    9.28 v hash/CA1/_3668_/SUM (sky130_fd_sc_hd__ha_4)
                                         hash/CA1/_1757_ (net)
                  0.07    0.00    9.28 v hash/CA1/_3125_/A2 (sky130_fd_sc_hd__a21oi_4)
     2    0.01    0.11    0.16    9.44 ^ hash/CA1/_3125_/Y (sky130_fd_sc_hd__a21oi_4)
                                         hash/CA1/_0762_ (net)
                  0.11    0.00    9.44 ^ hash/CA1/_3132_/A2 (sky130_fd_sc_hd__o21bai_1)
     1    0.00    0.05    0.08    9.51 v hash/CA1/_3132_/Y (sky130_fd_sc_hd__o21bai_1)
                                         hash/CA1/_0767_ (net)
                  0.05    0.00    9.51 v hash/CA1/_3133_/A2 (sky130_fd_sc_hd__a21o_1)
     2    0.01    0.05    0.20    9.71 v hash/CA1/_3133_/X (sky130_fd_sc_hd__a21o_1)
                                         hash/CA1/_0768_ (net)
                  0.05    0.00    9.71 v hash/CA1/_3143_/A2 (sky130_fd_sc_hd__a21o_1)
     1    0.00    0.04    0.19    9.89 v hash/CA1/_3143_/X (sky130_fd_sc_hd__a21o_1)
                                         hash/CA1/_0776_ (net)
                  0.04    0.00    9.89 v hash/CA1/_3144_/A1 (sky130_fd_sc_hd__a21oi_2)
     2    0.01    0.17    0.18   10.07 ^ hash/CA1/_3144_/Y (sky130_fd_sc_hd__a21oi_2)
                                         hash/CA1/_0777_ (net)
                  0.17    0.00   10.07 ^ hash/CA1/_3172_/A2 (sky130_fd_sc_hd__o21ai_2)
     1    0.01    0.07    0.09   10.16 v hash/CA1/_3172_/Y (sky130_fd_sc_hd__o21ai_2)
                                         hash/CA1/_0801_ (net)
                  0.07    0.00   10.16 v hash/CA1/_3173_/B1 (sky130_fd_sc_hd__a21oi_4)
     2    0.02    0.19    0.19   10.35 ^ hash/CA1/_3173_/Y (sky130_fd_sc_hd__a21oi_4)
                                         hash/CA1/_0802_ (net)
                  0.19    0.00   10.35 ^ hash/CA1/_3188_/A2 (sky130_fd_sc_hd__o21ai_4)
     4    0.02    0.09    0.10   10.45 v hash/CA1/_3188_/Y (sky130_fd_sc_hd__o21ai_4)
                                         hash/CA1/_0815_ (net)
                  0.09    0.00   10.45 v hash/CA1/_3194_/A1 (sky130_fd_sc_hd__a2111o_1)
     1    0.00    0.06    0.38   10.83 v hash/CA1/_3194_/X (sky130_fd_sc_hd__a2111o_1)
                                         hash/CA1/_0819_ (net)
                  0.06    0.00   10.83 v hash/CA1/_3199_/A (sky130_fd_sc_hd__nand3_1)
     1    0.00    0.07    0.08   10.90 ^ hash/CA1/_3199_/Y (sky130_fd_sc_hd__nand3_1)
                                         hash/p3[29] (net)
                  0.07    0.00   10.90 ^ hash/p3_cap[29]$_DFF_P_/D (sky130_fd_sc_hd__dfxtp_1)
                                 10.90   data arrival time

                         10.00   10.00   clock core_clock (rise edge)
                          0.00   10.00   clock source latency
     1    0.16    0.00    0.00   10.00 ^ clk (in)
                                         clk (net)
                  0.01    0.01   10.01 ^ clkbuf_0_clk/A (sky130_fd_sc_hd__clkbuf_16)
     4    0.20    0.21    0.24   10.25 ^ clkbuf_0_clk/X (sky130_fd_sc_hd__clkbuf_16)
                                         clknet_0_clk (net)
                  0.21    0.00   10.25 ^ clkbuf_2_1_0_clk/A (sky130_fd_sc_hd__clkbuf_16)
     8    0.20    0.21    0.31   10.56 ^ clkbuf_2_1_0_clk/X (sky130_fd_sc_hd__clkbuf_16)
                                         clknet_2_1_0_clk (net)
                  0.21    0.00   10.56 ^ clkbuf_5_12__f_clk/A (sky130_fd_sc_hd__clkbuf_16)
     6    0.11    0.12    0.25   10.81 ^ clkbuf_5_12__f_clk/X (sky130_fd_sc_hd__clkbuf_16)
                                         clknet_5_12__leaf_clk (net)
                  0.12    0.00   10.81 ^ clkbuf_leaf_197_clk/A (sky130_fd_sc_hd__clkbuf_16)
    10    0.03    0.05    0.16   10.97 ^ clkbuf_leaf_197_clk/X (sky130_fd_sc_hd__clkbuf_16)
                                         clknet_leaf_197_clk (net)
                  0.05    0.00   10.97 ^ hash/p3_cap[29]$_DFF_P_/CLK (sky130_fd_sc_hd__dfxtp_1)
                          0.00   10.97   clock reconvergence pessimism
                         -0.06   10.91   library setup time
                                 10.91   data required time
-----------------------------------------------------------------------------
                                 10.91   data required time
                                -10.90   data arrival time
-----------------------------------------------------------------------------
                                  0.01   slack (MET)



==========================================================================
cts final report_checks -unconstrained
--------------------------------------------------------------------------
Startpoint: hash/p2_cap[25]$_DFF_P_
            (rising edge-triggered flip-flop clocked by core_clock)
Endpoint: hash/p3_cap[29]$_DFF_P_
          (rising edge-triggered flip-flop clocked by core_clock)
Path Group: core_clock
Path Type: max

Fanout     Cap    Slew   Delay    Time   Description
-----------------------------------------------------------------------------
                          0.00    0.00   clock core_clock (rise edge)
                          0.00    0.00   clock source latency
     1    0.16    0.00    0.00    0.00 ^ clk (in)
                                         clk (net)
                  0.01    0.01    0.01 ^ clkbuf_0_clk/A (sky130_fd_sc_hd__clkbuf_16)
     4    0.20    0.21    0.24    0.25 ^ clkbuf_0_clk/X (sky130_fd_sc_hd__clkbuf_16)
                                         clknet_0_clk (net)
                  0.21    0.00    0.25 ^ clkbuf_2_3_0_clk/A (sky130_fd_sc_hd__clkbuf_16)
     8    0.20    0.21    0.31    0.56 ^ clkbuf_2_3_0_clk/X (sky130_fd_sc_hd__clkbuf_16)
                                         clknet_2_3_0_clk (net)
                  0.21    0.00    0.56 ^ clkbuf_5_26__f_clk/A (sky130_fd_sc_hd__clkbuf_16)
     7    0.15    0.17    0.28    0.84 ^ clkbuf_5_26__f_clk/X (sky130_fd_sc_hd__clkbuf_16)
                                         clknet_5_26__leaf_clk (net)
                  0.17    0.00    0.84 ^ clkbuf_leaf_185_clk/A (sky130_fd_sc_hd__clkbuf_16)
    11    0.04    0.06    0.18    1.02 ^ clkbuf_leaf_185_clk/X (sky130_fd_sc_hd__clkbuf_16)
                                         clknet_leaf_185_clk (net)
                  0.06    0.00    1.02 ^ hash/p2_cap[25]$_DFF_P_/CLK (sky130_fd_sc_hd__dfxtp_4)
     2    0.01    0.04    0.34    1.36 ^ hash/p2_cap[25]$_DFF_P_/Q (sky130_fd_sc_hd__dfxtp_4)
                                         hash/p2_cap[25] (net)
                  0.04    0.00    1.36 ^ hash/CA2/S1/_00_/A (sky130_fd_sc_hd__xor3_1)
     1    0.01    0.10    0.44    1.80 v hash/CA2/S1/_00_/X (sky130_fd_sc_hd__xor3_1)
                                         hash/CA2/s1[0] (net)
                  0.10    0.00    1.80 v hash/CA2/_2242_/B (sky130_fd_sc_hd__ha_4)
     3    0.02    0.04    0.19    2.00 v hash/CA2/_2242_/COUT (sky130_fd_sc_hd__ha_4)
                                         hash/CA2/_0615_ (net)
                  0.04    0.00    2.00 v hash/CA2/_2147_/CIN (sky130_fd_sc_hd__fa_2)
     2    0.01    0.08    0.35    2.34 v hash/CA2/_2147_/COUT (sky130_fd_sc_hd__fa_2)
                                         hash/CA2/_0617_ (net)
                  0.08    0.00    2.34 v hash/CA2/_1225_/A2 (sky130_fd_sc_hd__a21o_1)
     1    0.01    0.04    0.20    2.54 v hash/CA2/_1225_/X (sky130_fd_sc_hd__a21o_1)
                                         hash/CA2/_0525_ (net)
                  0.04    0.00    2.54 v hash/CA2/_1226_/A1 (sky130_fd_sc_hd__a21oi_2)
     3    0.01    0.19    0.20    2.74 ^ hash/CA2/_1226_/Y (sky130_fd_sc_hd__a21oi_2)
                                         hash/CA2/_0526_ (net)
                  0.19    0.00    2.74 ^ hash/CA2/_1758_/A1 (sky130_fd_sc_hd__o21bai_1)
     1    0.00    0.07    0.11    2.85 v hash/CA2/_1758_/Y (sky130_fd_sc_hd__o21bai_1)
                                         hash/CA2/_0231_ (net)
                  0.07    0.00    2.85 v hash/CA2/_1759_/A1 (sky130_fd_sc_hd__a21oi_2)
     1    0.01    0.16    0.18    3.03 ^ hash/CA2/_1759_/Y (sky130_fd_sc_hd__a21oi_2)
                                         hash/CA2/_0232_ (net)
                  0.16    0.00    3.03 ^ hash/CA2/_1760_/A (sky130_fd_sc_hd__xnor2_2)
     2    0.02    0.10    0.13    3.16 v hash/CA2/_1760_/Y (sky130_fd_sc_hd__xnor2_2)
                                         hash/CA2/_0669_ (net)
                  0.10    0.00    3.16 v hash/CA2/_2254_/A (sky130_fd_sc_hd__ha_2)
     3    0.01    0.05    0.21    3.38 v hash/CA2/_2254_/COUT (sky130_fd_sc_hd__ha_2)
                                         hash/CA2/_0961_ (net)
                  0.05    0.00    3.38 v hash/CA2/_2003_/C (sky130_fd_sc_hd__or4_4)
     1    0.01    0.09    0.48    3.86 v hash/CA2/_2003_/X (sky130_fd_sc_hd__or4_4)
                                         hash/CA2/_0409_ (net)
                  0.09    0.00    3.86 v hash/CA2/_2004_/B1 (sky130_fd_sc_hd__a311oi_2)
     1    0.01    0.27    0.31    4.17 ^ hash/CA2/_2004_/Y (sky130_fd_sc_hd__a311oi_2)
                                         hash/CA2/_0410_ (net)
                  0.27    0.00    4.17 ^ hash/CA2/_2005_/C1 (sky130_fd_sc_hd__a211oi_2)
     3    0.01    0.10    0.11    4.27 v hash/CA2/_2005_/Y (sky130_fd_sc_hd__a211oi_2)
                                         hash/CA2/_0411_ (net)
                  0.10    0.00    4.27 v hash/CA2/_2047_/A1 (sky130_fd_sc_hd__o211ai_1)
     2    0.01    0.30    0.31    4.59 ^ hash/CA2/_2047_/Y (sky130_fd_sc_hd__o211ai_1)
                                         hash/CA2/_0445_ (net)
                  0.30    0.00    4.59 ^ hash/CA2/_2063_/A2 (sky130_fd_sc_hd__a21oi_1)
     1    0.01    0.09    0.14    4.73 v hash/CA2/_2063_/Y (sky130_fd_sc_hd__a21oi_1)
                                         hash/CA2/_0459_ (net)
                  0.09    0.00    4.73 v hash/CA2/_2064_/B1 (sky130_fd_sc_hd__a211o_4)
     4    0.02    0.08    0.36    5.09 v hash/CA2/_2064_/X (sky130_fd_sc_hd__a211o_4)
                                         hash/CA2/_0460_ (net)
                  0.08    0.00    5.09 v hash/CA2/_2086_/A1 (sky130_fd_sc_hd__a311o_1)
     1    0.00    0.06    0.28    5.37 v hash/CA2/_2086_/X (sky130_fd_sc_hd__a311o_1)
                                         hash/CA2/_0478_ (net)
                  0.06    0.00    5.37 v hash/CA2/_2087_/A1 (sky130_fd_sc_hd__a21oi_2)
     1    0.01    0.12    0.14    5.51 ^ hash/CA2/_2087_/Y (sky130_fd_sc_hd__a21oi_2)
                                         hash/CA2/_0479_ (net)
                  0.12    0.00    5.51 ^ hash/CA2/_2088_/A (sky130_fd_sc_hd__xnor2_1)
     1    0.01    0.07    0.10    5.62 v hash/CA2/_2088_/Y (sky130_fd_sc_hd__xnor2_1)
                                         hash/e_new[25] (net)
                  0.07    0.00    5.62 v hash/_3540_/A0 (sky130_fd_sc_hd__mux2_8)
     6    0.06    0.10    0.37    5.99 v hash/_3540_/X (sky130_fd_sc_hd__mux2_8)
                                         hash/e[25] (net)
                  0.10    0.00    5.99 v hash/CA1/S1/_00_/B (sky130_fd_sc_hd__xor3_1)
     1    0.01    0.10    0.33    6.32 ^ hash/CA1/S1/_00_/X (sky130_fd_sc_hd__xor3_1)
                                         hash/CA1/s1[0] (net)
                  0.10    0.00    6.32 ^ hash/CA1/_3621_/B (sky130_fd_sc_hd__ha_2)
     3    0.01    0.09    0.22    6.54 ^ hash/CA1/_3621_/COUT (sky130_fd_sc_hd__ha_2)
                                         hash/CA1/_1631_ (net)
                  0.09    0.00    6.54 ^ hash/CA1/_2333_/A (sky130_fd_sc_hd__inv_2)
     1    0.01    0.04    0.05    6.59 v hash/CA1/_2333_/Y (sky130_fd_sc_hd__inv_2)
                                         hash/CA1/_1056_ (net)
                  0.04    0.00    6.59 v hash/CA1/_3433_/A (sky130_fd_sc_hd__fa_2)
     2    0.01    0.09    0.41    7.00 v hash/CA1/_3433_/COUT (sky130_fd_sc_hd__fa_2)
                                         hash/CA1/_1058_ (net)
                  0.09    0.00    7.00 v hash/CA1/_1984_/A (sky130_fd_sc_hd__nor2b_1)
     1    0.01    0.14    0.16    7.16 ^ hash/CA1/_1984_/Y (sky130_fd_sc_hd__nor2b_1)
                                         hash/CA1/_0005_ (net)
                  0.14    0.00    7.16 ^ hash/CA1/_1985_/A2 (sky130_fd_sc_hd__o21ai_2)
     1    0.01    0.07    0.09    7.25 v hash/CA1/_1985_/Y (sky130_fd_sc_hd__o21ai_2)
                                         hash/CA1/_0006_ (net)
                  0.07    0.00    7.25 v hash/CA1/_1986_/B (sky130_fd_sc_hd__nand2b_4)
     2    0.02    0.08    0.10    7.35 ^ hash/CA1/_1986_/Y (sky130_fd_sc_hd__nand2b_4)
                                         hash/CA1/_0007_ (net)
                  0.08    0.00    7.35 ^ hash/CA1/_2009_/A2 (sky130_fd_sc_hd__a21oi_4)
     3    0.01    0.05    0.07    7.42 v hash/CA1/_2009_/Y (sky130_fd_sc_hd__a21oi_4)
                                         hash/CA1/_0021_ (net)
                  0.05    0.00    7.42 v hash/CA1/_2071_/A1 (sky130_fd_sc_hd__o211a_4)
     1    0.01    0.05    0.26    7.68 v hash/CA1/_2071_/X (sky130_fd_sc_hd__o211a_4)
                                         hash/CA1/_0065_ (net)
                  0.05    0.00    7.68 v hash/CA1/_2074_/B (sky130_fd_sc_hd__nor2_4)
     3    0.02    0.16    0.15    7.83 ^ hash/CA1/_2074_/Y (sky130_fd_sc_hd__nor2_4)
                                         hash/CA1/_0068_ (net)
                  0.16    0.00    7.83 ^ hash/CA1/_2133_/A2 (sky130_fd_sc_hd__a41oi_2)
     2    0.01    0.16    0.18    8.02 v hash/CA1/_2133_/Y (sky130_fd_sc_hd__a41oi_2)
                                         hash/CA1/_0111_ (net)
                  0.16    0.00    8.02 v hash/CA1/_2134_/A (sky130_fd_sc_hd__xnor2_2)
     2    0.02    0.31    0.33    8.35 ^ hash/CA1/_2134_/Y (sky130_fd_sc_hd__xnor2_2)
                                         hash/CA1/_1311_ (net)
                  0.31    0.00    8.35 ^ hash/CA1/_2135_/A (sky130_fd_sc_hd__clkinv_2)
     1    0.01    0.08    0.10    8.45 v hash/CA1/_2135_/Y (sky130_fd_sc_hd__clkinv_2)
                                         hash/CA1/_1133_ (net)
                  0.08    0.00    8.45 v hash/CA1/_3449_/B (sky130_fd_sc_hd__fa_1)
     1    0.00    0.06    0.51    8.96 ^ hash/CA1/_3449_/SUM (sky130_fd_sc_hd__fa_1)
                                         hash/CA1/_1136_ (net)
                  0.06    0.00    8.96 ^ hash/CA1/_2380_/A (sky130_fd_sc_hd__inv_1)
     1    0.01    0.05    0.06    9.02 v hash/CA1/_2380_/Y (sky130_fd_sc_hd__inv_1)
                                         hash/CA1/_1755_ (net)
                  0.05    0.00    9.02 v hash/CA1/_3668_/B (sky130_fd_sc_hd__ha_4)
     6    0.03    0.07    0.25    9.28 v hash/CA1/_3668_/SUM (sky130_fd_sc_hd__ha_4)
                                         hash/CA1/_1757_ (net)
                  0.07    0.00    9.28 v hash/CA1/_3125_/A2 (sky130_fd_sc_hd__a21oi_4)
     2    0.01    0.11    0.16    9.44 ^ hash/CA1/_3125_/Y (sky130_fd_sc_hd__a21oi_4)
                                         hash/CA1/_0762_ (net)
                  0.11    0.00    9.44 ^ hash/CA1/_3132_/A2 (sky130_fd_sc_hd__o21bai_1)
     1    0.00    0.05    0.08    9.51 v hash/CA1/_3132_/Y (sky130_fd_sc_hd__o21bai_1)
                                         hash/CA1/_0767_ (net)
                  0.05    0.00    9.51 v hash/CA1/_3133_/A2 (sky130_fd_sc_hd__a21o_1)
     2    0.01    0.05    0.20    9.71 v hash/CA1/_3133_/X (sky130_fd_sc_hd__a21o_1)
                                         hash/CA1/_0768_ (net)
                  0.05    0.00    9.71 v hash/CA1/_3143_/A2 (sky130_fd_sc_hd__a21o_1)
     1    0.00    0.04    0.19    9.89 v hash/CA1/_3143_/X (sky130_fd_sc_hd__a21o_1)
                                         hash/CA1/_0776_ (net)
                  0.04    0.00    9.89 v hash/CA1/_3144_/A1 (sky130_fd_sc_hd__a21oi_2)
     2    0.01    0.17    0.18   10.07 ^ hash/CA1/_3144_/Y (sky130_fd_sc_hd__a21oi_2)
                                         hash/CA1/_0777_ (net)
                  0.17    0.00   10.07 ^ hash/CA1/_3172_/A2 (sky130_fd_sc_hd__o21ai_2)
     1    0.01    0.07    0.09   10.16 v hash/CA1/_3172_/Y (sky130_fd_sc_hd__o21ai_2)
                                         hash/CA1/_0801_ (net)
                  0.07    0.00   10.16 v hash/CA1/_3173_/B1 (sky130_fd_sc_hd__a21oi_4)
     2    0.02    0.19    0.19   10.35 ^ hash/CA1/_3173_/Y (sky130_fd_sc_hd__a21oi_4)
                                         hash/CA1/_0802_ (net)
                  0.19    0.00   10.35 ^ hash/CA1/_3188_/A2 (sky130_fd_sc_hd__o21ai_4)
     4    0.02    0.09    0.10   10.45 v hash/CA1/_3188_/Y (sky130_fd_sc_hd__o21ai_4)
                                         hash/CA1/_0815_ (net)
                  0.09    0.00   10.45 v hash/CA1/_3194_/A1 (sky130_fd_sc_hd__a2111o_1)
     1    0.00    0.06    0.38   10.83 v hash/CA1/_3194_/X (sky130_fd_sc_hd__a2111o_1)
                                         hash/CA1/_0819_ (net)
                  0.06    0.00   10.83 v hash/CA1/_3199_/A (sky130_fd_sc_hd__nand3_1)
     1    0.00    0.07    0.08   10.90 ^ hash/CA1/_3199_/Y (sky130_fd_sc_hd__nand3_1)
                                         hash/p3[29] (net)
                  0.07    0.00   10.90 ^ hash/p3_cap[29]$_DFF_P_/D (sky130_fd_sc_hd__dfxtp_1)
                                 10.90   data arrival time

                         10.00   10.00   clock core_clock (rise edge)
                          0.00   10.00   clock source latency
     1    0.16    0.00    0.00   10.00 ^ clk (in)
                                         clk (net)
                  0.01    0.01   10.01 ^ clkbuf_0_clk/A (sky130_fd_sc_hd__clkbuf_16)
     4    0.20    0.21    0.24   10.25 ^ clkbuf_0_clk/X (sky130_fd_sc_hd__clkbuf_16)
                                         clknet_0_clk (net)
                  0.21    0.00   10.25 ^ clkbuf_2_1_0_clk/A (sky130_fd_sc_hd__clkbuf_16)
     8    0.20    0.21    0.31   10.56 ^ clkbuf_2_1_0_clk/X (sky130_fd_sc_hd__clkbuf_16)
                                         clknet_2_1_0_clk (net)
                  0.21    0.00   10.56 ^ clkbuf_5_12__f_clk/A (sky130_fd_sc_hd__clkbuf_16)
     6    0.11    0.12    0.25   10.81 ^ clkbuf_5_12__f_clk/X (sky130_fd_sc_hd__clkbuf_16)
                                         clknet_5_12__leaf_clk (net)
                  0.12    0.00   10.81 ^ clkbuf_leaf_197_clk/A (sky130_fd_sc_hd__clkbuf_16)
    10    0.03    0.05    0.16   10.97 ^ clkbuf_leaf_197_clk/X (sky130_fd_sc_hd__clkbuf_16)
                                         clknet_leaf_197_clk (net)
                  0.05    0.00   10.97 ^ hash/p3_cap[29]$_DFF_P_/CLK (sky130_fd_sc_hd__dfxtp_1)
                          0.00   10.97   clock reconvergence pessimism
                         -0.06   10.91   library setup time
                                 10.91   data required time
-----------------------------------------------------------------------------
                                 10.91   data required time
                                -10.90   data arrival time
-----------------------------------------------------------------------------
                                  0.01   slack (MET)



==========================================================================
cts final report_check_types -max_slew -max_cap -max_fanout -violators
--------------------------------------------------------------------------
max slew

Pin                                    Limit    Slew   Slack
------------------------------------------------------------
count7_1[4]$_SDFF_PP0_/Q                1.50    1.51   -0.02 (VIOLATED)
_17144_/S1                              1.50    1.51   -0.01 (VIOLATED)
_16985_/S1                              1.50    1.51   -0.01 (VIOLATED)
_17150_/S1                              1.50    1.51   -0.01 (VIOLATED)
_16992_/S1                              1.50    1.51   -0.01 (VIOLATED)
_17130_/S1                              1.50    1.51   -0.01 (VIOLATED)
_17137_/S1                              1.50    1.51   -0.01 (VIOLATED)
_17163_/S1                              1.50    1.51   -0.01 (VIOLATED)
_17198_/S1                              1.50    1.51   -0.01 (VIOLATED)
_17044_/S1                              1.50    1.51   -0.01 (VIOLATED)
_17187_/S1                              1.50    1.51   -0.01 (VIOLATED)
_17019_/S1                              1.50    1.51   -0.01 (VIOLATED)
_16925_/S1                              1.50    1.51   -0.01 (VIOLATED)
_10683_/B                               1.50    1.51   -0.01 (VIOLATED)
_17109_/S1                              1.50    1.51   -0.01 (VIOLATED)

max capacitance

Pin                                    Limit     Cap   Slack
------------------------------------------------------------
count7_1[4]$_SDFF_PP0_/Q                0.16    0.16   -0.00 (VIOLATED)


==========================================================================
cts final max_slew_check_slack
--------------------------------------------------------------------------
-0.01513145212084055

==========================================================================
cts final max_slew_check_limit
--------------------------------------------------------------------------
1.4979510307312012

==========================================================================
cts final max_slew_check_slack_limit
--------------------------------------------------------------------------
-0.0101

==========================================================================
cts final max_fanout_check_slack
--------------------------------------------------------------------------
1.0000000150474662e+30

==========================================================================
cts final max_fanout_check_limit
--------------------------------------------------------------------------
1.0000000150474662e+30

==========================================================================
cts final max_capacitance_check_slack
--------------------------------------------------------------------------
-0.0022342426236718893

==========================================================================
cts final max_capacitance_check_limit
--------------------------------------------------------------------------
0.1620579957962036

==========================================================================
cts final max_capacitance_check_slack_limit
--------------------------------------------------------------------------
-0.0138

==========================================================================
cts final max_slew_violation_count
--------------------------------------------------------------------------
max slew violation count 15

==========================================================================
cts final max_fanout_violation_count
--------------------------------------------------------------------------
max fanout violation count 0

==========================================================================
cts final max_cap_violation_count
--------------------------------------------------------------------------
max cap violation count 1

==========================================================================
cts final setup_violation_count
--------------------------------------------------------------------------
setup violation count 0

==========================================================================
cts final hold_violation_count
--------------------------------------------------------------------------
hold violation count 0

==========================================================================
cts final report_checks -path_delay max reg to reg
--------------------------------------------------------------------------
Startpoint: hash/p2_cap[25]$_DFF_P_
            (rising edge-triggered flip-flop clocked by core_clock)
Endpoint: hash/p3_cap[29]$_DFF_P_
          (rising edge-triggered flip-flop clocked by core_clock)
Path Group: core_clock
Path Type: max

  Delay    Time   Description
---------------------------------------------------------
   0.00    0.00   clock core_clock (rise edge)
   0.00    0.00   clock source latency
   0.00    0.00 ^ clk (in)
   0.25    0.25 ^ clkbuf_0_clk/X (sky130_fd_sc_hd__clkbuf_16)
   0.31    0.56 ^ clkbuf_2_3_0_clk/X (sky130_fd_sc_hd__clkbuf_16)
   0.28    0.84 ^ clkbuf_5_26__f_clk/X (sky130_fd_sc_hd__clkbuf_16)
   0.18    1.02 ^ clkbuf_leaf_185_clk/X (sky130_fd_sc_hd__clkbuf_16)
   0.00    1.02 ^ hash/p2_cap[25]$_DFF_P_/CLK (sky130_fd_sc_hd__dfxtp_4)
   0.34    1.36 ^ hash/p2_cap[25]$_DFF_P_/Q (sky130_fd_sc_hd__dfxtp_4)
   0.44    1.80 v hash/CA2/S1/_00_/X (sky130_fd_sc_hd__xor3_1)
   0.19    2.00 v hash/CA2/_2242_/COUT (sky130_fd_sc_hd__ha_4)
   0.35    2.34 v hash/CA2/_2147_/COUT (sky130_fd_sc_hd__fa_2)
   0.20    2.54 v hash/CA2/_1225_/X (sky130_fd_sc_hd__a21o_1)
   0.20    2.74 ^ hash/CA2/_1226_/Y (sky130_fd_sc_hd__a21oi_2)
   0.11    2.85 v hash/CA2/_1758_/Y (sky130_fd_sc_hd__o21bai_1)
   0.18    3.03 ^ hash/CA2/_1759_/Y (sky130_fd_sc_hd__a21oi_2)
   0.13    3.16 v hash/CA2/_1760_/Y (sky130_fd_sc_hd__xnor2_2)
   0.21    3.38 v hash/CA2/_2254_/COUT (sky130_fd_sc_hd__ha_2)
   0.48    3.86 v hash/CA2/_2003_/X (sky130_fd_sc_hd__or4_4)
   0.31    4.17 ^ hash/CA2/_2004_/Y (sky130_fd_sc_hd__a311oi_2)
   0.11    4.27 v hash/CA2/_2005_/Y (sky130_fd_sc_hd__a211oi_2)
   0.31    4.59 ^ hash/CA2/_2047_/Y (sky130_fd_sc_hd__o211ai_1)
   0.14    4.73 v hash/CA2/_2063_/Y (sky130_fd_sc_hd__a21oi_1)
   0.36    5.09 v hash/CA2/_2064_/X (sky130_fd_sc_hd__a211o_4)
   0.28    5.37 v hash/CA2/_2086_/X (sky130_fd_sc_hd__a311o_1)
   0.14    5.51 ^ hash/CA2/_2087_/Y (sky130_fd_sc_hd__a21oi_2)
   0.10    5.62 v hash/CA2/_2088_/Y (sky130_fd_sc_hd__xnor2_1)
   0.37    5.99 v hash/_3540_/X (sky130_fd_sc_hd__mux2_8)
   0.34    6.32 ^ hash/CA1/S1/_00_/X (sky130_fd_sc_hd__xor3_1)
   0.22    6.54 ^ hash/CA1/_3621_/COUT (sky130_fd_sc_hd__ha_2)
   0.05    6.59 v hash/CA1/_2333_/Y (sky130_fd_sc_hd__inv_2)
   0.41    7.00 v hash/CA1/_3433_/COUT (sky130_fd_sc_hd__fa_2)
   0.16    7.16 ^ hash/CA1/_1984_/Y (sky130_fd_sc_hd__nor2b_1)
   0.09    7.25 v hash/CA1/_1985_/Y (sky130_fd_sc_hd__o21ai_2)
   0.10    7.35 ^ hash/CA1/_1986_/Y (sky130_fd_sc_hd__nand2b_4)
   0.07    7.42 v hash/CA1/_2009_/Y (sky130_fd_sc_hd__a21oi_4)
   0.26    7.68 v hash/CA1/_2071_/X (sky130_fd_sc_hd__o211a_4)
   0.15    7.83 ^ hash/CA1/_2074_/Y (sky130_fd_sc_hd__nor2_4)
   0.18    8.02 v hash/CA1/_2133_/Y (sky130_fd_sc_hd__a41oi_2)
   0.33    8.35 ^ hash/CA1/_2134_/Y (sky130_fd_sc_hd__xnor2_2)
   0.10    8.45 v hash/CA1/_2135_/Y (sky130_fd_sc_hd__clkinv_2)
   0.51    8.96 ^ hash/CA1/_3449_/SUM (sky130_fd_sc_hd__fa_1)
   0.06    9.02 v hash/CA1/_2380_/Y (sky130_fd_sc_hd__inv_1)
   0.25    9.28 v hash/CA1/_3668_/SUM (sky130_fd_sc_hd__ha_4)
   0.16    9.44 ^ hash/CA1/_3125_/Y (sky130_fd_sc_hd__a21oi_4)
   0.08    9.51 v hash/CA1/_3132_/Y (sky130_fd_sc_hd__o21bai_1)
   0.20    9.71 v hash/CA1/_3133_/X (sky130_fd_sc_hd__a21o_1)
   0.19    9.89 v hash/CA1/_3143_/X (sky130_fd_sc_hd__a21o_1)
   0.18   10.07 ^ hash/CA1/_3144_/Y (sky130_fd_sc_hd__a21oi_2)
   0.09   10.16 v hash/CA1/_3172_/Y (sky130_fd_sc_hd__o21ai_2)
   0.19   10.35 ^ hash/CA1/_3173_/Y (sky130_fd_sc_hd__a21oi_4)
   0.10   10.45 v hash/CA1/_3188_/Y (sky130_fd_sc_hd__o21ai_4)
   0.38   10.83 v hash/CA1/_3194_/X (sky130_fd_sc_hd__a2111o_1)
   0.08   10.90 ^ hash/CA1/_3199_/Y (sky130_fd_sc_hd__nand3_1)
   0.00   10.90 ^ hash/p3_cap[29]$_DFF_P_/D (sky130_fd_sc_hd__dfxtp_1)
          10.90   data arrival time

  10.00   10.00   clock core_clock (rise edge)
   0.00   10.00   clock source latency
   0.00   10.00 ^ clk (in)
   0.25   10.25 ^ clkbuf_0_clk/X (sky130_fd_sc_hd__clkbuf_16)
   0.31   10.56 ^ clkbuf_2_1_0_clk/X (sky130_fd_sc_hd__clkbuf_16)
   0.25   10.81 ^ clkbuf_5_12__f_clk/X (sky130_fd_sc_hd__clkbuf_16)
   0.16   10.97 ^ clkbuf_leaf_197_clk/X (sky130_fd_sc_hd__clkbuf_16)
   0.00   10.97 ^ hash/p3_cap[29]$_DFF_P_/CLK (sky130_fd_sc_hd__dfxtp_1)
   0.00   10.97   clock reconvergence pessimism
  -0.06   10.91   library setup time
          10.91   data required time
---------------------------------------------------------
          10.91   data required time
         -10.90   data arrival time
---------------------------------------------------------
           0.01   slack (MET)



==========================================================================
cts final report_checks -path_delay min reg to reg
--------------------------------------------------------------------------
Startpoint: ready_dash$_SDFF_PP0_
            (rising edge-triggered flip-flop clocked by core_clock)
Endpoint: ready$_DFF_P_ (rising edge-triggered flip-flop clocked by core_clock)
Path Group: core_clock
Path Type: min

  Delay    Time   Description
---------------------------------------------------------
   0.00    0.00   clock core_clock (rise edge)
   0.00    0.00   clock source latency
   0.00    0.00 ^ clk (in)
   0.25    0.25 ^ clkbuf_0_clk/X (sky130_fd_sc_hd__clkbuf_16)
   0.31    0.56 ^ clkbuf_2_1_0_clk/X (sky130_fd_sc_hd__clkbuf_16)
   0.27    0.83 ^ clkbuf_5_13__f_clk/X (sky130_fd_sc_hd__clkbuf_16)
   0.18    1.01 ^ clkbuf_leaf_191_clk/X (sky130_fd_sc_hd__clkbuf_16)
   0.00    1.01 ^ ready_dash$_SDFF_PP0_/CLK (sky130_fd_sc_hd__dfxtp_1)
   0.30    1.31 ^ ready_dash$_SDFF_PP0_/Q (sky130_fd_sc_hd__dfxtp_1)
   0.00    1.31 ^ ready$_DFF_P_/D (sky130_fd_sc_hd__dfxtp_1)
           1.31   data arrival time

   0.00    0.00   clock core_clock (rise edge)
   0.00    0.00   clock source latency
   0.00    0.00 ^ clk (in)
   0.25    0.25 ^ clkbuf_0_clk/X (sky130_fd_sc_hd__clkbuf_16)
   0.31    0.56 ^ clkbuf_2_1_0_clk/X (sky130_fd_sc_hd__clkbuf_16)
   0.27    0.83 ^ clkbuf_5_13__f_clk/X (sky130_fd_sc_hd__clkbuf_16)
   0.18    1.01 ^ clkbuf_leaf_191_clk/X (sky130_fd_sc_hd__clkbuf_16)
   0.00    1.01 ^ ready$_DFF_P_/CLK (sky130_fd_sc_hd__dfxtp_1)
   0.00    1.01   clock reconvergence pessimism
  -0.03    0.99   library hold time
           0.99   data required time
---------------------------------------------------------
           0.99   data required time
          -1.31   data arrival time
---------------------------------------------------------
           0.33   slack (MET)



==========================================================================
cts final critical path target clock latency max path
--------------------------------------------------------------------------
1.0576

==========================================================================
cts final critical path target clock latency min path
--------------------------------------------------------------------------
1.0705

==========================================================================
cts final critical path source clock latency min path
--------------------------------------------------------------------------
0.0000

==========================================================================
cts final critical path delay
--------------------------------------------------------------------------
10.9031

==========================================================================
cts final critical path slack
--------------------------------------------------------------------------
0.0112

==========================================================================
cts final slack div critical path delay
--------------------------------------------------------------------------
0.102723

==========================================================================
cts final report_power
--------------------------------------------------------------------------
Group                  Internal  Switching    Leakage      Total
                          Power      Power      Power      Power (Watts)
----------------------------------------------------------------
Sequential             1.86e-02   2.49e-03   2.80e-08   2.11e-02   5.7%
Combinational          1.43e-01   1.91e-01   6.56e-08   3.33e-01  90.8%
Clock                  7.14e-03   5.37e-03   5.31e-09   1.25e-02   3.4%
Macro                  0.00e+00   0.00e+00   0.00e+00   0.00e+00   0.0%
Pad                    0.00e+00   0.00e+00   0.00e+00   0.00e+00   0.0%
----------------------------------------------------------------
Total                  1.68e-01   1.99e-01   9.89e-08   3.67e-01 100.0%
                          45.9%      54.1%       0.0%
