
==========================================================================
global route report_tns
--------------------------------------------------------------------------
tns -1.19

==========================================================================
global route report_wns
--------------------------------------------------------------------------
wns -0.22

==========================================================================
global route report_worst_slack
--------------------------------------------------------------------------
worst slack -0.22

==========================================================================
global route report_clock_skew
--------------------------------------------------------------------------
Clock core_clock
   1.06 source latency w[21][11]$_SDFFCE_PN0P_/CLK ^
  -0.95 target latency w[4][26]$_DFFE_PP_/CLK ^
   0.00 CRPR
--------------
   0.11 setup skew


==========================================================================
global route report_checks -path_delay min
--------------------------------------------------------------------------
Startpoint: ready_dash$_SDFF_PP0_
            (rising edge-triggered flip-flop clocked by core_clock)
Endpoint: ready$_DFF_P_ (rising edge-triggered flip-flop clocked by core_clock)
Path Group: core_clock
Path Type: min

Fanout     Cap    Slew   Delay    Time   Description
-----------------------------------------------------------------------------
                          0.00    0.00   clock core_clock (rise edge)
                          0.00    0.00   clock source latency
     2    0.14    0.00    0.00    0.00 ^ clk (in)
                                         clk (net)
                  0.01    0.01    0.01 ^ clkbuf_0_clk/A (sky130_fd_sc_hd__clkbuf_16)
     4    0.17    0.18    0.22    0.23 ^ clkbuf_0_clk/X (sky130_fd_sc_hd__clkbuf_16)
                                         clknet_0_clk (net)
                  0.18    0.00    0.23 ^ clkbuf_2_1_0_clk/A (sky130_fd_sc_hd__clkbuf_16)
     8    0.19    0.20    0.29    0.52 ^ clkbuf_2_1_0_clk/X (sky130_fd_sc_hd__clkbuf_16)
                                         clknet_2_1_0_clk (net)
                  0.20    0.01    0.53 ^ clkbuf_5_13__f_clk/A (sky130_fd_sc_hd__clkbuf_16)
     8    0.14    0.15    0.26    0.79 ^ clkbuf_5_13__f_clk/X (sky130_fd_sc_hd__clkbuf_16)
                                         clknet_5_13__leaf_clk (net)
                  0.15    0.00    0.80 ^ clkbuf_leaf_191_clk/A (sky130_fd_sc_hd__clkbuf_16)
    10    0.05    0.07    0.19    0.98 ^ clkbuf_leaf_191_clk/X (sky130_fd_sc_hd__clkbuf_16)
                                         clknet_leaf_191_clk (net)
                  0.07    0.00    0.99 ^ ready_dash$_SDFF_PP0_/CLK (sky130_fd_sc_hd__dfxtp_1)
     1    0.00    0.04    0.31    1.30 ^ ready_dash$_SDFF_PP0_/Q (sky130_fd_sc_hd__dfxtp_1)
                                         ready_dash (net)
                  0.04    0.00    1.30 ^ ready$_DFF_P_/D (sky130_fd_sc_hd__dfxtp_1)
                                  1.30   data arrival time

                          0.00    0.00   clock core_clock (rise edge)
                          0.00    0.00   clock source latency
     2    0.14    0.00    0.00    0.00 ^ clk (in)
                                         clk (net)
                  0.01    0.01    0.01 ^ clkbuf_0_clk/A (sky130_fd_sc_hd__clkbuf_16)
     4    0.17    0.18    0.22    0.23 ^ clkbuf_0_clk/X (sky130_fd_sc_hd__clkbuf_16)
                                         clknet_0_clk (net)
                  0.18    0.00    0.23 ^ clkbuf_2_1_0_clk/A (sky130_fd_sc_hd__clkbuf_16)
     8    0.19    0.20    0.29    0.52 ^ clkbuf_2_1_0_clk/X (sky130_fd_sc_hd__clkbuf_16)
                                         clknet_2_1_0_clk (net)
                  0.20    0.01    0.53 ^ clkbuf_5_13__f_clk/A (sky130_fd_sc_hd__clkbuf_16)
     8    0.14    0.15    0.26    0.79 ^ clkbuf_5_13__f_clk/X (sky130_fd_sc_hd__clkbuf_16)
                                         clknet_5_13__leaf_clk (net)
                  0.15    0.00    0.80 ^ clkbuf_leaf_191_clk/A (sky130_fd_sc_hd__clkbuf_16)
    10    0.05    0.07    0.19    0.98 ^ clkbuf_leaf_191_clk/X (sky130_fd_sc_hd__clkbuf_16)
                                         clknet_leaf_191_clk (net)
                  0.07    0.00    0.99 ^ ready$_DFF_P_/CLK (sky130_fd_sc_hd__dfxtp_1)
                          0.00    0.99   clock reconvergence pessimism
                         -0.03    0.96   library hold time
                                  0.96   data required time
-----------------------------------------------------------------------------
                                  0.96   data required time
                                 -1.30   data arrival time
-----------------------------------------------------------------------------
                                  0.34   slack (MET)



==========================================================================
global route report_checks -path_delay max
--------------------------------------------------------------------------
Startpoint: hash/p2_cap[11]$_DFF_P_
            (rising edge-triggered flip-flop clocked by core_clock)
Endpoint: hash/p3_cap[31]$_DFF_P_
          (rising edge-triggered flip-flop clocked by core_clock)
Path Group: core_clock
Path Type: max

Fanout     Cap    Slew   Delay    Time   Description
-----------------------------------------------------------------------------
                          0.00    0.00   clock core_clock (rise edge)
                          0.00    0.00   clock source latency
     2    0.14    0.00    0.00    0.00 ^ clk (in)
                                         clk (net)
                  0.01    0.01    0.01 ^ clkbuf_0_clk/A (sky130_fd_sc_hd__clkbuf_16)
     4    0.17    0.18    0.22    0.23 ^ clkbuf_0_clk/X (sky130_fd_sc_hd__clkbuf_16)
                                         clknet_0_clk (net)
                  0.18    0.00    0.23 ^ clkbuf_2_3_0_clk/A (sky130_fd_sc_hd__clkbuf_16)
     8    0.20    0.21    0.30    0.53 ^ clkbuf_2_3_0_clk/X (sky130_fd_sc_hd__clkbuf_16)
                                         clknet_2_3_0_clk (net)
                  0.21    0.01    0.53 ^ clkbuf_5_26__f_clk/A (sky130_fd_sc_hd__clkbuf_16)
     7    0.15    0.17    0.28    0.81 ^ clkbuf_5_26__f_clk/X (sky130_fd_sc_hd__clkbuf_16)
                                         clknet_5_26__leaf_clk (net)
                  0.17    0.00    0.81 ^ clkbuf_leaf_185_clk/A (sky130_fd_sc_hd__clkbuf_16)
    11    0.04    0.06    0.19    1.00 ^ clkbuf_leaf_185_clk/X (sky130_fd_sc_hd__clkbuf_16)
                                         clknet_leaf_185_clk (net)
                  0.06    0.00    1.00 ^ hash/p2_cap[11]$_DFF_P_/CLK (sky130_fd_sc_hd__dfxtp_4)
     5    0.03    0.09    0.39    1.39 ^ hash/p2_cap[11]$_DFF_P_/Q (sky130_fd_sc_hd__dfxtp_4)
                                         hash/p2_cap[11] (net)
                  0.09    0.00    1.39 ^ hash/CA2/S1/_00_/A (sky130_fd_sc_hd__xor3_1)
     1    0.01    0.11    0.46    1.84 v hash/CA2/S1/_00_/X (sky130_fd_sc_hd__xor3_1)
                                         hash/CA2/s1[0] (net)
                  0.11    0.00    1.84 v hash/CA2/_2242_/B (sky130_fd_sc_hd__ha_4)
     3    0.02    0.05    0.20    2.04 v hash/CA2/_2242_/COUT (sky130_fd_sc_hd__ha_4)
                                         hash/CA2/_0615_ (net)
                  0.05    0.00    2.04 v hash/CA2/_2147_/CIN (sky130_fd_sc_hd__fa_2)
     2    0.01    0.08    0.36    2.40 v hash/CA2/_2147_/COUT (sky130_fd_sc_hd__fa_2)
                                         hash/CA2/_0617_ (net)
                  0.08    0.00    2.40 v hash/CA2/_1225_/A2 (sky130_fd_sc_hd__a21o_1)
     1    0.01    0.05    0.20    2.61 v hash/CA2/_1225_/X (sky130_fd_sc_hd__a21o_1)
                                         hash/CA2/_0525_ (net)
                  0.05    0.00    2.61 v hash/CA2/_1226_/A2 (sky130_fd_sc_hd__a21oi_2)
     3    0.01    0.20    0.22    2.82 ^ hash/CA2/_1226_/Y (sky130_fd_sc_hd__a21oi_2)
                                         hash/CA2/_0526_ (net)
                  0.20    0.00    2.82 ^ hash/CA2/_1235_/A2 (sky130_fd_sc_hd__o21ai_2)
     2    0.01    0.11    0.10    2.92 v hash/CA2/_1235_/Y (sky130_fd_sc_hd__o21ai_2)
                                         hash/CA2/_0529_ (net)
                  0.11    0.00    2.92 v hash/CA2/_1240_/A (sky130_fd_sc_hd__and2_4)
     3    0.02    0.05    0.19    3.11 v hash/CA2/_1240_/X (sky130_fd_sc_hd__and2_4)
                                         hash/CA2/_0534_ (net)
                  0.05    0.00    3.11 v hash/CA2/_1275_/A2 (sky130_fd_sc_hd__a31oi_2)
     2    0.01    0.21    0.22    3.33 ^ hash/CA2/_1275_/Y (sky130_fd_sc_hd__a31oi_2)
                                         hash/CA2/_0557_ (net)
                  0.21    0.00    3.33 ^ hash/CA2/_1285_/A2 (sky130_fd_sc_hd__o21bai_1)
     1    0.01    0.07    0.11    3.45 v hash/CA2/_1285_/Y (sky130_fd_sc_hd__o21bai_1)
                                         hash/CA2/_0561_ (net)
                  0.07    0.00    3.45 v hash/CA2/_1286_/A2 (sky130_fd_sc_hd__a21oi_1)
     1    0.01    0.23    0.24    3.69 ^ hash/CA2/_1286_/Y (sky130_fd_sc_hd__a21oi_1)
                                         hash/CA2/_0562_ (net)
                  0.23    0.00    3.69 ^ hash/CA2/_1287_/B (sky130_fd_sc_hd__xnor2_2)
     2    0.02    0.29    0.20    3.88 ^ hash/CA2/_1287_/Y (sky130_fd_sc_hd__xnor2_2)
                                         hash/CA2/_1006_ (net)
                  0.29    0.00    3.88 ^ hash/CA2/_2270_/B (sky130_fd_sc_hd__ha_4)
     5    0.02    0.05    0.27    4.16 v hash/CA2/_2270_/SUM (sky130_fd_sc_hd__ha_4)
                                         hash/CA2/_1008_ (net)
                  0.05    0.00    4.16 v hash/CA2/_2030_/A (sky130_fd_sc_hd__nor2_1)
     2    0.01    0.17    0.17    4.33 ^ hash/CA2/_2030_/Y (sky130_fd_sc_hd__nor2_1)
                                         hash/CA2/_0432_ (net)
                  0.17    0.00    4.33 ^ hash/CA2/_2031_/B (sky130_fd_sc_hd__nor2_1)
     2    0.01    0.06    0.09    4.42 v hash/CA2/_2031_/Y (sky130_fd_sc_hd__nor2_1)
                                         hash/CA2/_0433_ (net)
                  0.06    0.00    4.42 v hash/CA2/_2050_/A3 (sky130_fd_sc_hd__a31oi_1)
     2    0.01    0.23    0.25    4.67 ^ hash/CA2/_2050_/Y (sky130_fd_sc_hd__a31oi_1)
                                         hash/CA2/_0448_ (net)
                  0.23    0.00    4.67 ^ hash/CA2/_2063_/A2 (sky130_fd_sc_hd__a21oi_1)
     1    0.01    0.11    0.13    4.80 v hash/CA2/_2063_/Y (sky130_fd_sc_hd__a21oi_1)
                                         hash/CA2/_0459_ (net)
                  0.11    0.00    4.80 v hash/CA2/_2064_/C1 (sky130_fd_sc_hd__a211o_4)
     4    0.02    0.08    0.32    5.12 v hash/CA2/_2064_/X (sky130_fd_sc_hd__a211o_4)
                                         hash/CA2/_0460_ (net)
                  0.08    0.00    5.12 v hash/CA2/_2086_/A1 (sky130_fd_sc_hd__a311o_1)
     1    0.01    0.07    0.29    5.41 v hash/CA2/_2086_/X (sky130_fd_sc_hd__a311o_1)
                                         hash/CA2/_0478_ (net)
                  0.07    0.00    5.41 v hash/CA2/_2087_/A2 (sky130_fd_sc_hd__a21oi_2)
     1    0.01    0.16    0.19    5.61 ^ hash/CA2/_2087_/Y (sky130_fd_sc_hd__a21oi_2)
                                         hash/CA2/_0479_ (net)
                  0.16    0.00    5.61 ^ hash/CA2/_2088_/A (sky130_fd_sc_hd__xnor2_2)
     1    0.01    0.08    0.11    5.72 v hash/CA2/_2088_/Y (sky130_fd_sc_hd__xnor2_2)
                                         hash/e_new[25] (net)
                  0.08    0.00    5.72 v hash/_3540_/A0 (sky130_fd_sc_hd__mux2_8)
     6    0.06    0.10    0.37    6.09 v hash/_3540_/X (sky130_fd_sc_hd__mux2_8)
                                         hash/e[25] (net)
                  0.10    0.00    6.10 v hash/CA1/S1/_00_/C (sky130_fd_sc_hd__xor3_2)
     1    0.01    0.11    0.27    6.37 ^ hash/CA1/S1/_00_/X (sky130_fd_sc_hd__xor3_2)
                                         hash/CA1/s1[0] (net)
                  0.11    0.00    6.37 ^ hash/CA1/_3621_/A (sky130_fd_sc_hd__ha_4)
     3    0.02    0.06    0.16    6.53 ^ hash/CA1/_3621_/COUT (sky130_fd_sc_hd__ha_4)
                                         hash/CA1/_1631_ (net)
                  0.06    0.00    6.53 ^ hash/CA1/_2333_/A (sky130_fd_sc_hd__inv_2)
     1    0.01    0.03    0.04    6.58 v hash/CA1/_2333_/Y (sky130_fd_sc_hd__inv_2)
                                         hash/CA1/_1056_ (net)
                  0.03    0.00    6.58 v hash/CA1/_3433_/B (sky130_fd_sc_hd__fa_2)
     2    0.02    0.10    0.39    6.97 v hash/CA1/_3433_/COUT (sky130_fd_sc_hd__fa_2)
                                         hash/CA1/_1058_ (net)
                  0.10    0.00    6.97 v hash/CA1/_1984_/A (sky130_fd_sc_hd__nor2b_2)
     1    0.01    0.10    0.15    7.12 ^ hash/CA1/_1984_/Y (sky130_fd_sc_hd__nor2b_2)
                                         hash/CA1/_0005_ (net)
                  0.10    0.00    7.12 ^ hash/CA1/_1985_/A2 (sky130_fd_sc_hd__o21ai_2)
     1    0.01    0.07    0.08    7.20 v hash/CA1/_1985_/Y (sky130_fd_sc_hd__o21ai_2)
                                         hash/CA1/_0006_ (net)
                  0.07    0.00    7.20 v hash/CA1/_1986_/B (sky130_fd_sc_hd__nand2b_4)
     2    0.02    0.09    0.11    7.31 ^ hash/CA1/_1986_/Y (sky130_fd_sc_hd__nand2b_4)
                                         hash/CA1/_0007_ (net)
                  0.09    0.00    7.31 ^ hash/CA1/_2009_/A2 (sky130_fd_sc_hd__a21oi_4)
     3    0.02    0.06    0.08    7.39 v hash/CA1/_2009_/Y (sky130_fd_sc_hd__a21oi_4)
                                         hash/CA1/_0021_ (net)
                  0.06    0.00    7.39 v hash/CA1/_2071_/A1 (sky130_fd_sc_hd__o211a_4)
     1    0.01    0.05    0.26    7.65 v hash/CA1/_2071_/X (sky130_fd_sc_hd__o211a_4)
                                         hash/CA1/_0065_ (net)
                  0.05    0.00    7.65 v hash/CA1/_2074_/A (sky130_fd_sc_hd__nor2_4)
     3    0.02    0.18    0.18    7.83 ^ hash/CA1/_2074_/Y (sky130_fd_sc_hd__nor2_4)
                                         hash/CA1/_0068_ (net)
                  0.18    0.00    7.83 ^ hash/CA1/_2133_/A3 (sky130_fd_sc_hd__a41oi_2)
     2    0.01    0.17    0.19    8.03 v hash/CA1/_2133_/Y (sky130_fd_sc_hd__a41oi_2)
                                         hash/CA1/_0111_ (net)
                  0.17    0.00    8.03 v hash/CA1/_2134_/B (sky130_fd_sc_hd__xnor2_2)
     2    0.02    0.31    0.32    8.34 ^ hash/CA1/_2134_/Y (sky130_fd_sc_hd__xnor2_2)
                                         hash/CA1/_1311_ (net)
                  0.31    0.00    8.34 ^ hash/CA1/_2135_/A (sky130_fd_sc_hd__clkinv_2)
     1    0.01    0.09    0.12    8.46 v hash/CA1/_2135_/Y (sky130_fd_sc_hd__clkinv_2)
                                         hash/CA1/_1133_ (net)
                  0.09    0.00    8.46 v hash/CA1/_3449_/B (sky130_fd_sc_hd__fa_1)
     1    0.01    0.07    0.53    8.99 ^ hash/CA1/_3449_/SUM (sky130_fd_sc_hd__fa_1)
                                         hash/CA1/_1136_ (net)
                  0.07    0.00    8.99 ^ hash/CA1/_2380_/A (sky130_fd_sc_hd__inv_2)
     1    0.01    0.04    0.05    9.05 v hash/CA1/_2380_/Y (sky130_fd_sc_hd__inv_2)
                                         hash/CA1/_1755_ (net)
                  0.04    0.00    9.05 v hash/CA1/_3668_/B (sky130_fd_sc_hd__ha_4)
     6    0.03    0.07    0.25    9.30 v hash/CA1/_3668_/SUM (sky130_fd_sc_hd__ha_4)
                                         hash/CA1/_1757_ (net)
                  0.07    0.00    9.30 v hash/CA1/_3125_/A2 (sky130_fd_sc_hd__a21oi_4)
     2    0.01    0.12    0.17    9.47 ^ hash/CA1/_3125_/Y (sky130_fd_sc_hd__a21oi_4)
                                         hash/CA1/_0762_ (net)
                  0.12    0.00    9.47 ^ hash/CA1/_3132_/A2 (sky130_fd_sc_hd__o21bai_1)
     1    0.00    0.06    0.09    9.56 v hash/CA1/_3132_/Y (sky130_fd_sc_hd__o21bai_1)
                                         hash/CA1/_0767_ (net)
                  0.06    0.00    9.56 v hash/CA1/_3133_/A2 (sky130_fd_sc_hd__a21o_1)
     2    0.01    0.06    0.21    9.76 v hash/CA1/_3133_/X (sky130_fd_sc_hd__a21o_1)
                                         hash/CA1/_0768_ (net)
                  0.06    0.00    9.76 v hash/CA1/_3143_/A2 (sky130_fd_sc_hd__a21o_1)
     1    0.01    0.05    0.19    9.96 v hash/CA1/_3143_/X (sky130_fd_sc_hd__a21o_1)
                                         hash/CA1/_0776_ (net)
                  0.05    0.00    9.96 v hash/CA1/_3144_/A2 (sky130_fd_sc_hd__a21oi_2)
     2    0.01    0.18    0.20   10.16 ^ hash/CA1/_3144_/Y (sky130_fd_sc_hd__a21oi_2)
                                         hash/CA1/_0777_ (net)
                  0.18    0.00   10.16 ^ hash/CA1/_3172_/A2 (sky130_fd_sc_hd__o21ai_2)
     1    0.01    0.08    0.10   10.26 v hash/CA1/_3172_/Y (sky130_fd_sc_hd__o21ai_2)
                                         hash/CA1/_0801_ (net)
                  0.08    0.00   10.26 v hash/CA1/_3173_/B1 (sky130_fd_sc_hd__a21oi_4)
     2    0.02    0.20    0.20   10.46 ^ hash/CA1/_3173_/Y (sky130_fd_sc_hd__a21oi_4)
                                         hash/CA1/_0802_ (net)
                  0.20    0.00   10.46 ^ hash/CA1/_3188_/A2 (sky130_fd_sc_hd__o21ai_4)
     4    0.02    0.10    0.11   10.57 v hash/CA1/_3188_/Y (sky130_fd_sc_hd__o21ai_4)
                                         hash/CA1/_0815_ (net)
                  0.10    0.00   10.57 v hash/CA1/_3212_/A2 (sky130_fd_sc_hd__a221oi_2)
     1    0.01    0.26    0.34   10.91 ^ hash/CA1/_3212_/Y (sky130_fd_sc_hd__a221oi_2)
                                         hash/CA1/_0835_ (net)
                  0.26    0.00   10.91 ^ hash/CA1/_3214_/B (sky130_fd_sc_hd__xnor2_1)
     1    0.01    0.17    0.17   11.08 ^ hash/CA1/_3214_/Y (sky130_fd_sc_hd__xnor2_1)
                                         hash/p3[31] (net)
                  0.17    0.00   11.08 ^ hash/p3_cap[31]$_DFF_P_/D (sky130_fd_sc_hd__dfxtp_1)
                                 11.08   data arrival time

                         10.00   10.00   clock core_clock (rise edge)
                          0.00   10.00   clock source latency
     2    0.14    0.00    0.00   10.00 ^ clk (in)
                                         clk (net)
                  0.01    0.01   10.01 ^ clkbuf_0_clk/A (sky130_fd_sc_hd__clkbuf_16)
     4    0.17    0.18    0.22   10.23 ^ clkbuf_0_clk/X (sky130_fd_sc_hd__clkbuf_16)
                                         clknet_0_clk (net)
                  0.18    0.00   10.23 ^ clkbuf_2_1_0_clk/A (sky130_fd_sc_hd__clkbuf_16)
     8    0.19    0.20    0.29   10.52 ^ clkbuf_2_1_0_clk/X (sky130_fd_sc_hd__clkbuf_16)
                                         clknet_2_1_0_clk (net)
                  0.20    0.01   10.53 ^ clkbuf_5_12__f_clk/A (sky130_fd_sc_hd__clkbuf_16)
     6    0.10    0.12    0.24   10.77 ^ clkbuf_5_12__f_clk/X (sky130_fd_sc_hd__clkbuf_16)
                                         clknet_5_12__leaf_clk (net)
                  0.12    0.00   10.77 ^ clkbuf_leaf_200_clk/A (sky130_fd_sc_hd__clkbuf_16)
    10    0.04    0.06    0.17   10.94 ^ clkbuf_leaf_200_clk/X (sky130_fd_sc_hd__clkbuf_16)
                                         clknet_leaf_200_clk (net)
                  0.06    0.00   10.94 ^ hash/p3_cap[31]$_DFF_P_/CLK (sky130_fd_sc_hd__dfxtp_1)
                          0.00   10.94   clock reconvergence pessimism
                         -0.08   10.86   library setup time
                                 10.86   data required time
-----------------------------------------------------------------------------
                                 10.86   data required time
                                -11.08   data arrival time
-----------------------------------------------------------------------------
                                 -0.22   slack (VIOLATED)



==========================================================================
global route report_checks -unconstrained
--------------------------------------------------------------------------
Startpoint: hash/p2_cap[11]$_DFF_P_
            (rising edge-triggered flip-flop clocked by core_clock)
Endpoint: hash/p3_cap[31]$_DFF_P_
          (rising edge-triggered flip-flop clocked by core_clock)
Path Group: core_clock
Path Type: max

Fanout     Cap    Slew   Delay    Time   Description
-----------------------------------------------------------------------------
                          0.00    0.00   clock core_clock (rise edge)
                          0.00    0.00   clock source latency
     2    0.14    0.00    0.00    0.00 ^ clk (in)
                                         clk (net)
                  0.01    0.01    0.01 ^ clkbuf_0_clk/A (sky130_fd_sc_hd__clkbuf_16)
     4    0.17    0.18    0.22    0.23 ^ clkbuf_0_clk/X (sky130_fd_sc_hd__clkbuf_16)
                                         clknet_0_clk (net)
                  0.18    0.00    0.23 ^ clkbuf_2_3_0_clk/A (sky130_fd_sc_hd__clkbuf_16)
     8    0.20    0.21    0.30    0.53 ^ clkbuf_2_3_0_clk/X (sky130_fd_sc_hd__clkbuf_16)
                                         clknet_2_3_0_clk (net)
                  0.21    0.01    0.53 ^ clkbuf_5_26__f_clk/A (sky130_fd_sc_hd__clkbuf_16)
     7    0.15    0.17    0.28    0.81 ^ clkbuf_5_26__f_clk/X (sky130_fd_sc_hd__clkbuf_16)
                                         clknet_5_26__leaf_clk (net)
                  0.17    0.00    0.81 ^ clkbuf_leaf_185_clk/A (sky130_fd_sc_hd__clkbuf_16)
    11    0.04    0.06    0.19    1.00 ^ clkbuf_leaf_185_clk/X (sky130_fd_sc_hd__clkbuf_16)
                                         clknet_leaf_185_clk (net)
                  0.06    0.00    1.00 ^ hash/p2_cap[11]$_DFF_P_/CLK (sky130_fd_sc_hd__dfxtp_4)
     5    0.03    0.09    0.39    1.39 ^ hash/p2_cap[11]$_DFF_P_/Q (sky130_fd_sc_hd__dfxtp_4)
                                         hash/p2_cap[11] (net)
                  0.09    0.00    1.39 ^ hash/CA2/S1/_00_/A (sky130_fd_sc_hd__xor3_1)
     1    0.01    0.11    0.46    1.84 v hash/CA2/S1/_00_/X (sky130_fd_sc_hd__xor3_1)
                                         hash/CA2/s1[0] (net)
                  0.11    0.00    1.84 v hash/CA2/_2242_/B (sky130_fd_sc_hd__ha_4)
     3    0.02    0.05    0.20    2.04 v hash/CA2/_2242_/COUT (sky130_fd_sc_hd__ha_4)
                                         hash/CA2/_0615_ (net)
                  0.05    0.00    2.04 v hash/CA2/_2147_/CIN (sky130_fd_sc_hd__fa_2)
     2    0.01    0.08    0.36    2.40 v hash/CA2/_2147_/COUT (sky130_fd_sc_hd__fa_2)
                                         hash/CA2/_0617_ (net)
                  0.08    0.00    2.40 v hash/CA2/_1225_/A2 (sky130_fd_sc_hd__a21o_1)
     1    0.01    0.05    0.20    2.61 v hash/CA2/_1225_/X (sky130_fd_sc_hd__a21o_1)
                                         hash/CA2/_0525_ (net)
                  0.05    0.00    2.61 v hash/CA2/_1226_/A2 (sky130_fd_sc_hd__a21oi_2)
     3    0.01    0.20    0.22    2.82 ^ hash/CA2/_1226_/Y (sky130_fd_sc_hd__a21oi_2)
                                         hash/CA2/_0526_ (net)
                  0.20    0.00    2.82 ^ hash/CA2/_1235_/A2 (sky130_fd_sc_hd__o21ai_2)
     2    0.01    0.11    0.10    2.92 v hash/CA2/_1235_/Y (sky130_fd_sc_hd__o21ai_2)
                                         hash/CA2/_0529_ (net)
                  0.11    0.00    2.92 v hash/CA2/_1240_/A (sky130_fd_sc_hd__and2_4)
     3    0.02    0.05    0.19    3.11 v hash/CA2/_1240_/X (sky130_fd_sc_hd__and2_4)
                                         hash/CA2/_0534_ (net)
                  0.05    0.00    3.11 v hash/CA2/_1275_/A2 (sky130_fd_sc_hd__a31oi_2)
     2    0.01    0.21    0.22    3.33 ^ hash/CA2/_1275_/Y (sky130_fd_sc_hd__a31oi_2)
                                         hash/CA2/_0557_ (net)
                  0.21    0.00    3.33 ^ hash/CA2/_1285_/A2 (sky130_fd_sc_hd__o21bai_1)
     1    0.01    0.07    0.11    3.45 v hash/CA2/_1285_/Y (sky130_fd_sc_hd__o21bai_1)
                                         hash/CA2/_0561_ (net)
                  0.07    0.00    3.45 v hash/CA2/_1286_/A2 (sky130_fd_sc_hd__a21oi_1)
     1    0.01    0.23    0.24    3.69 ^ hash/CA2/_1286_/Y (sky130_fd_sc_hd__a21oi_1)
                                         hash/CA2/_0562_ (net)
                  0.23    0.00    3.69 ^ hash/CA2/_1287_/B (sky130_fd_sc_hd__xnor2_2)
     2    0.02    0.29    0.20    3.88 ^ hash/CA2/_1287_/Y (sky130_fd_sc_hd__xnor2_2)
                                         hash/CA2/_1006_ (net)
                  0.29    0.00    3.88 ^ hash/CA2/_2270_/B (sky130_fd_sc_hd__ha_4)
     5    0.02    0.05    0.27    4.16 v hash/CA2/_2270_/SUM (sky130_fd_sc_hd__ha_4)
                                         hash/CA2/_1008_ (net)
                  0.05    0.00    4.16 v hash/CA2/_2030_/A (sky130_fd_sc_hd__nor2_1)
     2    0.01    0.17    0.17    4.33 ^ hash/CA2/_2030_/Y (sky130_fd_sc_hd__nor2_1)
                                         hash/CA2/_0432_ (net)
                  0.17    0.00    4.33 ^ hash/CA2/_2031_/B (sky130_fd_sc_hd__nor2_1)
     2    0.01    0.06    0.09    4.42 v hash/CA2/_2031_/Y (sky130_fd_sc_hd__nor2_1)
                                         hash/CA2/_0433_ (net)
                  0.06    0.00    4.42 v hash/CA2/_2050_/A3 (sky130_fd_sc_hd__a31oi_1)
     2    0.01    0.23    0.25    4.67 ^ hash/CA2/_2050_/Y (sky130_fd_sc_hd__a31oi_1)
                                         hash/CA2/_0448_ (net)
                  0.23    0.00    4.67 ^ hash/CA2/_2063_/A2 (sky130_fd_sc_hd__a21oi_1)
     1    0.01    0.11    0.13    4.80 v hash/CA2/_2063_/Y (sky130_fd_sc_hd__a21oi_1)
                                         hash/CA2/_0459_ (net)
                  0.11    0.00    4.80 v hash/CA2/_2064_/C1 (sky130_fd_sc_hd__a211o_4)
     4    0.02    0.08    0.32    5.12 v hash/CA2/_2064_/X (sky130_fd_sc_hd__a211o_4)
                                         hash/CA2/_0460_ (net)
                  0.08    0.00    5.12 v hash/CA2/_2086_/A1 (sky130_fd_sc_hd__a311o_1)
     1    0.01    0.07    0.29    5.41 v hash/CA2/_2086_/X (sky130_fd_sc_hd__a311o_1)
                                         hash/CA2/_0478_ (net)
                  0.07    0.00    5.41 v hash/CA2/_2087_/A2 (sky130_fd_sc_hd__a21oi_2)
     1    0.01    0.16    0.19    5.61 ^ hash/CA2/_2087_/Y (sky130_fd_sc_hd__a21oi_2)
                                         hash/CA2/_0479_ (net)
                  0.16    0.00    5.61 ^ hash/CA2/_2088_/A (sky130_fd_sc_hd__xnor2_2)
     1    0.01    0.08    0.11    5.72 v hash/CA2/_2088_/Y (sky130_fd_sc_hd__xnor2_2)
                                         hash/e_new[25] (net)
                  0.08    0.00    5.72 v hash/_3540_/A0 (sky130_fd_sc_hd__mux2_8)
     6    0.06    0.10    0.37    6.09 v hash/_3540_/X (sky130_fd_sc_hd__mux2_8)
                                         hash/e[25] (net)
                  0.10    0.00    6.10 v hash/CA1/S1/_00_/C (sky130_fd_sc_hd__xor3_2)
     1    0.01    0.11    0.27    6.37 ^ hash/CA1/S1/_00_/X (sky130_fd_sc_hd__xor3_2)
                                         hash/CA1/s1[0] (net)
                  0.11    0.00    6.37 ^ hash/CA1/_3621_/A (sky130_fd_sc_hd__ha_4)
     3    0.02    0.06    0.16    6.53 ^ hash/CA1/_3621_/COUT (sky130_fd_sc_hd__ha_4)
                                         hash/CA1/_1631_ (net)
                  0.06    0.00    6.53 ^ hash/CA1/_2333_/A (sky130_fd_sc_hd__inv_2)
     1    0.01    0.03    0.04    6.58 v hash/CA1/_2333_/Y (sky130_fd_sc_hd__inv_2)
                                         hash/CA1/_1056_ (net)
                  0.03    0.00    6.58 v hash/CA1/_3433_/B (sky130_fd_sc_hd__fa_2)
     2    0.02    0.10    0.39    6.97 v hash/CA1/_3433_/COUT (sky130_fd_sc_hd__fa_2)
                                         hash/CA1/_1058_ (net)
                  0.10    0.00    6.97 v hash/CA1/_1984_/A (sky130_fd_sc_hd__nor2b_2)
     1    0.01    0.10    0.15    7.12 ^ hash/CA1/_1984_/Y (sky130_fd_sc_hd__nor2b_2)
                                         hash/CA1/_0005_ (net)
                  0.10    0.00    7.12 ^ hash/CA1/_1985_/A2 (sky130_fd_sc_hd__o21ai_2)
     1    0.01    0.07    0.08    7.20 v hash/CA1/_1985_/Y (sky130_fd_sc_hd__o21ai_2)
                                         hash/CA1/_0006_ (net)
                  0.07    0.00    7.20 v hash/CA1/_1986_/B (sky130_fd_sc_hd__nand2b_4)
     2    0.02    0.09    0.11    7.31 ^ hash/CA1/_1986_/Y (sky130_fd_sc_hd__nand2b_4)
                                         hash/CA1/_0007_ (net)
                  0.09    0.00    7.31 ^ hash/CA1/_2009_/A2 (sky130_fd_sc_hd__a21oi_4)
     3    0.02    0.06    0.08    7.39 v hash/CA1/_2009_/Y (sky130_fd_sc_hd__a21oi_4)
                                         hash/CA1/_0021_ (net)
                  0.06    0.00    7.39 v hash/CA1/_2071_/A1 (sky130_fd_sc_hd__o211a_4)
     1    0.01    0.05    0.26    7.65 v hash/CA1/_2071_/X (sky130_fd_sc_hd__o211a_4)
                                         hash/CA1/_0065_ (net)
                  0.05    0.00    7.65 v hash/CA1/_2074_/A (sky130_fd_sc_hd__nor2_4)
     3    0.02    0.18    0.18    7.83 ^ hash/CA1/_2074_/Y (sky130_fd_sc_hd__nor2_4)
                                         hash/CA1/_0068_ (net)
                  0.18    0.00    7.83 ^ hash/CA1/_2133_/A3 (sky130_fd_sc_hd__a41oi_2)
     2    0.01    0.17    0.19    8.03 v hash/CA1/_2133_/Y (sky130_fd_sc_hd__a41oi_2)
                                         hash/CA1/_0111_ (net)
                  0.17    0.00    8.03 v hash/CA1/_2134_/B (sky130_fd_sc_hd__xnor2_2)
     2    0.02    0.31    0.32    8.34 ^ hash/CA1/_2134_/Y (sky130_fd_sc_hd__xnor2_2)
                                         hash/CA1/_1311_ (net)
                  0.31    0.00    8.34 ^ hash/CA1/_2135_/A (sky130_fd_sc_hd__clkinv_2)
     1    0.01    0.09    0.12    8.46 v hash/CA1/_2135_/Y (sky130_fd_sc_hd__clkinv_2)
                                         hash/CA1/_1133_ (net)
                  0.09    0.00    8.46 v hash/CA1/_3449_/B (sky130_fd_sc_hd__fa_1)
     1    0.01    0.07    0.53    8.99 ^ hash/CA1/_3449_/SUM (sky130_fd_sc_hd__fa_1)
                                         hash/CA1/_1136_ (net)
                  0.07    0.00    8.99 ^ hash/CA1/_2380_/A (sky130_fd_sc_hd__inv_2)
     1    0.01    0.04    0.05    9.05 v hash/CA1/_2380_/Y (sky130_fd_sc_hd__inv_2)
                                         hash/CA1/_1755_ (net)
                  0.04    0.00    9.05 v hash/CA1/_3668_/B (sky130_fd_sc_hd__ha_4)
     6    0.03    0.07    0.25    9.30 v hash/CA1/_3668_/SUM (sky130_fd_sc_hd__ha_4)
                                         hash/CA1/_1757_ (net)
                  0.07    0.00    9.30 v hash/CA1/_3125_/A2 (sky130_fd_sc_hd__a21oi_4)
     2    0.01    0.12    0.17    9.47 ^ hash/CA1/_3125_/Y (sky130_fd_sc_hd__a21oi_4)
                                         hash/CA1/_0762_ (net)
                  0.12    0.00    9.47 ^ hash/CA1/_3132_/A2 (sky130_fd_sc_hd__o21bai_1)
     1    0.00    0.06    0.09    9.56 v hash/CA1/_3132_/Y (sky130_fd_sc_hd__o21bai_1)
                                         hash/CA1/_0767_ (net)
                  0.06    0.00    9.56 v hash/CA1/_3133_/A2 (sky130_fd_sc_hd__a21o_1)
     2    0.01    0.06    0.21    9.76 v hash/CA1/_3133_/X (sky130_fd_sc_hd__a21o_1)
                                         hash/CA1/_0768_ (net)
                  0.06    0.00    9.76 v hash/CA1/_3143_/A2 (sky130_fd_sc_hd__a21o_1)
     1    0.01    0.05    0.19    9.96 v hash/CA1/_3143_/X (sky130_fd_sc_hd__a21o_1)
                                         hash/CA1/_0776_ (net)
                  0.05    0.00    9.96 v hash/CA1/_3144_/A2 (sky130_fd_sc_hd__a21oi_2)
     2    0.01    0.18    0.20   10.16 ^ hash/CA1/_3144_/Y (sky130_fd_sc_hd__a21oi_2)
                                         hash/CA1/_0777_ (net)
                  0.18    0.00   10.16 ^ hash/CA1/_3172_/A2 (sky130_fd_sc_hd__o21ai_2)
     1    0.01    0.08    0.10   10.26 v hash/CA1/_3172_/Y (sky130_fd_sc_hd__o21ai_2)
                                         hash/CA1/_0801_ (net)
                  0.08    0.00   10.26 v hash/CA1/_3173_/B1 (sky130_fd_sc_hd__a21oi_4)
     2    0.02    0.20    0.20   10.46 ^ hash/CA1/_3173_/Y (sky130_fd_sc_hd__a21oi_4)
                                         hash/CA1/_0802_ (net)
                  0.20    0.00   10.46 ^ hash/CA1/_3188_/A2 (sky130_fd_sc_hd__o21ai_4)
     4    0.02    0.10    0.11   10.57 v hash/CA1/_3188_/Y (sky130_fd_sc_hd__o21ai_4)
                                         hash/CA1/_0815_ (net)
                  0.10    0.00   10.57 v hash/CA1/_3212_/A2 (sky130_fd_sc_hd__a221oi_2)
     1    0.01    0.26    0.34   10.91 ^ hash/CA1/_3212_/Y (sky130_fd_sc_hd__a221oi_2)
                                         hash/CA1/_0835_ (net)
                  0.26    0.00   10.91 ^ hash/CA1/_3214_/B (sky130_fd_sc_hd__xnor2_1)
     1    0.01    0.17    0.17   11.08 ^ hash/CA1/_3214_/Y (sky130_fd_sc_hd__xnor2_1)
                                         hash/p3[31] (net)
                  0.17    0.00   11.08 ^ hash/p3_cap[31]$_DFF_P_/D (sky130_fd_sc_hd__dfxtp_1)
                                 11.08   data arrival time

                         10.00   10.00   clock core_clock (rise edge)
                          0.00   10.00   clock source latency
     2    0.14    0.00    0.00   10.00 ^ clk (in)
                                         clk (net)
                  0.01    0.01   10.01 ^ clkbuf_0_clk/A (sky130_fd_sc_hd__clkbuf_16)
     4    0.17    0.18    0.22   10.23 ^ clkbuf_0_clk/X (sky130_fd_sc_hd__clkbuf_16)
                                         clknet_0_clk (net)
                  0.18    0.00   10.23 ^ clkbuf_2_1_0_clk/A (sky130_fd_sc_hd__clkbuf_16)
     8    0.19    0.20    0.29   10.52 ^ clkbuf_2_1_0_clk/X (sky130_fd_sc_hd__clkbuf_16)
                                         clknet_2_1_0_clk (net)
                  0.20    0.01   10.53 ^ clkbuf_5_12__f_clk/A (sky130_fd_sc_hd__clkbuf_16)
     6    0.10    0.12    0.24   10.77 ^ clkbuf_5_12__f_clk/X (sky130_fd_sc_hd__clkbuf_16)
                                         clknet_5_12__leaf_clk (net)
                  0.12    0.00   10.77 ^ clkbuf_leaf_200_clk/A (sky130_fd_sc_hd__clkbuf_16)
    10    0.04    0.06    0.17   10.94 ^ clkbuf_leaf_200_clk/X (sky130_fd_sc_hd__clkbuf_16)
                                         clknet_leaf_200_clk (net)
                  0.06    0.00   10.94 ^ hash/p3_cap[31]$_DFF_P_/CLK (sky130_fd_sc_hd__dfxtp_1)
                          0.00   10.94   clock reconvergence pessimism
                         -0.08   10.86   library setup time
                                 10.86   data required time
-----------------------------------------------------------------------------
                                 10.86   data required time
                                -11.08   data arrival time
-----------------------------------------------------------------------------
                                 -0.22   slack (VIOLATED)



==========================================================================
global route report_check_types -max_slew -max_cap -max_fanout -violators
--------------------------------------------------------------------------
max slew

Pin                                    Limit    Slew   Slack
------------------------------------------------------------
_13251_/A                               1.50    2.09   -0.59 (VIOLATED)
reset_hash$_DFF_P_/D                    1.50    2.09   -0.59 (VIOLATED)
_09892_/A                               1.50    2.09   -0.59 (VIOLATED)
_09319_/A                               1.50    2.09   -0.59 (VIOLATED)
_09600_/A                               1.50    2.09   -0.59 (VIOLATED)
_09746_/A                               1.50    2.09   -0.59 (VIOLATED)
_10709_/A                               1.50    2.09   -0.59 (VIOLATED)
_10703_/A                               1.50    2.09   -0.59 (VIOLATED)
_10697_/A                               1.50    2.09   -0.59 (VIOLATED)
_10700_/B1                              1.50    2.09   -0.59 (VIOLATED)
_10623_/A                               1.50    2.09   -0.59 (VIOLATED)
_10617_/A                               1.50    2.09   -0.59 (VIOLATED)
_10615_/A                               1.50    2.09   -0.59 (VIOLATED)
_09965_/C                               1.50    2.09   -0.59 (VIOLATED)
_12918_/A                               1.50    2.09   -0.59 (VIOLATED)
_11700_/A                               1.50    2.09   -0.59 (VIOLATED)
_12341_/C                               1.50    2.09   -0.59 (VIOLATED)
_10533_/A                               1.50    2.09   -0.59 (VIOLATED)
load_slew775/X                          1.51    2.09   -0.58 (VIOLATED)
reset_hash$_DFF_P_/Q                    1.50    1.59   -0.09 (VIOLATED)
_11177_/A                               1.50    1.59   -0.09 (VIOLATED)
_11126_/C1                              1.50    1.59   -0.09 (VIOLATED)
_14835_/A1                              1.50    1.59   -0.09 (VIOLATED)
_11178_/A                               1.50    1.59   -0.09 (VIOLATED)
_14896_/B2                              1.50    1.59   -0.09 (VIOLATED)
_14633_/B2                              1.50    1.59   -0.09 (VIOLATED)
_14788_/B2                              1.50    1.59   -0.09 (VIOLATED)
_14592_/A1                              1.50    1.59   -0.09 (VIOLATED)
_10764_/B1                              1.50    1.59   -0.09 (VIOLATED)
_10767_/B1                              1.50    1.59   -0.09 (VIOLATED)
_10754_/A                               1.50    1.59   -0.09 (VIOLATED)
_10757_/B1                              1.50    1.59   -0.09 (VIOLATED)
_10760_/A                               1.50    1.59   -0.09 (VIOLATED)
_14754_/A1                              1.50    1.59   -0.09 (VIOLATED)
reset_hash_dash$_DFF_P_/D               1.50    1.59   -0.09 (VIOLATED)
_14556_/A1                              1.50    1.59   -0.09 (VIOLATED)
_14772_/A1                              1.50    1.59   -0.09 (VIOLATED)
_14310_/Y                               1.47    1.51   -0.04 (VIOLATED)
_14666_/A1                              1.50    1.51   -0.01 (VIOLATED)
_14452_/B2                              1.50    1.51   -0.01 (VIOLATED)
_14853_/A1                              1.50    1.51   -0.01 (VIOLATED)
_14833_/A1                              1.50    1.51   -0.01 (VIOLATED)
_11146_/A2                              1.50    1.51   -0.01 (VIOLATED)
_11169_/B                               1.50    1.51   -0.01 (VIOLATED)
_11300_/A2                              1.50    1.51   -0.01 (VIOLATED)
_11224_/A2                              1.50    1.51   -0.01 (VIOLATED)
_11137_/B                               1.50    1.51   -0.01 (VIOLATED)
_11241_/A1                              1.50    1.51   -0.01 (VIOLATED)
_11218_/B2                              1.50    1.51   -0.01 (VIOLATED)
_11166_/A2                              1.50    1.51   -0.01 (VIOLATED)
_14336_/B1                              1.50    1.51   -0.01 (VIOLATED)
_14554_/A1                              1.50    1.51   -0.01 (VIOLATED)
ANTENNA_144/DIODE                       1.50    1.51   -0.01 (VIOLATED)
_11180_/B1                              1.50    1.51   -0.01 (VIOLATED)
_14752_/A1                              1.50    1.51   -0.01 (VIOLATED)
ANTENNA_145/DIODE                       1.50    1.51   -0.01 (VIOLATED)

max capacitance

Pin                                    Limit     Cap   Slack
------------------------------------------------------------
load_slew775/X                          0.13    0.18   -0.05 (VIOLATED)
reset_hash$_DFF_P_/Q                    0.16    0.17   -0.01 (VIOLATED)
_14310_/Y                               0.19    0.20   -0.01 (VIOLATED)


==========================================================================
global route max_slew_check_slack
--------------------------------------------------------------------------
-0.5860747694969177

==========================================================================
global route max_slew_check_limit
--------------------------------------------------------------------------
1.5

==========================================================================
global route max_slew_check_slack_limit
--------------------------------------------------------------------------
-0.3907

==========================================================================
global route max_fanout_check_slack
--------------------------------------------------------------------------
1.0000000150474662e+30

==========================================================================
global route max_fanout_check_limit
--------------------------------------------------------------------------
1.0000000150474662e+30

==========================================================================
global route max_capacitance_check_slack
--------------------------------------------------------------------------
-0.0525241456925869

==========================================================================
global route max_capacitance_check_limit
--------------------------------------------------------------------------
0.13001500070095062

==========================================================================
global route max_capacitance_check_slack_limit
--------------------------------------------------------------------------
-0.4040

==========================================================================
global route max_slew_violation_count
--------------------------------------------------------------------------
max slew violation count 56

==========================================================================
global route max_fanout_violation_count
--------------------------------------------------------------------------
max fanout violation count 0

==========================================================================
global route max_cap_violation_count
--------------------------------------------------------------------------
max cap violation count 3

==========================================================================
global route setup_violation_count
--------------------------------------------------------------------------
setup violation count 10

==========================================================================
global route hold_violation_count
--------------------------------------------------------------------------
hold violation count 0

==========================================================================
global route report_checks -path_delay max reg to reg
--------------------------------------------------------------------------
Startpoint: hash/p2_cap[11]$_DFF_P_
            (rising edge-triggered flip-flop clocked by core_clock)
Endpoint: hash/p3_cap[31]$_DFF_P_
          (rising edge-triggered flip-flop clocked by core_clock)
Path Group: core_clock
Path Type: max

  Delay    Time   Description
---------------------------------------------------------
   0.00    0.00   clock core_clock (rise edge)
   0.00    0.00   clock source latency
   0.00    0.00 ^ clk (in)
   0.23    0.23 ^ clkbuf_0_clk/X (sky130_fd_sc_hd__clkbuf_16)
   0.30    0.53 ^ clkbuf_2_3_0_clk/X (sky130_fd_sc_hd__clkbuf_16)
   0.28    0.81 ^ clkbuf_5_26__f_clk/X (sky130_fd_sc_hd__clkbuf_16)
   0.19    1.00 ^ clkbuf_leaf_185_clk/X (sky130_fd_sc_hd__clkbuf_16)
   0.00    1.00 ^ hash/p2_cap[11]$_DFF_P_/CLK (sky130_fd_sc_hd__dfxtp_4)
   0.39    1.39 ^ hash/p2_cap[11]$_DFF_P_/Q (sky130_fd_sc_hd__dfxtp_4)
   0.46    1.84 v hash/CA2/S1/_00_/X (sky130_fd_sc_hd__xor3_1)
   0.20    2.04 v hash/CA2/_2242_/COUT (sky130_fd_sc_hd__ha_4)
   0.36    2.40 v hash/CA2/_2147_/COUT (sky130_fd_sc_hd__fa_2)
   0.20    2.61 v hash/CA2/_1225_/X (sky130_fd_sc_hd__a21o_1)
   0.22    2.82 ^ hash/CA2/_1226_/Y (sky130_fd_sc_hd__a21oi_2)
   0.10    2.92 v hash/CA2/_1235_/Y (sky130_fd_sc_hd__o21ai_2)
   0.19    3.11 v hash/CA2/_1240_/X (sky130_fd_sc_hd__and2_4)
   0.22    3.33 ^ hash/CA2/_1275_/Y (sky130_fd_sc_hd__a31oi_2)
   0.11    3.45 v hash/CA2/_1285_/Y (sky130_fd_sc_hd__o21bai_1)
   0.24    3.69 ^ hash/CA2/_1286_/Y (sky130_fd_sc_hd__a21oi_1)
   0.20    3.88 ^ hash/CA2/_1287_/Y (sky130_fd_sc_hd__xnor2_2)
   0.27    4.16 v hash/CA2/_2270_/SUM (sky130_fd_sc_hd__ha_4)
   0.17    4.33 ^ hash/CA2/_2030_/Y (sky130_fd_sc_hd__nor2_1)
   0.09    4.42 v hash/CA2/_2031_/Y (sky130_fd_sc_hd__nor2_1)
   0.25    4.67 ^ hash/CA2/_2050_/Y (sky130_fd_sc_hd__a31oi_1)
   0.13    4.80 v hash/CA2/_2063_/Y (sky130_fd_sc_hd__a21oi_1)
   0.32    5.12 v hash/CA2/_2064_/X (sky130_fd_sc_hd__a211o_4)
   0.29    5.41 v hash/CA2/_2086_/X (sky130_fd_sc_hd__a311o_1)
   0.20    5.61 ^ hash/CA2/_2087_/Y (sky130_fd_sc_hd__a21oi_2)
   0.11    5.72 v hash/CA2/_2088_/Y (sky130_fd_sc_hd__xnor2_2)
   0.37    6.09 v hash/_3540_/X (sky130_fd_sc_hd__mux2_8)
   0.27    6.37 ^ hash/CA1/S1/_00_/X (sky130_fd_sc_hd__xor3_2)
   0.17    6.53 ^ hash/CA1/_3621_/COUT (sky130_fd_sc_hd__ha_4)
   0.04    6.58 v hash/CA1/_2333_/Y (sky130_fd_sc_hd__inv_2)
   0.39    6.97 v hash/CA1/_3433_/COUT (sky130_fd_sc_hd__fa_2)
   0.15    7.12 ^ hash/CA1/_1984_/Y (sky130_fd_sc_hd__nor2b_2)
   0.08    7.20 v hash/CA1/_1985_/Y (sky130_fd_sc_hd__o21ai_2)
   0.11    7.31 ^ hash/CA1/_1986_/Y (sky130_fd_sc_hd__nand2b_4)
   0.08    7.39 v hash/CA1/_2009_/Y (sky130_fd_sc_hd__a21oi_4)
   0.26    7.65 v hash/CA1/_2071_/X (sky130_fd_sc_hd__o211a_4)
   0.18    7.83 ^ hash/CA1/_2074_/Y (sky130_fd_sc_hd__nor2_4)
   0.19    8.03 v hash/CA1/_2133_/Y (sky130_fd_sc_hd__a41oi_2)
   0.32    8.34 ^ hash/CA1/_2134_/Y (sky130_fd_sc_hd__xnor2_2)
   0.12    8.46 v hash/CA1/_2135_/Y (sky130_fd_sc_hd__clkinv_2)
   0.53    8.99 ^ hash/CA1/_3449_/SUM (sky130_fd_sc_hd__fa_1)
   0.05    9.05 v hash/CA1/_2380_/Y (sky130_fd_sc_hd__inv_2)
   0.25    9.30 v hash/CA1/_3668_/SUM (sky130_fd_sc_hd__ha_4)
   0.17    9.47 ^ hash/CA1/_3125_/Y (sky130_fd_sc_hd__a21oi_4)
   0.09    9.56 v hash/CA1/_3132_/Y (sky130_fd_sc_hd__o21bai_1)
   0.21    9.76 v hash/CA1/_3133_/X (sky130_fd_sc_hd__a21o_1)
   0.19    9.96 v hash/CA1/_3143_/X (sky130_fd_sc_hd__a21o_1)
   0.20   10.16 ^ hash/CA1/_3144_/Y (sky130_fd_sc_hd__a21oi_2)
   0.10   10.26 v hash/CA1/_3172_/Y (sky130_fd_sc_hd__o21ai_2)
   0.20   10.46 ^ hash/CA1/_3173_/Y (sky130_fd_sc_hd__a21oi_4)
   0.11   10.57 v hash/CA1/_3188_/Y (sky130_fd_sc_hd__o21ai_4)
   0.34   10.91 ^ hash/CA1/_3212_/Y (sky130_fd_sc_hd__a221oi_2)
   0.17   11.08 ^ hash/CA1/_3214_/Y (sky130_fd_sc_hd__xnor2_1)
   0.00   11.08 ^ hash/p3_cap[31]$_DFF_P_/D (sky130_fd_sc_hd__dfxtp_1)
          11.08   data arrival time

  10.00   10.00   clock core_clock (rise edge)
   0.00   10.00   clock source latency
   0.00   10.00 ^ clk (in)
   0.23   10.23 ^ clkbuf_0_clk/X (sky130_fd_sc_hd__clkbuf_16)
   0.30   10.52 ^ clkbuf_2_1_0_clk/X (sky130_fd_sc_hd__clkbuf_16)
   0.25   10.77 ^ clkbuf_5_12__f_clk/X (sky130_fd_sc_hd__clkbuf_16)
   0.17   10.94 ^ clkbuf_leaf_200_clk/X (sky130_fd_sc_hd__clkbuf_16)
   0.00   10.94 ^ hash/p3_cap[31]$_DFF_P_/CLK (sky130_fd_sc_hd__dfxtp_1)
   0.00   10.94   clock reconvergence pessimism
  -0.08   10.86   library setup time
          10.86   data required time
---------------------------------------------------------
          10.86   data required time
         -11.08   data arrival time
---------------------------------------------------------
          -0.22   slack (VIOLATED)



==========================================================================
global route report_checks -path_delay min reg to reg
--------------------------------------------------------------------------
Startpoint: ready_dash$_SDFF_PP0_
            (rising edge-triggered flip-flop clocked by core_clock)
Endpoint: ready$_DFF_P_ (rising edge-triggered flip-flop clocked by core_clock)
Path Group: core_clock
Path Type: min

  Delay    Time   Description
---------------------------------------------------------
   0.00    0.00   clock core_clock (rise edge)
   0.00    0.00   clock source latency
   0.00    0.00 ^ clk (in)
   0.23    0.23 ^ clkbuf_0_clk/X (sky130_fd_sc_hd__clkbuf_16)
   0.30    0.52 ^ clkbuf_2_1_0_clk/X (sky130_fd_sc_hd__clkbuf_16)
   0.27    0.79 ^ clkbuf_5_13__f_clk/X (sky130_fd_sc_hd__clkbuf_16)
   0.19    0.98 ^ clkbuf_leaf_191_clk/X (sky130_fd_sc_hd__clkbuf_16)
   0.00    0.99 ^ ready_dash$_SDFF_PP0_/CLK (sky130_fd_sc_hd__dfxtp_1)
   0.31    1.30 ^ ready_dash$_SDFF_PP0_/Q (sky130_fd_sc_hd__dfxtp_1)
   0.00    1.30 ^ ready$_DFF_P_/D (sky130_fd_sc_hd__dfxtp_1)
           1.30   data arrival time

   0.00    0.00   clock core_clock (rise edge)
   0.00    0.00   clock source latency
   0.00    0.00 ^ clk (in)
   0.23    0.23 ^ clkbuf_0_clk/X (sky130_fd_sc_hd__clkbuf_16)
   0.30    0.52 ^ clkbuf_2_1_0_clk/X (sky130_fd_sc_hd__clkbuf_16)
   0.27    0.79 ^ clkbuf_5_13__f_clk/X (sky130_fd_sc_hd__clkbuf_16)
   0.19    0.98 ^ clkbuf_leaf_191_clk/X (sky130_fd_sc_hd__clkbuf_16)
   0.00    0.99 ^ ready$_DFF_P_/CLK (sky130_fd_sc_hd__dfxtp_1)
   0.00    0.99   clock reconvergence pessimism
  -0.03    0.96   library hold time
           0.96   data required time
---------------------------------------------------------
           0.96   data required time
          -1.30   data arrival time
---------------------------------------------------------
           0.34   slack (MET)



==========================================================================
global route critical path target clock latency max path
--------------------------------------------------------------------------
1.0449

==========================================================================
global route critical path target clock latency min path
--------------------------------------------------------------------------
1.0508

==========================================================================
global route critical path source clock latency min path
--------------------------------------------------------------------------
0.0000

==========================================================================
global route critical path delay
--------------------------------------------------------------------------
11.0810

==========================================================================
global route critical path slack
--------------------------------------------------------------------------
-0.2199

==========================================================================
global route slack div critical path delay
--------------------------------------------------------------------------
-1.984478

==========================================================================
global route report_power
--------------------------------------------------------------------------
Group                  Internal  Switching    Leakage      Total
                          Power      Power      Power      Power (Watts)
----------------------------------------------------------------
Sequential             1.85e-02   2.73e-03   2.80e-08   2.12e-02   5.4%
Combinational          1.46e-01   2.13e-01   6.57e-08   3.59e-01  91.3%
Clock                  7.16e-03   5.77e-03   5.31e-09   1.29e-02   3.3%
Macro                  0.00e+00   0.00e+00   0.00e+00   0.00e+00   0.0%
Pad                    0.00e+00   0.00e+00   0.00e+00   0.00e+00   0.0%
----------------------------------------------------------------
Total                  1.72e-01   2.21e-01   9.90e-08   3.93e-01 100.0%
                          43.7%      56.3%       0.0%
