OpenROAD v2.0-19814-g250e48e05 
Features included (+) or not (-): +GPU +GUI +Python
This program is licensed under the BSD-3 license. See the LICENSE file for details.
Components of this program may be licensed under more restrictive licenses which must be honored.
[INFO ORD-0030] Using 8 thread(s).
Perform port buffering...
[INFO RSZ-0027] Inserted 513 input buffers.
[INFO RSZ-0028] Inserted 257 output buffers.
Perform buffer insertion and gate resizing...
repair_design -verbose -match_cell_footprint
[INFO RSZ-0058] Using max wire length 2154um.
Iteration |   Area    | Resized | Buffers | Nets repaired | Remaining
---------------------------------------------------------------------
        0 |     +0.0% |       0 |       0 |             0 |     18512
     1000 |     -0.0% |     184 |       0 |             0 |     17512
     2000 |     -0.0% |     331 |       0 |             0 |     16512
     3000 |     -0.1% |     363 |       0 |             0 |     15512
     4000 |     -0.1% |     448 |       0 |             0 |     14512
     5000 |     -0.1% |     570 |       0 |             0 |     13512
     6000 |     -0.0% |     796 |       0 |             0 |     12512
     7000 |     -0.0% |     930 |       0 |             0 |     11512
     8000 |     -0.0% |    1112 |       0 |             0 |     10512
     9000 |     -0.1% |    1348 |       0 |             0 |      9512
    10000 |     -0.1% |    1625 |       0 |             0 |      8512
    11000 |     -0.1% |    1785 |       0 |             0 |      7512
    12000 |     -0.2% |    2040 |       0 |             0 |      6512
    13000 |     -0.2% |    2211 |       0 |             0 |      5512
    14000 |     -0.5% |    2529 |       0 |             0 |      4512
    15000 |     -0.5% |    3084 |       0 |             0 |      3512
    16000 |     -0.5% |    4084 |       0 |             0 |      2512
    17000 |     -0.5% |    5031 |       0 |             0 |      1512
    18000 |     -0.4% |    5376 |       1 |             3 |       512
    final |     -0.4% |    5376 |       1 |             3 |         0
---------------------------------------------------------------------
[INFO RSZ-0034] Found 3 slew violations.
[INFO RSZ-0036] Found 1 capacitance violations.
[INFO RSZ-0039] Resized 5376 instances.
[INFO RSZ-0038] Inserted 1 buffers in 3 nets.
Repair tie lo fanout...
[INFO RSZ-0042] Inserted 243 tie sky130_fd_sc_hd__conb_1 instances.
Repair tie hi fanout...
[INFO RSZ-0042] Inserted 277 tie sky130_fd_sc_hd__conb_1 instances.
Floating nets: 
Report metrics stage 3, resizer...

==========================================================================
resizer report_design_area
--------------------------------------------------------------------------
Design area 255266 u^2 45% utilization.
Instance count before 23729, after 25018
Pin count before 69318, after 71896
Elapsed time: 0:13.37[h:]min:sec. CPU time: user 13.17 sys 0.18 (99%). Peak memory: 713140KB.
