OpenROAD v2.0-19814-g250e48e05 
Features included (+) or not (-): +GPU +GUI +Python
This program is licensed under the BSD-3 license. See the LICENSE file for details.
Components of this program may be licensed under more restrictive licenses which must be honored.
[INFO ORD-0030] Using 8 thread(s).
global_placement -density 0.6 -pad_left 0 -pad_right 0 -routability_driven -timing_driven
[INFO GPL-0002] DBU: 1000
[INFO GPL-0003] SiteSize: (  0.460  2.720 ) um
[INFO GPL-0004] CoreBBox: (  1.380  2.720 ) ( 755.780 753.440 ) um
[INFO GPL-0006] NumInstances:             23408
[INFO GPL-0007] NumPlaceInstances:        15902
[INFO GPL-0008] NumFixedInstances:         7506
[INFO GPL-0009] NumDummyInstances:            0
[INFO GPL-0010] NumNets:                  17419
[INFO GPL-0011] NumPins:                  69445
[INFO GPL-0012] DieBBox:  (  0.000  0.000 ) ( 757.070 757.070 ) um
[INFO GPL-0013] CoreBBox: (  1.380  2.720 ) ( 755.780 753.440 ) um
[INFO GPL-0016] CoreArea:            566343.168 um^2
[INFO GPL-0017] NonPlaceInstsArea:     9391.507 um^2
[INFO GPL-0018] PlaceInstsArea:      219993.491 um^2
[INFO GPL-0019] Util:                    39.500 %
[INFO GPL-0020] StdInstsArea:        219993.491 um^2
[INFO GPL-0021] MacroInstsArea:           0.000 um^2
[InitialPlace]  Iter: 1 CG residual: 0.00073480 HPWL: 752504397
[InitialPlace]  Iter: 2 CG residual: 0.00029906 HPWL: 552736112
[InitialPlace]  Iter: 3 CG residual: 0.00049944 HPWL: 549342577
[InitialPlace]  Iter: 4 CG residual: 0.00036864 HPWL: 542799055
[InitialPlace]  Iter: 5 CG residual: 0.00029258 HPWL: 536543645
[InitialPlace]  Iter: 6 CG residual: 0.00032415 HPWL: 530511583
[InitialPlace]  Iter: 7 CG residual: 0.00023959 HPWL: 523502892
[InitialPlace]  Iter: 8 CG residual: 0.00024896 HPWL: 516722029
[InitialPlace]  Iter: 9 CG residual: 0.00013684 HPWL: 511020884
[InitialPlace]  Iter: 10 CG residual: 0.00010909 HPWL: 507006760
[InitialPlace]  Iter: 11 CG residual: 0.00005817 HPWL: 504135495
[InitialPlace]  Iter: 12 CG residual: 0.00005289 HPWL: 502461932
[InitialPlace]  Iter: 13 CG residual: 0.00006408 HPWL: 501111883
[InitialPlace]  Iter: 14 CG residual: 0.00004345 HPWL: 500336567
[InitialPlace]  Iter: 15 CG residual: 0.00002344 HPWL: 499878280
[InitialPlace]  Iter: 16 CG residual: 0.00004116 HPWL: 499663315
[InitialPlace]  Iter: 17 CG residual: 0.00003170 HPWL: 499537984
[InitialPlace]  Iter: 18 CG residual: 0.00001356 HPWL: 499473568
[InitialPlace]  Iter: 19 CG residual: 0.00003169 HPWL: 499270081
[InitialPlace]  Iter: 20 CG residual: 0.00002315 HPWL: 499326388
[INFO GPL-0031] FillerInit:NumGCells:     24365
[INFO GPL-0032] FillerInit:NumGNets:      17419
[INFO GPL-0033] FillerInit:NumGPins:      69445
[INFO GPL-0023] TargetDensity:            0.600
[INFO GPL-0024] AvrgPlaceInstArea:       13.834 um^2
[INFO GPL-0025] IdealBinArea:            23.057 um^2
[INFO GPL-0026] IdealBinCnt:              24562
[INFO GPL-0027] TotalBinArea:        566343.168 um^2
[INFO GPL-0028] BinCnt:       128    128
[INFO GPL-0029] BinSize: (  5.894  5.865 )
[INFO GPL-0030] NumBins: 16384
[NesterovSolve] Iter:    1 overflow: 0.958 HPWL: 384605605
[NesterovSolve] Iter:   10 overflow: 0.883 HPWL: 472536703
[NesterovSolve] Iter:   20 overflow: 0.830 HPWL: 480531215
[NesterovSolve] Iter:   30 overflow: 0.805 HPWL: 480512598
[NesterovSolve] Iter:   40 overflow: 0.797 HPWL: 483511158
[NesterovSolve] Iter:   50 overflow: 0.796 HPWL: 484352184
[NesterovSolve] Iter:   60 overflow: 0.795 HPWL: 486316904
[NesterovSolve] Iter:   70 overflow: 0.794 HPWL: 487716913
[NesterovSolve] Iter:   80 overflow: 0.792 HPWL: 488753661
[NesterovSolve] Iter:   90 overflow: 0.792 HPWL: 488948572
[NesterovSolve] Iter:  100 overflow: 0.791 HPWL: 488512764
[NesterovSolve] Iter:  110 overflow: 0.791 HPWL: 488054802
[NesterovSolve] Iter:  120 overflow: 0.791 HPWL: 487589111
[NesterovSolve] Iter:  130 overflow: 0.790 HPWL: 487337133
[NesterovSolve] Iter:  140 overflow: 0.788 HPWL: 487421713
[NesterovSolve] Iter:  150 overflow: 0.787 HPWL: 488159235
[NesterovSolve] Iter:  160 overflow: 0.787 HPWL: 489694873
[INFO GPL-0100] Timing-driven iteration 1/5, virtual: true.
[INFO GPL-0101]    Iter: 165, overflow: 0.785, keep rsz at: 0.3, HPWL: 490818443
Iteration |   Area    | Resized | Buffers | Nets repaired | Remaining
---------------------------------------------------------------------
        0 |     +0.0% |       0 |       0 |             0 |     17421
    final |    +11.6% |    6830 |     144 |            78 |         0
---------------------------------------------------------------------
[INFO RSZ-0034] Found 78 slew violations.
[INFO RSZ-0036] Found 37 capacitance violations.
[INFO RSZ-0039] Resized 6830 instances.
[INFO RSZ-0038] Inserted 144 buffers in 78 nets.
[INFO GPL-0106] Timing-driven: worst slack -2.18e-11
[INFO GPL-0103] Timing-driven: weighted 1722 nets.
[NesterovSolve] Iter:  170 overflow: 0.782 HPWL: 490536660
[NesterovSolve] Iter:  180 overflow: 0.780 HPWL: 490224848
[NesterovSolve] Iter:  190 overflow: 0.775 HPWL: 491379373
[NesterovSolve] Iter:  200 overflow: 0.766 HPWL: 494502094
[NesterovSolve] Iter:  210 overflow: 0.750 HPWL: 498897421
[NesterovSolve] Iter:  220 overflow: 0.728 HPWL: 503534126
[NesterovSolve] Iter:  230 overflow: 0.700 HPWL: 507980137
[NesterovSolve] Iter:  240 overflow: 0.668 HPWL: 511048419
[NesterovSolve] Iter:  250 overflow: 0.636 HPWL: 513964835
[INFO GPL-0100] Timing-driven iteration 2/5, virtual: true.
[INFO GPL-0101]    Iter: 251, overflow: 0.633, keep rsz at: 0.3, HPWL: 514543864
Iteration |   Area    | Resized | Buffers | Nets repaired | Remaining
---------------------------------------------------------------------
        0 |     +0.0% |       0 |       0 |             0 |     17421
    final |    +10.9% |    6440 |     182 |            81 |         0
---------------------------------------------------------------------
[INFO RSZ-0034] Found 80 slew violations.
[INFO RSZ-0036] Found 48 capacitance violations.
[INFO RSZ-0039] Resized 6440 instances.
[INFO RSZ-0038] Inserted 182 buffers in 81 nets.
[INFO GPL-0106] Timing-driven: worst slack -7.12e-11
[INFO GPL-0103] Timing-driven: weighted 1722 nets.
[NesterovSolve] Iter:  260 overflow: 0.604 HPWL: 519702523
[INFO GPL-0088] Routability snapshot saved at iter = 261
[NesterovSolve] Iter:  270 overflow: 0.573 HPWL: 527131890
[NesterovSolve] Iter:  280 overflow: 0.542 HPWL: 537309523
[NesterovSolve] Iter:  290 overflow: 0.502 HPWL: 545386283
[NesterovSolve] Iter:  300 overflow: 0.460 HPWL: 550239359
[NesterovSolve] Iter:  310 overflow: 0.422 HPWL: 551176253
[NesterovSolve] Iter:  320 overflow: 0.383 HPWL: 554170839
[NesterovSolve] Iter:  330 overflow: 0.342 HPWL: 558452508
[NesterovSolve] Iter:  340 overflow: 0.311 HPWL: 560542690
[INFO GPL-0075] Routability iteration: 1
[INFO GPL-0036] TileBBox: (    0    0 ) ( 6900 6900 ) DBU
[INFO GPL-0038] TileCnt:     109  109
[INFO GPL-0040] NumTiles: 11881
[INFO GPL-0081] TotalRouteOverflow: 50.6758
[INFO GPL-0082] OverflowTileCnt: 390
[INFO GPL-0083] 0.5%RC: 1.3718
[INFO GPL-0084] 1.0%RC: 1.2818
[INFO GPL-0085] 2.0%RC: 1.1929
[INFO GPL-0086] 5.0%RC: 1.0766
[INFO GPL-0087] FinalRC: 1.3268268
[INFO GPL-0078] FinalRC lower than minRC (1000000015047466219876688855040.0000), min RC updated.
[INFO GPL-0045] InflatedAreaDelta:    15436.722 um^2 (+7.02%)
[INFO GPL-0046] TargetDensity:            0.600
[INFO GPL-0049] WhiteSpaceArea:      556951.661 um^2
[INFO GPL-0050] NesterovInstsArea:   219993.491 um^2
[INFO GPL-0051] TotalFillerArea:     114177.522 um^2
[INFO GPL-0052] TotalGCellsArea:     334171.013 um^2
[INFO GPL-0053] ExpectedGCellsArea:  349607.735 um^2
[INFO GPL-0054] NewTargetDensity:         0.628
[INFO GPL-0055] NewWhiteSpaceArea:   556951.661 um^2
[INFO GPL-0056] MovableArea:         349607.723 um^2
[INFO GPL-0057] NewNesterovInstArea: 235430.213 um^2
[INFO GPL-0058] NewTotalFillerArea:  114177.510 um^2
[INFO GPL-0059] NewTotalGCellsArea:  349607.723 um^2
[INFO GPL-0089] Routability: revert back to snapshot
[NesterovSolve] Iter:  350 overflow: 0.586 HPWL: 530554524
[NesterovSolve] Iter:  360 overflow: 0.553 HPWL: 544659976
[NesterovSolve] Iter:  370 overflow: 0.532 HPWL: 553289223
[NesterovSolve] Iter:  380 overflow: 0.497 HPWL: 559173138
[NesterovSolve] Iter:  390 overflow: 0.466 HPWL: 556239939
[NesterovSolve] Iter:  400 overflow: 0.432 HPWL: 557586558
[NesterovSolve] Iter:  410 overflow: 0.401 HPWL: 561282335
[NesterovSolve] Iter:  420 overflow: 0.369 HPWL: 565476364
[NesterovSolve] Iter:  430 overflow: 0.334 HPWL: 568035726
[NesterovSolve] Iter:  440 overflow: 0.307 HPWL: 570372268
[INFO GPL-0075] Routability iteration: 2
[INFO GPL-0036] TileBBox: (    0    0 ) ( 6900 6900 ) DBU
[INFO GPL-0038] TileCnt:     109  109
[INFO GPL-0040] NumTiles: 11881
[INFO GPL-0081] TotalRouteOverflow: 20.9484
[INFO GPL-0082] OverflowTileCnt: 266
[INFO GPL-0083] 0.5%RC: 1.1711
[INFO GPL-0084] 1.0%RC: 1.1332
[INFO GPL-0085] 2.0%RC: 1.0874
[INFO GPL-0086] 5.0%RC: 1.0136
[INFO GPL-0087] FinalRC: 1.1521811
[INFO GPL-0078] FinalRC lower than minRC (1.3268), min RC updated.
[INFO GPL-0045] InflatedAreaDelta:     4541.068 um^2 (+1.93%)
[INFO GPL-0046] TargetDensity:            0.628
[INFO GPL-0049] WhiteSpaceArea:      556951.661 um^2
[INFO GPL-0050] NesterovInstsArea:   235430.213 um^2
[INFO GPL-0051] TotalFillerArea:     114177.510 um^2
[INFO GPL-0052] TotalGCellsArea:     349607.723 um^2
[INFO GPL-0053] ExpectedGCellsArea:  354148.791 um^2
[INFO GPL-0054] NewTargetDensity:         0.636
[INFO GPL-0055] NewWhiteSpaceArea:   556951.661 um^2
[INFO GPL-0056] MovableArea:         354148.778 um^2
[INFO GPL-0057] NewNesterovInstArea: 239971.281 um^2
[INFO GPL-0058] NewTotalFillerArea:  114177.497 um^2
[INFO GPL-0059] NewTotalGCellsArea:  354148.778 um^2
[INFO GPL-0089] Routability: revert back to snapshot
[NesterovSolve] Iter:  450 overflow: 0.575 HPWL: 537129614
[NesterovSolve] Iter:  460 overflow: 0.548 HPWL: 550528132
[NesterovSolve] Iter:  470 overflow: 0.525 HPWL: 559457316
[NesterovSolve] Iter:  480 overflow: 0.488 HPWL: 563007601
[NesterovSolve] Iter:  490 overflow: 0.460 HPWL: 559642058
[NesterovSolve] Iter:  500 overflow: 0.426 HPWL: 561666498
[NesterovSolve] Iter:  510 overflow: 0.395 HPWL: 566679251
[NesterovSolve] Iter:  520 overflow: 0.361 HPWL: 570421337
[NesterovSolve] Iter:  530 overflow: 0.330 HPWL: 572993053
[NesterovSolve] Iter:  540 overflow: 0.300 HPWL: 575053135
[INFO GPL-0075] Routability iteration: 3
[INFO GPL-0036] TileBBox: (    0    0 ) ( 6900 6900 ) DBU
[INFO GPL-0038] TileCnt:     109  109
[INFO GPL-0040] NumTiles: 11881
[INFO GPL-0081] TotalRouteOverflow: 15.1172
[INFO GPL-0082] OverflowTileCnt: 234
[INFO GPL-0083] 0.5%RC: 1.1405
[INFO GPL-0084] 1.0%RC: 1.1053
[INFO GPL-0085] 2.0%RC: 1.0635
[INFO GPL-0086] 5.0%RC: 0.9994
[INFO GPL-0087] FinalRC: 1.1228875
[INFO GPL-0078] FinalRC lower than minRC (1.1522), min RC updated.
[INFO GPL-0045] InflatedAreaDelta:     3436.586 um^2 (+1.43%)
[INFO GPL-0046] TargetDensity:            0.636
[INFO GPL-0049] WhiteSpaceArea:      556951.661 um^2
[INFO GPL-0050] NesterovInstsArea:   239971.281 um^2
[INFO GPL-0051] TotalFillerArea:     114177.497 um^2
[INFO GPL-0052] TotalGCellsArea:     354148.778 um^2
[INFO GPL-0053] ExpectedGCellsArea:  357585.364 um^2
[INFO GPL-0054] NewTargetDensity:         0.642
[INFO GPL-0055] NewWhiteSpaceArea:   556951.661 um^2
[INFO GPL-0056] MovableArea:         357585.355 um^2
[INFO GPL-0057] NewNesterovInstArea: 243407.867 um^2
[INFO GPL-0058] NewTotalFillerArea:  114177.488 um^2
[INFO GPL-0059] NewTotalGCellsArea:  357585.355 um^2
[INFO GPL-0089] Routability: revert back to snapshot
[NesterovSolve] Iter:  550 overflow: 0.573 HPWL: 541931404
[NesterovSolve] Iter:  560 overflow: 0.547 HPWL: 554740869
[NesterovSolve] Iter:  570 overflow: 0.522 HPWL: 564221355
[NesterovSolve] Iter:  580 overflow: 0.484 HPWL: 566258410
[NesterovSolve] Iter:  590 overflow: 0.457 HPWL: 562661237
[NesterovSolve] Iter:  600 overflow: 0.422 HPWL: 565941126
[NesterovSolve] Iter:  610 overflow: 0.392 HPWL: 570785655
[NesterovSolve] Iter:  620 overflow: 0.358 HPWL: 574602892
[NesterovSolve] Iter:  630 overflow: 0.328 HPWL: 576798057
[INFO GPL-0075] Routability iteration: 4
[INFO GPL-0036] TileBBox: (    0    0 ) ( 6900 6900 ) DBU
[INFO GPL-0038] TileCnt:     109  109
[INFO GPL-0040] NumTiles: 11881
[INFO GPL-0081] TotalRouteOverflow: 13.8213
[INFO GPL-0082] OverflowTileCnt: 229
[INFO GPL-0083] 0.5%RC: 1.1414
[INFO GPL-0084] 1.0%RC: 1.1001
[INFO GPL-0085] 2.0%RC: 1.0580
[INFO GPL-0086] 5.0%RC: 0.9971
[INFO GPL-0087] FinalRC: 1.1207796
[INFO GPL-0078] FinalRC lower than minRC (1.1229), min RC updated.
[INFO GPL-0045] InflatedAreaDelta:     3587.315 um^2 (+1.47%)
[INFO GPL-0046] TargetDensity:            0.642
[INFO GPL-0049] WhiteSpaceArea:      556951.661 um^2
[INFO GPL-0050] NesterovInstsArea:   243407.867 um^2
[INFO GPL-0051] TotalFillerArea:     114177.488 um^2
[INFO GPL-0052] TotalGCellsArea:     357585.355 um^2
[INFO GPL-0053] ExpectedGCellsArea:  361172.670 um^2
[INFO GPL-0054] NewTargetDensity:         0.648
[INFO GPL-0055] NewWhiteSpaceArea:   556951.661 um^2
[INFO GPL-0056] MovableArea:         361172.664 um^2
[INFO GPL-0057] NewNesterovInstArea: 246995.182 um^2
[INFO GPL-0058] NewTotalFillerArea:  114177.483 um^2
[INFO GPL-0059] NewTotalGCellsArea:  361172.664 um^2
[INFO GPL-0089] Routability: revert back to snapshot
[NesterovSolve] Iter:  640 overflow: 0.613 HPWL: 521711346
[NesterovSolve] Iter:  650 overflow: 0.562 HPWL: 548570212
[NesterovSolve] Iter:  660 overflow: 0.541 HPWL: 560147913
[NesterovSolve] Iter:  670 overflow: 0.513 HPWL: 569921392
[NesterovSolve] Iter:  680 overflow: 0.478 HPWL: 568093956
[NesterovSolve] Iter:  690 overflow: 0.450 HPWL: 566066962
[NesterovSolve] Iter:  700 overflow: 0.415 HPWL: 570659835
[NesterovSolve] Iter:  710 overflow: 0.386 HPWL: 575233076
[NesterovSolve] Iter:  720 overflow: 0.350 HPWL: 578673555
[NesterovSolve] Iter:  730 overflow: 0.322 HPWL: 579615116
[INFO GPL-0075] Routability iteration: 5
[INFO GPL-0036] TileBBox: (    0    0 ) ( 6900 6900 ) DBU
[INFO GPL-0038] TileCnt:     109  109
[INFO GPL-0040] NumTiles: 11881
[INFO GPL-0081] TotalRouteOverflow: 11.2816
[INFO GPL-0082] OverflowTileCnt: 214
[INFO GPL-0083] 0.5%RC: 1.1079
[INFO GPL-0084] 1.0%RC: 1.0815
[INFO GPL-0085] 2.0%RC: 1.0469
[INFO GPL-0086] 5.0%RC: 0.9914
[INFO GPL-0087] FinalRC: 1.0947092
[INFO GPL-0078] FinalRC lower than minRC (1.1208), min RC updated.
[INFO GPL-0045] InflatedAreaDelta:     2363.677 um^2 (+0.96%)
[INFO GPL-0046] TargetDensity:            0.648
[INFO GPL-0049] WhiteSpaceArea:      556951.661 um^2
[INFO GPL-0050] NesterovInstsArea:   246995.182 um^2
[INFO GPL-0051] TotalFillerArea:     114177.483 um^2
[INFO GPL-0052] TotalGCellsArea:     361172.664 um^2
[INFO GPL-0053] ExpectedGCellsArea:  363536.342 um^2
[INFO GPL-0054] NewTargetDensity:         0.653
[INFO GPL-0055] NewWhiteSpaceArea:   556951.661 um^2
[INFO GPL-0056] MovableArea:         363536.351 um^2
[INFO GPL-0057] NewNesterovInstArea: 249358.859 um^2
[INFO GPL-0058] NewTotalFillerArea:  114177.492 um^2
[INFO GPL-0059] NewTotalGCellsArea:  363536.351 um^2
[INFO GPL-0089] Routability: revert back to snapshot
[NesterovSolve] Iter:  740 overflow: 0.607 HPWL: 525593080
[NesterovSolve] Iter:  750 overflow: 0.555 HPWL: 554230869
[NesterovSolve] Iter:  760 overflow: 0.539 HPWL: 564651851
[NesterovSolve] Iter:  770 overflow: 0.503 HPWL: 574227915
[NesterovSolve] Iter:  780 overflow: 0.474 HPWL: 569041102
[NesterovSolve] Iter:  790 overflow: 0.443 HPWL: 569198099
[NesterovSolve] Iter:  800 overflow: 0.410 HPWL: 574622377
[NesterovSolve] Iter:  810 overflow: 0.380 HPWL: 579006553
[NesterovSolve] Iter:  820 overflow: 0.345 HPWL: 581106112
[NesterovSolve] Iter:  830 overflow: 0.316 HPWL: 581945328
[INFO GPL-0075] Routability iteration: 6
[INFO GPL-0036] TileBBox: (    0    0 ) ( 6900 6900 ) DBU
[INFO GPL-0038] TileCnt:     109  109
[INFO GPL-0040] NumTiles: 11881
[INFO GPL-0081] TotalRouteOverflow: 11.0773
[INFO GPL-0082] OverflowTileCnt: 205
[INFO GPL-0083] 0.5%RC: 1.1125
[INFO GPL-0084] 1.0%RC: 1.0830
[INFO GPL-0085] 2.0%RC: 1.0458
[INFO GPL-0086] 5.0%RC: 0.9885
[INFO GPL-0087] FinalRC: 1.0977457
[INFO GPL-0079] MinRC (1.0947092) violation occurred, total count: 1.
[INFO GPL-0045] InflatedAreaDelta:     2534.844 um^2 (+1.02%)
[INFO GPL-0046] TargetDensity:            0.653
[INFO GPL-0049] WhiteSpaceArea:      556951.661 um^2
[INFO GPL-0050] NesterovInstsArea:   249358.859 um^2
[INFO GPL-0051] TotalFillerArea:     114177.492 um^2
[INFO GPL-0052] TotalGCellsArea:     363536.351 um^2
[INFO GPL-0053] ExpectedGCellsArea:  366071.196 um^2
[INFO GPL-0054] NewTargetDensity:         0.657
[INFO GPL-0055] NewWhiteSpaceArea:   556951.661 um^2
[INFO GPL-0056] MovableArea:         366071.185 um^2
[INFO GPL-0057] NewNesterovInstArea: 251893.703 um^2
[INFO GPL-0058] NewTotalFillerArea:  114177.482 um^2
[INFO GPL-0059] NewTotalGCellsArea:  366071.185 um^2
[INFO GPL-0089] Routability: revert back to snapshot
[NesterovSolve] Iter:  840 overflow: 0.594 HPWL: 535065541
[NesterovSolve] Iter:  850 overflow: 0.550 HPWL: 559534573
[NesterovSolve] Iter:  860 overflow: 0.533 HPWL: 569652159
[NesterovSolve] Iter:  870 overflow: 0.494 HPWL: 576982923
[NesterovSolve] Iter:  880 overflow: 0.467 HPWL: 569821168
[NesterovSolve] Iter:  890 overflow: 0.435 HPWL: 571961202
[NesterovSolve] Iter:  900 overflow: 0.404 HPWL: 577471843
[NesterovSolve] Iter:  910 overflow: 0.373 HPWL: 581254079
[NesterovSolve] Iter:  920 overflow: 0.337 HPWL: 584308058
[NesterovSolve] Iter:  930 overflow: 0.308 HPWL: 584858158
[INFO GPL-0075] Routability iteration: 7
[INFO GPL-0036] TileBBox: (    0    0 ) ( 6900 6900 ) DBU
[INFO GPL-0038] TileCnt:     109  109
[INFO GPL-0040] NumTiles: 11881
[INFO GPL-0081] TotalRouteOverflow: 10.3079
[INFO GPL-0082] OverflowTileCnt: 193
[INFO GPL-0083] 0.5%RC: 1.1092
[INFO GPL-0084] 1.0%RC: 1.0767
[INFO GPL-0085] 2.0%RC: 1.0417
[INFO GPL-0086] 5.0%RC: 0.9845
[INFO GPL-0087] FinalRC: 1.0929886
[INFO GPL-0078] FinalRC lower than minRC (1.0947), min RC updated.
[INFO GPL-0045] InflatedAreaDelta:     2103.791 um^2 (+0.84%)
[INFO GPL-0046] TargetDensity:            0.657
[INFO GPL-0049] WhiteSpaceArea:      556951.661 um^2
[INFO GPL-0050] NesterovInstsArea:   251893.703 um^2
[INFO GPL-0051] TotalFillerArea:     114177.482 um^2
[INFO GPL-0052] TotalGCellsArea:     366071.185 um^2
[INFO GPL-0053] ExpectedGCellsArea:  368174.977 um^2
[INFO GPL-0054] NewTargetDensity:         0.661
[INFO GPL-0055] NewWhiteSpaceArea:   556951.661 um^2
[INFO GPL-0056] MovableArea:         368174.989 um^2
[INFO GPL-0057] NewNesterovInstArea: 253997.494 um^2
[INFO GPL-0058] NewTotalFillerArea:  114177.495 um^2
[INFO GPL-0059] NewTotalGCellsArea:  368174.989 um^2
[INFO GPL-0089] Routability: revert back to snapshot
[NesterovSolve] Iter:  940 overflow: 0.587 HPWL: 540390575
[NesterovSolve] Iter:  950 overflow: 0.549 HPWL: 563015797
[NesterovSolve] Iter:  960 overflow: 0.527 HPWL: 573210614
[NesterovSolve] Iter:  970 overflow: 0.490 HPWL: 578568245
[NesterovSolve] Iter:  980 overflow: 0.464 HPWL: 571600336
[NesterovSolve] Iter:  990 overflow: 0.431 HPWL: 574282435
[NesterovSolve] Iter: 1000 overflow: 0.403 HPWL: 578623300
[NesterovSolve] Iter: 1010 overflow: 0.368 HPWL: 582361264
[NesterovSolve] Iter: 1020 overflow: 0.334 HPWL: 584334521
[NesterovSolve] Iter: 1030 overflow: 0.303 HPWL: 584941207
[INFO GPL-0075] Routability iteration: 8
[INFO GPL-0036] TileBBox: (    0    0 ) ( 6900 6900 ) DBU
[INFO GPL-0038] TileCnt:     109  109
[INFO GPL-0040] NumTiles: 11881
[INFO GPL-0081] TotalRouteOverflow: 8.6903
[INFO GPL-0082] OverflowTileCnt: 179
[INFO GPL-0083] 0.5%RC: 1.0967
[INFO GPL-0084] 1.0%RC: 1.0678
[INFO GPL-0085] 2.0%RC: 1.0344
[INFO GPL-0086] 5.0%RC: 0.9817
[INFO GPL-0087] FinalRC: 1.0822804
[INFO GPL-0078] FinalRC lower than minRC (1.0930), min RC updated.
[INFO GPL-0045] InflatedAreaDelta:     1837.450 um^2 (+0.72%)
[INFO GPL-0046] TargetDensity:            0.661
[INFO GPL-0049] WhiteSpaceArea:      556951.661 um^2
[INFO GPL-0050] NesterovInstsArea:   253997.494 um^2
[INFO GPL-0051] TotalFillerArea:     114177.495 um^2
[INFO GPL-0052] TotalGCellsArea:     368174.989 um^2
[INFO GPL-0053] ExpectedGCellsArea:  370012.439 um^2
[INFO GPL-0054] NewTargetDensity:         0.664
[INFO GPL-0055] NewWhiteSpaceArea:   556951.661 um^2
[INFO GPL-0056] MovableArea:         370012.455 um^2
[INFO GPL-0057] NewNesterovInstArea: 255834.944 um^2
[INFO GPL-0058] NewTotalFillerArea:  114177.511 um^2
[INFO GPL-0059] NewTotalGCellsArea:  370012.455 um^2
[INFO GPL-0089] Routability: revert back to snapshot
[NesterovSolve] Iter: 1040 overflow: 0.574 HPWL: 549401306
[NesterovSolve] Iter: 1050 overflow: 0.544 HPWL: 567184630
[NesterovSolve] Iter: 1060 overflow: 0.522 HPWL: 577526738
[NesterovSolve] Iter: 1070 overflow: 0.484 HPWL: 578901251
[NesterovSolve] Iter: 1080 overflow: 0.460 HPWL: 573152285
[NesterovSolve] Iter: 1090 overflow: 0.423 HPWL: 577286205
[NesterovSolve] Iter: 1100 overflow: 0.396 HPWL: 580752991
[NesterovSolve] Iter: 1110 overflow: 0.359 HPWL: 584822212
[NesterovSolve] Iter: 1120 overflow: 0.328 HPWL: 585377926
[NesterovSolve] Iter: 1130 overflow: 0.298 HPWL: 586531626
[INFO GPL-0075] Routability iteration: 9
[INFO GPL-0036] TileBBox: (    0    0 ) ( 6900 6900 ) DBU
[INFO GPL-0038] TileCnt:     109  109
[INFO GPL-0040] NumTiles: 11881
[INFO GPL-0081] TotalRouteOverflow: 8.4131
[INFO GPL-0082] OverflowTileCnt: 181
[INFO GPL-0083] 0.5%RC: 1.0935
[INFO GPL-0084] 1.0%RC: 1.0648
[INFO GPL-0085] 2.0%RC: 1.0329
[INFO GPL-0086] 5.0%RC: 0.9808
[INFO GPL-0087] FinalRC: 1.0791818
[INFO GPL-0078] FinalRC lower than minRC (1.0823), min RC updated.
[INFO GPL-0045] InflatedAreaDelta:     1973.432 um^2 (+0.77%)
[INFO GPL-0046] TargetDensity:            0.664
[INFO GPL-0049] WhiteSpaceArea:      556951.661 um^2
[INFO GPL-0050] NesterovInstsArea:   255834.944 um^2
[INFO GPL-0051] TotalFillerArea:     114177.511 um^2
[INFO GPL-0052] TotalGCellsArea:     370012.455 um^2
[INFO GPL-0053] ExpectedGCellsArea:  371985.887 um^2
[INFO GPL-0054] NewTargetDensity:         0.668
[INFO GPL-0055] NewWhiteSpaceArea:   556951.661 um^2
[INFO GPL-0056] MovableArea:         371985.875 um^2
[INFO GPL-0057] NewNesterovInstArea: 257808.377 um^2
[INFO GPL-0058] NewTotalFillerArea:  114177.498 um^2
[INFO GPL-0059] NewTotalGCellsArea:  371985.875 um^2
[INFO GPL-0089] Routability: revert back to snapshot
[NesterovSolve] Iter: 1140 overflow: 0.563 HPWL: 556693869
[NesterovSolve] Iter: 1150 overflow: 0.540 HPWL: 571251763
[NesterovSolve] Iter: 1160 overflow: 0.513 HPWL: 581543504
[NesterovSolve] Iter: 1170 overflow: 0.478 HPWL: 579166836
[NesterovSolve] Iter: 1180 overflow: 0.450 HPWL: 575248255
[NesterovSolve] Iter: 1190 overflow: 0.416 HPWL: 579344526
[NesterovSolve] Iter: 1200 overflow: 0.390 HPWL: 581913597
[NesterovSolve] Iter: 1210 overflow: 0.351 HPWL: 585392622
[NesterovSolve] Iter: 1220 overflow: 0.322 HPWL: 585317243
[INFO GPL-0075] Routability iteration: 10
[INFO GPL-0036] TileBBox: (    0    0 ) ( 6900 6900 ) DBU
[INFO GPL-0038] TileCnt:     109  109
[INFO GPL-0040] NumTiles: 11881
[INFO GPL-0081] TotalRouteOverflow: 9.1311
[INFO GPL-0082] OverflowTileCnt: 165
[INFO GPL-0083] 0.5%RC: 1.1052
[INFO GPL-0084] 1.0%RC: 1.0725
[INFO GPL-0085] 2.0%RC: 1.0346
[INFO GPL-0086] 5.0%RC: 0.9777
[INFO GPL-0087] FinalRC: 1.0888352
[INFO GPL-0079] MinRC (1.0791818) violation occurred, total count: 1.
[INFO GPL-0045] InflatedAreaDelta:     2128.907 um^2 (+0.83%)
[INFO GPL-0046] TargetDensity:            0.668
[INFO GPL-0049] WhiteSpaceArea:      556951.661 um^2
[INFO GPL-0050] NesterovInstsArea:   257808.377 um^2
[INFO GPL-0051] TotalFillerArea:     114177.498 um^2
[INFO GPL-0052] TotalGCellsArea:     371985.875 um^2
[INFO GPL-0053] ExpectedGCellsArea:  374114.782 um^2
[INFO GPL-0054] NewTargetDensity:         0.672
[INFO GPL-0055] NewWhiteSpaceArea:   556951.661 um^2
[INFO GPL-0056] MovableArea:         374114.779 um^2
[INFO GPL-0057] NewNesterovInstArea: 259937.284 um^2
[INFO GPL-0058] NewTotalFillerArea:  114177.495 um^2
[INFO GPL-0059] NewTotalGCellsArea:  374114.779 um^2
[INFO GPL-0089] Routability: revert back to snapshot
[NesterovSolve] Iter: 1230 overflow: 0.617 HPWL: 523527519
[NesterovSolve] Iter: 1240 overflow: 0.555 HPWL: 563792646
[NesterovSolve] Iter: 1250 overflow: 0.536 HPWL: 575077631
[NesterovSolve] Iter: 1260 overflow: 0.505 HPWL: 585369128
[NesterovSolve] Iter: 1270 overflow: 0.472 HPWL: 578990471
[NesterovSolve] Iter: 1280 overflow: 0.444 HPWL: 577879346
[NesterovSolve] Iter: 1290 overflow: 0.412 HPWL: 581652406
[NesterovSolve] Iter: 1300 overflow: 0.381 HPWL: 584222173
[NesterovSolve] Iter: 1310 overflow: 0.344 HPWL: 587350036
[NesterovSolve] Iter: 1320 overflow: 0.316 HPWL: 587283235
[INFO GPL-0075] Routability iteration: 11
[INFO GPL-0036] TileBBox: (    0    0 ) ( 6900 6900 ) DBU
[INFO GPL-0038] TileCnt:     109  109
[INFO GPL-0040] NumTiles: 11881
[INFO GPL-0081] TotalRouteOverflow: 6.2611
[INFO GPL-0082] OverflowTileCnt: 140
[INFO GPL-0083] 0.5%RC: 1.0791
[INFO GPL-0084] 1.0%RC: 1.0518
[INFO GPL-0085] 2.0%RC: 1.0190
[INFO GPL-0086] 5.0%RC: 0.9695
[INFO GPL-0087] FinalRC: 1.0654781
[INFO GPL-0078] FinalRC lower than minRC (1.0792), min RC updated.
[INFO GPL-0045] InflatedAreaDelta:     1548.964 um^2 (+0.60%)
[INFO GPL-0046] TargetDensity:            0.672
[INFO GPL-0049] WhiteSpaceArea:      556951.661 um^2
[INFO GPL-0050] NesterovInstsArea:   259937.284 um^2
[INFO GPL-0051] TotalFillerArea:     114177.495 um^2
[INFO GPL-0052] TotalGCellsArea:     374114.779 um^2
[INFO GPL-0053] ExpectedGCellsArea:  375663.743 um^2
[INFO GPL-0054] NewTargetDensity:         0.674
[INFO GPL-0055] NewWhiteSpaceArea:   556951.661 um^2
[INFO GPL-0056] MovableArea:         375663.755 um^2
[INFO GPL-0057] NewNesterovInstArea: 261486.248 um^2
[INFO GPL-0058] NewTotalFillerArea:  114177.507 um^2
[INFO GPL-0059] NewTotalGCellsArea:  375663.755 um^2
[INFO GPL-0089] Routability: revert back to snapshot
[NesterovSolve] Iter: 1330 overflow: 0.603 HPWL: 533498036
[NesterovSolve] Iter: 1340 overflow: 0.550 HPWL: 569449004
[NesterovSolve] Iter: 1350 overflow: 0.532 HPWL: 578926541
[NesterovSolve] Iter: 1360 overflow: 0.496 HPWL: 587662543
[NesterovSolve] Iter: 1370 overflow: 0.466 HPWL: 579446835
[NesterovSolve] Iter: 1380 overflow: 0.436 HPWL: 580561086
[NesterovSolve] Iter: 1390 overflow: 0.407 HPWL: 583550619
[NesterovSolve] Iter: 1400 overflow: 0.373 HPWL: 586692165
[NesterovSolve] Iter: 1410 overflow: 0.336 HPWL: 589184776
[NesterovSolve] Iter: 1420 overflow: 0.310 HPWL: 589681586
[INFO GPL-0075] Routability iteration: 12
[INFO GPL-0036] TileBBox: (    0    0 ) ( 6900 6900 ) DBU
[INFO GPL-0038] TileCnt:     109  109
[INFO GPL-0040] NumTiles: 11881
[INFO GPL-0081] TotalRouteOverflow: 5.5864
[INFO GPL-0082] OverflowTileCnt: 136
[INFO GPL-0083] 0.5%RC: 1.0693
[INFO GPL-0084] 1.0%RC: 1.0464
[INFO GPL-0085] 2.0%RC: 1.0169
[INFO GPL-0086] 5.0%RC: 0.9693
[INFO GPL-0087] FinalRC: 1.0578234
[INFO GPL-0078] FinalRC lower than minRC (1.0655), min RC updated.
[INFO GPL-0045] InflatedAreaDelta:     1165.402 um^2 (+0.45%)
[INFO GPL-0046] TargetDensity:            0.674
[INFO GPL-0049] WhiteSpaceArea:      556951.661 um^2
[INFO GPL-0050] NesterovInstsArea:   261486.248 um^2
[INFO GPL-0051] TotalFillerArea:     114177.507 um^2
[INFO GPL-0052] TotalGCellsArea:     375663.755 um^2
[INFO GPL-0053] ExpectedGCellsArea:  376829.157 um^2
[INFO GPL-0054] NewTargetDensity:         0.677
[INFO GPL-0055] NewWhiteSpaceArea:   556951.661 um^2
[INFO GPL-0056] MovableArea:         376829.149 um^2
[INFO GPL-0057] NewNesterovInstArea: 262651.649 um^2
[INFO GPL-0058] NewTotalFillerArea:  114177.500 um^2
[INFO GPL-0059] NewTotalGCellsArea:  376829.149 um^2
[INFO GPL-0089] Routability: revert back to snapshot
[NesterovSolve] Iter: 1430 overflow: 0.587 HPWL: 546403360
[NesterovSolve] Iter: 1440 overflow: 0.545 HPWL: 573158083
[NesterovSolve] Iter: 1450 overflow: 0.527 HPWL: 582649104
[NesterovSolve] Iter: 1460 overflow: 0.488 HPWL: 588062203
[NesterovSolve] Iter: 1470 overflow: 0.463 HPWL: 579973848
[NesterovSolve] Iter: 1480 overflow: 0.428 HPWL: 582459967
[NesterovSolve] Iter: 1490 overflow: 0.402 HPWL: 585260090
[NesterovSolve] Iter: 1500 overflow: 0.364 HPWL: 588859814
[NesterovSolve] Iter: 1510 overflow: 0.331 HPWL: 590125124
[NesterovSolve] Iter: 1520 overflow: 0.303 HPWL: 591600755
[INFO GPL-0075] Routability iteration: 13
[INFO GPL-0036] TileBBox: (    0    0 ) ( 6900 6900 ) DBU
[INFO GPL-0038] TileCnt:     109  109
[INFO GPL-0040] NumTiles: 11881
[INFO GPL-0081] TotalRouteOverflow: 6.5299
[INFO GPL-0082] OverflowTileCnt: 138
[INFO GPL-0083] 0.5%RC: 1.0844
[INFO GPL-0084] 1.0%RC: 1.0542
[INFO GPL-0085] 2.0%RC: 1.0207
[INFO GPL-0086] 5.0%RC: 0.9715
[INFO GPL-0087] FinalRC: 1.0692942
[INFO GPL-0079] MinRC (1.0578234) violation occurred, total count: 1.
[INFO GPL-0045] InflatedAreaDelta:     1615.031 um^2 (+0.61%)
[INFO GPL-0046] TargetDensity:            0.677
[INFO GPL-0049] WhiteSpaceArea:      556951.661 um^2
[INFO GPL-0050] NesterovInstsArea:   262651.649 um^2
[INFO GPL-0051] TotalFillerArea:     114177.500 um^2
[INFO GPL-0052] TotalGCellsArea:     376829.149 um^2
[INFO GPL-0053] ExpectedGCellsArea:  378444.180 um^2
[INFO GPL-0054] NewTargetDensity:         0.679
[INFO GPL-0055] NewWhiteSpaceArea:   556951.661 um^2
[INFO GPL-0056] MovableArea:         378444.186 um^2
[INFO GPL-0057] NewNesterovInstArea: 264266.680 um^2
[INFO GPL-0058] NewTotalFillerArea:  114177.506 um^2
[INFO GPL-0059] NewTotalGCellsArea:  378444.186 um^2
[INFO GPL-0089] Routability: revert back to snapshot
[NesterovSolve] Iter: 1530 overflow: 0.573 HPWL: 557390628
[NesterovSolve] Iter: 1540 overflow: 0.542 HPWL: 576883435
[NesterovSolve] Iter: 1550 overflow: 0.519 HPWL: 587855609
[NesterovSolve] Iter: 1560 overflow: 0.482 HPWL: 587960799
[NesterovSolve] Iter: 1570 overflow: 0.457 HPWL: 581216334
[NesterovSolve] Iter: 1580 overflow: 0.421 HPWL: 584895174
[NesterovSolve] Iter: 1590 overflow: 0.395 HPWL: 587606842
[NesterovSolve] Iter: 1600 overflow: 0.357 HPWL: 591720513
[NesterovSolve] Iter: 1610 overflow: 0.327 HPWL: 591885659
[INFO GPL-0075] Routability iteration: 14
[INFO GPL-0036] TileBBox: (    0    0 ) ( 6900 6900 ) DBU
[INFO GPL-0038] TileCnt:     109  109
[INFO GPL-0040] NumTiles: 11881
[INFO GPL-0081] TotalRouteOverflow: 6.5689
[INFO GPL-0082] OverflowTileCnt: 138
[INFO GPL-0083] 0.5%RC: 1.0872
[INFO GPL-0084] 1.0%RC: 1.0548
[INFO GPL-0085] 2.0%RC: 1.0205
[INFO GPL-0086] 5.0%RC: 0.9695
[INFO GPL-0087] FinalRC: 1.0709842
[INFO GPL-0079] MinRC (1.0578234) violation occurred, total count: 2.
[INFO GPL-0045] InflatedAreaDelta:     1823.961 um^2 (+0.69%)
[INFO GPL-0046] TargetDensity:            0.679
[INFO GPL-0049] WhiteSpaceArea:      556951.661 um^2
[INFO GPL-0050] NesterovInstsArea:   264266.680 um^2
[INFO GPL-0051] TotalFillerArea:     114177.506 um^2
[INFO GPL-0052] TotalGCellsArea:     378444.186 um^2
[INFO GPL-0053] ExpectedGCellsArea:  380268.147 um^2
[INFO GPL-0054] NewTargetDensity:         0.683
[INFO GPL-0055] NewWhiteSpaceArea:   556951.661 um^2
[INFO GPL-0056] MovableArea:         380268.151 um^2
[INFO GPL-0057] NewNesterovInstArea: 266090.641 um^2
[INFO GPL-0058] NewTotalFillerArea:  114177.510 um^2
[INFO GPL-0059] NewTotalGCellsArea:  380268.151 um^2
[INFO GPL-0089] Routability: revert back to snapshot
[NesterovSolve] Iter: 1620 overflow: 0.625 HPWL: 521711346
[NesterovSolve] Iter: 1630 overflow: 0.556 HPWL: 568185283
[NesterovSolve] Iter: 1640 overflow: 0.537 HPWL: 581177260
[NesterovSolve] Iter: 1650 overflow: 0.508 HPWL: 593546282
[NesterovSolve] Iter: 1660 overflow: 0.475 HPWL: 586172012
[NesterovSolve] Iter: 1670 overflow: 0.446 HPWL: 582967114
[NesterovSolve] Iter: 1680 overflow: 0.414 HPWL: 587138858
[NesterovSolve] Iter: 1690 overflow: 0.382 HPWL: 590060341
[NesterovSolve] Iter: 1700 overflow: 0.347 HPWL: 593294569
[NesterovSolve] Iter: 1710 overflow: 0.318 HPWL: 594089019
[INFO GPL-0075] Routability iteration: 15
[INFO GPL-0036] TileBBox: (    0    0 ) ( 6900 6900 ) DBU
[INFO GPL-0038] TileCnt:     109  109
[INFO GPL-0040] NumTiles: 11881
[INFO GPL-0081] TotalRouteOverflow: 6.5277
[INFO GPL-0082] OverflowTileCnt: 155
[INFO GPL-0083] 0.5%RC: 1.0830
[INFO GPL-0084] 1.0%RC: 1.0532
[INFO GPL-0085] 2.0%RC: 1.0221
[INFO GPL-0086] 5.0%RC: 0.9722
[INFO GPL-0087] FinalRC: 1.0681217
[INFO GPL-0079] MinRC (1.0578234) violation occurred, total count: 3.
[INFO GPL-0045] InflatedAreaDelta:     1441.892 um^2 (+0.54%)
[INFO GPL-0046] TargetDensity:            0.683
Revert Routability Procedure. Target density higher than max, or minRC max violations.
[INFO GPL-0080] minRcViolatedCnt: 3
[INFO GPL-0047] SavedMinRC: 1.0578
[INFO GPL-0048] SavedTargetDensity: 0.6745
[INFO GPL-0089] Routability: revert back to snapshot
[NesterovSolve] Iter: 1720 overflow: 0.594 HPWL: 532553101
[NesterovSolve] Iter: 1730 overflow: 0.545 HPWL: 566123218
[NesterovSolve] Iter: 1740 overflow: 0.527 HPWL: 576810949
[NesterovSolve] Iter: 1750 overflow: 0.491 HPWL: 585774938
[NesterovSolve] Iter: 1760 overflow: 0.462 HPWL: 578484815
[NesterovSolve] Iter: 1770 overflow: 0.431 HPWL: 579376108
[NesterovSolve] Iter: 1780 overflow: 0.403 HPWL: 582506368
[NesterovSolve] Iter: 1790 overflow: 0.368 HPWL: 585881982
[NesterovSolve] Iter: 1800 overflow: 0.332 HPWL: 588425937
[NesterovSolve] Iter: 1810 overflow: 0.306 HPWL: 588946389
[INFO GPL-0100] Timing-driven iteration 3/5, virtual: false.
[INFO GPL-0101]    Iter: 1818, overflow: 0.283, keep rsz at: 0.3, HPWL: 590682569
Iteration |   Area    | Resized | Buffers | Nets repaired | Remaining
---------------------------------------------------------------------
        0 |     +0.0% |       0 |       0 |             0 |     17421
    final |    +13.7% |    6587 |     259 |           100 |         0
---------------------------------------------------------------------
[INFO RSZ-0034] Found 101 slew violations.
[INFO RSZ-0036] Found 60 capacitance violations.
[INFO RSZ-0039] Resized 6587 instances.
[INFO RSZ-0038] Inserted 259 buffers in 100 nets.
[INFO GPL-0106] Timing-driven: worst slack -1.3e-09
[INFO GPL-0103] Timing-driven: weighted 1723 nets.
[INFO GPL-0107] Timing-driven: repair_design delta area: 13008.238 um^2 (+4.89%)
[INFO GPL-0108] Timing-driven: repair_design, gpl cells created: 259 (+0.00%)
[INFO GPL-0109] Timing-driven: inserted buffers as reported by repair_design: 259
[INFO GPL-0110] Timing-driven: new target density: 0.706123
[NesterovSolve] Iter: 1820 overflow: 0.279 HPWL: 620974405
[NesterovSolve] Iter: 1830 overflow: 0.244 HPWL: 614822628
[NesterovSolve] Iter: 1840 overflow: 0.213 HPWL: 608801040
[INFO GPL-0100] Timing-driven iteration 4/5, virtual: false.
[INFO GPL-0101]    Iter: 1844, overflow: 0.204, keep rsz at: 0.3, HPWL: 607485920
Iteration |   Area    | Resized | Buffers | Nets repaired | Remaining
---------------------------------------------------------------------
        0 |     +0.0% |       0 |       0 |             0 |     17421
    final |     +0.5% |    5507 |      25 |            35 |         0
---------------------------------------------------------------------
[INFO RSZ-0034] Found 35 slew violations.
[INFO RSZ-0039] Resized 5507 instances.
[INFO RSZ-0038] Inserted 25 buffers in 35 nets.
[INFO GPL-0106] Timing-driven: worst slack -1.05e-09
[INFO GPL-0103] Timing-driven: weighted 1720 nets.
[INFO GPL-0107] Timing-driven: repair_design delta area: -405.901 um^2 (-0.15%)
[INFO GPL-0108] Timing-driven: repair_design, gpl cells created: 25 (+0.00%)
[INFO GPL-0109] Timing-driven: inserted buffers as reported by repair_design: 25
[INFO GPL-0110] Timing-driven: new target density: 0.7053942
[NesterovSolve] Iter: 1850 overflow: 0.188 HPWL: 609241537
[NesterovSolve] Iter: 1860 overflow: 0.163 HPWL: 609181677
[INFO GPL-0100] Timing-driven iteration 5/5, virtual: false.
[INFO GPL-0101]    Iter: 1869, overflow: 0.143, keep rsz at: 0.3, HPWL: 607792253
Iteration |   Area    | Resized | Buffers | Nets repaired | Remaining
---------------------------------------------------------------------
        0 |     +0.0% |       0 |       0 |             0 |     17421
    final |     +0.0% |    5178 |       3 |            12 |         0
---------------------------------------------------------------------
[INFO RSZ-0034] Found 11 slew violations.
[INFO RSZ-0036] Found 1 capacitance violations.
[INFO RSZ-0039] Resized 5178 instances.
[INFO RSZ-0038] Inserted 3 buffers in 12 nets.
[INFO GPL-0106] Timing-driven: worst slack -8.22e-10
[INFO GPL-0103] Timing-driven: weighted 1723 nets.
[INFO GPL-0107] Timing-driven: repair_design delta area: -475.083 um^2 (-0.17%)
[INFO GPL-0108] Timing-driven: repair_design, gpl cells created: 3 (+0.00%)
[INFO GPL-0109] Timing-driven: inserted buffers as reported by repair_design: 3
[INFO GPL-0110] Timing-driven: new target density: 0.70454127
[NesterovSolve] Iter: 1870 overflow: 0.141 HPWL: 608129337
[NesterovSolve] Iter: 1880 overflow: 0.121 HPWL: 608004215
[NesterovSolve] Iter: 1890 overflow: 0.103 HPWL: 608562148
[NesterovSolve] Finished with Overflow: 0.098373
Took 159 seconds: global_placement -density 0.6 -pad_left 0 -pad_right 0 -routability_driven -timing_driven
Report metrics stage 3, global place...

==========================================================================
global place report_design_area
--------------------------------------------------------------------------
Design area 251360 u^2 44% utilization.
Elapsed time: 2:48.24[h:]min:sec. CPU time: user 880.96 sys 2.20 (524%). Peak memory: 869696KB.
