OpenROAD v2.0-19814-g250e48e05 
Features included (+) or not (-): +GPU +GUI +Python
This program is licensed under the BSD-3 license. See the LICENSE file for details.
Components of this program may be licensed under more restrictive licenses which must be honored.
[INFO ORD-0030] Using 8 thread(s).
global_placement -skip_io -density 0.62 -pad_left 0 -pad_right 0
[INFO GPL-0002] DBU: 1000
[INFO GPL-0003] SiteSize: (  0.460  2.720 ) um
[INFO GPL-0004] CoreBBox: (  1.380  2.720 ) ( 655.500 655.520 ) um
[INFO GPL-0006] NumInstances:             20746
[INFO GPL-0007] NumPlaceInstances:        15059
[INFO GPL-0008] NumFixedInstances:         5687
[INFO GPL-0009] NumDummyInstances:            0
[INFO GPL-0010] NumNets:                  16335
[INFO GPL-0011] NumPins:                  64297
[INFO GPL-0012] DieBBox:  (  0.000  0.000 ) ( 656.660 656.660 ) um
[INFO GPL-0013] CoreBBox: (  1.380  2.720 ) ( 655.500 655.520 ) um
[INFO GPL-0016] CoreArea:            427009.536 um^2
[INFO GPL-0017] NonPlaceInstsArea:     7115.574 um^2
[INFO GPL-0018] PlaceInstsArea:      213370.890 um^2
[INFO GPL-0019] Util:                    50.815 %
[INFO GPL-0020] StdInstsArea:        213370.890 um^2
[INFO GPL-0021] MacroInstsArea:           0.000 um^2
[INFO GPL-0031] FillerInit:NumGCells:     18446
[INFO GPL-0032] FillerInit:NumGNets:      16335
[INFO GPL-0033] FillerInit:NumGPins:      64297
[INFO GPL-0023] TargetDensity:            0.620
[INFO GPL-0024] AvrgPlaceInstArea:       14.169 um^2
[INFO GPL-0025] IdealBinArea:            22.853 um^2
[INFO GPL-0026] IdealBinCnt:              18684
[INFO GPL-0027] TotalBinArea:        427009.536 um^2
[INFO GPL-0028] BinCnt:       128    128
[INFO GPL-0029] BinSize: (  5.111  5.100 )
[INFO GPL-0030] NumBins: 16384
[NesterovSolve] Iter:    1 overflow: 0.999 HPWL: 53633123
[NesterovSolve] Iter:   10 overflow: 0.999 HPWL: 24969812
[NesterovSolve] Iter:   20 overflow: 0.999 HPWL: 23034142
[NesterovSolve] Iter:   30 overflow: 0.999 HPWL: 22878952
[NesterovSolve] Iter:   40 overflow: 0.999 HPWL: 22621044
[NesterovSolve] Iter:   50 overflow: 0.999 HPWL: 22514128
[NesterovSolve] Iter:   60 overflow: 0.999 HPWL: 22363010
[NesterovSolve] Iter:   70 overflow: 0.999 HPWL: 22233052
[NesterovSolve] Iter:   80 overflow: 0.999 HPWL: 22097401
[NesterovSolve] Iter:   90 overflow: 0.999 HPWL: 21987773
[NesterovSolve] Iter:  100 overflow: 0.999 HPWL: 21941960
[NesterovSolve] Iter:  110 overflow: 0.998 HPWL: 22187928
[NesterovSolve] Iter:  120 overflow: 0.998 HPWL: 22867685
[NesterovSolve] Iter:  130 overflow: 0.998 HPWL: 24360423
[NesterovSolve] Iter:  140 overflow: 0.997 HPWL: 27555610
[NesterovSolve] Iter:  150 overflow: 0.995 HPWL: 35689022
[NesterovSolve] Iter:  160 overflow: 0.991 HPWL: 48595947
[NesterovSolve] Iter:  170 overflow: 0.985 HPWL: 63886625
[NesterovSolve] Iter:  180 overflow: 0.976 HPWL: 84036372
[NesterovSolve] Iter:  190 overflow: 0.965 HPWL: 106045303
[NesterovSolve] Iter:  200 overflow: 0.951 HPWL: 126629072
[NesterovSolve] Iter:  210 overflow: 0.935 HPWL: 145345237
[NesterovSolve] Iter:  220 overflow: 0.916 HPWL: 166670955
[NesterovSolve] Iter:  230 overflow: 0.894 HPWL: 192435695
[NesterovSolve] Iter:  240 overflow: 0.865 HPWL: 222228001
[NesterovSolve] Iter:  250 overflow: 0.830 HPWL: 253358563
[NesterovSolve] Iter:  260 overflow: 0.793 HPWL: 279095763
[NesterovSolve] Iter:  270 overflow: 0.752 HPWL: 300679851
[NesterovSolve] Iter:  280 overflow: 0.708 HPWL: 319332235
[NesterovSolve] Iter:  290 overflow: 0.667 HPWL: 339625468
[NesterovSolve] Iter:  300 overflow: 0.629 HPWL: 365897136
[NesterovSolve] Iter:  310 overflow: 0.587 HPWL: 385042118
[NesterovSolve] Iter:  320 overflow: 0.548 HPWL: 395475525
[NesterovSolve] Iter:  330 overflow: 0.506 HPWL: 399651853
[NesterovSolve] Iter:  340 overflow: 0.461 HPWL: 406981952
[NesterovSolve] Iter:  350 overflow: 0.416 HPWL: 412565504
[NesterovSolve] Iter:  360 overflow: 0.374 HPWL: 416407461
[NesterovSolve] Iter:  370 overflow: 0.335 HPWL: 420385657
[NesterovSolve] Iter:  380 overflow: 0.303 HPWL: 422546701
[NesterovSolve] Iter:  390 overflow: 0.274 HPWL: 425183583
[NesterovSolve] Iter:  400 overflow: 0.245 HPWL: 428121891
[NesterovSolve] Iter:  410 overflow: 0.220 HPWL: 430983618
[NesterovSolve] Iter:  420 overflow: 0.193 HPWL: 433264797
[NesterovSolve] Iter:  430 overflow: 0.168 HPWL: 435583167
[NesterovSolve] Iter:  440 overflow: 0.143 HPWL: 437740667
[NesterovSolve] Iter:  450 overflow: 0.119 HPWL: 439667773
[NesterovSolve] Iter:  460 overflow: 0.101 HPWL: 441514944
[NesterovSolve] Finished with Overflow: 0.098609
Took 11 seconds: global_placement -skip_io -density 0.62 -pad_left 0 -pad_right 0
Elapsed time: 0:11.09[h:]min:sec. CPU time: user 84.13 sys 0.19 (760%). Peak memory: 186412KB.
