OpenROAD v2.0-19814-g250e48e05 
Features included (+) or not (-): +GPU +GUI +Python
This program is licensed under the BSD-3 license. See the LICENSE file for details.
Components of this program may be licensed under more restrictive licenses which must be honored.
[INFO ORD-0030] Using 8 thread(s).
Deleted 0 routing obstructions
[INFO RCX-0431] Defined process_corner X with ext_model_index 0
[INFO RCX-0029] Defined extraction corner X
[INFO RCX-0435] Reading extraction model file /home/rohan/VLSI/OpenROAD-flow-scripts/flow/platforms/sky130hd/rcx_patterns.rules ...
[INFO RCX-0436] RC segment generation sha256_unrolled_pipelined (max_merge_res 50.0) ...
[INFO RCX-0040] Final 90318 rc segments
[INFO RCX-0439] Coupling Cap extraction sha256_unrolled_pipelined ...
[INFO RCX-0440] Coupling threshhold is 0.1000 fF, coupling capacitance less than 0.1000 fF will be grounded.
[INFO RCX-0442] 53% of 195234 wires extracted
[INFO RCX-0442] 100% of 195234 wires extracted
[INFO RCX-0045] Extract 17780 nets, 108073 rsegs, 108073 caps, 229365 ccs
[INFO RCX-0443] 17780 nets finished
[INFO PSM-0040] All shapes on net VDD are connected.
[INFO PSM-0073] Using bump pattern with x-pitch 140.0000um, y-pitch 140.0000um, and size 70.0000um with an reduction factor of 3x.
########## IR report #################
Net              : VDD
Corner           : default
Supply voltage   : 1.80e+00 V
Worstcase voltage: 1.78e+00 V
Average voltage  : 1.80e+00 V
Average IR drop  : 2.87e-03 V
Worstcase IR drop: 1.64e-02 V
Percentage drop  : 0.91 %
######################################
[INFO PSM-0040] All shapes on net VSS are connected.
[INFO PSM-0073] Using bump pattern with x-pitch 140.0000um, y-pitch 140.0000um, and size 70.0000um with an reduction factor of 3x.
########## IR report #################
Net              : VSS
Corner           : default
Supply voltage   : 0.00e+00 V
Worstcase voltage: 1.62e-02 V
Average voltage  : 2.80e-03 V
Average IR drop  : 2.80e-03 V
Worstcase IR drop: 1.62e-02 V
Percentage drop  : 0.90 %
######################################
Cell type report:                       Count       Area
  Fill cell                             31222  170724.99
  Tap cell                               5687    7115.57
  Antenna cell                            194     485.47
  Clock buffer                            427    8964.85
  Timing Repair Buffer                   1106    8553.20
  Inverter                                635    2712.60
  Clock inverter                          176    2095.76
  Sequential cell                        2787   78941.96
  Multi-Input combinational cell        11650  147415.13
  Total                                 53884  427009.54
Report metrics stage 6, finish...

==========================================================================
finish report_design_area
--------------------------------------------------------------------------
Design area 249169 u^2 58% utilization.
Elapsed time: 0:45.68[h:]min:sec. CPU time: user 41.46 sys 1.20 (93%). Peak memory: 697544KB.
