OpenROAD v2.0-19814-g250e48e05 
Features included (+) or not (-): +GPU +GUI +Python
This program is licensed under the BSD-3 license. See the LICENSE file for details.
Components of this program may be licensed under more restrictive licenses which must be honored.
[INFO ORD-0030] Using 8 thread(s).
global_placement -skip_io -density 0.62 -pad_left 0 -pad_right 0
[INFO GPL-0002] DBU: 1000
[INFO GPL-0003] SiteSize: (  0.460  2.720 ) um
[INFO GPL-0004] CoreBBox: (  1.380  2.720 ) ( 783.380 783.360 ) um
[INFO GPL-0006] NumInstances:             23151
[INFO GPL-0007] NumPlaceInstances:        15059
[INFO GPL-0008] NumFixedInstances:         8092
[INFO GPL-0009] NumDummyInstances:            0
[INFO GPL-0010] NumNets:                  16335
[INFO GPL-0011] NumPins:                  64297
[INFO GPL-0012] DieBBox:  (  0.000  0.000 ) ( 784.465 784.465 ) um
[INFO GPL-0013] CoreBBox: (  1.380  2.720 ) ( 783.380 783.360 ) um
[INFO GPL-0016] CoreArea:            610460.480 um^2
[INFO GPL-0017] NonPlaceInstsArea:    10124.710 um^2
[INFO GPL-0018] PlaceInstsArea:      213370.890 um^2
[INFO GPL-0019] Util:                    35.542 %
[INFO GPL-0020] StdInstsArea:        213370.890 um^2
[INFO GPL-0021] MacroInstsArea:           0.000 um^2
[INFO GPL-0031] FillerInit:NumGCells:     26515
[INFO GPL-0032] FillerInit:NumGNets:      16335
[INFO GPL-0033] FillerInit:NumGPins:      64297
[INFO GPL-0023] TargetDensity:            0.620
[INFO GPL-0024] AvrgPlaceInstArea:       14.169 um^2
[INFO GPL-0025] IdealBinArea:            22.853 um^2
[INFO GPL-0026] IdealBinCnt:              26712
[INFO GPL-0027] TotalBinArea:        610460.480 um^2
[INFO GPL-0028] BinCnt:       128    128
[INFO GPL-0029] BinSize: (  6.110  6.099 )
[INFO GPL-0030] NumBins: 16384
[NesterovSolve] Iter:    1 overflow: 0.999 HPWL: 55301710
[NesterovSolve] Iter:   10 overflow: 0.999 HPWL: 25229437
[NesterovSolve] Iter:   20 overflow: 0.999 HPWL: 23017615
[NesterovSolve] Iter:   30 overflow: 0.999 HPWL: 22890371
[NesterovSolve] Iter:   40 overflow: 0.999 HPWL: 22622123
[NesterovSolve] Iter:   50 overflow: 0.999 HPWL: 22513298
[NesterovSolve] Iter:   60 overflow: 0.999 HPWL: 22362472
[NesterovSolve] Iter:   70 overflow: 0.999 HPWL: 22230897
[NesterovSolve] Iter:   80 overflow: 0.998 HPWL: 22098771
[NesterovSolve] Iter:   90 overflow: 0.998 HPWL: 21997282
[NesterovSolve] Iter:  100 overflow: 0.998 HPWL: 21988537
[NesterovSolve] Iter:  110 overflow: 0.998 HPWL: 22333689
[NesterovSolve] Iter:  120 overflow: 0.998 HPWL: 23186365
[NesterovSolve] Iter:  130 overflow: 0.997 HPWL: 25075590
[NesterovSolve] Iter:  140 overflow: 0.996 HPWL: 28823024
[NesterovSolve] Iter:  150 overflow: 0.994 HPWL: 37211691
[NesterovSolve] Iter:  160 overflow: 0.990 HPWL: 52680973
[NesterovSolve] Iter:  170 overflow: 0.982 HPWL: 70174297
[NesterovSolve] Iter:  180 overflow: 0.972 HPWL: 92573943
[NesterovSolve] Iter:  190 overflow: 0.959 HPWL: 117256223
[NesterovSolve] Iter:  200 overflow: 0.943 HPWL: 139693427
[NesterovSolve] Iter:  210 overflow: 0.925 HPWL: 158060992
[NesterovSolve] Iter:  220 overflow: 0.906 HPWL: 177386660
[NesterovSolve] Iter:  230 overflow: 0.881 HPWL: 203265102
[NesterovSolve] Iter:  240 overflow: 0.849 HPWL: 235211824
[NesterovSolve] Iter:  250 overflow: 0.814 HPWL: 265334449
[NesterovSolve] Iter:  260 overflow: 0.775 HPWL: 290724705
[NesterovSolve] Iter:  270 overflow: 0.732 HPWL: 312335429
[NesterovSolve] Iter:  280 overflow: 0.686 HPWL: 328775581
[NesterovSolve] Iter:  290 overflow: 0.644 HPWL: 346705314
[NesterovSolve] Iter:  300 overflow: 0.605 HPWL: 368367906
[NesterovSolve] Iter:  310 overflow: 0.564 HPWL: 383482858
[NesterovSolve] Iter:  320 overflow: 0.521 HPWL: 390888182
[NesterovSolve] Iter:  330 overflow: 0.480 HPWL: 395923837
[NesterovSolve] Iter:  340 overflow: 0.434 HPWL: 402982953
[NesterovSolve] Iter:  350 overflow: 0.387 HPWL: 407190594
[NesterovSolve] Iter:  360 overflow: 0.345 HPWL: 411242626
[NesterovSolve] Iter:  370 overflow: 0.307 HPWL: 413210295
[NesterovSolve] Iter:  380 overflow: 0.275 HPWL: 415718618
[NesterovSolve] Iter:  390 overflow: 0.245 HPWL: 418978767
[NesterovSolve] Iter:  400 overflow: 0.219 HPWL: 421896060
[NesterovSolve] Iter:  410 overflow: 0.193 HPWL: 424737476
[NesterovSolve] Iter:  420 overflow: 0.172 HPWL: 427212156
[NesterovSolve] Iter:  430 overflow: 0.152 HPWL: 429433801
[NesterovSolve] Iter:  440 overflow: 0.132 HPWL: 431441902
[NesterovSolve] Iter:  450 overflow: 0.112 HPWL: 433359064
[NesterovSolve] Finished with Overflow: 0.099595
Took 8 seconds: global_placement -skip_io -density 0.62 -pad_left 0 -pad_right 0
Elapsed time: 0:08.66[h:]min:sec. CPU time: user 65.10 sys 0.15 (753%). Peak memory: 193856KB.
