OpenROAD v2.0-17941-g7fb347f37 
Features included (+) or not (-): +GPU +GUI +Python
This program is licensed under the BSD-3 license. See the LICENSE file for details.
Components of this program may be licensed under more restrictive licenses which must be honored.
[INFO ORD-0030] Using 8 thread(s).
Placement Analysis
---------------------------------
total displacement      47813.6 u
average displacement        2.0 u
max displacement           24.1 u
original HPWL          661402.5 u
legalized HPWL         709163.6 u
delta HPWL                    7 %

Detailed placement improvement.
Importing netlist into detailed improver.
[INFO DPO-0100] Creating network with 24325 cells, 771 terminals, 17509 edges, 67648 pins, and 0 blockages.
[INFO DPO-0109] Network stats: inst 25096, edges 17509, pins 67648
[INFO DPO-0110] Number of regions is 1
[INFO DPO-0401] Setting random seed to 1.
[INFO DPO-0402] Setting maximum displacement 5 1 to 13600 2720 units.
[INFO DPO-0320] Collected 8863 fixed cells.
[INFO DPO-0318] Collected 16233 single height cells.
[INFO DPO-0321] Collected 0 wide cells.
[INFO DPO-0322] Image (1380, 2720) - (784300, 783360)
[INFO DPO-0310] Assigned 16233 cells into segments.  Movement in X-direction is 0.000000, movement in Y-direction is 0.000000.
[INFO DPO-0313] Found 0 cells in wrong regions.
[INFO DPO-0315] Found 0 row alignment problems.
[INFO DPO-0314] Found 0 site alignment problems.
[INFO DPO-0311] Found 0 overlaps between adjacent cells.
[INFO DPO-0312] Found 0 edge spacing violations and 0 padding violations.
[INFO DPO-0303] Running algorithm for independent set matching.
[INFO DPO-0300] Set matching objective is wirelength.
[INFO DPO-0301] Pass   1 of matching; objective is 7.096610e+08.
[INFO DPO-0302] End of matching; objective is 7.086575e+08, improvement is 0.14 percent.
[INFO DPO-0303] Running algorithm for global swaps.
[INFO DPO-0306] Pass   1 of global swaps; hpwl is 7.001746e+08.
[INFO DPO-0306] Pass   2 of global swaps; hpwl is 6.989047e+08.
[INFO DPO-0307] End of global swaps; objective is 6.989047e+08, improvement is 1.38 percent.
[INFO DPO-0303] Running algorithm for vertical swaps.
[INFO DPO-0308] Pass   1 of vertical swaps; hpwl is 6.971331e+08.
[INFO DPO-0309] End of vertical swaps; objective is 6.971331e+08, improvement is 0.25 percent.
[INFO DPO-0303] Running algorithm for reordering.
[INFO DPO-0304] Pass   1 of reordering; objective is 6.964854e+08.
[INFO DPO-0305] End of reordering; objective is 6.964854e+08, improvement is 0.09 percent.
[INFO DPO-0303] Running algorithm for random improvement.
[INFO DPO-0324] Random improver is using displacement generator.
[INFO DPO-0325] Random improver is using hpwl objective.
[INFO DPO-0326] Random improver cost string is (a).
[INFO DPO-0332] End of pass, Generator displacement called 324660 times.
[INFO DPO-0335] Generator displacement, Cumulative attempts 324660, swaps 52009, moves 61278 since last reset.
[INFO DPO-0333] End of pass, Objective hpwl, Initial cost 6.944212e+08, Scratch cost 6.884406e+08, Incremental cost 6.884406e+08, Mismatch? N
[INFO DPO-0338] End of pass, Total cost is 6.884406e+08.
[INFO DPO-0327] Pass   1 of random improver; improvement in cost is 0.86 percent.
[INFO DPO-0328] End of random improver; improvement is 0.861233 percent.
[INFO DPO-0380] Cell flipping.
[INFO DPO-0382] Changed 7945 cell orientations for row compatibility.
[INFO DPO-0383] Performed 5018 cell flips.
[INFO DPO-0384] End of flipping; objective is 6.811694e+08, improvement is 1.35 percent.
[INFO DPO-0313] Found 0 cells in wrong regions.
[INFO DPO-0315] Found 0 row alignment problems.
[INFO DPO-0314] Found 0 site alignment problems.
[INFO DPO-0311] Found 0 overlaps between adjacent cells.
[INFO DPO-0312] Found 0 edge spacing violations and 0 padding violations.
Detailed Improvement Results
------------------------------------------
Original HPWL           709163.6 u
Final HPWL              678781.4 u
Delta HPWL                  -4.3 %

[INFO DPL-0020] Mirrored 674 instances
[INFO DPL-0021] HPWL before          678781.4 u
[INFO DPL-0022] HPWL after           678346.4 u
[INFO DPL-0023] HPWL delta               -0.1 %
[INFO FLW-0012] Placement violations .
Report metrics stage 3, detailed place...

==========================================================================
detailed place report_design_area
--------------------------------------------------------------------------
Design area 259519 u^2 42% utilization.
Elapsed time: 0:11.47[h:]min:sec. CPU time: user 11.35 sys 0.09 (99%). Peak memory: 315708KB.
