
==========================================================================
floorplan final report_tns
--------------------------------------------------------------------------
tns 0.00

==========================================================================
floorplan final report_wns
--------------------------------------------------------------------------
wns 0.00

==========================================================================
floorplan final report_worst_slack
--------------------------------------------------------------------------
worst slack 0.43

==========================================================================
floorplan final report_checks -path_delay min
--------------------------------------------------------------------------
Startpoint: ready_dash$_SDFF_PP0_
            (rising edge-triggered flip-flop clocked by core_clock)
Endpoint: ready$_DFF_P_ (rising edge-triggered flip-flop clocked by core_clock)
Path Group: core_clock
Path Type: min

Fanout     Cap    Slew   Delay    Time   Description
-----------------------------------------------------------------------------
                  0.00    0.00    0.00   clock core_clock (rise edge)
                          0.00    0.00   clock network delay (ideal)
                  0.00    0.00    0.00 ^ ready_dash$_SDFF_PP0_/CLK (sky130_fd_sc_hd__dfxtp_1)
     1    0.00    0.03    0.27    0.27 ^ ready_dash$_SDFF_PP0_/Q (sky130_fd_sc_hd__dfxtp_1)
                                         ready_dash (net)
                  0.03    0.00    0.27 ^ ready$_DFF_P_/D (sky130_fd_sc_hd__dfxtp_1)
                                  0.27   data arrival time

                  0.00    0.00    0.00   clock core_clock (rise edge)
                          0.00    0.00   clock network delay (ideal)
                          0.00    0.00   clock reconvergence pessimism
                                  0.00 ^ ready$_DFF_P_/CLK (sky130_fd_sc_hd__dfxtp_1)
                         -0.03   -0.03   library hold time
                                 -0.03   data required time
-----------------------------------------------------------------------------
                                 -0.03   data required time
                                 -0.27   data arrival time
-----------------------------------------------------------------------------
                                  0.31   slack (MET)



==========================================================================
floorplan final report_checks -path_delay max
--------------------------------------------------------------------------
Startpoint: hash/p2_cap[12]$_DFF_P_
            (rising edge-triggered flip-flop clocked by core_clock)
Endpoint: hash/p2_cap[30]$_DFF_P_
          (rising edge-triggered flip-flop clocked by core_clock)
Path Group: core_clock
Path Type: max

Fanout     Cap    Slew   Delay    Time   Description
-----------------------------------------------------------------------------
                  0.00    0.00    0.00   clock core_clock (rise edge)
                          0.00    0.00   clock network delay (ideal)
                  0.00    0.00    0.00 ^ hash/p2_cap[12]$_DFF_P_/CLK (sky130_fd_sc_hd__dfxtp_1)
     5    0.01    0.14    0.35    0.35 ^ hash/p2_cap[12]$_DFF_P_/Q (sky130_fd_sc_hd__dfxtp_1)
                                         hash/p2_cap[12] (net)
                  0.14    0.00    0.35 ^ hash/CA2/S1/_11_/A (sky130_fd_sc_hd__xor3_1)
     2    0.01    0.11    0.47    0.83 v hash/CA2/S1/_11_/X (sky130_fd_sc_hd__xor3_1)
                                         hash/CA2/s1[1] (net)
                  0.11    0.00    0.83 v hash/CA2/_2243_/A (sky130_fd_sc_hd__ha_1)
     2    0.00    0.06    0.32    1.15 v hash/CA2/_2243_/SUM (sky130_fd_sc_hd__ha_1)
                                         hash/CA2/_0935_ (net)
                  0.06    0.00    1.15 v hash/CA2/_1246_/A2 (sky130_fd_sc_hd__a211oi_1)
     2    0.00    0.23    0.26    1.41 ^ hash/CA2/_1246_/Y (sky130_fd_sc_hd__a211oi_1)
                                         hash/CA2/_0537_ (net)
                  0.23    0.00    1.41 ^ hash/CA2/_1249_/A1 (sky130_fd_sc_hd__o21ai_0)
     2    0.00    0.09    0.14    1.54 v hash/CA2/_1249_/Y (sky130_fd_sc_hd__o21ai_0)
                                         hash/CA2/_0540_ (net)
                  0.09    0.00    1.54 v hash/CA2/_1263_/C (sky130_fd_sc_hd__and4_1)
     2    0.00    0.05    0.21    1.75 v hash/CA2/_1263_/X (sky130_fd_sc_hd__and4_1)
                                         hash/CA2/_0548_ (net)
                  0.05    0.00    1.75 v hash/CA2/_1310_/A1 (sky130_fd_sc_hd__o21ai_1)
     3    0.01    0.18    0.18    1.94 ^ hash/CA2/_1310_/Y (sky130_fd_sc_hd__o21ai_1)
                                         hash/CA2/_0577_ (net)
                  0.18    0.00    1.94 ^ hash/CA2/_1312_/A1 (sky130_fd_sc_hd__a21oi_1)
     1    0.00    0.05    0.08    2.02 v hash/CA2/_1312_/Y (sky130_fd_sc_hd__a21oi_1)
                                         hash/CA2/_0579_ (net)
                  0.05    0.00    2.02 v hash/CA2/_1313_/A2 (sky130_fd_sc_hd__o21ai_0)
     2    0.00    0.19    0.18    2.20 ^ hash/CA2/_1313_/Y (sky130_fd_sc_hd__o21ai_0)
                                         hash/CA2/_0580_ (net)
                  0.19    0.00    2.20 ^ hash/CA2/_1325_/A2 (sky130_fd_sc_hd__a21oi_1)
     2    0.00    0.07    0.11    2.31 v hash/CA2/_1325_/Y (sky130_fd_sc_hd__a21oi_1)
                                         hash/CA2/_0586_ (net)
                  0.07    0.00    2.31 v hash/CA2/_1345_/A1 (sky130_fd_sc_hd__o31ai_1)
     2    0.01    0.35    0.35    2.66 ^ hash/CA2/_1345_/Y (sky130_fd_sc_hd__o31ai_1)
                                         hash/CA2/_0600_ (net)
                  0.35    0.00    2.66 ^ hash/CA2/_1346_/B (sky130_fd_sc_hd__xnor2_1)
     2    0.01    0.17    0.18    2.84 ^ hash/CA2/_1346_/Y (sky130_fd_sc_hd__xnor2_1)
                                         hash/CA2/_1047_ (net)
                  0.17    0.00    2.84 ^ hash/CA2/_2284_/B (sky130_fd_sc_hd__ha_1)
     4    0.01    0.10    0.30    3.14 v hash/CA2/_2284_/SUM (sky130_fd_sc_hd__ha_1)
                                         hash/CA2/_1049_ (net)
                  0.10    0.00    3.14 v hash/CA2/_2068_/A1 (sky130_fd_sc_hd__a21oi_2)
     5    0.01    0.16    0.19    3.33 ^ hash/CA2/_2068_/Y (sky130_fd_sc_hd__a21oi_2)
                                         hash/CA2/_0463_ (net)
                  0.16    0.00    3.33 ^ hash/CA2/_2097_/A1 (sky130_fd_sc_hd__o21ai_0)
     1    0.00    0.07    0.10    3.43 v hash/CA2/_2097_/Y (sky130_fd_sc_hd__o21ai_0)
                                         hash/CA2/_0487_ (net)
                  0.07    0.00    3.43 v hash/CA2/_2098_/A2 (sky130_fd_sc_hd__a21o_1)
     1    0.00    0.03    0.18    3.61 v hash/CA2/_2098_/X (sky130_fd_sc_hd__a21o_1)
                                         hash/CA2/_0488_ (net)
                  0.03    0.00    3.61 v hash/CA2/_2099_/A2 (sky130_fd_sc_hd__a21o_1)
     1    0.00    0.03    0.16    3.77 v hash/CA2/_2099_/X (sky130_fd_sc_hd__a21o_1)
                                         hash/CA2/_0489_ (net)
                  0.03    0.00    3.77 v hash/CA2/_2100_/A2 (sky130_fd_sc_hd__a21oi_1)
     1    0.00    0.10    0.12    3.89 ^ hash/CA2/_2100_/Y (sky130_fd_sc_hd__a21oi_1)
                                         hash/CA2/_0490_ (net)
                  0.10    0.00    3.89 ^ hash/CA2/_2101_/A (sky130_fd_sc_hd__inv_1)
     2    0.01    0.04    0.06    3.96 v hash/CA2/_2101_/Y (sky130_fd_sc_hd__inv_1)
                                         hash/CA2/_0491_ (net)
                  0.04    0.00    3.96 v hash/CA2/_2102_/B1 (sky130_fd_sc_hd__a41o_4)
     4    0.01    0.05    0.25    4.20 v hash/CA2/_2102_/X (sky130_fd_sc_hd__a41o_4)
                                         hash/CA2/_0492_ (net)
                  0.05    0.00    4.20 v hash/CA2/_2127_/A1 (sky130_fd_sc_hd__o211ai_1)
     1    0.00    0.18    0.19    4.39 ^ hash/CA2/_2127_/Y (sky130_fd_sc_hd__o211ai_1)
                                         hash/CA2/_0512_ (net)
                  0.18    0.00    4.39 ^ hash/CA2/_2128_/B (sky130_fd_sc_hd__xor2_1)
     2    0.01    0.24    0.25    4.65 ^ hash/CA2/_2128_/X (sky130_fd_sc_hd__xor2_1)
                                         hash/e_new[31] (net)
                  0.24    0.00    4.65 ^ hash/_2117_/A0 (sky130_fd_sc_hd__mux2_8)
     5    0.02    0.13    0.23    4.88 ^ hash/_2117_/X (sky130_fd_sc_hd__mux2_8)
                                         hash/e[31] (net)
                  0.13    0.00    4.88 ^ hash/CA1/S1/_28_/C (sky130_fd_sc_hd__xor3_1)
     1    0.00    0.07    0.23    5.10 v hash/CA1/S1/_28_/X (sky130_fd_sc_hd__xor3_1)
                                         hash/CA1/s1[6] (net)
                  0.07    0.00    5.10 v hash/CA1/_3661_/A (sky130_fd_sc_hd__ha_1)
     4    0.01    0.09    0.34    5.45 v hash/CA1/_3661_/SUM (sky130_fd_sc_hd__ha_1)
                                         hash/CA1/_1682_ (net)
                  0.09    0.00    5.45 v hash/CA1/_2053_/A1 (sky130_fd_sc_hd__o21a_1)
     1    0.00    0.03    0.19    5.64 v hash/CA1/_2053_/X (sky130_fd_sc_hd__o21a_1)
                                         hash/CA1/_0043_ (net)
                  0.03    0.00    5.64 v hash/CA1/_2054_/A2 (sky130_fd_sc_hd__o21a_1)
     1    0.00    0.03    0.15    5.79 v hash/CA1/_2054_/X (sky130_fd_sc_hd__o21a_1)
                                         hash/CA1/_0044_ (net)
                  0.03    0.00    5.79 v hash/CA1/_2055_/A2 (sky130_fd_sc_hd__o22ai_1)
     1    0.00    0.16    0.16    5.95 ^ hash/CA1/_2055_/Y (sky130_fd_sc_hd__o22ai_1)
                                         hash/CA1/_0045_ (net)
                  0.16    0.00    5.95 ^ hash/CA1/_2056_/B1 (sky130_fd_sc_hd__a21oi_2)
     3    0.01    0.07    0.07    6.02 v hash/CA1/_2056_/Y (sky130_fd_sc_hd__a21oi_2)
                                         hash/CA1/_0046_ (net)
                  0.07    0.00    6.02 v hash/CA1/_2112_/A1_N (sky130_fd_sc_hd__o2bb2ai_2)
     5    0.01    0.07    0.15    6.17 v hash/CA1/_2112_/Y (sky130_fd_sc_hd__o2bb2ai_2)
                                         hash/CA1/_0085_ (net)
                  0.07    0.00    6.17 v hash/CA1/_2202_/A1 (sky130_fd_sc_hd__a211o_1)
     1    0.00    0.05    0.25    6.42 v hash/CA1/_2202_/X (sky130_fd_sc_hd__a211o_1)
                                         hash/CA1/_0148_ (net)
                  0.05    0.00    6.42 v hash/CA1/_2203_/A2 (sky130_fd_sc_hd__a21oi_1)
     2    0.01    0.19    0.20    6.62 ^ hash/CA1/_2203_/Y (sky130_fd_sc_hd__a21oi_1)
                                         hash/CA1/_0149_ (net)
                  0.19    0.00    6.62 ^ hash/CA1/_2258_/B (sky130_fd_sc_hd__nor2_1)
     1    0.00    0.05    0.06    6.67 v hash/CA1/_2258_/Y (sky130_fd_sc_hd__nor2_1)
                                         hash/CA1/_0187_ (net)
                  0.05    0.00    6.67 v hash/CA1/_2262_/A1 (sky130_fd_sc_hd__a221o_1)
     2    0.01    0.08    0.35    7.02 v hash/CA1/_2262_/X (sky130_fd_sc_hd__a221o_1)
                                         hash/CA1/_0191_ (net)
                  0.08    0.00    7.02 v hash/CA1/_2702_/B (sky130_fd_sc_hd__xor2_1)
     1    0.01    0.18    0.18    7.20 ^ hash/CA1/_2702_/X (sky130_fd_sc_hd__xor2_1)
                                         hash/CA1/_1374_ (net)
                  0.18    0.00    7.20 ^ hash/CA1/_3536_/B (sky130_fd_sc_hd__fa_1)
     1    0.00    0.08    0.44    7.64 v hash/CA1/_3536_/SUM (sky130_fd_sc_hd__fa_1)
                                         hash/CA1/_1376_ (net)
                  0.08    0.00    7.64 v hash/CA1/_3757_/A (sky130_fd_sc_hd__ha_1)
     3    0.01    0.09    0.35    7.99 v hash/CA1/_3757_/SUM (sky130_fd_sc_hd__ha_1)
                                         hash/CA1/_1953_ (net)
                  0.09    0.00    7.99 v hash/CA1/_2978_/A1 (sky130_fd_sc_hd__a21o_1)
     1    0.00    0.03    0.17    8.15 v hash/CA1/_2978_/X (sky130_fd_sc_hd__a21o_1)
                                         hash/CA1/_0615_ (net)
                  0.03    0.00    8.15 v hash/CA1/_2979_/A2 (sky130_fd_sc_hd__a21oi_1)
     2    0.01    0.19    0.19    8.34 ^ hash/CA1/_2979_/Y (sky130_fd_sc_hd__a21oi_1)
                                         hash/CA1/_0616_ (net)
                  0.19    0.00    8.34 ^ hash/CA1/_2980_/B1 (sky130_fd_sc_hd__o21ai_2)
     6    0.01    0.09    0.11    8.46 v hash/CA1/_2980_/Y (sky130_fd_sc_hd__o21ai_2)
                                         hash/CA1/_0617_ (net)
                  0.09    0.00    8.46 v hash/CA1/_3014_/A2 (sky130_fd_sc_hd__a21o_1)
     1    0.00    0.03    0.18    8.64 v hash/CA1/_3014_/X (sky130_fd_sc_hd__a21o_1)
                                         hash/CA1/_0647_ (net)
                  0.03    0.00    8.64 v hash/CA1/_3015_/A2 (sky130_fd_sc_hd__a211o_1)
     2    0.00    0.05    0.28    8.92 v hash/CA1/_3015_/X (sky130_fd_sc_hd__a211o_1)
                                         hash/CA1/_0648_ (net)
                  0.05    0.00    8.92 v hash/CA1/_3018_/A (sky130_fd_sc_hd__or4_1)
     1    0.00    0.08    0.51    9.43 v hash/CA1/_3018_/X (sky130_fd_sc_hd__or4_1)
                                         hash/CA1/_0651_ (net)
                  0.08    0.00    9.43 v hash/CA1/_3022_/B (sky130_fd_sc_hd__nand3_1)
     1    0.00    0.05    0.08    9.51 ^ hash/CA1/_3022_/Y (sky130_fd_sc_hd__nand3_1)
                                         hash/p2[30] (net)
                  0.05    0.00    9.51 ^ hash/p2_cap[30]$_DFF_P_/D (sky130_fd_sc_hd__dfxtp_1)
                                  9.51   data arrival time

                  0.00   10.00   10.00   clock core_clock (rise edge)
                          0.00   10.00   clock network delay (ideal)
                          0.00   10.00   clock reconvergence pessimism
                                 10.00 ^ hash/p2_cap[30]$_DFF_P_/CLK (sky130_fd_sc_hd__dfxtp_1)
                         -0.06    9.94   library setup time
                                  9.94   data required time
-----------------------------------------------------------------------------
                                  9.94   data required time
                                 -9.51   data arrival time
-----------------------------------------------------------------------------
                                  0.43   slack (MET)



==========================================================================
floorplan final report_checks -unconstrained
--------------------------------------------------------------------------
Startpoint: hash/p2_cap[12]$_DFF_P_
            (rising edge-triggered flip-flop clocked by core_clock)
Endpoint: hash/p2_cap[30]$_DFF_P_
          (rising edge-triggered flip-flop clocked by core_clock)
Path Group: core_clock
Path Type: max

Fanout     Cap    Slew   Delay    Time   Description
-----------------------------------------------------------------------------
                  0.00    0.00    0.00   clock core_clock (rise edge)
                          0.00    0.00   clock network delay (ideal)
                  0.00    0.00    0.00 ^ hash/p2_cap[12]$_DFF_P_/CLK (sky130_fd_sc_hd__dfxtp_1)
     5    0.01    0.14    0.35    0.35 ^ hash/p2_cap[12]$_DFF_P_/Q (sky130_fd_sc_hd__dfxtp_1)
                                         hash/p2_cap[12] (net)
                  0.14    0.00    0.35 ^ hash/CA2/S1/_11_/A (sky130_fd_sc_hd__xor3_1)
     2    0.01    0.11    0.47    0.83 v hash/CA2/S1/_11_/X (sky130_fd_sc_hd__xor3_1)
                                         hash/CA2/s1[1] (net)
                  0.11    0.00    0.83 v hash/CA2/_2243_/A (sky130_fd_sc_hd__ha_1)
     2    0.00    0.06    0.32    1.15 v hash/CA2/_2243_/SUM (sky130_fd_sc_hd__ha_1)
                                         hash/CA2/_0935_ (net)
                  0.06    0.00    1.15 v hash/CA2/_1246_/A2 (sky130_fd_sc_hd__a211oi_1)
     2    0.00    0.23    0.26    1.41 ^ hash/CA2/_1246_/Y (sky130_fd_sc_hd__a211oi_1)
                                         hash/CA2/_0537_ (net)
                  0.23    0.00    1.41 ^ hash/CA2/_1249_/A1 (sky130_fd_sc_hd__o21ai_0)
     2    0.00    0.09    0.14    1.54 v hash/CA2/_1249_/Y (sky130_fd_sc_hd__o21ai_0)
                                         hash/CA2/_0540_ (net)
                  0.09    0.00    1.54 v hash/CA2/_1263_/C (sky130_fd_sc_hd__and4_1)
     2    0.00    0.05    0.21    1.75 v hash/CA2/_1263_/X (sky130_fd_sc_hd__and4_1)
                                         hash/CA2/_0548_ (net)
                  0.05    0.00    1.75 v hash/CA2/_1310_/A1 (sky130_fd_sc_hd__o21ai_1)
     3    0.01    0.18    0.18    1.94 ^ hash/CA2/_1310_/Y (sky130_fd_sc_hd__o21ai_1)
                                         hash/CA2/_0577_ (net)
                  0.18    0.00    1.94 ^ hash/CA2/_1312_/A1 (sky130_fd_sc_hd__a21oi_1)
     1    0.00    0.05    0.08    2.02 v hash/CA2/_1312_/Y (sky130_fd_sc_hd__a21oi_1)
                                         hash/CA2/_0579_ (net)
                  0.05    0.00    2.02 v hash/CA2/_1313_/A2 (sky130_fd_sc_hd__o21ai_0)
     2    0.00    0.19    0.18    2.20 ^ hash/CA2/_1313_/Y (sky130_fd_sc_hd__o21ai_0)
                                         hash/CA2/_0580_ (net)
                  0.19    0.00    2.20 ^ hash/CA2/_1325_/A2 (sky130_fd_sc_hd__a21oi_1)
     2    0.00    0.07    0.11    2.31 v hash/CA2/_1325_/Y (sky130_fd_sc_hd__a21oi_1)
                                         hash/CA2/_0586_ (net)
                  0.07    0.00    2.31 v hash/CA2/_1345_/A1 (sky130_fd_sc_hd__o31ai_1)
     2    0.01    0.35    0.35    2.66 ^ hash/CA2/_1345_/Y (sky130_fd_sc_hd__o31ai_1)
                                         hash/CA2/_0600_ (net)
                  0.35    0.00    2.66 ^ hash/CA2/_1346_/B (sky130_fd_sc_hd__xnor2_1)
     2    0.01    0.17    0.18    2.84 ^ hash/CA2/_1346_/Y (sky130_fd_sc_hd__xnor2_1)
                                         hash/CA2/_1047_ (net)
                  0.17    0.00    2.84 ^ hash/CA2/_2284_/B (sky130_fd_sc_hd__ha_1)
     4    0.01    0.10    0.30    3.14 v hash/CA2/_2284_/SUM (sky130_fd_sc_hd__ha_1)
                                         hash/CA2/_1049_ (net)
                  0.10    0.00    3.14 v hash/CA2/_2068_/A1 (sky130_fd_sc_hd__a21oi_2)
     5    0.01    0.16    0.19    3.33 ^ hash/CA2/_2068_/Y (sky130_fd_sc_hd__a21oi_2)
                                         hash/CA2/_0463_ (net)
                  0.16    0.00    3.33 ^ hash/CA2/_2097_/A1 (sky130_fd_sc_hd__o21ai_0)
     1    0.00    0.07    0.10    3.43 v hash/CA2/_2097_/Y (sky130_fd_sc_hd__o21ai_0)
                                         hash/CA2/_0487_ (net)
                  0.07    0.00    3.43 v hash/CA2/_2098_/A2 (sky130_fd_sc_hd__a21o_1)
     1    0.00    0.03    0.18    3.61 v hash/CA2/_2098_/X (sky130_fd_sc_hd__a21o_1)
                                         hash/CA2/_0488_ (net)
                  0.03    0.00    3.61 v hash/CA2/_2099_/A2 (sky130_fd_sc_hd__a21o_1)
     1    0.00    0.03    0.16    3.77 v hash/CA2/_2099_/X (sky130_fd_sc_hd__a21o_1)
                                         hash/CA2/_0489_ (net)
                  0.03    0.00    3.77 v hash/CA2/_2100_/A2 (sky130_fd_sc_hd__a21oi_1)
     1    0.00    0.10    0.12    3.89 ^ hash/CA2/_2100_/Y (sky130_fd_sc_hd__a21oi_1)
                                         hash/CA2/_0490_ (net)
                  0.10    0.00    3.89 ^ hash/CA2/_2101_/A (sky130_fd_sc_hd__inv_1)
     2    0.01    0.04    0.06    3.96 v hash/CA2/_2101_/Y (sky130_fd_sc_hd__inv_1)
                                         hash/CA2/_0491_ (net)
                  0.04    0.00    3.96 v hash/CA2/_2102_/B1 (sky130_fd_sc_hd__a41o_4)
     4    0.01    0.05    0.25    4.20 v hash/CA2/_2102_/X (sky130_fd_sc_hd__a41o_4)
                                         hash/CA2/_0492_ (net)
                  0.05    0.00    4.20 v hash/CA2/_2127_/A1 (sky130_fd_sc_hd__o211ai_1)
     1    0.00    0.18    0.19    4.39 ^ hash/CA2/_2127_/Y (sky130_fd_sc_hd__o211ai_1)
                                         hash/CA2/_0512_ (net)
                  0.18    0.00    4.39 ^ hash/CA2/_2128_/B (sky130_fd_sc_hd__xor2_1)
     2    0.01    0.24    0.25    4.65 ^ hash/CA2/_2128_/X (sky130_fd_sc_hd__xor2_1)
                                         hash/e_new[31] (net)
                  0.24    0.00    4.65 ^ hash/_2117_/A0 (sky130_fd_sc_hd__mux2_8)
     5    0.02    0.13    0.23    4.88 ^ hash/_2117_/X (sky130_fd_sc_hd__mux2_8)
                                         hash/e[31] (net)
                  0.13    0.00    4.88 ^ hash/CA1/S1/_28_/C (sky130_fd_sc_hd__xor3_1)
     1    0.00    0.07    0.23    5.10 v hash/CA1/S1/_28_/X (sky130_fd_sc_hd__xor3_1)
                                         hash/CA1/s1[6] (net)
                  0.07    0.00    5.10 v hash/CA1/_3661_/A (sky130_fd_sc_hd__ha_1)
     4    0.01    0.09    0.34    5.45 v hash/CA1/_3661_/SUM (sky130_fd_sc_hd__ha_1)
                                         hash/CA1/_1682_ (net)
                  0.09    0.00    5.45 v hash/CA1/_2053_/A1 (sky130_fd_sc_hd__o21a_1)
     1    0.00    0.03    0.19    5.64 v hash/CA1/_2053_/X (sky130_fd_sc_hd__o21a_1)
                                         hash/CA1/_0043_ (net)
                  0.03    0.00    5.64 v hash/CA1/_2054_/A2 (sky130_fd_sc_hd__o21a_1)
     1    0.00    0.03    0.15    5.79 v hash/CA1/_2054_/X (sky130_fd_sc_hd__o21a_1)
                                         hash/CA1/_0044_ (net)
                  0.03    0.00    5.79 v hash/CA1/_2055_/A2 (sky130_fd_sc_hd__o22ai_1)
     1    0.00    0.16    0.16    5.95 ^ hash/CA1/_2055_/Y (sky130_fd_sc_hd__o22ai_1)
                                         hash/CA1/_0045_ (net)
                  0.16    0.00    5.95 ^ hash/CA1/_2056_/B1 (sky130_fd_sc_hd__a21oi_2)
     3    0.01    0.07    0.07    6.02 v hash/CA1/_2056_/Y (sky130_fd_sc_hd__a21oi_2)
                                         hash/CA1/_0046_ (net)
                  0.07    0.00    6.02 v hash/CA1/_2112_/A1_N (sky130_fd_sc_hd__o2bb2ai_2)
     5    0.01    0.07    0.15    6.17 v hash/CA1/_2112_/Y (sky130_fd_sc_hd__o2bb2ai_2)
                                         hash/CA1/_0085_ (net)
                  0.07    0.00    6.17 v hash/CA1/_2202_/A1 (sky130_fd_sc_hd__a211o_1)
     1    0.00    0.05    0.25    6.42 v hash/CA1/_2202_/X (sky130_fd_sc_hd__a211o_1)
                                         hash/CA1/_0148_ (net)
                  0.05    0.00    6.42 v hash/CA1/_2203_/A2 (sky130_fd_sc_hd__a21oi_1)
     2    0.01    0.19    0.20    6.62 ^ hash/CA1/_2203_/Y (sky130_fd_sc_hd__a21oi_1)
                                         hash/CA1/_0149_ (net)
                  0.19    0.00    6.62 ^ hash/CA1/_2258_/B (sky130_fd_sc_hd__nor2_1)
     1    0.00    0.05    0.06    6.67 v hash/CA1/_2258_/Y (sky130_fd_sc_hd__nor2_1)
                                         hash/CA1/_0187_ (net)
                  0.05    0.00    6.67 v hash/CA1/_2262_/A1 (sky130_fd_sc_hd__a221o_1)
     2    0.01    0.08    0.35    7.02 v hash/CA1/_2262_/X (sky130_fd_sc_hd__a221o_1)
                                         hash/CA1/_0191_ (net)
                  0.08    0.00    7.02 v hash/CA1/_2702_/B (sky130_fd_sc_hd__xor2_1)
     1    0.01    0.18    0.18    7.20 ^ hash/CA1/_2702_/X (sky130_fd_sc_hd__xor2_1)
                                         hash/CA1/_1374_ (net)
                  0.18    0.00    7.20 ^ hash/CA1/_3536_/B (sky130_fd_sc_hd__fa_1)
     1    0.00    0.08    0.44    7.64 v hash/CA1/_3536_/SUM (sky130_fd_sc_hd__fa_1)
                                         hash/CA1/_1376_ (net)
                  0.08    0.00    7.64 v hash/CA1/_3757_/A (sky130_fd_sc_hd__ha_1)
     3    0.01    0.09    0.35    7.99 v hash/CA1/_3757_/SUM (sky130_fd_sc_hd__ha_1)
                                         hash/CA1/_1953_ (net)
                  0.09    0.00    7.99 v hash/CA1/_2978_/A1 (sky130_fd_sc_hd__a21o_1)
     1    0.00    0.03    0.17    8.15 v hash/CA1/_2978_/X (sky130_fd_sc_hd__a21o_1)
                                         hash/CA1/_0615_ (net)
                  0.03    0.00    8.15 v hash/CA1/_2979_/A2 (sky130_fd_sc_hd__a21oi_1)
     2    0.01    0.19    0.19    8.34 ^ hash/CA1/_2979_/Y (sky130_fd_sc_hd__a21oi_1)
                                         hash/CA1/_0616_ (net)
                  0.19    0.00    8.34 ^ hash/CA1/_2980_/B1 (sky130_fd_sc_hd__o21ai_2)
     6    0.01    0.09    0.11    8.46 v hash/CA1/_2980_/Y (sky130_fd_sc_hd__o21ai_2)
                                         hash/CA1/_0617_ (net)
                  0.09    0.00    8.46 v hash/CA1/_3014_/A2 (sky130_fd_sc_hd__a21o_1)
     1    0.00    0.03    0.18    8.64 v hash/CA1/_3014_/X (sky130_fd_sc_hd__a21o_1)
                                         hash/CA1/_0647_ (net)
                  0.03    0.00    8.64 v hash/CA1/_3015_/A2 (sky130_fd_sc_hd__a211o_1)
     2    0.00    0.05    0.28    8.92 v hash/CA1/_3015_/X (sky130_fd_sc_hd__a211o_1)
                                         hash/CA1/_0648_ (net)
                  0.05    0.00    8.92 v hash/CA1/_3018_/A (sky130_fd_sc_hd__or4_1)
     1    0.00    0.08    0.51    9.43 v hash/CA1/_3018_/X (sky130_fd_sc_hd__or4_1)
                                         hash/CA1/_0651_ (net)
                  0.08    0.00    9.43 v hash/CA1/_3022_/B (sky130_fd_sc_hd__nand3_1)
     1    0.00    0.05    0.08    9.51 ^ hash/CA1/_3022_/Y (sky130_fd_sc_hd__nand3_1)
                                         hash/p2[30] (net)
                  0.05    0.00    9.51 ^ hash/p2_cap[30]$_DFF_P_/D (sky130_fd_sc_hd__dfxtp_1)
                                  9.51   data arrival time

                  0.00   10.00   10.00   clock core_clock (rise edge)
                          0.00   10.00   clock network delay (ideal)
                          0.00   10.00   clock reconvergence pessimism
                                 10.00 ^ hash/p2_cap[30]$_DFF_P_/CLK (sky130_fd_sc_hd__dfxtp_1)
                         -0.06    9.94   library setup time
                                  9.94   data required time
-----------------------------------------------------------------------------
                                  9.94   data required time
                                 -9.51   data arrival time
-----------------------------------------------------------------------------
                                  0.43   slack (MET)



==========================================================================
floorplan final report_power
--------------------------------------------------------------------------
Group                  Internal  Switching    Leakage      Total
                          Power      Power      Power      Power (Watts)
----------------------------------------------------------------
Sequential             1.97e-02   1.59e-03   2.80e-08   2.13e-02   9.2%
Combinational          1.16e-01   9.47e-02   5.76e-08   2.11e-01  90.8%
Clock                  0.00e+00   0.00e+00   0.00e+00   0.00e+00   0.0%
Macro                  0.00e+00   0.00e+00   0.00e+00   0.00e+00   0.0%
Pad                    0.00e+00   0.00e+00   0.00e+00   0.00e+00   0.0%
----------------------------------------------------------------
Total                  1.36e-01   9.63e-02   8.56e-08   2.32e-01 100.0%
                          58.5%      41.5%       0.0%
