
==========================================================================
global place report_tns
--------------------------------------------------------------------------
tns -13.35

==========================================================================
global place report_wns
--------------------------------------------------------------------------
wns -0.98

==========================================================================
global place report_worst_slack
--------------------------------------------------------------------------
worst slack -0.98

==========================================================================
global place report_checks -path_delay min
--------------------------------------------------------------------------
Startpoint: count_2[6]$_SDFFE_PP0N_
            (rising edge-triggered flip-flop clocked by core_clock)
Endpoint: count_2[6]$_SDFFE_PP0N_
          (rising edge-triggered flip-flop clocked by core_clock)
Path Group: core_clock
Path Type: min

Fanout     Cap    Slew   Delay    Time   Description
-----------------------------------------------------------------------------
                  0.00    0.00    0.00   clock core_clock (rise edge)
                          0.00    0.00   clock network delay (ideal)
                  0.00    0.00    0.00 ^ count_2[6]$_SDFFE_PP0N_/CLK (sky130_fd_sc_hd__dfxtp_1)
     4    0.01    0.11    0.33    0.33 ^ count_2[6]$_SDFFE_PP0N_/Q (sky130_fd_sc_hd__dfxtp_1)
                                         count_2[6] (net)
                  0.11    0.00    0.33 ^ _14629_/A0 (sky130_fd_sc_hd__mux2i_1)
     1    0.00    0.04    0.08    0.41 v _14629_/Y (sky130_fd_sc_hd__mux2i_1)
                                         _02841_ (net)
                  0.04    0.00    0.41 v _14630_/B (sky130_fd_sc_hd__nor2_1)
     1    0.00    0.07    0.07    0.49 ^ _14630_/Y (sky130_fd_sc_hd__nor2_1)
                                         _00708_ (net)
                  0.07    0.00    0.49 ^ count_2[6]$_SDFFE_PP0N_/D (sky130_fd_sc_hd__dfxtp_1)
                                  0.49   data arrival time

                  0.00    0.00    0.00   clock core_clock (rise edge)
                          0.00    0.00   clock network delay (ideal)
                          0.00    0.00   clock reconvergence pessimism
                                  0.00 ^ count_2[6]$_SDFFE_PP0N_/CLK (sky130_fd_sc_hd__dfxtp_1)
                         -0.04   -0.04   library hold time
                                 -0.04   data required time
-----------------------------------------------------------------------------
                                 -0.04   data required time
                                 -0.49   data arrival time
-----------------------------------------------------------------------------
                                  0.53   slack (MET)



==========================================================================
global place report_checks -path_delay max
--------------------------------------------------------------------------
Startpoint: hash/p2_cap[12]$_DFF_P_
            (rising edge-triggered flip-flop clocked by core_clock)
Endpoint: hash/p2_cap[29]$_DFF_P_
          (rising edge-triggered flip-flop clocked by core_clock)
Path Group: core_clock
Path Type: max

Fanout     Cap    Slew   Delay    Time   Description
-----------------------------------------------------------------------------
                  0.00    0.00    0.00   clock core_clock (rise edge)
                          0.00    0.00   clock network delay (ideal)
                  0.00    0.00    0.00 ^ hash/p2_cap[12]$_DFF_P_/CLK (sky130_fd_sc_hd__dfxtp_1)
     5    0.02    0.24    0.43    0.43 ^ hash/p2_cap[12]$_DFF_P_/Q (sky130_fd_sc_hd__dfxtp_1)
                                         hash/p2_cap[12] (net)
                  0.24    0.00    0.43 ^ hash/CA2/S1/_11_/A (sky130_fd_sc_hd__xor3_1)
     2    0.02    0.17    0.58    1.01 v hash/CA2/S1/_11_/X (sky130_fd_sc_hd__xor3_1)
                                         hash/CA2/s1[1] (net)
                  0.17    0.00    1.01 v hash/CA2/_2243_/A (sky130_fd_sc_hd__ha_1)
     2    0.01    0.08    0.37    1.37 v hash/CA2/_2243_/SUM (sky130_fd_sc_hd__ha_1)
                                         hash/CA2/_0935_ (net)
                  0.08    0.00    1.37 v hash/CA2/_1246_/A2 (sky130_fd_sc_hd__a211oi_2)
     2    0.01    0.25    0.30    1.68 ^ hash/CA2/_1246_/Y (sky130_fd_sc_hd__a211oi_2)
                                         hash/CA2/_0537_ (net)
                  0.25    0.00    1.68 ^ hash/CA2/_1249_/A1 (sky130_fd_sc_hd__o21ai_2)
     2    0.02    0.10    0.14    1.81 v hash/CA2/_1249_/Y (sky130_fd_sc_hd__o21ai_2)
                                         hash/CA2/_0540_ (net)
                  0.10    0.00    1.81 v hash/CA2/_1263_/C (sky130_fd_sc_hd__and4_4)
     2    0.01    0.04    0.21    2.03 v hash/CA2/_1263_/X (sky130_fd_sc_hd__and4_4)
                                         hash/CA2/_0548_ (net)
                  0.04    0.00    2.03 v hash/CA2/_1310_/A1 (sky130_fd_sc_hd__o21ai_2)
     3    0.02    0.22    0.22    2.25 ^ hash/CA2/_1310_/Y (sky130_fd_sc_hd__o21ai_2)
                                         hash/CA2/_0577_ (net)
                  0.22    0.00    2.25 ^ hash/CA2/_1312_/A1 (sky130_fd_sc_hd__a21oi_1)
     1    0.01    0.08    0.12    2.37 v hash/CA2/_1312_/Y (sky130_fd_sc_hd__a21oi_1)
                                         hash/CA2/_0579_ (net)
                  0.08    0.00    2.37 v hash/CA2/_1313_/A2 (sky130_fd_sc_hd__o21ai_1)
     2    0.01    0.20    0.20    2.57 ^ hash/CA2/_1313_/Y (sky130_fd_sc_hd__o21ai_1)
                                         hash/CA2/_0580_ (net)
                  0.20    0.00    2.57 ^ hash/CA2/_1325_/A2 (sky130_fd_sc_hd__a21oi_1)
     2    0.01    0.09    0.13    2.70 v hash/CA2/_1325_/Y (sky130_fd_sc_hd__a21oi_1)
                                         hash/CA2/_0586_ (net)
                  0.09    0.00    2.70 v hash/CA2/_1345_/A1 (sky130_fd_sc_hd__o31ai_2)
     2    0.01    0.35    0.39    3.08 ^ hash/CA2/_1345_/Y (sky130_fd_sc_hd__o31ai_2)
                                         hash/CA2/_0600_ (net)
                  0.35    0.00    3.08 ^ hash/CA2/_1346_/B (sky130_fd_sc_hd__xnor2_1)
     2    0.02    0.38    0.26    3.35 ^ hash/CA2/_1346_/Y (sky130_fd_sc_hd__xnor2_1)
                                         hash/CA2/_1047_ (net)
                  0.38    0.00    3.35 ^ hash/CA2/_2284_/B (sky130_fd_sc_hd__ha_1)
     4    0.02    0.11    0.36    3.71 v hash/CA2/_2284_/SUM (sky130_fd_sc_hd__ha_1)
                                         hash/CA2/_1049_ (net)
                  0.11    0.00    3.71 v hash/CA2/_2068_/A1 (sky130_fd_sc_hd__a21oi_2)
     5    0.02    0.20    0.23    3.94 ^ hash/CA2/_2068_/Y (sky130_fd_sc_hd__a21oi_2)
                                         hash/CA2/_0463_ (net)
                  0.20    0.00    3.94 ^ hash/CA2/_2097_/A1 (sky130_fd_sc_hd__o21ai_0)
     1    0.00    0.08    0.12    4.06 v hash/CA2/_2097_/Y (sky130_fd_sc_hd__o21ai_0)
                                         hash/CA2/_0487_ (net)
                  0.08    0.00    4.06 v hash/CA2/_2098_/A2 (sky130_fd_sc_hd__a21o_1)
     1    0.00    0.04    0.19    4.25 v hash/CA2/_2098_/X (sky130_fd_sc_hd__a21o_1)
                                         hash/CA2/_0488_ (net)
                  0.04    0.00    4.25 v hash/CA2/_2099_/A2 (sky130_fd_sc_hd__a21o_1)
     1    0.00    0.03    0.17    4.42 v hash/CA2/_2099_/X (sky130_fd_sc_hd__a21o_1)
                                         hash/CA2/_0489_ (net)
                  0.03    0.00    4.42 v hash/CA2/_2100_/A2 (sky130_fd_sc_hd__a21oi_1)
     1    0.01    0.15    0.17    4.59 ^ hash/CA2/_2100_/Y (sky130_fd_sc_hd__a21oi_1)
                                         hash/CA2/_0490_ (net)
                  0.15    0.00    4.59 ^ hash/CA2/_2101_/A (sky130_fd_sc_hd__clkinv_1)
     2    0.01    0.08    0.12    4.71 v hash/CA2/_2101_/Y (sky130_fd_sc_hd__clkinv_1)
                                         hash/CA2/_0491_ (net)
                  0.08    0.00    4.71 v hash/CA2/_2102_/B1 (sky130_fd_sc_hd__a41o_4)
     4    0.02    0.06    0.28    4.99 v hash/CA2/_2102_/X (sky130_fd_sc_hd__a41o_4)
                                         hash/CA2/_0492_ (net)
                  0.06    0.00    4.99 v hash/CA2/_2107_/A2 (sky130_fd_sc_hd__a21o_1)
     1    0.00    0.03    0.18    5.16 v hash/CA2/_2107_/X (sky130_fd_sc_hd__a21o_1)
                                         hash/CA2/_0495_ (net)
                  0.03    0.00    5.16 v hash/CA2/_2108_/A2 (sky130_fd_sc_hd__a21oi_1)
     1    0.01    0.15    0.16    5.32 ^ hash/CA2/_2108_/Y (sky130_fd_sc_hd__a21oi_1)
                                         hash/CA2/_0496_ (net)
                  0.15    0.00    5.32 ^ hash/CA2/_2109_/B (sky130_fd_sc_hd__xnor2_1)
     1    0.01    0.19    0.16    5.48 ^ hash/CA2/_2109_/Y (sky130_fd_sc_hd__xnor2_1)
                                         hash/e_new[29] (net)
                  0.19    0.00    5.48 ^ hash/_2833_/A0 (sky130_fd_sc_hd__mux2_8)
     6    0.09    0.16    0.29    5.77 ^ hash/_2833_/X (sky130_fd_sc_hd__mux2_8)
                                         hash/e[29] (net)
                  0.16    0.01    5.79 ^ hash/CA1/S1/_26_/C (sky130_fd_sc_hd__xor3_1)
     1    0.01    0.08    0.26    6.04 v hash/CA1/S1/_26_/X (sky130_fd_sc_hd__xor3_1)
                                         hash/CA1/s1[4] (net)
                  0.08    0.00    6.04 v hash/CA1/_3655_/A (sky130_fd_sc_hd__ha_1)
     4    0.02    0.16    0.37    6.42 ^ hash/CA1/_3655_/SUM (sky130_fd_sc_hd__ha_1)
                                         hash/CA1/_1666_ (net)
                  0.16    0.00    6.42 ^ hash/CA1/_2001_/B1 (sky130_fd_sc_hd__o211ai_1)
     2    0.01    0.12    0.15    6.57 v hash/CA1/_2001_/Y (sky130_fd_sc_hd__o211ai_1)
                                         hash/CA1/_0009_ (net)
                  0.12    0.00    6.57 v hash/CA1/_2017_/A2 (sky130_fd_sc_hd__o211ai_1)
     4    0.03    0.57    0.50    7.07 ^ hash/CA1/_2017_/Y (sky130_fd_sc_hd__o211ai_1)
                                         hash/CA1/_0019_ (net)
                  0.57    0.00    7.07 ^ hash/CA1/_2018_/B (sky130_fd_sc_hd__nand2_1)
     1    0.01    0.11    0.14    7.21 v hash/CA1/_2018_/Y (sky130_fd_sc_hd__nand2_1)
                                         hash/CA1/_0020_ (net)
                  0.11    0.00    7.21 v hash/CA1/_2019_/B (sky130_fd_sc_hd__xnor2_1)
     2    0.02    0.42    0.38    7.59 ^ hash/CA1/_2019_/Y (sky130_fd_sc_hd__xnor2_1)
                                         hash/CA1/_1089_ (net)
                  0.42    0.00    7.59 ^ hash/CA1/_2020_/A (sky130_fd_sc_hd__inv_1)
     1    0.01    0.10    0.12    7.72 v hash/CA1/_2020_/Y (sky130_fd_sc_hd__inv_1)
                                         hash/CA1/_1265_ (net)
                  0.10    0.00    7.72 v hash/CA1/_3502_/A (sky130_fd_sc_hd__fa_1)
     1    0.00    0.06    0.55    8.27 ^ hash/CA1/_3502_/SUM (sky130_fd_sc_hd__fa_1)
                                         hash/CA1/_1269_ (net)
                  0.06    0.00    8.27 ^ hash/CA1/_2691_/A (sky130_fd_sc_hd__inv_1)
     1    0.01    0.05    0.06    8.33 v hash/CA1/_2691_/Y (sky130_fd_sc_hd__inv_1)
                                         hash/CA1/_1902_ (net)
                  0.05    0.00    8.33 v hash/CA1/_3740_/B (sky130_fd_sc_hd__ha_4)
     3    0.02    0.05    0.23    8.56 v hash/CA1/_3740_/SUM (sky130_fd_sc_hd__ha_4)
                                         hash/CA1/_1904_ (net)
                  0.05    0.00    8.56 v hash/CA1/_2873_/A1 (sky130_fd_sc_hd__o21a_4)
     2    0.01    0.04    0.22    8.78 v hash/CA1/_2873_/X (sky130_fd_sc_hd__o21a_4)
                                         hash/CA1/_0526_ (net)
                  0.04    0.00    8.78 v hash/CA1/_2874_/A2 (sky130_fd_sc_hd__o21a_4)
     3    0.01    0.04    0.20    8.98 v hash/CA1/_2874_/X (sky130_fd_sc_hd__o21a_4)
                                         hash/CA1/_0527_ (net)
                  0.04    0.00    8.98 v hash/CA1/_2886_/A2 (sky130_fd_sc_hd__a21o_4)
     3    0.02    0.05    0.23    9.21 v hash/CA1/_2886_/X (sky130_fd_sc_hd__a21o_4)
                                         hash/CA1/_0538_ (net)
                  0.05    0.00    9.21 v hash/CA1/_2922_/A2 (sky130_fd_sc_hd__a311oi_4)
     3    0.02    0.38    0.39    9.59 ^ hash/CA1/_2922_/Y (sky130_fd_sc_hd__a311oi_4)
                                         hash/CA1/_0568_ (net)
                  0.38    0.00    9.60 ^ hash/CA1/_2948_/A1 (sky130_fd_sc_hd__a211oi_2)
     3    0.01    0.13    0.18    9.77 v hash/CA1/_2948_/Y (sky130_fd_sc_hd__a211oi_2)
                                         hash/CA1/_0590_ (net)
                  0.13    0.00    9.77 v hash/CA1/_2971_/A3 (sky130_fd_sc_hd__o41ai_2)
     2    0.01    0.42    0.45   10.22 ^ hash/CA1/_2971_/Y (sky130_fd_sc_hd__o41ai_2)
                                         hash/CA1/_0609_ (net)
                  0.42    0.00   10.22 ^ hash/CA1/_2994_/A1 (sky130_fd_sc_hd__o31ai_2)
     3    0.02    0.13    0.19   10.42 v hash/CA1/_2994_/Y (sky130_fd_sc_hd__o31ai_2)
                                         hash/CA1/_0630_ (net)
                  0.13    0.00   10.42 v hash/CA1/_3006_/A2 (sky130_fd_sc_hd__o21a_1)
     1    0.00    0.04    0.20   10.62 v hash/CA1/_3006_/X (sky130_fd_sc_hd__o21a_1)
                                         hash/CA1/_0640_ (net)
                  0.04    0.00   10.62 v hash/CA1/_3007_/B (sky130_fd_sc_hd__nor2_1)
     1    0.01    0.12    0.11   10.73 ^ hash/CA1/_3007_/Y (sky130_fd_sc_hd__nor2_1)
                                         hash/CA1/_0641_ (net)
                  0.12    0.00   10.73 ^ hash/CA1/_3008_/B (sky130_fd_sc_hd__xnor2_1)
     1    0.01    0.20    0.16   10.89 ^ hash/CA1/_3008_/Y (sky130_fd_sc_hd__xnor2_1)
                                         hash/p2[29] (net)
                  0.20    0.00   10.89 ^ hash/p2_cap[29]$_DFF_P_/D (sky130_fd_sc_hd__dfxtp_1)
                                 10.89   data arrival time

                  0.00   10.00   10.00   clock core_clock (rise edge)
                          0.00   10.00   clock network delay (ideal)
                          0.00   10.00   clock reconvergence pessimism
                                 10.00 ^ hash/p2_cap[29]$_DFF_P_/CLK (sky130_fd_sc_hd__dfxtp_1)
                         -0.10    9.90   library setup time
                                  9.90   data required time
-----------------------------------------------------------------------------
                                  9.90   data required time
                                -10.89   data arrival time
-----------------------------------------------------------------------------
                                 -0.98   slack (VIOLATED)



==========================================================================
global place report_checks -unconstrained
--------------------------------------------------------------------------
Startpoint: hash/p2_cap[12]$_DFF_P_
            (rising edge-triggered flip-flop clocked by core_clock)
Endpoint: hash/p2_cap[29]$_DFF_P_
          (rising edge-triggered flip-flop clocked by core_clock)
Path Group: core_clock
Path Type: max

Fanout     Cap    Slew   Delay    Time   Description
-----------------------------------------------------------------------------
                  0.00    0.00    0.00   clock core_clock (rise edge)
                          0.00    0.00   clock network delay (ideal)
                  0.00    0.00    0.00 ^ hash/p2_cap[12]$_DFF_P_/CLK (sky130_fd_sc_hd__dfxtp_1)
     5    0.02    0.24    0.43    0.43 ^ hash/p2_cap[12]$_DFF_P_/Q (sky130_fd_sc_hd__dfxtp_1)
                                         hash/p2_cap[12] (net)
                  0.24    0.00    0.43 ^ hash/CA2/S1/_11_/A (sky130_fd_sc_hd__xor3_1)
     2    0.02    0.17    0.58    1.01 v hash/CA2/S1/_11_/X (sky130_fd_sc_hd__xor3_1)
                                         hash/CA2/s1[1] (net)
                  0.17    0.00    1.01 v hash/CA2/_2243_/A (sky130_fd_sc_hd__ha_1)
     2    0.01    0.08    0.37    1.37 v hash/CA2/_2243_/SUM (sky130_fd_sc_hd__ha_1)
                                         hash/CA2/_0935_ (net)
                  0.08    0.00    1.37 v hash/CA2/_1246_/A2 (sky130_fd_sc_hd__a211oi_2)
     2    0.01    0.25    0.30    1.68 ^ hash/CA2/_1246_/Y (sky130_fd_sc_hd__a211oi_2)
                                         hash/CA2/_0537_ (net)
                  0.25    0.00    1.68 ^ hash/CA2/_1249_/A1 (sky130_fd_sc_hd__o21ai_2)
     2    0.02    0.10    0.14    1.81 v hash/CA2/_1249_/Y (sky130_fd_sc_hd__o21ai_2)
                                         hash/CA2/_0540_ (net)
                  0.10    0.00    1.81 v hash/CA2/_1263_/C (sky130_fd_sc_hd__and4_4)
     2    0.01    0.04    0.21    2.03 v hash/CA2/_1263_/X (sky130_fd_sc_hd__and4_4)
                                         hash/CA2/_0548_ (net)
                  0.04    0.00    2.03 v hash/CA2/_1310_/A1 (sky130_fd_sc_hd__o21ai_2)
     3    0.02    0.22    0.22    2.25 ^ hash/CA2/_1310_/Y (sky130_fd_sc_hd__o21ai_2)
                                         hash/CA2/_0577_ (net)
                  0.22    0.00    2.25 ^ hash/CA2/_1312_/A1 (sky130_fd_sc_hd__a21oi_1)
     1    0.01    0.08    0.12    2.37 v hash/CA2/_1312_/Y (sky130_fd_sc_hd__a21oi_1)
                                         hash/CA2/_0579_ (net)
                  0.08    0.00    2.37 v hash/CA2/_1313_/A2 (sky130_fd_sc_hd__o21ai_1)
     2    0.01    0.20    0.20    2.57 ^ hash/CA2/_1313_/Y (sky130_fd_sc_hd__o21ai_1)
                                         hash/CA2/_0580_ (net)
                  0.20    0.00    2.57 ^ hash/CA2/_1325_/A2 (sky130_fd_sc_hd__a21oi_1)
     2    0.01    0.09    0.13    2.70 v hash/CA2/_1325_/Y (sky130_fd_sc_hd__a21oi_1)
                                         hash/CA2/_0586_ (net)
                  0.09    0.00    2.70 v hash/CA2/_1345_/A1 (sky130_fd_sc_hd__o31ai_2)
     2    0.01    0.35    0.39    3.08 ^ hash/CA2/_1345_/Y (sky130_fd_sc_hd__o31ai_2)
                                         hash/CA2/_0600_ (net)
                  0.35    0.00    3.08 ^ hash/CA2/_1346_/B (sky130_fd_sc_hd__xnor2_1)
     2    0.02    0.38    0.26    3.35 ^ hash/CA2/_1346_/Y (sky130_fd_sc_hd__xnor2_1)
                                         hash/CA2/_1047_ (net)
                  0.38    0.00    3.35 ^ hash/CA2/_2284_/B (sky130_fd_sc_hd__ha_1)
     4    0.02    0.11    0.36    3.71 v hash/CA2/_2284_/SUM (sky130_fd_sc_hd__ha_1)
                                         hash/CA2/_1049_ (net)
                  0.11    0.00    3.71 v hash/CA2/_2068_/A1 (sky130_fd_sc_hd__a21oi_2)
     5    0.02    0.20    0.23    3.94 ^ hash/CA2/_2068_/Y (sky130_fd_sc_hd__a21oi_2)
                                         hash/CA2/_0463_ (net)
                  0.20    0.00    3.94 ^ hash/CA2/_2097_/A1 (sky130_fd_sc_hd__o21ai_0)
     1    0.00    0.08    0.12    4.06 v hash/CA2/_2097_/Y (sky130_fd_sc_hd__o21ai_0)
                                         hash/CA2/_0487_ (net)
                  0.08    0.00    4.06 v hash/CA2/_2098_/A2 (sky130_fd_sc_hd__a21o_1)
     1    0.00    0.04    0.19    4.25 v hash/CA2/_2098_/X (sky130_fd_sc_hd__a21o_1)
                                         hash/CA2/_0488_ (net)
                  0.04    0.00    4.25 v hash/CA2/_2099_/A2 (sky130_fd_sc_hd__a21o_1)
     1    0.00    0.03    0.17    4.42 v hash/CA2/_2099_/X (sky130_fd_sc_hd__a21o_1)
                                         hash/CA2/_0489_ (net)
                  0.03    0.00    4.42 v hash/CA2/_2100_/A2 (sky130_fd_sc_hd__a21oi_1)
     1    0.01    0.15    0.17    4.59 ^ hash/CA2/_2100_/Y (sky130_fd_sc_hd__a21oi_1)
                                         hash/CA2/_0490_ (net)
                  0.15    0.00    4.59 ^ hash/CA2/_2101_/A (sky130_fd_sc_hd__clkinv_1)
     2    0.01    0.08    0.12    4.71 v hash/CA2/_2101_/Y (sky130_fd_sc_hd__clkinv_1)
                                         hash/CA2/_0491_ (net)
                  0.08    0.00    4.71 v hash/CA2/_2102_/B1 (sky130_fd_sc_hd__a41o_4)
     4    0.02    0.06    0.28    4.99 v hash/CA2/_2102_/X (sky130_fd_sc_hd__a41o_4)
                                         hash/CA2/_0492_ (net)
                  0.06    0.00    4.99 v hash/CA2/_2107_/A2 (sky130_fd_sc_hd__a21o_1)
     1    0.00    0.03    0.18    5.16 v hash/CA2/_2107_/X (sky130_fd_sc_hd__a21o_1)
                                         hash/CA2/_0495_ (net)
                  0.03    0.00    5.16 v hash/CA2/_2108_/A2 (sky130_fd_sc_hd__a21oi_1)
     1    0.01    0.15    0.16    5.32 ^ hash/CA2/_2108_/Y (sky130_fd_sc_hd__a21oi_1)
                                         hash/CA2/_0496_ (net)
                  0.15    0.00    5.32 ^ hash/CA2/_2109_/B (sky130_fd_sc_hd__xnor2_1)
     1    0.01    0.19    0.16    5.48 ^ hash/CA2/_2109_/Y (sky130_fd_sc_hd__xnor2_1)
                                         hash/e_new[29] (net)
                  0.19    0.00    5.48 ^ hash/_2833_/A0 (sky130_fd_sc_hd__mux2_8)
     6    0.09    0.16    0.29    5.77 ^ hash/_2833_/X (sky130_fd_sc_hd__mux2_8)
                                         hash/e[29] (net)
                  0.16    0.01    5.79 ^ hash/CA1/S1/_26_/C (sky130_fd_sc_hd__xor3_1)
     1    0.01    0.08    0.26    6.04 v hash/CA1/S1/_26_/X (sky130_fd_sc_hd__xor3_1)
                                         hash/CA1/s1[4] (net)
                  0.08    0.00    6.04 v hash/CA1/_3655_/A (sky130_fd_sc_hd__ha_1)
     4    0.02    0.16    0.37    6.42 ^ hash/CA1/_3655_/SUM (sky130_fd_sc_hd__ha_1)
                                         hash/CA1/_1666_ (net)
                  0.16    0.00    6.42 ^ hash/CA1/_2001_/B1 (sky130_fd_sc_hd__o211ai_1)
     2    0.01    0.12    0.15    6.57 v hash/CA1/_2001_/Y (sky130_fd_sc_hd__o211ai_1)
                                         hash/CA1/_0009_ (net)
                  0.12    0.00    6.57 v hash/CA1/_2017_/A2 (sky130_fd_sc_hd__o211ai_1)
     4    0.03    0.57    0.50    7.07 ^ hash/CA1/_2017_/Y (sky130_fd_sc_hd__o211ai_1)
                                         hash/CA1/_0019_ (net)
                  0.57    0.00    7.07 ^ hash/CA1/_2018_/B (sky130_fd_sc_hd__nand2_1)
     1    0.01    0.11    0.14    7.21 v hash/CA1/_2018_/Y (sky130_fd_sc_hd__nand2_1)
                                         hash/CA1/_0020_ (net)
                  0.11    0.00    7.21 v hash/CA1/_2019_/B (sky130_fd_sc_hd__xnor2_1)
     2    0.02    0.42    0.38    7.59 ^ hash/CA1/_2019_/Y (sky130_fd_sc_hd__xnor2_1)
                                         hash/CA1/_1089_ (net)
                  0.42    0.00    7.59 ^ hash/CA1/_2020_/A (sky130_fd_sc_hd__inv_1)
     1    0.01    0.10    0.12    7.72 v hash/CA1/_2020_/Y (sky130_fd_sc_hd__inv_1)
                                         hash/CA1/_1265_ (net)
                  0.10    0.00    7.72 v hash/CA1/_3502_/A (sky130_fd_sc_hd__fa_1)
     1    0.00    0.06    0.55    8.27 ^ hash/CA1/_3502_/SUM (sky130_fd_sc_hd__fa_1)
                                         hash/CA1/_1269_ (net)
                  0.06    0.00    8.27 ^ hash/CA1/_2691_/A (sky130_fd_sc_hd__inv_1)
     1    0.01    0.05    0.06    8.33 v hash/CA1/_2691_/Y (sky130_fd_sc_hd__inv_1)
                                         hash/CA1/_1902_ (net)
                  0.05    0.00    8.33 v hash/CA1/_3740_/B (sky130_fd_sc_hd__ha_4)
     3    0.02    0.05    0.23    8.56 v hash/CA1/_3740_/SUM (sky130_fd_sc_hd__ha_4)
                                         hash/CA1/_1904_ (net)
                  0.05    0.00    8.56 v hash/CA1/_2873_/A1 (sky130_fd_sc_hd__o21a_4)
     2    0.01    0.04    0.22    8.78 v hash/CA1/_2873_/X (sky130_fd_sc_hd__o21a_4)
                                         hash/CA1/_0526_ (net)
                  0.04    0.00    8.78 v hash/CA1/_2874_/A2 (sky130_fd_sc_hd__o21a_4)
     3    0.01    0.04    0.20    8.98 v hash/CA1/_2874_/X (sky130_fd_sc_hd__o21a_4)
                                         hash/CA1/_0527_ (net)
                  0.04    0.00    8.98 v hash/CA1/_2886_/A2 (sky130_fd_sc_hd__a21o_4)
     3    0.02    0.05    0.23    9.21 v hash/CA1/_2886_/X (sky130_fd_sc_hd__a21o_4)
                                         hash/CA1/_0538_ (net)
                  0.05    0.00    9.21 v hash/CA1/_2922_/A2 (sky130_fd_sc_hd__a311oi_4)
     3    0.02    0.38    0.39    9.59 ^ hash/CA1/_2922_/Y (sky130_fd_sc_hd__a311oi_4)
                                         hash/CA1/_0568_ (net)
                  0.38    0.00    9.60 ^ hash/CA1/_2948_/A1 (sky130_fd_sc_hd__a211oi_2)
     3    0.01    0.13    0.18    9.77 v hash/CA1/_2948_/Y (sky130_fd_sc_hd__a211oi_2)
                                         hash/CA1/_0590_ (net)
                  0.13    0.00    9.77 v hash/CA1/_2971_/A3 (sky130_fd_sc_hd__o41ai_2)
     2    0.01    0.42    0.45   10.22 ^ hash/CA1/_2971_/Y (sky130_fd_sc_hd__o41ai_2)
                                         hash/CA1/_0609_ (net)
                  0.42    0.00   10.22 ^ hash/CA1/_2994_/A1 (sky130_fd_sc_hd__o31ai_2)
     3    0.02    0.13    0.19   10.42 v hash/CA1/_2994_/Y (sky130_fd_sc_hd__o31ai_2)
                                         hash/CA1/_0630_ (net)
                  0.13    0.00   10.42 v hash/CA1/_3006_/A2 (sky130_fd_sc_hd__o21a_1)
     1    0.00    0.04    0.20   10.62 v hash/CA1/_3006_/X (sky130_fd_sc_hd__o21a_1)
                                         hash/CA1/_0640_ (net)
                  0.04    0.00   10.62 v hash/CA1/_3007_/B (sky130_fd_sc_hd__nor2_1)
     1    0.01    0.12    0.11   10.73 ^ hash/CA1/_3007_/Y (sky130_fd_sc_hd__nor2_1)
                                         hash/CA1/_0641_ (net)
                  0.12    0.00   10.73 ^ hash/CA1/_3008_/B (sky130_fd_sc_hd__xnor2_1)
     1    0.01    0.20    0.16   10.89 ^ hash/CA1/_3008_/Y (sky130_fd_sc_hd__xnor2_1)
                                         hash/p2[29] (net)
                  0.20    0.00   10.89 ^ hash/p2_cap[29]$_DFF_P_/D (sky130_fd_sc_hd__dfxtp_1)
                                 10.89   data arrival time

                  0.00   10.00   10.00   clock core_clock (rise edge)
                          0.00   10.00   clock network delay (ideal)
                          0.00   10.00   clock reconvergence pessimism
                                 10.00 ^ hash/p2_cap[29]$_DFF_P_/CLK (sky130_fd_sc_hd__dfxtp_1)
                         -0.10    9.90   library setup time
                                  9.90   data required time
-----------------------------------------------------------------------------
                                  9.90   data required time
                                -10.89   data arrival time
-----------------------------------------------------------------------------
                                 -0.98   slack (VIOLATED)



==========================================================================
global place report_power
--------------------------------------------------------------------------
Group                  Internal  Switching    Leakage      Total
                          Power      Power      Power      Power (Watts)
----------------------------------------------------------------
Sequential             1.90e-02   2.27e-03   2.80e-08   2.12e-02   6.2%
Combinational          1.41e-01   1.78e-01   6.33e-08   3.20e-01  93.8%
Clock                  0.00e+00   0.00e+00   0.00e+00   0.00e+00   0.0%
Macro                  0.00e+00   0.00e+00   0.00e+00   0.00e+00   0.0%
Pad                    0.00e+00   0.00e+00   0.00e+00   0.00e+00   0.0%
----------------------------------------------------------------
Total                  1.60e-01   1.81e-01   9.12e-08   3.41e-01 100.0%
                          47.0%      53.0%       0.0%
