
==========================================================================
resizer report_tns
--------------------------------------------------------------------------
tns -14.12

==========================================================================
resizer report_wns
--------------------------------------------------------------------------
wns -0.75

==========================================================================
resizer report_worst_slack
--------------------------------------------------------------------------
worst slack -0.75

==========================================================================
resizer report_checks -path_delay min
--------------------------------------------------------------------------
Startpoint: ready_dash$_SDFF_PP0_
            (rising edge-triggered flip-flop clocked by core_clock)
Endpoint: ready$_DFF_P_ (rising edge-triggered flip-flop clocked by core_clock)
Path Group: core_clock
Path Type: min

Fanout     Cap    Slew   Delay    Time   Description
-----------------------------------------------------------------------------
                  0.00    0.00    0.00   clock core_clock (rise edge)
                          0.00    0.00   clock network delay (ideal)
                  0.00    0.00    0.00 ^ ready_dash$_SDFF_PP0_/CLK (sky130_fd_sc_hd__dfxtp_1)
     1    0.00    0.03    0.28    0.28 ^ ready_dash$_SDFF_PP0_/Q (sky130_fd_sc_hd__dfxtp_1)
                                         ready_dash (net)
                  0.03    0.00    0.28 ^ ready$_DFF_P_/D (sky130_fd_sc_hd__dfxtp_1)
                                  0.28   data arrival time

                  0.00    0.00    0.00   clock core_clock (rise edge)
                          0.00    0.00   clock network delay (ideal)
                          0.00    0.00   clock reconvergence pessimism
                                  0.00 ^ ready$_DFF_P_/CLK (sky130_fd_sc_hd__dfxtp_1)
                         -0.03   -0.03   library hold time
                                 -0.03   data required time
-----------------------------------------------------------------------------
                                 -0.03   data required time
                                 -0.28   data arrival time
-----------------------------------------------------------------------------
                                  0.31   slack (MET)



==========================================================================
resizer report_checks -path_delay max
--------------------------------------------------------------------------
Startpoint: hash/p2_cap[12]$_DFF_P_
            (rising edge-triggered flip-flop clocked by core_clock)
Endpoint: hash/p3_cap[23]$_DFF_P_
          (rising edge-triggered flip-flop clocked by core_clock)
Path Group: core_clock
Path Type: max

Fanout     Cap    Slew   Delay    Time   Description
-----------------------------------------------------------------------------
                  0.00    0.00    0.00   clock core_clock (rise edge)
                          0.00    0.00   clock network delay (ideal)
                  0.00    0.00    0.00 ^ hash/p2_cap[12]$_DFF_P_/CLK (sky130_fd_sc_hd__dfxtp_1)
     5    0.02    0.23    0.42    0.42 ^ hash/p2_cap[12]$_DFF_P_/Q (sky130_fd_sc_hd__dfxtp_1)
                                         hash/p2_cap[12] (net)
                  0.23    0.00    0.42 ^ hash/CA2/S1/_11_/A (sky130_fd_sc_hd__xor3_1)
     2    0.02    0.16    0.56    0.98 v hash/CA2/S1/_11_/X (sky130_fd_sc_hd__xor3_1)
                                         hash/CA2/s1[1] (net)
                  0.16    0.00    0.98 v hash/CA2/_2243_/A (sky130_fd_sc_hd__ha_1)
     2    0.01    0.07    0.35    1.34 v hash/CA2/_2243_/SUM (sky130_fd_sc_hd__ha_1)
                                         hash/CA2/_0935_ (net)
                  0.07    0.00    1.34 v hash/CA2/_1246_/A2 (sky130_fd_sc_hd__a211oi_1)
     2    0.01    0.36    0.37    1.70 ^ hash/CA2/_1246_/Y (sky130_fd_sc_hd__a211oi_1)
                                         hash/CA2/_0537_ (net)
                  0.36    0.00    1.70 ^ hash/CA2/_1249_/A1 (sky130_fd_sc_hd__o21ai_2)
     2    0.01    0.09    0.14    1.84 v hash/CA2/_1249_/Y (sky130_fd_sc_hd__o21ai_2)
                                         hash/CA2/_0540_ (net)
                  0.09    0.00    1.84 v hash/CA2/_1263_/C (sky130_fd_sc_hd__and4_4)
     2    0.01    0.05    0.21    2.05 v hash/CA2/_1263_/X (sky130_fd_sc_hd__and4_4)
                                         hash/CA2/_0548_ (net)
                  0.05    0.00    2.05 v hash/CA2/_1310_/A1 (sky130_fd_sc_hd__o21ai_2)
     3    0.02    0.24    0.24    2.29 ^ hash/CA2/_1310_/Y (sky130_fd_sc_hd__o21ai_2)
                                         hash/CA2/_0577_ (net)
                  0.24    0.00    2.29 ^ hash/CA2/_1312_/A1 (sky130_fd_sc_hd__a21oi_1)
     1    0.00    0.07    0.10    2.39 v hash/CA2/_1312_/Y (sky130_fd_sc_hd__a21oi_1)
                                         hash/CA2/_0579_ (net)
                  0.07    0.00    2.39 v hash/CA2/_1313_/A2 (sky130_fd_sc_hd__o21ai_0)
     2    0.01    0.25    0.24    2.63 ^ hash/CA2/_1313_/Y (sky130_fd_sc_hd__o21ai_0)
                                         hash/CA2/_0580_ (net)
                  0.25    0.00    2.63 ^ hash/CA2/_1325_/A2 (sky130_fd_sc_hd__a21oi_1)
     2    0.01    0.09    0.14    2.78 v hash/CA2/_1325_/Y (sky130_fd_sc_hd__a21oi_1)
                                         hash/CA2/_0586_ (net)
                  0.09    0.00    2.78 v hash/CA2/_1345_/A1 (sky130_fd_sc_hd__o31ai_2)
     2    0.01    0.35    0.39    3.16 ^ hash/CA2/_1345_/Y (sky130_fd_sc_hd__o31ai_2)
                                         hash/CA2/_0600_ (net)
                  0.35    0.00    3.16 ^ hash/CA2/_1346_/B (sky130_fd_sc_hd__xnor2_1)
     2    0.02    0.44    0.28    3.45 ^ hash/CA2/_1346_/Y (sky130_fd_sc_hd__xnor2_1)
                                         hash/CA2/_1047_ (net)
                  0.44    0.00    3.45 ^ hash/CA2/_2284_/B (sky130_fd_sc_hd__ha_1)
     4    0.01    0.10    0.37    3.81 v hash/CA2/_2284_/SUM (sky130_fd_sc_hd__ha_1)
                                         hash/CA2/_1049_ (net)
                  0.10    0.00    3.81 v hash/CA2/_2068_/A1 (sky130_fd_sc_hd__a21oi_2)
     5    0.02    0.25    0.26    4.08 ^ hash/CA2/_2068_/Y (sky130_fd_sc_hd__a21oi_2)
                                         hash/CA2/_0463_ (net)
                  0.25    0.00    4.08 ^ hash/CA2/_2097_/A1 (sky130_fd_sc_hd__o21ai_0)
     1    0.00    0.09    0.14    4.22 v hash/CA2/_2097_/Y (sky130_fd_sc_hd__o21ai_0)
                                         hash/CA2/_0487_ (net)
                  0.09    0.00    4.22 v hash/CA2/_2098_/A2 (sky130_fd_sc_hd__a21o_1)
     1    0.00    0.03    0.19    4.41 v hash/CA2/_2098_/X (sky130_fd_sc_hd__a21o_1)
                                         hash/CA2/_0488_ (net)
                  0.03    0.00    4.41 v hash/CA2/_2099_/A2 (sky130_fd_sc_hd__a21o_1)
     1    0.00    0.04    0.17    4.58 v hash/CA2/_2099_/X (sky130_fd_sc_hd__a21o_1)
                                         hash/CA2/_0489_ (net)
                  0.04    0.00    4.58 v hash/CA2/_2100_/A2 (sky130_fd_sc_hd__a21oi_1)
     1    0.01    0.15    0.17    4.75 ^ hash/CA2/_2100_/Y (sky130_fd_sc_hd__a21oi_1)
                                         hash/CA2/_0490_ (net)
                  0.15    0.00    4.75 ^ hash/CA2/_2101_/A (sky130_fd_sc_hd__clkinv_1)
     2    0.01    0.08    0.12    4.86 v hash/CA2/_2101_/Y (sky130_fd_sc_hd__clkinv_1)
                                         hash/CA2/_0491_ (net)
                  0.08    0.00    4.86 v hash/CA2/_2102_/B1 (sky130_fd_sc_hd__a41o_4)
     4    0.02    0.06    0.27    5.14 v hash/CA2/_2102_/X (sky130_fd_sc_hd__a41o_4)
                                         hash/CA2/_0492_ (net)
                  0.06    0.00    5.14 v hash/CA2/_2127_/A1 (sky130_fd_sc_hd__o211ai_1)
     1    0.01    0.21    0.23    5.37 ^ hash/CA2/_2127_/Y (sky130_fd_sc_hd__o211ai_1)
                                         hash/CA2/_0512_ (net)
                  0.21    0.00    5.37 ^ hash/CA2/_2128_/B (sky130_fd_sc_hd__xor2_1)
     2    0.01    0.26    0.27    5.64 ^ hash/CA2/_2128_/X (sky130_fd_sc_hd__xor2_1)
                                         hash/e_new[31] (net)
                  0.26    0.00    5.64 ^ hash/_2830_/A0 (sky130_fd_sc_hd__mux2_8)
     5    0.03    0.08    0.25    5.89 ^ hash/_2830_/X (sky130_fd_sc_hd__mux2_8)
                                         hash/e[31] (net)
                  0.08    0.00    5.89 ^ hash/CA1/S1/_28_/C (sky130_fd_sc_hd__xor3_1)
     1    0.01    0.12    0.29    6.18 v hash/CA1/S1/_28_/X (sky130_fd_sc_hd__xor3_1)
                                         hash/CA1/s1[6] (net)
                  0.12    0.00    6.18 v hash/CA1/_3637_/A (sky130_fd_sc_hd__ha_1)
     5    0.02    0.20    0.42    6.60 ^ hash/CA1/_3637_/SUM (sky130_fd_sc_hd__ha_1)
                                         hash/CA1/_1672_ (net)
                  0.20    0.00    6.60 ^ hash/CA1/_2029_/B1 (sky130_fd_sc_hd__o21ai_0)
     1    0.00    0.08    0.12    6.72 v hash/CA1/_2029_/Y (sky130_fd_sc_hd__o21ai_0)
                                         hash/CA1/_0036_ (net)
                  0.08    0.00    6.72 v hash/CA1/_2032_/A2 (sky130_fd_sc_hd__a221oi_1)
     2    0.01    0.39    0.41    7.14 ^ hash/CA1/_2032_/Y (sky130_fd_sc_hd__a221oi_1)
                                         hash/CA1/_0039_ (net)
                  0.39    0.00    7.14 ^ hash/CA1/_2033_/B (sky130_fd_sc_hd__nand2_1)
     1    0.01    0.10    0.14    7.28 v hash/CA1/_2033_/Y (sky130_fd_sc_hd__nand2_1)
                                         hash/CA1/_0040_ (net)
                  0.10    0.00    7.28 v hash/CA1/_2035_/A (sky130_fd_sc_hd__nand2_2)
     2    0.01    0.08    0.11    7.39 ^ hash/CA1/_2035_/Y (sky130_fd_sc_hd__nand2_2)
                                         hash/CA1/_0042_ (net)
                  0.08    0.00    7.39 ^ hash/CA1/_2056_/A2 (sky130_fd_sc_hd__a21o_1)
     1    0.00    0.04    0.12    7.51 ^ hash/CA1/_2056_/X (sky130_fd_sc_hd__a21o_1)
                                         hash/CA1/_0055_ (net)
                  0.04    0.00    7.51 ^ hash/CA1/_2057_/A2 (sky130_fd_sc_hd__a21oi_1)
     1    0.01    0.08    0.09    7.59 v hash/CA1/_2057_/Y (sky130_fd_sc_hd__a21oi_1)
                                         hash/CA1/_0056_ (net)
                  0.08    0.00    7.59 v hash/CA1/_2058_/B (sky130_fd_sc_hd__xnor2_2)
     2    0.02    0.30    0.28    7.87 ^ hash/CA1/_2058_/Y (sky130_fd_sc_hd__xnor2_2)
                                         hash/CA1/_1280_ (net)
                  0.30    0.00    7.87 ^ hash/CA1/_2059_/A (sky130_fd_sc_hd__inv_1)
     1    0.01    0.08    0.10    7.98 v hash/CA1/_2059_/Y (sky130_fd_sc_hd__inv_1)
                                         hash/CA1/_1107_ (net)
                  0.08    0.00    7.98 v hash/CA1/_3444_/B (sky130_fd_sc_hd__fa_1)
     1    0.01    0.08    0.53    8.51 ^ hash/CA1/_3444_/SUM (sky130_fd_sc_hd__fa_1)
                                         hash/CA1/_1110_ (net)
                  0.08    0.00    8.51 ^ hash/CA1/_2375_/A (sky130_fd_sc_hd__clkinv_1)
     1    0.01    0.09    0.11    8.62 v hash/CA1/_2375_/Y (sky130_fd_sc_hd__clkinv_1)
                                         hash/CA1/_1711_ (net)
                  0.09    0.00    8.62 v hash/CA1/_3653_/A (sky130_fd_sc_hd__ha_4)
     4    0.02    0.08    0.32    8.93 ^ hash/CA1/_3653_/SUM (sky130_fd_sc_hd__ha_4)
                                         hash/CA1/_1714_ (net)
                  0.08    0.00    8.94 ^ hash/CA1/_3098_/B (sky130_fd_sc_hd__nand2_1)
     2    0.01    0.05    0.07    9.01 v hash/CA1/_3098_/Y (sky130_fd_sc_hd__nand2_1)
                                         hash/CA1/_0739_ (net)
                  0.05    0.00    9.01 v hash/CA1/_3101_/B1 (sky130_fd_sc_hd__a2111oi_0)
     1    0.01    0.59    0.55    9.55 ^ hash/CA1/_3101_/Y (sky130_fd_sc_hd__a2111oi_0)
                                         hash/CA1/_0742_ (net)
                  0.59    0.00    9.55 ^ hash/CA1/_3103_/C1 (sky130_fd_sc_hd__a2111oi_2)
     2    0.02    0.15    0.16    9.71 v hash/CA1/_3103_/Y (sky130_fd_sc_hd__a2111oi_2)
                                         hash/CA1/_0744_ (net)
                  0.15    0.00    9.71 v hash/CA1/_3116_/A1 (sky130_fd_sc_hd__a21oi_4)
     3    0.02    0.20    0.24    9.95 ^ hash/CA1/_3116_/Y (sky130_fd_sc_hd__a21oi_4)
                                         hash/CA1/_0755_ (net)
                  0.20    0.00    9.95 ^ hash/CA1/_3126_/C (sky130_fd_sc_hd__nand3_2)
     3    0.01    0.10    0.14   10.08 v hash/CA1/_3126_/Y (sky130_fd_sc_hd__nand3_2)
                                         hash/CA1/_0763_ (net)
                  0.10    0.00   10.08 v hash/CA1/_3145_/A1 (sky130_fd_sc_hd__o21a_4)
     2    0.01    0.05    0.25   10.33 v hash/CA1/_3145_/X (sky130_fd_sc_hd__o21a_4)
                                         hash/CA1/_0778_ (net)
                  0.05    0.00   10.33 v hash/CA1/_3160_/A1 (sky130_fd_sc_hd__o21ai_0)
     1    0.01    0.21    0.21   10.54 ^ hash/CA1/_3160_/Y (sky130_fd_sc_hd__o21ai_0)
                                         hash/CA1/_0791_ (net)
                  0.21    0.00   10.54 ^ hash/CA1/_3161_/B (sky130_fd_sc_hd__xnor2_1)
     1    0.00    0.11    0.14   10.67 ^ hash/CA1/_3161_/Y (sky130_fd_sc_hd__xnor2_1)
                                         hash/p3[23] (net)
                  0.11    0.00   10.67 ^ hash/p3_cap[23]$_DFF_P_/D (sky130_fd_sc_hd__dfxtp_1)
                                 10.67   data arrival time

                  0.00   10.00   10.00   clock core_clock (rise edge)
                          0.00   10.00   clock network delay (ideal)
                          0.00   10.00   clock reconvergence pessimism
                                 10.00 ^ hash/p3_cap[23]$_DFF_P_/CLK (sky130_fd_sc_hd__dfxtp_1)
                         -0.07    9.93   library setup time
                                  9.93   data required time
-----------------------------------------------------------------------------
                                  9.93   data required time
                                -10.67   data arrival time
-----------------------------------------------------------------------------
                                 -0.75   slack (VIOLATED)



==========================================================================
resizer report_checks -unconstrained
--------------------------------------------------------------------------
Startpoint: hash/p2_cap[12]$_DFF_P_
            (rising edge-triggered flip-flop clocked by core_clock)
Endpoint: hash/p3_cap[23]$_DFF_P_
          (rising edge-triggered flip-flop clocked by core_clock)
Path Group: core_clock
Path Type: max

Fanout     Cap    Slew   Delay    Time   Description
-----------------------------------------------------------------------------
                  0.00    0.00    0.00   clock core_clock (rise edge)
                          0.00    0.00   clock network delay (ideal)
                  0.00    0.00    0.00 ^ hash/p2_cap[12]$_DFF_P_/CLK (sky130_fd_sc_hd__dfxtp_1)
     5    0.02    0.23    0.42    0.42 ^ hash/p2_cap[12]$_DFF_P_/Q (sky130_fd_sc_hd__dfxtp_1)
                                         hash/p2_cap[12] (net)
                  0.23    0.00    0.42 ^ hash/CA2/S1/_11_/A (sky130_fd_sc_hd__xor3_1)
     2    0.02    0.16    0.56    0.98 v hash/CA2/S1/_11_/X (sky130_fd_sc_hd__xor3_1)
                                         hash/CA2/s1[1] (net)
                  0.16    0.00    0.98 v hash/CA2/_2243_/A (sky130_fd_sc_hd__ha_1)
     2    0.01    0.07    0.35    1.34 v hash/CA2/_2243_/SUM (sky130_fd_sc_hd__ha_1)
                                         hash/CA2/_0935_ (net)
                  0.07    0.00    1.34 v hash/CA2/_1246_/A2 (sky130_fd_sc_hd__a211oi_1)
     2    0.01    0.36    0.37    1.70 ^ hash/CA2/_1246_/Y (sky130_fd_sc_hd__a211oi_1)
                                         hash/CA2/_0537_ (net)
                  0.36    0.00    1.70 ^ hash/CA2/_1249_/A1 (sky130_fd_sc_hd__o21ai_2)
     2    0.01    0.09    0.14    1.84 v hash/CA2/_1249_/Y (sky130_fd_sc_hd__o21ai_2)
                                         hash/CA2/_0540_ (net)
                  0.09    0.00    1.84 v hash/CA2/_1263_/C (sky130_fd_sc_hd__and4_4)
     2    0.01    0.05    0.21    2.05 v hash/CA2/_1263_/X (sky130_fd_sc_hd__and4_4)
                                         hash/CA2/_0548_ (net)
                  0.05    0.00    2.05 v hash/CA2/_1310_/A1 (sky130_fd_sc_hd__o21ai_2)
     3    0.02    0.24    0.24    2.29 ^ hash/CA2/_1310_/Y (sky130_fd_sc_hd__o21ai_2)
                                         hash/CA2/_0577_ (net)
                  0.24    0.00    2.29 ^ hash/CA2/_1312_/A1 (sky130_fd_sc_hd__a21oi_1)
     1    0.00    0.07    0.10    2.39 v hash/CA2/_1312_/Y (sky130_fd_sc_hd__a21oi_1)
                                         hash/CA2/_0579_ (net)
                  0.07    0.00    2.39 v hash/CA2/_1313_/A2 (sky130_fd_sc_hd__o21ai_0)
     2    0.01    0.25    0.24    2.63 ^ hash/CA2/_1313_/Y (sky130_fd_sc_hd__o21ai_0)
                                         hash/CA2/_0580_ (net)
                  0.25    0.00    2.63 ^ hash/CA2/_1325_/A2 (sky130_fd_sc_hd__a21oi_1)
     2    0.01    0.09    0.14    2.78 v hash/CA2/_1325_/Y (sky130_fd_sc_hd__a21oi_1)
                                         hash/CA2/_0586_ (net)
                  0.09    0.00    2.78 v hash/CA2/_1345_/A1 (sky130_fd_sc_hd__o31ai_2)
     2    0.01    0.35    0.39    3.16 ^ hash/CA2/_1345_/Y (sky130_fd_sc_hd__o31ai_2)
                                         hash/CA2/_0600_ (net)
                  0.35    0.00    3.16 ^ hash/CA2/_1346_/B (sky130_fd_sc_hd__xnor2_1)
     2    0.02    0.44    0.28    3.45 ^ hash/CA2/_1346_/Y (sky130_fd_sc_hd__xnor2_1)
                                         hash/CA2/_1047_ (net)
                  0.44    0.00    3.45 ^ hash/CA2/_2284_/B (sky130_fd_sc_hd__ha_1)
     4    0.01    0.10    0.37    3.81 v hash/CA2/_2284_/SUM (sky130_fd_sc_hd__ha_1)
                                         hash/CA2/_1049_ (net)
                  0.10    0.00    3.81 v hash/CA2/_2068_/A1 (sky130_fd_sc_hd__a21oi_2)
     5    0.02    0.25    0.26    4.08 ^ hash/CA2/_2068_/Y (sky130_fd_sc_hd__a21oi_2)
                                         hash/CA2/_0463_ (net)
                  0.25    0.00    4.08 ^ hash/CA2/_2097_/A1 (sky130_fd_sc_hd__o21ai_0)
     1    0.00    0.09    0.14    4.22 v hash/CA2/_2097_/Y (sky130_fd_sc_hd__o21ai_0)
                                         hash/CA2/_0487_ (net)
                  0.09    0.00    4.22 v hash/CA2/_2098_/A2 (sky130_fd_sc_hd__a21o_1)
     1    0.00    0.03    0.19    4.41 v hash/CA2/_2098_/X (sky130_fd_sc_hd__a21o_1)
                                         hash/CA2/_0488_ (net)
                  0.03    0.00    4.41 v hash/CA2/_2099_/A2 (sky130_fd_sc_hd__a21o_1)
     1    0.00    0.04    0.17    4.58 v hash/CA2/_2099_/X (sky130_fd_sc_hd__a21o_1)
                                         hash/CA2/_0489_ (net)
                  0.04    0.00    4.58 v hash/CA2/_2100_/A2 (sky130_fd_sc_hd__a21oi_1)
     1    0.01    0.15    0.17    4.75 ^ hash/CA2/_2100_/Y (sky130_fd_sc_hd__a21oi_1)
                                         hash/CA2/_0490_ (net)
                  0.15    0.00    4.75 ^ hash/CA2/_2101_/A (sky130_fd_sc_hd__clkinv_1)
     2    0.01    0.08    0.12    4.86 v hash/CA2/_2101_/Y (sky130_fd_sc_hd__clkinv_1)
                                         hash/CA2/_0491_ (net)
                  0.08    0.00    4.86 v hash/CA2/_2102_/B1 (sky130_fd_sc_hd__a41o_4)
     4    0.02    0.06    0.27    5.14 v hash/CA2/_2102_/X (sky130_fd_sc_hd__a41o_4)
                                         hash/CA2/_0492_ (net)
                  0.06    0.00    5.14 v hash/CA2/_2127_/A1 (sky130_fd_sc_hd__o211ai_1)
     1    0.01    0.21    0.23    5.37 ^ hash/CA2/_2127_/Y (sky130_fd_sc_hd__o211ai_1)
                                         hash/CA2/_0512_ (net)
                  0.21    0.00    5.37 ^ hash/CA2/_2128_/B (sky130_fd_sc_hd__xor2_1)
     2    0.01    0.26    0.27    5.64 ^ hash/CA2/_2128_/X (sky130_fd_sc_hd__xor2_1)
                                         hash/e_new[31] (net)
                  0.26    0.00    5.64 ^ hash/_2830_/A0 (sky130_fd_sc_hd__mux2_8)
     5    0.03    0.08    0.25    5.89 ^ hash/_2830_/X (sky130_fd_sc_hd__mux2_8)
                                         hash/e[31] (net)
                  0.08    0.00    5.89 ^ hash/CA1/S1/_28_/C (sky130_fd_sc_hd__xor3_1)
     1    0.01    0.12    0.29    6.18 v hash/CA1/S1/_28_/X (sky130_fd_sc_hd__xor3_1)
                                         hash/CA1/s1[6] (net)
                  0.12    0.00    6.18 v hash/CA1/_3637_/A (sky130_fd_sc_hd__ha_1)
     5    0.02    0.20    0.42    6.60 ^ hash/CA1/_3637_/SUM (sky130_fd_sc_hd__ha_1)
                                         hash/CA1/_1672_ (net)
                  0.20    0.00    6.60 ^ hash/CA1/_2029_/B1 (sky130_fd_sc_hd__o21ai_0)
     1    0.00    0.08    0.12    6.72 v hash/CA1/_2029_/Y (sky130_fd_sc_hd__o21ai_0)
                                         hash/CA1/_0036_ (net)
                  0.08    0.00    6.72 v hash/CA1/_2032_/A2 (sky130_fd_sc_hd__a221oi_1)
     2    0.01    0.39    0.41    7.14 ^ hash/CA1/_2032_/Y (sky130_fd_sc_hd__a221oi_1)
                                         hash/CA1/_0039_ (net)
                  0.39    0.00    7.14 ^ hash/CA1/_2033_/B (sky130_fd_sc_hd__nand2_1)
     1    0.01    0.10    0.14    7.28 v hash/CA1/_2033_/Y (sky130_fd_sc_hd__nand2_1)
                                         hash/CA1/_0040_ (net)
                  0.10    0.00    7.28 v hash/CA1/_2035_/A (sky130_fd_sc_hd__nand2_2)
     2    0.01    0.08    0.11    7.39 ^ hash/CA1/_2035_/Y (sky130_fd_sc_hd__nand2_2)
                                         hash/CA1/_0042_ (net)
                  0.08    0.00    7.39 ^ hash/CA1/_2056_/A2 (sky130_fd_sc_hd__a21o_1)
     1    0.00    0.04    0.12    7.51 ^ hash/CA1/_2056_/X (sky130_fd_sc_hd__a21o_1)
                                         hash/CA1/_0055_ (net)
                  0.04    0.00    7.51 ^ hash/CA1/_2057_/A2 (sky130_fd_sc_hd__a21oi_1)
     1    0.01    0.08    0.09    7.59 v hash/CA1/_2057_/Y (sky130_fd_sc_hd__a21oi_1)
                                         hash/CA1/_0056_ (net)
                  0.08    0.00    7.59 v hash/CA1/_2058_/B (sky130_fd_sc_hd__xnor2_2)
     2    0.02    0.30    0.28    7.87 ^ hash/CA1/_2058_/Y (sky130_fd_sc_hd__xnor2_2)
                                         hash/CA1/_1280_ (net)
                  0.30    0.00    7.87 ^ hash/CA1/_2059_/A (sky130_fd_sc_hd__inv_1)
     1    0.01    0.08    0.10    7.98 v hash/CA1/_2059_/Y (sky130_fd_sc_hd__inv_1)
                                         hash/CA1/_1107_ (net)
                  0.08    0.00    7.98 v hash/CA1/_3444_/B (sky130_fd_sc_hd__fa_1)
     1    0.01    0.08    0.53    8.51 ^ hash/CA1/_3444_/SUM (sky130_fd_sc_hd__fa_1)
                                         hash/CA1/_1110_ (net)
                  0.08    0.00    8.51 ^ hash/CA1/_2375_/A (sky130_fd_sc_hd__clkinv_1)
     1    0.01    0.09    0.11    8.62 v hash/CA1/_2375_/Y (sky130_fd_sc_hd__clkinv_1)
                                         hash/CA1/_1711_ (net)
                  0.09    0.00    8.62 v hash/CA1/_3653_/A (sky130_fd_sc_hd__ha_4)
     4    0.02    0.08    0.32    8.93 ^ hash/CA1/_3653_/SUM (sky130_fd_sc_hd__ha_4)
                                         hash/CA1/_1714_ (net)
                  0.08    0.00    8.94 ^ hash/CA1/_3098_/B (sky130_fd_sc_hd__nand2_1)
     2    0.01    0.05    0.07    9.01 v hash/CA1/_3098_/Y (sky130_fd_sc_hd__nand2_1)
                                         hash/CA1/_0739_ (net)
                  0.05    0.00    9.01 v hash/CA1/_3101_/B1 (sky130_fd_sc_hd__a2111oi_0)
     1    0.01    0.59    0.55    9.55 ^ hash/CA1/_3101_/Y (sky130_fd_sc_hd__a2111oi_0)
                                         hash/CA1/_0742_ (net)
                  0.59    0.00    9.55 ^ hash/CA1/_3103_/C1 (sky130_fd_sc_hd__a2111oi_2)
     2    0.02    0.15    0.16    9.71 v hash/CA1/_3103_/Y (sky130_fd_sc_hd__a2111oi_2)
                                         hash/CA1/_0744_ (net)
                  0.15    0.00    9.71 v hash/CA1/_3116_/A1 (sky130_fd_sc_hd__a21oi_4)
     3    0.02    0.20    0.24    9.95 ^ hash/CA1/_3116_/Y (sky130_fd_sc_hd__a21oi_4)
                                         hash/CA1/_0755_ (net)
                  0.20    0.00    9.95 ^ hash/CA1/_3126_/C (sky130_fd_sc_hd__nand3_2)
     3    0.01    0.10    0.14   10.08 v hash/CA1/_3126_/Y (sky130_fd_sc_hd__nand3_2)
                                         hash/CA1/_0763_ (net)
                  0.10    0.00   10.08 v hash/CA1/_3145_/A1 (sky130_fd_sc_hd__o21a_4)
     2    0.01    0.05    0.25   10.33 v hash/CA1/_3145_/X (sky130_fd_sc_hd__o21a_4)
                                         hash/CA1/_0778_ (net)
                  0.05    0.00   10.33 v hash/CA1/_3160_/A1 (sky130_fd_sc_hd__o21ai_0)
     1    0.01    0.21    0.21   10.54 ^ hash/CA1/_3160_/Y (sky130_fd_sc_hd__o21ai_0)
                                         hash/CA1/_0791_ (net)
                  0.21    0.00   10.54 ^ hash/CA1/_3161_/B (sky130_fd_sc_hd__xnor2_1)
     1    0.00    0.11    0.14   10.67 ^ hash/CA1/_3161_/Y (sky130_fd_sc_hd__xnor2_1)
                                         hash/p3[23] (net)
                  0.11    0.00   10.67 ^ hash/p3_cap[23]$_DFF_P_/D (sky130_fd_sc_hd__dfxtp_1)
                                 10.67   data arrival time

                  0.00   10.00   10.00   clock core_clock (rise edge)
                          0.00   10.00   clock network delay (ideal)
                          0.00   10.00   clock reconvergence pessimism
                                 10.00 ^ hash/p3_cap[23]$_DFF_P_/CLK (sky130_fd_sc_hd__dfxtp_1)
                         -0.07    9.93   library setup time
                                  9.93   data required time
-----------------------------------------------------------------------------
                                  9.93   data required time
                                -10.67   data arrival time
-----------------------------------------------------------------------------
                                 -0.75   slack (VIOLATED)



==========================================================================
resizer report_check_types -max_slew -max_cap -max_fanout -violators
--------------------------------------------------------------------------

==========================================================================
resizer max_slew_check_slack
--------------------------------------------------------------------------
0.08285683393478394

==========================================================================
resizer max_slew_check_limit
--------------------------------------------------------------------------
1.468616008758545

==========================================================================
resizer max_slew_check_slack_limit
--------------------------------------------------------------------------
0.0564

==========================================================================
resizer max_fanout_check_slack
--------------------------------------------------------------------------
1.0000000150474662e+30

==========================================================================
resizer max_fanout_check_limit
--------------------------------------------------------------------------
1.0000000150474662e+30

==========================================================================
resizer max_capacitance_check_slack
--------------------------------------------------------------------------
0.006632877979427576

==========================================================================
resizer max_capacitance_check_limit
--------------------------------------------------------------------------
0.19043999910354614

==========================================================================
resizer max_capacitance_check_slack_limit
--------------------------------------------------------------------------
0.0348

==========================================================================
resizer max_slew_violation_count
--------------------------------------------------------------------------
max slew violation count 0

==========================================================================
resizer max_fanout_violation_count
--------------------------------------------------------------------------
max fanout violation count 0

==========================================================================
resizer max_cap_violation_count
--------------------------------------------------------------------------
max cap violation count 0

==========================================================================
resizer setup_violation_count
--------------------------------------------------------------------------
setup violation count 34

==========================================================================
resizer hold_violation_count
--------------------------------------------------------------------------
hold violation count 0

==========================================================================
resizer report_checks -path_delay max reg to reg
--------------------------------------------------------------------------
Startpoint: hash/p2_cap[12]$_DFF_P_
            (rising edge-triggered flip-flop clocked by core_clock)
Endpoint: hash/p3_cap[23]$_DFF_P_
          (rising edge-triggered flip-flop clocked by core_clock)
Path Group: core_clock
Path Type: max

  Delay    Time   Description
---------------------------------------------------------
   0.00    0.00   clock core_clock (rise edge)
   0.00    0.00   clock network delay (ideal)
   0.00    0.00 ^ hash/p2_cap[12]$_DFF_P_/CLK (sky130_fd_sc_hd__dfxtp_1)
   0.42    0.42 ^ hash/p2_cap[12]$_DFF_P_/Q (sky130_fd_sc_hd__dfxtp_1)
   0.56    0.98 v hash/CA2/S1/_11_/X (sky130_fd_sc_hd__xor3_1)
   0.35    1.34 v hash/CA2/_2243_/SUM (sky130_fd_sc_hd__ha_1)
   0.37    1.70 ^ hash/CA2/_1246_/Y (sky130_fd_sc_hd__a211oi_1)
   0.14    1.84 v hash/CA2/_1249_/Y (sky130_fd_sc_hd__o21ai_2)
   0.21    2.05 v hash/CA2/_1263_/X (sky130_fd_sc_hd__and4_4)
   0.24    2.29 ^ hash/CA2/_1310_/Y (sky130_fd_sc_hd__o21ai_2)
   0.10    2.39 v hash/CA2/_1312_/Y (sky130_fd_sc_hd__a21oi_1)
   0.24    2.63 ^ hash/CA2/_1313_/Y (sky130_fd_sc_hd__o21ai_0)
   0.14    2.78 v hash/CA2/_1325_/Y (sky130_fd_sc_hd__a21oi_1)
   0.39    3.16 ^ hash/CA2/_1345_/Y (sky130_fd_sc_hd__o31ai_2)
   0.28    3.45 ^ hash/CA2/_1346_/Y (sky130_fd_sc_hd__xnor2_1)
   0.37    3.81 v hash/CA2/_2284_/SUM (sky130_fd_sc_hd__ha_1)
   0.26    4.08 ^ hash/CA2/_2068_/Y (sky130_fd_sc_hd__a21oi_2)
   0.14    4.22 v hash/CA2/_2097_/Y (sky130_fd_sc_hd__o21ai_0)
   0.19    4.41 v hash/CA2/_2098_/X (sky130_fd_sc_hd__a21o_1)
   0.17    4.58 v hash/CA2/_2099_/X (sky130_fd_sc_hd__a21o_1)
   0.17    4.75 ^ hash/CA2/_2100_/Y (sky130_fd_sc_hd__a21oi_1)
   0.12    4.86 v hash/CA2/_2101_/Y (sky130_fd_sc_hd__clkinv_1)
   0.27    5.14 v hash/CA2/_2102_/X (sky130_fd_sc_hd__a41o_4)
   0.23    5.37 ^ hash/CA2/_2127_/Y (sky130_fd_sc_hd__o211ai_1)
   0.27    5.64 ^ hash/CA2/_2128_/X (sky130_fd_sc_hd__xor2_1)
   0.25    5.89 ^ hash/_2830_/X (sky130_fd_sc_hd__mux2_8)
   0.29    6.18 v hash/CA1/S1/_28_/X (sky130_fd_sc_hd__xor3_1)
   0.42    6.60 ^ hash/CA1/_3637_/SUM (sky130_fd_sc_hd__ha_1)
   0.12    6.72 v hash/CA1/_2029_/Y (sky130_fd_sc_hd__o21ai_0)
   0.41    7.14 ^ hash/CA1/_2032_/Y (sky130_fd_sc_hd__a221oi_1)
   0.14    7.28 v hash/CA1/_2033_/Y (sky130_fd_sc_hd__nand2_1)
   0.11    7.39 ^ hash/CA1/_2035_/Y (sky130_fd_sc_hd__nand2_2)
   0.12    7.51 ^ hash/CA1/_2056_/X (sky130_fd_sc_hd__a21o_1)
   0.09    7.59 v hash/CA1/_2057_/Y (sky130_fd_sc_hd__a21oi_1)
   0.28    7.87 ^ hash/CA1/_2058_/Y (sky130_fd_sc_hd__xnor2_2)
   0.11    7.98 v hash/CA1/_2059_/Y (sky130_fd_sc_hd__inv_1)
   0.53    8.51 ^ hash/CA1/_3444_/SUM (sky130_fd_sc_hd__fa_1)
   0.11    8.62 v hash/CA1/_2375_/Y (sky130_fd_sc_hd__clkinv_1)
   0.32    8.93 ^ hash/CA1/_3653_/SUM (sky130_fd_sc_hd__ha_4)
   0.07    9.01 v hash/CA1/_3098_/Y (sky130_fd_sc_hd__nand2_1)
   0.55    9.55 ^ hash/CA1/_3101_/Y (sky130_fd_sc_hd__a2111oi_0)
   0.16    9.71 v hash/CA1/_3103_/Y (sky130_fd_sc_hd__a2111oi_2)
   0.24    9.95 ^ hash/CA1/_3116_/Y (sky130_fd_sc_hd__a21oi_4)
   0.14   10.08 v hash/CA1/_3126_/Y (sky130_fd_sc_hd__nand3_2)
   0.25   10.33 v hash/CA1/_3145_/X (sky130_fd_sc_hd__o21a_4)
   0.21   10.54 ^ hash/CA1/_3160_/Y (sky130_fd_sc_hd__o21ai_0)
   0.14   10.67 ^ hash/CA1/_3161_/Y (sky130_fd_sc_hd__xnor2_1)
   0.00   10.67 ^ hash/p3_cap[23]$_DFF_P_/D (sky130_fd_sc_hd__dfxtp_1)
          10.67   data arrival time

  10.00   10.00   clock core_clock (rise edge)
   0.00   10.00   clock network delay (ideal)
   0.00   10.00   clock reconvergence pessimism
          10.00 ^ hash/p3_cap[23]$_DFF_P_/CLK (sky130_fd_sc_hd__dfxtp_1)
  -0.07    9.93   library setup time
           9.93   data required time
---------------------------------------------------------
           9.93   data required time
         -10.67   data arrival time
---------------------------------------------------------
          -0.75   slack (VIOLATED)



==========================================================================
resizer report_checks -path_delay min reg to reg
--------------------------------------------------------------------------
Startpoint: ready_dash$_SDFF_PP0_
            (rising edge-triggered flip-flop clocked by core_clock)
Endpoint: ready$_DFF_P_ (rising edge-triggered flip-flop clocked by core_clock)
Path Group: core_clock
Path Type: min

  Delay    Time   Description
---------------------------------------------------------
   0.00    0.00   clock core_clock (rise edge)
   0.00    0.00   clock network delay (ideal)
   0.00    0.00 ^ ready_dash$_SDFF_PP0_/CLK (sky130_fd_sc_hd__dfxtp_1)
   0.28    0.28 ^ ready_dash$_SDFF_PP0_/Q (sky130_fd_sc_hd__dfxtp_1)
   0.00    0.28 ^ ready$_DFF_P_/D (sky130_fd_sc_hd__dfxtp_1)
           0.28   data arrival time

   0.00    0.00   clock core_clock (rise edge)
   0.00    0.00   clock network delay (ideal)
   0.00    0.00   clock reconvergence pessimism
           0.00 ^ ready$_DFF_P_/CLK (sky130_fd_sc_hd__dfxtp_1)
  -0.03   -0.03   library hold time
          -0.03   data required time
---------------------------------------------------------
          -0.03   data required time
          -0.28   data arrival time
---------------------------------------------------------
           0.31   slack (MET)



==========================================================================
resizer critical path target clock latency max path
--------------------------------------------------------------------------
0.0000

==========================================================================
resizer critical path target clock latency min path
--------------------------------------------------------------------------
0.0000

==========================================================================
resizer critical path source clock latency min path
--------------------------------------------------------------------------
0.0000

==========================================================================
resizer critical path delay
--------------------------------------------------------------------------
10.6740

==========================================================================
resizer critical path slack
--------------------------------------------------------------------------
-0.7484

==========================================================================
resizer slack div critical path delay
--------------------------------------------------------------------------
-7.011430

==========================================================================
resizer report_power
--------------------------------------------------------------------------
Group                  Internal  Switching    Leakage      Total
                          Power      Power      Power      Power (Watts)
----------------------------------------------------------------
Sequential             1.88e-02   2.14e-03   2.80e-08   2.10e-02   6.0%
Combinational          1.42e-01   1.85e-01   6.58e-08   3.27e-01  94.0%
Clock                  0.00e+00   0.00e+00   0.00e+00   0.00e+00   0.0%
Macro                  0.00e+00   0.00e+00   0.00e+00   0.00e+00   0.0%
Pad                    0.00e+00   0.00e+00   0.00e+00   0.00e+00   0.0%
----------------------------------------------------------------
Total                  1.60e-01   1.87e-01   9.37e-08   3.47e-01 100.0%
                          46.1%      53.9%       0.0%
