OpenROAD v2.0-19814-g250e48e05 
Features included (+) or not (-): +GPU +GUI +Python
This program is licensed under the BSD-3 license. See the LICENSE file for details.
Components of this program may be licensed under more restrictive licenses which must be honored.
[INFO ORD-0030] Using 8 thread(s).
[INFO DRT-0149] Reading tech and libs.
[WARNING DRT-0349] LEF58_ENCLOSURE with no CUTCLASS is not supported. Skipping for layer mcon
[WARNING DRT-0349] LEF58_ENCLOSURE with no CUTCLASS is not supported. Skipping for layer mcon
[WARNING DRT-0349] LEF58_ENCLOSURE with no CUTCLASS is not supported. Skipping for layer via
[WARNING DRT-0349] LEF58_ENCLOSURE with no CUTCLASS is not supported. Skipping for layer via
[WARNING DRT-0349] LEF58_ENCLOSURE with no CUTCLASS is not supported. Skipping for layer via2
[WARNING DRT-0349] LEF58_ENCLOSURE with no CUTCLASS is not supported. Skipping for layer via2
[WARNING DRT-0349] LEF58_ENCLOSURE with no CUTCLASS is not supported. Skipping for layer via3
[WARNING DRT-0349] LEF58_ENCLOSURE with no CUTCLASS is not supported. Skipping for layer via3
[WARNING DRT-0349] LEF58_ENCLOSURE with no CUTCLASS is not supported. Skipping for layer via4
[WARNING DRT-0349] LEF58_ENCLOSURE with no CUTCLASS is not supported. Skipping for layer via4

Units:                1000
Number of layers:     13
Number of macros:     441
Number of vias:       29
Number of viarulegen: 25

[INFO DRT-0150] Reading design.
[WARNING DRT-0120] Large net select has 257 pins which may impact routing performance. Consider optimization.

Design:                   sha256_unrolled_pipelined
Die area:                 ( 0 0 ) ( 714235 714235 )
Number of track patterns: 12
Number of DEF vias:       0
Number of components:     24879
Number of terminals:      771
Number of snets:          2
Number of nets:           19410

[INFO DRT-0167] List of default vias:
  Layer via
    default via: M1M2_PR
  Layer via2
    default via: M2M3_PR
  Layer via3
    default via: M3M4_PR
  Layer via4
    default via: M4M5_PR
[INFO DRT-0162] Library cell analysis.
[INFO DRT-0163] Instance analysis.
[INFO DRT-0164] Number of unique instances = 350.
[INFO DRT-0168] Init region query.
[INFO DRT-0024]   Complete FR_MASTERSLICE.
[INFO DRT-0024]   Complete Fr_VIA.
[INFO DRT-0024]   Complete li1.
[INFO DRT-0024]   Complete mcon.
[INFO DRT-0024]   Complete met1.
[INFO DRT-0024]   Complete via.
[INFO DRT-0024]   Complete met2.
[INFO DRT-0024]   Complete via2.
[INFO DRT-0024]   Complete met3.
[INFO DRT-0024]   Complete via3.
[INFO DRT-0024]   Complete met4.
[INFO DRT-0024]   Complete via4.
[INFO DRT-0024]   Complete met5.
[INFO DRT-0033] FR_MASTERSLICE shape region query size = 0.
[INFO DRT-0033] FR_VIA shape region query size = 0.
[INFO DRT-0033] li1 shape region query size = 764494.
[INFO DRT-0033] mcon shape region query size = 500969.
[INFO DRT-0033] met1 shape region query size = 159543.
[INFO DRT-0033] via shape region query size = 34060.
[INFO DRT-0033] met2 shape region query size = 20819.
[INFO DRT-0033] via2 shape region query size = 27248.
[INFO DRT-0033] met3 shape region query size = 20824.
[INFO DRT-0033] via3 shape region query size = 27248.
[INFO DRT-0033] met4 shape region query size = 8216.
[INFO DRT-0033] via4 shape region query size = 1352.
[INFO DRT-0033] met5 shape region query size = 1404.
[INFO DRT-0165] Start pin access.
[INFO DRT-0076]   Complete 1000 pins.
[INFO DRT-0076]   Complete 2000 pins.
[INFO DRT-0078]   Complete 2864 pins.
[INFO DRT-0079]   Complete 100 unique inst patterns.
[INFO DRT-0079]   Complete 200 unique inst patterns.
[INFO DRT-0079]   Complete 300 unique inst patterns.
[INFO DRT-0081]   Complete 350 unique inst patterns.
[INFO DRT-0082]   Complete 10000 groups.
[INFO DRT-0084]   Complete 11761 groups.
#scanned instances     = 24879
#unique  instances     = 350
#stdCellGenAp          = 12288
#stdCellValidPlanarAp  = 176
#stdCellValidViaAp     = 8308
#stdCellPinNoAp        = 10
#stdCellPinCnt         = 72083
#instTermValidViaApCnt = 0
#macroGenAp            = 0
#macroValidPlanarAp    = 0
#macroValidViaAp       = 0
#macroNoAp             = 0
[INFO DRT-0166] Complete pin access.
[INFO DRT-0267] cpu time = 00:17:27, elapsed time = 00:02:17, memory = 306.25 (MB), peak = 321.63 (MB)
global_route -congestion_report_file ./reports/sky130hd/sha256_unrolled_pipelined/base/congestion.rpt -congestion_iterations 30 -congestion_report_iter_step 5 -verbose
[INFO GRT-0020] Min routing layer: met1
[INFO GRT-0021] Max routing layer: met5
[INFO GRT-0022] Global adjustment: 0%
[INFO GRT-0023] Grid origin: (0, 0)
[INFO GRT-0043] No OR_DEFAULT vias defined.
[INFO GRT-0088] Layer li1     Track-Pitch = 0.4600  line-2-Via Pitch: 0.3400
[INFO GRT-0088] Layer met1    Track-Pitch = 0.3400  line-2-Via Pitch: 0.3400
[INFO GRT-0088] Layer met2    Track-Pitch = 0.4600  line-2-Via Pitch: 0.3500
[INFO GRT-0088] Layer met3    Track-Pitch = 0.6800  line-2-Via Pitch: 0.6150
[INFO GRT-0088] Layer met4    Track-Pitch = 0.9200  line-2-Via Pitch: 1.0400
[INFO GRT-0088] Layer met5    Track-Pitch = 3.4000  line-2-Via Pitch: 3.1100
[INFO GRT-0003] Macros: 0
[INFO GRT-0043] No OR_DEFAULT vias defined.
[INFO GRT-0004] Blockages: 114625
[INFO GRT-0019] Found 333 clock nets.
[INFO GRT-0001] Minimum degree: 2
[INFO GRT-0002] Maximum degree: 257

[INFO GRT-0053] Routing resources analysis:
          Routing      Original      Derated      Resource
Layer     Direction    Resources     Resources    Reduction (%)
---------------------------------------------------------------
li1        Vertical            0             0          0.00%
met1       Horizontal     213210         82856          61.14%
met2       Vertical       159856        104652          34.53%
met3       Horizontal     106605         77494          27.31%
met4       Vertical        64169         37332          41.82%
met5       Horizontal      21321         10510          50.71%
---------------------------------------------------------------

[INFO GRT-0101] Running extra iterations to remove overflow.
[INFO GRT-0197] Via related to pin nodes: 133765
[INFO GRT-0198] Via related Steiner nodes: 4470
[INFO GRT-0199] Via filling finished.
[INFO GRT-0111] Final number of vias: 179354
[INFO GRT-0112] Final usage 3D: 683823

[INFO GRT-0096] Final congestion report:
Layer         Resource        Demand        Usage (%)    Max H / Max V / Total Overflow
---------------------------------------------------------------------------------------
li1                  0             0            0.00%             0 /  0 /  0
met1             82856         35826           43.24%             0 /  0 /  0
met2            104652         60488           57.80%             0 /  0 /  0
met3             77494         30166           38.93%             0 /  0 /  0
met4             37332         16016           42.90%             0 /  0 /  0
met5             10510          3265           31.07%             0 /  0 /  0
---------------------------------------------------------------------------------------
Total           312844        145761           46.59%             0 /  0 /  0

[INFO GRT-0018] Total wirelength: 1434247 um
[INFO GRT-0014] Routed nets: 19395
Perform buffer insertion and gate resizing...
repair_design -verbose
[INFO RSZ-0058] Using max wire length 2154um.
Iteration |   Area    | Resized | Buffers | Nets repaired | Remaining
---------------------------------------------------------------------
        0 |     +0.0% |       0 |       0 |             0 |     20210
     1000 |     +0.0% |       0 |       0 |             0 |     19210
     2000 |     +0.0% |       0 |       0 |             0 |     18210
     3000 |     +0.0% |       0 |       0 |             0 |     17210
     4000 |     +0.0% |       2 |       1 |             3 |     16210
     5000 |     +0.0% |       2 |       1 |             3 |     15210
     6000 |     +0.0% |       2 |       1 |             3 |     14210
     7000 |     +0.0% |       2 |       1 |             3 |     13210
     8000 |     +0.0% |       2 |       1 |             3 |     12210
     9000 |     +0.0% |       2 |       1 |             3 |     11210
    10000 |     +0.0% |       2 |       1 |             3 |     10210
    11000 |     +0.0% |       2 |       1 |             3 |      9210
    12000 |     +0.0% |       2 |       1 |             3 |      8210
    13000 |     +0.0% |       2 |       1 |             3 |      7210
    14000 |     +0.0% |       2 |       2 |             4 |      6210
    15000 |     +0.0% |       2 |       2 |             4 |      5210
    16000 |     +0.0% |       2 |       2 |             4 |      4210
    17000 |     +0.0% |       2 |       2 |             4 |      3210
    18000 |     +0.0% |       6 |       2 |             8 |      2210
    19000 |     +0.0% |       6 |       2 |             8 |      1210
    20000 |     +0.0% |       6 |       2 |             8 |       210
    final |     +0.0% |       6 |       2 |             8 |         0
---------------------------------------------------------------------
[INFO RSZ-0034] Found 7 slew violations.
[INFO RSZ-0036] Found 2 capacitance violations.
[INFO RSZ-0039] Resized 6 instances.
[INFO RSZ-0038] Inserted 2 buffers in 8 nets.
global_route -start_incremental
detailed_placement
Placement Analysis
---------------------------------
total displacement         11.0 u
average displacement        0.0 u
max displacement            4.1 u
original HPWL          738004.1 u
legalized HPWL         738007.1 u
delta HPWL                    0 %

global_route -end_incremental -congestion_report_file ./reports/sky130hd/sha256_unrolled_pipelined/base/congestion_post_repair_design.rpt
Repair setup and hold violations...
repair_timing -verbose -setup_margin 0 -hold_margin 0 -repair_tns "100        "
[INFO RSZ-0094] Found 31 endpoints with setup violations.
[INFO RSZ-0099] Repairing 31 out of 31 (100.00%) violating endpoints...
   Iter   | Removed | Resized | Inserted | Cloned |  Pin  |   Area   |    WNS   |   TNS      |  Viol  | Worst
          | Buffers |  Gates  | Buffers  |  Gates | Swaps |          |          |            | Endpts | Endpt
--------------------------------------------------------------------------------------------------------------
        0 |       0 |       0 |        0 |      0 |     0 |    +0.0% |   -0.657 |       -8.8 |     31 | hash/p2_cap\[31\]$_DFF_P_/D
       10 |       0 |       8 |        0 |      0 |     1 |    +0.0% |   -0.564 |       -7.5 |     31 | hash/p2_cap\[30\]$_DFF_P_/D
       20 |       0 |      13 |        4 |      0 |     4 |    +0.0% |   -0.508 |       -6.6 |     31 | hash/p2_cap\[30\]$_DFF_P_/D
       30 |       0 |      17 |        8 |      0 |     9 |    +0.0% |   -0.470 |       -5.4 |     31 | hash/p2_cap\[30\]$_DFF_P_/D
       40 |       0 |      22 |        8 |      0 |    14 |    +0.1% |   -0.414 |       -4.9 |     31 | hash/p2_cap\[31\]$_DFF_P_/D
       50 |       0 |      25 |       12 |      0 |    20 |    +0.1% |   -0.485 |       -4.6 |     31 | hash/p2_cap\[29\]$_DFF_P_/D
       60 |       0 |      29 |       14 |      0 |    25 |    +0.1% |   -0.558 |       -6.8 |     31 | hash/p2_cap\[31\]$_DFF_P_/D
       70 |       0 |      34 |       14 |      0 |    30 |    +0.1% |   -0.501 |       -6.3 |     31 | hash/p2_cap\[29\]$_DFF_P_/D
       80 |       0 |      36 |       16 |      0 |    37 |    +0.1% |   -0.473 |       -5.3 |     31 | hash/p2_cap\[30\]$_DFF_P_/D
       90 |       0 |      40 |       19 |      0 |    42 |    +0.1% |   -0.431 |       -5.2 |     31 | hash/p2_cap\[30\]$_DFF_P_/D
      100 |       0 |      45 |       19 |      0 |    47 |    +0.1% |   -0.371 |       -4.1 |     31 | hash/p2_cap\[29\]$_DFF_P_/D
      110 |       0 |      45 |       22 |      0 |    56 |    +0.1% |   -0.612 |       -6.7 |     31 | hash/p2_cap\[29\]$_DFF_P_/D
      120 |       0 |      48 |       26 |      0 |    61 |    +0.1% |   -0.659 |       -7.6 |     31 | hash/p2_cap\[29\]$_DFF_P_/D
      120 |       0 |      44 |       22 |      0 |    46 |    +0.1% |   -0.353 |       -3.9 |     31 | hash/p2_cap\[29\]$_DFF_P_/D
      130 |       0 |      46 |       24 |      0 |    52 |    +0.1% |   -0.468 |       -3.6 |     31 | hash/p2_cap\[30\]$_DFF_P_/D
      130 |       0 |      44 |       24 |      0 |    46 |    +0.1% |   -0.344 |       -3.8 |     31 | hash/p2_cap\[29\]$_DFF_P_/D
      140 |       0 |      50 |       26 |      0 |    48 |    +0.1% |   -0.409 |       -4.0 |     31 | hash/p2_cap\[31\]$_DFF_P_/D
      150 |       0 |      53 |       34 |      0 |    52 |    +0.1% |   -0.436 |       -4.2 |     31 | hash/p2_cap\[31\]$_DFF_P_/D
      160 |       0 |      60 |       34 |      0 |    55 |    +0.1% |   -0.381 |       -3.8 |     31 | hash/p2_cap\[31\]$_DFF_P_/D
      170 |       0 |      66 |       41 |      0 |    57 |    +0.2% |   -0.326 |       -3.5 |     31 | hash/p2_cap\[31\]$_DFF_P_/D
      180 |       0 |      68 |       41 |      0 |    65 |    +0.2% |   -0.313 |       -3.3 |     31 | hash/p1_cap\[29\]$_DFF_P_/D
      180 |       0 |      68 |       41 |      0 |    65 |    +0.2% |   -0.313 |       -3.3 |     31 | hash/p1_cap\[29\]$_DFF_P_/D
      190 |       0 |      74 |       41 |      0 |    68 |    +0.2% |   -0.313 |       -3.2 |     31 | hash/p1_cap\[29\]$_DFF_P_/D
      200 |       0 |      77 |       41 |      0 |    75 |    +0.2% |   -0.313 |       -3.2 |     31 | hash/p1_cap\[29\]$_DFF_P_/D
      209 |       0 |      77 |       41 |      0 |    74 |    +0.2% |   -0.313 |       -3.1 |     31 | hash/p1_cap\[29\]$_DFF_P_/D
      210 |       0 |      77 |       41 |      0 |    74 |    +0.2% |   -0.313 |       -3.1 |     31 | hash/p1_cap\[29\]$_DFF_P_/D
      220 |       0 |      81 |       41 |      0 |    80 |    +0.2% |   -0.313 |       -2.9 |     31 | hash/p1_cap\[29\]$_DFF_P_/D
      230 |       0 |      85 |       41 |      0 |    86 |    +0.2% |   -0.313 |       -2.5 |     31 | hash/p1_cap\[29\]$_DFF_P_/D
      232 |       0 |      85 |       41 |      0 |    85 |    +0.2% |   -0.313 |       -2.4 |     31 | hash/p1_cap\[29\]$_DFF_P_/D
      233 |       0 |      85 |       41 |      0 |    85 |    +0.2% |   -0.313 |       -2.4 |     31 | hash/p1_cap\[29\]$_DFF_P_/D
      240 |       0 |      89 |       41 |      0 |    87 |    +0.2% |   -0.313 |       -2.3 |     31 | hash/p1_cap\[29\]$_DFF_P_/D
      247 |       0 |      90 |       41 |      0 |    91 |    +0.2% |   -0.313 |       -2.3 |     31 | hash/p1_cap\[29\]$_DFF_P_/D
      250 |       0 |      92 |       41 |      0 |    91 |    +0.2% |   -0.307 |       -1.9 |     31 | hash/p2_cap\[30\]$_DFF_P_/D
      260 |       0 |      98 |       41 |      0 |    95 |    +0.2% |   -0.307 |       -1.6 |     31 | hash/p2_cap\[30\]$_DFF_P_/D
      265 |       0 |     103 |       41 |      0 |    95 |    +0.3% |   -0.307 |       -1.5 |     29 | hash/p2_cap\[30\]$_DFF_P_/D
      267 |       0 |     104 |       41 |      0 |    95 |    +0.3% |   -0.307 |       -1.5 |     27 | hash/p2_cap\[30\]$_DFF_P_/D
      268 |       0 |     104 |       41 |      0 |    95 |    +0.3% |   -0.307 |       -1.5 |     26 | hash/p2_cap\[30\]$_DFF_P_/D
      270 |       0 |     104 |       41 |      0 |    96 |    +0.3% |   -0.307 |       -1.5 |     26 | hash/p2_cap\[30\]$_DFF_P_/D
      272 |       0 |     104 |       41 |      0 |    98 |    +0.3% |   -0.307 |       -1.5 |     26 | hash/p2_cap\[30\]$_DFF_P_/D
      274 |       0 |     104 |       41 |      0 |    98 |    +0.3% |   -0.307 |       -1.5 |     25 | hash/p2_cap\[30\]$_DFF_P_/D
      275 |       0 |     104 |       41 |      0 |    98 |    +0.3% |   -0.307 |       -1.5 |     24 | hash/p2_cap\[30\]$_DFF_P_/D
      276 |       0 |     104 |       41 |      0 |    98 |    +0.3% |   -0.307 |       -1.5 |     23 | hash/p2_cap\[30\]$_DFF_P_/D
      277 |       0 |     104 |       41 |      0 |    98 |    +0.3% |   -0.307 |       -1.5 |     22 | hash/p2_cap\[30\]$_DFF_P_/D
      278 |       0 |     104 |       41 |      0 |    98 |    +0.3% |   -0.307 |       -1.5 |     21 | hash/p2_cap\[30\]$_DFF_P_/D
      279 |       0 |     104 |       41 |      0 |    98 |    +0.3% |   -0.307 |       -1.5 |     20 | hash/p2_cap\[30\]$_DFF_P_/D
      280 |       0 |     104 |       41 |      0 |    98 |    +0.3% |   -0.307 |       -1.5 |     20 | hash/p2_cap\[30\]$_DFF_P_/D
      280 |       0 |     104 |       41 |      0 |    98 |    +0.3% |   -0.307 |       -1.5 |     19 | hash/p2_cap\[30\]$_DFF_P_/D
      281 |       0 |     104 |       41 |      0 |    98 |    +0.3% |   -0.307 |       -1.5 |     18 | hash/p2_cap\[30\]$_DFF_P_/D
      282 |       0 |     104 |       41 |      0 |    98 |    +0.3% |   -0.307 |       -1.5 |     17 | hash/p2_cap\[30\]$_DFF_P_/D
      283 |       0 |     104 |       41 |      0 |    98 |    +0.3% |   -0.307 |       -1.5 |     16 | hash/p2_cap\[30\]$_DFF_P_/D
      284 |       0 |     104 |       41 |      0 |    98 |    +0.3% |   -0.307 |       -1.5 |     15 | hash/p2_cap\[30\]$_DFF_P_/D
      285 |       0 |     104 |       41 |      0 |    98 |    +0.3% |   -0.307 |       -1.5 |     14 | hash/p2_cap\[30\]$_DFF_P_/D
      286 |       0 |     104 |       41 |      0 |    98 |    +0.3% |   -0.307 |       -1.5 |     13 | hash/p2_cap\[30\]$_DFF_P_/D
      287 |       0 |     104 |       41 |      0 |    98 |    +0.3% |   -0.307 |       -1.5 |     12 | hash/p2_cap\[30\]$_DFF_P_/D
      288 |       0 |     104 |       41 |      0 |    98 |    +0.3% |   -0.307 |       -1.5 |     11 | hash/p2_cap\[30\]$_DFF_P_/D
      289 |       0 |     104 |       41 |      0 |    98 |    +0.3% |   -0.307 |       -1.5 |     10 | hash/p2_cap\[30\]$_DFF_P_/D
      290 |       0 |     104 |       41 |      0 |    98 |    +0.3% |   -0.307 |       -1.5 |     10 | hash/p2_cap\[30\]$_DFF_P_/D
      290 |       0 |     104 |       41 |      0 |    98 |    +0.3% |   -0.307 |       -1.5 |      9 | hash/p2_cap\[30\]$_DFF_P_/D
      291 |       0 |     104 |       41 |      0 |    98 |    +0.3% |   -0.307 |       -1.5 |      8 | hash/p2_cap\[30\]$_DFF_P_/D
      292 |       0 |     104 |       41 |      0 |    98 |    +0.3% |   -0.307 |       -1.5 |      7 | hash/p2_cap\[30\]$_DFF_P_/D
      293 |       0 |     104 |       41 |      0 |    98 |    +0.3% |   -0.307 |       -1.5 |      6 | hash/p2_cap\[30\]$_DFF_P_/D
     294* |       0 |     104 |       41 |      0 |    98 |    +0.3% |   -0.307 |       -1.5 |      9 | hash/p2_cap\[30\]$_DFF_P_/D
     295* |       0 |     104 |       41 |      0 |    98 |    +0.3% |   -0.307 |       -1.5 |      9 | hash/p2_cap\[30\]$_DFF_P_/D
     296* |       0 |     104 |       41 |      0 |    98 |    +0.3% |   -0.307 |       -1.5 |      9 | hash/p2_cap\[30\]$_DFF_P_/D
     299* |       0 |     106 |       41 |      0 |    98 |    +0.3% |   -0.307 |       -1.4 |      9 | hash/p2_cap\[30\]$_DFF_P_/D
     300* |       0 |     106 |       41 |      0 |    98 |    +0.3% |   -0.307 |       -1.4 |      9 | hash/p2_cap\[30\]$_DFF_P_/D
     300* |       0 |     106 |       41 |      0 |    98 |    +0.3% |   -0.307 |       -1.4 |      9 | hash/p2_cap\[30\]$_DFF_P_/D
     301* |       0 |     106 |       41 |      0 |    98 |    +0.3% |   -0.307 |       -1.4 |      9 | hash/p2_cap\[30\]$_DFF_P_/D
     302* |       0 |     106 |       41 |      0 |    98 |    +0.3% |   -0.307 |       -1.4 |      9 | hash/p2_cap\[30\]$_DFF_P_/D
     303* |       0 |     106 |       41 |      0 |    98 |    +0.3% |   -0.307 |       -1.4 |      9 | hash/p2_cap\[30\]$_DFF_P_/D
     304* |       0 |     106 |       41 |      0 |    98 |    +0.3% |   -0.307 |       -1.4 |      9 | hash/p2_cap\[30\]$_DFF_P_/D
    final |       0 |     106 |       41 |      0 |    98 |    +0.3% |   -0.307 |       -1.4 |      9 | hash/p2_cap\[30\]$_DFF_P_/D
--------------------------------------------------------------------------------------------------------------
[INFO RSZ-0040] Inserted 24 buffers.
[INFO RSZ-0041] Resized 106 instances.
[INFO RSZ-0043] Swapped pins on 98 instances.
[WARNING RSZ-0062] Unable to repair all setup violations.
[INFO RSZ-0033] No hold violations found.
Took 5 seconds: repair_timing -verbose -setup_margin 0 -hold_margin 0 -repair_tns "100        "
global_route -start_incremental
detailed_placement
Placement Analysis
---------------------------------
total displacement        591.6 u
average displacement        0.0 u
max displacement            9.6 u
original HPWL          738314.1 u
legalized HPWL         738776.9 u
delta HPWL                    0 %

global_route -end_incremental -congestion_report_file ./reports/sky130hd/sha256_unrolled_pipelined/base/congestion_post_repair_timing.rpt
global_route -start_incremental
Downsizing/switching to higher Vt for non critical gates for power recovery
Percent of paths optimized 100			
tns -1.42
wns -0.31
Group                  Internal  Switching    Leakage      Total
                          Power      Power      Power      Power (Watts)
----------------------------------------------------------------
Sequential             1.87e-02   2.57e-03   2.80e-08   2.12e-02   5.5%
Combinational          1.46e-01   2.03e-01   6.56e-08   3.49e-01  91.0%
Clock                  7.40e-03   5.84e-03   5.43e-09   1.32e-02   3.4%
Macro                  0.00e+00   0.00e+00   0.00e+00   0.00e+00   0.0%
Pad                    0.00e+00   0.00e+00   0.00e+00   0.00e+00   0.0%
----------------------------------------------------------------
Total                  1.72e-01   2.12e-01   9.90e-08   3.84e-01 100.0%
                          44.8%      55.2%       0.0%
repair_timing -verbose -recover_power 100
Iteration |   Area    |  Resized |   WNS    | Endpt
---------------------------------------------------
        0 |     +0.0% |        0 |   -0.307 | hash/p2_cap\[30\]$_DFF_P_/D
      100 |     -0.0% |       15 |   -0.313 | hash/p2_cap\[30\]$_DFF_P_/D
      200 |     -0.0% |       17 |   -0.313 | hash/p2_cap\[30\]$_DFF_P_/D
      300 |     -0.0% |       28 |   -0.313 | hash/p2_cap\[30\]$_DFF_P_/D
      400 |     -0.0% |       89 |   -0.314 | hash/p2_cap\[30\]$_DFF_P_/D
      500 |     -0.0% |      110 |   -0.309 | hash/p2_cap\[30\]$_DFF_P_/D
      600 |     -0.0% |      117 |   -0.309 | hash/p2_cap\[30\]$_DFF_P_/D
      700 |     -0.0% |      130 |   -0.309 | hash/p2_cap\[30\]$_DFF_P_/D
      800 |     -0.0% |      141 |   -0.309 | hash/p2_cap\[30\]$_DFF_P_/D
      900 |     -0.0% |      147 |   -0.309 | hash/p2_cap\[30\]$_DFF_P_/D
     1000 |     -0.0% |      151 |   -0.309 | hash/p2_cap\[30\]$_DFF_P_/D
     1100 |     -0.0% |      156 |   -0.309 | hash/p2_cap\[30\]$_DFF_P_/D
     1200 |     -0.0% |      163 |   -0.309 | hash/p2_cap\[30\]$_DFF_P_/D
     1300 |     -0.0% |      168 |   -0.309 | hash/p2_cap\[30\]$_DFF_P_/D
     1400 |     -0.0% |      173 |   -0.309 | hash/p2_cap\[30\]$_DFF_P_/D
     1500 |     -0.0% |      176 |   -0.309 | hash/p2_cap\[30\]$_DFF_P_/D
     1600 |     -0.0% |      178 |   -0.309 | hash/p2_cap\[30\]$_DFF_P_/D
     1700 |     -0.0% |      181 |   -0.309 | hash/p2_cap\[30\]$_DFF_P_/D
     1800 |     -0.0% |      181 |   -0.309 | hash/p2_cap\[30\]$_DFF_P_/D
     1900 |     -0.0% |      182 |   -0.309 | hash/p2_cap\[30\]$_DFF_P_/D
     2000 |     -0.0% |      182 |   -0.309 | hash/p2_cap\[30\]$_DFF_P_/D
     2100 |     -0.0% |      184 |   -0.309 | hash/p2_cap\[30\]$_DFF_P_/D
     2200 |     -0.0% |      185 |   -0.309 | hash/p2_cap\[30\]$_DFF_P_/D
     2300 |     -0.0% |      187 |   -0.309 | hash/p2_cap\[30\]$_DFF_P_/D
     2400 |     -0.0% |      188 |   -0.309 | hash/p2_cap\[30\]$_DFF_P_/D
     2500 |     -0.0% |      188 |   -0.309 | hash/p2_cap\[30\]$_DFF_P_/D
     2600 |     -0.0% |      188 |   -0.309 | hash/p2_cap\[30\]$_DFF_P_/D
     2700 |     -0.0% |      197 |   -0.309 | hash/p2_cap\[30\]$_DFF_P_/D
     2800 |     -0.0% |      251 |   -0.309 | hash/p2_cap\[30\]$_DFF_P_/D
     2900 |     -0.0% |      316 |   -0.314 | hash/p2_cap\[30\]$_DFF_P_/D
     3000 |     -0.0% |      375 |   -0.314 | hash/p2_cap\[30\]$_DFF_P_/D
     3100 |     -0.0% |      434 |   -0.327 | hash/p2_cap\[30\]$_DFF_P_/D
     3200 |     -0.0% |      481 |   -0.316 | hash/p2_cap\[30\]$_DFF_P_/D
[INFO RSZ-0142] 500 successive tries yielded negative slack. Ending power recovery
    final |     -0.0% |      502 |   -0.293 | hash/p2_cap\[30\]$_DFF_P_/D
---------------------------------------------------
[INFO RSZ-0141] Resized 502 instances.
Took 73 seconds: repair_timing -verbose -recover_power 100
tns -1.34
wns -0.29
Group                  Internal  Switching    Leakage      Total
                          Power      Power      Power      Power (Watts)
----------------------------------------------------------------
Sequential             1.87e-02   2.57e-03   2.80e-08   2.12e-02   5.5%
Combinational          1.46e-01   2.03e-01   6.56e-08   3.49e-01  91.0%
Clock                  7.40e-03   5.84e-03   5.43e-09   1.32e-02   3.4%
Macro                  0.00e+00   0.00e+00   0.00e+00   0.00e+00   0.0%
Pad                    0.00e+00   0.00e+00   0.00e+00   0.00e+00   0.0%
----------------------------------------------------------------
Total                  1.72e-01   2.12e-01   9.90e-08   3.84e-01 100.0%
                          44.8%      55.2%       0.0%
global_route -end_incremental -congestion_report_file ./reports/sky130hd/sha256_unrolled_pipelined/base/congestion_post_recover_power.rpt
Repair antennas...
[INFO GRT-0012] Found 81 antenna violations.
[INFO GRT-0302] Inserted 40 jumpers for 39 nets.
[INFO GRT-0012] Found 45 antenna violations.
[INFO GRT-0015] Inserted 126 diodes.
[INFO GRT-0012] Found 6 antenna violations.
[INFO GRT-0302] Inserted 5 jumpers for 4 nets.
[INFO GRT-0012] Found 2 antenna violations.
[INFO GRT-0015] Inserted 8 diodes.
[INFO GRT-0012] Found 0 antenna violations.
[INFO ANT-0002] Found 0 net violations.
[INFO ANT-0001] Found 0 pin violations.
Estimate parasitics...
Report metrics stage 5, global route...

==========================================================================
global route report_design_area
--------------------------------------------------------------------------
Design area 266883 u^2 53% utilization.
[INFO FLW-0007] clock core_clock period 10.000000
[INFO FLW-0008] Clock core_clock period 9.804
[INFO FLW-0009] Clock core_clock slack -0.320
[INFO FLW-0011] Path endpoint path count 5888
Elapsed time: 4:52.05[h:]min:sec. CPU time: user 1441.32 sys 1.03 (493%). Peak memory: 1305328KB.
