OpenROAD v2.0-19814-g250e48e05 
Features included (+) or not (-): +GPU +GUI +Python
This program is licensed under the BSD-3 license. See the LICENSE file for details.
Components of this program may be licensed under more restrictive licenses which must be honored.
[INFO ORD-0030] Using 8 thread(s).
Placement Analysis
---------------------------------
total displacement      44164.3 u
average displacement        2.0 u
max displacement           23.7 u
original HPWL          624454.5 u
legalized HPWL         668465.0 u
delta HPWL                    7 %

[INFO DPL-0020] Mirrored 4619 instances
[INFO DPL-0021] HPWL before          668465.0 u
[INFO DPL-0022] HPWL after           660150.9 u
[INFO DPL-0023] HPWL delta               -1.2 %
[INFO FLW-0012] Placement violations .
Report metrics stage 3, detailed place...

==========================================================================
detailed place report_design_area
--------------------------------------------------------------------------
Design area 235771 u^2 55% utilization.
Elapsed time: 0:10.33[h:]min:sec. CPU time: user 10.28 sys 0.04 (99%). Peak memory: 274352KB.
