OpenROAD v2.0-19814-g250e48e05 
Features included (+) or not (-): +GPU +GUI +Python
This program is licensed under the BSD-3 license. See the LICENSE file for details.
Components of this program may be licensed under more restrictive licenses which must be honored.
[INFO ORD-0030] Using 8 thread(s).
clock_tree_synthesis -sink_clustering_enable -balance_levels
[INFO CTS-0050] Root buffer is sky130_fd_sc_hd__clkbuf_16.
[INFO CTS-0051] Sink buffer is sky130_fd_sc_hd__clkbuf_16.
[INFO CTS-0052] The following clock buffers will be used for CTS:
                    sky130_fd_sc_hd__clkbuf_16
[INFO CTS-0049] Characterization buffer is sky130_fd_sc_hd__clkbuf_16.
[INFO CTS-0007] Net "clk" found for clock "core_clock".
[INFO CTS-0010]  Clock net "clk" has 2787 sinks.
[INFO CTS-0008] TritonCTS found 1 clock nets.
[INFO CTS-0097] Characterization used 1 buffer(s) types.
[INFO CTS-0201] 0 blockages from hard placement blockages and placed macros will be used.
[INFO CTS-0027] Generating H-Tree topology for net clk.
[INFO CTS-0028]  Total number of sinks: 2787.
[INFO CTS-0090]  Sinks will be clustered based on buffer max cap.
[INFO CTS-0030]  Number of static layers: 0.
[INFO CTS-0020]  Wire segment unit: 13600  dbu (13 um).
[INFO CTS-0206] Best clustering solution was found from clustering size of 20 and clustering diameter of 50.
[INFO CTS-0019]  Total number of sinks after clustering: 285.
[INFO CTS-0024]  Normalized sink region: [(1.29838, 1.14088), (47.0775, 47.5884)].
[INFO CTS-0025]     Width:  45.7792.
[INFO CTS-0026]     Height: 46.4475.
 Level 1
    Direction: Vertical
    Sinks per sub-region: 143
    Sub-region size: 45.7792 X 23.2238
[INFO CTS-0034]     Segment length (rounded): 12.
 Level 2
    Direction: Horizontal
    Sinks per sub-region: 72
    Sub-region size: 22.8896 X 23.2238
[INFO CTS-0034]     Segment length (rounded): 12.
 Level 3
    Direction: Vertical
    Sinks per sub-region: 36
    Sub-region size: 22.8896 X 11.6119
[INFO CTS-0034]     Segment length (rounded): 6.
 Level 4
    Direction: Horizontal
    Sinks per sub-region: 18
    Sub-region size: 11.4448 X 11.6119
[INFO CTS-0034]     Segment length (rounded): 6.
 Level 5
    Direction: Vertical
    Sinks per sub-region: 9
    Sub-region size: 11.4448 X 5.8059
[INFO CTS-0034]     Segment length (rounded): 2.
[INFO CTS-0032]  Stop criterion found. Max number of sinks is 15.
[INFO CTS-0035]  Number of sinks covered: 285.
[INFO CTS-0018]     Created 322 clock buffers.
[INFO CTS-0012]     Minimum number of buffers in the clock path: 4.
[INFO CTS-0013]     Maximum number of buffers in the clock path: 4.
[INFO CTS-0015]     Created 322 clock nets.
[INFO CTS-0016]     Fanout distribution for the current clock = 4:2, 5:5, 6:4, 7:22, 8:46, 9:53, 10:80, 11:57, 12:38, 13:8, 14:1, 15:1..
[INFO CTS-0017]     Max level of the clock tree: 5.
[INFO CTS-0098] Clock net "clk"
[INFO CTS-0099]  Sinks 3055
[INFO CTS-0100]  Leaf buffers 285
[INFO CTS-0101]  Average sink wire length 1156.73 um
[INFO CTS-0102]  Path depth 3 - 4
[INFO CTS-0207]  Leaf load cells 268
[INFO RSZ-0058] Using max wire length 2154um.
Placement Analysis
---------------------------------
total displacement       9947.7 u
average displacement        0.4 u
max displacement           23.9 u
original HPWL          685024.7 u
legalized HPWL         702105.6 u
delta HPWL                    2 %

repair_timing -verbose -setup_margin 0 -hold_margin 0 -repair_tns "100        " -match_cell_footprint
[INFO RSZ-0094] Found 87 endpoints with setup violations.
[INFO RSZ-0099] Repairing 87 out of 87 (100.00%) violating endpoints...
   Iter   | Removed | Resized | Inserted | Cloned |  Pin  |   Area   |    WNS   |   TNS      |  Viol  | Worst
          | Buffers |  Gates  | Buffers  |  Gates | Swaps |          |          |            | Endpts | Endpt
--------------------------------------------------------------------------------------------------------------
        0 |       0 |       0 |        0 |      0 |     0 |    +0.0% |   -2.599 |      -71.5 |     87 | hash.p2_cap\[30\]$_DFF_P_/D
       10 |       0 |       7 |        4 |      0 |     1 |    +0.0% |   -1.990 |      -50.4 |     87 | hash.p2_cap\[30\]$_DFF_P_/D
       20 |       0 |      15 |        7 |      0 |     2 |    +0.0% |   -1.653 |      -42.5 |     87 | hash.p2_cap\[30\]$_DFF_P_/D
       30 |       0 |      23 |        9 |      0 |     3 |    +0.1% |   -1.508 |      -40.2 |     87 | hash.p2_cap\[30\]$_DFF_P_/D
       40 |       0 |      27 |       11 |      0 |     8 |    +0.1% |   -1.542 |      -37.6 |     87 | hash.p2_cap\[30\]$_DFF_P_/D
       50 |       0 |      33 |       11 |      0 |    12 |    +0.1% |   -1.361 |      -36.4 |     87 | hash.p2_cap\[30\]$_DFF_P_/D
       60 |       0 |      36 |       16 |      1 |    16 |    +0.1% |   -1.291 |      -34.8 |     87 | hash.p2_cap\[29\]$_DFF_P_/D
       70 |       0 |      42 |       18 |      1 |    19 |    +0.1% |   -1.211 |      -31.2 |     87 | hash.p1_cap\[31\]$_DFF_P_/D
       80 |       0 |      50 |       24 |      1 |    20 |    +0.1% |   -1.174 |      -28.9 |     87 | hash.p2_cap\[30\]$_DFF_P_/D
       90 |       0 |      57 |       24 |      1 |    23 |    +0.2% |   -1.123 |      -27.5 |     87 | hash.p2_cap\[30\]$_DFF_P_/D
      100 |       0 |      61 |       28 |      1 |    27 |    +0.2% |   -1.094 |      -27.9 |     87 | hash.p2_cap\[29\]$_DFF_P_/D
      110 |       0 |      68 |       32 |      1 |    28 |    +0.2% |   -1.001 |      -22.9 |     87 | hash.p2_cap\[30\]$_DFF_P_/D
      120 |       0 |      75 |       32 |      1 |    31 |    +0.2% |   -0.954 |      -22.2 |     87 | hash.p3_cap\[31\]$_DFF_P_/D
      130 |       0 |      78 |       38 |      1 |    36 |    +0.2% |   -0.928 |      -21.4 |     87 | hash.p2_cap\[30\]$_DFF_P_/D
      140 |       0 |      83 |       38 |      1 |    41 |    +0.2% |   -1.101 |      -19.5 |     87 | hash.p2_cap\[30\]$_DFF_P_/D
      150 |       0 |      85 |       40 |      1 |    48 |    +0.2% |   -0.996 |      -18.6 |     87 | hash.p2_cap\[30\]$_DFF_P_/D
      160 |       0 |      91 |       48 |      1 |    50 |    +0.3% |   -0.986 |      -18.0 |     87 | hash.p2_cap\[30\]$_DFF_P_/D
      170 |       0 |      94 |       56 |      1 |    55 |    +0.3% |   -0.948 |      -17.9 |     87 | hash.p2_cap\[30\]$_DFF_P_/D
      180 |       0 |      96 |       62 |      1 |    61 |    +0.3% |   -0.922 |      -16.6 |     87 | hash.p2_cap\[30\]$_DFF_P_/D
      190 |       0 |      97 |       74 |      1 |    64 |    +0.3% |   -0.991 |      -17.5 |     87 | hash.p2_cap\[30\]$_DFF_P_/D
      200 |       0 |      97 |       94 |      1 |    64 |    +0.3% |   -0.991 |      -17.5 |     87 | hash.p2_cap\[30\]$_DFF_P_/D
      210 |       0 |      97 |      114 |      1 |    64 |    +0.3% |   -0.991 |      -17.5 |     87 | hash.p2_cap\[30\]$_DFF_P_/D
      220 |       0 |      97 |      134 |      1 |    64 |    +0.4% |   -0.991 |      -17.5 |     87 | hash.p2_cap\[30\]$_DFF_P_/D
      227 |       0 |      96 |      106 |      1 |    58 |    +0.3% |   -0.888 |      -16.7 |     87 | hash.p2_cap\[30\]$_DFF_P_/D
      230 |       0 |      97 |      106 |      1 |    59 |    +0.3% |   -0.881 |      -16.5 |     87 | hash.p1_cap\[31\]$_DFF_P_/D
      240 |       0 |     100 |      110 |      1 |    64 |    +0.3% |   -0.881 |      -16.4 |     87 | hash.p1_cap\[31\]$_DFF_P_/D
      250 |       0 |     101 |      112 |      1 |    72 |    +0.3% |   -0.911 |      -17.3 |     87 | hash.p2_cap\[30\]$_DFF_P_/D
      250 |       0 |      98 |      111 |      1 |    61 |    +0.3% |   -0.881 |      -16.3 |     87 | hash.p1_cap\[31\]$_DFF_P_/D
      260 |       0 |     103 |      111 |      1 |    65 |    +0.3% |   -0.881 |      -15.8 |     87 | hash.p1_cap\[31\]$_DFF_P_/D
      270 |       0 |     106 |      113 |      1 |    71 |    +0.3% |   -0.881 |      -15.2 |     87 | hash.p1_cap\[31\]$_DFF_P_/D
      280 |       0 |     113 |      113 |      2 |    73 |    +0.3% |   -0.953 |      -16.6 |     87 | hash.p2_cap\[30\]$_DFF_P_/D
      290 |       0 |     117 |      121 |      2 |    75 |    +0.4% |   -0.984 |      -16.9 |     87 | hash.p2_cap\[30\]$_DFF_P_/D
      300 |       0 |     117 |      141 |      2 |    75 |    +0.4% |   -0.984 |      -16.9 |     87 | hash.p2_cap\[30\]$_DFF_P_/D
      310 |       0 |     117 |      161 |      2 |    75 |    +0.4% |   -0.984 |      -16.9 |     87 | hash.p2_cap\[30\]$_DFF_P_/D
      314 |       0 |     105 |      141 |      1 |    67 |    +0.3% |   -0.881 |      -15.5 |     87 | hash.p1_cap\[31\]$_DFF_P_/D
      320 |       0 |     108 |      141 |      1 |    69 |    +0.3% |   -0.881 |      -16.0 |     87 | hash.p2_cap\[30\]$_DFF_P_/D
      321 |       0 |     107 |      141 |      1 |    67 |    +0.3% |   -0.881 |      -15.5 |     87 | hash.p1_cap\[31\]$_DFF_P_/D
      330 |       0 |     113 |      141 |      2 |    68 |    +0.3% |   -0.963 |      -16.3 |     87 | hash.p2_cap\[30\]$_DFF_P_/D
      340 |       0 |     120 |      143 |      2 |    70 |    +0.4% |   -1.003 |      -17.1 |     87 | hash.p2_cap\[30\]$_DFF_P_/D
      350 |       0 |     121 |      161 |      2 |    70 |    +0.4% |   -0.993 |      -16.9 |     87 | hash.p2_cap\[30\]$_DFF_P_/D
      360 |       0 |     121 |      181 |      2 |    70 |    +0.4% |   -0.993 |      -16.9 |     87 | hash.p2_cap\[30\]$_DFF_P_/D
      370 |       0 |     121 |      201 |      2 |    70 |    +0.4% |   -0.993 |      -16.9 |     87 | hash.p2_cap\[30\]$_DFF_P_/D
      374 |       0 |     108 |      176 |      1 |    68 |    +0.3% |   -0.881 |      -15.2 |     87 | hash.p1_cap\[31\]$_DFF_P_/D
      380 |       0 |     111 |      176 |      2 |    69 |    +0.3% |   -0.956 |      -16.2 |     87 | hash.p2_cap\[30\]$_DFF_P_/D
      390 |       0 |     116 |      176 |      2 |    74 |    +0.4% |   -0.956 |      -15.3 |     87 | hash.p2_cap\[30\]$_DFF_P_/D
      400 |       0 |     118 |      176 |      2 |    82 |    +0.4% |   -0.956 |      -15.3 |     87 | hash.p2_cap\[30\]$_DFF_P_/D
      410 |       0 |     120 |      190 |      2 |    83 |    +0.4% |   -0.996 |      -16.1 |     87 | hash.p2_cap\[30\]$_DFF_P_/D
      420 |       0 |     120 |      210 |      2 |    83 |    +0.4% |   -0.996 |      -16.1 |     87 | hash.p2_cap\[30\]$_DFF_P_/D
      425 |       0 |     109 |      199 |      1 |    68 |    +0.3% |   -0.881 |      -15.2 |     87 | hash.p1_cap\[31\]$_DFF_P_/D
      430 |       0 |     112 |      199 |      2 |    68 |    +0.3% |   -0.956 |      -16.3 |     87 | hash.p2_cap\[30\]$_DFF_P_/D
      440 |       0 |     115 |      213 |      2 |    68 |    +0.4% |   -0.996 |      -16.3 |     87 | hash.p2_cap\[30\]$_DFF_P_/D
      450 |       0 |     115 |      233 |      2 |    68 |    +0.4% |   -0.996 |      -16.3 |     87 | hash.p2_cap\[30\]$_DFF_P_/D
      460 |       0 |     115 |      253 |      2 |    68 |    +0.4% |   -0.996 |      -16.3 |     87 | hash.p2_cap\[30\]$_DFF_P_/D
      470 |       0 |     115 |      269 |      2 |    70 |    +0.4% |   -1.002 |      -16.8 |     87 | hash.p2_cap\[30\]$_DFF_P_/D
      476 |       0 |     109 |      234 |      1 |    68 |    +0.3% |   -0.881 |      -15.2 |     87 | hash.p1_cap\[31\]$_DFF_P_/D
      480 |       0 |     111 |      234 |      2 |    68 |    +0.3% |   -0.956 |      -16.9 |     87 | hash.p2_cap\[30\]$_DFF_P_/D
      490 |       0 |     115 |      242 |      2 |    70 |    +0.4% |   -0.996 |      -17.2 |     87 | hash.p2_cap\[30\]$_DFF_P_/D
      500 |       0 |     115 |      262 |      2 |    70 |    +0.4% |   -0.996 |      -17.2 |     87 | hash.p2_cap\[30\]$_DFF_P_/D
      510 |       0 |     115 |      282 |      2 |    70 |    +0.4% |   -0.996 |      -17.2 |     87 | hash.p2_cap\[30\]$_DFF_P_/D
      520 |       0 |     115 |      302 |      2 |    70 |    +0.4% |   -0.996 |      -17.2 |     87 | hash.p2_cap\[30\]$_DFF_P_/D
      527 |       0 |     109 |      275 |      1 |    68 |    +0.3% |   -0.881 |      -15.2 |     87 | hash.p1_cap\[31\]$_DFF_P_/D
      530 |       0 |     110 |      275 |      2 |    68 |    +0.3% |   -1.003 |      -18.0 |     87 | hash.p2_cap\[30\]$_DFF_P_/D
      540 |       0 |     119 |      275 |      2 |    69 |    +0.4% |   -0.956 |      -16.1 |     87 | hash.p2_cap\[30\]$_DFF_P_/D
      550 |       0 |     126 |      279 |      2 |    70 |    +0.4% |   -1.000 |      -16.8 |     87 | hash.p2_cap\[30\]$_DFF_P_/D
      560 |       0 |     126 |      299 |      2 |    70 |    +0.4% |   -1.000 |      -16.8 |     87 | hash.p2_cap\[30\]$_DFF_P_/D
      570 |       0 |     126 |      317 |      2 |    71 |    +0.4% |   -1.000 |      -16.8 |     87 | hash.p2_cap\[30\]$_DFF_P_/D
      579 |       0 |     110 |      304 |      1 |    68 |    +0.3% |   -0.881 |      -15.1 |     87 | hash.p1_cap\[31\]$_DFF_P_/D
      580 |       0 |     110 |      304 |      1 |    68 |    +0.3% |   -0.881 |      -15.1 |     87 | hash.p1_cap\[31\]$_DFF_P_/D
      584 |       0 |     110 |      304 |      1 |    68 |    +0.3% |   -0.881 |      -15.1 |     87 | hash.p1_cap\[31\]$_DFF_P_/D
      590 |       0 |     112 |      304 |      2 |    70 |    +0.3% |   -0.956 |      -16.4 |     87 | hash.p2_cap\[30\]$_DFF_P_/D
      600 |       0 |     113 |      322 |      2 |    70 |    +0.4% |   -0.996 |      -16.8 |     87 | hash.p2_cap\[30\]$_DFF_P_/D
      610 |       0 |     113 |      342 |      2 |    70 |    +0.4% |   -0.996 |      -16.8 |     87 | hash.p2_cap\[30\]$_DFF_P_/D
      620 |       0 |     113 |      362 |      2 |    70 |    +0.4% |   -0.996 |      -16.8 |     87 | hash.p2_cap\[30\]$_DFF_P_/D
      630 |       0 |     116 |      374 |      2 |    71 |    +0.4% |   -0.996 |      -17.1 |     87 | hash.p2_cap\[30\]$_DFF_P_/D
      635 |       0 |     110 |      339 |      1 |    68 |    +0.3% |   -0.881 |      -15.1 |     87 | hash.p1_cap\[31\]$_DFF_P_/D
      640 |       0 |     113 |      339 |      2 |    68 |    +0.3% |   -0.956 |      -16.7 |     87 | hash.p2_cap\[30\]$_DFF_P_/D
      650 |       0 |     118 |      347 |      2 |    69 |    +0.4% |   -0.996 |      -16.7 |     87 | hash.p2_cap\[30\]$_DFF_P_/D
      660 |       0 |     118 |      367 |      2 |    69 |    +0.4% |   -0.996 |      -16.7 |     87 | hash.p2_cap\[30\]$_DFF_P_/D
      670 |       0 |     118 |      387 |      2 |    69 |    +0.4% |   -0.996 |      -16.7 |     87 | hash.p2_cap\[30\]$_DFF_P_/D
      680 |       0 |     118 |      407 |      2 |    69 |    +0.4% |   -0.996 |      -16.7 |     87 | hash.p2_cap\[30\]$_DFF_P_/D
      687 |       0 |     111 |      374 |      1 |    68 |    +0.3% |   -0.881 |      -15.5 |     87 | hash.p1_cap\[31\]$_DFF_P_/D
      690 |       0 |     112 |      374 |      2 |    68 |    +0.3% |   -0.956 |      -17.4 |     87 | hash.p2_cap\[30\]$_DFF_P_/D
      700 |       0 |     117 |      382 |      2 |    69 |    +0.4% |   -0.996 |      -16.6 |     87 | hash.p2_cap\[30\]$_DFF_P_/D
      710 |       0 |     117 |      402 |      2 |    69 |    +0.4% |   -0.996 |      -16.6 |     87 | hash.p2_cap\[30\]$_DFF_P_/D
      720 |       0 |     117 |      422 |      2 |    69 |    +0.4% |   -0.996 |      -16.6 |     87 | hash.p2_cap\[30\]$_DFF_P_/D
      730 |       0 |     117 |      442 |      2 |    69 |    +0.4% |   -0.996 |      -16.6 |     87 | hash.p2_cap\[30\]$_DFF_P_/D
      738 |       0 |     111 |      409 |      1 |    68 |    +0.3% |   -0.881 |      -15.5 |     87 | hash.p1_cap\[31\]$_DFF_P_/D
      740 |       0 |     111 |      409 |      2 |    68 |    +0.3% |   -1.003 |      -18.5 |     87 | hash.p2_cap\[30\]$_DFF_P_/D
      750 |       0 |     116 |      417 |      2 |    69 |    +0.4% |   -0.996 |      -17.8 |     87 | hash.p2_cap\[30\]$_DFF_P_/D
      760 |       0 |     116 |      437 |      2 |    69 |    +0.4% |   -0.996 |      -17.8 |     87 | hash.p2_cap\[30\]$_DFF_P_/D
      770 |       0 |     116 |      457 |      2 |    69 |    +0.4% |   -0.996 |      -17.8 |     87 | hash.p2_cap\[30\]$_DFF_P_/D
      780 |       0 |     116 |      477 |      2 |    69 |    +0.4% |   -0.996 |      -17.8 |     87 | hash.p2_cap\[30\]$_DFF_P_/D
      789 |       0 |     111 |      451 |      1 |    68 |    +0.3% |   -0.881 |      -15.5 |     87 | hash.p1_cap\[31\]$_DFF_P_/D
      790 |       0 |     111 |      451 |      1 |    68 |    +0.3% |   -0.881 |      -15.5 |     87 | hash.p1_cap\[31\]$_DFF_P_/D
      800 |       0 |     117 |      457 |      2 |    68 |    +0.4% |   -0.996 |      -16.8 |     87 | hash.p2_cap\[30\]$_DFF_P_/D
      810 |       0 |     117 |      477 |      2 |    68 |    +0.4% |   -0.996 |      -16.8 |     87 | hash.p2_cap\[30\]$_DFF_P_/D
      820 |       0 |     117 |      497 |      2 |    68 |    +0.4% |   -0.996 |      -16.8 |     87 | hash.p2_cap\[30\]$_DFF_P_/D
      830 |       0 |     117 |      517 |      2 |    68 |    +0.4% |   -0.996 |      -16.8 |     87 | hash.p2_cap\[30\]$_DFF_P_/D
      840 |       0 |     125 |      521 |      2 |    68 |    +0.4% |   -1.026 |      -17.1 |     87 | hash.p2_cap\[30\]$_DFF_P_/D
      840 |       0 |     111 |      486 |      1 |    68 |    +0.3% |   -0.881 |      -15.5 |     87 | hash.p1_cap\[31\]$_DFF_P_/D
      850 |       0 |     116 |      492 |      2 |    68 |    +0.4% |   -0.996 |      -17.7 |     87 | hash.p2_cap\[30\]$_DFF_P_/D
      860 |       0 |     116 |      512 |      2 |    68 |    +0.4% |   -0.996 |      -17.7 |     87 | hash.p2_cap\[30\]$_DFF_P_/D
      870 |       0 |     116 |      532 |      2 |    68 |    +0.4% |   -0.996 |      -17.7 |     87 | hash.p2_cap\[30\]$_DFF_P_/D
      880 |       0 |     116 |      552 |      2 |    68 |    +0.4% |   -0.996 |      -17.7 |     87 | hash.p2_cap\[30\]$_DFF_P_/D
      890 |       0 |     117 |      570 |      2 |    69 |    +0.4% |   -0.980 |      -17.3 |     87 | hash.p2_cap\[30\]$_DFF_P_/D
      891 |       0 |     111 |      529 |      1 |    68 |    +0.3% |   -0.881 |      -15.5 |     87 | hash.p1_cap\[31\]$_DFF_P_/D
      900 |       0 |     116 |      533 |      2 |    68 |    +0.4% |   -0.996 |      -16.8 |     87 | hash.p2_cap\[30\]$_DFF_P_/D
      910 |       0 |     116 |      553 |      2 |    68 |    +0.4% |   -0.996 |      -16.8 |     87 | hash.p2_cap\[30\]$_DFF_P_/D
      920 |       0 |     116 |      573 |      2 |    68 |    +0.4% |   -0.996 |      -16.8 |     87 | hash.p2_cap\[30\]$_DFF_P_/D
      930 |       0 |     116 |      593 |      2 |    68 |    +0.4% |   -0.996 |      -16.8 |     87 | hash.p2_cap\[30\]$_DFF_P_/D
      940 |       0 |     123 |      599 |      2 |    68 |    +0.4% |   -1.036 |      -17.3 |     87 | hash.p2_cap\[30\]$_DFF_P_/D
      942 |       0 |     111 |      564 |      1 |    68 |    +0.3% |   -0.881 |      -15.5 |     87 | hash.p1_cap\[31\]$_DFF_P_/D
      950 |       0 |     115 |      568 |      2 |    68 |    +0.4% |   -0.996 |      -16.8 |     87 | hash.p2_cap\[30\]$_DFF_P_/D
      960 |       0 |     115 |      588 |      2 |    68 |    +0.4% |   -0.996 |      -16.8 |     87 | hash.p2_cap\[30\]$_DFF_P_/D
      970 |       0 |     115 |      608 |      2 |    68 |    +0.4% |   -0.996 |      -16.8 |     87 | hash.p2_cap\[30\]$_DFF_P_/D
      980 |       0 |     115 |      628 |      2 |    68 |    +0.4% |   -0.996 |      -16.8 |     87 | hash.p2_cap\[30\]$_DFF_P_/D
      990 |       0 |     120 |      634 |      2 |    70 |    +0.4% |   -1.026 |      -17.6 |     87 | hash.p2_cap\[30\]$_DFF_P_/D
      990 |       0 |     111 |      599 |      1 |    68 |    +0.3% |   -0.881 |      -15.5 |     87 | hash.p1_cap\[31\]$_DFF_P_/D
     1000 |       0 |     117 |      603 |      2 |    68 |    +0.4% |   -0.996 |      -16.6 |     87 | hash.p2_cap\[30\]$_DFF_P_/D
     1010 |       0 |     117 |      623 |      2 |    68 |    +0.4% |   -0.996 |      -16.6 |     87 | hash.p2_cap\[30\]$_DFF_P_/D
     1020 |       0 |     117 |      643 |      2 |    68 |    +0.4% |   -0.996 |      -16.6 |     87 | hash.p2_cap\[30\]$_DFF_P_/D
     1030 |       0 |     117 |      663 |      2 |    68 |    +0.4% |   -0.996 |      -16.6 |     87 | hash.p2_cap\[30\]$_DFF_P_/D
     1040 |       0 |     124 |      669 |      2 |    68 |    +0.4% |   -1.026 |      -17.1 |     87 | hash.p2_cap\[30\]$_DFF_P_/D
     1041 |       0 |     111 |      634 |      1 |    68 |    +0.3% |   -0.881 |      -15.5 |     87 | hash.p1_cap\[31\]$_DFF_P_/D
     1050 |       0 |     115 |      640 |      2 |    68 |    +0.4% |   -0.996 |      -16.8 |     87 | hash.p2_cap\[30\]$_DFF_P_/D
     1060 |       0 |     115 |      660 |      2 |    68 |    +0.4% |   -0.996 |      -16.8 |     87 | hash.p2_cap\[30\]$_DFF_P_/D
     1070 |       0 |     115 |      680 |      2 |    68 |    +0.4% |   -0.996 |      -16.8 |     87 | hash.p2_cap\[30\]$_DFF_P_/D
     1080 |       0 |     115 |      700 |      2 |    68 |    +0.4% |   -0.996 |      -16.8 |     87 | hash.p2_cap\[30\]$_DFF_P_/D
     1089 |       0 |     111 |      669 |      1 |    68 |    +0.3% |   -0.881 |      -15.5 |     87 | hash.p1_cap\[31\]$_DFF_P_/D
     1090 |       0 |     111 |      669 |      1 |    68 |    +0.3% |   -0.881 |      -15.5 |     87 | hash.p1_cap\[31\]$_DFF_P_/D
     1090 |       0 |     111 |      669 |      1 |    68 |    +0.3% |   -0.881 |      -15.5 |     86 | hash.p1_cap\[31\]$_DFF_P_/D
     1100 |       0 |     115 |      677 |      2 |    68 |    +0.4% |   -0.996 |      -16.8 |     86 | hash.p2_cap\[30\]$_DFF_P_/D
     1100 |       0 |     111 |      673 |      1 |    68 |    +0.3% |   -0.881 |      -15.5 |     86 | hash.p1_cap\[31\]$_DFF_P_/D
     1110 |       0 |     113 |      684 |      1 |    72 |    +0.4% |   -0.845 |      -14.6 |     86 | hash.p2_cap\[30\]$_DFF_P_/D
     1120 |       0 |     114 |      688 |      1 |    79 |    +0.4% |   -0.845 |      -13.2 |     86 | hash.p2_cap\[30\]$_DFF_P_/D
     1130 |       0 |     117 |      690 |      1 |    85 |    +0.4% |   -0.845 |      -13.6 |     86 | hash.p2_cap\[30\]$_DFF_P_/D
     1140 |       0 |     119 |      696 |      1 |    91 |    +0.4% |   -0.845 |      -12.7 |     86 | hash.p2_cap\[30\]$_DFF_P_/D
     1150 |       0 |     125 |      696 |      1 |    95 |    +0.4% |   -0.845 |      -11.8 |     86 | hash.p2_cap\[30\]$_DFF_P_/D
     1160 |       0 |     126 |      698 |      1 |   103 |    +0.4% |   -0.845 |      -12.0 |     86 | hash.p2_cap\[30\]$_DFF_P_/D
     1170 |       0 |     130 |      700 |      1 |   108 |    +0.4% |   -0.845 |      -11.1 |     86 | hash.p2_cap\[30\]$_DFF_P_/D
     1176 |       0 |     131 |      700 |      1 |   111 |    +0.4% |   -0.845 |      -11.0 |     86 | hash.p2_cap\[30\]$_DFF_P_/D
     1180 |       0 |     133 |      700 |      2 |   111 |    +0.4% |   -0.956 |      -12.3 |     86 | hash.p2_cap\[30\]$_DFF_P_/D
     1183 |       0 |     131 |      700 |      1 |   111 |    +0.4% |   -0.845 |      -11.0 |     85 | hash.p2_cap\[30\]$_DFF_P_/D
     1189 |       0 |     131 |      700 |      1 |   111 |    +0.4% |   -0.845 |      -11.0 |     84 | hash.p2_cap\[30\]$_DFF_P_/D
     1190 |       0 |     131 |      700 |      1 |   111 |    +0.4% |   -0.845 |      -11.0 |     84 | hash.p2_cap\[30\]$_DFF_P_/D
     1190 |       0 |     131 |      700 |      1 |   111 |    +0.4% |   -0.845 |      -11.0 |     83 | hash.p2_cap\[30\]$_DFF_P_/D
     1191 |       0 |     131 |      700 |      1 |   111 |    +0.4% |   -0.845 |      -11.0 |     82 | hash.p2_cap\[30\]$_DFF_P_/D
     1192 |       0 |     131 |      700 |      1 |   111 |    +0.4% |   -0.845 |      -11.0 |     81 | hash.p2_cap\[30\]$_DFF_P_/D
     1200 |       0 |     134 |      700 |      1 |   115 |    +0.4% |   -0.845 |      -10.7 |     81 | hash.p2_cap\[30\]$_DFF_P_/D
     1210 |       0 |     141 |      702 |      1 |   117 |    +0.4% |   -0.845 |      -10.2 |     81 | hash.p2_cap\[30\]$_DFF_P_/D
     1220 |       0 |     145 |      702 |      1 |   123 |    +0.5% |   -0.845 |       -9.9 |     81 | hash.p2_cap\[30\]$_DFF_P_/D
     1230 |       0 |     147 |      702 |      1 |   131 |    +0.5% |   -0.845 |       -9.8 |     81 | hash.p2_cap\[30\]$_DFF_P_/D
     1230 |       0 |     147 |      702 |      1 |   130 |    +0.5% |   -0.845 |       -9.8 |     81 | hash.p2_cap\[30\]$_DFF_P_/D
     1231 |       0 |     147 |      702 |      1 |   130 |    +0.5% |   -0.845 |       -9.8 |     80 | hash.p2_cap\[30\]$_DFF_P_/D
     1232 |       0 |     147 |      702 |      1 |   130 |    +0.5% |   -0.845 |       -9.8 |     79 | hash.p2_cap\[30\]$_DFF_P_/D
     1233 |       0 |     147 |      702 |      1 |   130 |    +0.5% |   -0.845 |       -9.8 |     78 | hash.p2_cap\[30\]$_DFF_P_/D
     1239 |       0 |     148 |      702 |      1 |   134 |    +0.5% |   -0.845 |       -9.8 |     78 | hash.p2_cap\[30\]$_DFF_P_/D
     1240 |       0 |     148 |      702 |      1 |   134 |    +0.5% |   -0.845 |       -9.8 |     78 | hash.p2_cap\[30\]$_DFF_P_/D
     1240 |       0 |     148 |      702 |      1 |   134 |    +0.5% |   -0.845 |       -9.8 |     77 | hash.p2_cap\[30\]$_DFF_P_/D
     1241 |       0 |     148 |      702 |      1 |   134 |    +0.5% |   -0.845 |       -9.8 |     76 | hash.p2_cap\[30\]$_DFF_P_/D
     1242 |       0 |     148 |      702 |      1 |   134 |    +0.5% |   -0.845 |       -9.8 |     75 | hash.p2_cap\[30\]$_DFF_P_/D
     1248 |       0 |     149 |      702 |      1 |   134 |    +0.5% |   -0.845 |       -9.8 |     75 | hash.p2_cap\[30\]$_DFF_P_/D
     1249 |       0 |     149 |      702 |      1 |   134 |    +0.5% |   -0.845 |       -9.8 |     74 | hash.p2_cap\[30\]$_DFF_P_/D
     1250 |       0 |     149 |      702 |      1 |   134 |    +0.5% |   -0.845 |       -9.8 |     74 | hash.p2_cap\[30\]$_DFF_P_/D
     1250 |       0 |     149 |      702 |      1 |   134 |    +0.5% |   -0.845 |       -9.8 |     73 | hash.p2_cap\[30\]$_DFF_P_/D
     1251 |       0 |     149 |      702 |      1 |   134 |    +0.5% |   -0.845 |       -9.8 |     72 | hash.p2_cap\[30\]$_DFF_P_/D
     1252 |       0 |     149 |      702 |      1 |   134 |    +0.5% |   -0.845 |       -9.8 |     71 | hash.p2_cap\[30\]$_DFF_P_/D
     1253 |       0 |     149 |      702 |      1 |   134 |    +0.5% |   -0.845 |       -9.8 |     70 | hash.p2_cap\[30\]$_DFF_P_/D
     1254 |       0 |     149 |      702 |      1 |   134 |    +0.5% |   -0.845 |       -9.8 |     69 | hash.p2_cap\[30\]$_DFF_P_/D
     1255 |       0 |     149 |      702 |      1 |   134 |    +0.5% |   -0.845 |       -9.8 |     68 | hash.p2_cap\[30\]$_DFF_P_/D
     1256 |       0 |     149 |      702 |      1 |   134 |    +0.5% |   -0.845 |       -9.8 |     67 | hash.p2_cap\[30\]$_DFF_P_/D
     1257 |       0 |     149 |      702 |      1 |   134 |    +0.5% |   -0.845 |       -9.8 |     66 | hash.p2_cap\[30\]$_DFF_P_/D
     1258 |       0 |     149 |      702 |      1 |   134 |    +0.5% |   -0.845 |       -9.8 |     65 | hash.p2_cap\[30\]$_DFF_P_/D
     1259 |       0 |     149 |      702 |      1 |   134 |    +0.5% |   -0.845 |       -9.8 |     64 | hash.p2_cap\[30\]$_DFF_P_/D
     1260 |       0 |     149 |      702 |      1 |   134 |    +0.5% |   -0.845 |       -9.8 |     64 | hash.p2_cap\[30\]$_DFF_P_/D
     1260 |       0 |     149 |      702 |      1 |   134 |    +0.5% |   -0.845 |       -9.8 |     63 | hash.p2_cap\[30\]$_DFF_P_/D
     1261 |       0 |     149 |      702 |      1 |   134 |    +0.5% |   -0.845 |       -9.8 |     62 | hash.p2_cap\[30\]$_DFF_P_/D
     1262 |       0 |     149 |      702 |      1 |   134 |    +0.5% |   -0.845 |       -9.8 |     61 | hash.p2_cap\[30\]$_DFF_P_/D
     1263 |       0 |     149 |      702 |      1 |   134 |    +0.5% |   -0.845 |       -9.8 |     60 | hash.p2_cap\[30\]$_DFF_P_/D
     1264 |       0 |     149 |      702 |      1 |   134 |    +0.5% |   -0.845 |       -9.8 |     59 | hash.p2_cap\[30\]$_DFF_P_/D
     1265 |       0 |     149 |      702 |      1 |   134 |    +0.5% |   -0.845 |       -9.8 |     58 | hash.p2_cap\[30\]$_DFF_P_/D
     1266 |       0 |     149 |      702 |      1 |   134 |    +0.5% |   -0.845 |       -9.8 |     57 | hash.p2_cap\[30\]$_DFF_P_/D
     1267 |       0 |     149 |      702 |      1 |   134 |    +0.5% |   -0.845 |       -9.8 |     56 | hash.p2_cap\[30\]$_DFF_P_/D
     1268 |       0 |     149 |      702 |      1 |   134 |    +0.5% |   -0.845 |       -9.8 |     55 | hash.p2_cap\[30\]$_DFF_P_/D
     1269 |       0 |     149 |      702 |      1 |   134 |    +0.5% |   -0.845 |       -9.8 |     54 | hash.p2_cap\[30\]$_DFF_P_/D
     1270 |       0 |     149 |      702 |      1 |   134 |    +0.5% |   -0.845 |       -9.8 |     54 | hash.p2_cap\[30\]$_DFF_P_/D
     1270 |       0 |     149 |      702 |      1 |   134 |    +0.5% |   -0.845 |       -9.8 |     53 | hash.p2_cap\[30\]$_DFF_P_/D
     1271 |       0 |     149 |      702 |      1 |   134 |    +0.5% |   -0.845 |       -9.8 |     52 | hash.p2_cap\[30\]$_DFF_P_/D
     1272 |       0 |     149 |      702 |      1 |   134 |    +0.5% |   -0.845 |       -9.8 |     51 | hash.p2_cap\[30\]$_DFF_P_/D
     1273 |       0 |     149 |      702 |      1 |   134 |    +0.5% |   -0.845 |       -9.8 |     50 | hash.p2_cap\[30\]$_DFF_P_/D
     1274 |       0 |     149 |      702 |      1 |   134 |    +0.5% |   -0.845 |       -9.8 |     49 | hash.p2_cap\[30\]$_DFF_P_/D
     1275 |       0 |     149 |      702 |      1 |   134 |    +0.5% |   -0.845 |       -9.8 |     48 | hash.p2_cap\[30\]$_DFF_P_/D
     1276 |       0 |     149 |      702 |      1 |   134 |    +0.5% |   -0.845 |       -9.8 |     47 | hash.p2_cap\[30\]$_DFF_P_/D
     1278 |       0 |     149 |      702 |      2 |   134 |    +0.5% |   -0.845 |      -10.4 |     45 | hash.p2_cap\[30\]$_DFF_P_/D
     1279 |       0 |     149 |      702 |      2 |   134 |    +0.5% |   -0.845 |      -10.4 |     44 | hash.p2_cap\[30\]$_DFF_P_/D
     1280 |       0 |     149 |      702 |      2 |   134 |    +0.5% |   -0.845 |      -10.4 |     44 | hash.p2_cap\[30\]$_DFF_P_/D
     1280 |       0 |     149 |      702 |      2 |   134 |    +0.5% |   -0.845 |      -10.4 |     43 | hash.p2_cap\[30\]$_DFF_P_/D
     1281 |       0 |     149 |      702 |      2 |   134 |    +0.5% |   -0.845 |      -10.4 |     42 | hash.p2_cap\[30\]$_DFF_P_/D
     1282 |       0 |     149 |      702 |      2 |   134 |    +0.5% |   -0.845 |      -10.4 |     41 | hash.p2_cap\[30\]$_DFF_P_/D
     1283 |       0 |     149 |      702 |      2 |   134 |    +0.5% |   -0.845 |      -10.4 |     40 | hash.p2_cap\[30\]$_DFF_P_/D
     1284 |       0 |     149 |      702 |      2 |   134 |    +0.5% |   -0.845 |      -10.4 |     39 | hash.p2_cap\[30\]$_DFF_P_/D
     1286 |       0 |     149 |      702 |      3 |   134 |    +0.5% |   -0.845 |      -10.0 |     37 | hash.p2_cap\[30\]$_DFF_P_/D
     1287 |       0 |     149 |      702 |      3 |   134 |    +0.5% |   -0.845 |      -10.0 |     36 | hash.p2_cap\[30\]$_DFF_P_/D
     1288 |       0 |     149 |      702 |      3 |   134 |    +0.5% |   -0.845 |      -10.0 |     35 | hash.p2_cap\[30\]$_DFF_P_/D
     1289 |       0 |     149 |      702 |      3 |   134 |    +0.5% |   -0.845 |      -10.0 |     34 | hash.p2_cap\[30\]$_DFF_P_/D
     1290 |       0 |     149 |      702 |      3 |   134 |    +0.5% |   -0.845 |      -10.0 |     34 | hash.p2_cap\[30\]$_DFF_P_/D
     1290 |       0 |     149 |      702 |      3 |   134 |    +0.5% |   -0.845 |      -10.0 |     33 | hash.p2_cap\[30\]$_DFF_P_/D
     1291 |       0 |     149 |      702 |      3 |   134 |    +0.5% |   -0.845 |      -10.0 |     32 | hash.p2_cap\[30\]$_DFF_P_/D
     1292 |       0 |     149 |      702 |      3 |   134 |    +0.5% |   -0.845 |      -10.0 |     31 | hash.p2_cap\[30\]$_DFF_P_/D
     1293 |       0 |     149 |      702 |      3 |   134 |    +0.5% |   -0.845 |      -10.0 |     30 | hash.p2_cap\[30\]$_DFF_P_/D
     1294 |       0 |     149 |      702 |      3 |   134 |    +0.5% |   -0.845 |      -10.0 |     29 | hash.p2_cap\[30\]$_DFF_P_/D
     1296 |       0 |     149 |      702 |      4 |   134 |    +0.5% |   -0.845 |      -10.0 |     27 | hash.p2_cap\[30\]$_DFF_P_/D
     1297 |       0 |     149 |      702 |      4 |   134 |    +0.5% |   -0.845 |      -10.0 |     26 | hash.p2_cap\[30\]$_DFF_P_/D
     1298 |       0 |     149 |      702 |      4 |   134 |    +0.5% |   -0.845 |      -10.0 |     25 | hash.p2_cap\[30\]$_DFF_P_/D
     1299 |       0 |     149 |      702 |      4 |   134 |    +0.5% |   -0.845 |      -10.0 |     24 | hash.p2_cap\[30\]$_DFF_P_/D
     1300 |       0 |     149 |      702 |      4 |   134 |    +0.5% |   -0.845 |      -10.0 |     24 | hash.p2_cap\[30\]$_DFF_P_/D
     1300 |       0 |     149 |      702 |      4 |   134 |    +0.5% |   -0.845 |      -10.0 |     23 | hash.p2_cap\[30\]$_DFF_P_/D
     1301 |       0 |     149 |      702 |      4 |   134 |    +0.5% |   -0.845 |      -10.0 |     22 | hash.p2_cap\[30\]$_DFF_P_/D
    1302* |       0 |     149 |      702 |      4 |   134 |    +0.5% |   -0.845 |      -10.0 |     43 | hash.p2_cap\[30\]$_DFF_P_/D
    1304* |       0 |     150 |      702 |      4 |   134 |    +0.5% |   -0.845 |       -9.9 |     43 | hash.p2_cap\[30\]$_DFF_P_/D
    1305* |       0 |     150 |      702 |      4 |   134 |    +0.5% |   -0.845 |       -9.9 |     43 | hash.p2_cap\[30\]$_DFF_P_/D
    1306* |       0 |     150 |      702 |      4 |   134 |    +0.5% |   -0.845 |       -9.9 |     43 | hash.p2_cap\[30\]$_DFF_P_/D
    1307* |       0 |     150 |      702 |      4 |   134 |    +0.5% |   -0.845 |       -9.9 |     43 | hash.p2_cap\[30\]$_DFF_P_/D
    1309* |       0 |     151 |      702 |      4 |   134 |    +0.5% |   -0.845 |       -9.9 |     43 | hash.p2_cap\[30\]$_DFF_P_/D
    1310* |       0 |     151 |      702 |      4 |   134 |    +0.5% |   -0.845 |       -9.9 |     43 | hash.p2_cap\[30\]$_DFF_P_/D
    1310* |       0 |     151 |      702 |      4 |   134 |    +0.5% |   -0.845 |       -9.9 |     43 | hash.p2_cap\[30\]$_DFF_P_/D
    1311* |       0 |     151 |      702 |      4 |   134 |    +0.5% |   -0.845 |       -9.9 |     43 | hash.p2_cap\[30\]$_DFF_P_/D
    1312* |       0 |     151 |      702 |      4 |   134 |    +0.5% |   -0.845 |       -9.9 |     43 | hash.p2_cap\[30\]$_DFF_P_/D
    1313* |       0 |     151 |      702 |      4 |   134 |    +0.5% |   -0.845 |       -9.9 |     43 | hash.p2_cap\[30\]$_DFF_P_/D
    1314* |       0 |     151 |      702 |      4 |   134 |    +0.5% |   -0.845 |       -9.9 |     43 | hash.p2_cap\[30\]$_DFF_P_/D
    1315* |       0 |     151 |      702 |      4 |   134 |    +0.5% |   -0.845 |       -9.9 |     43 | hash.p2_cap\[30\]$_DFF_P_/D
    1316* |       0 |     151 |      702 |      4 |   134 |    +0.5% |   -0.845 |       -9.9 |     43 | hash.p2_cap\[30\]$_DFF_P_/D
    1317* |       0 |     151 |      702 |      4 |   134 |    +0.5% |   -0.845 |       -9.9 |     43 | hash.p2_cap\[30\]$_DFF_P_/D
    1318* |       0 |     151 |      702 |      4 |   134 |    +0.5% |   -0.845 |       -9.9 |     43 | hash.p2_cap\[30\]$_DFF_P_/D
    1319* |       0 |     151 |      702 |      4 |   134 |    +0.5% |   -0.845 |       -9.9 |     43 | hash.p2_cap\[30\]$_DFF_P_/D
    1320* |       0 |     151 |      702 |      4 |   134 |    +0.5% |   -0.845 |       -9.9 |     43 | hash.p2_cap\[30\]$_DFF_P_/D
    1320* |       0 |     151 |      702 |      4 |   134 |    +0.5% |   -0.845 |       -9.9 |     43 | hash.p2_cap\[30\]$_DFF_P_/D
    1321* |       0 |     151 |      702 |      4 |   134 |    +0.5% |   -0.845 |       -9.9 |     43 | hash.p2_cap\[30\]$_DFF_P_/D
    1322* |       0 |     151 |      702 |      4 |   134 |    +0.5% |   -0.845 |       -9.9 |     43 | hash.p2_cap\[30\]$_DFF_P_/D
    1324* |       0 |     152 |      702 |      4 |   134 |    +0.5% |   -0.845 |       -8.6 |     41 | hash.p2_cap\[30\]$_DFF_P_/D
    1325* |       0 |     152 |      702 |      4 |   134 |    +0.5% |   -0.845 |       -8.6 |     40 | hash.p2_cap\[30\]$_DFF_P_/D
    1326* |       0 |     152 |      702 |      4 |   134 |    +0.5% |   -0.845 |       -8.6 |     39 | hash.p2_cap\[30\]$_DFF_P_/D
    1327* |       0 |     152 |      702 |      4 |   134 |    +0.5% |   -0.845 |       -8.6 |     38 | hash.p2_cap\[30\]$_DFF_P_/D
    1328* |       0 |     152 |      702 |      4 |   134 |    +0.5% |   -0.845 |       -8.6 |     37 | hash.p2_cap\[30\]$_DFF_P_/D
    1329* |       0 |     152 |      702 |      4 |   134 |    +0.5% |   -0.845 |       -8.6 |     36 | hash.p2_cap\[30\]$_DFF_P_/D
    1330* |       0 |     152 |      702 |      4 |   134 |    +0.5% |   -0.845 |       -8.6 |     36 | hash.p2_cap\[30\]$_DFF_P_/D
    1330* |       0 |     152 |      702 |      4 |   134 |    +0.5% |   -0.845 |       -8.6 |     35 | hash.p2_cap\[30\]$_DFF_P_/D
    1331* |       0 |     152 |      702 |      4 |   134 |    +0.5% |   -0.845 |       -8.6 |     34 | hash.p2_cap\[30\]$_DFF_P_/D
    1332* |       0 |     152 |      702 |      4 |   134 |    +0.5% |   -0.845 |       -8.6 |     33 | hash.p2_cap\[30\]$_DFF_P_/D
    1333* |       0 |     152 |      702 |      4 |   134 |    +0.5% |   -0.845 |       -8.6 |     32 | hash.p2_cap\[30\]$_DFF_P_/D
    1334* |       0 |     152 |      702 |      4 |   134 |    +0.5% |   -0.845 |       -8.6 |     31 | hash.p2_cap\[30\]$_DFF_P_/D
    1335* |       0 |     152 |      702 |      4 |   134 |    +0.5% |   -0.845 |       -8.6 |     30 | hash.p2_cap\[30\]$_DFF_P_/D
    1336* |       0 |     152 |      702 |      4 |   134 |    +0.5% |   -0.845 |       -8.6 |     29 | hash.p2_cap\[30\]$_DFF_P_/D
    1337* |       0 |     152 |      702 |      4 |   134 |    +0.5% |   -0.845 |       -8.6 |     28 | hash.p2_cap\[30\]$_DFF_P_/D
    1338* |       0 |     152 |      702 |      4 |   134 |    +0.5% |   -0.845 |       -8.6 |     27 | hash.p2_cap\[30\]$_DFF_P_/D
    1339* |       0 |     152 |      702 |      4 |   134 |    +0.5% |   -0.845 |       -8.6 |     26 | hash.p2_cap\[30\]$_DFF_P_/D
    1340* |       0 |     152 |      702 |      4 |   134 |    +0.5% |   -0.845 |       -8.6 |     26 | hash.p2_cap\[30\]$_DFF_P_/D
    1340* |       0 |     152 |      702 |      4 |   134 |    +0.5% |   -0.845 |       -8.6 |     26 | hash.p2_cap\[30\]$_DFF_P_/D
    1341* |       0 |     152 |      702 |      4 |   134 |    +0.5% |   -0.845 |       -8.6 |     26 | hash.p2_cap\[30\]$_DFF_P_/D
    1342* |       0 |     152 |      702 |      4 |   134 |    +0.5% |   -0.845 |       -8.6 |     26 | hash.p2_cap\[30\]$_DFF_P_/D
    1343* |       0 |     152 |      702 |      4 |   134 |    +0.5% |   -0.845 |       -8.6 |     26 | hash.p2_cap\[30\]$_DFF_P_/D
    1345* |       0 |     153 |      702 |      4 |   134 |    +0.5% |   -0.845 |       -8.6 |     26 | hash.p2_cap\[30\]$_DFF_P_/D
    1346* |       0 |     153 |      702 |      4 |   134 |    +0.5% |   -0.845 |       -8.6 |     26 | hash.p2_cap\[30\]$_DFF_P_/D
    1347* |       0 |     153 |      702 |      4 |   134 |    +0.5% |   -0.845 |       -8.6 |     26 | hash.p2_cap\[30\]$_DFF_P_/D
    1348* |       0 |     153 |      702 |      4 |   134 |    +0.5% |   -0.845 |       -8.6 |     26 | hash.p2_cap\[30\]$_DFF_P_/D
    final |       0 |     153 |      702 |      4 |   134 |    +0.5% |   -0.845 |       -8.6 |     26 | hash.p2_cap\[30\]$_DFF_P_/D
--------------------------------------------------------------------------------------------------------------
[INFO RSZ-0040] Inserted 61 buffers.
[INFO RSZ-0041] Resized 153 instances.
[INFO RSZ-0043] Swapped pins on 134 instances.
[INFO RSZ-0049] Cloned 4 instances.
[WARNING RSZ-0062] Unable to repair all setup violations.
[INFO RSZ-0033] No hold violations found.
Took 13 seconds: repair_timing -verbose -setup_margin 0 -hold_margin 0 -repair_tns "100        " -match_cell_footprint
Placement Analysis
---------------------------------
total displacement        962.8 u
average displacement        0.0 u
max displacement            9.1 u
original HPWL          703695.1 u
legalized HPWL         704542.5 u
delta HPWL                    0 %

Report metrics stage 4, cts final...

==========================================================================
cts final report_design_area
--------------------------------------------------------------------------
Design area 247718 u^2 58% utilization.
Elapsed time: 0:41.00[h:]min:sec. CPU time: user 40.68 sys 0.31 (99%). Peak memory: 859196KB.
