OpenROAD v2.0-19814-g250e48e05 
Features included (+) or not (-): +GPU +GUI +Python
This program is licensed under the BSD-3 license. See the LICENSE file for details.
Components of this program may be licensed under more restrictive licenses which must be honored.
[INFO ORD-0030] Using 8 thread(s).
[INFO DRT-0149] Reading tech and libs.
[WARNING DRT-0349] LEF58_ENCLOSURE with no CUTCLASS is not supported. Skipping for layer mcon
[WARNING DRT-0349] LEF58_ENCLOSURE with no CUTCLASS is not supported. Skipping for layer mcon
[WARNING DRT-0349] LEF58_ENCLOSURE with no CUTCLASS is not supported. Skipping for layer via
[WARNING DRT-0349] LEF58_ENCLOSURE with no CUTCLASS is not supported. Skipping for layer via
[WARNING DRT-0349] LEF58_ENCLOSURE with no CUTCLASS is not supported. Skipping for layer via2
[WARNING DRT-0349] LEF58_ENCLOSURE with no CUTCLASS is not supported. Skipping for layer via2
[WARNING DRT-0349] LEF58_ENCLOSURE with no CUTCLASS is not supported. Skipping for layer via3
[WARNING DRT-0349] LEF58_ENCLOSURE with no CUTCLASS is not supported. Skipping for layer via3
[WARNING DRT-0349] LEF58_ENCLOSURE with no CUTCLASS is not supported. Skipping for layer via4
[WARNING DRT-0349] LEF58_ENCLOSURE with no CUTCLASS is not supported. Skipping for layer via4

Units:                1000
Number of layers:     13
Number of macros:     441
Number of vias:       29
Number of viarulegen: 25

[INFO DRT-0150] Reading design.
[WARNING DRT-0120] Large net select has 257 pins which may impact routing performance. Consider optimization.

Design:                   sha256_unrolled_pipelined
Die area:                 ( 0 0 ) ( 757070 757070 )
Number of track patterns: 12
Number of DEF vias:       0
Number of components:     25668
Number of terminals:      771
Number of snets:          2
Number of nets:           19387

[INFO DRT-0167] List of default vias:
  Layer via
    default via: M1M2_PR
  Layer via2
    default via: M2M3_PR
  Layer via3
    default via: M3M4_PR
  Layer via4
    default via: M4M5_PR
[INFO DRT-0162] Library cell analysis.
[INFO DRT-0163] Instance analysis.
[INFO DRT-0164] Number of unique instances = 351.
[INFO DRT-0168] Init region query.
[INFO DRT-0024]   Complete FR_MASTERSLICE.
[INFO DRT-0024]   Complete Fr_VIA.
[INFO DRT-0024]   Complete li1.
[INFO DRT-0024]   Complete mcon.
[INFO DRT-0024]   Complete met1.
[INFO DRT-0024]   Complete via.
[INFO DRT-0024]   Complete met2.
[INFO DRT-0024]   Complete via2.
[INFO DRT-0024]   Complete met3.
[INFO DRT-0024]   Complete via3.
[INFO DRT-0024]   Complete met4.
[INFO DRT-0024]   Complete via4.
[INFO DRT-0024]   Complete met5.
[INFO DRT-0033] FR_MASTERSLICE shape region query size = 0.
[INFO DRT-0033] FR_VIA shape region query size = 0.
[INFO DRT-0033] li1 shape region query size = 772169.
[INFO DRT-0033] mcon shape region query size = 505785.
[INFO DRT-0033] met1 shape region query size = 161660.
[INFO DRT-0033] via shape region query size = 38090.
[INFO DRT-0033] met2 shape region query size = 23262.
[INFO DRT-0033] via2 shape region query size = 30472.
[INFO DRT-0033] met3 shape region query size = 23217.
[INFO DRT-0033] via3 shape region query size = 30472.
[INFO DRT-0033] met4 shape region query size = 9186.
[INFO DRT-0033] via4 shape region query size = 1513.
[INFO DRT-0033] met5 shape region query size = 1568.
[INFO DRT-0165] Start pin access.
[INFO DRT-0076]   Complete 1000 pins.
[INFO DRT-0076]   Complete 2000 pins.
[INFO DRT-0078]   Complete 2883 pins.
[INFO DRT-0079]   Complete 100 unique inst patterns.
[INFO DRT-0079]   Complete 200 unique inst patterns.
[INFO DRT-0079]   Complete 300 unique inst patterns.
[INFO DRT-0081]   Complete 351 unique inst patterns.
[INFO DRT-0082]   Complete 10000 groups.
[INFO DRT-0084]   Complete 12599 groups.
#scanned instances     = 25668
#unique  instances     = 351
#stdCellGenAp          = 12393
#stdCellValidPlanarAp  = 176
#stdCellValidViaAp     = 8408
#stdCellPinNoAp        = 11
#stdCellPinCnt         = 72384
#instTermValidViaApCnt = 0
#macroGenAp            = 0
#macroValidPlanarAp    = 0
#macroValidViaAp       = 0
#macroNoAp             = 0
[INFO DRT-0166] Complete pin access.
[INFO DRT-0267] cpu time = 00:15:14, elapsed time = 00:02:01, memory = 309.96 (MB), peak = 325.25 (MB)
global_route -congestion_report_file ./reports/sky130hd/sha256_unrolled_pipelined/base/congestion.rpt -congestion_iterations 30 -congestion_report_iter_step 5 -verbose
[INFO GRT-0020] Min routing layer: met1
[INFO GRT-0021] Max routing layer: met5
[INFO GRT-0022] Global adjustment: 0%
[INFO GRT-0023] Grid origin: (0, 0)
[INFO GRT-0043] No OR_DEFAULT vias defined.
[INFO GRT-0088] Layer li1     Track-Pitch = 0.4600  line-2-Via Pitch: 0.3400
[INFO GRT-0088] Layer met1    Track-Pitch = 0.3400  line-2-Via Pitch: 0.3400
[INFO GRT-0088] Layer met2    Track-Pitch = 0.4600  line-2-Via Pitch: 0.3500
[INFO GRT-0088] Layer met3    Track-Pitch = 0.6800  line-2-Via Pitch: 0.6150
[INFO GRT-0088] Layer met4    Track-Pitch = 0.9200  line-2-Via Pitch: 1.0400
[INFO GRT-0088] Layer met5    Track-Pitch = 3.4000  line-2-Via Pitch: 3.1100
[INFO GRT-0003] Macros: 0
[INFO GRT-0043] No OR_DEFAULT vias defined.
[INFO GRT-0004] Blockages: 113562
[INFO GRT-0019] Found 346 clock nets.
[INFO GRT-0001] Minimum degree: 2
[INFO GRT-0002] Maximum degree: 257

[INFO GRT-0053] Routing resources analysis:
          Routing      Original      Derated      Resource
Layer     Direction    Resources     Resources    Reduction (%)
---------------------------------------------------------------
li1        Vertical            0             0          0.00%
met1       Horizontal     239146         97496          59.23%
met2       Vertical       179305        117504          34.47%
met3       Horizontal     119573         86940          27.29%
met4       Vertical        71940         41904          41.75%
met5       Horizontal      23871         11774          50.68%
---------------------------------------------------------------

[INFO GRT-0101] Running extra iterations to remove overflow.
[INFO GRT-0197] Via related to pin nodes: 129829
[INFO GRT-0198] Via related Steiner nodes: 4489
[INFO GRT-0199] Via filling finished.
[INFO GRT-0111] Final number of vias: 172338
[INFO GRT-0112] Final usage 3D: 663970

[INFO GRT-0096] Final congestion report:
Layer         Resource        Demand        Usage (%)    Max H / Max V / Total Overflow
---------------------------------------------------------------------------------------
li1                  0             0            0.00%             0 /  0 /  0
met1             97496         41294           42.35%             0 /  0 /  0
met2            117504         64749           55.10%             0 /  0 /  0
met3             86940         26369           30.33%             0 /  0 /  0
met4             41904         13245           31.61%             0 /  0 /  0
met5             11774          1299           11.03%             0 /  0 /  0
---------------------------------------------------------------------------------------
Total           355618        146956           41.32%             0 /  0 /  0

[INFO GRT-0018] Total wirelength: 1440271 um
[INFO GRT-0014] Routed nets: 19372
Perform buffer insertion and gate resizing...
repair_design -verbose
[INFO RSZ-0058] Using max wire length 2154um.
Iteration |   Area    | Resized | Buffers | Nets repaired | Remaining
---------------------------------------------------------------------
        0 |     +0.0% |       0 |       0 |             0 |     20199
     1000 |     +0.0% |       0 |       0 |             0 |     19199
     2000 |     +0.0% |       0 |       0 |             0 |     18199
     3000 |     +0.0% |       0 |       0 |             0 |     17199
     4000 |     +0.0% |       0 |       0 |             0 |     16199
     5000 |     +0.0% |       0 |       0 |             0 |     15199
     6000 |     +0.0% |       0 |       0 |             0 |     14199
     7000 |     +0.0% |       0 |       0 |             0 |     13199
     8000 |     +0.0% |       0 |       0 |             0 |     12199
     9000 |     +0.0% |       0 |       0 |             0 |     11199
    10000 |     +0.0% |       0 |       0 |             0 |     10199
    11000 |     +0.0% |       0 |       1 |             1 |      9199
    12000 |     +0.0% |       0 |       1 |             1 |      8199
    13000 |     +0.0% |       0 |       1 |             1 |      7199
    14000 |     +0.0% |       0 |       1 |             1 |      6199
    15000 |     +0.0% |       0 |       1 |             1 |      5199
    16000 |     +0.0% |       0 |       1 |             1 |      4199
    17000 |     +0.0% |       0 |       1 |             1 |      3199
    18000 |     +0.0% |       1 |       1 |             2 |      2199
    19000 |     +0.0% |       1 |       1 |             2 |      1199
    20000 |     +0.0% |       1 |       1 |             2 |       199
    final |     +0.0% |       1 |       1 |             2 |         0
---------------------------------------------------------------------
[INFO RSZ-0034] Found 2 slew violations.
[INFO RSZ-0036] Found 1 capacitance violations.
[INFO RSZ-0039] Resized 1 instances.
[INFO RSZ-0038] Inserted 1 buffers in 2 nets.
global_route -start_incremental
detailed_placement
Placement Analysis
---------------------------------
total displacement          8.7 u
average displacement        0.0 u
max displacement            3.2 u
original HPWL          775016.8 u
legalized HPWL         775023.3 u
delta HPWL                    0 %

global_route -end_incremental -congestion_report_file ./reports/sky130hd/sha256_unrolled_pipelined/base/congestion_post_repair_design.rpt
Repair setup and hold violations...
repair_timing -verbose -setup_margin 0 -hold_margin 0 -repair_tns 100
[INFO RSZ-0094] Found 43 endpoints with setup violations.
[INFO RSZ-0099] Repairing 43 out of 43 (100.00%) violating endpoints...
   Iter   | Removed | Resized | Inserted | Cloned |  Pin  |   Area   |    WNS   |   TNS      |  Viol  | Worst
          | Buffers |  Gates  | Buffers  |  Gates | Swaps |          |          |            | Endpts | Endpt
--------------------------------------------------------------------------------------------------------------
        0 |       0 |       0 |        0 |      0 |     0 |    +0.0% |   -0.592 |      -10.0 |     43 | hash/p2_cap\[30\]$_DFF_P_/D
       10 |       0 |       4 |        0 |      0 |     5 |    +0.0% |   -0.592 |      -10.6 |     43 | hash/p2_cap\[30\]$_DFF_P_/D
       20 |       0 |       6 |        2 |      0 |    12 |    +0.0% |   -0.602 |      -11.0 |     43 | hash/p3_cap\[29\]$_DFF_P_/D
       30 |       0 |      11 |        2 |      0 |    17 |    +0.0% |   -0.650 |      -10.1 |     43 | hash/p3_cap\[29\]$_DFF_P_/D
       40 |       0 |      20 |        2 |      0 |    18 |    +0.0% |   -0.510 |       -7.5 |     43 | hash/p3_cap\[29\]$_DFF_P_/D
       50 |       0 |      26 |        2 |      0 |    22 |    +0.0% |   -0.440 |       -6.3 |     43 | hash/p2_cap\[30\]$_DFF_P_/D
       60 |       0 |      33 |        4 |      0 |    24 |    +0.1% |   -0.350 |       -5.1 |     43 | hash/p3_cap\[29\]$_DFF_P_/D
       70 |       0 |      36 |        4 |      0 |    31 |    +0.1% |   -0.517 |       -6.8 |     43 | hash/p2_cap\[30\]$_DFF_P_/D
       80 |       0 |      41 |        6 |      0 |    35 |    +0.1% |   -0.506 |       -6.9 |     43 | hash/p2_cap\[30\]$_DFF_P_/D
       90 |       0 |      45 |        9 |      0 |    40 |    +0.1% |   -0.480 |       -6.5 |     43 | hash/p2_cap\[28\]$_DFF_P_/D
      100 |       0 |      48 |       11 |      0 |    46 |    +0.1% |   -0.324 |       -5.3 |     43 | hash/p2_cap\[28\]$_DFF_P_/D
      110 |       0 |      48 |       11 |      0 |    56 |    +0.1% |   -0.457 |       -7.4 |     43 | hash/p2_cap\[28\]$_DFF_P_/D
      120 |       0 |      53 |       13 |      0 |    60 |    +0.1% |   -0.379 |       -5.9 |     43 | hash/p2_cap\[30\]$_DFF_P_/D
      130 |       0 |      58 |       13 |      0 |    65 |    +0.1% |   -0.323 |       -4.9 |     43 | hash/p1_cap\[31\]$_DFF_P_/D
      132 |       0 |      60 |       13 |      0 |    65 |    +0.1% |   -0.305 |       -4.7 |     43 | hash/p2_cap\[30\]$_DFF_P_/D
      133 |       0 |      60 |       13 |      0 |    65 |    +0.1% |   -0.305 |       -4.7 |     43 | hash/p2_cap\[30\]$_DFF_P_/D
      140 |       0 |      65 |       13 |      0 |    66 |    +0.1% |   -0.310 |       -4.4 |     43 | hash/p2_cap\[30\]$_DFF_P_/D
      150 |       0 |      69 |       13 |      0 |    72 |    +0.1% |   -0.315 |       -4.4 |     43 | hash/p2_cap\[30\]$_DFF_P_/D
      160 |       0 |      71 |       13 |      0 |    80 |    +0.2% |   -0.321 |       -4.3 |     43 | hash/p2_cap\[30\]$_DFF_P_/D
      170 |       0 |      76 |       15 |      0 |    84 |    +0.2% |   -0.335 |       -3.9 |     43 | hash/p2_cap\[30\]$_DFF_P_/D
      170 |       0 |      63 |       14 |      0 |    65 |    +0.1% |   -0.305 |       -4.6 |     43 | hash/p2_cap\[30\]$_DFF_P_/D
      180 |       0 |      70 |       14 |      0 |    67 |    +0.2% |   -0.307 |       -4.1 |     43 | hash/p2_cap\[30\]$_DFF_P_/D
      190 |       0 |      74 |       14 |      0 |    73 |    +0.2% |   -0.307 |       -3.9 |     43 | hash/p2_cap\[30\]$_DFF_P_/D
      199 |       0 |      67 |       15 |      0 |    65 |    +0.1% |   -0.305 |       -4.4 |     43 | hash/p2_cap\[30\]$_DFF_P_/D
      200 |       0 |      67 |       15 |      0 |    65 |    +0.1% |   -0.305 |       -4.4 |     43 | hash/p2_cap\[30\]$_DFF_P_/D
      210 |       0 |      75 |       15 |      0 |    67 |    +0.2% |   -0.305 |       -3.9 |     43 | hash/p2_cap\[30\]$_DFF_P_/D
      213 |       0 |      75 |       15 |      0 |    67 |    +0.2% |   -0.305 |       -3.9 |     43 | hash/p2_cap\[30\]$_DFF_P_/D
      220 |       0 |      78 |       15 |      0 |    70 |    +0.2% |   -0.310 |       -3.6 |     43 | hash/p2_cap\[30\]$_DFF_P_/D
      230 |       0 |      84 |       19 |      0 |    72 |    +0.2% |   -0.324 |       -3.5 |     43 | hash/p2_cap\[30\]$_DFF_P_/D
      234 |       0 |      78 |       17 |      0 |    67 |    +0.2% |   -0.305 |       -3.7 |     42 | hash/p2_cap\[30\]$_DFF_P_/D
      240 |       0 |      82 |       17 |      0 |    68 |    +0.2% |   -0.327 |       -3.6 |     42 | hash/p2_cap\[30\]$_DFF_P_/D
      250 |       0 |      85 |       17 |      0 |    75 |    +0.2% |   -0.327 |       -3.6 |     42 | hash/p2_cap\[30\]$_DFF_P_/D
      258 |       0 |      79 |       17 |      0 |    67 |    +0.2% |   -0.305 |       -3.7 |     42 | hash/p2_cap\[30\]$_DFF_P_/D
      260 |       0 |      79 |       17 |      0 |    68 |    +0.2% |   -0.305 |       -3.7 |     42 | hash/p2_cap\[30\]$_DFF_P_/D
      270 |       0 |      87 |       20 |      0 |    69 |    +0.2% |   -0.314 |       -3.4 |     42 | hash/p2_cap\[30\]$_DFF_P_/D
      280 |       0 |      92 |       20 |      0 |    74 |    +0.2% |   -0.314 |       -3.4 |     42 | hash/p2_cap\[30\]$_DFF_P_/D
      287 |       0 |      82 |       18 |      0 |    69 |    +0.2% |   -0.305 |       -3.7 |     41 | hash/p2_cap\[30\]$_DFF_P_/D
      290 |       0 |      84 |       18 |      0 |    69 |    +0.2% |   -0.327 |       -3.7 |     41 | hash/p2_cap\[30\]$_DFF_P_/D
      300 |       0 |      88 |       18 |      0 |    75 |    +0.2% |   -0.329 |       -3.5 |     41 | hash/p2_cap\[30\]$_DFF_P_/D
      310 |       0 |      95 |       18 |      0 |    78 |    +0.2% |   -0.328 |       -3.2 |     41 | hash/p2_cap\[30\]$_DFF_P_/D
      310 |       0 |      83 |       18 |      0 |    69 |    +0.2% |   -0.307 |       -3.7 |     41 | hash/p2_cap\[30\]$_DFF_P_/D
      317 |       0 |      87 |       18 |      0 |    71 |    +0.2% |   -0.307 |       -3.5 |     39 | hash/p2_cap\[30\]$_DFF_P_/D
      320 |       0 |      89 |       18 |      0 |    71 |    +0.2% |   -0.317 |       -3.4 |     39 | hash/p2_cap\[30\]$_DFF_P_/D
      320 |       0 |      87 |       18 |      0 |    71 |    +0.2% |   -0.307 |       -3.5 |     38 | hash/p2_cap\[30\]$_DFF_P_/D
      330 |       0 |      92 |       18 |      0 |    75 |    +0.2% |   -0.320 |       -3.3 |     38 | hash/p2_cap\[30\]$_DFF_P_/D
      331 |       0 |      87 |       18 |      0 |    72 |    +0.2% |   -0.307 |       -3.5 |     37 | hash/p2_cap\[30\]$_DFF_P_/D
      334 |       0 |      87 |       18 |      0 |    73 |    +0.2% |   -0.306 |       -3.5 |     37 | hash/p2_cap\[30\]$_DFF_P_/D
      338 |       0 |      87 |       18 |      0 |    73 |    +0.2% |   -0.306 |       -3.5 |     36 | hash/p2_cap\[30\]$_DFF_P_/D
      340 |       0 |      87 |       18 |      0 |    74 |    +0.2% |   -0.306 |       -3.4 |     36 | hash/p2_cap\[30\]$_DFF_P_/D
      350 |       0 |      95 |       18 |      0 |    76 |    +0.2% |   -0.306 |       -3.3 |     36 | hash/p2_cap\[30\]$_DFF_P_/D
      352 |       0 |      97 |       18 |      0 |    76 |    +0.2% |   -0.306 |       -3.2 |     34 | hash/p2_cap\[30\]$_DFF_P_/D
      353 |       0 |      97 |       18 |      0 |    76 |    +0.2% |   -0.306 |       -3.2 |     33 | hash/p2_cap\[30\]$_DFF_P_/D
      354 |       0 |      97 |       18 |      0 |    76 |    +0.2% |   -0.306 |       -3.2 |     32 | hash/p2_cap\[30\]$_DFF_P_/D
      355 |       0 |      97 |       18 |      0 |    76 |    +0.2% |   -0.306 |       -3.2 |     31 | hash/p2_cap\[30\]$_DFF_P_/D
      358 |       0 |      97 |       18 |      0 |    77 |    +0.2% |   -0.306 |       -3.2 |     30 | hash/p2_cap\[30\]$_DFF_P_/D
      359 |       0 |      97 |       18 |      0 |    77 |    +0.2% |   -0.306 |       -3.2 |     29 | hash/p2_cap\[30\]$_DFF_P_/D
      360 |       0 |      97 |       18 |      0 |    77 |    +0.2% |   -0.306 |       -3.2 |     29 | hash/p2_cap\[30\]$_DFF_P_/D
      360 |       0 |      97 |       18 |      0 |    77 |    +0.2% |   -0.306 |       -3.2 |     28 | hash/p2_cap\[30\]$_DFF_P_/D
      361 |       0 |      97 |       18 |      0 |    77 |    +0.2% |   -0.306 |       -3.2 |     27 | hash/p2_cap\[30\]$_DFF_P_/D
      363 |       0 |      97 |       18 |      0 |    77 |    +0.2% |   -0.306 |       -3.2 |     26 | hash/p2_cap\[30\]$_DFF_P_/D
      364 |       0 |      97 |       18 |      0 |    77 |    +0.2% |   -0.306 |       -3.2 |     25 | hash/p2_cap\[30\]$_DFF_P_/D
      366 |       0 |      97 |       18 |      1 |    77 |    +0.2% |   -0.306 |       -2.6 |     23 | hash/p2_cap\[30\]$_DFF_P_/D
      367 |       0 |      97 |       18 |      1 |    77 |    +0.2% |   -0.306 |       -2.6 |     22 | hash/p2_cap\[30\]$_DFF_P_/D
      368 |       0 |      97 |       18 |      1 |    77 |    +0.2% |   -0.306 |       -2.6 |     21 | hash/p2_cap\[30\]$_DFF_P_/D
      369 |       0 |      97 |       18 |      1 |    77 |    +0.2% |   -0.306 |       -2.6 |     20 | hash/p2_cap\[30\]$_DFF_P_/D
      370 |       0 |      97 |       18 |      1 |    77 |    +0.2% |   -0.306 |       -2.6 |     20 | hash/p2_cap\[30\]$_DFF_P_/D
      370 |       0 |      97 |       18 |      1 |    77 |    +0.2% |   -0.306 |       -2.6 |     19 | hash/p2_cap\[30\]$_DFF_P_/D
      371 |       0 |      97 |       18 |      1 |    77 |    +0.2% |   -0.306 |       -2.6 |     18 | hash/p2_cap\[30\]$_DFF_P_/D
      372 |       0 |      97 |       18 |      1 |    77 |    +0.2% |   -0.306 |       -2.6 |     17 | hash/p2_cap\[30\]$_DFF_P_/D
      373 |       0 |      97 |       18 |      1 |    77 |    +0.2% |   -0.306 |       -2.6 |     16 | hash/p2_cap\[30\]$_DFF_P_/D
      374 |       0 |      97 |       18 |      1 |    77 |    +0.2% |   -0.306 |       -2.6 |     15 | hash/p2_cap\[30\]$_DFF_P_/D
      375 |       0 |      97 |       18 |      1 |    77 |    +0.2% |   -0.306 |       -2.6 |     14 | hash/p2_cap\[30\]$_DFF_P_/D
      376 |       0 |      97 |       18 |      1 |    77 |    +0.2% |   -0.306 |       -2.6 |     13 | hash/p2_cap\[30\]$_DFF_P_/D
      377 |       0 |      97 |       18 |      1 |    77 |    +0.2% |   -0.306 |       -2.6 |     12 | hash/p2_cap\[30\]$_DFF_P_/D
      378 |       0 |      97 |       18 |      1 |    77 |    +0.2% |   -0.306 |       -2.6 |     11 | hash/p2_cap\[30\]$_DFF_P_/D
      379 |       0 |      97 |       18 |      1 |    77 |    +0.2% |   -0.306 |       -2.6 |     10 | hash/p2_cap\[30\]$_DFF_P_/D
      380 |       0 |      97 |       18 |      1 |    77 |    +0.2% |   -0.306 |       -2.6 |     10 | hash/p2_cap\[30\]$_DFF_P_/D
      381 |       0 |      97 |       18 |      2 |    77 |    +0.2% |   -0.306 |       -2.6 |      8 | hash/p2_cap\[30\]$_DFF_P_/D
      382 |       0 |      97 |       18 |      2 |    77 |    +0.2% |   -0.306 |       -2.6 |      7 | hash/p2_cap\[30\]$_DFF_P_/D
      383 |       0 |      97 |       18 |      2 |    77 |    +0.2% |   -0.306 |       -2.6 |      6 | hash/p2_cap\[30\]$_DFF_P_/D
      384 |       0 |      97 |       18 |      2 |    77 |    +0.2% |   -0.306 |       -2.6 |      5 | hash/p2_cap\[30\]$_DFF_P_/D
      385 |       0 |      97 |       18 |      2 |    77 |    +0.2% |   -0.306 |       -2.6 |      4 | hash/p2_cap\[30\]$_DFF_P_/D
     386* |       0 |      97 |       18 |      2 |    77 |    +0.2% |   -0.306 |       -2.6 |     15 | hash/p2_cap\[30\]$_DFF_P_/D
     387* |       0 |      97 |       18 |      2 |    77 |    +0.2% |   -0.306 |       -2.6 |     15 | hash/p2_cap\[30\]$_DFF_P_/D
     388* |       0 |      97 |       18 |      2 |    77 |    +0.2% |   -0.306 |       -2.6 |     15 | hash/p2_cap\[30\]$_DFF_P_/D
     389* |       0 |      97 |       18 |      2 |    77 |    +0.2% |   -0.306 |       -2.6 |     15 | hash/p2_cap\[30\]$_DFF_P_/D
     390* |       0 |      97 |       18 |      2 |    77 |    +0.2% |   -0.306 |       -2.6 |     15 | hash/p2_cap\[30\]$_DFF_P_/D
     390* |       0 |      97 |       18 |      2 |    77 |    +0.2% |   -0.306 |       -2.6 |     15 | hash/p2_cap\[30\]$_DFF_P_/D
     391* |       0 |      97 |       18 |      2 |    77 |    +0.2% |   -0.306 |       -2.6 |     15 | hash/p2_cap\[30\]$_DFF_P_/D
     392* |       0 |      97 |       18 |      2 |    77 |    +0.2% |   -0.306 |       -2.6 |     15 | hash/p2_cap\[30\]$_DFF_P_/D
     393* |       0 |      97 |       18 |      2 |    77 |    +0.2% |   -0.306 |       -2.6 |     15 | hash/p2_cap\[30\]$_DFF_P_/D
     394* |       0 |      97 |       18 |      2 |    77 |    +0.2% |   -0.306 |       -2.6 |     15 | hash/p2_cap\[30\]$_DFF_P_/D
     395* |       0 |      97 |       18 |      2 |    77 |    +0.2% |   -0.306 |       -2.6 |     15 | hash/p2_cap\[30\]$_DFF_P_/D
     396* |       0 |      97 |       18 |      2 |    77 |    +0.2% |   -0.306 |       -2.6 |     15 | hash/p2_cap\[30\]$_DFF_P_/D
     397* |       0 |      97 |       18 |      2 |    77 |    +0.2% |   -0.306 |       -2.6 |     15 | hash/p2_cap\[30\]$_DFF_P_/D
     398* |       0 |      97 |       18 |      2 |    77 |    +0.2% |   -0.306 |       -2.6 |     15 | hash/p2_cap\[30\]$_DFF_P_/D
     399* |       0 |      97 |       18 |      2 |    77 |    +0.2% |   -0.306 |       -2.6 |     15 | hash/p2_cap\[30\]$_DFF_P_/D
     400* |       0 |      97 |       18 |      2 |    77 |    +0.2% |   -0.306 |       -2.6 |     15 | hash/p2_cap\[30\]$_DFF_P_/D
     400* |       0 |      97 |       18 |      2 |    77 |    +0.2% |   -0.306 |       -2.6 |     15 | hash/p2_cap\[30\]$_DFF_P_/D
    final |       0 |      97 |       18 |      2 |    77 |    +0.2% |   -0.306 |       -2.6 |     15 | hash/p2_cap\[30\]$_DFF_P_/D
--------------------------------------------------------------------------------------------------------------
[INFO RSZ-0040] Inserted 7 buffers.
[INFO RSZ-0041] Resized 97 instances.
[INFO RSZ-0043] Swapped pins on 77 instances.
[INFO RSZ-0049] Cloned 2 instances.
[WARNING RSZ-0062] Unable to repair all setup violations.
[INFO RSZ-0033] No hold violations found.
Took 5 seconds: repair_timing -verbose -setup_margin 0 -hold_margin 0 -repair_tns 100
global_route -start_incremental
detailed_placement
Placement Analysis
---------------------------------
total displacement        247.6 u
average displacement        0.0 u
max displacement            6.9 u
original HPWL          775664.8 u
legalized HPWL         775897.2 u
delta HPWL                    0 %

global_route -end_incremental -congestion_report_file ./reports/sky130hd/sha256_unrolled_pipelined/base/congestion_post_repair_timing.rpt
global_route -start_incremental
Downsizing/switching to higher Vt for non critical gates for power recovery
Percent of paths optimized 100
tns -2.57
wns -0.31
Group                  Internal  Switching    Leakage      Total
                          Power      Power      Power      Power (Watts)
----------------------------------------------------------------
Sequential             1.85e-02   2.58e-03   2.80e-08   2.11e-02   5.3%
Combinational          1.49e-01   2.16e-01   6.62e-08   3.65e-01  91.4%
Clock                  7.28e-03   6.09e-03   5.47e-09   1.34e-02   3.3%
Macro                  0.00e+00   0.00e+00   0.00e+00   0.00e+00   0.0%
Pad                    0.00e+00   0.00e+00   0.00e+00   0.00e+00   0.0%
----------------------------------------------------------------
Total                  1.75e-01   2.25e-01   9.97e-08   4.00e-01 100.0%
                          43.8%      56.2%       0.0%
repair_timing -verbose -recover_power 100
Iteration |   Area    |  Resized |   WNS    | Endpt
---------------------------------------------------
        0 |     +0.0% |        0 |   -0.306 | hash/p2_cap\[30\]$_DFF_P_/D
      100 |     -0.0% |       48 |   -0.306 | hash/p2_cap\[30\]$_DFF_P_/D
      200 |     -0.0% |       59 |   -0.306 | hash/p2_cap\[30\]$_DFF_P_/D
      300 |     -0.0% |       69 |   -0.306 | hash/p2_cap\[30\]$_DFF_P_/D
      400 |     -0.0% |       96 |   -0.306 | hash/p2_cap\[30\]$_DFF_P_/D
      500 |     -0.0% |      142 |   -0.306 | hash/p2_cap\[30\]$_DFF_P_/D
      600 |     -0.0% |      149 |   -0.306 | hash/p2_cap\[30\]$_DFF_P_/D
      700 |     -0.0% |      156 |   -0.306 | hash/p2_cap\[30\]$_DFF_P_/D
      800 |     -0.0% |      202 |   -0.306 | hash/p2_cap\[30\]$_DFF_P_/D
      900 |     -0.0% |      270 |   -0.306 | hash/p2_cap\[30\]$_DFF_P_/D
     1000 |     -0.0% |      306 |   -0.306 | hash/p2_cap\[30\]$_DFF_P_/D
     1100 |     -0.0% |      328 |   -0.306 | hash/p2_cap\[30\]$_DFF_P_/D
     1200 |     -0.0% |      335 |   -0.306 | hash/p2_cap\[30\]$_DFF_P_/D
     1300 |     -0.0% |      341 |   -0.306 | hash/p2_cap\[30\]$_DFF_P_/D
     1400 |     -0.0% |      350 |   -0.306 | hash/p2_cap\[30\]$_DFF_P_/D
     1500 |     -0.0% |      354 |   -0.306 | hash/p2_cap\[30\]$_DFF_P_/D
     1600 |     -0.0% |      356 |   -0.306 | hash/p2_cap\[30\]$_DFF_P_/D
     1700 |     -0.0% |      357 |   -0.306 | hash/p2_cap\[30\]$_DFF_P_/D
     1800 |     -0.0% |      361 |   -0.306 | hash/p2_cap\[30\]$_DFF_P_/D
     1900 |     -0.0% |      363 |   -0.306 | hash/p2_cap\[30\]$_DFF_P_/D
     2000 |     -0.0% |      365 |   -0.315 | hash/p2_cap\[30\]$_DFF_P_/D
     2100 |     -0.0% |      366 |   -0.315 | hash/p2_cap\[30\]$_DFF_P_/D
     2200 |     -0.0% |      368 |   -0.315 | hash/p2_cap\[30\]$_DFF_P_/D
     2300 |     -0.0% |      370 |   -0.315 | hash/p2_cap\[30\]$_DFF_P_/D
     2400 |     -0.0% |      372 |   -0.315 | hash/p2_cap\[30\]$_DFF_P_/D
     2500 |     -0.0% |      374 |   -0.315 | hash/p2_cap\[30\]$_DFF_P_/D
     2600 |     -0.0% |      376 |   -0.315 | hash/p2_cap\[30\]$_DFF_P_/D
     2700 |     -0.0% |      376 |   -0.315 | hash/p2_cap\[30\]$_DFF_P_/D
     2800 |     -0.0% |      378 |   -0.315 | hash/p2_cap\[30\]$_DFF_P_/D
     2900 |     -0.0% |      382 |   -0.315 | hash/p2_cap\[30\]$_DFF_P_/D
     3000 |     -0.0% |      409 |   -0.315 | hash/p2_cap\[30\]$_DFF_P_/D
     3100 |     -0.0% |      452 |   -0.315 | hash/p2_cap\[30\]$_DFF_P_/D
[INFO RSZ-0142] 500 successive tries yielded negative slack. Ending power recovery
    final |     -0.0% |      502 |   -0.333 | hash/p2_cap\[30\]$_DFF_P_/D
---------------------------------------------------
[INFO RSZ-0141] Resized 502 instances.
Took 68 seconds: repair_timing -verbose -recover_power 100
tns -2.99
wns -0.33
Group                  Internal  Switching    Leakage      Total
                          Power      Power      Power      Power (Watts)
----------------------------------------------------------------
Sequential             1.85e-02   2.58e-03   2.80e-08   2.11e-02   5.3%
Combinational          1.49e-01   2.16e-01   6.62e-08   3.65e-01  91.4%
Clock                  7.28e-03   6.09e-03   5.47e-09   1.34e-02   3.3%
Macro                  0.00e+00   0.00e+00   0.00e+00   0.00e+00   0.0%
Pad                    0.00e+00   0.00e+00   0.00e+00   0.00e+00   0.0%
----------------------------------------------------------------
Total                  1.75e-01   2.25e-01   9.97e-08   3.99e-01 100.0%
                          43.8%      56.2%       0.0%
global_route -end_incremental -congestion_report_file ./reports/sky130hd/sha256_unrolled_pipelined/base/congestion_post_recover_power.rpt
Repair antennas...
[INFO GRT-0012] Found 68 antenna violations.
[INFO GRT-0302] Inserted 46 jumpers for 46 nets.
[INFO GRT-0012] Found 28 antenna violations.
[INFO GRT-0015] Inserted 137 diodes.
[INFO GRT-0012] Found 8 antenna violations.
[INFO GRT-0302] Inserted 3 jumpers for 3 nets.
[INFO GRT-0012] Found 6 antenna violations.
[INFO GRT-0015] Inserted 45 diodes.
[INFO GRT-0012] Found 3 antenna violations.
[INFO GRT-0302] Inserted 1 jumpers for 1 nets.
[INFO GRT-0012] Found 2 antenna violations.
[INFO GRT-0015] Inserted 16 diodes.
[INFO GRT-0012] Found 0 antenna violations.
[INFO ANT-0002] Found 0 net violations.
[INFO ANT-0001] Found 0 pin violations.
Estimate parasitics...
Report metrics stage 5, global route...

==========================================================================
global route report_design_area
--------------------------------------------------------------------------
Design area 269152 u^2 48% utilization.
[INFO FLW-0007] clock core_clock period 10.000000
[INFO FLW-0008] Clock core_clock period 9.826
[INFO FLW-0009] Clock core_clock slack -0.343
[INFO FLW-0011] Path endpoint path count 5964
Elapsed time: 4:27.97[h:]min:sec. CPU time: user 1285.39 sys 0.78 (479%). Peak memory: 1289492KB.
