
==========================================================================
resizer report_tns
--------------------------------------------------------------------------
tns -34.24

==========================================================================
resizer report_wns
--------------------------------------------------------------------------
wns -2.00

==========================================================================
resizer report_worst_slack
--------------------------------------------------------------------------
worst slack -2.00

==========================================================================
resizer report_checks -path_delay min
--------------------------------------------------------------------------
Startpoint: ready_dash$_SDFF_PP0_
            (rising edge-triggered flip-flop clocked by core_clock)
Endpoint: ready$_DFF_P_ (rising edge-triggered flip-flop clocked by core_clock)
Path Group: core_clock
Path Type: min

Fanout     Cap    Slew   Delay    Time   Description
-----------------------------------------------------------------------------
                  0.00    0.00    0.00   clock core_clock (rise edge)
                          0.00    0.00   clock network delay (ideal)
                  0.00    0.00    0.00 ^ ready_dash$_SDFF_PP0_/CLK (sky130_fd_sc_hd__dfxtp_1)
     1    0.00    0.03    0.28    0.28 ^ ready_dash$_SDFF_PP0_/Q (sky130_fd_sc_hd__dfxtp_1)
                                         ready_dash (net)
                  0.03    0.00    0.28 ^ ready$_DFF_P_/D (sky130_fd_sc_hd__dfxtp_4)
                                  0.28   data arrival time

                  0.00    0.00    0.00   clock core_clock (rise edge)
                          0.00    0.00   clock network delay (ideal)
                          0.00    0.00   clock reconvergence pessimism
                                  0.00 ^ ready$_DFF_P_/CLK (sky130_fd_sc_hd__dfxtp_4)
                         -0.03   -0.03   library hold time
                                 -0.03   data required time
-----------------------------------------------------------------------------
                                 -0.03   data required time
                                 -0.28   data arrival time
-----------------------------------------------------------------------------
                                  0.31   slack (MET)



==========================================================================
resizer report_checks -path_delay max
--------------------------------------------------------------------------
Startpoint: hash.p2_cap[25]$_DFF_P_
            (rising edge-triggered flip-flop clocked by core_clock)
Endpoint: hash.p3_cap[31]$_DFF_P_
          (rising edge-triggered flip-flop clocked by core_clock)
Path Group: core_clock
Path Type: max

Fanout     Cap    Slew   Delay    Time   Description
-----------------------------------------------------------------------------
                  0.00    0.00    0.00   clock core_clock (rise edge)
                          0.00    0.00   clock network delay (ideal)
                  0.00    0.00    0.00 ^ hash.p2_cap[25]$_DFF_P_/CLK (sky130_fd_sc_hd__dfxtp_4)
     8    0.07    0.10    0.39    0.39 v hash.p2_cap[25]$_DFF_P_/Q (sky130_fd_sc_hd__dfxtp_4)
                                         hash.CA2.S1.X[25] (net)
                  0.10    0.01    0.39 v _15161_/A (sky130_fd_sc_hd__xnor2_1)
     1    0.01    0.25    0.26    0.66 ^ _15161_/Y (sky130_fd_sc_hd__xnor2_1)
                                         _04553_ (net)
                  0.25    0.00    0.66 ^ _15162_/B (sky130_fd_sc_hd__xnor2_2)
     1    0.02    0.24    0.18    0.84 ^ _15162_/Y (sky130_fd_sc_hd__xnor2_2)
                                         _13398_ (net)
                  0.24    0.00    0.84 ^ _27949_/B (sky130_fd_sc_hd__ha_1)
     3    0.01    0.12    0.24    1.09 ^ _27949_/COUT (sky130_fd_sc_hd__ha_1)
                                         _13399_ (net)
                  0.12    0.00    1.09 ^ _19178_/A (sky130_fd_sc_hd__inv_1)
     1    0.01    0.05    0.08    1.17 v _19178_/Y (sky130_fd_sc_hd__inv_1)
                                         _12254_ (net)
                  0.05    0.00    1.17 v _27652_/A (sky130_fd_sc_hd__fa_1)
     2    0.01    0.10    0.45    1.62 v _27652_/COUT (sky130_fd_sc_hd__fa_1)
                                         _12257_ (net)
                  0.10    0.00    1.62 v _15307_/A (sky130_fd_sc_hd__nor2b_1)
     1    0.00    0.12    0.15    1.77 ^ _15307_/Y (sky130_fd_sc_hd__nor2b_1)
                                         _04679_ (net)
                  0.12    0.00    1.77 ^ _15308_/A2 (sky130_fd_sc_hd__o21ai_1)
     2    0.01    0.08    0.10    1.87 v _15308_/Y (sky130_fd_sc_hd__o21ai_1)
                                         _04680_ (net)
                  0.08    0.00    1.87 v _15309_/A2 (sky130_fd_sc_hd__a21boi_0)
     2    0.01    0.26    0.26    2.13 ^ _15309_/Y (sky130_fd_sc_hd__a21boi_0)
                                         _04681_ (net)
                  0.26    0.00    2.13 ^ _15365_/A2 (sky130_fd_sc_hd__o21ai_1)
     2    0.01    0.10    0.14    2.27 v _15365_/Y (sky130_fd_sc_hd__o21ai_1)
                                         _04729_ (net)
                  0.10    0.00    2.27 v _15423_/A1 (sky130_fd_sc_hd__a21oi_2)
     3    0.02    0.28    0.29    2.56 ^ _15423_/Y (sky130_fd_sc_hd__a21oi_2)
                                         _04779_ (net)
                  0.28    0.00    2.56 ^ _15499_/A1 (sky130_fd_sc_hd__a21oi_4)
     3    0.03    0.10    0.14    2.70 v _15499_/Y (sky130_fd_sc_hd__a21oi_4)
                                         _04839_ (net)
                  0.10    0.00    2.70 v _15543_/A1 (sky130_fd_sc_hd__o22ai_4)
     3    0.02    0.20    0.24    2.93 ^ _15543_/Y (sky130_fd_sc_hd__o22ai_4)
                                         _04867_ (net)
                  0.20    0.00    2.93 ^ _15570_/A3 (sky130_fd_sc_hd__a31o_1)
     1    0.00    0.05    0.17    3.10 ^ _15570_/X (sky130_fd_sc_hd__a31o_1)
                                         _04886_ (net)
                  0.05    0.00    3.10 ^ _15571_/A2 (sky130_fd_sc_hd__a21o_1)
     2    0.01    0.11    0.16    3.26 ^ _15571_/X (sky130_fd_sc_hd__a21o_1)
                                         _04887_ (net)
                  0.11    0.00    3.26 ^ _15593_/A2 (sky130_fd_sc_hd__a21oi_1)
     2    0.01    0.07    0.10    3.36 v _15593_/Y (sky130_fd_sc_hd__a21oi_1)
                                         _04901_ (net)
                  0.07    0.00    3.36 v _15615_/A1 (sky130_fd_sc_hd__o211ai_1)
     1    0.01    0.23    0.24    3.60 ^ _15615_/Y (sky130_fd_sc_hd__o211ai_1)
                                         _04915_ (net)
                  0.23    0.00    3.60 ^ _15616_/A2 (sky130_fd_sc_hd__a21oi_2)
     2    0.01    0.08    0.12    3.73 v _15616_/Y (sky130_fd_sc_hd__a21oi_2)
                                         _04916_ (net)
                  0.08    0.00    3.73 v _20670_/B (sky130_fd_sc_hd__xnor2_1)
     2    0.01    0.21    0.21    3.93 ^ _20670_/Y (sky130_fd_sc_hd__xnor2_1)
                                         _13554_ (net)
                  0.21    0.00    3.93 ^ _28035_/B (sky130_fd_sc_hd__ha_1)
     2    0.01    0.09    0.31    4.24 v _28035_/SUM (sky130_fd_sc_hd__ha_1)
                                         _13661_ (net)
                  0.09    0.00    4.24 v _18449_/A1 (sky130_fd_sc_hd__a21oi_1)
     1    0.00    0.13    0.16    4.40 ^ _18449_/Y (sky130_fd_sc_hd__a21oi_1)
                                         _06859_ (net)
                  0.13    0.00    4.40 ^ _18450_/B1 (sky130_fd_sc_hd__o21ai_0)
     1    0.00    0.09    0.12    4.52 v _18450_/Y (sky130_fd_sc_hd__o21ai_0)
                                         _06860_ (net)
                  0.09    0.00    4.52 v _18451_/B1 (sky130_fd_sc_hd__a21o_1)
     1    0.01    0.06    0.20    4.72 v _18451_/X (sky130_fd_sc_hd__a21o_1)
                                         _06861_ (net)
                  0.06    0.00    4.72 v _18452_/B1 (sky130_fd_sc_hd__a21oi_4)
     4    0.03    0.22    0.21    4.93 ^ _18452_/Y (sky130_fd_sc_hd__a21oi_4)
                                         _06862_ (net)
                  0.22    0.00    4.93 ^ _18510_/A1 (sky130_fd_sc_hd__o211ai_1)
     2    0.01    0.12    0.17    5.10 v _18510_/Y (sky130_fd_sc_hd__o211ai_1)
                                         _06908_ (net)
                  0.12    0.00    5.10 v _18525_/A1 (sky130_fd_sc_hd__a21o_1)
     1    0.01    0.04    0.20    5.30 v _18525_/X (sky130_fd_sc_hd__a21o_1)
                                         _06919_ (net)
                  0.04    0.00    5.30 v _18526_/A2 (sky130_fd_sc_hd__a21oi_1)
     1    0.00    0.13    0.15    5.45 ^ _18526_/Y (sky130_fd_sc_hd__a21oi_1)
                                         _06920_ (net)
                  0.13    0.00    5.45 ^ _18527_/C (sky130_fd_sc_hd__xor3_2)
     2    0.01    0.10    0.31    5.77 v _18527_/X (sky130_fd_sc_hd__xor3_2)
                                         _06921_ (net)
                  0.10    0.00    5.77 v _18528_/B (sky130_fd_sc_hd__and2_4)
     5    0.05    0.08    0.24    6.00 v _18528_/X (sky130_fd_sc_hd__and2_4)
                                         _06922_ (net)
                  0.08    0.00    6.01 v _20774_/A (sky130_fd_sc_hd__xnor2_4)
     1    0.03    0.25    0.27    6.28 ^ _20774_/Y (sky130_fd_sc_hd__xnor2_4)
                                         _14077_ (net)
                  0.25    0.00    6.28 ^ _28180_/B (sky130_fd_sc_hd__ha_1)
     2    0.01    0.09    0.32    6.60 v _28180_/SUM (sky130_fd_sc_hd__ha_1)
                                         _14079_ (net)
                  0.09    0.00    6.60 v _18911_/A (sky130_fd_sc_hd__nor2_1)
     2    0.01    0.15    0.17    6.77 ^ _18911_/Y (sky130_fd_sc_hd__nor2_1)
                                         _07149_ (net)
                  0.15    0.00    6.77 ^ _18912_/B (sky130_fd_sc_hd__nor2_1)
     1    0.01    0.09    0.10    6.87 v _18912_/Y (sky130_fd_sc_hd__nor2_1)
                                         _07150_ (net)
                  0.09    0.00    6.87 v _18913_/B1 (sky130_fd_sc_hd__o31ai_4)
     3    0.03    0.36    0.12    6.99 ^ _18913_/Y (sky130_fd_sc_hd__o31ai_4)
                                         _07151_ (net)
                  0.36    0.00    6.99 ^ _18956_/A1 (sky130_fd_sc_hd__o21ai_4)
     5    0.04    0.12    0.17    7.15 v _18956_/Y (sky130_fd_sc_hd__o21ai_4)
                                         _07183_ (net)
                  0.12    0.00    7.16 v _18990_/A4 (sky130_fd_sc_hd__a41oi_4)
     4    0.02    0.28    0.34    7.49 ^ _18990_/Y (sky130_fd_sc_hd__a41oi_4)
                                         _07211_ (net)
                  0.28    0.00    7.49 ^ _18991_/A (sky130_fd_sc_hd__nor2b_1)
     1    0.00    0.07    0.09    7.58 v _18991_/Y (sky130_fd_sc_hd__nor2b_1)
                                         _07212_ (net)
                  0.07    0.00    7.58 v _18992_/A2 (sky130_fd_sc_hd__o21ai_0)
     1    0.00    0.18    0.18    7.76 ^ _18992_/Y (sky130_fd_sc_hd__o21ai_0)
                                         _07213_ (net)
                  0.18    0.00    7.76 ^ _18993_/B (sky130_fd_sc_hd__nand2b_1)
     2    0.01    0.09    0.12    7.88 v _18993_/Y (sky130_fd_sc_hd__nand2b_1)
                                         _07214_ (net)
                  0.09    0.00    7.88 v _19158_/A2 (sky130_fd_sc_hd__a21o_1)
     1    0.01    0.05    0.21    8.09 v _19158_/X (sky130_fd_sc_hd__a21o_1)
                                         _07345_ (net)
                  0.05    0.00    8.09 v _19159_/A2 (sky130_fd_sc_hd__a21oi_2)
     3    0.02    0.25    0.25    8.34 ^ _19159_/Y (sky130_fd_sc_hd__a21oi_2)
                                         _07346_ (net)
                  0.25    0.00    8.34 ^ _20453_/B (sky130_fd_sc_hd__xnor2_1)
     1    0.01    0.23    0.19    8.53 ^ _20453_/Y (sky130_fd_sc_hd__xnor2_1)
                                         _12754_ (net)
                  0.23    0.00    8.53 ^ _27765_/A (sky130_fd_sc_hd__fa_1)
     1    0.00    0.08    0.44    8.97 v _27765_/SUM (sky130_fd_sc_hd__fa_1)
                                         _12758_ (net)
                  0.08    0.00    8.97 v _28214_/B (sky130_fd_sc_hd__ha_1)
     4    0.01    0.10    0.34    9.32 v _28214_/SUM (sky130_fd_sc_hd__ha_1)
                                         _14179_ (net)
                  0.10    0.00    9.32 v _23889_/A1 (sky130_fd_sc_hd__o21a_1)
     1    0.00    0.04    0.21    9.53 v _23889_/X (sky130_fd_sc_hd__o21a_1)
                                         _09685_ (net)
                  0.04    0.00    9.53 v _23890_/A2 (sky130_fd_sc_hd__o211ai_2)
     3    0.01    0.19    0.19    9.72 ^ _23890_/Y (sky130_fd_sc_hd__o211ai_2)
                                         _09686_ (net)
                  0.19    0.00    9.72 ^ _23895_/A1 (sky130_fd_sc_hd__o21ai_0)
     2    0.01    0.11    0.15    9.87 v _23895_/Y (sky130_fd_sc_hd__o21ai_0)
                                         _09691_ (net)
                  0.11    0.00    9.87 v _23896_/B1 (sky130_fd_sc_hd__a32o_2)
     3    0.03    0.10    0.31   10.18 v _23896_/X (sky130_fd_sc_hd__a32o_2)
                                         _09692_ (net)
                  0.10    0.00   10.18 v _23912_/D (sky130_fd_sc_hd__or4_1)
     2    0.01    0.11    0.45   10.63 v _23912_/X (sky130_fd_sc_hd__or4_1)
                                         _09704_ (net)
                  0.11    0.00   10.63 v _23927_/A2 (sky130_fd_sc_hd__a311oi_1)
     1    0.00    0.25    0.30   10.93 ^ _23927_/Y (sky130_fd_sc_hd__a311oi_1)
                                         _09717_ (net)
                  0.25    0.00   10.93 ^ _23929_/A (sky130_fd_sc_hd__nor2_1)
     3    0.02    0.11    0.15   11.09 v _23929_/Y (sky130_fd_sc_hd__nor2_1)
                                         _09719_ (net)
                  0.11    0.00   11.09 v _23951_/A1 (sky130_fd_sc_hd__o211a_1)
     2    0.01    0.06    0.26   11.35 v _23951_/X (sky130_fd_sc_hd__o211a_1)
                                         _09737_ (net)
                  0.06    0.00   11.35 v _23953_/C (sky130_fd_sc_hd__nor4b_1)
     1    0.00    0.28    0.26   11.61 ^ _23953_/Y (sky130_fd_sc_hd__nor4b_1)
                                         _09739_ (net)
                  0.28    0.00   11.61 ^ _23958_/B1 (sky130_fd_sc_hd__a211oi_1)
     1    0.01    0.09    0.12   11.73 v _23958_/Y (sky130_fd_sc_hd__a211oi_1)
                                         _09744_ (net)
                  0.09    0.00   11.73 v _23959_/B (sky130_fd_sc_hd__xnor2_1)
     1    0.00    0.06    0.13   11.87 v _23959_/Y (sky130_fd_sc_hd__xnor2_1)
                                         hash.CA1.p3[31] (net)
                  0.06    0.00   11.87 v hash.p3_cap[31]$_DFF_P_/D (sky130_fd_sc_hd__dfxtp_1)
                                 11.87   data arrival time

                  0.00   10.00   10.00   clock core_clock (rise edge)
                          0.00   10.00   clock network delay (ideal)
                          0.00   10.00   clock reconvergence pessimism
                                 10.00 ^ hash.p3_cap[31]$_DFF_P_/CLK (sky130_fd_sc_hd__dfxtp_1)
                         -0.13    9.87   library setup time
                                  9.87   data required time
-----------------------------------------------------------------------------
                                  9.87   data required time
                                -11.87   data arrival time
-----------------------------------------------------------------------------
                                 -2.00   slack (VIOLATED)



==========================================================================
resizer report_checks -unconstrained
--------------------------------------------------------------------------
Startpoint: hash.p2_cap[25]$_DFF_P_
            (rising edge-triggered flip-flop clocked by core_clock)
Endpoint: hash.p3_cap[31]$_DFF_P_
          (rising edge-triggered flip-flop clocked by core_clock)
Path Group: core_clock
Path Type: max

Fanout     Cap    Slew   Delay    Time   Description
-----------------------------------------------------------------------------
                  0.00    0.00    0.00   clock core_clock (rise edge)
                          0.00    0.00   clock network delay (ideal)
                  0.00    0.00    0.00 ^ hash.p2_cap[25]$_DFF_P_/CLK (sky130_fd_sc_hd__dfxtp_4)
     8    0.07    0.10    0.39    0.39 v hash.p2_cap[25]$_DFF_P_/Q (sky130_fd_sc_hd__dfxtp_4)
                                         hash.CA2.S1.X[25] (net)
                  0.10    0.01    0.39 v _15161_/A (sky130_fd_sc_hd__xnor2_1)
     1    0.01    0.25    0.26    0.66 ^ _15161_/Y (sky130_fd_sc_hd__xnor2_1)
                                         _04553_ (net)
                  0.25    0.00    0.66 ^ _15162_/B (sky130_fd_sc_hd__xnor2_2)
     1    0.02    0.24    0.18    0.84 ^ _15162_/Y (sky130_fd_sc_hd__xnor2_2)
                                         _13398_ (net)
                  0.24    0.00    0.84 ^ _27949_/B (sky130_fd_sc_hd__ha_1)
     3    0.01    0.12    0.24    1.09 ^ _27949_/COUT (sky130_fd_sc_hd__ha_1)
                                         _13399_ (net)
                  0.12    0.00    1.09 ^ _19178_/A (sky130_fd_sc_hd__inv_1)
     1    0.01    0.05    0.08    1.17 v _19178_/Y (sky130_fd_sc_hd__inv_1)
                                         _12254_ (net)
                  0.05    0.00    1.17 v _27652_/A (sky130_fd_sc_hd__fa_1)
     2    0.01    0.10    0.45    1.62 v _27652_/COUT (sky130_fd_sc_hd__fa_1)
                                         _12257_ (net)
                  0.10    0.00    1.62 v _15307_/A (sky130_fd_sc_hd__nor2b_1)
     1    0.00    0.12    0.15    1.77 ^ _15307_/Y (sky130_fd_sc_hd__nor2b_1)
                                         _04679_ (net)
                  0.12    0.00    1.77 ^ _15308_/A2 (sky130_fd_sc_hd__o21ai_1)
     2    0.01    0.08    0.10    1.87 v _15308_/Y (sky130_fd_sc_hd__o21ai_1)
                                         _04680_ (net)
                  0.08    0.00    1.87 v _15309_/A2 (sky130_fd_sc_hd__a21boi_0)
     2    0.01    0.26    0.26    2.13 ^ _15309_/Y (sky130_fd_sc_hd__a21boi_0)
                                         _04681_ (net)
                  0.26    0.00    2.13 ^ _15365_/A2 (sky130_fd_sc_hd__o21ai_1)
     2    0.01    0.10    0.14    2.27 v _15365_/Y (sky130_fd_sc_hd__o21ai_1)
                                         _04729_ (net)
                  0.10    0.00    2.27 v _15423_/A1 (sky130_fd_sc_hd__a21oi_2)
     3    0.02    0.28    0.29    2.56 ^ _15423_/Y (sky130_fd_sc_hd__a21oi_2)
                                         _04779_ (net)
                  0.28    0.00    2.56 ^ _15499_/A1 (sky130_fd_sc_hd__a21oi_4)
     3    0.03    0.10    0.14    2.70 v _15499_/Y (sky130_fd_sc_hd__a21oi_4)
                                         _04839_ (net)
                  0.10    0.00    2.70 v _15543_/A1 (sky130_fd_sc_hd__o22ai_4)
     3    0.02    0.20    0.24    2.93 ^ _15543_/Y (sky130_fd_sc_hd__o22ai_4)
                                         _04867_ (net)
                  0.20    0.00    2.93 ^ _15570_/A3 (sky130_fd_sc_hd__a31o_1)
     1    0.00    0.05    0.17    3.10 ^ _15570_/X (sky130_fd_sc_hd__a31o_1)
                                         _04886_ (net)
                  0.05    0.00    3.10 ^ _15571_/A2 (sky130_fd_sc_hd__a21o_1)
     2    0.01    0.11    0.16    3.26 ^ _15571_/X (sky130_fd_sc_hd__a21o_1)
                                         _04887_ (net)
                  0.11    0.00    3.26 ^ _15593_/A2 (sky130_fd_sc_hd__a21oi_1)
     2    0.01    0.07    0.10    3.36 v _15593_/Y (sky130_fd_sc_hd__a21oi_1)
                                         _04901_ (net)
                  0.07    0.00    3.36 v _15615_/A1 (sky130_fd_sc_hd__o211ai_1)
     1    0.01    0.23    0.24    3.60 ^ _15615_/Y (sky130_fd_sc_hd__o211ai_1)
                                         _04915_ (net)
                  0.23    0.00    3.60 ^ _15616_/A2 (sky130_fd_sc_hd__a21oi_2)
     2    0.01    0.08    0.12    3.73 v _15616_/Y (sky130_fd_sc_hd__a21oi_2)
                                         _04916_ (net)
                  0.08    0.00    3.73 v _20670_/B (sky130_fd_sc_hd__xnor2_1)
     2    0.01    0.21    0.21    3.93 ^ _20670_/Y (sky130_fd_sc_hd__xnor2_1)
                                         _13554_ (net)
                  0.21    0.00    3.93 ^ _28035_/B (sky130_fd_sc_hd__ha_1)
     2    0.01    0.09    0.31    4.24 v _28035_/SUM (sky130_fd_sc_hd__ha_1)
                                         _13661_ (net)
                  0.09    0.00    4.24 v _18449_/A1 (sky130_fd_sc_hd__a21oi_1)
     1    0.00    0.13    0.16    4.40 ^ _18449_/Y (sky130_fd_sc_hd__a21oi_1)
                                         _06859_ (net)
                  0.13    0.00    4.40 ^ _18450_/B1 (sky130_fd_sc_hd__o21ai_0)
     1    0.00    0.09    0.12    4.52 v _18450_/Y (sky130_fd_sc_hd__o21ai_0)
                                         _06860_ (net)
                  0.09    0.00    4.52 v _18451_/B1 (sky130_fd_sc_hd__a21o_1)
     1    0.01    0.06    0.20    4.72 v _18451_/X (sky130_fd_sc_hd__a21o_1)
                                         _06861_ (net)
                  0.06    0.00    4.72 v _18452_/B1 (sky130_fd_sc_hd__a21oi_4)
     4    0.03    0.22    0.21    4.93 ^ _18452_/Y (sky130_fd_sc_hd__a21oi_4)
                                         _06862_ (net)
                  0.22    0.00    4.93 ^ _18510_/A1 (sky130_fd_sc_hd__o211ai_1)
     2    0.01    0.12    0.17    5.10 v _18510_/Y (sky130_fd_sc_hd__o211ai_1)
                                         _06908_ (net)
                  0.12    0.00    5.10 v _18525_/A1 (sky130_fd_sc_hd__a21o_1)
     1    0.01    0.04    0.20    5.30 v _18525_/X (sky130_fd_sc_hd__a21o_1)
                                         _06919_ (net)
                  0.04    0.00    5.30 v _18526_/A2 (sky130_fd_sc_hd__a21oi_1)
     1    0.00    0.13    0.15    5.45 ^ _18526_/Y (sky130_fd_sc_hd__a21oi_1)
                                         _06920_ (net)
                  0.13    0.00    5.45 ^ _18527_/C (sky130_fd_sc_hd__xor3_2)
     2    0.01    0.10    0.31    5.77 v _18527_/X (sky130_fd_sc_hd__xor3_2)
                                         _06921_ (net)
                  0.10    0.00    5.77 v _18528_/B (sky130_fd_sc_hd__and2_4)
     5    0.05    0.08    0.24    6.00 v _18528_/X (sky130_fd_sc_hd__and2_4)
                                         _06922_ (net)
                  0.08    0.00    6.01 v _20774_/A (sky130_fd_sc_hd__xnor2_4)
     1    0.03    0.25    0.27    6.28 ^ _20774_/Y (sky130_fd_sc_hd__xnor2_4)
                                         _14077_ (net)
                  0.25    0.00    6.28 ^ _28180_/B (sky130_fd_sc_hd__ha_1)
     2    0.01    0.09    0.32    6.60 v _28180_/SUM (sky130_fd_sc_hd__ha_1)
                                         _14079_ (net)
                  0.09    0.00    6.60 v _18911_/A (sky130_fd_sc_hd__nor2_1)
     2    0.01    0.15    0.17    6.77 ^ _18911_/Y (sky130_fd_sc_hd__nor2_1)
                                         _07149_ (net)
                  0.15    0.00    6.77 ^ _18912_/B (sky130_fd_sc_hd__nor2_1)
     1    0.01    0.09    0.10    6.87 v _18912_/Y (sky130_fd_sc_hd__nor2_1)
                                         _07150_ (net)
                  0.09    0.00    6.87 v _18913_/B1 (sky130_fd_sc_hd__o31ai_4)
     3    0.03    0.36    0.12    6.99 ^ _18913_/Y (sky130_fd_sc_hd__o31ai_4)
                                         _07151_ (net)
                  0.36    0.00    6.99 ^ _18956_/A1 (sky130_fd_sc_hd__o21ai_4)
     5    0.04    0.12    0.17    7.15 v _18956_/Y (sky130_fd_sc_hd__o21ai_4)
                                         _07183_ (net)
                  0.12    0.00    7.16 v _18990_/A4 (sky130_fd_sc_hd__a41oi_4)
     4    0.02    0.28    0.34    7.49 ^ _18990_/Y (sky130_fd_sc_hd__a41oi_4)
                                         _07211_ (net)
                  0.28    0.00    7.49 ^ _18991_/A (sky130_fd_sc_hd__nor2b_1)
     1    0.00    0.07    0.09    7.58 v _18991_/Y (sky130_fd_sc_hd__nor2b_1)
                                         _07212_ (net)
                  0.07    0.00    7.58 v _18992_/A2 (sky130_fd_sc_hd__o21ai_0)
     1    0.00    0.18    0.18    7.76 ^ _18992_/Y (sky130_fd_sc_hd__o21ai_0)
                                         _07213_ (net)
                  0.18    0.00    7.76 ^ _18993_/B (sky130_fd_sc_hd__nand2b_1)
     2    0.01    0.09    0.12    7.88 v _18993_/Y (sky130_fd_sc_hd__nand2b_1)
                                         _07214_ (net)
                  0.09    0.00    7.88 v _19158_/A2 (sky130_fd_sc_hd__a21o_1)
     1    0.01    0.05    0.21    8.09 v _19158_/X (sky130_fd_sc_hd__a21o_1)
                                         _07345_ (net)
                  0.05    0.00    8.09 v _19159_/A2 (sky130_fd_sc_hd__a21oi_2)
     3    0.02    0.25    0.25    8.34 ^ _19159_/Y (sky130_fd_sc_hd__a21oi_2)
                                         _07346_ (net)
                  0.25    0.00    8.34 ^ _20453_/B (sky130_fd_sc_hd__xnor2_1)
     1    0.01    0.23    0.19    8.53 ^ _20453_/Y (sky130_fd_sc_hd__xnor2_1)
                                         _12754_ (net)
                  0.23    0.00    8.53 ^ _27765_/A (sky130_fd_sc_hd__fa_1)
     1    0.00    0.08    0.44    8.97 v _27765_/SUM (sky130_fd_sc_hd__fa_1)
                                         _12758_ (net)
                  0.08    0.00    8.97 v _28214_/B (sky130_fd_sc_hd__ha_1)
     4    0.01    0.10    0.34    9.32 v _28214_/SUM (sky130_fd_sc_hd__ha_1)
                                         _14179_ (net)
                  0.10    0.00    9.32 v _23889_/A1 (sky130_fd_sc_hd__o21a_1)
     1    0.00    0.04    0.21    9.53 v _23889_/X (sky130_fd_sc_hd__o21a_1)
                                         _09685_ (net)
                  0.04    0.00    9.53 v _23890_/A2 (sky130_fd_sc_hd__o211ai_2)
     3    0.01    0.19    0.19    9.72 ^ _23890_/Y (sky130_fd_sc_hd__o211ai_2)
                                         _09686_ (net)
                  0.19    0.00    9.72 ^ _23895_/A1 (sky130_fd_sc_hd__o21ai_0)
     2    0.01    0.11    0.15    9.87 v _23895_/Y (sky130_fd_sc_hd__o21ai_0)
                                         _09691_ (net)
                  0.11    0.00    9.87 v _23896_/B1 (sky130_fd_sc_hd__a32o_2)
     3    0.03    0.10    0.31   10.18 v _23896_/X (sky130_fd_sc_hd__a32o_2)
                                         _09692_ (net)
                  0.10    0.00   10.18 v _23912_/D (sky130_fd_sc_hd__or4_1)
     2    0.01    0.11    0.45   10.63 v _23912_/X (sky130_fd_sc_hd__or4_1)
                                         _09704_ (net)
                  0.11    0.00   10.63 v _23927_/A2 (sky130_fd_sc_hd__a311oi_1)
     1    0.00    0.25    0.30   10.93 ^ _23927_/Y (sky130_fd_sc_hd__a311oi_1)
                                         _09717_ (net)
                  0.25    0.00   10.93 ^ _23929_/A (sky130_fd_sc_hd__nor2_1)
     3    0.02    0.11    0.15   11.09 v _23929_/Y (sky130_fd_sc_hd__nor2_1)
                                         _09719_ (net)
                  0.11    0.00   11.09 v _23951_/A1 (sky130_fd_sc_hd__o211a_1)
     2    0.01    0.06    0.26   11.35 v _23951_/X (sky130_fd_sc_hd__o211a_1)
                                         _09737_ (net)
                  0.06    0.00   11.35 v _23953_/C (sky130_fd_sc_hd__nor4b_1)
     1    0.00    0.28    0.26   11.61 ^ _23953_/Y (sky130_fd_sc_hd__nor4b_1)
                                         _09739_ (net)
                  0.28    0.00   11.61 ^ _23958_/B1 (sky130_fd_sc_hd__a211oi_1)
     1    0.01    0.09    0.12   11.73 v _23958_/Y (sky130_fd_sc_hd__a211oi_1)
                                         _09744_ (net)
                  0.09    0.00   11.73 v _23959_/B (sky130_fd_sc_hd__xnor2_1)
     1    0.00    0.06    0.13   11.87 v _23959_/Y (sky130_fd_sc_hd__xnor2_1)
                                         hash.CA1.p3[31] (net)
                  0.06    0.00   11.87 v hash.p3_cap[31]$_DFF_P_/D (sky130_fd_sc_hd__dfxtp_1)
                                 11.87   data arrival time

                  0.00   10.00   10.00   clock core_clock (rise edge)
                          0.00   10.00   clock network delay (ideal)
                          0.00   10.00   clock reconvergence pessimism
                                 10.00 ^ hash.p3_cap[31]$_DFF_P_/CLK (sky130_fd_sc_hd__dfxtp_1)
                         -0.13    9.87   library setup time
                                  9.87   data required time
-----------------------------------------------------------------------------
                                  9.87   data required time
                                -11.87   data arrival time
-----------------------------------------------------------------------------
                                 -2.00   slack (VIOLATED)



==========================================================================
resizer report_check_types -max_slew -max_cap -max_fanout -violators
--------------------------------------------------------------------------

==========================================================================
resizer max_slew_check_slack
--------------------------------------------------------------------------
0.34269100427627563

==========================================================================
resizer max_slew_check_limit
--------------------------------------------------------------------------
1.468616008758545

==========================================================================
resizer max_slew_check_slack_limit
--------------------------------------------------------------------------
0.2333

==========================================================================
resizer max_fanout_check_slack
--------------------------------------------------------------------------
1.0000000150474662e+30

==========================================================================
resizer max_fanout_check_limit
--------------------------------------------------------------------------
1.0000000150474662e+30

==========================================================================
resizer max_capacitance_check_slack
--------------------------------------------------------------------------
0.018046069890260696

==========================================================================
resizer max_capacitance_check_limit
--------------------------------------------------------------------------
0.021067000925540924

==========================================================================
resizer max_capacitance_check_slack_limit
--------------------------------------------------------------------------
0.8566

==========================================================================
resizer max_slew_violation_count
--------------------------------------------------------------------------
max slew violation count 0

==========================================================================
resizer max_fanout_violation_count
--------------------------------------------------------------------------
max fanout violation count 0

==========================================================================
resizer max_cap_violation_count
--------------------------------------------------------------------------
max cap violation count 0

==========================================================================
resizer setup_violation_count
--------------------------------------------------------------------------
setup violation count 49

==========================================================================
resizer hold_violation_count
--------------------------------------------------------------------------
hold violation count 0

==========================================================================
resizer report_checks -path_delay max reg to reg
--------------------------------------------------------------------------
Startpoint: hash.p2_cap[25]$_DFF_P_
            (rising edge-triggered flip-flop clocked by core_clock)
Endpoint: hash.p3_cap[31]$_DFF_P_
          (rising edge-triggered flip-flop clocked by core_clock)
Path Group: core_clock
Path Type: max

  Delay    Time   Description
---------------------------------------------------------
   0.00    0.00   clock core_clock (rise edge)
   0.00    0.00   clock network delay (ideal)
   0.00    0.00 ^ hash.p2_cap[25]$_DFF_P_/CLK (sky130_fd_sc_hd__dfxtp_4)
   0.39    0.39 v hash.p2_cap[25]$_DFF_P_/Q (sky130_fd_sc_hd__dfxtp_4)
   0.27    0.66 ^ _15161_/Y (sky130_fd_sc_hd__xnor2_1)
   0.18    0.84 ^ _15162_/Y (sky130_fd_sc_hd__xnor2_2)
   0.25    1.09 ^ _27949_/COUT (sky130_fd_sc_hd__ha_1)
   0.08    1.17 v _19178_/Y (sky130_fd_sc_hd__inv_1)
   0.45    1.62 v _27652_/COUT (sky130_fd_sc_hd__fa_1)
   0.15    1.77 ^ _15307_/Y (sky130_fd_sc_hd__nor2b_1)
   0.10    1.87 v _15308_/Y (sky130_fd_sc_hd__o21ai_1)
   0.26    2.13 ^ _15309_/Y (sky130_fd_sc_hd__a21boi_0)
   0.14    2.27 v _15365_/Y (sky130_fd_sc_hd__o21ai_1)
   0.29    2.56 ^ _15423_/Y (sky130_fd_sc_hd__a21oi_2)
   0.14    2.70 v _15499_/Y (sky130_fd_sc_hd__a21oi_4)
   0.24    2.93 ^ _15543_/Y (sky130_fd_sc_hd__o22ai_4)
   0.17    3.10 ^ _15570_/X (sky130_fd_sc_hd__a31o_1)
   0.16    3.26 ^ _15571_/X (sky130_fd_sc_hd__a21o_1)
   0.10    3.36 v _15593_/Y (sky130_fd_sc_hd__a21oi_1)
   0.24    3.60 ^ _15615_/Y (sky130_fd_sc_hd__o211ai_1)
   0.12    3.73 v _15616_/Y (sky130_fd_sc_hd__a21oi_2)
   0.21    3.93 ^ _20670_/Y (sky130_fd_sc_hd__xnor2_1)
   0.31    4.24 v _28035_/SUM (sky130_fd_sc_hd__ha_1)
   0.16    4.40 ^ _18449_/Y (sky130_fd_sc_hd__a21oi_1)
   0.12    4.52 v _18450_/Y (sky130_fd_sc_hd__o21ai_0)
   0.20    4.72 v _18451_/X (sky130_fd_sc_hd__a21o_1)
   0.21    4.93 ^ _18452_/Y (sky130_fd_sc_hd__a21oi_4)
   0.17    5.10 v _18510_/Y (sky130_fd_sc_hd__o211ai_1)
   0.20    5.30 v _18525_/X (sky130_fd_sc_hd__a21o_1)
   0.15    5.45 ^ _18526_/Y (sky130_fd_sc_hd__a21oi_1)
   0.31    5.77 v _18527_/X (sky130_fd_sc_hd__xor3_2)
   0.24    6.00 v _18528_/X (sky130_fd_sc_hd__and2_4)
   0.27    6.28 ^ _20774_/Y (sky130_fd_sc_hd__xnor2_4)
   0.32    6.60 v _28180_/SUM (sky130_fd_sc_hd__ha_1)
   0.17    6.77 ^ _18911_/Y (sky130_fd_sc_hd__nor2_1)
   0.10    6.87 v _18912_/Y (sky130_fd_sc_hd__nor2_1)
   0.12    6.99 ^ _18913_/Y (sky130_fd_sc_hd__o31ai_4)
   0.17    7.15 v _18956_/Y (sky130_fd_sc_hd__o21ai_4)
   0.34    7.49 ^ _18990_/Y (sky130_fd_sc_hd__a41oi_4)
   0.09    7.58 v _18991_/Y (sky130_fd_sc_hd__nor2b_1)
   0.18    7.76 ^ _18992_/Y (sky130_fd_sc_hd__o21ai_0)
   0.12    7.88 v _18993_/Y (sky130_fd_sc_hd__nand2b_1)
   0.21    8.09 v _19158_/X (sky130_fd_sc_hd__a21o_1)
   0.25    8.34 ^ _19159_/Y (sky130_fd_sc_hd__a21oi_2)
   0.19    8.53 ^ _20453_/Y (sky130_fd_sc_hd__xnor2_1)
   0.44    8.97 v _27765_/SUM (sky130_fd_sc_hd__fa_1)
   0.34    9.32 v _28214_/SUM (sky130_fd_sc_hd__ha_1)
   0.21    9.53 v _23889_/X (sky130_fd_sc_hd__o21a_1)
   0.19    9.72 ^ _23890_/Y (sky130_fd_sc_hd__o211ai_2)
   0.15    9.87 v _23895_/Y (sky130_fd_sc_hd__o21ai_0)
   0.31   10.18 v _23896_/X (sky130_fd_sc_hd__a32o_2)
   0.45   10.63 v _23912_/X (sky130_fd_sc_hd__or4_1)
   0.30   10.93 ^ _23927_/Y (sky130_fd_sc_hd__a311oi_1)
   0.15   11.09 v _23929_/Y (sky130_fd_sc_hd__nor2_1)
   0.26   11.35 v _23951_/X (sky130_fd_sc_hd__o211a_1)
   0.26   11.61 ^ _23953_/Y (sky130_fd_sc_hd__nor4b_1)
   0.12   11.73 v _23958_/Y (sky130_fd_sc_hd__a211oi_1)
   0.13   11.87 v _23959_/Y (sky130_fd_sc_hd__xnor2_1)
   0.00   11.87 v hash.p3_cap[31]$_DFF_P_/D (sky130_fd_sc_hd__dfxtp_1)
          11.87   data arrival time

  10.00   10.00   clock core_clock (rise edge)
   0.00   10.00   clock network delay (ideal)
   0.00   10.00   clock reconvergence pessimism
          10.00 ^ hash.p3_cap[31]$_DFF_P_/CLK (sky130_fd_sc_hd__dfxtp_1)
  -0.13    9.87   library setup time
           9.87   data required time
---------------------------------------------------------
           9.87   data required time
         -11.87   data arrival time
---------------------------------------------------------
          -2.00   slack (VIOLATED)



==========================================================================
resizer report_checks -path_delay min reg to reg
--------------------------------------------------------------------------
Startpoint: ready_dash$_SDFF_PP0_
            (rising edge-triggered flip-flop clocked by core_clock)
Endpoint: ready$_DFF_P_ (rising edge-triggered flip-flop clocked by core_clock)
Path Group: core_clock
Path Type: min

  Delay    Time   Description
---------------------------------------------------------
   0.00    0.00   clock core_clock (rise edge)
   0.00    0.00   clock network delay (ideal)
   0.00    0.00 ^ ready_dash$_SDFF_PP0_/CLK (sky130_fd_sc_hd__dfxtp_1)
   0.28    0.28 ^ ready_dash$_SDFF_PP0_/Q (sky130_fd_sc_hd__dfxtp_1)
   0.00    0.28 ^ ready$_DFF_P_/D (sky130_fd_sc_hd__dfxtp_4)
           0.28   data arrival time

   0.00    0.00   clock core_clock (rise edge)
   0.00    0.00   clock network delay (ideal)
   0.00    0.00   clock reconvergence pessimism
           0.00 ^ ready$_DFF_P_/CLK (sky130_fd_sc_hd__dfxtp_4)
  -0.03   -0.03   library hold time
          -0.03   data required time
---------------------------------------------------------
          -0.03   data required time
          -0.28   data arrival time
---------------------------------------------------------
           0.31   slack (MET)



==========================================================================
resizer critical path target clock latency max path
--------------------------------------------------------------------------
0.0000

==========================================================================
resizer critical path target clock latency min path
--------------------------------------------------------------------------
0.0000

==========================================================================
resizer critical path source clock latency min path
--------------------------------------------------------------------------
0.0000

==========================================================================
resizer critical path delay
--------------------------------------------------------------------------
11.8672

==========================================================================
resizer critical path slack
--------------------------------------------------------------------------
-1.9957

==========================================================================
resizer slack div critical path delay
--------------------------------------------------------------------------
-16.816941

==========================================================================
resizer report_power
--------------------------------------------------------------------------
Group                  Internal  Switching    Leakage      Total
                          Power      Power      Power      Power (Watts)
----------------------------------------------------------------
Sequential             2.42e-02   2.72e-03   2.77e-08   2.70e-02   5.2%
Combinational          1.98e-01   2.94e-01   6.98e-08   4.92e-01  94.8%
Clock                  0.00e+00   0.00e+00   0.00e+00   0.00e+00   0.0%
Macro                  0.00e+00   0.00e+00   0.00e+00   0.00e+00   0.0%
Pad                    0.00e+00   0.00e+00   0.00e+00   0.00e+00   0.0%
----------------------------------------------------------------
Total                  2.22e-01   2.97e-01   9.74e-08   5.19e-01 100.0%
                          42.8%      57.2%       0.0%
