
==========================================================================
cts final report_tns
--------------------------------------------------------------------------
tns -4.02

==========================================================================
cts final report_wns
--------------------------------------------------------------------------
wns -1.03

==========================================================================
cts final report_worst_slack
--------------------------------------------------------------------------
worst slack -1.03

==========================================================================
cts final report_clock_skew
--------------------------------------------------------------------------
Clock core_clock
   1.11 source latency w[33][4]$_SDFFCE_PN0P_/CLK ^
  -1.02 target latency w[34][20]$_SDFFCE_PN0P_/CLK ^
   0.00 CRPR
--------------
   0.09 setup skew


==========================================================================
cts final report_checks -path_delay min
--------------------------------------------------------------------------
Startpoint: ready_dash$_SDFF_PP0_
            (rising edge-triggered flip-flop clocked by core_clock)
Endpoint: ready$_DFF_P_ (rising edge-triggered flip-flop clocked by core_clock)
Path Group: core_clock
Path Type: min

Fanout     Cap    Slew   Delay    Time   Description
-----------------------------------------------------------------------------
                          0.00    0.00   clock core_clock (rise edge)
                          0.00    0.00   clock source latency
     1    0.15    0.00    0.00    0.00 ^ clk (in)
                                         clk (net)
                  0.01    0.01    0.01 ^ clkbuf_0_clk/A (sky130_fd_sc_hd__clkbuf_16)
     4    0.22    0.23    0.25    0.26 ^ clkbuf_0_clk/X (sky130_fd_sc_hd__clkbuf_16)
                                         clknet_0_clk (net)
                  0.23    0.00    0.26 ^ clkbuf_2_1_0_clk/A (sky130_fd_sc_hd__clkbuf_16)
     8    0.22    0.23    0.33    0.59 ^ clkbuf_2_1_0_clk/X (sky130_fd_sc_hd__clkbuf_16)
                                         clknet_2_1_0_clk (net)
                  0.23    0.00    0.59 ^ clkbuf_5_14__f_clk/A (sky130_fd_sc_hd__clkbuf_16)
     7    0.13    0.14    0.27    0.85 ^ clkbuf_5_14__f_clk/X (sky130_fd_sc_hd__clkbuf_16)
                                         clknet_5_14__leaf_clk (net)
                  0.14    0.00    0.85 ^ clkbuf_leaf_200_clk/A (sky130_fd_sc_hd__clkbuf_16)
    10    0.03    0.05    0.17    1.02 ^ clkbuf_leaf_200_clk/X (sky130_fd_sc_hd__clkbuf_16)
                                         clknet_leaf_200_clk (net)
                  0.05    0.00    1.02 ^ ready_dash$_SDFF_PP0_/CLK (sky130_fd_sc_hd__dfxtp_1)
     1    0.00    0.02    0.29    1.32 v ready_dash$_SDFF_PP0_/Q (sky130_fd_sc_hd__dfxtp_1)
                                         ready_dash (net)
                  0.02    0.00    1.32 v ready$_DFF_P_/D (sky130_fd_sc_hd__dfxtp_4)
                                  1.32   data arrival time

                          0.00    0.00   clock core_clock (rise edge)
                          0.00    0.00   clock source latency
     1    0.15    0.00    0.00    0.00 ^ clk (in)
                                         clk (net)
                  0.01    0.01    0.01 ^ clkbuf_0_clk/A (sky130_fd_sc_hd__clkbuf_16)
     4    0.22    0.23    0.25    0.26 ^ clkbuf_0_clk/X (sky130_fd_sc_hd__clkbuf_16)
                                         clknet_0_clk (net)
                  0.23    0.00    0.26 ^ clkbuf_2_1_0_clk/A (sky130_fd_sc_hd__clkbuf_16)
     8    0.22    0.23    0.33    0.59 ^ clkbuf_2_1_0_clk/X (sky130_fd_sc_hd__clkbuf_16)
                                         clknet_2_1_0_clk (net)
                  0.23    0.00    0.59 ^ clkbuf_5_15__f_clk/A (sky130_fd_sc_hd__clkbuf_16)
    10    0.14    0.16    0.28    0.87 ^ clkbuf_5_15__f_clk/X (sky130_fd_sc_hd__clkbuf_16)
                                         clknet_5_15__leaf_clk (net)
                  0.16    0.00    0.87 ^ clkbuf_leaf_201_clk/A (sky130_fd_sc_hd__clkbuf_16)
    10    0.04    0.06    0.18    1.05 ^ clkbuf_leaf_201_clk/X (sky130_fd_sc_hd__clkbuf_16)
                                         clknet_leaf_201_clk (net)
                  0.06    0.00    1.05 ^ ready$_DFF_P_/CLK (sky130_fd_sc_hd__dfxtp_4)
                          0.00    1.05   clock reconvergence pessimism
                         -0.03    1.01   library hold time
                                  1.01   data required time
-----------------------------------------------------------------------------
                                  1.01   data required time
                                 -1.32   data arrival time
-----------------------------------------------------------------------------
                                  0.30   slack (MET)



==========================================================================
cts final report_checks -path_delay max
--------------------------------------------------------------------------
Startpoint: hash.p2_cap[25]$_DFF_P_
            (rising edge-triggered flip-flop clocked by core_clock)
Endpoint: hash.p3_cap[31]$_DFF_P_
          (rising edge-triggered flip-flop clocked by core_clock)
Path Group: core_clock
Path Type: max

Fanout     Cap    Slew   Delay    Time   Description
-----------------------------------------------------------------------------
                          0.00    0.00   clock core_clock (rise edge)
                          0.00    0.00   clock source latency
     1    0.15    0.00    0.00    0.00 ^ clk (in)
                                         clk (net)
                  0.01    0.01    0.01 ^ clkbuf_0_clk/A (sky130_fd_sc_hd__clkbuf_16)
     4    0.22    0.23    0.25    0.26 ^ clkbuf_0_clk/X (sky130_fd_sc_hd__clkbuf_16)
                                         clknet_0_clk (net)
                  0.23    0.00    0.26 ^ clkbuf_2_3_0_clk/A (sky130_fd_sc_hd__clkbuf_16)
     8    0.20    0.22    0.32    0.58 ^ clkbuf_2_3_0_clk/X (sky130_fd_sc_hd__clkbuf_16)
                                         clknet_2_3_0_clk (net)
                  0.22    0.00    0.58 ^ clkbuf_5_29__f_clk/A (sky130_fd_sc_hd__clkbuf_16)
    10    0.15    0.16    0.28    0.86 ^ clkbuf_5_29__f_clk/X (sky130_fd_sc_hd__clkbuf_16)
                                         clknet_5_29__leaf_clk (net)
                  0.16    0.00    0.86 ^ clkbuf_leaf_150_clk/A (sky130_fd_sc_hd__clkbuf_16)
     7    0.03    0.05    0.18    1.04 ^ clkbuf_leaf_150_clk/X (sky130_fd_sc_hd__clkbuf_16)
                                         clknet_leaf_150_clk (net)
                  0.05    0.00    1.04 ^ hash.p2_cap[25]$_DFF_P_/CLK (sky130_fd_sc_hd__dfxtp_4)
     8    0.07    0.10    0.41    1.45 v hash.p2_cap[25]$_DFF_P_/Q (sky130_fd_sc_hd__dfxtp_4)
                                         hash.CA2.S1.X[25] (net)
                  0.11    0.01    1.46 v _15161_/A (sky130_fd_sc_hd__xnor2_4)
     1    0.01    0.07    0.17    1.63 v _15161_/Y (sky130_fd_sc_hd__xnor2_4)
                                         _04553_ (net)
                  0.07    0.00    1.63 v _15162_/A (sky130_fd_sc_hd__xnor2_2)
     1    0.02    0.25    0.26    1.89 ^ _15162_/Y (sky130_fd_sc_hd__xnor2_2)
                                         _13398_ (net)
                  0.25    0.00    1.89 ^ _27949_/A (sky130_fd_sc_hd__ha_2)
     3    0.01    0.07    0.24    2.13 ^ _27949_/COUT (sky130_fd_sc_hd__ha_2)
                                         _13399_ (net)
                  0.07    0.00    2.13 ^ _19178_/A (sky130_fd_sc_hd__inv_2)
     1    0.01    0.02    0.04    2.17 v _19178_/Y (sky130_fd_sc_hd__inv_2)
                                         _12254_ (net)
                  0.02    0.00    2.17 v _27652_/CIN (sky130_fd_sc_hd__fa_2)
     2    0.01    0.08    0.34    2.51 v _27652_/COUT (sky130_fd_sc_hd__fa_2)
                                         _12257_ (net)
                  0.08    0.00    2.51 v _15307_/A (sky130_fd_sc_hd__nor2b_1)
     1    0.00    0.10    0.12    2.63 ^ _15307_/Y (sky130_fd_sc_hd__nor2b_1)
                                         _04679_ (net)
                  0.10    0.00    2.63 ^ _15308_/A2 (sky130_fd_sc_hd__o21ai_1)
     2    0.01    0.07    0.09    2.72 v _15308_/Y (sky130_fd_sc_hd__o21ai_1)
                                         _04680_ (net)
                  0.07    0.00    2.72 v _15309_/A1 (sky130_fd_sc_hd__a21boi_1)
     2    0.01    0.20    0.19    2.91 ^ _15309_/Y (sky130_fd_sc_hd__a21boi_1)
                                         _04681_ (net)
                  0.20    0.00    2.91 ^ _15365_/A1 (sky130_fd_sc_hd__o21ai_2)
     2    0.01    0.08    0.12    3.04 v _15365_/Y (sky130_fd_sc_hd__o21ai_2)
                                         _04729_ (net)
                  0.08    0.00    3.04 v _15423_/A2 (sky130_fd_sc_hd__a21oi_4)
     3    0.02    0.19    0.22    3.26 ^ _15423_/Y (sky130_fd_sc_hd__a21oi_4)
                                         _04779_ (net)
                  0.19    0.00    3.26 ^ _15499_/A2 (sky130_fd_sc_hd__a21oi_4)
     3    0.02    0.07    0.11    3.37 v _15499_/Y (sky130_fd_sc_hd__a21oi_4)
                                         _04839_ (net)
                  0.07    0.00    3.37 v _15543_/A2 (sky130_fd_sc_hd__o22ai_4)
     3    0.02    0.19    0.20    3.57 ^ _15543_/Y (sky130_fd_sc_hd__o22ai_4)
                                         _04867_ (net)
                  0.19    0.00    3.57 ^ _15570_/A1 (sky130_fd_sc_hd__a31o_1)
     1    0.00    0.05    0.16    3.73 ^ _15570_/X (sky130_fd_sc_hd__a31o_1)
                                         _04886_ (net)
                  0.05    0.00    3.73 ^ _15571_/A1 (sky130_fd_sc_hd__a21o_1)
     2    0.01    0.13    0.17    3.90 ^ _15571_/X (sky130_fd_sc_hd__a21o_1)
                                         _04887_ (net)
                  0.13    0.00    3.90 ^ _15593_/A2 (sky130_fd_sc_hd__a21oi_2)
     2    0.01    0.06    0.09    3.98 v _15593_/Y (sky130_fd_sc_hd__a21oi_2)
                                         _04901_ (net)
                  0.06    0.00    3.98 v _15615_/A2 (sky130_fd_sc_hd__o211ai_2)
     1    0.01    0.15    0.16    4.14 ^ _15615_/Y (sky130_fd_sc_hd__o211ai_2)
                                         _04915_ (net)
                  0.15    0.00    4.14 ^ _15616_/A1 (sky130_fd_sc_hd__a21oi_2)
     2    0.01    0.08    0.10    4.24 v _15616_/Y (sky130_fd_sc_hd__a21oi_2)
                                         _04916_ (net)
                  0.08    0.00    4.24 v _20670_/A (sky130_fd_sc_hd__xnor2_1)
     2    0.01    0.21    0.23    4.47 ^ _20670_/Y (sky130_fd_sc_hd__xnor2_1)
                                         _13554_ (net)
                  0.21    0.00    4.47 ^ _28035_/A (sky130_fd_sc_hd__ha_1)
     2    0.01    0.06    0.28    4.75 v _28035_/SUM (sky130_fd_sc_hd__ha_1)
                                         _13661_ (net)
                  0.06    0.00    4.75 v _18449_/A1 (sky130_fd_sc_hd__a21oi_1)
     1    0.00    0.11    0.12    4.87 ^ _18449_/Y (sky130_fd_sc_hd__a21oi_1)
                                         _06859_ (net)
                  0.11    0.00    4.87 ^ _18450_/B1 (sky130_fd_sc_hd__o21ai_1)
     1    0.00    0.06    0.08    4.95 v _18450_/Y (sky130_fd_sc_hd__o21ai_1)
                                         _06860_ (net)
                  0.06    0.00    4.95 v _18451_/B1 (sky130_fd_sc_hd__a21o_1)
     1    0.01    0.06    0.19    5.14 v _18451_/X (sky130_fd_sc_hd__a21o_1)
                                         _06861_ (net)
                  0.06    0.00    5.14 v _18452_/B1 (sky130_fd_sc_hd__a21oi_4)
     4    0.03    0.26    0.24    5.38 ^ _18452_/Y (sky130_fd_sc_hd__a21oi_4)
                                         _06862_ (net)
                  0.26    0.00    5.38 ^ _18510_/A2 (sky130_fd_sc_hd__o211ai_2)
     2    0.01    0.11    0.13    5.51 v _18510_/Y (sky130_fd_sc_hd__o211ai_2)
                                         _06908_ (net)
                  0.11    0.00    5.51 v _18525_/A2 (sky130_fd_sc_hd__a21o_1)
     1    0.01    0.05    0.22    5.73 v _18525_/X (sky130_fd_sc_hd__a21o_1)
                                         _06919_ (net)
                  0.05    0.00    5.73 v _18526_/A2 (sky130_fd_sc_hd__a21oi_2)
     1    0.00    0.09    0.14    5.87 ^ _18526_/Y (sky130_fd_sc_hd__a21oi_2)
                                         _06920_ (net)
                  0.09    0.00    5.87 ^ _18527_/A (sky130_fd_sc_hd__xor3_2)
     2    0.02    0.11    0.49    6.35 v _18527_/X (sky130_fd_sc_hd__xor3_2)
                                         _06921_ (net)
                  0.11    0.00    6.35 v _18528_/B (sky130_fd_sc_hd__and2_4)
     5    0.05    0.08    0.24    6.59 v _18528_/X (sky130_fd_sc_hd__and2_4)
                                         _06922_ (net)
                  0.08    0.00    6.60 v _20774_/B (sky130_fd_sc_hd__xnor2_4)
     1    0.03    0.29    0.28    6.87 ^ _20774_/Y (sky130_fd_sc_hd__xnor2_4)
                                         _14077_ (net)
                  0.29    0.00    6.88 ^ _28180_/A (sky130_fd_sc_hd__ha_4)
     4    0.03    0.10    0.24    7.11 ^ _28180_/COUT (sky130_fd_sc_hd__ha_4)
                                         _14078_ (net)
                  0.10    0.00    7.11 ^ _18911_/A (sky130_fd_sc_hd__nor2_4)
     2    0.01    0.04    0.06    7.17 v _18911_/Y (sky130_fd_sc_hd__nor2_4)
                                         _07149_ (net)
                  0.04    0.00    7.17 v _18912_/A (sky130_fd_sc_hd__nor2_4)
     1    0.01    0.09    0.11    7.28 ^ _18912_/Y (sky130_fd_sc_hd__nor2_4)
                                         _07150_ (net)
                  0.09    0.00    7.28 ^ _18913_/B1 (sky130_fd_sc_hd__o31ai_4)
     3    0.02    0.10    0.11    7.40 v _18913_/Y (sky130_fd_sc_hd__o31ai_4)
                                         _07151_ (net)
                  0.10    0.00    7.40 v _18956_/A2 (sky130_fd_sc_hd__o21ai_4)
     5    0.04    0.28    0.27    7.67 ^ _18956_/Y (sky130_fd_sc_hd__o21ai_4)
                                         _07183_ (net)
                  0.28    0.00    7.67 ^ _18990_/A1 (sky130_fd_sc_hd__a41oi_4)
     4    0.02    0.15    0.19    7.86 v _18990_/Y (sky130_fd_sc_hd__a41oi_4)
                                         _07211_ (net)
                  0.15    0.00    7.86 v rebuffer28/A (sky130_fd_sc_hd__buf_2)
     1    0.00    0.02    0.16    8.02 v rebuffer28/X (sky130_fd_sc_hd__buf_2)
                                         net1034 (net)
                  0.02    0.00    8.02 v rebuffer13/A (sky130_fd_sc_hd__buf_2)
     1    0.00    0.02    0.10    8.12 v rebuffer13/X (sky130_fd_sc_hd__buf_2)
                                         net1019 (net)
                  0.02    0.00    8.12 v rebuffer10/A (sky130_fd_sc_hd__buf_2)
     1    0.00    0.03    0.11    8.23 v rebuffer10/X (sky130_fd_sc_hd__buf_2)
                                         net1016 (net)
                  0.03    0.00    8.23 v rebuffer8/A (sky130_fd_sc_hd__buf_6)
     1    0.01    0.03    0.11    8.34 v rebuffer8/X (sky130_fd_sc_hd__buf_6)
                                         net1014 (net)
                  0.03    0.00    8.34 v _19035_/A3 (sky130_fd_sc_hd__o31ai_4)
     1    0.01    0.24    0.22    8.56 ^ _19035_/Y (sky130_fd_sc_hd__o31ai_4)
                                         _07250_ (net)
                  0.24    0.00    8.56 ^ _19036_/A1 (sky130_fd_sc_hd__a21oi_2)
     2    0.01    0.09    0.12    8.68 v _19036_/Y (sky130_fd_sc_hd__a21oi_2)
                                         _07251_ (net)
                  0.09    0.00    8.68 v _19037_/A (sky130_fd_sc_hd__xnor2_2)
     2    0.01    0.19    0.22    8.90 ^ _19037_/Y (sky130_fd_sc_hd__xnor2_2)
                                         _12978_ (net)
                  0.19    0.00    8.90 ^ _19038_/A (sky130_fd_sc_hd__inv_1)
     1    0.01    0.07    0.10    9.00 v _19038_/Y (sky130_fd_sc_hd__inv_1)
                                         _12774_ (net)
                  0.07    0.00    9.00 v _27769_/A (sky130_fd_sc_hd__fa_1)
     1    0.01    0.09    0.57    9.56 ^ _27769_/SUM (sky130_fd_sc_hd__fa_1)
                                         _12778_ (net)
                  0.09    0.00    9.56 ^ _20811_/A (sky130_fd_sc_hd__inv_2)
     1    0.01    0.04    0.05    9.61 v _20811_/Y (sky130_fd_sc_hd__inv_2)
                                         _14210_ (net)
                  0.04    0.00    9.61 v _28226_/A (sky130_fd_sc_hd__ha_4)
     5    0.04    0.08    0.28    9.89 v _28226_/SUM (sky130_fd_sc_hd__ha_4)
                                         _14212_ (net)
                  0.08    0.00    9.89 v _23891_/B (sky130_fd_sc_hd__nand3_2)
     1    0.00    0.05    0.08    9.97 ^ _23891_/Y (sky130_fd_sc_hd__nand3_2)
                                         _09687_ (net)
                  0.05    0.00    9.97 ^ _23892_/C (sky130_fd_sc_hd__nor3_1)
     1    0.00    0.06    0.04   10.01 v _23892_/Y (sky130_fd_sc_hd__nor3_1)
                                         _09688_ (net)
                  0.06    0.00   10.01 v _23896_/A3 (sky130_fd_sc_hd__a32o_2)
     3    0.03    0.10    0.34   10.35 v _23896_/X (sky130_fd_sc_hd__a32o_2)
                                         _09692_ (net)
                  0.10    0.00   10.35 v _23912_/D (sky130_fd_sc_hd__or4_4)
     2    0.01    0.09    0.45   10.80 v _23912_/X (sky130_fd_sc_hd__or4_4)
                                         _09704_ (net)
                  0.09    0.00   10.80 v _23927_/A3 (sky130_fd_sc_hd__a311oi_2)
     1    0.01    0.24    0.31   11.11 ^ _23927_/Y (sky130_fd_sc_hd__a311oi_2)
                                         _09717_ (net)
                  0.24    0.00   11.11 ^ _23929_/B (sky130_fd_sc_hd__nor2_2)
     3    0.02    0.08    0.10   11.21 v _23929_/Y (sky130_fd_sc_hd__nor2_2)
                                         _09719_ (net)
                  0.08    0.00   11.21 v _23951_/A2 (sky130_fd_sc_hd__o211a_1)
     2    0.01    0.08    0.26   11.47 v _23951_/X (sky130_fd_sc_hd__o211a_1)
                                         _09737_ (net)
                  0.08    0.00   11.47 v _23953_/B (sky130_fd_sc_hd__nor4b_2)
     1    0.01    0.26    0.30   11.77 ^ _23953_/Y (sky130_fd_sc_hd__nor4b_2)
                                         _09739_ (net)
                  0.26    0.00   11.77 ^ _23958_/C1 (sky130_fd_sc_hd__a211oi_2)
     1    0.01    0.07    0.07   11.85 v _23958_/Y (sky130_fd_sc_hd__a211oi_2)
                                         _09744_ (net)
                  0.07    0.00   11.85 v _23959_/B (sky130_fd_sc_hd__xnor2_1)
     1    0.00    0.06    0.13   11.97 v _23959_/Y (sky130_fd_sc_hd__xnor2_1)
                                         hash.CA1.p3[31] (net)
                  0.06    0.00   11.97 v hash.p3_cap[31]$_DFF_P_/D (sky130_fd_sc_hd__dfxtp_1)
                                 11.97   data arrival time

                         10.00   10.00   clock core_clock (rise edge)
                          0.00   10.00   clock source latency
     1    0.15    0.00    0.00   10.00 ^ clk (in)
                                         clk (net)
                  0.01    0.01   10.01 ^ clkbuf_0_clk/A (sky130_fd_sc_hd__clkbuf_16)
     4    0.22    0.23    0.25   10.26 ^ clkbuf_0_clk/X (sky130_fd_sc_hd__clkbuf_16)
                                         clknet_0_clk (net)
                  0.23    0.00   10.26 ^ clkbuf_2_3_0_clk/A (sky130_fd_sc_hd__clkbuf_16)
     8    0.20    0.22    0.32   10.58 ^ clkbuf_2_3_0_clk/X (sky130_fd_sc_hd__clkbuf_16)
                                         clknet_2_3_0_clk (net)
                  0.22    0.00   10.58 ^ clkbuf_5_31__f_clk/A (sky130_fd_sc_hd__clkbuf_16)
    12    0.17    0.18    0.29   10.87 ^ clkbuf_5_31__f_clk/X (sky130_fd_sc_hd__clkbuf_16)
                                         clknet_5_31__leaf_clk (net)
                  0.18    0.00   10.88 ^ clkbuf_leaf_157_clk/A (sky130_fd_sc_hd__clkbuf_16)
    12    0.04    0.06    0.19   11.06 ^ clkbuf_leaf_157_clk/X (sky130_fd_sc_hd__clkbuf_16)
                                         clknet_leaf_157_clk (net)
                  0.06    0.00   11.06 ^ hash.p3_cap[31]$_DFF_P_/CLK (sky130_fd_sc_hd__dfxtp_1)
                          0.00   11.06   clock reconvergence pessimism
                         -0.11   10.95   library setup time
                                 10.95   data required time
-----------------------------------------------------------------------------
                                 10.95   data required time
                                -11.97   data arrival time
-----------------------------------------------------------------------------
                                 -1.03   slack (VIOLATED)



==========================================================================
cts final report_checks -unconstrained
--------------------------------------------------------------------------
Startpoint: hash.p2_cap[25]$_DFF_P_
            (rising edge-triggered flip-flop clocked by core_clock)
Endpoint: hash.p3_cap[31]$_DFF_P_
          (rising edge-triggered flip-flop clocked by core_clock)
Path Group: core_clock
Path Type: max

Fanout     Cap    Slew   Delay    Time   Description
-----------------------------------------------------------------------------
                          0.00    0.00   clock core_clock (rise edge)
                          0.00    0.00   clock source latency
     1    0.15    0.00    0.00    0.00 ^ clk (in)
                                         clk (net)
                  0.01    0.01    0.01 ^ clkbuf_0_clk/A (sky130_fd_sc_hd__clkbuf_16)
     4    0.22    0.23    0.25    0.26 ^ clkbuf_0_clk/X (sky130_fd_sc_hd__clkbuf_16)
                                         clknet_0_clk (net)
                  0.23    0.00    0.26 ^ clkbuf_2_3_0_clk/A (sky130_fd_sc_hd__clkbuf_16)
     8    0.20    0.22    0.32    0.58 ^ clkbuf_2_3_0_clk/X (sky130_fd_sc_hd__clkbuf_16)
                                         clknet_2_3_0_clk (net)
                  0.22    0.00    0.58 ^ clkbuf_5_29__f_clk/A (sky130_fd_sc_hd__clkbuf_16)
    10    0.15    0.16    0.28    0.86 ^ clkbuf_5_29__f_clk/X (sky130_fd_sc_hd__clkbuf_16)
                                         clknet_5_29__leaf_clk (net)
                  0.16    0.00    0.86 ^ clkbuf_leaf_150_clk/A (sky130_fd_sc_hd__clkbuf_16)
     7    0.03    0.05    0.18    1.04 ^ clkbuf_leaf_150_clk/X (sky130_fd_sc_hd__clkbuf_16)
                                         clknet_leaf_150_clk (net)
                  0.05    0.00    1.04 ^ hash.p2_cap[25]$_DFF_P_/CLK (sky130_fd_sc_hd__dfxtp_4)
     8    0.07    0.10    0.41    1.45 v hash.p2_cap[25]$_DFF_P_/Q (sky130_fd_sc_hd__dfxtp_4)
                                         hash.CA2.S1.X[25] (net)
                  0.11    0.01    1.46 v _15161_/A (sky130_fd_sc_hd__xnor2_4)
     1    0.01    0.07    0.17    1.63 v _15161_/Y (sky130_fd_sc_hd__xnor2_4)
                                         _04553_ (net)
                  0.07    0.00    1.63 v _15162_/A (sky130_fd_sc_hd__xnor2_2)
     1    0.02    0.25    0.26    1.89 ^ _15162_/Y (sky130_fd_sc_hd__xnor2_2)
                                         _13398_ (net)
                  0.25    0.00    1.89 ^ _27949_/A (sky130_fd_sc_hd__ha_2)
     3    0.01    0.07    0.24    2.13 ^ _27949_/COUT (sky130_fd_sc_hd__ha_2)
                                         _13399_ (net)
                  0.07    0.00    2.13 ^ _19178_/A (sky130_fd_sc_hd__inv_2)
     1    0.01    0.02    0.04    2.17 v _19178_/Y (sky130_fd_sc_hd__inv_2)
                                         _12254_ (net)
                  0.02    0.00    2.17 v _27652_/CIN (sky130_fd_sc_hd__fa_2)
     2    0.01    0.08    0.34    2.51 v _27652_/COUT (sky130_fd_sc_hd__fa_2)
                                         _12257_ (net)
                  0.08    0.00    2.51 v _15307_/A (sky130_fd_sc_hd__nor2b_1)
     1    0.00    0.10    0.12    2.63 ^ _15307_/Y (sky130_fd_sc_hd__nor2b_1)
                                         _04679_ (net)
                  0.10    0.00    2.63 ^ _15308_/A2 (sky130_fd_sc_hd__o21ai_1)
     2    0.01    0.07    0.09    2.72 v _15308_/Y (sky130_fd_sc_hd__o21ai_1)
                                         _04680_ (net)
                  0.07    0.00    2.72 v _15309_/A1 (sky130_fd_sc_hd__a21boi_1)
     2    0.01    0.20    0.19    2.91 ^ _15309_/Y (sky130_fd_sc_hd__a21boi_1)
                                         _04681_ (net)
                  0.20    0.00    2.91 ^ _15365_/A1 (sky130_fd_sc_hd__o21ai_2)
     2    0.01    0.08    0.12    3.04 v _15365_/Y (sky130_fd_sc_hd__o21ai_2)
                                         _04729_ (net)
                  0.08    0.00    3.04 v _15423_/A2 (sky130_fd_sc_hd__a21oi_4)
     3    0.02    0.19    0.22    3.26 ^ _15423_/Y (sky130_fd_sc_hd__a21oi_4)
                                         _04779_ (net)
                  0.19    0.00    3.26 ^ _15499_/A2 (sky130_fd_sc_hd__a21oi_4)
     3    0.02    0.07    0.11    3.37 v _15499_/Y (sky130_fd_sc_hd__a21oi_4)
                                         _04839_ (net)
                  0.07    0.00    3.37 v _15543_/A2 (sky130_fd_sc_hd__o22ai_4)
     3    0.02    0.19    0.20    3.57 ^ _15543_/Y (sky130_fd_sc_hd__o22ai_4)
                                         _04867_ (net)
                  0.19    0.00    3.57 ^ _15570_/A1 (sky130_fd_sc_hd__a31o_1)
     1    0.00    0.05    0.16    3.73 ^ _15570_/X (sky130_fd_sc_hd__a31o_1)
                                         _04886_ (net)
                  0.05    0.00    3.73 ^ _15571_/A1 (sky130_fd_sc_hd__a21o_1)
     2    0.01    0.13    0.17    3.90 ^ _15571_/X (sky130_fd_sc_hd__a21o_1)
                                         _04887_ (net)
                  0.13    0.00    3.90 ^ _15593_/A2 (sky130_fd_sc_hd__a21oi_2)
     2    0.01    0.06    0.09    3.98 v _15593_/Y (sky130_fd_sc_hd__a21oi_2)
                                         _04901_ (net)
                  0.06    0.00    3.98 v _15615_/A2 (sky130_fd_sc_hd__o211ai_2)
     1    0.01    0.15    0.16    4.14 ^ _15615_/Y (sky130_fd_sc_hd__o211ai_2)
                                         _04915_ (net)
                  0.15    0.00    4.14 ^ _15616_/A1 (sky130_fd_sc_hd__a21oi_2)
     2    0.01    0.08    0.10    4.24 v _15616_/Y (sky130_fd_sc_hd__a21oi_2)
                                         _04916_ (net)
                  0.08    0.00    4.24 v _20670_/A (sky130_fd_sc_hd__xnor2_1)
     2    0.01    0.21    0.23    4.47 ^ _20670_/Y (sky130_fd_sc_hd__xnor2_1)
                                         _13554_ (net)
                  0.21    0.00    4.47 ^ _28035_/A (sky130_fd_sc_hd__ha_1)
     2    0.01    0.06    0.28    4.75 v _28035_/SUM (sky130_fd_sc_hd__ha_1)
                                         _13661_ (net)
                  0.06    0.00    4.75 v _18449_/A1 (sky130_fd_sc_hd__a21oi_1)
     1    0.00    0.11    0.12    4.87 ^ _18449_/Y (sky130_fd_sc_hd__a21oi_1)
                                         _06859_ (net)
                  0.11    0.00    4.87 ^ _18450_/B1 (sky130_fd_sc_hd__o21ai_1)
     1    0.00    0.06    0.08    4.95 v _18450_/Y (sky130_fd_sc_hd__o21ai_1)
                                         _06860_ (net)
                  0.06    0.00    4.95 v _18451_/B1 (sky130_fd_sc_hd__a21o_1)
     1    0.01    0.06    0.19    5.14 v _18451_/X (sky130_fd_sc_hd__a21o_1)
                                         _06861_ (net)
                  0.06    0.00    5.14 v _18452_/B1 (sky130_fd_sc_hd__a21oi_4)
     4    0.03    0.26    0.24    5.38 ^ _18452_/Y (sky130_fd_sc_hd__a21oi_4)
                                         _06862_ (net)
                  0.26    0.00    5.38 ^ _18510_/A2 (sky130_fd_sc_hd__o211ai_2)
     2    0.01    0.11    0.13    5.51 v _18510_/Y (sky130_fd_sc_hd__o211ai_2)
                                         _06908_ (net)
                  0.11    0.00    5.51 v _18525_/A2 (sky130_fd_sc_hd__a21o_1)
     1    0.01    0.05    0.22    5.73 v _18525_/X (sky130_fd_sc_hd__a21o_1)
                                         _06919_ (net)
                  0.05    0.00    5.73 v _18526_/A2 (sky130_fd_sc_hd__a21oi_2)
     1    0.00    0.09    0.14    5.87 ^ _18526_/Y (sky130_fd_sc_hd__a21oi_2)
                                         _06920_ (net)
                  0.09    0.00    5.87 ^ _18527_/A (sky130_fd_sc_hd__xor3_2)
     2    0.02    0.11    0.49    6.35 v _18527_/X (sky130_fd_sc_hd__xor3_2)
                                         _06921_ (net)
                  0.11    0.00    6.35 v _18528_/B (sky130_fd_sc_hd__and2_4)
     5    0.05    0.08    0.24    6.59 v _18528_/X (sky130_fd_sc_hd__and2_4)
                                         _06922_ (net)
                  0.08    0.00    6.60 v _20774_/B (sky130_fd_sc_hd__xnor2_4)
     1    0.03    0.29    0.28    6.87 ^ _20774_/Y (sky130_fd_sc_hd__xnor2_4)
                                         _14077_ (net)
                  0.29    0.00    6.88 ^ _28180_/A (sky130_fd_sc_hd__ha_4)
     4    0.03    0.10    0.24    7.11 ^ _28180_/COUT (sky130_fd_sc_hd__ha_4)
                                         _14078_ (net)
                  0.10    0.00    7.11 ^ _18911_/A (sky130_fd_sc_hd__nor2_4)
     2    0.01    0.04    0.06    7.17 v _18911_/Y (sky130_fd_sc_hd__nor2_4)
                                         _07149_ (net)
                  0.04    0.00    7.17 v _18912_/A (sky130_fd_sc_hd__nor2_4)
     1    0.01    0.09    0.11    7.28 ^ _18912_/Y (sky130_fd_sc_hd__nor2_4)
                                         _07150_ (net)
                  0.09    0.00    7.28 ^ _18913_/B1 (sky130_fd_sc_hd__o31ai_4)
     3    0.02    0.10    0.11    7.40 v _18913_/Y (sky130_fd_sc_hd__o31ai_4)
                                         _07151_ (net)
                  0.10    0.00    7.40 v _18956_/A2 (sky130_fd_sc_hd__o21ai_4)
     5    0.04    0.28    0.27    7.67 ^ _18956_/Y (sky130_fd_sc_hd__o21ai_4)
                                         _07183_ (net)
                  0.28    0.00    7.67 ^ _18990_/A1 (sky130_fd_sc_hd__a41oi_4)
     4    0.02    0.15    0.19    7.86 v _18990_/Y (sky130_fd_sc_hd__a41oi_4)
                                         _07211_ (net)
                  0.15    0.00    7.86 v rebuffer28/A (sky130_fd_sc_hd__buf_2)
     1    0.00    0.02    0.16    8.02 v rebuffer28/X (sky130_fd_sc_hd__buf_2)
                                         net1034 (net)
                  0.02    0.00    8.02 v rebuffer13/A (sky130_fd_sc_hd__buf_2)
     1    0.00    0.02    0.10    8.12 v rebuffer13/X (sky130_fd_sc_hd__buf_2)
                                         net1019 (net)
                  0.02    0.00    8.12 v rebuffer10/A (sky130_fd_sc_hd__buf_2)
     1    0.00    0.03    0.11    8.23 v rebuffer10/X (sky130_fd_sc_hd__buf_2)
                                         net1016 (net)
                  0.03    0.00    8.23 v rebuffer8/A (sky130_fd_sc_hd__buf_6)
     1    0.01    0.03    0.11    8.34 v rebuffer8/X (sky130_fd_sc_hd__buf_6)
                                         net1014 (net)
                  0.03    0.00    8.34 v _19035_/A3 (sky130_fd_sc_hd__o31ai_4)
     1    0.01    0.24    0.22    8.56 ^ _19035_/Y (sky130_fd_sc_hd__o31ai_4)
                                         _07250_ (net)
                  0.24    0.00    8.56 ^ _19036_/A1 (sky130_fd_sc_hd__a21oi_2)
     2    0.01    0.09    0.12    8.68 v _19036_/Y (sky130_fd_sc_hd__a21oi_2)
                                         _07251_ (net)
                  0.09    0.00    8.68 v _19037_/A (sky130_fd_sc_hd__xnor2_2)
     2    0.01    0.19    0.22    8.90 ^ _19037_/Y (sky130_fd_sc_hd__xnor2_2)
                                         _12978_ (net)
                  0.19    0.00    8.90 ^ _19038_/A (sky130_fd_sc_hd__inv_1)
     1    0.01    0.07    0.10    9.00 v _19038_/Y (sky130_fd_sc_hd__inv_1)
                                         _12774_ (net)
                  0.07    0.00    9.00 v _27769_/A (sky130_fd_sc_hd__fa_1)
     1    0.01    0.09    0.57    9.56 ^ _27769_/SUM (sky130_fd_sc_hd__fa_1)
                                         _12778_ (net)
                  0.09    0.00    9.56 ^ _20811_/A (sky130_fd_sc_hd__inv_2)
     1    0.01    0.04    0.05    9.61 v _20811_/Y (sky130_fd_sc_hd__inv_2)
                                         _14210_ (net)
                  0.04    0.00    9.61 v _28226_/A (sky130_fd_sc_hd__ha_4)
     5    0.04    0.08    0.28    9.89 v _28226_/SUM (sky130_fd_sc_hd__ha_4)
                                         _14212_ (net)
                  0.08    0.00    9.89 v _23891_/B (sky130_fd_sc_hd__nand3_2)
     1    0.00    0.05    0.08    9.97 ^ _23891_/Y (sky130_fd_sc_hd__nand3_2)
                                         _09687_ (net)
                  0.05    0.00    9.97 ^ _23892_/C (sky130_fd_sc_hd__nor3_1)
     1    0.00    0.06    0.04   10.01 v _23892_/Y (sky130_fd_sc_hd__nor3_1)
                                         _09688_ (net)
                  0.06    0.00   10.01 v _23896_/A3 (sky130_fd_sc_hd__a32o_2)
     3    0.03    0.10    0.34   10.35 v _23896_/X (sky130_fd_sc_hd__a32o_2)
                                         _09692_ (net)
                  0.10    0.00   10.35 v _23912_/D (sky130_fd_sc_hd__or4_4)
     2    0.01    0.09    0.45   10.80 v _23912_/X (sky130_fd_sc_hd__or4_4)
                                         _09704_ (net)
                  0.09    0.00   10.80 v _23927_/A3 (sky130_fd_sc_hd__a311oi_2)
     1    0.01    0.24    0.31   11.11 ^ _23927_/Y (sky130_fd_sc_hd__a311oi_2)
                                         _09717_ (net)
                  0.24    0.00   11.11 ^ _23929_/B (sky130_fd_sc_hd__nor2_2)
     3    0.02    0.08    0.10   11.21 v _23929_/Y (sky130_fd_sc_hd__nor2_2)
                                         _09719_ (net)
                  0.08    0.00   11.21 v _23951_/A2 (sky130_fd_sc_hd__o211a_1)
     2    0.01    0.08    0.26   11.47 v _23951_/X (sky130_fd_sc_hd__o211a_1)
                                         _09737_ (net)
                  0.08    0.00   11.47 v _23953_/B (sky130_fd_sc_hd__nor4b_2)
     1    0.01    0.26    0.30   11.77 ^ _23953_/Y (sky130_fd_sc_hd__nor4b_2)
                                         _09739_ (net)
                  0.26    0.00   11.77 ^ _23958_/C1 (sky130_fd_sc_hd__a211oi_2)
     1    0.01    0.07    0.07   11.85 v _23958_/Y (sky130_fd_sc_hd__a211oi_2)
                                         _09744_ (net)
                  0.07    0.00   11.85 v _23959_/B (sky130_fd_sc_hd__xnor2_1)
     1    0.00    0.06    0.13   11.97 v _23959_/Y (sky130_fd_sc_hd__xnor2_1)
                                         hash.CA1.p3[31] (net)
                  0.06    0.00   11.97 v hash.p3_cap[31]$_DFF_P_/D (sky130_fd_sc_hd__dfxtp_1)
                                 11.97   data arrival time

                         10.00   10.00   clock core_clock (rise edge)
                          0.00   10.00   clock source latency
     1    0.15    0.00    0.00   10.00 ^ clk (in)
                                         clk (net)
                  0.01    0.01   10.01 ^ clkbuf_0_clk/A (sky130_fd_sc_hd__clkbuf_16)
     4    0.22    0.23    0.25   10.26 ^ clkbuf_0_clk/X (sky130_fd_sc_hd__clkbuf_16)
                                         clknet_0_clk (net)
                  0.23    0.00   10.26 ^ clkbuf_2_3_0_clk/A (sky130_fd_sc_hd__clkbuf_16)
     8    0.20    0.22    0.32   10.58 ^ clkbuf_2_3_0_clk/X (sky130_fd_sc_hd__clkbuf_16)
                                         clknet_2_3_0_clk (net)
                  0.22    0.00   10.58 ^ clkbuf_5_31__f_clk/A (sky130_fd_sc_hd__clkbuf_16)
    12    0.17    0.18    0.29   10.87 ^ clkbuf_5_31__f_clk/X (sky130_fd_sc_hd__clkbuf_16)
                                         clknet_5_31__leaf_clk (net)
                  0.18    0.00   10.88 ^ clkbuf_leaf_157_clk/A (sky130_fd_sc_hd__clkbuf_16)
    12    0.04    0.06    0.19   11.06 ^ clkbuf_leaf_157_clk/X (sky130_fd_sc_hd__clkbuf_16)
                                         clknet_leaf_157_clk (net)
                  0.06    0.00   11.06 ^ hash.p3_cap[31]$_DFF_P_/CLK (sky130_fd_sc_hd__dfxtp_1)
                          0.00   11.06   clock reconvergence pessimism
                         -0.11   10.95   library setup time
                                 10.95   data required time
-----------------------------------------------------------------------------
                                 10.95   data required time
                                -11.97   data arrival time
-----------------------------------------------------------------------------
                                 -1.03   slack (VIOLATED)



==========================================================================
cts final report_check_types -max_slew -max_cap -max_fanout -violators
--------------------------------------------------------------------------

==========================================================================
cts final max_slew_check_slack
--------------------------------------------------------------------------
0.3280138373374939

==========================================================================
cts final max_slew_check_limit
--------------------------------------------------------------------------
1.468616008758545

==========================================================================
cts final max_slew_check_slack_limit
--------------------------------------------------------------------------
0.2233

==========================================================================
cts final max_fanout_check_slack
--------------------------------------------------------------------------
1.0000000150474662e+30

==========================================================================
cts final max_fanout_check_limit
--------------------------------------------------------------------------
1.0000000150474662e+30

==========================================================================
cts final max_capacitance_check_slack
--------------------------------------------------------------------------
0.01776423677802086

==========================================================================
cts final max_capacitance_check_limit
--------------------------------------------------------------------------
0.021067000925540924

==========================================================================
cts final max_capacitance_check_slack_limit
--------------------------------------------------------------------------
0.8432

==========================================================================
cts final max_slew_violation_count
--------------------------------------------------------------------------
max slew violation count 0

==========================================================================
cts final max_fanout_violation_count
--------------------------------------------------------------------------
max fanout violation count 0

==========================================================================
cts final max_cap_violation_count
--------------------------------------------------------------------------
max cap violation count 0

==========================================================================
cts final setup_violation_count
--------------------------------------------------------------------------
setup violation count 13

==========================================================================
cts final hold_violation_count
--------------------------------------------------------------------------
hold violation count 0

==========================================================================
cts final report_checks -path_delay max reg to reg
--------------------------------------------------------------------------
Startpoint: hash.p2_cap[25]$_DFF_P_
            (rising edge-triggered flip-flop clocked by core_clock)
Endpoint: hash.p3_cap[31]$_DFF_P_
          (rising edge-triggered flip-flop clocked by core_clock)
Path Group: core_clock
Path Type: max

  Delay    Time   Description
---------------------------------------------------------
   0.00    0.00   clock core_clock (rise edge)
   0.00    0.00   clock source latency
   0.00    0.00 ^ clk (in)
   0.26    0.26 ^ clkbuf_0_clk/X (sky130_fd_sc_hd__clkbuf_16)
   0.32    0.58 ^ clkbuf_2_3_0_clk/X (sky130_fd_sc_hd__clkbuf_16)
   0.28    0.86 ^ clkbuf_5_29__f_clk/X (sky130_fd_sc_hd__clkbuf_16)
   0.18    1.04 ^ clkbuf_leaf_150_clk/X (sky130_fd_sc_hd__clkbuf_16)
   0.00    1.04 ^ hash.p2_cap[25]$_DFF_P_/CLK (sky130_fd_sc_hd__dfxtp_4)
   0.41    1.45 v hash.p2_cap[25]$_DFF_P_/Q (sky130_fd_sc_hd__dfxtp_4)
   0.18    1.63 v _15161_/Y (sky130_fd_sc_hd__xnor2_4)
   0.26    1.89 ^ _15162_/Y (sky130_fd_sc_hd__xnor2_2)
   0.24    2.13 ^ _27949_/COUT (sky130_fd_sc_hd__ha_2)
   0.04    2.17 v _19178_/Y (sky130_fd_sc_hd__inv_2)
   0.34    2.51 v _27652_/COUT (sky130_fd_sc_hd__fa_2)
   0.12    2.63 ^ _15307_/Y (sky130_fd_sc_hd__nor2b_1)
   0.09    2.72 v _15308_/Y (sky130_fd_sc_hd__o21ai_1)
   0.19    2.91 ^ _15309_/Y (sky130_fd_sc_hd__a21boi_1)
   0.12    3.04 v _15365_/Y (sky130_fd_sc_hd__o21ai_2)
   0.22    3.26 ^ _15423_/Y (sky130_fd_sc_hd__a21oi_4)
   0.11    3.37 v _15499_/Y (sky130_fd_sc_hd__a21oi_4)
   0.20    3.57 ^ _15543_/Y (sky130_fd_sc_hd__o22ai_4)
   0.16    3.73 ^ _15570_/X (sky130_fd_sc_hd__a31o_1)
   0.17    3.90 ^ _15571_/X (sky130_fd_sc_hd__a21o_1)
   0.09    3.98 v _15593_/Y (sky130_fd_sc_hd__a21oi_2)
   0.16    4.14 ^ _15615_/Y (sky130_fd_sc_hd__o211ai_2)
   0.10    4.24 v _15616_/Y (sky130_fd_sc_hd__a21oi_2)
   0.23    4.47 ^ _20670_/Y (sky130_fd_sc_hd__xnor2_1)
   0.28    4.75 v _28035_/SUM (sky130_fd_sc_hd__ha_1)
   0.12    4.87 ^ _18449_/Y (sky130_fd_sc_hd__a21oi_1)
   0.08    4.95 v _18450_/Y (sky130_fd_sc_hd__o21ai_1)
   0.19    5.14 v _18451_/X (sky130_fd_sc_hd__a21o_1)
   0.24    5.38 ^ _18452_/Y (sky130_fd_sc_hd__a21oi_4)
   0.13    5.51 v _18510_/Y (sky130_fd_sc_hd__o211ai_2)
   0.22    5.73 v _18525_/X (sky130_fd_sc_hd__a21o_1)
   0.14    5.87 ^ _18526_/Y (sky130_fd_sc_hd__a21oi_2)
   0.49    6.35 v _18527_/X (sky130_fd_sc_hd__xor3_2)
   0.24    6.59 v _18528_/X (sky130_fd_sc_hd__and2_4)
   0.28    6.87 ^ _20774_/Y (sky130_fd_sc_hd__xnor2_4)
   0.24    7.11 ^ _28180_/COUT (sky130_fd_sc_hd__ha_4)
   0.06    7.17 v _18911_/Y (sky130_fd_sc_hd__nor2_4)
   0.11    7.28 ^ _18912_/Y (sky130_fd_sc_hd__nor2_4)
   0.11    7.40 v _18913_/Y (sky130_fd_sc_hd__o31ai_4)
   0.27    7.67 ^ _18956_/Y (sky130_fd_sc_hd__o21ai_4)
   0.19    7.86 v _18990_/Y (sky130_fd_sc_hd__a41oi_4)
   0.16    8.02 v rebuffer28/X (sky130_fd_sc_hd__buf_2)
   0.10    8.12 v rebuffer13/X (sky130_fd_sc_hd__buf_2)
   0.11    8.23 v rebuffer10/X (sky130_fd_sc_hd__buf_2)
   0.11    8.34 v rebuffer8/X (sky130_fd_sc_hd__buf_6)
   0.22    8.56 ^ _19035_/Y (sky130_fd_sc_hd__o31ai_4)
   0.12    8.68 v _19036_/Y (sky130_fd_sc_hd__a21oi_2)
   0.22    8.90 ^ _19037_/Y (sky130_fd_sc_hd__xnor2_2)
   0.10    9.00 v _19038_/Y (sky130_fd_sc_hd__inv_1)
   0.57    9.56 ^ _27769_/SUM (sky130_fd_sc_hd__fa_1)
   0.05    9.61 v _20811_/Y (sky130_fd_sc_hd__inv_2)
   0.28    9.89 v _28226_/SUM (sky130_fd_sc_hd__ha_4)
   0.08    9.97 ^ _23891_/Y (sky130_fd_sc_hd__nand3_2)
   0.04   10.01 v _23892_/Y (sky130_fd_sc_hd__nor3_1)
   0.34   10.35 v _23896_/X (sky130_fd_sc_hd__a32o_2)
   0.45   10.80 v _23912_/X (sky130_fd_sc_hd__or4_4)
   0.31   11.11 ^ _23927_/Y (sky130_fd_sc_hd__a311oi_2)
   0.10   11.21 v _23929_/Y (sky130_fd_sc_hd__nor2_2)
   0.26   11.47 v _23951_/X (sky130_fd_sc_hd__o211a_1)
   0.30   11.77 ^ _23953_/Y (sky130_fd_sc_hd__nor4b_2)
   0.07   11.85 v _23958_/Y (sky130_fd_sc_hd__a211oi_2)
   0.13   11.97 v _23959_/Y (sky130_fd_sc_hd__xnor2_1)
   0.00   11.97 v hash.p3_cap[31]$_DFF_P_/D (sky130_fd_sc_hd__dfxtp_1)
          11.97   data arrival time

  10.00   10.00   clock core_clock (rise edge)
   0.00   10.00   clock source latency
   0.00   10.00 ^ clk (in)
   0.26   10.26 ^ clkbuf_0_clk/X (sky130_fd_sc_hd__clkbuf_16)
   0.32   10.58 ^ clkbuf_2_3_0_clk/X (sky130_fd_sc_hd__clkbuf_16)
   0.30   10.87 ^ clkbuf_5_31__f_clk/X (sky130_fd_sc_hd__clkbuf_16)
   0.19   11.06 ^ clkbuf_leaf_157_clk/X (sky130_fd_sc_hd__clkbuf_16)
   0.00   11.06 ^ hash.p3_cap[31]$_DFF_P_/CLK (sky130_fd_sc_hd__dfxtp_1)
   0.00   11.06   clock reconvergence pessimism
  -0.11   10.95   library setup time
          10.95   data required time
---------------------------------------------------------
          10.95   data required time
         -11.97   data arrival time
---------------------------------------------------------
          -1.03   slack (VIOLATED)



==========================================================================
cts final report_checks -path_delay min reg to reg
--------------------------------------------------------------------------
Startpoint: ready_dash$_SDFF_PP0_
            (rising edge-triggered flip-flop clocked by core_clock)
Endpoint: ready$_DFF_P_ (rising edge-triggered flip-flop clocked by core_clock)
Path Group: core_clock
Path Type: min

  Delay    Time   Description
---------------------------------------------------------
   0.00    0.00   clock core_clock (rise edge)
   0.00    0.00   clock source latency
   0.00    0.00 ^ clk (in)
   0.26    0.26 ^ clkbuf_0_clk/X (sky130_fd_sc_hd__clkbuf_16)
   0.33    0.59 ^ clkbuf_2_1_0_clk/X (sky130_fd_sc_hd__clkbuf_16)
   0.27    0.85 ^ clkbuf_5_14__f_clk/X (sky130_fd_sc_hd__clkbuf_16)
   0.17    1.02 ^ clkbuf_leaf_200_clk/X (sky130_fd_sc_hd__clkbuf_16)
   0.00    1.02 ^ ready_dash$_SDFF_PP0_/CLK (sky130_fd_sc_hd__dfxtp_1)
   0.29    1.32 v ready_dash$_SDFF_PP0_/Q (sky130_fd_sc_hd__dfxtp_1)
   0.00    1.32 v ready$_DFF_P_/D (sky130_fd_sc_hd__dfxtp_4)
           1.32   data arrival time

   0.00    0.00   clock core_clock (rise edge)
   0.00    0.00   clock source latency
   0.00    0.00 ^ clk (in)
   0.26    0.26 ^ clkbuf_0_clk/X (sky130_fd_sc_hd__clkbuf_16)
   0.33    0.59 ^ clkbuf_2_1_0_clk/X (sky130_fd_sc_hd__clkbuf_16)
   0.28    0.87 ^ clkbuf_5_15__f_clk/X (sky130_fd_sc_hd__clkbuf_16)
   0.18    1.05 ^ clkbuf_leaf_201_clk/X (sky130_fd_sc_hd__clkbuf_16)
   0.00    1.05 ^ ready$_DFF_P_/CLK (sky130_fd_sc_hd__dfxtp_4)
   0.00    1.05   clock reconvergence pessimism
  -0.03    1.01   library hold time
           1.01   data required time
---------------------------------------------------------
           1.01   data required time
          -1.32   data arrival time
---------------------------------------------------------
           0.30   slack (MET)



==========================================================================
cts final critical path target clock latency max path
--------------------------------------------------------------------------
1.0474

==========================================================================
cts final critical path target clock latency min path
--------------------------------------------------------------------------
1.0785

==========================================================================
cts final critical path source clock latency min path
--------------------------------------------------------------------------
0.0000

==========================================================================
cts final critical path delay
--------------------------------------------------------------------------
11.9748

==========================================================================
cts final critical path slack
--------------------------------------------------------------------------
-1.0279

==========================================================================
cts final slack div critical path delay
--------------------------------------------------------------------------
-8.583859

==========================================================================
cts final report_power
--------------------------------------------------------------------------
Group                  Internal  Switching    Leakage      Total
                          Power      Power      Power      Power (Watts)
----------------------------------------------------------------
Sequential             2.40e-02   2.76e-03   2.77e-08   2.68e-02   4.8%
Combinational          2.10e-01   3.05e-01   7.02e-08   5.15e-01  92.9%
Clock                  7.33e-03   5.55e-03   5.44e-09   1.29e-02   2.3%
Macro                  0.00e+00   0.00e+00   0.00e+00   0.00e+00   0.0%
Pad                    0.00e+00   0.00e+00   0.00e+00   0.00e+00   0.0%
----------------------------------------------------------------
Total                  2.41e-01   3.14e-01   1.03e-07   5.55e-01 100.0%
                          43.4%      56.6%       0.0%
