
==========================================================================
global route report_tns
--------------------------------------------------------------------------
tns -11.45

==========================================================================
global route report_wns
--------------------------------------------------------------------------
wns -1.22

==========================================================================
global route report_worst_slack
--------------------------------------------------------------------------
worst slack -1.22

==========================================================================
global route report_clock_skew
--------------------------------------------------------------------------
Clock core_clock
   1.06 source latency w[5][1]$_DFFE_PP_/CLK ^
  -0.98 target latency w[34][20]$_SDFFCE_PN0P_/CLK ^
   0.00 CRPR
--------------
   0.08 setup skew


==========================================================================
global route report_checks -path_delay min
--------------------------------------------------------------------------
Startpoint: ready_dash$_SDFF_PP0_
            (rising edge-triggered flip-flop clocked by core_clock)
Endpoint: ready$_DFF_P_ (rising edge-triggered flip-flop clocked by core_clock)
Path Group: core_clock
Path Type: min

Fanout     Cap    Slew   Delay    Time   Description
-----------------------------------------------------------------------------
                          0.00    0.00   clock core_clock (rise edge)
                          0.00    0.00   clock source latency
     2    0.13    0.00    0.00    0.00 ^ clk (in)
                                         clk (net)
                  0.01    0.01    0.01 ^ clkbuf_0_clk/A (sky130_fd_sc_hd__clkbuf_16)
     4    0.18    0.20    0.23    0.23 ^ clkbuf_0_clk/X (sky130_fd_sc_hd__clkbuf_16)
                                         clknet_0_clk (net)
                  0.20    0.01    0.24 ^ clkbuf_2_1_0_clk/A (sky130_fd_sc_hd__clkbuf_16)
     8    0.20    0.21    0.30    0.54 ^ clkbuf_2_1_0_clk/X (sky130_fd_sc_hd__clkbuf_16)
                                         clknet_2_1_0_clk (net)
                  0.21    0.01    0.55 ^ clkbuf_5_14__f_clk/A (sky130_fd_sc_hd__clkbuf_16)
     7    0.13    0.14    0.26    0.80 ^ clkbuf_5_14__f_clk/X (sky130_fd_sc_hd__clkbuf_16)
                                         clknet_5_14__leaf_clk (net)
                  0.14    0.00    0.81 ^ clkbuf_leaf_200_clk/A (sky130_fd_sc_hd__clkbuf_16)
    10    0.04    0.06    0.18    0.98 ^ clkbuf_leaf_200_clk/X (sky130_fd_sc_hd__clkbuf_16)
                                         clknet_leaf_200_clk (net)
                  0.06    0.00    0.98 ^ ready_dash$_SDFF_PP0_/CLK (sky130_fd_sc_hd__dfxtp_1)
     1    0.00    0.03    0.30    1.28 v ready_dash$_SDFF_PP0_/Q (sky130_fd_sc_hd__dfxtp_1)
                                         ready_dash (net)
                  0.03    0.00    1.28 v ready$_DFF_P_/D (sky130_fd_sc_hd__dfxtp_4)
                                  1.28   data arrival time

                          0.00    0.00   clock core_clock (rise edge)
                          0.00    0.00   clock source latency
     2    0.13    0.00    0.00    0.00 ^ clk (in)
                                         clk (net)
                  0.01    0.01    0.01 ^ clkbuf_0_clk/A (sky130_fd_sc_hd__clkbuf_16)
     4    0.18    0.20    0.23    0.23 ^ clkbuf_0_clk/X (sky130_fd_sc_hd__clkbuf_16)
                                         clknet_0_clk (net)
                  0.20    0.01    0.24 ^ clkbuf_2_1_0_clk/A (sky130_fd_sc_hd__clkbuf_16)
     8    0.20    0.21    0.30    0.54 ^ clkbuf_2_1_0_clk/X (sky130_fd_sc_hd__clkbuf_16)
                                         clknet_2_1_0_clk (net)
                  0.21    0.01    0.55 ^ clkbuf_5_15__f_clk/A (sky130_fd_sc_hd__clkbuf_16)
    10    0.15    0.16    0.27    0.82 ^ clkbuf_5_15__f_clk/X (sky130_fd_sc_hd__clkbuf_16)
                                         clknet_5_15__leaf_clk (net)
                  0.16    0.00    0.82 ^ clkbuf_leaf_201_clk/A (sky130_fd_sc_hd__clkbuf_16)
    10    0.04    0.06    0.18    1.01 ^ clkbuf_leaf_201_clk/X (sky130_fd_sc_hd__clkbuf_16)
                                         clknet_leaf_201_clk (net)
                  0.06    0.00    1.01 ^ ready$_DFF_P_/CLK (sky130_fd_sc_hd__dfxtp_4)
                          0.00    1.01   clock reconvergence pessimism
                         -0.03    0.97   library hold time
                                  0.97   data required time
-----------------------------------------------------------------------------
                                  0.97   data required time
                                 -1.28   data arrival time
-----------------------------------------------------------------------------
                                  0.31   slack (MET)



==========================================================================
global route report_checks -path_delay max
--------------------------------------------------------------------------
Startpoint: hash.p2_cap[25]$_DFF_P_
            (rising edge-triggered flip-flop clocked by core_clock)
Endpoint: hash.p3_cap[31]$_DFF_P_
          (rising edge-triggered flip-flop clocked by core_clock)
Path Group: core_clock
Path Type: max

Fanout     Cap    Slew   Delay    Time   Description
-----------------------------------------------------------------------------
                          0.00    0.00   clock core_clock (rise edge)
                          0.00    0.00   clock source latency
     2    0.13    0.00    0.00    0.00 ^ clk (in)
                                         clk (net)
                  0.01    0.01    0.01 ^ clkbuf_0_clk/A (sky130_fd_sc_hd__clkbuf_16)
     4    0.18    0.20    0.23    0.23 ^ clkbuf_0_clk/X (sky130_fd_sc_hd__clkbuf_16)
                                         clknet_0_clk (net)
                  0.20    0.01    0.24 ^ clkbuf_2_3_0_clk/A (sky130_fd_sc_hd__clkbuf_16)
     8    0.18    0.19    0.29    0.53 ^ clkbuf_2_3_0_clk/X (sky130_fd_sc_hd__clkbuf_16)
                                         clknet_2_3_0_clk (net)
                  0.19    0.00    0.53 ^ clkbuf_5_29__f_clk/A (sky130_fd_sc_hd__clkbuf_16)
    10    0.15    0.16    0.27    0.80 ^ clkbuf_5_29__f_clk/X (sky130_fd_sc_hd__clkbuf_16)
                                         clknet_5_29__leaf_clk (net)
                  0.16    0.00    0.81 ^ clkbuf_leaf_150_clk/A (sky130_fd_sc_hd__clkbuf_16)
     7    0.03    0.06    0.18    0.98 ^ clkbuf_leaf_150_clk/X (sky130_fd_sc_hd__clkbuf_16)
                                         clknet_leaf_150_clk (net)
                  0.06    0.00    0.99 ^ hash.p2_cap[25]$_DFF_P_/CLK (sky130_fd_sc_hd__dfxtp_4)
     8    0.07    0.11    0.41    1.40 v hash.p2_cap[25]$_DFF_P_/Q (sky130_fd_sc_hd__dfxtp_4)
                                         hash.CA2.S1.X[25] (net)
                  0.11    0.01    1.41 v _15161_/A (sky130_fd_sc_hd__xnor2_4)
     1    0.01    0.07    0.17    1.58 v _15161_/Y (sky130_fd_sc_hd__xnor2_4)
                                         _04553_ (net)
                  0.07    0.00    1.58 v _15162_/B (sky130_fd_sc_hd__xnor2_2)
     1    0.01    0.23    0.22    1.80 ^ _15162_/Y (sky130_fd_sc_hd__xnor2_2)
                                         _13398_ (net)
                  0.23    0.00    1.80 ^ _27949_/B (sky130_fd_sc_hd__ha_2)
     3    0.01    0.08    0.25    2.05 ^ _27949_/COUT (sky130_fd_sc_hd__ha_2)
                                         _13399_ (net)
                  0.08    0.00    2.05 ^ _19178_/A (sky130_fd_sc_hd__inv_2)
     1    0.01    0.03    0.04    2.09 v _19178_/Y (sky130_fd_sc_hd__inv_2)
                                         _12254_ (net)
                  0.03    0.00    2.09 v _27652_/CIN (sky130_fd_sc_hd__fa_2)
     2    0.01    0.09    0.36    2.45 v _27652_/COUT (sky130_fd_sc_hd__fa_2)
                                         _12257_ (net)
                  0.09    0.00    2.45 v _15307_/A (sky130_fd_sc_hd__nor2b_2)
     1    0.01    0.10    0.14    2.60 ^ _15307_/Y (sky130_fd_sc_hd__nor2b_2)
                                         _04679_ (net)
                  0.10    0.00    2.60 ^ _15308_/A2 (sky130_fd_sc_hd__o21ai_2)
     2    0.01    0.07    0.08    2.67 v _15308_/Y (sky130_fd_sc_hd__o21ai_2)
                                         _04680_ (net)
                  0.07    0.00    2.67 v _15309_/A2 (sky130_fd_sc_hd__a21boi_2)
     2    0.01    0.16    0.19    2.87 ^ _15309_/Y (sky130_fd_sc_hd__a21boi_2)
                                         _04681_ (net)
                  0.16    0.00    2.87 ^ _15365_/A2 (sky130_fd_sc_hd__o21ai_2)
     2    0.01    0.08    0.10    2.97 v _15365_/Y (sky130_fd_sc_hd__o21ai_2)
                                         _04729_ (net)
                  0.08    0.00    2.97 v _15423_/A1 (sky130_fd_sc_hd__a21oi_4)
     3    0.02    0.19    0.20    3.18 ^ _15423_/Y (sky130_fd_sc_hd__a21oi_4)
                                         _04779_ (net)
                  0.19    0.00    3.18 ^ _15499_/A2 (sky130_fd_sc_hd__a21oi_4)
     3    0.02    0.08    0.11    3.29 v _15499_/Y (sky130_fd_sc_hd__a21oi_4)
                                         _04839_ (net)
                  0.08    0.00    3.29 v _15543_/A1 (sky130_fd_sc_hd__o22ai_4)
     3    0.02    0.20    0.22    3.51 ^ _15543_/Y (sky130_fd_sc_hd__o22ai_4)
                                         _04867_ (net)
                  0.20    0.00    3.52 ^ _15570_/A3 (sky130_fd_sc_hd__a31o_1)
     1    0.00    0.06    0.18    3.69 ^ _15570_/X (sky130_fd_sc_hd__a31o_1)
                                         _04886_ (net)
                  0.06    0.00    3.69 ^ _15571_/A1 (sky130_fd_sc_hd__a21o_1)
     2    0.01    0.12    0.17    3.86 ^ _15571_/X (sky130_fd_sc_hd__a21o_1)
                                         _04887_ (net)
                  0.12    0.00    3.86 ^ _15593_/A2 (sky130_fd_sc_hd__a21oi_2)
     2    0.01    0.06    0.09    3.95 v _15593_/Y (sky130_fd_sc_hd__a21oi_2)
                                         _04901_ (net)
                  0.06    0.00    3.95 v _15615_/A1 (sky130_fd_sc_hd__o211ai_2)
     1    0.01    0.20    0.23    4.18 ^ _15615_/Y (sky130_fd_sc_hd__o211ai_2)
                                         _04915_ (net)
                  0.20    0.00    4.18 ^ _15616_/A1 (sky130_fd_sc_hd__a21oi_4)
     2    0.02    0.08    0.11    4.28 v _15616_/Y (sky130_fd_sc_hd__a21oi_4)
                                         _04916_ (net)
                  0.08    0.00    4.28 v _20670_/B (sky130_fd_sc_hd__xnor2_2)
     2    0.01    0.07    0.16    4.44 v _20670_/Y (sky130_fd_sc_hd__xnor2_2)
                                         _13554_ (net)
                  0.07    0.00    4.44 v _28038_/B (sky130_fd_sc_hd__ha_1)
     2    0.01    0.11    0.33    4.77 ^ _28038_/SUM (sky130_fd_sc_hd__ha_1)
                                         _13667_ (net)
                  0.11    0.00    4.77 ^ _18447_/B (sky130_fd_sc_hd__nand2_2)
     2    0.01    0.07    0.09    4.87 v _18447_/Y (sky130_fd_sc_hd__nand2_2)
                                         _06857_ (net)
                  0.07    0.00    4.87 v _18450_/A2 (sky130_fd_sc_hd__o21ai_1)
     1    0.01    0.16    0.17    5.04 ^ _18450_/Y (sky130_fd_sc_hd__o21ai_1)
                                         _06860_ (net)
                  0.16    0.00    5.04 ^ _18451_/B1 (sky130_fd_sc_hd__a21o_1)
     1    0.01    0.12    0.16    5.20 ^ _18451_/X (sky130_fd_sc_hd__a21o_1)
                                         _06861_ (net)
                  0.12    0.00    5.20 ^ _18452_/B1 (sky130_fd_sc_hd__a21oi_4)
     4    0.03    0.10    0.08    5.28 v _18452_/Y (sky130_fd_sc_hd__a21oi_4)
                                         _06862_ (net)
                  0.10    0.00    5.28 v rebuffer9/A (sky130_fd_sc_hd__buf_2)
     1    0.01    0.04    0.16    5.44 v rebuffer9/X (sky130_fd_sc_hd__buf_2)
                                         net1015 (net)
                  0.04    0.00    5.44 v _18493_/A2 (sky130_fd_sc_hd__o21ai_2)
     2    0.01    0.12    0.13    5.57 ^ _18493_/Y (sky130_fd_sc_hd__o21ai_2)
                                         _06895_ (net)
                  0.12    0.00    5.57 ^ _18507_/A2 (sky130_fd_sc_hd__o21ai_0)
     1    0.01    0.12    0.13    5.70 v _18507_/Y (sky130_fd_sc_hd__o21ai_0)
                                         _06905_ (net)
                  0.12    0.00    5.70 v _18512_/A1 (sky130_fd_sc_hd__a221o_4)
     7    0.07    0.14    0.52    6.22 v _18512_/X (sky130_fd_sc_hd__a221o_4)
                                         _06910_ (net)
                  0.14    0.01    6.22 v _20769_/A (sky130_fd_sc_hd__xnor2_4)
     1    0.03    0.27    0.31    6.53 ^ _20769_/Y (sky130_fd_sc_hd__xnor2_4)
                                         _14058_ (net)
                  0.27    0.00    6.53 ^ _28174_/B (sky130_fd_sc_hd__ha_4)
     4    0.03    0.07    0.28    6.81 v _28174_/SUM (sky130_fd_sc_hd__ha_4)
                                         _14060_ (net)
                  0.07    0.00    6.81 v _18886_/A1 (sky130_fd_sc_hd__a21oi_2)
     1    0.01    0.16    0.19    7.00 ^ _18886_/Y (sky130_fd_sc_hd__a21oi_2)
                                         _07132_ (net)
                  0.16    0.00    7.00 ^ _18887_/B1 (sky130_fd_sc_hd__o21ai_4)
     2    0.02    0.09    0.11    7.10 v _18887_/Y (sky130_fd_sc_hd__o21ai_4)
                                         _07133_ (net)
                  0.09    0.00    7.11 v _18913_/A3 (sky130_fd_sc_hd__o31ai_4)
     3    0.03    0.39    0.36    7.46 ^ _18913_/Y (sky130_fd_sc_hd__o31ai_4)
                                         _07151_ (net)
                  0.39    0.00    7.47 ^ _18956_/A1 (sky130_fd_sc_hd__o21ai_4)
     4    0.03    0.12    0.16    7.63 v _18956_/Y (sky130_fd_sc_hd__o21ai_4)
                                         _07183_ (net)
                  0.12    0.00    7.63 v _18990_/A2 (sky130_fd_sc_hd__a41oi_4)
     4    0.02    0.26    0.27    7.90 ^ _18990_/Y (sky130_fd_sc_hd__a41oi_4)
                                         _07211_ (net)
                  0.26    0.00    7.90 ^ _18991_/A (sky130_fd_sc_hd__nor2b_1)
     1    0.00    0.07    0.09    8.00 v _18991_/Y (sky130_fd_sc_hd__nor2b_1)
                                         _07212_ (net)
                  0.07    0.00    8.00 v _18992_/A1 (sky130_fd_sc_hd__o21ai_1)
     1    0.01    0.16    0.18    8.18 ^ _18992_/Y (sky130_fd_sc_hd__o21ai_1)
                                         _07213_ (net)
                  0.16    0.00    8.18 ^ _18993_/B (sky130_fd_sc_hd__nand2b_1)
     2    0.01    0.12    0.15    8.32 v _18993_/Y (sky130_fd_sc_hd__nand2b_1)
                                         _07214_ (net)
                  0.12    0.00    8.32 v _19158_/A1 (sky130_fd_sc_hd__a21o_1)
     1    0.01    0.07    0.22    8.54 v _19158_/X (sky130_fd_sc_hd__a21o_1)
                                         _07345_ (net)
                  0.07    0.00    8.54 v _19159_/A1 (sky130_fd_sc_hd__a21oi_4)
     3    0.02    0.21    0.21    8.76 ^ _19159_/Y (sky130_fd_sc_hd__a21oi_4)
                                         _07346_ (net)
                  0.21    0.00    8.76 ^ _20453_/B (sky130_fd_sc_hd__xnor2_2)
     1    0.01    0.15    0.15    8.91 ^ _20453_/Y (sky130_fd_sc_hd__xnor2_2)
                                         _12754_ (net)
                  0.15    0.00    8.91 ^ _27765_/CIN (sky130_fd_sc_hd__fa_1)
     1    0.01    0.12    0.48    9.39 v _27765_/SUM (sky130_fd_sc_hd__fa_1)
                                         _12758_ (net)
                  0.12    0.00    9.39 v _28214_/B (sky130_fd_sc_hd__ha_4)
     4    0.02    0.05    0.26    9.65 v _28214_/SUM (sky130_fd_sc_hd__ha_4)
                                         _14179_ (net)
                  0.05    0.00    9.65 v _23889_/A1 (sky130_fd_sc_hd__o21a_1)
     1    0.01    0.05    0.20    9.85 v _23889_/X (sky130_fd_sc_hd__o21a_1)
                                         _09685_ (net)
                  0.05    0.00    9.85 v _23890_/A2 (sky130_fd_sc_hd__o211ai_2)
     3    0.02    0.24    0.23   10.08 ^ _23890_/Y (sky130_fd_sc_hd__o211ai_2)
                                         _09686_ (net)
                  0.24    0.00   10.08 ^ _23895_/A2 (sky130_fd_sc_hd__o21ai_2)
     2    0.01    0.08    0.10   10.17 v _23895_/Y (sky130_fd_sc_hd__o21ai_2)
                                         _09691_ (net)
                  0.08    0.00   10.17 v _23896_/B2 (sky130_fd_sc_hd__a32o_2)
     3    0.03    0.10    0.32   10.49 v _23896_/X (sky130_fd_sc_hd__a32o_2)
                                         _09692_ (net)
                  0.10    0.00   10.49 v _23912_/D (sky130_fd_sc_hd__or4_4)
     2    0.01    0.09    0.45   10.94 v _23912_/X (sky130_fd_sc_hd__or4_4)
                                         _09704_ (net)
                  0.09    0.00   10.94 v _23927_/A1 (sky130_fd_sc_hd__a311oi_2)
     1    0.01    0.25    0.26   11.20 ^ _23927_/Y (sky130_fd_sc_hd__a311oi_2)
                                         _09717_ (net)
                  0.25    0.00   11.20 ^ _23929_/A (sky130_fd_sc_hd__nor2_2)
     3    0.02    0.09    0.13   11.33 v _23929_/Y (sky130_fd_sc_hd__nor2_2)
                                         _09719_ (net)
                  0.09    0.00   11.33 v _23951_/A1 (sky130_fd_sc_hd__o211a_1)
     2    0.01    0.09    0.29   11.61 v _23951_/X (sky130_fd_sc_hd__o211a_1)
                                         _09737_ (net)
                  0.09    0.00   11.61 v _23953_/C (sky130_fd_sc_hd__nor4b_2)
     1    0.01    0.26    0.27   11.89 ^ _23953_/Y (sky130_fd_sc_hd__nor4b_2)
                                         _09739_ (net)
                  0.26    0.00   11.89 ^ _23958_/C1 (sky130_fd_sc_hd__a211oi_2)
     1    0.01    0.08    0.08   11.97 v _23958_/Y (sky130_fd_sc_hd__a211oi_2)
                                         _09744_ (net)
                  0.08    0.00   11.97 v _23959_/B (sky130_fd_sc_hd__xnor2_1)
     1    0.01    0.08    0.15   12.11 v _23959_/Y (sky130_fd_sc_hd__xnor2_1)
                                         hash.CA1.p3[31] (net)
                  0.08    0.00   12.11 v hash.p3_cap[31]$_DFF_P_/D (sky130_fd_sc_hd__dfxtp_1)
                                 12.11   data arrival time

                         10.00   10.00   clock core_clock (rise edge)
                          0.00   10.00   clock source latency
     2    0.13    0.00    0.00   10.00 ^ clk (in)
                                         clk (net)
                  0.01    0.01   10.01 ^ clkbuf_0_clk/A (sky130_fd_sc_hd__clkbuf_16)
     4    0.18    0.20    0.23   10.23 ^ clkbuf_0_clk/X (sky130_fd_sc_hd__clkbuf_16)
                                         clknet_0_clk (net)
                  0.20    0.01   10.24 ^ clkbuf_2_3_0_clk/A (sky130_fd_sc_hd__clkbuf_16)
     8    0.18    0.19    0.29   10.53 ^ clkbuf_2_3_0_clk/X (sky130_fd_sc_hd__clkbuf_16)
                                         clknet_2_3_0_clk (net)
                  0.19    0.01   10.54 ^ clkbuf_5_31__f_clk/A (sky130_fd_sc_hd__clkbuf_16)
    12    0.17    0.18    0.28   10.82 ^ clkbuf_5_31__f_clk/X (sky130_fd_sc_hd__clkbuf_16)
                                         clknet_5_31__leaf_clk (net)
                  0.18    0.00   10.82 ^ clkbuf_leaf_157_clk/A (sky130_fd_sc_hd__clkbuf_16)
    12    0.04    0.06    0.19   11.01 ^ clkbuf_leaf_157_clk/X (sky130_fd_sc_hd__clkbuf_16)
                                         clknet_leaf_157_clk (net)
                  0.06    0.00   11.01 ^ hash.p3_cap[31]$_DFF_P_/CLK (sky130_fd_sc_hd__dfxtp_1)
                          0.00   11.01   clock reconvergence pessimism
                         -0.12   10.89   library setup time
                                 10.89   data required time
-----------------------------------------------------------------------------
                                 10.89   data required time
                                -12.11   data arrival time
-----------------------------------------------------------------------------
                                 -1.22   slack (VIOLATED)



==========================================================================
global route report_checks -unconstrained
--------------------------------------------------------------------------
Startpoint: hash.p2_cap[25]$_DFF_P_
            (rising edge-triggered flip-flop clocked by core_clock)
Endpoint: hash.p3_cap[31]$_DFF_P_
          (rising edge-triggered flip-flop clocked by core_clock)
Path Group: core_clock
Path Type: max

Fanout     Cap    Slew   Delay    Time   Description
-----------------------------------------------------------------------------
                          0.00    0.00   clock core_clock (rise edge)
                          0.00    0.00   clock source latency
     2    0.13    0.00    0.00    0.00 ^ clk (in)
                                         clk (net)
                  0.01    0.01    0.01 ^ clkbuf_0_clk/A (sky130_fd_sc_hd__clkbuf_16)
     4    0.18    0.20    0.23    0.23 ^ clkbuf_0_clk/X (sky130_fd_sc_hd__clkbuf_16)
                                         clknet_0_clk (net)
                  0.20    0.01    0.24 ^ clkbuf_2_3_0_clk/A (sky130_fd_sc_hd__clkbuf_16)
     8    0.18    0.19    0.29    0.53 ^ clkbuf_2_3_0_clk/X (sky130_fd_sc_hd__clkbuf_16)
                                         clknet_2_3_0_clk (net)
                  0.19    0.00    0.53 ^ clkbuf_5_29__f_clk/A (sky130_fd_sc_hd__clkbuf_16)
    10    0.15    0.16    0.27    0.80 ^ clkbuf_5_29__f_clk/X (sky130_fd_sc_hd__clkbuf_16)
                                         clknet_5_29__leaf_clk (net)
                  0.16    0.00    0.81 ^ clkbuf_leaf_150_clk/A (sky130_fd_sc_hd__clkbuf_16)
     7    0.03    0.06    0.18    0.98 ^ clkbuf_leaf_150_clk/X (sky130_fd_sc_hd__clkbuf_16)
                                         clknet_leaf_150_clk (net)
                  0.06    0.00    0.99 ^ hash.p2_cap[25]$_DFF_P_/CLK (sky130_fd_sc_hd__dfxtp_4)
     8    0.07    0.11    0.41    1.40 v hash.p2_cap[25]$_DFF_P_/Q (sky130_fd_sc_hd__dfxtp_4)
                                         hash.CA2.S1.X[25] (net)
                  0.11    0.01    1.41 v _15161_/A (sky130_fd_sc_hd__xnor2_4)
     1    0.01    0.07    0.17    1.58 v _15161_/Y (sky130_fd_sc_hd__xnor2_4)
                                         _04553_ (net)
                  0.07    0.00    1.58 v _15162_/B (sky130_fd_sc_hd__xnor2_2)
     1    0.01    0.23    0.22    1.80 ^ _15162_/Y (sky130_fd_sc_hd__xnor2_2)
                                         _13398_ (net)
                  0.23    0.00    1.80 ^ _27949_/B (sky130_fd_sc_hd__ha_2)
     3    0.01    0.08    0.25    2.05 ^ _27949_/COUT (sky130_fd_sc_hd__ha_2)
                                         _13399_ (net)
                  0.08    0.00    2.05 ^ _19178_/A (sky130_fd_sc_hd__inv_2)
     1    0.01    0.03    0.04    2.09 v _19178_/Y (sky130_fd_sc_hd__inv_2)
                                         _12254_ (net)
                  0.03    0.00    2.09 v _27652_/CIN (sky130_fd_sc_hd__fa_2)
     2    0.01    0.09    0.36    2.45 v _27652_/COUT (sky130_fd_sc_hd__fa_2)
                                         _12257_ (net)
                  0.09    0.00    2.45 v _15307_/A (sky130_fd_sc_hd__nor2b_2)
     1    0.01    0.10    0.14    2.60 ^ _15307_/Y (sky130_fd_sc_hd__nor2b_2)
                                         _04679_ (net)
                  0.10    0.00    2.60 ^ _15308_/A2 (sky130_fd_sc_hd__o21ai_2)
     2    0.01    0.07    0.08    2.67 v _15308_/Y (sky130_fd_sc_hd__o21ai_2)
                                         _04680_ (net)
                  0.07    0.00    2.67 v _15309_/A2 (sky130_fd_sc_hd__a21boi_2)
     2    0.01    0.16    0.19    2.87 ^ _15309_/Y (sky130_fd_sc_hd__a21boi_2)
                                         _04681_ (net)
                  0.16    0.00    2.87 ^ _15365_/A2 (sky130_fd_sc_hd__o21ai_2)
     2    0.01    0.08    0.10    2.97 v _15365_/Y (sky130_fd_sc_hd__o21ai_2)
                                         _04729_ (net)
                  0.08    0.00    2.97 v _15423_/A1 (sky130_fd_sc_hd__a21oi_4)
     3    0.02    0.19    0.20    3.18 ^ _15423_/Y (sky130_fd_sc_hd__a21oi_4)
                                         _04779_ (net)
                  0.19    0.00    3.18 ^ _15499_/A2 (sky130_fd_sc_hd__a21oi_4)
     3    0.02    0.08    0.11    3.29 v _15499_/Y (sky130_fd_sc_hd__a21oi_4)
                                         _04839_ (net)
                  0.08    0.00    3.29 v _15543_/A1 (sky130_fd_sc_hd__o22ai_4)
     3    0.02    0.20    0.22    3.51 ^ _15543_/Y (sky130_fd_sc_hd__o22ai_4)
                                         _04867_ (net)
                  0.20    0.00    3.52 ^ _15570_/A3 (sky130_fd_sc_hd__a31o_1)
     1    0.00    0.06    0.18    3.69 ^ _15570_/X (sky130_fd_sc_hd__a31o_1)
                                         _04886_ (net)
                  0.06    0.00    3.69 ^ _15571_/A1 (sky130_fd_sc_hd__a21o_1)
     2    0.01    0.12    0.17    3.86 ^ _15571_/X (sky130_fd_sc_hd__a21o_1)
                                         _04887_ (net)
                  0.12    0.00    3.86 ^ _15593_/A2 (sky130_fd_sc_hd__a21oi_2)
     2    0.01    0.06    0.09    3.95 v _15593_/Y (sky130_fd_sc_hd__a21oi_2)
                                         _04901_ (net)
                  0.06    0.00    3.95 v _15615_/A1 (sky130_fd_sc_hd__o211ai_2)
     1    0.01    0.20    0.23    4.18 ^ _15615_/Y (sky130_fd_sc_hd__o211ai_2)
                                         _04915_ (net)
                  0.20    0.00    4.18 ^ _15616_/A1 (sky130_fd_sc_hd__a21oi_4)
     2    0.02    0.08    0.11    4.28 v _15616_/Y (sky130_fd_sc_hd__a21oi_4)
                                         _04916_ (net)
                  0.08    0.00    4.28 v _20670_/B (sky130_fd_sc_hd__xnor2_2)
     2    0.01    0.07    0.16    4.44 v _20670_/Y (sky130_fd_sc_hd__xnor2_2)
                                         _13554_ (net)
                  0.07    0.00    4.44 v _28038_/B (sky130_fd_sc_hd__ha_1)
     2    0.01    0.11    0.33    4.77 ^ _28038_/SUM (sky130_fd_sc_hd__ha_1)
                                         _13667_ (net)
                  0.11    0.00    4.77 ^ _18447_/B (sky130_fd_sc_hd__nand2_2)
     2    0.01    0.07    0.09    4.87 v _18447_/Y (sky130_fd_sc_hd__nand2_2)
                                         _06857_ (net)
                  0.07    0.00    4.87 v _18450_/A2 (sky130_fd_sc_hd__o21ai_1)
     1    0.01    0.16    0.17    5.04 ^ _18450_/Y (sky130_fd_sc_hd__o21ai_1)
                                         _06860_ (net)
                  0.16    0.00    5.04 ^ _18451_/B1 (sky130_fd_sc_hd__a21o_1)
     1    0.01    0.12    0.16    5.20 ^ _18451_/X (sky130_fd_sc_hd__a21o_1)
                                         _06861_ (net)
                  0.12    0.00    5.20 ^ _18452_/B1 (sky130_fd_sc_hd__a21oi_4)
     4    0.03    0.10    0.08    5.28 v _18452_/Y (sky130_fd_sc_hd__a21oi_4)
                                         _06862_ (net)
                  0.10    0.00    5.28 v rebuffer9/A (sky130_fd_sc_hd__buf_2)
     1    0.01    0.04    0.16    5.44 v rebuffer9/X (sky130_fd_sc_hd__buf_2)
                                         net1015 (net)
                  0.04    0.00    5.44 v _18493_/A2 (sky130_fd_sc_hd__o21ai_2)
     2    0.01    0.12    0.13    5.57 ^ _18493_/Y (sky130_fd_sc_hd__o21ai_2)
                                         _06895_ (net)
                  0.12    0.00    5.57 ^ _18507_/A2 (sky130_fd_sc_hd__o21ai_0)
     1    0.01    0.12    0.13    5.70 v _18507_/Y (sky130_fd_sc_hd__o21ai_0)
                                         _06905_ (net)
                  0.12    0.00    5.70 v _18512_/A1 (sky130_fd_sc_hd__a221o_4)
     7    0.07    0.14    0.52    6.22 v _18512_/X (sky130_fd_sc_hd__a221o_4)
                                         _06910_ (net)
                  0.14    0.01    6.22 v _20769_/A (sky130_fd_sc_hd__xnor2_4)
     1    0.03    0.27    0.31    6.53 ^ _20769_/Y (sky130_fd_sc_hd__xnor2_4)
                                         _14058_ (net)
                  0.27    0.00    6.53 ^ _28174_/B (sky130_fd_sc_hd__ha_4)
     4    0.03    0.07    0.28    6.81 v _28174_/SUM (sky130_fd_sc_hd__ha_4)
                                         _14060_ (net)
                  0.07    0.00    6.81 v _18886_/A1 (sky130_fd_sc_hd__a21oi_2)
     1    0.01    0.16    0.19    7.00 ^ _18886_/Y (sky130_fd_sc_hd__a21oi_2)
                                         _07132_ (net)
                  0.16    0.00    7.00 ^ _18887_/B1 (sky130_fd_sc_hd__o21ai_4)
     2    0.02    0.09    0.11    7.10 v _18887_/Y (sky130_fd_sc_hd__o21ai_4)
                                         _07133_ (net)
                  0.09    0.00    7.11 v _18913_/A3 (sky130_fd_sc_hd__o31ai_4)
     3    0.03    0.39    0.36    7.46 ^ _18913_/Y (sky130_fd_sc_hd__o31ai_4)
                                         _07151_ (net)
                  0.39    0.00    7.47 ^ _18956_/A1 (sky130_fd_sc_hd__o21ai_4)
     4    0.03    0.12    0.16    7.63 v _18956_/Y (sky130_fd_sc_hd__o21ai_4)
                                         _07183_ (net)
                  0.12    0.00    7.63 v _18990_/A2 (sky130_fd_sc_hd__a41oi_4)
     4    0.02    0.26    0.27    7.90 ^ _18990_/Y (sky130_fd_sc_hd__a41oi_4)
                                         _07211_ (net)
                  0.26    0.00    7.90 ^ _18991_/A (sky130_fd_sc_hd__nor2b_1)
     1    0.00    0.07    0.09    8.00 v _18991_/Y (sky130_fd_sc_hd__nor2b_1)
                                         _07212_ (net)
                  0.07    0.00    8.00 v _18992_/A1 (sky130_fd_sc_hd__o21ai_1)
     1    0.01    0.16    0.18    8.18 ^ _18992_/Y (sky130_fd_sc_hd__o21ai_1)
                                         _07213_ (net)
                  0.16    0.00    8.18 ^ _18993_/B (sky130_fd_sc_hd__nand2b_1)
     2    0.01    0.12    0.15    8.32 v _18993_/Y (sky130_fd_sc_hd__nand2b_1)
                                         _07214_ (net)
                  0.12    0.00    8.32 v _19158_/A1 (sky130_fd_sc_hd__a21o_1)
     1    0.01    0.07    0.22    8.54 v _19158_/X (sky130_fd_sc_hd__a21o_1)
                                         _07345_ (net)
                  0.07    0.00    8.54 v _19159_/A1 (sky130_fd_sc_hd__a21oi_4)
     3    0.02    0.21    0.21    8.76 ^ _19159_/Y (sky130_fd_sc_hd__a21oi_4)
                                         _07346_ (net)
                  0.21    0.00    8.76 ^ _20453_/B (sky130_fd_sc_hd__xnor2_2)
     1    0.01    0.15    0.15    8.91 ^ _20453_/Y (sky130_fd_sc_hd__xnor2_2)
                                         _12754_ (net)
                  0.15    0.00    8.91 ^ _27765_/CIN (sky130_fd_sc_hd__fa_1)
     1    0.01    0.12    0.48    9.39 v _27765_/SUM (sky130_fd_sc_hd__fa_1)
                                         _12758_ (net)
                  0.12    0.00    9.39 v _28214_/B (sky130_fd_sc_hd__ha_4)
     4    0.02    0.05    0.26    9.65 v _28214_/SUM (sky130_fd_sc_hd__ha_4)
                                         _14179_ (net)
                  0.05    0.00    9.65 v _23889_/A1 (sky130_fd_sc_hd__o21a_1)
     1    0.01    0.05    0.20    9.85 v _23889_/X (sky130_fd_sc_hd__o21a_1)
                                         _09685_ (net)
                  0.05    0.00    9.85 v _23890_/A2 (sky130_fd_sc_hd__o211ai_2)
     3    0.02    0.24    0.23   10.08 ^ _23890_/Y (sky130_fd_sc_hd__o211ai_2)
                                         _09686_ (net)
                  0.24    0.00   10.08 ^ _23895_/A2 (sky130_fd_sc_hd__o21ai_2)
     2    0.01    0.08    0.10   10.17 v _23895_/Y (sky130_fd_sc_hd__o21ai_2)
                                         _09691_ (net)
                  0.08    0.00   10.17 v _23896_/B2 (sky130_fd_sc_hd__a32o_2)
     3    0.03    0.10    0.32   10.49 v _23896_/X (sky130_fd_sc_hd__a32o_2)
                                         _09692_ (net)
                  0.10    0.00   10.49 v _23912_/D (sky130_fd_sc_hd__or4_4)
     2    0.01    0.09    0.45   10.94 v _23912_/X (sky130_fd_sc_hd__or4_4)
                                         _09704_ (net)
                  0.09    0.00   10.94 v _23927_/A1 (sky130_fd_sc_hd__a311oi_2)
     1    0.01    0.25    0.26   11.20 ^ _23927_/Y (sky130_fd_sc_hd__a311oi_2)
                                         _09717_ (net)
                  0.25    0.00   11.20 ^ _23929_/A (sky130_fd_sc_hd__nor2_2)
     3    0.02    0.09    0.13   11.33 v _23929_/Y (sky130_fd_sc_hd__nor2_2)
                                         _09719_ (net)
                  0.09    0.00   11.33 v _23951_/A1 (sky130_fd_sc_hd__o211a_1)
     2    0.01    0.09    0.29   11.61 v _23951_/X (sky130_fd_sc_hd__o211a_1)
                                         _09737_ (net)
                  0.09    0.00   11.61 v _23953_/C (sky130_fd_sc_hd__nor4b_2)
     1    0.01    0.26    0.27   11.89 ^ _23953_/Y (sky130_fd_sc_hd__nor4b_2)
                                         _09739_ (net)
                  0.26    0.00   11.89 ^ _23958_/C1 (sky130_fd_sc_hd__a211oi_2)
     1    0.01    0.08    0.08   11.97 v _23958_/Y (sky130_fd_sc_hd__a211oi_2)
                                         _09744_ (net)
                  0.08    0.00   11.97 v _23959_/B (sky130_fd_sc_hd__xnor2_1)
     1    0.01    0.08    0.15   12.11 v _23959_/Y (sky130_fd_sc_hd__xnor2_1)
                                         hash.CA1.p3[31] (net)
                  0.08    0.00   12.11 v hash.p3_cap[31]$_DFF_P_/D (sky130_fd_sc_hd__dfxtp_1)
                                 12.11   data arrival time

                         10.00   10.00   clock core_clock (rise edge)
                          0.00   10.00   clock source latency
     2    0.13    0.00    0.00   10.00 ^ clk (in)
                                         clk (net)
                  0.01    0.01   10.01 ^ clkbuf_0_clk/A (sky130_fd_sc_hd__clkbuf_16)
     4    0.18    0.20    0.23   10.23 ^ clkbuf_0_clk/X (sky130_fd_sc_hd__clkbuf_16)
                                         clknet_0_clk (net)
                  0.20    0.01   10.24 ^ clkbuf_2_3_0_clk/A (sky130_fd_sc_hd__clkbuf_16)
     8    0.18    0.19    0.29   10.53 ^ clkbuf_2_3_0_clk/X (sky130_fd_sc_hd__clkbuf_16)
                                         clknet_2_3_0_clk (net)
                  0.19    0.01   10.54 ^ clkbuf_5_31__f_clk/A (sky130_fd_sc_hd__clkbuf_16)
    12    0.17    0.18    0.28   10.82 ^ clkbuf_5_31__f_clk/X (sky130_fd_sc_hd__clkbuf_16)
                                         clknet_5_31__leaf_clk (net)
                  0.18    0.00   10.82 ^ clkbuf_leaf_157_clk/A (sky130_fd_sc_hd__clkbuf_16)
    12    0.04    0.06    0.19   11.01 ^ clkbuf_leaf_157_clk/X (sky130_fd_sc_hd__clkbuf_16)
                                         clknet_leaf_157_clk (net)
                  0.06    0.00   11.01 ^ hash.p3_cap[31]$_DFF_P_/CLK (sky130_fd_sc_hd__dfxtp_1)
                          0.00   11.01   clock reconvergence pessimism
                         -0.12   10.89   library setup time
                                 10.89   data required time
-----------------------------------------------------------------------------
                                 10.89   data required time
                                -12.11   data arrival time
-----------------------------------------------------------------------------
                                 -1.22   slack (VIOLATED)



==========================================================================
global route report_check_types -max_slew -max_cap -max_fanout -violators
--------------------------------------------------------------------------

==========================================================================
global route max_slew_check_slack
--------------------------------------------------------------------------
0.2301912009716034

==========================================================================
global route max_slew_check_limit
--------------------------------------------------------------------------
1.468616008758545

==========================================================================
global route max_slew_check_slack_limit
--------------------------------------------------------------------------
0.1567

==========================================================================
global route max_fanout_check_slack
--------------------------------------------------------------------------
1.0000000150474662e+30

==========================================================================
global route max_fanout_check_limit
--------------------------------------------------------------------------
1.0000000150474662e+30

==========================================================================
global route max_capacitance_check_slack
--------------------------------------------------------------------------
0.01725917123258114

==========================================================================
global route max_capacitance_check_limit
--------------------------------------------------------------------------
0.021067000925540924

==========================================================================
global route max_capacitance_check_slack_limit
--------------------------------------------------------------------------
0.8193

==========================================================================
global route max_slew_violation_count
--------------------------------------------------------------------------
max slew violation count 0

==========================================================================
global route max_fanout_violation_count
--------------------------------------------------------------------------
max fanout violation count 0

==========================================================================
global route max_cap_violation_count
--------------------------------------------------------------------------
max cap violation count 0

==========================================================================
global route setup_violation_count
--------------------------------------------------------------------------
setup violation count 25

==========================================================================
global route hold_violation_count
--------------------------------------------------------------------------
hold violation count 0

==========================================================================
global route report_checks -path_delay max reg to reg
--------------------------------------------------------------------------
Startpoint: hash.p2_cap[25]$_DFF_P_
            (rising edge-triggered flip-flop clocked by core_clock)
Endpoint: hash.p3_cap[31]$_DFF_P_
          (rising edge-triggered flip-flop clocked by core_clock)
Path Group: core_clock
Path Type: max

  Delay    Time   Description
---------------------------------------------------------
   0.00    0.00   clock core_clock (rise edge)
   0.00    0.00   clock source latency
   0.00    0.00 ^ clk (in)
   0.23    0.23 ^ clkbuf_0_clk/X (sky130_fd_sc_hd__clkbuf_16)
   0.30    0.53 ^ clkbuf_2_3_0_clk/X (sky130_fd_sc_hd__clkbuf_16)
   0.27    0.80 ^ clkbuf_5_29__f_clk/X (sky130_fd_sc_hd__clkbuf_16)
   0.18    0.98 ^ clkbuf_leaf_150_clk/X (sky130_fd_sc_hd__clkbuf_16)
   0.00    0.99 ^ hash.p2_cap[25]$_DFF_P_/CLK (sky130_fd_sc_hd__dfxtp_4)
   0.41    1.40 v hash.p2_cap[25]$_DFF_P_/Q (sky130_fd_sc_hd__dfxtp_4)
   0.18    1.58 v _15161_/Y (sky130_fd_sc_hd__xnor2_4)
   0.22    1.80 ^ _15162_/Y (sky130_fd_sc_hd__xnor2_2)
   0.25    2.05 ^ _27949_/COUT (sky130_fd_sc_hd__ha_2)
   0.04    2.09 v _19178_/Y (sky130_fd_sc_hd__inv_2)
   0.36    2.45 v _27652_/COUT (sky130_fd_sc_hd__fa_2)
   0.14    2.60 ^ _15307_/Y (sky130_fd_sc_hd__nor2b_2)
   0.08    2.67 v _15308_/Y (sky130_fd_sc_hd__o21ai_2)
   0.19    2.87 ^ _15309_/Y (sky130_fd_sc_hd__a21boi_2)
   0.11    2.97 v _15365_/Y (sky130_fd_sc_hd__o21ai_2)
   0.20    3.18 ^ _15423_/Y (sky130_fd_sc_hd__a21oi_4)
   0.11    3.29 v _15499_/Y (sky130_fd_sc_hd__a21oi_4)
   0.23    3.51 ^ _15543_/Y (sky130_fd_sc_hd__o22ai_4)
   0.18    3.69 ^ _15570_/X (sky130_fd_sc_hd__a31o_1)
   0.17    3.86 ^ _15571_/X (sky130_fd_sc_hd__a21o_1)
   0.09    3.95 v _15593_/Y (sky130_fd_sc_hd__a21oi_2)
   0.23    4.18 ^ _15615_/Y (sky130_fd_sc_hd__o211ai_2)
   0.11    4.28 v _15616_/Y (sky130_fd_sc_hd__a21oi_4)
   0.16    4.44 v _20670_/Y (sky130_fd_sc_hd__xnor2_2)
   0.33    4.77 ^ _28038_/SUM (sky130_fd_sc_hd__ha_1)
   0.09    4.87 v _18447_/Y (sky130_fd_sc_hd__nand2_2)
   0.17    5.04 ^ _18450_/Y (sky130_fd_sc_hd__o21ai_1)
   0.16    5.20 ^ _18451_/X (sky130_fd_sc_hd__a21o_1)
   0.08    5.28 v _18452_/Y (sky130_fd_sc_hd__a21oi_4)
   0.16    5.44 v rebuffer9/X (sky130_fd_sc_hd__buf_2)
   0.13    5.57 ^ _18493_/Y (sky130_fd_sc_hd__o21ai_2)
   0.13    5.70 v _18507_/Y (sky130_fd_sc_hd__o21ai_0)
   0.52    6.22 v _18512_/X (sky130_fd_sc_hd__a221o_4)
   0.31    6.53 ^ _20769_/Y (sky130_fd_sc_hd__xnor2_4)
   0.28    6.81 v _28174_/SUM (sky130_fd_sc_hd__ha_4)
   0.19    7.00 ^ _18886_/Y (sky130_fd_sc_hd__a21oi_2)
   0.11    7.10 v _18887_/Y (sky130_fd_sc_hd__o21ai_4)
   0.36    7.46 ^ _18913_/Y (sky130_fd_sc_hd__o31ai_4)
   0.16    7.63 v _18956_/Y (sky130_fd_sc_hd__o21ai_4)
   0.28    7.90 ^ _18990_/Y (sky130_fd_sc_hd__a41oi_4)
   0.09    8.00 v _18991_/Y (sky130_fd_sc_hd__nor2b_1)
   0.18    8.18 ^ _18992_/Y (sky130_fd_sc_hd__o21ai_1)
   0.15    8.32 v _18993_/Y (sky130_fd_sc_hd__nand2b_1)
   0.22    8.54 v _19158_/X (sky130_fd_sc_hd__a21o_1)
   0.21    8.76 ^ _19159_/Y (sky130_fd_sc_hd__a21oi_4)
   0.15    8.91 ^ _20453_/Y (sky130_fd_sc_hd__xnor2_2)
   0.48    9.39 v _27765_/SUM (sky130_fd_sc_hd__fa_1)
   0.26    9.65 v _28214_/SUM (sky130_fd_sc_hd__ha_4)
   0.20    9.85 v _23889_/X (sky130_fd_sc_hd__o21a_1)
   0.23   10.08 ^ _23890_/Y (sky130_fd_sc_hd__o211ai_2)
   0.10   10.17 v _23895_/Y (sky130_fd_sc_hd__o21ai_2)
   0.32   10.49 v _23896_/X (sky130_fd_sc_hd__a32o_2)
   0.45   10.94 v _23912_/X (sky130_fd_sc_hd__or4_4)
   0.26   11.20 ^ _23927_/Y (sky130_fd_sc_hd__a311oi_2)
   0.13   11.33 v _23929_/Y (sky130_fd_sc_hd__nor2_2)
   0.29   11.61 v _23951_/X (sky130_fd_sc_hd__o211a_1)
   0.27   11.89 ^ _23953_/Y (sky130_fd_sc_hd__nor4b_2)
   0.08   11.97 v _23958_/Y (sky130_fd_sc_hd__a211oi_2)
   0.15   12.11 v _23959_/Y (sky130_fd_sc_hd__xnor2_1)
   0.00   12.11 v hash.p3_cap[31]$_DFF_P_/D (sky130_fd_sc_hd__dfxtp_1)
          12.11   data arrival time

  10.00   10.00   clock core_clock (rise edge)
   0.00   10.00   clock source latency
   0.00   10.00 ^ clk (in)
   0.23   10.23 ^ clkbuf_0_clk/X (sky130_fd_sc_hd__clkbuf_16)
   0.30   10.53 ^ clkbuf_2_3_0_clk/X (sky130_fd_sc_hd__clkbuf_16)
   0.29   10.82 ^ clkbuf_5_31__f_clk/X (sky130_fd_sc_hd__clkbuf_16)
   0.19   11.01 ^ clkbuf_leaf_157_clk/X (sky130_fd_sc_hd__clkbuf_16)
   0.00   11.01 ^ hash.p3_cap[31]$_DFF_P_/CLK (sky130_fd_sc_hd__dfxtp_1)
   0.00   11.01   clock reconvergence pessimism
  -0.12   10.89   library setup time
          10.89   data required time
---------------------------------------------------------
          10.89   data required time
         -12.11   data arrival time
---------------------------------------------------------
          -1.22   slack (VIOLATED)



==========================================================================
global route report_checks -path_delay min reg to reg
--------------------------------------------------------------------------
Startpoint: ready_dash$_SDFF_PP0_
            (rising edge-triggered flip-flop clocked by core_clock)
Endpoint: ready$_DFF_P_ (rising edge-triggered flip-flop clocked by core_clock)
Path Group: core_clock
Path Type: min

  Delay    Time   Description
---------------------------------------------------------
   0.00    0.00   clock core_clock (rise edge)
   0.00    0.00   clock source latency
   0.00    0.00 ^ clk (in)
   0.23    0.23 ^ clkbuf_0_clk/X (sky130_fd_sc_hd__clkbuf_16)
   0.31    0.54 ^ clkbuf_2_1_0_clk/X (sky130_fd_sc_hd__clkbuf_16)
   0.26    0.80 ^ clkbuf_5_14__f_clk/X (sky130_fd_sc_hd__clkbuf_16)
   0.18    0.98 ^ clkbuf_leaf_200_clk/X (sky130_fd_sc_hd__clkbuf_16)
   0.00    0.98 ^ ready_dash$_SDFF_PP0_/CLK (sky130_fd_sc_hd__dfxtp_1)
   0.30    1.28 v ready_dash$_SDFF_PP0_/Q (sky130_fd_sc_hd__dfxtp_1)
   0.00    1.28 v ready$_DFF_P_/D (sky130_fd_sc_hd__dfxtp_4)
           1.28   data arrival time

   0.00    0.00   clock core_clock (rise edge)
   0.00    0.00   clock source latency
   0.00    0.00 ^ clk (in)
   0.23    0.23 ^ clkbuf_0_clk/X (sky130_fd_sc_hd__clkbuf_16)
   0.31    0.54 ^ clkbuf_2_1_0_clk/X (sky130_fd_sc_hd__clkbuf_16)
   0.28    0.82 ^ clkbuf_5_15__f_clk/X (sky130_fd_sc_hd__clkbuf_16)
   0.19    1.01 ^ clkbuf_leaf_201_clk/X (sky130_fd_sc_hd__clkbuf_16)
   0.00    1.01 ^ ready$_DFF_P_/CLK (sky130_fd_sc_hd__dfxtp_4)
   0.00    1.01   clock reconvergence pessimism
  -0.03    0.97   library hold time
           0.97   data required time
---------------------------------------------------------
           0.97   data required time
          -1.28   data arrival time
---------------------------------------------------------
           0.31   slack (MET)



==========================================================================
global route critical path target clock latency max path
--------------------------------------------------------------------------
1.0195

==========================================================================
global route critical path target clock latency min path
--------------------------------------------------------------------------
1.0481

==========================================================================
global route critical path source clock latency min path
--------------------------------------------------------------------------
0.0000

==========================================================================
global route critical path delay
--------------------------------------------------------------------------
12.1121

==========================================================================
global route critical path slack
--------------------------------------------------------------------------
-1.2194

==========================================================================
global route slack div critical path delay
--------------------------------------------------------------------------
-10.067618

==========================================================================
global route report_power
--------------------------------------------------------------------------
Group                  Internal  Switching    Leakage      Total
                          Power      Power      Power      Power (Watts)
----------------------------------------------------------------
Sequential             2.40e-02   2.99e-03   2.77e-08   2.70e-02   4.4%
Combinational          2.20e-01   3.50e-01   7.04e-08   5.70e-01  93.4%
Clock                  7.35e-03   5.95e-03   5.44e-09   1.33e-02   2.2%
Macro                  0.00e+00   0.00e+00   0.00e+00   0.00e+00   0.0%
Pad                    0.00e+00   0.00e+00   0.00e+00   0.00e+00   0.0%
----------------------------------------------------------------
Total                  2.51e-01   3.59e-01   1.04e-07   6.11e-01 100.0%
                          41.1%      58.9%       0.0%
