
==========================================================================
finish report_tns
--------------------------------------------------------------------------
tns -12.10

==========================================================================
finish report_wns
--------------------------------------------------------------------------
wns -0.93

==========================================================================
finish report_worst_slack
--------------------------------------------------------------------------
worst slack -0.93

==========================================================================
finish report_clock_skew
--------------------------------------------------------------------------
Clock core_clock
   1.13 source latency w[17][30]$_SDFFCE_PN0P_/CLK ^
  -0.97 target latency w[7][19]$_DFFE_PP_/CLK ^
   0.00 CRPR
--------------
   0.16 setup skew


==========================================================================
finish report_checks -path_delay min
--------------------------------------------------------------------------
Startpoint: ready_dash$_SDFF_PP0_
            (rising edge-triggered flip-flop clocked by core_clock)
Endpoint: ready$_DFF_P_ (rising edge-triggered flip-flop clocked by core_clock)
Path Group: core_clock
Path Type: min

Fanout     Cap    Slew   Delay    Time   Description
-----------------------------------------------------------------------------
                          0.00    0.00   clock core_clock (rise edge)
                          0.00    0.00   clock source latency
     2    0.10    0.00    0.00    0.00 ^ clk (in)
                                         clk (net)
                  0.01    0.00    0.00 ^ clkbuf_0_clk/A (sky130_fd_sc_hd__clkbuf_16)
     4    0.19    0.20    0.23    0.23 ^ clkbuf_0_clk/X (sky130_fd_sc_hd__clkbuf_16)
                                         clknet_0_clk (net)
                  0.21    0.02    0.25 ^ clkbuf_2_3_0_clk/A (sky130_fd_sc_hd__clkbuf_16)
     8    0.21    0.22    0.31    0.56 ^ clkbuf_2_3_0_clk/X (sky130_fd_sc_hd__clkbuf_16)
                                         clknet_2_3_0_clk (net)
                  0.22    0.01    0.57 ^ clkbuf_5_28__f_clk/A (sky130_fd_sc_hd__clkbuf_16)
    10    0.14    0.15    0.27    0.84 ^ clkbuf_5_28__f_clk/X (sky130_fd_sc_hd__clkbuf_16)
                                         clknet_5_28__leaf_clk (net)
                  0.15    0.00    0.84 ^ clkbuf_leaf_136_clk/A (sky130_fd_sc_hd__clkbuf_16)
    12    0.05    0.07    0.18    1.02 ^ clkbuf_leaf_136_clk/X (sky130_fd_sc_hd__clkbuf_16)
                                         clknet_leaf_136_clk (net)
                  0.07    0.00    1.02 ^ ready_dash$_SDFF_PP0_/CLK (sky130_fd_sc_hd__dfxtp_1)
     1    0.00    0.04    0.30    1.33 ^ ready_dash$_SDFF_PP0_/Q (sky130_fd_sc_hd__dfxtp_1)
                                         ready_dash (net)
                  0.04    0.00    1.33 ^ ready$_DFF_P_/D (sky130_fd_sc_hd__dfxtp_1)
                                  1.33   data arrival time

                          0.00    0.00   clock core_clock (rise edge)
                          0.00    0.00   clock source latency
     2    0.10    0.00    0.00    0.00 ^ clk (in)
                                         clk (net)
                  0.01    0.00    0.00 ^ clkbuf_0_clk/A (sky130_fd_sc_hd__clkbuf_16)
     4    0.19    0.20    0.23    0.23 ^ clkbuf_0_clk/X (sky130_fd_sc_hd__clkbuf_16)
                                         clknet_0_clk (net)
                  0.21    0.02    0.25 ^ clkbuf_2_3_0_clk/A (sky130_fd_sc_hd__clkbuf_16)
     8    0.21    0.22    0.31    0.56 ^ clkbuf_2_3_0_clk/X (sky130_fd_sc_hd__clkbuf_16)
                                         clknet_2_3_0_clk (net)
                  0.22    0.01    0.57 ^ clkbuf_5_28__f_clk/A (sky130_fd_sc_hd__clkbuf_16)
    10    0.14    0.15    0.27    0.84 ^ clkbuf_5_28__f_clk/X (sky130_fd_sc_hd__clkbuf_16)
                                         clknet_5_28__leaf_clk (net)
                  0.15    0.00    0.84 ^ clkbuf_leaf_136_clk/A (sky130_fd_sc_hd__clkbuf_16)
    12    0.05    0.07    0.18    1.02 ^ clkbuf_leaf_136_clk/X (sky130_fd_sc_hd__clkbuf_16)
                                         clknet_leaf_136_clk (net)
                  0.07    0.00    1.02 ^ ready$_DFF_P_/CLK (sky130_fd_sc_hd__dfxtp_1)
                          0.00    1.02   clock reconvergence pessimism
                         -0.03    1.00   library hold time
                                  1.00   data required time
-----------------------------------------------------------------------------
                                  1.00   data required time
                                 -1.33   data arrival time
-----------------------------------------------------------------------------
                                  0.33   slack (MET)



==========================================================================
finish report_checks -path_delay max
--------------------------------------------------------------------------
Startpoint: hash.p2_cap[26]$_DFF_P_
            (rising edge-triggered flip-flop clocked by core_clock)
Endpoint: hash.p2_cap[30]$_DFF_P_
          (rising edge-triggered flip-flop clocked by core_clock)
Path Group: core_clock
Path Type: max

Fanout     Cap    Slew   Delay    Time   Description
-----------------------------------------------------------------------------
                          0.00    0.00   clock core_clock (rise edge)
                          0.00    0.00   clock source latency
     2    0.10    0.00    0.00    0.00 ^ clk (in)
                                         clk (net)
                  0.01    0.00    0.00 ^ clkbuf_0_clk/A (sky130_fd_sc_hd__clkbuf_16)
     4    0.19    0.20    0.23    0.23 ^ clkbuf_0_clk/X (sky130_fd_sc_hd__clkbuf_16)
                                         clknet_0_clk (net)
                  0.21    0.02    0.25 ^ clkbuf_2_3_0_clk/A (sky130_fd_sc_hd__clkbuf_16)
     8    0.21    0.22    0.31    0.56 ^ clkbuf_2_3_0_clk/X (sky130_fd_sc_hd__clkbuf_16)
                                         clknet_2_3_0_clk (net)
                  0.22    0.01    0.57 ^ clkbuf_5_24__f_clk/A (sky130_fd_sc_hd__clkbuf_16)
     7    0.12    0.14    0.26    0.83 ^ clkbuf_5_24__f_clk/X (sky130_fd_sc_hd__clkbuf_16)
                                         clknet_5_24__leaf_clk (net)
                  0.14    0.00    0.83 ^ clkbuf_leaf_176_clk/A (sky130_fd_sc_hd__clkbuf_16)
    11    0.03    0.05    0.17    1.00 ^ clkbuf_leaf_176_clk/X (sky130_fd_sc_hd__clkbuf_16)
                                         clknet_leaf_176_clk (net)
                  0.05    0.00    1.00 ^ hash.p2_cap[26]$_DFF_P_/CLK (sky130_fd_sc_hd__dfxtp_4)
     7    0.06    0.09    0.40    1.40 v hash.p2_cap[26]$_DFF_P_/Q (sky130_fd_sc_hd__dfxtp_4)
                                         hash.CA2.S1.X[26] (net)
                  0.09    0.01    1.41 v _14842_/B (sky130_fd_sc_hd__xnor2_2)
     1    0.01    0.06    0.16    1.57 v _14842_/Y (sky130_fd_sc_hd__xnor2_2)
                                         _04446_ (net)
                  0.06    0.00    1.57 v _14843_/B (sky130_fd_sc_hd__xnor2_2)
     2    0.02    0.26    0.24    1.81 ^ _14843_/Y (sky130_fd_sc_hd__xnor2_2)
                                         _13237_ (net)
                  0.26    0.00    1.81 ^ _27609_/A (sky130_fd_sc_hd__ha_1)
     2    0.01    0.08    0.30    2.12 v _27609_/SUM (sky130_fd_sc_hd__ha_1)
                                         _13239_ (net)
                  0.08    0.00    2.12 v _14941_/A2 (sky130_fd_sc_hd__a211oi_2)
     1    0.01    0.20    0.26    2.37 ^ _14941_/Y (sky130_fd_sc_hd__a211oi_2)
                                         _04525_ (net)
                  0.20    0.00    2.38 ^ _14944_/A1 (sky130_fd_sc_hd__o21ai_2)
     3    0.02    0.09    0.13    2.50 v _14944_/Y (sky130_fd_sc_hd__o21ai_2)
                                         _04528_ (net)
                  0.09    0.00    2.50 v _15066_/A1 (sky130_fd_sc_hd__o311ai_2)
     1    0.01    0.28    0.34    2.84 ^ _15066_/Y (sky130_fd_sc_hd__o311ai_2)
                                         _04626_ (net)
                  0.28    0.00    2.84 ^ _15067_/A1 (sky130_fd_sc_hd__a21boi_2)
     3    0.01    0.10    0.13    2.98 v _15067_/Y (sky130_fd_sc_hd__a21boi_2)
                                         _04627_ (net)
                  0.10    0.00    2.98 v _15090_/A2 (sky130_fd_sc_hd__o21ai_0)
     1    0.00    0.16    0.18    3.16 ^ _15090_/Y (sky130_fd_sc_hd__o21ai_0)
                                         _04642_ (net)
                  0.16    0.00    3.16 ^ _15091_/B (sky130_fd_sc_hd__nand2b_1)
     1    0.01    0.07    0.09    3.25 v _15091_/Y (sky130_fd_sc_hd__nand2b_1)
                                         _04643_ (net)
                  0.07    0.00    3.25 v _15092_/A2 (sky130_fd_sc_hd__a21o_4)
     2    0.01    0.04    0.23    3.49 v _15092_/X (sky130_fd_sc_hd__a21o_4)
                                         _04644_ (net)
                  0.04    0.00    3.49 v _15115_/A2 (sky130_fd_sc_hd__a211oi_2)
     1    0.01    0.18    0.23    3.72 ^ _15115_/Y (sky130_fd_sc_hd__a211oi_2)
                                         _04659_ (net)
                  0.18    0.00    3.72 ^ _15117_/A (sky130_fd_sc_hd__nor2_2)
     3    0.01    0.07    0.09    3.81 v _15117_/Y (sky130_fd_sc_hd__nor2_2)
                                         _04661_ (net)
                  0.07    0.00    3.81 v _15160_/A2 (sky130_fd_sc_hd__a31oi_2)
     2    0.01    0.19    0.22    4.03 ^ _15160_/Y (sky130_fd_sc_hd__a31oi_2)
                                         _04688_ (net)
                  0.19    0.00    4.03 ^ _15181_/A2 (sky130_fd_sc_hd__o21bai_1)
     1    0.00    0.06    0.10    4.12 v _15181_/Y (sky130_fd_sc_hd__o21bai_1)
                                         _04701_ (net)
                  0.06    0.00    4.12 v _15182_/A1 (sky130_fd_sc_hd__a21oi_2)
     1    0.02    0.24    0.24    4.37 ^ _15182_/Y (sky130_fd_sc_hd__a21oi_2)
                                         _04702_ (net)
                  0.24    0.00    4.37 ^ _15183_/A (sky130_fd_sc_hd__xnor2_4)
     2    0.01    0.16    0.16    4.53 ^ _15183_/Y (sky130_fd_sc_hd__xnor2_4)
                                         _13379_ (net)
                  0.16    0.00    4.53 ^ _27691_/B (sky130_fd_sc_hd__ha_4)
     2    0.01    0.05    0.24    4.77 v _27691_/SUM (sky130_fd_sc_hd__ha_4)
                                         _13489_ (net)
                  0.05    0.00    4.77 v _18031_/A1 (sky130_fd_sc_hd__a21o_1)
     2    0.01    0.06    0.18    4.94 v _18031_/X (sky130_fd_sc_hd__a21o_1)
                                         _06656_ (net)
                  0.06    0.00    4.94 v _18033_/B1 (sky130_fd_sc_hd__a31oi_1)
     2    0.01    0.21    0.20    5.14 ^ _18033_/Y (sky130_fd_sc_hd__a31oi_1)
                                         _06658_ (net)
                  0.21    0.00    5.14 ^ _18049_/A (sky130_fd_sc_hd__nor2_1)
     1    0.01    0.08    0.12    5.26 v _18049_/Y (sky130_fd_sc_hd__nor2_1)
                                         _06670_ (net)
                  0.08    0.00    5.26 v _18050_/B2 (sky130_fd_sc_hd__a221oi_4)
     3    0.02    0.34    0.37    5.63 ^ _18050_/Y (sky130_fd_sc_hd__a221oi_4)
                                         _06671_ (net)
                  0.34    0.00    5.63 ^ _18090_/B (sky130_fd_sc_hd__nor2_1)
     1    0.00    0.07    0.08    5.71 v _18090_/Y (sky130_fd_sc_hd__nor2_1)
                                         _06703_ (net)
                  0.07    0.00    5.71 v _18091_/A3 (sky130_fd_sc_hd__o31a_1)
     3    0.02    0.13    0.33    6.04 v _18091_/X (sky130_fd_sc_hd__o31a_1)
                                         _06704_ (net)
                  0.13    0.00    6.05 v _18092_/A2 (sky130_fd_sc_hd__o21ai_4)
     4    0.03    0.26    0.27    6.32 ^ _18092_/Y (sky130_fd_sc_hd__o21ai_4)
                                         _06705_ (net)
                  0.26    0.00    6.32 ^ _18107_/A (sky130_fd_sc_hd__nor2_4)
     1    0.01    0.06    0.07    6.39 v _18107_/Y (sky130_fd_sc_hd__nor2_4)
                                         _06716_ (net)
                  0.06    0.00    6.39 v _18112_/C1 (sky130_fd_sc_hd__a211oi_4)
     4    0.03    0.38    0.33    6.72 ^ _18112_/Y (sky130_fd_sc_hd__a211oi_4)
                                         hash.CA1.S1.X[30] (net)
                  0.38    0.00    6.72 ^ rebuffer1/A (sky130_fd_sc_hd__buf_6)
     4    0.05    0.11    0.22    6.94 ^ rebuffer1/X (sky130_fd_sc_hd__buf_6)
                                         net1033 (net)
                  0.11    0.01    6.94 ^ _20011_/A (sky130_fd_sc_hd__xnor2_4)
     1    0.01    0.08    0.09    7.03 v _20011_/Y (sky130_fd_sc_hd__xnor2_4)
                                         _13896_ (net)
                  0.08    0.00    7.03 v _27835_/A (sky130_fd_sc_hd__ha_4)
     3    0.01    0.04    0.18    7.21 v _27835_/COUT (sky130_fd_sc_hd__ha_4)
                                         _13898_ (net)
                  0.04    0.00    7.21 v _18498_/B (sky130_fd_sc_hd__or3_1)
     1    0.00    0.07    0.35    7.57 v _18498_/X (sky130_fd_sc_hd__or3_1)
                                         _06951_ (net)
                  0.07    0.00    7.57 v _18499_/C1 (sky130_fd_sc_hd__a311oi_2)
     2    0.01    0.34    0.31    7.87 ^ _18499_/Y (sky130_fd_sc_hd__a311oi_2)
                                         _06952_ (net)
                  0.34    0.00    7.87 ^ _18500_/B (sky130_fd_sc_hd__or2_4)
     3    0.01    0.06    0.21    8.08 ^ _18500_/X (sky130_fd_sc_hd__or2_4)
                                         _06953_ (net)
                  0.06    0.00    8.08 ^ _18721_/A2 (sky130_fd_sc_hd__o21bai_1)
     1    0.01    0.07    0.08    8.16 v _18721_/Y (sky130_fd_sc_hd__o21bai_1)
                                         _07116_ (net)
                  0.07    0.00    8.16 v _18722_/A2 (sky130_fd_sc_hd__a21oi_2)
     2    0.02    0.25    0.26    8.41 ^ _18722_/Y (sky130_fd_sc_hd__a21oi_2)
                                         _07117_ (net)
                  0.25    0.00    8.42 ^ _18723_/B (sky130_fd_sc_hd__xnor2_2)
     1    0.01    0.14    0.15    8.57 ^ _18723_/Y (sky130_fd_sc_hd__xnor2_2)
                                         _12720_ (net)
                  0.14    0.00    8.57 ^ _27455_/CIN (sky130_fd_sc_hd__fa_1)
     1    0.01    0.11    0.47    9.03 v _27455_/SUM (sky130_fd_sc_hd__fa_1)
                                         _12722_ (net)
                  0.11    0.00    9.03 v _27919_/B (sky130_fd_sc_hd__ha_4)
     4    0.02    0.05    0.26    9.29 v _27919_/SUM (sky130_fd_sc_hd__ha_4)
                                         _14158_ (net)
                  0.05    0.00    9.29 v _23293_/A1 (sky130_fd_sc_hd__a21o_1)
     1    0.01    0.05    0.17    9.46 v _23293_/X (sky130_fd_sc_hd__a21o_1)
                                         _09340_ (net)
                  0.05    0.00    9.46 v _23294_/A2 (sky130_fd_sc_hd__a21o_4)
     3    0.02    0.05    0.23    9.69 v _23294_/X (sky130_fd_sc_hd__a21o_4)
                                         _09341_ (net)
                  0.05    0.00    9.69 v _23310_/B1 (sky130_fd_sc_hd__a21oi_2)
     1    0.01    0.10    0.11    9.80 ^ _23310_/Y (sky130_fd_sc_hd__a21oi_2)
                                         _09356_ (net)
                  0.10    0.00    9.80 ^ _23311_/B1 (sky130_fd_sc_hd__o21ai_2)
     2    0.01    0.10    0.10    9.90 v _23311_/Y (sky130_fd_sc_hd__o21ai_2)
                                         _09357_ (net)
                  0.10    0.00    9.90 v _23319_/C (sky130_fd_sc_hd__nor3_2)
     2    0.01    0.18    0.17   10.06 ^ _23319_/Y (sky130_fd_sc_hd__nor3_2)
                                         _09363_ (net)
                  0.18    0.00   10.06 ^ _23329_/C (sky130_fd_sc_hd__or3_4)
     2    0.01    0.06    0.17   10.24 ^ _23329_/X (sky130_fd_sc_hd__or3_4)
                                         _09371_ (net)
                  0.06    0.00   10.24 ^ _23344_/A1 (sky130_fd_sc_hd__a31oi_4)
     3    0.02    0.10    0.10   10.33 v _23344_/Y (sky130_fd_sc_hd__a31oi_4)
                                         _09384_ (net)
                  0.10    0.00   10.34 v _23354_/A3 (sky130_fd_sc_hd__a41o_4)
     3    0.02    0.06    0.30   10.64 v _23354_/X (sky130_fd_sc_hd__a41o_4)
                                         _09392_ (net)
                  0.06    0.00   10.64 v _23377_/A4 (sky130_fd_sc_hd__o41ai_4)
     2    0.02    0.39    0.33   10.97 ^ _23377_/Y (sky130_fd_sc_hd__o41ai_4)
                                         _09411_ (net)
                  0.39    0.00   10.97 ^ _23386_/A1 (sky130_fd_sc_hd__o22ai_2)
     2    0.01    0.12    0.18   11.16 v _23386_/Y (sky130_fd_sc_hd__o22ai_2)
                                         _09418_ (net)
                  0.12    0.00   11.16 v _23397_/A4 (sky130_fd_sc_hd__o41ai_4)
     2    0.01    0.30    0.28   11.44 ^ _23397_/Y (sky130_fd_sc_hd__o41ai_4)
                                         _09427_ (net)
                  0.30    0.00   11.44 ^ _23404_/A2 (sky130_fd_sc_hd__o21bai_1)
     1    0.00    0.07    0.10   11.54 v _23404_/Y (sky130_fd_sc_hd__o21bai_1)
                                         _09432_ (net)
                  0.07    0.00   11.54 v _23405_/A1 (sky130_fd_sc_hd__a21oi_1)
     1    0.01    0.15    0.17   11.70 ^ _23405_/Y (sky130_fd_sc_hd__a21oi_1)
                                         _09433_ (net)
                  0.15    0.00   11.70 ^ _23406_/B (sky130_fd_sc_hd__xnor2_1)
     1    0.00    0.12    0.13   11.84 ^ _23406_/Y (sky130_fd_sc_hd__xnor2_1)
                                         hash.CA1.p2[30] (net)
                  0.12    0.00   11.84 ^ hash.p2_cap[30]$_DFF_P_/D (sky130_fd_sc_hd__dfxtp_2)
                                 11.84   data arrival time

                         10.00   10.00   clock core_clock (rise edge)
                          0.00   10.00   clock source latency
     2    0.10    0.00    0.00   10.00 ^ clk (in)
                                         clk (net)
                  0.01    0.00   10.00 ^ clkbuf_0_clk/A (sky130_fd_sc_hd__clkbuf_16)
     4    0.19    0.20    0.23   10.23 ^ clkbuf_0_clk/X (sky130_fd_sc_hd__clkbuf_16)
                                         clknet_0_clk (net)
                  0.21    0.02   10.25 ^ clkbuf_2_3_0_clk/A (sky130_fd_sc_hd__clkbuf_16)
     8    0.21    0.22    0.31   10.56 ^ clkbuf_2_3_0_clk/X (sky130_fd_sc_hd__clkbuf_16)
                                         clknet_2_3_0_clk (net)
                  0.22    0.01   10.57 ^ clkbuf_5_25__f_clk/A (sky130_fd_sc_hd__clkbuf_16)
     5    0.10    0.12    0.24   10.81 ^ clkbuf_5_25__f_clk/X (sky130_fd_sc_hd__clkbuf_16)
                                         clknet_5_25__leaf_clk (net)
                  0.12    0.00   10.82 ^ clkbuf_leaf_175_clk/A (sky130_fd_sc_hd__clkbuf_16)
    10    0.04    0.06    0.17   10.99 ^ clkbuf_leaf_175_clk/X (sky130_fd_sc_hd__clkbuf_16)
                                         clknet_leaf_175_clk (net)
                  0.06    0.00   10.99 ^ hash.p2_cap[30]$_DFF_P_/CLK (sky130_fd_sc_hd__dfxtp_2)
                          0.00   10.99   clock reconvergence pessimism
                         -0.07   10.91   library setup time
                                 10.91   data required time
-----------------------------------------------------------------------------
                                 10.91   data required time
                                -11.84   data arrival time
-----------------------------------------------------------------------------
                                 -0.93   slack (VIOLATED)



==========================================================================
finish report_checks -unconstrained
--------------------------------------------------------------------------
Startpoint: hash.p2_cap[26]$_DFF_P_
            (rising edge-triggered flip-flop clocked by core_clock)
Endpoint: hash.p2_cap[30]$_DFF_P_
          (rising edge-triggered flip-flop clocked by core_clock)
Path Group: core_clock
Path Type: max

Fanout     Cap    Slew   Delay    Time   Description
-----------------------------------------------------------------------------
                          0.00    0.00   clock core_clock (rise edge)
                          0.00    0.00   clock source latency
     2    0.10    0.00    0.00    0.00 ^ clk (in)
                                         clk (net)
                  0.01    0.00    0.00 ^ clkbuf_0_clk/A (sky130_fd_sc_hd__clkbuf_16)
     4    0.19    0.20    0.23    0.23 ^ clkbuf_0_clk/X (sky130_fd_sc_hd__clkbuf_16)
                                         clknet_0_clk (net)
                  0.21    0.02    0.25 ^ clkbuf_2_3_0_clk/A (sky130_fd_sc_hd__clkbuf_16)
     8    0.21    0.22    0.31    0.56 ^ clkbuf_2_3_0_clk/X (sky130_fd_sc_hd__clkbuf_16)
                                         clknet_2_3_0_clk (net)
                  0.22    0.01    0.57 ^ clkbuf_5_24__f_clk/A (sky130_fd_sc_hd__clkbuf_16)
     7    0.12    0.14    0.26    0.83 ^ clkbuf_5_24__f_clk/X (sky130_fd_sc_hd__clkbuf_16)
                                         clknet_5_24__leaf_clk (net)
                  0.14    0.00    0.83 ^ clkbuf_leaf_176_clk/A (sky130_fd_sc_hd__clkbuf_16)
    11    0.03    0.05    0.17    1.00 ^ clkbuf_leaf_176_clk/X (sky130_fd_sc_hd__clkbuf_16)
                                         clknet_leaf_176_clk (net)
                  0.05    0.00    1.00 ^ hash.p2_cap[26]$_DFF_P_/CLK (sky130_fd_sc_hd__dfxtp_4)
     7    0.06    0.09    0.40    1.40 v hash.p2_cap[26]$_DFF_P_/Q (sky130_fd_sc_hd__dfxtp_4)
                                         hash.CA2.S1.X[26] (net)
                  0.09    0.01    1.41 v _14842_/B (sky130_fd_sc_hd__xnor2_2)
     1    0.01    0.06    0.16    1.57 v _14842_/Y (sky130_fd_sc_hd__xnor2_2)
                                         _04446_ (net)
                  0.06    0.00    1.57 v _14843_/B (sky130_fd_sc_hd__xnor2_2)
     2    0.02    0.26    0.24    1.81 ^ _14843_/Y (sky130_fd_sc_hd__xnor2_2)
                                         _13237_ (net)
                  0.26    0.00    1.81 ^ _27609_/A (sky130_fd_sc_hd__ha_1)
     2    0.01    0.08    0.30    2.12 v _27609_/SUM (sky130_fd_sc_hd__ha_1)
                                         _13239_ (net)
                  0.08    0.00    2.12 v _14941_/A2 (sky130_fd_sc_hd__a211oi_2)
     1    0.01    0.20    0.26    2.37 ^ _14941_/Y (sky130_fd_sc_hd__a211oi_2)
                                         _04525_ (net)
                  0.20    0.00    2.38 ^ _14944_/A1 (sky130_fd_sc_hd__o21ai_2)
     3    0.02    0.09    0.13    2.50 v _14944_/Y (sky130_fd_sc_hd__o21ai_2)
                                         _04528_ (net)
                  0.09    0.00    2.50 v _15066_/A1 (sky130_fd_sc_hd__o311ai_2)
     1    0.01    0.28    0.34    2.84 ^ _15066_/Y (sky130_fd_sc_hd__o311ai_2)
                                         _04626_ (net)
                  0.28    0.00    2.84 ^ _15067_/A1 (sky130_fd_sc_hd__a21boi_2)
     3    0.01    0.10    0.13    2.98 v _15067_/Y (sky130_fd_sc_hd__a21boi_2)
                                         _04627_ (net)
                  0.10    0.00    2.98 v _15090_/A2 (sky130_fd_sc_hd__o21ai_0)
     1    0.00    0.16    0.18    3.16 ^ _15090_/Y (sky130_fd_sc_hd__o21ai_0)
                                         _04642_ (net)
                  0.16    0.00    3.16 ^ _15091_/B (sky130_fd_sc_hd__nand2b_1)
     1    0.01    0.07    0.09    3.25 v _15091_/Y (sky130_fd_sc_hd__nand2b_1)
                                         _04643_ (net)
                  0.07    0.00    3.25 v _15092_/A2 (sky130_fd_sc_hd__a21o_4)
     2    0.01    0.04    0.23    3.49 v _15092_/X (sky130_fd_sc_hd__a21o_4)
                                         _04644_ (net)
                  0.04    0.00    3.49 v _15115_/A2 (sky130_fd_sc_hd__a211oi_2)
     1    0.01    0.18    0.23    3.72 ^ _15115_/Y (sky130_fd_sc_hd__a211oi_2)
                                         _04659_ (net)
                  0.18    0.00    3.72 ^ _15117_/A (sky130_fd_sc_hd__nor2_2)
     3    0.01    0.07    0.09    3.81 v _15117_/Y (sky130_fd_sc_hd__nor2_2)
                                         _04661_ (net)
                  0.07    0.00    3.81 v _15160_/A2 (sky130_fd_sc_hd__a31oi_2)
     2    0.01    0.19    0.22    4.03 ^ _15160_/Y (sky130_fd_sc_hd__a31oi_2)
                                         _04688_ (net)
                  0.19    0.00    4.03 ^ _15181_/A2 (sky130_fd_sc_hd__o21bai_1)
     1    0.00    0.06    0.10    4.12 v _15181_/Y (sky130_fd_sc_hd__o21bai_1)
                                         _04701_ (net)
                  0.06    0.00    4.12 v _15182_/A1 (sky130_fd_sc_hd__a21oi_2)
     1    0.02    0.24    0.24    4.37 ^ _15182_/Y (sky130_fd_sc_hd__a21oi_2)
                                         _04702_ (net)
                  0.24    0.00    4.37 ^ _15183_/A (sky130_fd_sc_hd__xnor2_4)
     2    0.01    0.16    0.16    4.53 ^ _15183_/Y (sky130_fd_sc_hd__xnor2_4)
                                         _13379_ (net)
                  0.16    0.00    4.53 ^ _27691_/B (sky130_fd_sc_hd__ha_4)
     2    0.01    0.05    0.24    4.77 v _27691_/SUM (sky130_fd_sc_hd__ha_4)
                                         _13489_ (net)
                  0.05    0.00    4.77 v _18031_/A1 (sky130_fd_sc_hd__a21o_1)
     2    0.01    0.06    0.18    4.94 v _18031_/X (sky130_fd_sc_hd__a21o_1)
                                         _06656_ (net)
                  0.06    0.00    4.94 v _18033_/B1 (sky130_fd_sc_hd__a31oi_1)
     2    0.01    0.21    0.20    5.14 ^ _18033_/Y (sky130_fd_sc_hd__a31oi_1)
                                         _06658_ (net)
                  0.21    0.00    5.14 ^ _18049_/A (sky130_fd_sc_hd__nor2_1)
     1    0.01    0.08    0.12    5.26 v _18049_/Y (sky130_fd_sc_hd__nor2_1)
                                         _06670_ (net)
                  0.08    0.00    5.26 v _18050_/B2 (sky130_fd_sc_hd__a221oi_4)
     3    0.02    0.34    0.37    5.63 ^ _18050_/Y (sky130_fd_sc_hd__a221oi_4)
                                         _06671_ (net)
                  0.34    0.00    5.63 ^ _18090_/B (sky130_fd_sc_hd__nor2_1)
     1    0.00    0.07    0.08    5.71 v _18090_/Y (sky130_fd_sc_hd__nor2_1)
                                         _06703_ (net)
                  0.07    0.00    5.71 v _18091_/A3 (sky130_fd_sc_hd__o31a_1)
     3    0.02    0.13    0.33    6.04 v _18091_/X (sky130_fd_sc_hd__o31a_1)
                                         _06704_ (net)
                  0.13    0.00    6.05 v _18092_/A2 (sky130_fd_sc_hd__o21ai_4)
     4    0.03    0.26    0.27    6.32 ^ _18092_/Y (sky130_fd_sc_hd__o21ai_4)
                                         _06705_ (net)
                  0.26    0.00    6.32 ^ _18107_/A (sky130_fd_sc_hd__nor2_4)
     1    0.01    0.06    0.07    6.39 v _18107_/Y (sky130_fd_sc_hd__nor2_4)
                                         _06716_ (net)
                  0.06    0.00    6.39 v _18112_/C1 (sky130_fd_sc_hd__a211oi_4)
     4    0.03    0.38    0.33    6.72 ^ _18112_/Y (sky130_fd_sc_hd__a211oi_4)
                                         hash.CA1.S1.X[30] (net)
                  0.38    0.00    6.72 ^ rebuffer1/A (sky130_fd_sc_hd__buf_6)
     4    0.05    0.11    0.22    6.94 ^ rebuffer1/X (sky130_fd_sc_hd__buf_6)
                                         net1033 (net)
                  0.11    0.01    6.94 ^ _20011_/A (sky130_fd_sc_hd__xnor2_4)
     1    0.01    0.08    0.09    7.03 v _20011_/Y (sky130_fd_sc_hd__xnor2_4)
                                         _13896_ (net)
                  0.08    0.00    7.03 v _27835_/A (sky130_fd_sc_hd__ha_4)
     3    0.01    0.04    0.18    7.21 v _27835_/COUT (sky130_fd_sc_hd__ha_4)
                                         _13898_ (net)
                  0.04    0.00    7.21 v _18498_/B (sky130_fd_sc_hd__or3_1)
     1    0.00    0.07    0.35    7.57 v _18498_/X (sky130_fd_sc_hd__or3_1)
                                         _06951_ (net)
                  0.07    0.00    7.57 v _18499_/C1 (sky130_fd_sc_hd__a311oi_2)
     2    0.01    0.34    0.31    7.87 ^ _18499_/Y (sky130_fd_sc_hd__a311oi_2)
                                         _06952_ (net)
                  0.34    0.00    7.87 ^ _18500_/B (sky130_fd_sc_hd__or2_4)
     3    0.01    0.06    0.21    8.08 ^ _18500_/X (sky130_fd_sc_hd__or2_4)
                                         _06953_ (net)
                  0.06    0.00    8.08 ^ _18721_/A2 (sky130_fd_sc_hd__o21bai_1)
     1    0.01    0.07    0.08    8.16 v _18721_/Y (sky130_fd_sc_hd__o21bai_1)
                                         _07116_ (net)
                  0.07    0.00    8.16 v _18722_/A2 (sky130_fd_sc_hd__a21oi_2)
     2    0.02    0.25    0.26    8.41 ^ _18722_/Y (sky130_fd_sc_hd__a21oi_2)
                                         _07117_ (net)
                  0.25    0.00    8.42 ^ _18723_/B (sky130_fd_sc_hd__xnor2_2)
     1    0.01    0.14    0.15    8.57 ^ _18723_/Y (sky130_fd_sc_hd__xnor2_2)
                                         _12720_ (net)
                  0.14    0.00    8.57 ^ _27455_/CIN (sky130_fd_sc_hd__fa_1)
     1    0.01    0.11    0.47    9.03 v _27455_/SUM (sky130_fd_sc_hd__fa_1)
                                         _12722_ (net)
                  0.11    0.00    9.03 v _27919_/B (sky130_fd_sc_hd__ha_4)
     4    0.02    0.05    0.26    9.29 v _27919_/SUM (sky130_fd_sc_hd__ha_4)
                                         _14158_ (net)
                  0.05    0.00    9.29 v _23293_/A1 (sky130_fd_sc_hd__a21o_1)
     1    0.01    0.05    0.17    9.46 v _23293_/X (sky130_fd_sc_hd__a21o_1)
                                         _09340_ (net)
                  0.05    0.00    9.46 v _23294_/A2 (sky130_fd_sc_hd__a21o_4)
     3    0.02    0.05    0.23    9.69 v _23294_/X (sky130_fd_sc_hd__a21o_4)
                                         _09341_ (net)
                  0.05    0.00    9.69 v _23310_/B1 (sky130_fd_sc_hd__a21oi_2)
     1    0.01    0.10    0.11    9.80 ^ _23310_/Y (sky130_fd_sc_hd__a21oi_2)
                                         _09356_ (net)
                  0.10    0.00    9.80 ^ _23311_/B1 (sky130_fd_sc_hd__o21ai_2)
     2    0.01    0.10    0.10    9.90 v _23311_/Y (sky130_fd_sc_hd__o21ai_2)
                                         _09357_ (net)
                  0.10    0.00    9.90 v _23319_/C (sky130_fd_sc_hd__nor3_2)
     2    0.01    0.18    0.17   10.06 ^ _23319_/Y (sky130_fd_sc_hd__nor3_2)
                                         _09363_ (net)
                  0.18    0.00   10.06 ^ _23329_/C (sky130_fd_sc_hd__or3_4)
     2    0.01    0.06    0.17   10.24 ^ _23329_/X (sky130_fd_sc_hd__or3_4)
                                         _09371_ (net)
                  0.06    0.00   10.24 ^ _23344_/A1 (sky130_fd_sc_hd__a31oi_4)
     3    0.02    0.10    0.10   10.33 v _23344_/Y (sky130_fd_sc_hd__a31oi_4)
                                         _09384_ (net)
                  0.10    0.00   10.34 v _23354_/A3 (sky130_fd_sc_hd__a41o_4)
     3    0.02    0.06    0.30   10.64 v _23354_/X (sky130_fd_sc_hd__a41o_4)
                                         _09392_ (net)
                  0.06    0.00   10.64 v _23377_/A4 (sky130_fd_sc_hd__o41ai_4)
     2    0.02    0.39    0.33   10.97 ^ _23377_/Y (sky130_fd_sc_hd__o41ai_4)
                                         _09411_ (net)
                  0.39    0.00   10.97 ^ _23386_/A1 (sky130_fd_sc_hd__o22ai_2)
     2    0.01    0.12    0.18   11.16 v _23386_/Y (sky130_fd_sc_hd__o22ai_2)
                                         _09418_ (net)
                  0.12    0.00   11.16 v _23397_/A4 (sky130_fd_sc_hd__o41ai_4)
     2    0.01    0.30    0.28   11.44 ^ _23397_/Y (sky130_fd_sc_hd__o41ai_4)
                                         _09427_ (net)
                  0.30    0.00   11.44 ^ _23404_/A2 (sky130_fd_sc_hd__o21bai_1)
     1    0.00    0.07    0.10   11.54 v _23404_/Y (sky130_fd_sc_hd__o21bai_1)
                                         _09432_ (net)
                  0.07    0.00   11.54 v _23405_/A1 (sky130_fd_sc_hd__a21oi_1)
     1    0.01    0.15    0.17   11.70 ^ _23405_/Y (sky130_fd_sc_hd__a21oi_1)
                                         _09433_ (net)
                  0.15    0.00   11.70 ^ _23406_/B (sky130_fd_sc_hd__xnor2_1)
     1    0.00    0.12    0.13   11.84 ^ _23406_/Y (sky130_fd_sc_hd__xnor2_1)
                                         hash.CA1.p2[30] (net)
                  0.12    0.00   11.84 ^ hash.p2_cap[30]$_DFF_P_/D (sky130_fd_sc_hd__dfxtp_2)
                                 11.84   data arrival time

                         10.00   10.00   clock core_clock (rise edge)
                          0.00   10.00   clock source latency
     2    0.10    0.00    0.00   10.00 ^ clk (in)
                                         clk (net)
                  0.01    0.00   10.00 ^ clkbuf_0_clk/A (sky130_fd_sc_hd__clkbuf_16)
     4    0.19    0.20    0.23   10.23 ^ clkbuf_0_clk/X (sky130_fd_sc_hd__clkbuf_16)
                                         clknet_0_clk (net)
                  0.21    0.02   10.25 ^ clkbuf_2_3_0_clk/A (sky130_fd_sc_hd__clkbuf_16)
     8    0.21    0.22    0.31   10.56 ^ clkbuf_2_3_0_clk/X (sky130_fd_sc_hd__clkbuf_16)
                                         clknet_2_3_0_clk (net)
                  0.22    0.01   10.57 ^ clkbuf_5_25__f_clk/A (sky130_fd_sc_hd__clkbuf_16)
     5    0.10    0.12    0.24   10.81 ^ clkbuf_5_25__f_clk/X (sky130_fd_sc_hd__clkbuf_16)
                                         clknet_5_25__leaf_clk (net)
                  0.12    0.00   10.82 ^ clkbuf_leaf_175_clk/A (sky130_fd_sc_hd__clkbuf_16)
    10    0.04    0.06    0.17   10.99 ^ clkbuf_leaf_175_clk/X (sky130_fd_sc_hd__clkbuf_16)
                                         clknet_leaf_175_clk (net)
                  0.06    0.00   10.99 ^ hash.p2_cap[30]$_DFF_P_/CLK (sky130_fd_sc_hd__dfxtp_2)
                          0.00   10.99   clock reconvergence pessimism
                         -0.07   10.91   library setup time
                                 10.91   data required time
-----------------------------------------------------------------------------
                                 10.91   data required time
                                -11.84   data arrival time
-----------------------------------------------------------------------------
                                 -0.93   slack (VIOLATED)



==========================================================================
finish report_check_types -max_slew -max_cap -max_fanout -violators
--------------------------------------------------------------------------
max slew

Pin                                    Limit    Slew   Slack
------------------------------------------------------------
_20328_/A                               1.50    3.64   -2.14 (VIOLATED)
_18202_/A                               1.50    3.64   -2.14 (VIOLATED)
_18213_/C1                              1.50    3.64   -2.14 (VIOLATED)
_18208_/A                               1.50    3.64   -2.14 (VIOLATED)
_17417_/A                               1.50    3.64   -2.14 (VIOLATED)
_18311_/A                               1.50    3.64   -2.14 (VIOLATED)
_18209_/A                               1.50    3.64   -2.14 (VIOLATED)
_17423_/A                               1.50    3.64   -2.14 (VIOLATED)
_18215_/A                               1.50    3.64   -2.14 (VIOLATED)
_18212_/A                               1.50    3.64   -2.14 (VIOLATED)
_18417_/A                               1.50    3.64   -2.14 (VIOLATED)
_18315_/A                               1.50    3.64   -2.14 (VIOLATED)
_19824_/B1                              1.50    3.64   -2.14 (VIOLATED)
_17298_/A                               1.50    3.64   -2.14 (VIOLATED)
_17316_/A                               1.50    3.64   -2.14 (VIOLATED)
_17307_/A                               1.50    3.64   -2.14 (VIOLATED)
_17326_/B1                              1.50    3.64   -2.14 (VIOLATED)
_17431_/A                               1.50    3.64   -2.14 (VIOLATED)
_18219_/A                               1.50    3.64   -2.14 (VIOLATED)
_18424_/B1                              1.50    3.64   -2.14 (VIOLATED)
_18337_/A                               1.50    3.64   -2.14 (VIOLATED)
_18224_/A                               1.50    3.64   -2.14 (VIOLATED)
_17424_/A                               1.50    3.64   -2.14 (VIOLATED)
_18307_/A                               1.50    3.64   -2.14 (VIOLATED)
_18205_/A                               1.50    3.64   -2.14 (VIOLATED)
_17432_/A                               1.50    3.64   -2.14 (VIOLATED)
_20368_/A                               1.50    3.64   -2.14 (VIOLATED)
_17428_/A                               1.50    3.64   -2.14 (VIOLATED)
_17426_/A                               1.50    3.64   -2.14 (VIOLATED)
_18226_/A                               1.50    3.64   -2.14 (VIOLATED)
_18343_/A                               1.50    3.64   -2.14 (VIOLATED)
_19828_/A                               1.50    3.64   -2.14 (VIOLATED)
_19835_/A                               1.50    3.64   -2.14 (VIOLATED)
_23258_/A                               1.50    3.64   -2.14 (VIOLATED)
_18234_/A                               1.50    3.64   -2.14 (VIOLATED)
_18243_/A                               1.50    3.64   -2.14 (VIOLATED)
_17433_/A                               1.50    3.64   -2.14 (VIOLATED)
_18231_/A                               1.50    3.64   -2.14 (VIOLATED)
_18237_/A                               1.50    3.64   -2.14 (VIOLATED)
_23424_/A                               1.50    3.64   -2.14 (VIOLATED)
_17840_/A                               1.50    3.64   -2.14 (VIOLATED)
_17843_/A                               1.50    3.64   -2.14 (VIOLATED)
_18439_/A                               1.50    3.64   -2.14 (VIOLATED)
load_slew346/X                          1.51    3.64   -2.14 (VIOLATED)
hash.h1_out[8]$_DFFE_PN_/DE             1.50    3.39   -1.89 (VIOLATED)
hash.h1_out[10]$_DFFE_PN_/DE            1.50    3.39   -1.89 (VIOLATED)
hash.h1_out[9]$_DFFE_PN_/DE             1.50    3.39   -1.89 (VIOLATED)
hash.h3_out[8]$_DFFE_PN_/DE             1.50    3.39   -1.89 (VIOLATED)
hash.h3_out[9]$_DFFE_PN_/DE             1.50    3.39   -1.89 (VIOLATED)
hash.h1_out[11]$_DFFE_PN_/DE            1.50    3.39   -1.89 (VIOLATED)
hash.h3_out[10]$_DFFE_PN_/DE            1.50    3.39   -1.89 (VIOLATED)
hash.h0_out[13]$_DFFE_PN_/DE            1.50    3.39   -1.89 (VIOLATED)
hash.h2_out[13]$_DFFE_PN_/DE            1.50    3.39   -1.89 (VIOLATED)
hash.h3_out[11]$_DFFE_PN_/DE            1.50    3.39   -1.89 (VIOLATED)
hash.h7_out[9]$_DFFE_PN_/DE             1.50    3.39   -1.89 (VIOLATED)
hash.h0_out[12]$_DFFE_PN_/DE            1.50    3.39   -1.89 (VIOLATED)
hash.h0_out[14]$_DFFE_PN_/DE            1.50    3.39   -1.89 (VIOLATED)
hash.h7_out[13]$_DFFE_PN_/DE            1.50    3.39   -1.89 (VIOLATED)
hash.h0_out[17]$_DFFE_PN_/DE            1.50    3.39   -1.89 (VIOLATED)
hash.h0_out[16]$_DFFE_PN_/DE            1.50    3.39   -1.89 (VIOLATED)
hash.h1_out[12]$_DFFE_PN_/DE            1.50    3.39   -1.89 (VIOLATED)
hash.h2_out[15]$_DFFE_PN_/DE            1.50    3.39   -1.89 (VIOLATED)
hash.h0_out[15]$_DFFE_PN_/DE            1.50    3.39   -1.89 (VIOLATED)
hash.h2_out[14]$_DFFE_PN_/DE            1.50    3.39   -1.89 (VIOLATED)
hash.h6_out[13]$_DFFE_PN_/DE            1.50    3.39   -1.89 (VIOLATED)
hash.h4_out[12]$_DFFE_PN_/DE            1.50    3.39   -1.89 (VIOLATED)
hash.h4_out[13]$_DFFE_PN_/DE            1.50    3.39   -1.89 (VIOLATED)
hash.h7_out[11]$_DFFE_PN_/DE            1.50    3.39   -1.89 (VIOLATED)
hash.h7_out[12]$_DFFE_PN_/DE            1.50    3.39   -1.89 (VIOLATED)
hash.h6_out[14]$_DFFE_PN_/DE            1.50    3.39   -1.89 (VIOLATED)
hash.h1_out[16]$_DFFE_PN_/DE            1.50    3.39   -1.89 (VIOLATED)
hash.h1_out[13]$_DFFE_PN_/DE            1.50    3.39   -1.89 (VIOLATED)
hash.h5_out[14]$_DFFE_PN_/DE            1.50    3.39   -1.89 (VIOLATED)
hash.h1_out[15]$_DFFE_PN_/DE            1.50    3.39   -1.89 (VIOLATED)
hash.h5_out[13]$_DFFE_PN_/DE            1.50    3.39   -1.89 (VIOLATED)
hash.h4_out[14]$_DFFE_PN_/DE            1.50    3.39   -1.89 (VIOLATED)
hash.h2_out[16]$_DFFE_PN_/DE            1.50    3.39   -1.89 (VIOLATED)
hash.h1_out[14]$_DFFE_PN_/DE            1.50    3.39   -1.89 (VIOLATED)
hash.h7_out[15]$_DFFE_PN_/DE            1.50    3.39   -1.89 (VIOLATED)
hash.h2_out[18]$_DFFE_PN_/DE            1.50    3.39   -1.89 (VIOLATED)
hash.h4_out[11]$_DFFE_PN_/DE            1.50    3.39   -1.89 (VIOLATED)
hash.h6_out[16]$_DFFE_PN_/DE            1.50    3.39   -1.89 (VIOLATED)
hash.h0_out[19]$_DFFE_PN_/DE            1.50    3.39   -1.89 (VIOLATED)
hash.h4_out[15]$_DFFE_PN_/DE            1.50    3.39   -1.89 (VIOLATED)
hash.h4_out[16]$_DFFE_PN_/DE            1.50    3.39   -1.89 (VIOLATED)
hash.h2_out[17]$_DFFE_PN_/DE            1.50    3.39   -1.89 (VIOLATED)
hash.h2_out[20]$_DFFE_PN_/DE            1.50    3.39   -1.89 (VIOLATED)
hash.h5_out[15]$_DFFE_PN_/DE            1.50    3.39   -1.89 (VIOLATED)
hash.h2_out[19]$_DFFE_PN_/DE            1.50    3.39   -1.89 (VIOLATED)
hash.h6_out[17]$_DFFE_PN_/DE            1.50    3.38   -1.88 (VIOLATED)
hash.h3_out[12]$_DFFE_PN_/DE            1.50    3.38   -1.88 (VIOLATED)
hash.h5_out[16]$_DFFE_PN_/DE            1.50    3.38   -1.88 (VIOLATED)
hash.h3_out[14]$_DFFE_PN_/DE            1.50    3.38   -1.88 (VIOLATED)
hash.h6_out[18]$_DFFE_PN_/DE            1.50    3.38   -1.88 (VIOLATED)
hash.h3_out[13]$_DFFE_PN_/DE            1.50    3.38   -1.88 (VIOLATED)
hash.h3_out[18]$_DFFE_PN_/DE            1.50    3.38   -1.88 (VIOLATED)
hash.h3_out[15]$_DFFE_PN_/DE            1.50    3.38   -1.88 (VIOLATED)
hash.h1_out[17]$_DFFE_PN_/DE            1.50    3.38   -1.88 (VIOLATED)
hash.h3_out[17]$_DFFE_PN_/DE            1.50    3.38   -1.88 (VIOLATED)
hash.h5_out[20]$_DFFE_PN_/DE            1.50    3.38   -1.88 (VIOLATED)
hash.h3_out[16]$_DFFE_PN_/DE            1.50    3.38   -1.88 (VIOLATED)
hash.h3_out[19]$_DFFE_PN_/DE            1.50    3.38   -1.88 (VIOLATED)
hash.h1_out[18]$_DFFE_PN_/DE            1.50    3.38   -1.88 (VIOLATED)
hash.h0_out[18]$_DFFE_PN_/DE            1.50    3.38   -1.88 (VIOLATED)
hash.h7_out[14]$_DFFE_PN_/DE            1.50    3.38   -1.88 (VIOLATED)
hash.h4_out[23]$_DFFE_PN_/DE            1.50    3.38   -1.88 (VIOLATED)
hash.h6_out[21]$_DFFE_PN_/DE            1.50    3.38   -1.88 (VIOLATED)
hash.h4_out[20]$_DFFE_PN_/DE            1.50    3.38   -1.88 (VIOLATED)
hash.h5_out[17]$_DFFE_PN_/DE            1.50    3.38   -1.88 (VIOLATED)
hash.h4_out[22]$_DFFE_PN_/DE            1.50    3.38   -1.88 (VIOLATED)
hash.h1_out[20]$_DFFE_PN_/DE            1.50    3.38   -1.88 (VIOLATED)
hash.h4_out[17]$_DFFE_PN_/DE            1.50    3.38   -1.88 (VIOLATED)
hash.h4_out[24]$_DFFE_PN_/DE            1.50    3.38   -1.88 (VIOLATED)
hash.h4_out[25]$_DFFE_PN_/DE            1.50    3.38   -1.88 (VIOLATED)
hash.h5_out[19]$_DFFE_PN_/DE            1.50    3.38   -1.88 (VIOLATED)
hash.h5_out[18]$_DFFE_PN_/DE            1.50    3.38   -1.88 (VIOLATED)
hash.h4_out[30]$_DFFE_PN_/DE            1.50    3.38   -1.88 (VIOLATED)
hash.h6_out[27]$_DFFE_PN_/DE            1.50    3.38   -1.88 (VIOLATED)
hash.h7_out[19]$_DFFE_PN_/DE            1.50    3.38   -1.88 (VIOLATED)
hash.h0_out[21]$_DFFE_PN_/DE            1.50    3.37   -1.87 (VIOLATED)
hash.h2_out[22]$_DFFE_PN_/DE            1.50    3.37   -1.87 (VIOLATED)
hash.h4_out[31]$_DFFE_PN_/DE            1.50    3.37   -1.87 (VIOLATED)
hash.h1_out[19]$_DFFE_PN_/DE            1.50    3.37   -1.87 (VIOLATED)
hash.h3_out[20]$_DFFE_PN_/DE            1.50    3.37   -1.87 (VIOLATED)
hash.h2_out[21]$_DFFE_PN_/DE            1.50    3.37   -1.87 (VIOLATED)
hash.h3_out[21]$_DFFE_PN_/DE            1.50    3.37   -1.87 (VIOLATED)
hash.h0_out[20]$_DFFE_PN_/DE            1.50    3.37   -1.87 (VIOLATED)
hash.h1_out[22]$_DFFE_PN_/DE            1.50    3.37   -1.87 (VIOLATED)
hash.h1_out[24]$_DFFE_PN_/DE            1.50    3.37   -1.87 (VIOLATED)
hash.h1_out[21]$_DFFE_PN_/DE            1.50    3.37   -1.87 (VIOLATED)
hash.h3_out[22]$_DFFE_PN_/DE            1.50    3.37   -1.87 (VIOLATED)
_24859_/A                               1.50    3.37   -1.87 (VIOLATED)
_24523_/A                               1.50    3.37   -1.87 (VIOLATED)
_24830_/A                               1.50    3.37   -1.87 (VIOLATED)
_24537_/A                               1.50    3.37   -1.87 (VIOLATED)
_24662_/A                               1.50    3.37   -1.87 (VIOLATED)
_20862_/B1                              1.50    3.37   -1.87 (VIOLATED)
_24677_/A                               1.50    3.37   -1.87 (VIOLATED)
_20696_/B1                              1.50    3.37   -1.87 (VIOLATED)
reset_hash_dash$_DFF_P_/D               1.50    3.37   -1.87 (VIOLATED)
_20824_/B1_N                            1.50    3.37   -1.87 (VIOLATED)
_20753_/B1_N                            1.50    3.37   -1.87 (VIOLATED)
_20773_/B1                              1.50    3.37   -1.87 (VIOLATED)
_20814_/B1                              1.50    3.37   -1.87 (VIOLATED)
_20886_/B1_N                            1.50    3.37   -1.87 (VIOLATED)
_20895_/B1_N                            1.50    3.37   -1.87 (VIOLATED)
_20717_/A_N                             1.50    3.37   -1.87 (VIOLATED)
_20922_/B1_N                            1.50    3.37   -1.87 (VIOLATED)
_20673_/A_N                             1.50    3.37   -1.87 (VIOLATED)
_20583_/B1                              1.50    3.37   -1.87 (VIOLATED)
_20917_/B1_N                            1.50    3.37   -1.87 (VIOLATED)
_20912_/A_N                             1.50    3.37   -1.87 (VIOLATED)
_20572_/A                               1.50    3.37   -1.87 (VIOLATED)
_23988_/B                               1.50    3.37   -1.87 (VIOLATED)
_20586_/B1                              1.50    3.37   -1.87 (VIOLATED)
_20576_/A                               1.50    3.37   -1.87 (VIOLATED)
_20578_/B1                              1.50    3.37   -1.87 (VIOLATED)
_20569_/A                               1.50    3.37   -1.87 (VIOLATED)
hash.h2_out[23]$_DFFE_PN_/DE            1.50    3.37   -1.87 (VIOLATED)
hash.h6_out[25]$_DFFE_PN_/DE            1.50    3.37   -1.87 (VIOLATED)
hash.h2_out[24]$_DFFE_PN_/DE            1.50    3.37   -1.87 (VIOLATED)
_20642_/A                               1.50    3.37   -1.87 (VIOLATED)
_21249_/A                               1.50    3.37   -1.87 (VIOLATED)
hash.h0_out[23]$_DFFE_PN_/DE            1.50    3.37   -1.87 (VIOLATED)
_24720_/A                               1.50    3.37   -1.87 (VIOLATED)
_24566_/A                               1.50    3.37   -1.87 (VIOLATED)
_24706_/A                               1.50    3.37   -1.87 (VIOLATED)
_24768_/A                               1.50    3.37   -1.87 (VIOLATED)
hash.h2_out[25]$_DFFE_PN_/DE            1.50    3.37   -1.87 (VIOLATED)
hash.h0_out[27]$_DFFE_PN_/DE            1.50    3.36   -1.86 (VIOLATED)
hash.h0_out[22]$_DFFE_PN_/DE            1.50    3.36   -1.86 (VIOLATED)
load_slew350/X                          1.51    3.37   -1.86 (VIOLATED)
hash.h5_out[25]$_DFFE_PN_/DE            1.50    3.36   -1.86 (VIOLATED)
hash.h0_out[26]$_DFFE_PN_/DE            1.50    3.36   -1.86 (VIOLATED)
hash.h7_out[18]$_DFFE_PN_/DE            1.50    3.36   -1.86 (VIOLATED)
hash.h7_out[16]$_DFFE_PN_/DE            1.50    3.36   -1.86 (VIOLATED)
hash.h6_out[26]$_DFFE_PN_/DE            1.50    3.36   -1.86 (VIOLATED)
hash.h5_out[24]$_DFFE_PN_/DE            1.50    3.36   -1.86 (VIOLATED)
hash.h5_out[23]$_DFFE_PN_/DE            1.50    3.36   -1.86 (VIOLATED)
hash.h6_out[24]$_DFFE_PN_/DE            1.50    3.36   -1.86 (VIOLATED)
hash.h6_out[23]$_DFFE_PN_/DE            1.50    3.36   -1.86 (VIOLATED)
hash.h4_out[21]$_DFFE_PN_/DE            1.50    3.35   -1.85 (VIOLATED)
hash.h4_out[28]$_DFFE_PN_/DE            1.50    3.35   -1.85 (VIOLATED)
hash.h5_out[21]$_DFFE_PN_/DE            1.50    3.35   -1.85 (VIOLATED)
hash.h6_out[30]$_DFFE_PN_/DE            1.50    3.35   -1.85 (VIOLATED)
hash.h7_out[17]$_DFFE_PN_/DE            1.50    3.35   -1.85 (VIOLATED)
hash.h5_out[22]$_DFFE_PN_/DE            1.50    3.35   -1.85 (VIOLATED)
hash.h6_out[29]$_DFFE_PN_/DE            1.50    3.34   -1.84 (VIOLATED)
hash.h6_out[19]$_DFFE_PN_/DE            1.50    3.34   -1.84 (VIOLATED)
hash.h4_out[19]$_DFFE_PN_/DE            1.50    3.34   -1.84 (VIOLATED)
hash.h6_out[22]$_DFFE_PN_/DE            1.50    3.34   -1.84 (VIOLATED)
hash.h4_out[26]$_DFFE_PN_/DE            1.50    3.34   -1.84 (VIOLATED)
hash.h4_out[29]$_DFFE_PN_/DE            1.50    3.34   -1.84 (VIOLATED)
hash.h6_out[28]$_DFFE_PN_/DE            1.50    3.34   -1.84 (VIOLATED)
load_slew2/X                            1.51    3.34   -1.83 (VIOLATED)
_18750_/Y                               1.49    2.79   -1.30 (VIOLATED)
hash.h2_out[31]$_DFFE_PN_/DE            1.50    2.80   -1.30 (VIOLATED)
hash.h3_out[24]$_DFFE_PN_/DE            1.50    2.80   -1.30 (VIOLATED)
hash.h1_out[26]$_DFFE_PN_/DE            1.50    2.80   -1.30 (VIOLATED)
hash.h3_out[25]$_DFFE_PN_/DE            1.50    2.80   -1.30 (VIOLATED)
hash.h1_out[25]$_DFFE_PN_/DE            1.50    2.80   -1.30 (VIOLATED)
hash.h3_out[23]$_DFFE_PN_/DE            1.50    2.80   -1.30 (VIOLATED)
hash.h1_out[23]$_DFFE_PN_/DE            1.50    2.80   -1.30 (VIOLATED)
hash.h0_out[25]$_DFFE_PN_/DE            1.50    2.80   -1.30 (VIOLATED)
hash.h0_out[28]$_DFFE_PN_/DE            1.50    2.80   -1.30 (VIOLATED)
hash.h0_out[24]$_DFFE_PN_/DE            1.50    2.80   -1.30 (VIOLATED)
hash.h0_out[29]$_DFFE_PN_/DE            1.50    2.80   -1.30 (VIOLATED)
hash.h0_out[31]$_DFFE_PN_/DE            1.50    2.80   -1.30 (VIOLATED)
hash.h0_out[30]$_DFFE_PN_/DE            1.50    2.80   -1.30 (VIOLATED)
hash.h2_out[28]$_DFFE_PN_/DE            1.50    2.80   -1.30 (VIOLATED)
hash.h2_out[26]$_DFFE_PN_/DE            1.50    2.80   -1.30 (VIOLATED)
hash.h2_out[27]$_DFFE_PN_/DE            1.50    2.80   -1.30 (VIOLATED)
hash.h2_out[29]$_DFFE_PN_/DE            1.50    2.80   -1.30 (VIOLATED)
hash.h3_out[28]$_DFFE_PN_/DE            1.50    2.80   -1.30 (VIOLATED)
hash.h3_out[29]$_DFFE_PN_/DE            1.50    2.80   -1.30 (VIOLATED)
hash.h3_out[31]$_DFFE_PN_/DE            1.50    2.80   -1.30 (VIOLATED)
hash.h1_out[29]$_DFFE_PN_/DE            1.50    2.80   -1.30 (VIOLATED)
hash.h2_out[30]$_DFFE_PN_/DE            1.50    2.80   -1.30 (VIOLATED)
hash.h3_out[27]$_DFFE_PN_/DE            1.50    2.80   -1.30 (VIOLATED)
hash.h3_out[26]$_DFFE_PN_/DE            1.50    2.80   -1.30 (VIOLATED)
hash.h1_out[28]$_DFFE_PN_/DE            1.50    2.80   -1.30 (VIOLATED)
hash.h7_out[28]$_DFFE_PN_/DE            1.50    2.80   -1.30 (VIOLATED)
hash.h5_out[31]$_DFFE_PN_/DE            1.50    2.80   -1.30 (VIOLATED)
hash.h7_out[31]$_DFFE_PN_/DE            1.50    2.80   -1.30 (VIOLATED)
hash.h3_out[30]$_DFFE_PN_/DE            1.50    2.80   -1.30 (VIOLATED)
hash.h1_out[30]$_DFFE_PN_/DE            1.50    2.80   -1.30 (VIOLATED)
hash.h1_out[31]$_DFFE_PN_/DE            1.50    2.80   -1.30 (VIOLATED)
hash.h1_out[27]$_DFFE_PN_/DE            1.50    2.80   -1.30 (VIOLATED)
hash.h5_out[28]$_DFFE_PN_/DE            1.50    2.80   -1.30 (VIOLATED)
hash.h5_out[29]$_DFFE_PN_/DE            1.50    2.80   -1.30 (VIOLATED)
hash.h5_out[26]$_DFFE_PN_/DE            1.50    2.79   -1.29 (VIOLATED)
hash.h7_out[21]$_DFFE_PN_/DE            1.50    2.79   -1.29 (VIOLATED)
hash.h7_out[22]$_DFFE_PN_/DE            1.50    2.79   -1.29 (VIOLATED)
hash.h7_out[29]$_DFFE_PN_/DE            1.50    2.79   -1.29 (VIOLATED)
hash.h7_out[30]$_DFFE_PN_/DE            1.50    2.79   -1.29 (VIOLATED)
hash.h7_out[27]$_DFFE_PN_/DE            1.50    2.79   -1.29 (VIOLATED)
hash.h7_out[26]$_DFFE_PN_/DE            1.50    2.79   -1.29 (VIOLATED)
hash.h5_out[27]$_DFFE_PN_/DE            1.50    2.79   -1.29 (VIOLATED)
hash.h5_out[30]$_DFFE_PN_/DE            1.50    2.79   -1.29 (VIOLATED)
hash.h7_out[20]$_DFFE_PN_/DE            1.50    2.79   -1.29 (VIOLATED)
load_slew2/A                            1.50    2.79   -1.29 (VIOLATED)
hash.h7_out[23]$_DFFE_PN_/DE            1.50    2.79   -1.29 (VIOLATED)
hash.h7_out[25]$_DFFE_PN_/DE            1.50    2.79   -1.29 (VIOLATED)
hash.h7_out[24]$_DFFE_PN_/DE            1.50    2.79   -1.29 (VIOLATED)
_17454_/A                               1.50    2.61   -1.11 (VIOLATED)
_17652_/A                               1.50    2.61   -1.11 (VIOLATED)
_17654_/A                               1.50    2.61   -1.11 (VIOLATED)
_17455_/A                               1.50    2.61   -1.11 (VIOLATED)
_18583_/A                               1.50    2.61   -1.11 (VIOLATED)
_20400_/A                               1.50    2.61   -1.11 (VIOLATED)
_17456_/A                               1.50    2.61   -1.11 (VIOLATED)
_17659_/A1                              1.50    2.61   -1.11 (VIOLATED)
_17458_/A                               1.50    2.61   -1.11 (VIOLATED)
_17667_/A                               1.50    2.61   -1.11 (VIOLATED)
_17772_/A                               1.50    2.61   -1.11 (VIOLATED)
_17768_/A                               1.50    2.61   -1.11 (VIOLATED)
_17777_/A                               1.50    2.61   -1.11 (VIOLATED)
_20416_/A                               1.50    2.61   -1.11 (VIOLATED)
_17465_/A                               1.50    2.61   -1.11 (VIOLATED)
_17464_/A                               1.50    2.61   -1.11 (VIOLATED)
_17467_/A                               1.50    2.61   -1.11 (VIOLATED)
_17534_/A                               1.50    2.61   -1.11 (VIOLATED)
_17788_/A                               1.50    2.61   -1.11 (VIOLATED)
_17794_/A                               1.50    2.61   -1.11 (VIOLATED)
_18667_/A                               1.50    2.61   -1.11 (VIOLATED)
_17468_/A                               1.50    2.61   -1.11 (VIOLATED)
_17462_/A                               1.50    2.61   -1.11 (VIOLATED)
_17466_/A                               1.50    2.61   -1.11 (VIOLATED)
_18682_/A                               1.50    2.61   -1.11 (VIOLATED)
_17538_/A                               1.50    2.61   -1.11 (VIOLATED)
load_slew347/X                          1.51    2.61   -1.10 (VIOLATED)
_20481_/A                               1.50    2.19   -0.69 (VIOLATED)
_20506_/A                               1.50    2.19   -0.69 (VIOLATED)
_20483_/A                               1.50    2.19   -0.69 (VIOLATED)
_20489_/A                               1.50    2.19   -0.69 (VIOLATED)
_20509_/A                               1.50    2.19   -0.69 (VIOLATED)
_20501_/A                               1.50    2.19   -0.69 (VIOLATED)
_20486_/A                               1.50    2.19   -0.69 (VIOLATED)
_15668_/A                               1.50    2.19   -0.69 (VIOLATED)
_16091_/A                               1.50    2.19   -0.69 (VIOLATED)
_16952_/A                               1.50    2.19   -0.69 (VIOLATED)
_22210_/C                               1.50    2.19   -0.69 (VIOLATED)
_22787_/A                               1.50    2.19   -0.69 (VIOLATED)
_21569_/A                               1.50    2.19   -0.69 (VIOLATED)
_23948_/A                               1.50    2.19   -0.69 (VIOLATED)
_16384_/C                               1.50    2.19   -0.69 (VIOLATED)
_16238_/A                               1.50    2.19   -0.69 (VIOLATED)
_20558_/C1                              1.50    2.19   -0.69 (VIOLATED)
_20511_/A                               1.50    2.19   -0.69 (VIOLATED)
_20520_/A                               1.50    2.19   -0.69 (VIOLATED)
_20510_/A                               1.50    2.19   -0.69 (VIOLATED)
_20480_/A                               1.50    2.19   -0.69 (VIOLATED)
_20563_/A                               1.50    2.19   -0.69 (VIOLATED)
_20551_/B1                              1.50    2.19   -0.69 (VIOLATED)
_20449_/A                               1.50    2.19   -0.69 (VIOLATED)
_20549_/B1                              1.50    2.19   -0.69 (VIOLATED)
_20546_/A                               1.50    2.19   -0.69 (VIOLATED)
reset_hash$_DFF_P_/D                    1.50    2.19   -0.69 (VIOLATED)
_23779_/A                               1.50    2.19   -0.69 (VIOLATED)
load_slew771/X                          1.51    2.19   -0.68 (VIOLATED)
_20452_/A                               1.50    2.15   -0.65 (VIOLATED)
_20458_/A                               1.50    2.15   -0.65 (VIOLATED)
_20517_/A                               1.50    2.15   -0.65 (VIOLATED)
_20450_/A                               1.50    2.15   -0.65 (VIOLATED)
_20455_/A                               1.50    2.15   -0.65 (VIOLATED)
load_slew771/A                          1.50    2.15   -0.65 (VIOLATED)
_20460_/A                               1.50    2.15   -0.65 (VIOLATED)
_20479_/A                               1.50    2.15   -0.65 (VIOLATED)
_20472_/A                               1.50    2.15   -0.65 (VIOLATED)
_20470_/A                               1.50    2.15   -0.65 (VIOLATED)
_20462_/A                               1.50    2.15   -0.65 (VIOLATED)
_20475_/A                               1.50    2.15   -0.65 (VIOLATED)
_20491_/A                               1.50    2.15   -0.65 (VIOLATED)
_20499_/A                               1.50    2.15   -0.65 (VIOLATED)
_20468_/A                               1.50    2.15   -0.65 (VIOLATED)
_20496_/A                               1.50    2.15   -0.65 (VIOLATED)
_20527_/A                               1.50    2.15   -0.65 (VIOLATED)
_20465_/A                               1.50    2.15   -0.65 (VIOLATED)
_20530_/A                               1.50    2.15   -0.65 (VIOLATED)
_20522_/A                               1.50    2.15   -0.65 (VIOLATED)
_20469_/A                               1.50    2.15   -0.65 (VIOLATED)
_15305_/A                               1.50    2.15   -0.65 (VIOLATED)
_16018_/A                               1.50    2.15   -0.65 (VIOLATED)
_16311_/A                               1.50    2.15   -0.65 (VIOLATED)
_16165_/A                               1.50    2.15   -0.65 (VIOLATED)
_20544_/A                               1.50    2.15   -0.65 (VIOLATED)
_20538_/A                               1.50    2.15   -0.65 (VIOLATED)
_20535_/B1                              1.50    2.15   -0.65 (VIOLATED)
_20532_/A                               1.50    2.15   -0.65 (VIOLATED)
wire772/X                               1.51    2.15   -0.65 (VIOLATED)
_14282_/S1                              1.50    1.54   -0.04 (VIOLATED)
count15_2[4]$_SDFF_PP0_/Q               1.50    1.53   -0.04 (VIOLATED)
_26990_/S1                              1.50    1.54   -0.04 (VIOLATED)
_27040_/S1                              1.50    1.54   -0.04 (VIOLATED)
_26217_/S1                              1.50    1.54   -0.04 (VIOLATED)
_26343_/S1                              1.50    1.54   -0.04 (VIOLATED)
_27045_/S1                              1.50    1.54   -0.04 (VIOLATED)
_26222_/S1                              1.50    1.54   -0.04 (VIOLATED)
_26348_/S1                              1.50    1.54   -0.04 (VIOLATED)
_26443_/S1                              1.50    1.53   -0.03 (VIOLATED)
_26448_/S1                              1.50    1.53   -0.03 (VIOLATED)
_26056_/S1                              1.50    1.53   -0.03 (VIOLATED)
_26852_/S1                              1.50    1.53   -0.03 (VIOLATED)
_26601_/S1                              1.50    1.53   -0.03 (VIOLATED)
_20464_/A                               1.50    1.53   -0.03 (VIOLATED)
_26857_/S1                              1.50    1.53   -0.03 (VIOLATED)

max capacitance

Pin                                    Limit     Cap   Slack
------------------------------------------------------------
load_slew2/X                            0.28    0.63   -0.35 (VIOLATED)
load_slew346/X                          0.13    0.32   -0.19 (VIOLATED)
load_slew350/X                          0.13    0.30   -0.17 (VIOLATED)
_18750_/Y                               0.15    0.30   -0.14 (VIOLATED)
load_slew347/X                          0.13    0.23   -0.10 (VIOLATED)
load_slew771/X                          0.13    0.19   -0.06 (VIOLATED)
wire772/X                               0.13    0.19   -0.06 (VIOLATED)
count15_2[4]$_SDFF_PP0_/Q               0.16    0.17   -0.01 (VIOLATED)


==========================================================================
finish max_slew_check_slack
--------------------------------------------------------------------------
-2.1441903114318848

==========================================================================
finish max_slew_check_limit
--------------------------------------------------------------------------
1.5

==========================================================================
finish max_slew_check_slack_limit
--------------------------------------------------------------------------
-1.4295

==========================================================================
finish max_fanout_check_slack
--------------------------------------------------------------------------
1.0000000150474662e+30

==========================================================================
finish max_fanout_check_limit
--------------------------------------------------------------------------
1.0000000150474662e+30

==========================================================================
finish max_capacitance_check_slack
--------------------------------------------------------------------------
-0.3512997329235077

==========================================================================
finish max_capacitance_check_limit
--------------------------------------------------------------------------
0.28107699751853943

==========================================================================
finish max_capacitance_check_slack_limit
--------------------------------------------------------------------------
-1.2498

==========================================================================
finish max_slew_violation_count
--------------------------------------------------------------------------
max slew violation count 346

==========================================================================
finish max_fanout_violation_count
--------------------------------------------------------------------------
max fanout violation count 0

==========================================================================
finish max_cap_violation_count
--------------------------------------------------------------------------
max cap violation count 8

==========================================================================
finish setup_violation_count
--------------------------------------------------------------------------
setup violation count 29

==========================================================================
finish hold_violation_count
--------------------------------------------------------------------------
hold violation count 0

==========================================================================
finish report_checks -path_delay max reg to reg
--------------------------------------------------------------------------
Startpoint: hash.p2_cap[26]$_DFF_P_
            (rising edge-triggered flip-flop clocked by core_clock)
Endpoint: hash.p2_cap[30]$_DFF_P_
          (rising edge-triggered flip-flop clocked by core_clock)
Path Group: core_clock
Path Type: max

  Delay    Time   Description
---------------------------------------------------------
   0.00    0.00   clock core_clock (rise edge)
   0.00    0.00   clock source latency
   0.00    0.00 ^ clk (in)
   0.23    0.23 ^ clkbuf_0_clk/X (sky130_fd_sc_hd__clkbuf_16)
   0.33    0.56 ^ clkbuf_2_3_0_clk/X (sky130_fd_sc_hd__clkbuf_16)
   0.26    0.83 ^ clkbuf_5_24__f_clk/X (sky130_fd_sc_hd__clkbuf_16)
   0.17    1.00 ^ clkbuf_leaf_176_clk/X (sky130_fd_sc_hd__clkbuf_16)
   0.00    1.00 ^ hash.p2_cap[26]$_DFF_P_/CLK (sky130_fd_sc_hd__dfxtp_4)
   0.40    1.40 v hash.p2_cap[26]$_DFF_P_/Q (sky130_fd_sc_hd__dfxtp_4)
   0.17    1.57 v _14842_/Y (sky130_fd_sc_hd__xnor2_2)
   0.24    1.81 ^ _14843_/Y (sky130_fd_sc_hd__xnor2_2)
   0.31    2.12 v _27609_/SUM (sky130_fd_sc_hd__ha_1)
   0.26    2.37 ^ _14941_/Y (sky130_fd_sc_hd__a211oi_2)
   0.13    2.50 v _14944_/Y (sky130_fd_sc_hd__o21ai_2)
   0.34    2.84 ^ _15066_/Y (sky130_fd_sc_hd__o311ai_2)
   0.13    2.98 v _15067_/Y (sky130_fd_sc_hd__a21boi_2)
   0.18    3.16 ^ _15090_/Y (sky130_fd_sc_hd__o21ai_0)
   0.09    3.25 v _15091_/Y (sky130_fd_sc_hd__nand2b_1)
   0.23    3.49 v _15092_/X (sky130_fd_sc_hd__a21o_4)
   0.23    3.72 ^ _15115_/Y (sky130_fd_sc_hd__a211oi_2)
   0.09    3.81 v _15117_/Y (sky130_fd_sc_hd__nor2_2)
   0.22    4.03 ^ _15160_/Y (sky130_fd_sc_hd__a31oi_2)
   0.10    4.12 v _15181_/Y (sky130_fd_sc_hd__o21bai_1)
   0.24    4.37 ^ _15182_/Y (sky130_fd_sc_hd__a21oi_2)
   0.16    4.53 ^ _15183_/Y (sky130_fd_sc_hd__xnor2_4)
   0.24    4.77 v _27691_/SUM (sky130_fd_sc_hd__ha_4)
   0.18    4.94 v _18031_/X (sky130_fd_sc_hd__a21o_1)
   0.20    5.14 ^ _18033_/Y (sky130_fd_sc_hd__a31oi_1)
   0.12    5.26 v _18049_/Y (sky130_fd_sc_hd__nor2_1)
   0.37    5.63 ^ _18050_/Y (sky130_fd_sc_hd__a221oi_4)
   0.08    5.71 v _18090_/Y (sky130_fd_sc_hd__nor2_1)
   0.33    6.04 v _18091_/X (sky130_fd_sc_hd__o31a_1)
   0.27    6.32 ^ _18092_/Y (sky130_fd_sc_hd__o21ai_4)
   0.07    6.39 v _18107_/Y (sky130_fd_sc_hd__nor2_4)
   0.33    6.72 ^ _18112_/Y (sky130_fd_sc_hd__a211oi_4)
   0.22    6.94 ^ rebuffer1/X (sky130_fd_sc_hd__buf_6)
   0.10    7.03 v _20011_/Y (sky130_fd_sc_hd__xnor2_4)
   0.18    7.21 v _27835_/COUT (sky130_fd_sc_hd__ha_4)
   0.35    7.57 v _18498_/X (sky130_fd_sc_hd__or3_1)
   0.31    7.87 ^ _18499_/Y (sky130_fd_sc_hd__a311oi_2)
   0.21    8.08 ^ _18500_/X (sky130_fd_sc_hd__or2_4)
   0.08    8.16 v _18721_/Y (sky130_fd_sc_hd__o21bai_1)
   0.26    8.41 ^ _18722_/Y (sky130_fd_sc_hd__a21oi_2)
   0.15    8.57 ^ _18723_/Y (sky130_fd_sc_hd__xnor2_2)
   0.47    9.03 v _27455_/SUM (sky130_fd_sc_hd__fa_1)
   0.26    9.29 v _27919_/SUM (sky130_fd_sc_hd__ha_4)
   0.17    9.46 v _23293_/X (sky130_fd_sc_hd__a21o_1)
   0.23    9.69 v _23294_/X (sky130_fd_sc_hd__a21o_4)
   0.11    9.80 ^ _23310_/Y (sky130_fd_sc_hd__a21oi_2)
   0.10    9.90 v _23311_/Y (sky130_fd_sc_hd__o21ai_2)
   0.17   10.06 ^ _23319_/Y (sky130_fd_sc_hd__nor3_2)
   0.17   10.24 ^ _23329_/X (sky130_fd_sc_hd__or3_4)
   0.10   10.33 v _23344_/Y (sky130_fd_sc_hd__a31oi_4)
   0.30   10.64 v _23354_/X (sky130_fd_sc_hd__a41o_4)
   0.33   10.97 ^ _23377_/Y (sky130_fd_sc_hd__o41ai_4)
   0.19   11.16 v _23386_/Y (sky130_fd_sc_hd__o22ai_2)
   0.28   11.44 ^ _23397_/Y (sky130_fd_sc_hd__o41ai_4)
   0.10   11.54 v _23404_/Y (sky130_fd_sc_hd__o21bai_1)
   0.17   11.70 ^ _23405_/Y (sky130_fd_sc_hd__a21oi_1)
   0.13   11.84 ^ _23406_/Y (sky130_fd_sc_hd__xnor2_1)
   0.00   11.84 ^ hash.p2_cap[30]$_DFF_P_/D (sky130_fd_sc_hd__dfxtp_2)
          11.84   data arrival time

  10.00   10.00   clock core_clock (rise edge)
   0.00   10.00   clock source latency
   0.00   10.00 ^ clk (in)
   0.23   10.23 ^ clkbuf_0_clk/X (sky130_fd_sc_hd__clkbuf_16)
   0.33   10.56 ^ clkbuf_2_3_0_clk/X (sky130_fd_sc_hd__clkbuf_16)
   0.25   10.81 ^ clkbuf_5_25__f_clk/X (sky130_fd_sc_hd__clkbuf_16)
   0.17   10.99 ^ clkbuf_leaf_175_clk/X (sky130_fd_sc_hd__clkbuf_16)
   0.00   10.99 ^ hash.p2_cap[30]$_DFF_P_/CLK (sky130_fd_sc_hd__dfxtp_2)
   0.00   10.99   clock reconvergence pessimism
  -0.07   10.91   library setup time
          10.91   data required time
---------------------------------------------------------
          10.91   data required time
         -11.84   data arrival time
---------------------------------------------------------
          -0.93   slack (VIOLATED)



==========================================================================
finish report_checks -path_delay min reg to reg
--------------------------------------------------------------------------
Startpoint: ready_dash$_SDFF_PP0_
            (rising edge-triggered flip-flop clocked by core_clock)
Endpoint: ready$_DFF_P_ (rising edge-triggered flip-flop clocked by core_clock)
Path Group: core_clock
Path Type: min

  Delay    Time   Description
---------------------------------------------------------
   0.00    0.00   clock core_clock (rise edge)
   0.00    0.00   clock source latency
   0.00    0.00 ^ clk (in)
   0.23    0.23 ^ clkbuf_0_clk/X (sky130_fd_sc_hd__clkbuf_16)
   0.33    0.56 ^ clkbuf_2_3_0_clk/X (sky130_fd_sc_hd__clkbuf_16)
   0.27    0.84 ^ clkbuf_5_28__f_clk/X (sky130_fd_sc_hd__clkbuf_16)
   0.18    1.02 ^ clkbuf_leaf_136_clk/X (sky130_fd_sc_hd__clkbuf_16)
   0.00    1.02 ^ ready_dash$_SDFF_PP0_/CLK (sky130_fd_sc_hd__dfxtp_1)
   0.30    1.33 ^ ready_dash$_SDFF_PP0_/Q (sky130_fd_sc_hd__dfxtp_1)
   0.00    1.33 ^ ready$_DFF_P_/D (sky130_fd_sc_hd__dfxtp_1)
           1.33   data arrival time

   0.00    0.00   clock core_clock (rise edge)
   0.00    0.00   clock source latency
   0.00    0.00 ^ clk (in)
   0.23    0.23 ^ clkbuf_0_clk/X (sky130_fd_sc_hd__clkbuf_16)
   0.33    0.56 ^ clkbuf_2_3_0_clk/X (sky130_fd_sc_hd__clkbuf_16)
   0.27    0.84 ^ clkbuf_5_28__f_clk/X (sky130_fd_sc_hd__clkbuf_16)
   0.18    1.02 ^ clkbuf_leaf_136_clk/X (sky130_fd_sc_hd__clkbuf_16)
   0.00    1.02 ^ ready$_DFF_P_/CLK (sky130_fd_sc_hd__dfxtp_1)
   0.00    1.02   clock reconvergence pessimism
  -0.03    1.00   library hold time
           1.00   data required time
---------------------------------------------------------
           1.00   data required time
          -1.33   data arrival time
---------------------------------------------------------
           0.33   slack (MET)



==========================================================================
finish critical path target clock latency max path
--------------------------------------------------------------------------
0.9773

==========================================================================
finish critical path target clock latency min path
--------------------------------------------------------------------------
1.1073

==========================================================================
finish critical path source clock latency min path
--------------------------------------------------------------------------
0.0000

==========================================================================
finish critical path delay
--------------------------------------------------------------------------
11.8396

==========================================================================
finish critical path slack
--------------------------------------------------------------------------
-0.9279

==========================================================================
finish slack div critical path delay
--------------------------------------------------------------------------
-7.837258

==========================================================================
finish report_power
--------------------------------------------------------------------------
Group                  Internal  Switching    Leakage      Total
                          Power      Power      Power      Power (Watts)
----------------------------------------------------------------
Sequential             2.00e-02   2.85e-03   2.77e-08   2.29e-02   4.9%
Combinational          1.84e-01   2.52e-01   5.46e-08   4.36e-01  92.5%
Clock                  7.18e-03   5.49e-03   5.32e-09   1.27e-02   2.7%
Macro                  0.00e+00   0.00e+00   0.00e+00   0.00e+00   0.0%
Pad                    0.00e+00   0.00e+00   0.00e+00   0.00e+00   0.0%
----------------------------------------------------------------
Total                  2.11e-01   2.61e-01   8.76e-08   4.71e-01 100.0%
                          44.7%      55.3%       0.0%
