Net: _11716_
  Pin:   _27218_/B (sky130_fd_sc_hd__fa_1)
    Layer: met1
      Partial area ratio:    4.20
      Required ratio:    0.00 (Gate area) 
      Cumulative area ratio:    4.20
      Required ratio:    0.00 (Cumulative area) 
      Partial area ratio:   21.22
      Required ratio:  400.00 (Side area) 
      Cumulative area ratio:   21.22
      Required ratio:    0.00 (Cumulative side area) 

    Layer: via
      Partial area ratio:    0.04
      Required ratio:    6.00 (Gate area) 
      Cumulative area ratio:    0.04
      Required ratio:    0.00 (Cumulative area) 

    Layer: met2
      Partial area ratio:    1.08
      Required ratio:    0.00 (Gate area) 
      Cumulative area ratio:    5.28
      Required ratio:    0.00 (Cumulative area) 
      Partial area ratio:    5.05
      Required ratio:  400.00 (Side area) 
      Cumulative area ratio:   26.27
      Required ratio:    0.00 (Cumulative side area) 

    Layer: via2
      Partial area ratio:    0.08
      Required ratio:    6.00 (Gate area) 
      Cumulative area ratio:    0.12
      Required ratio:    0.00 (Cumulative area) 

    Layer: met3
      Partial area ratio:   82.35
      Required ratio:    0.00 (Gate area) 
      Cumulative area ratio:   87.63
      Required ratio:    0.00 (Cumulative area) 
      Partial area ratio:  440.11
      Required ratio:  400.00 (Side area) (VIOLATED)
      Cumulative area ratio:  466.38
      Required ratio:    0.00 (Cumulative side area) 

    Layer: via3
      Partial area ratio:    0.08
      Required ratio:    6.00 (Gate area) 
      Cumulative area ratio:    0.20
      Required ratio:    0.00 (Cumulative area) 

    Layer: met4
      Partial area ratio:  196.43
      Required ratio:    0.00 (Gate area) 
      Cumulative area ratio:  284.06
      Required ratio:    0.00 (Cumulative area) 
      Partial area ratio: 1048.54
      Required ratio: 3477.80 (Side area) 
      Cumulative area ratio: 1514.92
      Required ratio:    0.00 (Cumulative side area) 


