OpenROAD v2.0-19814-g250e48e05 
Features included (+) or not (-): +GPU +GUI +Python
This program is licensed under the BSD-3 license. See the LICENSE file for details.
Components of this program may be licensed under more restrictive licenses which must be honored.
[INFO ORD-0030] Using 8 thread(s).
global_placement -skip_io -density 0.62 -pad_left 0 -pad_right 0
[INFO GPL-0002] DBU: 1000
[INFO GPL-0003] SiteSize: (  0.460  2.720 ) um
[INFO GPL-0004] CoreBBox: (  1.380  2.720 ) ( 755.780 753.440 ) um
[INFO GPL-0006] NumInstances:             23408
[INFO GPL-0007] NumPlaceInstances:        15902
[INFO GPL-0008] NumFixedInstances:         7506
[INFO GPL-0009] NumDummyInstances:            0
[INFO GPL-0010] NumNets:                  17419
[INFO GPL-0011] NumPins:                  68674
[INFO GPL-0012] DieBBox:  (  0.000  0.000 ) ( 757.070 757.070 ) um
[INFO GPL-0013] CoreBBox: (  1.380  2.720 ) ( 755.780 753.440 ) um
[INFO GPL-0016] CoreArea:            566343.168 um^2
[INFO GPL-0017] NonPlaceInstsArea:     9391.507 um^2
[INFO GPL-0018] PlaceInstsArea:      226474.707 um^2
[INFO GPL-0019] Util:                    40.663 %
[INFO GPL-0020] StdInstsArea:        226474.707 um^2
[INFO GPL-0021] MacroInstsArea:           0.000 um^2
[INFO GPL-0031] FillerInit:NumGCells:     24423
[INFO GPL-0032] FillerInit:NumGNets:      17419
[INFO GPL-0033] FillerInit:NumGPins:      68674
[INFO GPL-0023] TargetDensity:            0.620
[INFO GPL-0024] AvrgPlaceInstArea:       14.242 um^2
[INFO GPL-0025] IdealBinArea:            22.971 um^2
[INFO GPL-0026] IdealBinCnt:              24654
[INFO GPL-0027] TotalBinArea:        566343.168 um^2
[INFO GPL-0028] BinCnt:       128    128
[INFO GPL-0029] BinSize: (  5.894  5.865 )
[INFO GPL-0030] NumBins: 16384
[NesterovSolve] Iter:    1 overflow: 0.999 HPWL: 58729032
[NesterovSolve] Iter:   10 overflow: 0.999 HPWL: 26437128
[NesterovSolve] Iter:   20 overflow: 0.999 HPWL: 24925189
[NesterovSolve] Iter:   30 overflow: 0.999 HPWL: 24711336
[NesterovSolve] Iter:   40 overflow: 0.999 HPWL: 24570785
[NesterovSolve] Iter:   50 overflow: 0.999 HPWL: 24453732
[NesterovSolve] Iter:   60 overflow: 0.999 HPWL: 24367431
[NesterovSolve] Iter:   70 overflow: 0.999 HPWL: 24277601
[NesterovSolve] Iter:   80 overflow: 0.999 HPWL: 24194421
[NesterovSolve] Iter:   90 overflow: 0.998 HPWL: 24185292
[NesterovSolve] Iter:  100 overflow: 0.998 HPWL: 24365605
[NesterovSolve] Iter:  110 overflow: 0.998 HPWL: 24916039
[NesterovSolve] Iter:  120 overflow: 0.998 HPWL: 26068135
[NesterovSolve] Iter:  130 overflow: 0.998 HPWL: 28412798
[NesterovSolve] Iter:  140 overflow: 0.996 HPWL: 32949029
[NesterovSolve] Iter:  150 overflow: 0.994 HPWL: 42836261
[NesterovSolve] Iter:  160 overflow: 0.989 HPWL: 57255878
[NesterovSolve] Iter:  170 overflow: 0.982 HPWL: 77884278
[NesterovSolve] Iter:  180 overflow: 0.972 HPWL: 100789548
[NesterovSolve] Iter:  190 overflow: 0.960 HPWL: 123347652
[NesterovSolve] Iter:  200 overflow: 0.948 HPWL: 146924921
[NesterovSolve] Iter:  210 overflow: 0.931 HPWL: 170127488
[NesterovSolve] Iter:  220 overflow: 0.910 HPWL: 194755269
[NesterovSolve] Iter:  230 overflow: 0.885 HPWL: 223649786
[NesterovSolve] Iter:  240 overflow: 0.852 HPWL: 259103397
[NesterovSolve] Iter:  250 overflow: 0.817 HPWL: 293201886
[NesterovSolve] Iter:  260 overflow: 0.780 HPWL: 320356168
[NesterovSolve] Iter:  270 overflow: 0.739 HPWL: 343393722
[NesterovSolve] Iter:  280 overflow: 0.693 HPWL: 359517819
[NesterovSolve] Iter:  290 overflow: 0.649 HPWL: 375161505
[NesterovSolve] Iter:  300 overflow: 0.610 HPWL: 394817009
[NesterovSolve] Iter:  310 overflow: 0.570 HPWL: 414428389
[NesterovSolve] Iter:  320 overflow: 0.528 HPWL: 421589039
[NesterovSolve] Iter:  330 overflow: 0.484 HPWL: 425224666
[NesterovSolve] Iter:  340 overflow: 0.444 HPWL: 433314611
[NesterovSolve] Iter:  350 overflow: 0.401 HPWL: 438069974
[NesterovSolve] Iter:  360 overflow: 0.358 HPWL: 440131029
[NesterovSolve] Iter:  370 overflow: 0.322 HPWL: 443944778
[NesterovSolve] Iter:  380 overflow: 0.291 HPWL: 446659206
[NesterovSolve] Iter:  390 overflow: 0.261 HPWL: 449518190
[NesterovSolve] Iter:  400 overflow: 0.236 HPWL: 452432190
[NesterovSolve] Iter:  410 overflow: 0.208 HPWL: 455213619
[NesterovSolve] Iter:  420 overflow: 0.184 HPWL: 457741301
[NesterovSolve] Iter:  430 overflow: 0.161 HPWL: 459966154
[NesterovSolve] Iter:  440 overflow: 0.139 HPWL: 462240801
[NesterovSolve] Iter:  450 overflow: 0.117 HPWL: 464376067
[NesterovSolve] Iter:  460 overflow: 0.098 HPWL: 466786851
[NesterovSolve] Finished with Overflow: 0.097931
Took 7 seconds: global_placement -skip_io -density 0.62 -pad_left 0 -pad_right 0
Elapsed time: 0:07.25[h:]min:sec. CPU time: user 53.98 sys 0.06 (745%). Peak memory: 198236KB.
