
==========================================================================
global place report_tns
--------------------------------------------------------------------------
tns -64.62

==========================================================================
global place report_wns
--------------------------------------------------------------------------
wns -2.17

==========================================================================
global place report_worst_slack
--------------------------------------------------------------------------
worst slack -2.17

==========================================================================
global place report_checks -path_delay min
--------------------------------------------------------------------------
Startpoint: ready_dash$_SDFF_PP0_
            (rising edge-triggered flip-flop clocked by core_clock)
Endpoint: ready$_DFF_P_ (rising edge-triggered flip-flop clocked by core_clock)
Path Group: core_clock
Path Type: min

Fanout     Cap    Slew   Delay    Time   Description
-----------------------------------------------------------------------------
                  0.00    0.00    0.00   clock core_clock (rise edge)
                          0.00    0.00   clock network delay (ideal)
                  0.00    0.00    0.00 ^ ready_dash$_SDFF_PP0_/CLK (sky130_fd_sc_hd__dfxtp_1)
     1    0.03    0.16    0.38    0.38 v ready_dash$_SDFF_PP0_/Q (sky130_fd_sc_hd__dfxtp_1)
                                         ready_dash (net)
                  0.16    0.00    0.38 v ready$_DFF_P_/D (sky130_fd_sc_hd__dfxtp_1)
                                  0.38   data arrival time

                  0.00    0.00    0.00   clock core_clock (rise edge)
                          0.00    0.00   clock network delay (ideal)
                          0.00    0.00   clock reconvergence pessimism
                                  0.00 ^ ready$_DFF_P_/CLK (sky130_fd_sc_hd__dfxtp_1)
                         -0.11   -0.11   library hold time
                                 -0.11   data required time
-----------------------------------------------------------------------------
                                 -0.11   data required time
                                 -0.38   data arrival time
-----------------------------------------------------------------------------
                                  0.49   slack (MET)



==========================================================================
global place report_checks -path_delay max
--------------------------------------------------------------------------
Startpoint: hash.p2_cap[26]$_DFF_P_
            (rising edge-triggered flip-flop clocked by core_clock)
Endpoint: hash.p2_cap[30]$_DFF_P_
          (rising edge-triggered flip-flop clocked by core_clock)
Path Group: core_clock
Path Type: max

Fanout     Cap    Slew   Delay    Time   Description
-----------------------------------------------------------------------------
                  0.00    0.00    0.00   clock core_clock (rise edge)
                          0.00    0.00   clock network delay (ideal)
                  0.00    0.00    0.00 ^ hash.p2_cap[26]$_DFF_P_/CLK (sky130_fd_sc_hd__dfxtp_1)
     7    0.06    0.57    0.66    0.66 ^ hash.p2_cap[26]$_DFF_P_/Q (sky130_fd_sc_hd__dfxtp_1)
                                         hash.CA2.S1.X[26] (net)
                  0.57    0.00    0.66 ^ _14842_/B (sky130_fd_sc_hd__xnor2_1)
     1    0.01    0.15    0.21    0.87 v _14842_/Y (sky130_fd_sc_hd__xnor2_1)
                                         _04446_ (net)
                  0.15    0.00    0.87 v _14843_/B (sky130_fd_sc_hd__xnor2_2)
     2    0.02    0.26    0.27    1.14 ^ _14843_/Y (sky130_fd_sc_hd__xnor2_2)
                                         _13237_ (net)
                  0.26    0.00    1.14 ^ _27609_/B (sky130_fd_sc_hd__ha_1)
     2    0.01    0.08    0.31    1.45 v _27609_/SUM (sky130_fd_sc_hd__ha_1)
                                         _13239_ (net)
                  0.08    0.00    1.45 v _14941_/A2 (sky130_fd_sc_hd__a211oi_2)
     1    0.01    0.27    0.32    1.76 ^ _14941_/Y (sky130_fd_sc_hd__a211oi_2)
                                         _04525_ (net)
                  0.27    0.00    1.76 ^ _14944_/A1 (sky130_fd_sc_hd__o21ai_4)
     3    0.02    0.08    0.12    1.89 v _14944_/Y (sky130_fd_sc_hd__o21ai_4)
                                         _04528_ (net)
                  0.08    0.00    1.89 v _15066_/A3 (sky130_fd_sc_hd__o311ai_0)
     1    0.01    0.47    0.42    2.30 ^ _15066_/Y (sky130_fd_sc_hd__o311ai_0)
                                         _04626_ (net)
                  0.47    0.00    2.30 ^ _15067_/A1 (sky130_fd_sc_hd__a21boi_2)
     3    0.01    0.11    0.12    2.43 v _15067_/Y (sky130_fd_sc_hd__a21boi_2)
                                         _04627_ (net)
                  0.11    0.00    2.43 v _15090_/A2 (sky130_fd_sc_hd__o21ai_0)
     1    0.00    0.14    0.17    2.59 ^ _15090_/Y (sky130_fd_sc_hd__o21ai_0)
                                         _04642_ (net)
                  0.14    0.00    2.59 ^ _15091_/B (sky130_fd_sc_hd__nand2b_1)
     1    0.01    0.06    0.09    2.68 v _15091_/Y (sky130_fd_sc_hd__nand2b_1)
                                         _04643_ (net)
                  0.06    0.00    2.68 v _15092_/A2 (sky130_fd_sc_hd__a21o_4)
     2    0.01    0.04    0.22    2.91 v _15092_/X (sky130_fd_sc_hd__a21o_4)
                                         _04644_ (net)
                  0.04    0.00    2.91 v _15115_/A2 (sky130_fd_sc_hd__a211oi_2)
     1    0.01    0.26    0.29    3.19 ^ _15115_/Y (sky130_fd_sc_hd__a211oi_2)
                                         _04659_ (net)
                  0.26    0.00    3.19 ^ _15117_/A (sky130_fd_sc_hd__nor2_4)
     3    0.02    0.07    0.09    3.28 v _15117_/Y (sky130_fd_sc_hd__nor2_4)
                                         _04661_ (net)
                  0.07    0.00    3.28 v _15160_/A2 (sky130_fd_sc_hd__a31oi_2)
     2    0.01    0.24    0.26    3.54 ^ _15160_/Y (sky130_fd_sc_hd__a31oi_2)
                                         _04688_ (net)
                  0.24    0.00    3.54 ^ _15181_/A2 (sky130_fd_sc_hd__o21bai_1)
     1    0.00    0.06    0.09    3.63 v _15181_/Y (sky130_fd_sc_hd__o21bai_1)
                                         _04701_ (net)
                  0.06    0.00    3.63 v _15182_/A2 (sky130_fd_sc_hd__a21oi_1)
     1    0.01    0.23    0.23    3.86 ^ _15182_/Y (sky130_fd_sc_hd__a21oi_1)
                                         _04702_ (net)
                  0.23    0.00    3.86 ^ _15183_/B (sky130_fd_sc_hd__xnor2_2)
     3    0.03    0.36    0.22    4.08 ^ _15183_/Y (sky130_fd_sc_hd__xnor2_2)
                                         _13379_ (net)
                  0.36    0.00    4.08 ^ _27691_/B (sky130_fd_sc_hd__ha_1)
     2    0.02    0.13    0.38    4.46 v _27691_/SUM (sky130_fd_sc_hd__ha_1)
                                         _13489_ (net)
                  0.13    0.00    4.46 v _18031_/A1 (sky130_fd_sc_hd__a21o_1)
     2    0.01    0.05    0.21    4.66 v _18031_/X (sky130_fd_sc_hd__a21o_1)
                                         _06656_ (net)
                  0.05    0.00    4.66 v _18032_/C (sky130_fd_sc_hd__nor3_1)
     2    0.01    0.24    0.19    4.86 ^ _18032_/Y (sky130_fd_sc_hd__nor3_1)
                                         _06657_ (net)
                  0.24    0.00    4.86 ^ _18047_/B1 (sky130_fd_sc_hd__o21ai_1)
     1    0.01    0.10    0.13    4.99 v _18047_/Y (sky130_fd_sc_hd__o21ai_1)
                                         _06668_ (net)
                  0.10    0.00    4.99 v _18050_/B1 (sky130_fd_sc_hd__a221oi_2)
     3    0.02    0.38    0.39    5.38 ^ _18050_/Y (sky130_fd_sc_hd__a221oi_2)
                                         _06671_ (net)
                  0.38    0.00    5.38 ^ _18090_/A (sky130_fd_sc_hd__nor2_1)
     1    0.00    0.08    0.11    5.49 v _18090_/Y (sky130_fd_sc_hd__nor2_1)
                                         _06703_ (net)
                  0.08    0.00    5.49 v _18091_/A3 (sky130_fd_sc_hd__o31a_1)
     2    0.02    0.11    0.32    5.81 v _18091_/X (sky130_fd_sc_hd__o31a_1)
                                         _06704_ (net)
                  0.11    0.00    5.81 v _18092_/A2 (sky130_fd_sc_hd__o21ai_4)
     3    0.02    0.20    0.21    6.02 ^ _18092_/Y (sky130_fd_sc_hd__o21ai_4)
                                         _06705_ (net)
                  0.20    0.00    6.02 ^ _18107_/A (sky130_fd_sc_hd__nor2_2)
     1    0.01    0.06    0.08    6.10 v _18107_/Y (sky130_fd_sc_hd__nor2_2)
                                         _06716_ (net)
                  0.06    0.00    6.10 v _18112_/C1 (sky130_fd_sc_hd__a211oi_4)
     7    0.05    0.61    0.50    6.61 ^ _18112_/Y (sky130_fd_sc_hd__a211oi_4)
                                         hash.CA1.S1.X[30] (net)
                  0.61    0.00    6.61 ^ _20011_/A (sky130_fd_sc_hd__xnor2_1)
     1    0.01    0.16    0.22    6.83 v _20011_/Y (sky130_fd_sc_hd__xnor2_1)
                                         _13896_ (net)
                  0.16    0.00    6.83 v _27835_/A (sky130_fd_sc_hd__ha_4)
     3    0.01    0.04    0.22    7.04 v _27835_/COUT (sky130_fd_sc_hd__ha_4)
                                         _13898_ (net)
                  0.04    0.00    7.04 v _18498_/B (sky130_fd_sc_hd__or3_4)
     1    0.01    0.07    0.36    7.40 v _18498_/X (sky130_fd_sc_hd__or3_4)
                                         _06951_ (net)
                  0.07    0.00    7.40 v _18499_/C1 (sky130_fd_sc_hd__a311oi_2)
     2    0.01    0.30    0.28    7.68 ^ _18499_/Y (sky130_fd_sc_hd__a311oi_2)
                                         _06952_ (net)
                  0.30    0.00    7.68 ^ _18500_/B (sky130_fd_sc_hd__or2_4)
     3    0.01    0.06    0.20    7.88 ^ _18500_/X (sky130_fd_sc_hd__or2_4)
                                         _06953_ (net)
                  0.06    0.00    7.88 ^ _18721_/A2 (sky130_fd_sc_hd__o21bai_1)
     1    0.01    0.07    0.07    7.95 v _18721_/Y (sky130_fd_sc_hd__o21bai_1)
                                         _07116_ (net)
                  0.07    0.00    7.95 v _18722_/A2 (sky130_fd_sc_hd__a21oi_2)
     2    0.01    0.20    0.22    8.17 ^ _18722_/Y (sky130_fd_sc_hd__a21oi_2)
                                         _07117_ (net)
                  0.20    0.00    8.17 ^ _18723_/B (sky130_fd_sc_hd__xnor2_1)
     1    0.01    0.17    0.16    8.33 ^ _18723_/Y (sky130_fd_sc_hd__xnor2_1)
                                         _12720_ (net)
                  0.17    0.00    8.33 ^ _27455_/CIN (sky130_fd_sc_hd__fa_1)
     1    0.00    0.08    0.44    8.77 v _27455_/SUM (sky130_fd_sc_hd__fa_1)
                                         _12722_ (net)
                  0.08    0.00    8.77 v _27919_/B (sky130_fd_sc_hd__ha_1)
     4    0.02    0.13    0.37    9.13 v _27919_/SUM (sky130_fd_sc_hd__ha_1)
                                         _14158_ (net)
                  0.13    0.00    9.13 v _23293_/A1 (sky130_fd_sc_hd__a21o_1)
     1    0.01    0.05    0.20    9.33 v _23293_/X (sky130_fd_sc_hd__a21o_1)
                                         _09340_ (net)
                  0.05    0.00    9.33 v _23294_/A2 (sky130_fd_sc_hd__a21o_4)
     3    0.01    0.04    0.22    9.56 v _23294_/X (sky130_fd_sc_hd__a21o_4)
                                         _09341_ (net)
                  0.04    0.00    9.56 v _23310_/B1 (sky130_fd_sc_hd__a21oi_1)
     1    0.01    0.16    0.15    9.71 ^ _23310_/Y (sky130_fd_sc_hd__a21oi_1)
                                         _09356_ (net)
                  0.16    0.00    9.71 ^ _23311_/B1 (sky130_fd_sc_hd__o21ai_2)
     2    0.01    0.09    0.10    9.81 v _23311_/Y (sky130_fd_sc_hd__o21ai_2)
                                         _09357_ (net)
                  0.09    0.00    9.81 v _23319_/C (sky130_fd_sc_hd__nor3_1)
     2    0.01    0.28    0.24   10.05 ^ _23319_/Y (sky130_fd_sc_hd__nor3_1)
                                         _09363_ (net)
                  0.28    0.00   10.05 ^ _23329_/A (sky130_fd_sc_hd__or3_4)
     2    0.01    0.05    0.20   10.25 ^ _23329_/X (sky130_fd_sc_hd__or3_4)
                                         _09371_ (net)
                  0.05    0.00   10.25 ^ _23344_/A1 (sky130_fd_sc_hd__a31oi_2)
     3    0.02    0.13    0.12   10.38 v _23344_/Y (sky130_fd_sc_hd__a31oi_2)
                                         _09384_ (net)
                  0.13    0.00   10.38 v _23354_/A4 (sky130_fd_sc_hd__a41o_4)
     3    0.01    0.05    0.32   10.70 v _23354_/X (sky130_fd_sc_hd__a41o_4)
                                         _09392_ (net)
                  0.05    0.00   10.70 v _23377_/A4 (sky130_fd_sc_hd__o41ai_2)
     2    0.01    0.36    0.30   11.00 ^ _23377_/Y (sky130_fd_sc_hd__o41ai_2)
                                         _09411_ (net)
                  0.36    0.00   11.00 ^ _23386_/A1 (sky130_fd_sc_hd__o22ai_1)
     2    0.01    0.11    0.18   11.18 v _23386_/Y (sky130_fd_sc_hd__o22ai_1)
                                         _09418_ (net)
                  0.11    0.00   11.18 v _23397_/A4 (sky130_fd_sc_hd__o41ai_1)
     2    0.01    0.52    0.45   11.64 ^ _23397_/Y (sky130_fd_sc_hd__o41ai_1)
                                         _09427_ (net)
                  0.52    0.00   11.64 ^ _23404_/A2 (sky130_fd_sc_hd__o21bai_1)
     1    0.00    0.09    0.12   11.76 v _23404_/Y (sky130_fd_sc_hd__o21bai_1)
                                         _09432_ (net)
                  0.09    0.00   11.76 v _23405_/A2 (sky130_fd_sc_hd__a21oi_1)
     1    0.01    0.16    0.20   11.95 ^ _23405_/Y (sky130_fd_sc_hd__a21oi_1)
                                         _09433_ (net)
                  0.16    0.00   11.95 ^ _23406_/B (sky130_fd_sc_hd__xnor2_1)
     1    0.00    0.13    0.14   12.09 ^ _23406_/Y (sky130_fd_sc_hd__xnor2_1)
                                         hash.CA1.p2[30] (net)
                  0.13    0.00   12.09 ^ hash.p2_cap[30]$_DFF_P_/D (sky130_fd_sc_hd__dfxtp_1)
                                 12.09   data arrival time

                  0.00   10.00   10.00   clock core_clock (rise edge)
                          0.00   10.00   clock network delay (ideal)
                          0.00   10.00   clock reconvergence pessimism
                                 10.00 ^ hash.p2_cap[30]$_DFF_P_/CLK (sky130_fd_sc_hd__dfxtp_1)
                         -0.08    9.92   library setup time
                                  9.92   data required time
-----------------------------------------------------------------------------
                                  9.92   data required time
                                -12.09   data arrival time
-----------------------------------------------------------------------------
                                 -2.17   slack (VIOLATED)



==========================================================================
global place report_checks -unconstrained
--------------------------------------------------------------------------
Startpoint: hash.p2_cap[26]$_DFF_P_
            (rising edge-triggered flip-flop clocked by core_clock)
Endpoint: hash.p2_cap[30]$_DFF_P_
          (rising edge-triggered flip-flop clocked by core_clock)
Path Group: core_clock
Path Type: max

Fanout     Cap    Slew   Delay    Time   Description
-----------------------------------------------------------------------------
                  0.00    0.00    0.00   clock core_clock (rise edge)
                          0.00    0.00   clock network delay (ideal)
                  0.00    0.00    0.00 ^ hash.p2_cap[26]$_DFF_P_/CLK (sky130_fd_sc_hd__dfxtp_1)
     7    0.06    0.57    0.66    0.66 ^ hash.p2_cap[26]$_DFF_P_/Q (sky130_fd_sc_hd__dfxtp_1)
                                         hash.CA2.S1.X[26] (net)
                  0.57    0.00    0.66 ^ _14842_/B (sky130_fd_sc_hd__xnor2_1)
     1    0.01    0.15    0.21    0.87 v _14842_/Y (sky130_fd_sc_hd__xnor2_1)
                                         _04446_ (net)
                  0.15    0.00    0.87 v _14843_/B (sky130_fd_sc_hd__xnor2_2)
     2    0.02    0.26    0.27    1.14 ^ _14843_/Y (sky130_fd_sc_hd__xnor2_2)
                                         _13237_ (net)
                  0.26    0.00    1.14 ^ _27609_/B (sky130_fd_sc_hd__ha_1)
     2    0.01    0.08    0.31    1.45 v _27609_/SUM (sky130_fd_sc_hd__ha_1)
                                         _13239_ (net)
                  0.08    0.00    1.45 v _14941_/A2 (sky130_fd_sc_hd__a211oi_2)
     1    0.01    0.27    0.32    1.76 ^ _14941_/Y (sky130_fd_sc_hd__a211oi_2)
                                         _04525_ (net)
                  0.27    0.00    1.76 ^ _14944_/A1 (sky130_fd_sc_hd__o21ai_4)
     3    0.02    0.08    0.12    1.89 v _14944_/Y (sky130_fd_sc_hd__o21ai_4)
                                         _04528_ (net)
                  0.08    0.00    1.89 v _15066_/A3 (sky130_fd_sc_hd__o311ai_0)
     1    0.01    0.47    0.42    2.30 ^ _15066_/Y (sky130_fd_sc_hd__o311ai_0)
                                         _04626_ (net)
                  0.47    0.00    2.30 ^ _15067_/A1 (sky130_fd_sc_hd__a21boi_2)
     3    0.01    0.11    0.12    2.43 v _15067_/Y (sky130_fd_sc_hd__a21boi_2)
                                         _04627_ (net)
                  0.11    0.00    2.43 v _15090_/A2 (sky130_fd_sc_hd__o21ai_0)
     1    0.00    0.14    0.17    2.59 ^ _15090_/Y (sky130_fd_sc_hd__o21ai_0)
                                         _04642_ (net)
                  0.14    0.00    2.59 ^ _15091_/B (sky130_fd_sc_hd__nand2b_1)
     1    0.01    0.06    0.09    2.68 v _15091_/Y (sky130_fd_sc_hd__nand2b_1)
                                         _04643_ (net)
                  0.06    0.00    2.68 v _15092_/A2 (sky130_fd_sc_hd__a21o_4)
     2    0.01    0.04    0.22    2.91 v _15092_/X (sky130_fd_sc_hd__a21o_4)
                                         _04644_ (net)
                  0.04    0.00    2.91 v _15115_/A2 (sky130_fd_sc_hd__a211oi_2)
     1    0.01    0.26    0.29    3.19 ^ _15115_/Y (sky130_fd_sc_hd__a211oi_2)
                                         _04659_ (net)
                  0.26    0.00    3.19 ^ _15117_/A (sky130_fd_sc_hd__nor2_4)
     3    0.02    0.07    0.09    3.28 v _15117_/Y (sky130_fd_sc_hd__nor2_4)
                                         _04661_ (net)
                  0.07    0.00    3.28 v _15160_/A2 (sky130_fd_sc_hd__a31oi_2)
     2    0.01    0.24    0.26    3.54 ^ _15160_/Y (sky130_fd_sc_hd__a31oi_2)
                                         _04688_ (net)
                  0.24    0.00    3.54 ^ _15181_/A2 (sky130_fd_sc_hd__o21bai_1)
     1    0.00    0.06    0.09    3.63 v _15181_/Y (sky130_fd_sc_hd__o21bai_1)
                                         _04701_ (net)
                  0.06    0.00    3.63 v _15182_/A2 (sky130_fd_sc_hd__a21oi_1)
     1    0.01    0.23    0.23    3.86 ^ _15182_/Y (sky130_fd_sc_hd__a21oi_1)
                                         _04702_ (net)
                  0.23    0.00    3.86 ^ _15183_/B (sky130_fd_sc_hd__xnor2_2)
     3    0.03    0.36    0.22    4.08 ^ _15183_/Y (sky130_fd_sc_hd__xnor2_2)
                                         _13379_ (net)
                  0.36    0.00    4.08 ^ _27691_/B (sky130_fd_sc_hd__ha_1)
     2    0.02    0.13    0.38    4.46 v _27691_/SUM (sky130_fd_sc_hd__ha_1)
                                         _13489_ (net)
                  0.13    0.00    4.46 v _18031_/A1 (sky130_fd_sc_hd__a21o_1)
     2    0.01    0.05    0.21    4.66 v _18031_/X (sky130_fd_sc_hd__a21o_1)
                                         _06656_ (net)
                  0.05    0.00    4.66 v _18032_/C (sky130_fd_sc_hd__nor3_1)
     2    0.01    0.24    0.19    4.86 ^ _18032_/Y (sky130_fd_sc_hd__nor3_1)
                                         _06657_ (net)
                  0.24    0.00    4.86 ^ _18047_/B1 (sky130_fd_sc_hd__o21ai_1)
     1    0.01    0.10    0.13    4.99 v _18047_/Y (sky130_fd_sc_hd__o21ai_1)
                                         _06668_ (net)
                  0.10    0.00    4.99 v _18050_/B1 (sky130_fd_sc_hd__a221oi_2)
     3    0.02    0.38    0.39    5.38 ^ _18050_/Y (sky130_fd_sc_hd__a221oi_2)
                                         _06671_ (net)
                  0.38    0.00    5.38 ^ _18090_/A (sky130_fd_sc_hd__nor2_1)
     1    0.00    0.08    0.11    5.49 v _18090_/Y (sky130_fd_sc_hd__nor2_1)
                                         _06703_ (net)
                  0.08    0.00    5.49 v _18091_/A3 (sky130_fd_sc_hd__o31a_1)
     2    0.02    0.11    0.32    5.81 v _18091_/X (sky130_fd_sc_hd__o31a_1)
                                         _06704_ (net)
                  0.11    0.00    5.81 v _18092_/A2 (sky130_fd_sc_hd__o21ai_4)
     3    0.02    0.20    0.21    6.02 ^ _18092_/Y (sky130_fd_sc_hd__o21ai_4)
                                         _06705_ (net)
                  0.20    0.00    6.02 ^ _18107_/A (sky130_fd_sc_hd__nor2_2)
     1    0.01    0.06    0.08    6.10 v _18107_/Y (sky130_fd_sc_hd__nor2_2)
                                         _06716_ (net)
                  0.06    0.00    6.10 v _18112_/C1 (sky130_fd_sc_hd__a211oi_4)
     7    0.05    0.61    0.50    6.61 ^ _18112_/Y (sky130_fd_sc_hd__a211oi_4)
                                         hash.CA1.S1.X[30] (net)
                  0.61    0.00    6.61 ^ _20011_/A (sky130_fd_sc_hd__xnor2_1)
     1    0.01    0.16    0.22    6.83 v _20011_/Y (sky130_fd_sc_hd__xnor2_1)
                                         _13896_ (net)
                  0.16    0.00    6.83 v _27835_/A (sky130_fd_sc_hd__ha_4)
     3    0.01    0.04    0.22    7.04 v _27835_/COUT (sky130_fd_sc_hd__ha_4)
                                         _13898_ (net)
                  0.04    0.00    7.04 v _18498_/B (sky130_fd_sc_hd__or3_4)
     1    0.01    0.07    0.36    7.40 v _18498_/X (sky130_fd_sc_hd__or3_4)
                                         _06951_ (net)
                  0.07    0.00    7.40 v _18499_/C1 (sky130_fd_sc_hd__a311oi_2)
     2    0.01    0.30    0.28    7.68 ^ _18499_/Y (sky130_fd_sc_hd__a311oi_2)
                                         _06952_ (net)
                  0.30    0.00    7.68 ^ _18500_/B (sky130_fd_sc_hd__or2_4)
     3    0.01    0.06    0.20    7.88 ^ _18500_/X (sky130_fd_sc_hd__or2_4)
                                         _06953_ (net)
                  0.06    0.00    7.88 ^ _18721_/A2 (sky130_fd_sc_hd__o21bai_1)
     1    0.01    0.07    0.07    7.95 v _18721_/Y (sky130_fd_sc_hd__o21bai_1)
                                         _07116_ (net)
                  0.07    0.00    7.95 v _18722_/A2 (sky130_fd_sc_hd__a21oi_2)
     2    0.01    0.20    0.22    8.17 ^ _18722_/Y (sky130_fd_sc_hd__a21oi_2)
                                         _07117_ (net)
                  0.20    0.00    8.17 ^ _18723_/B (sky130_fd_sc_hd__xnor2_1)
     1    0.01    0.17    0.16    8.33 ^ _18723_/Y (sky130_fd_sc_hd__xnor2_1)
                                         _12720_ (net)
                  0.17    0.00    8.33 ^ _27455_/CIN (sky130_fd_sc_hd__fa_1)
     1    0.00    0.08    0.44    8.77 v _27455_/SUM (sky130_fd_sc_hd__fa_1)
                                         _12722_ (net)
                  0.08    0.00    8.77 v _27919_/B (sky130_fd_sc_hd__ha_1)
     4    0.02    0.13    0.37    9.13 v _27919_/SUM (sky130_fd_sc_hd__ha_1)
                                         _14158_ (net)
                  0.13    0.00    9.13 v _23293_/A1 (sky130_fd_sc_hd__a21o_1)
     1    0.01    0.05    0.20    9.33 v _23293_/X (sky130_fd_sc_hd__a21o_1)
                                         _09340_ (net)
                  0.05    0.00    9.33 v _23294_/A2 (sky130_fd_sc_hd__a21o_4)
     3    0.01    0.04    0.22    9.56 v _23294_/X (sky130_fd_sc_hd__a21o_4)
                                         _09341_ (net)
                  0.04    0.00    9.56 v _23310_/B1 (sky130_fd_sc_hd__a21oi_1)
     1    0.01    0.16    0.15    9.71 ^ _23310_/Y (sky130_fd_sc_hd__a21oi_1)
                                         _09356_ (net)
                  0.16    0.00    9.71 ^ _23311_/B1 (sky130_fd_sc_hd__o21ai_2)
     2    0.01    0.09    0.10    9.81 v _23311_/Y (sky130_fd_sc_hd__o21ai_2)
                                         _09357_ (net)
                  0.09    0.00    9.81 v _23319_/C (sky130_fd_sc_hd__nor3_1)
     2    0.01    0.28    0.24   10.05 ^ _23319_/Y (sky130_fd_sc_hd__nor3_1)
                                         _09363_ (net)
                  0.28    0.00   10.05 ^ _23329_/A (sky130_fd_sc_hd__or3_4)
     2    0.01    0.05    0.20   10.25 ^ _23329_/X (sky130_fd_sc_hd__or3_4)
                                         _09371_ (net)
                  0.05    0.00   10.25 ^ _23344_/A1 (sky130_fd_sc_hd__a31oi_2)
     3    0.02    0.13    0.12   10.38 v _23344_/Y (sky130_fd_sc_hd__a31oi_2)
                                         _09384_ (net)
                  0.13    0.00   10.38 v _23354_/A4 (sky130_fd_sc_hd__a41o_4)
     3    0.01    0.05    0.32   10.70 v _23354_/X (sky130_fd_sc_hd__a41o_4)
                                         _09392_ (net)
                  0.05    0.00   10.70 v _23377_/A4 (sky130_fd_sc_hd__o41ai_2)
     2    0.01    0.36    0.30   11.00 ^ _23377_/Y (sky130_fd_sc_hd__o41ai_2)
                                         _09411_ (net)
                  0.36    0.00   11.00 ^ _23386_/A1 (sky130_fd_sc_hd__o22ai_1)
     2    0.01    0.11    0.18   11.18 v _23386_/Y (sky130_fd_sc_hd__o22ai_1)
                                         _09418_ (net)
                  0.11    0.00   11.18 v _23397_/A4 (sky130_fd_sc_hd__o41ai_1)
     2    0.01    0.52    0.45   11.64 ^ _23397_/Y (sky130_fd_sc_hd__o41ai_1)
                                         _09427_ (net)
                  0.52    0.00   11.64 ^ _23404_/A2 (sky130_fd_sc_hd__o21bai_1)
     1    0.00    0.09    0.12   11.76 v _23404_/Y (sky130_fd_sc_hd__o21bai_1)
                                         _09432_ (net)
                  0.09    0.00   11.76 v _23405_/A2 (sky130_fd_sc_hd__a21oi_1)
     1    0.01    0.16    0.20   11.95 ^ _23405_/Y (sky130_fd_sc_hd__a21oi_1)
                                         _09433_ (net)
                  0.16    0.00   11.95 ^ _23406_/B (sky130_fd_sc_hd__xnor2_1)
     1    0.00    0.13    0.14   12.09 ^ _23406_/Y (sky130_fd_sc_hd__xnor2_1)
                                         hash.CA1.p2[30] (net)
                  0.13    0.00   12.09 ^ hash.p2_cap[30]$_DFF_P_/D (sky130_fd_sc_hd__dfxtp_1)
                                 12.09   data arrival time

                  0.00   10.00   10.00   clock core_clock (rise edge)
                          0.00   10.00   clock network delay (ideal)
                          0.00   10.00   clock reconvergence pessimism
                                 10.00 ^ hash.p2_cap[30]$_DFF_P_/CLK (sky130_fd_sc_hd__dfxtp_1)
                         -0.08    9.92   library setup time
                                  9.92   data required time
-----------------------------------------------------------------------------
                                  9.92   data required time
                                -12.09   data arrival time
-----------------------------------------------------------------------------
                                 -2.17   slack (VIOLATED)



==========================================================================
global place report_power
--------------------------------------------------------------------------
Group                  Internal  Switching    Leakage      Total
                          Power      Power      Power      Power (Watts)
----------------------------------------------------------------
Sequential             1.97e-02   2.94e-03   2.77e-08   2.27e-02   5.5%
Combinational          1.66e-01   2.27e-01   5.31e-08   3.93e-01  94.5%
Clock                  0.00e+00   0.00e+00   0.00e+00   0.00e+00   0.0%
Macro                  0.00e+00   0.00e+00   0.00e+00   0.00e+00   0.0%
Pad                    0.00e+00   0.00e+00   0.00e+00   0.00e+00   0.0%
----------------------------------------------------------------
Total                  1.86e-01   2.30e-01   8.08e-08   4.16e-01 100.0%
                          44.6%      55.4%       0.0%
