violation type: Horizontal congestion
	srcs: net:net547 net:net499 net:_03401_ net:_03403_ net:net419 net:_05268_ net:_05585_ net:_05899_ net:_07659_ net:_10420_ net:_10421_ net:w\[25\]\[23\] net:w\[27\]\[23\] net:w\[29\]\[23\] net:w\[31\]\[23\]
	comment: capacity:14 usage:15 overflow:1
	bbox = (200.1000, 579.6000) - (207.0000, 586.5000) on Layer -
violation type: Horizontal congestion
	srcs: net:_00124_ net:_03450_ net:_05938_ net:_05967_ net:net744 net:net245 net:net42 net:_11488_ net:message[193] net:message[201] net:message[330] net:message[394] net:message[9]
	comment: capacity:12 usage:13 overflow:1
	bbox = (227.7000, 0.0000) - (234.6000, 6.9000) on Layer -
violation type: Horizontal congestion
	srcs: net:net502 net:_03933_ net:_04088_ net:_06016_ net:_07910_ net:_09099_ net:w\[24\]\[15\] net:w\[28\]\[15\] net:w\[30\]\[15\]
	comment: capacity:8 usage:9 overflow:1
	bbox = (158.7000, 41.4000) - (165.6000, 48.3000) on Layer -
violation type: Horizontal congestion
	srcs: net:_00124_ net:_00126_ net:_00127_ net:_04446_ net:_05214_ net:_05648_ net:_06126_ net:w\[12\]\[25\]
	comment: capacity:7 usage:8 overflow:1
	bbox = (393.3000, 6.9000) - (400.2000, 13.8000) on Layer -
violation type: Horizontal congestion
	srcs: net:_00064_ net:_03906_ net:_05315_ net:_05657_ net:_05739_ net:_05777_ net:net740 net:w\[11\]\[31\] net:w\[13\]\[31\] net:w\[15\]\[31\] net:w\[9\]\[31\]
	comment: capacity:9 usage:11 overflow:2
	bbox = (227.7000, 607.2000) - (234.6000, 614.1000) on Layer -
violation type: Horizontal congestion
	srcs: net:_00068_ net:_00217_ net:_05611_ net:_05613_ net:_05986_ net:_06134_ net:clknet_leaf_77_clk net:net380 net:message[288]
	comment: capacity:8 usage:9 overflow:1
	bbox = (213.9000, 600.3000) - (220.8000, 607.2000) on Layer -
violation type: Horizontal congestion
	srcs: net:_00093_ net:net422 net:_03905_ net:_05269_ net:_05271_ net:_05583_ net:_05821_ net:clknet_leaf_78_clk net:net655 net:message[505] net:w\[13\]\[31\] net:w\[9\]\[31\]
	comment: capacity:11 usage:12 overflow:1
	bbox = (213.9000, 593.4000) - (220.8000, 600.3000) on Layer -
violation type: Horizontal congestion
	srcs: net:_00090_ net:_05315_ net:_05515_ net:_05517_ net:_05977_ net:_06055_ net:clknet_leaf_77_clk net:net683 net:net352 net:net281 net:net76 net:message[101] net:message[40]
	comment: capacity:8 usage:13 overflow:5
	bbox = (200.1000, 607.2000) - (207.0000, 614.1000) on Layer -
violation type: Horizontal congestion
	srcs: net:_00095_ net:_03619_ net:_04456_ net:_04457_ net:_07686_ net:_09120_ net:_09136_ net:_11564_ net:_11565_ net:w\[13\]\[26\]
	comment: capacity:9 usage:10 overflow:1
	bbox = (172.5000, 586.5000) - (179.4000, 593.4000) on Layer -
violation type: Horizontal congestion
	srcs: net:_00116_ net:_00519_ net:_03681_ net:_03929_ net:_05616_ net:_05698_ net:_05718_ net:_05780_ net:net189 net:w\[0\]\[15\] net:w\[2\]\[15\]
	comment: capacity:10 usage:11 overflow:1
	bbox = (158.7000, 27.6000) - (165.6000, 34.5000) on Layer -
violation type: Horizontal congestion
	srcs: net:net511 net:net509 net:_05877_ net:_07906_ net:_07908_ net:net57 net:net46 net:message[153] net:message[204] net:message[217] net:message[218] net:message[268] net:message[278] net:message[281] net:message[76] net:message[89]
	comment: capacity:14 usage:16 overflow:2
	bbox = (158.7000, 0.0000) - (165.6000, 6.9000) on Layer -
violation type: Horizontal congestion
	srcs: net:_00096_ net:_00125_ net:_00127_ net:_03137_ net:_03138_ net:_03931_ net:clknet_5_0__leaf_clk net:clknet_leaf_269_clk net:net729 net:net178 net:message[272] net:message[282] net:message[346] net:message[474] net:message[80]
	comment: capacity:14 usage:15 overflow:1
	bbox = (158.7000, 6.9000) - (165.6000, 13.8000) on Layer -
violation type: Horizontal congestion
	srcs: net:_00079_ net:_00090_ net:_02669_ net:_05657_ net:_05739_ net:_05748_ net:clknet_leaf_80_clk net:net95 net:message[483]
	comment: capacity:8 usage:9 overflow:1
	bbox = (241.5000, 607.2000) - (248.4000, 614.1000) on Layer -
violation type: Horizontal congestion
	srcs: net:_00119_ net:_00122_ net:_00123_ net:net522 net:net454 net:_03683_ net:_09091_ net:_09124_ net:count2_1\[5\]
	comment: capacity:8 usage:9 overflow:1
	bbox = (158.7000, 55.2000) - (165.6000, 62.1000) on Layer -
violation type: Horizontal congestion
	srcs: net:_00105_ net:_00124_ net:_00126_ net:_03682_ net:_04984_ net:_05112_ net:_05938_ net:net405 net:message[400] net:w\[14\]\[15\]
	comment: capacity:9 usage:10 overflow:1
	bbox = (158.7000, 13.8000) - (165.6000, 20.7000) on Layer -
violation type: Horizontal congestion
	srcs: net:_00095_ net:_00563_ net:net6 net:_03614_ net:_05542_ net:_05739_ net:_05986_ net:_06134_ net:net663 net:net144 net:_11692_ net:message[104] net:w\[13\]\[26\] net:w\[9\]\[26\]
	comment: capacity:13 usage:14 overflow:1
	bbox = (179.4000, 600.3000) - (186.3000, 607.2000) on Layer -
violation type: Horizontal congestion
	srcs: net:_00090_ net:_00094_ net:_00435_ net:_03612_ net:_04460_ net:_05315_ net:_05542_ net:_05977_ net:clknet_leaf_76_clk net:_11695_ net:message[101] net:message[183] net:message[229] net:message[55]
	comment: capacity:13 usage:14 overflow:1
	bbox = (179.4000, 607.2000) - (186.3000, 614.1000) on Layer -
violation type: Horizontal congestion
	srcs: net:net522 net:_03137_ net:clknet_leaf_265_clk net:_06094_ net:net247 net:net104 net:net62 net:w\[2\]\[4\] net:w\[4\]\[4\] net:w\[6\]\[4\]
	comment: capacity:9 usage:10 overflow:1
	bbox = (213.9000, 20.7000) - (220.8000, 27.6000) on Layer -
violation type: Horizontal congestion
	srcs: net:_00097_ net:_05260_ net:_05867_ net:_06016_ net:net326 net:net114 net:w\[10\]\[4\] net:w\[2\]\[4\] net:w\[6\]\[4\]
	comment: capacity:8 usage:9 overflow:1
	bbox = (213.9000, 13.8000) - (220.8000, 20.7000) on Layer -
violation type: Horizontal congestion
	srcs: net:_00097_ net:_04084_ net:_04085_ net:_06094_ net:_07942_ net:_07943_ net:w\[10\]\[15\] net:w\[12\]\[15\] net:w\[6\]\[15\] net:w\[8\]\[15\]
	comment: capacity:9 usage:10 overflow:1
	bbox = (158.7000, 20.7000) - (165.6000, 27.6000) on Layer -
violation type: Horizontal congestion
	srcs: net:_00096_ net:_00097_ net:_00184_ net:net502 net:_05260_ net:_06016_ net:net317 net:net185 net:net114 net:message[129] net:message[266]
	comment: capacity:9 usage:11 overflow:2
	bbox = (227.7000, 13.8000) - (234.6000, 20.7000) on Layer -
violation type: Horizontal congestion
	srcs: net:_00064_ net:_00349_ net:_05315_ net:clknet_5_23__leaf_clk net:_05354_ net:_05611_ net:_05657_ net:_05739_ net:_05977_ net:_06055_ net:net740 net:net352 net:net139 net:w\[11\]\[31\] net:w\[9\]\[31\]
	comment: capacity:14 usage:15 overflow:1
	bbox = (213.9000, 607.2000) - (220.8000, 614.1000) on Layer -
violation type: Horizontal congestion
	srcs: net:_00090_ net:_00094_ net:_00211_ net:net22 net:net577 net:_04460_ net:_05315_ net:_05657_ net:_05977_ net:clknet_leaf_76_clk net:net286 net:_11695_ net:message[101] net:message[183] net:message[229] net:message[247] net:message[55]
	comment: capacity:14 usage:17 overflow:3
	bbox = (172.5000, 607.2000) - (179.4000, 614.1000) on Layer -
violation type: Vertical congestion
	srcs: net:_00435_ net:_03612_ net:_03613_ net:_04393_ net:_04394_ net:_04395_ net:_04396_ net:_05542_ net:net345 net:net148 net:_11691_ net:_11692_ net:_11693_ net:_11694_ net:_11695_ net:message[288] net:message[40]
	comment: capacity:11 usage:17 overflow:6
	bbox = (186.3000, 607.2000) - (193.2000, 614.1000) on Layer -
violation type: Vertical congestion
	srcs: net:_00371_ net:_03610_ net:_03611_ net:_03614_ net:_05315_ net:_05739_ net:_05772_ net:_05977_ net:_06055_ net:_06085_ net:net683 net:net655 net:net352 net:net281 net:net99 net:net76 net:message[183] net:message[505] net:message[55]
	comment: capacity:16 usage:19 overflow:3
	bbox = (193.2000, 607.2000) - (200.1000, 614.1000) on Layer -
violation type: Vertical congestion
	srcs: net:_00095_ net:net525 net:_03401_ net:_03402_ net:_03403_ net:_03404_ net:_03405_ net:_05268_ net:_05273_ net:_05515_ net:_05584_ net:_05585_ net:net380 net:message[229]
	comment: capacity:11 usage:14 overflow:3
	bbox = (200.1000, 607.2000) - (207.0000, 614.1000) on Layer -
violation type: Vertical congestion
	srcs: net:_00079_ net:net527 net:net499 net:net497 net:_03404_ net:_05269_ net:_05270_ net:_05271_ net:_05515_ net:_05582_ net:_05583_ net:_05586_ net:_10412_ net:message[37] net:message[96] net:w\[11\]\[23\] net:w\[9\]\[23\]
	comment: capacity:16 usage:17 overflow:1
	bbox = (207.0000, 593.4000) - (213.9000, 600.3000) on Layer -
violation type: Vertical congestion
	srcs: net:_00095_ net:net574 net:net525 net:_03401_ net:_03402_ net:_03403_ net:_03404_ net:_03405_ net:_05268_ net:_05273_ net:_05584_ net:_05585_ net:net380 net:w\[1\]\[26\] net:w\[5\]\[26\]
	comment: capacity:11 usage:15 overflow:4
	bbox = (200.1000, 600.3000) - (207.0000, 607.2000) on Layer -
violation type: Vertical congestion
	srcs: net:_00093_ net:_00095_ net:net555 net:net547 net:_05666_ net:_05977_ net:_06055_ net:clknet_leaf_78_clk net:message[288] net:w\[13\]\[31\] net:w\[13\]\[6\] net:w\[15\]\[31\]
	comment: capacity:11 usage:12 overflow:1
	bbox = (227.7000, 600.3000) - (234.6000, 607.2000) on Layer -
violation type: Vertical congestion
	srcs: net:_00090_ net:_00211_ net:_00657_ net:_04314_ net:_04318_ net:_05932_ net:clknet_leaf_76_clk net:clknet_leaf_75_clk net:net215 net:w\[11\]\[26\] net:w\[13\]\[26\] net:w\[15\]\[26\]
	comment: capacity:11 usage:12 overflow:1
	bbox = (172.5000, 600.3000) - (179.4000, 607.2000) on Layer -
violation type: Vertical congestion
	srcs: net:_00094_ net:_04314_ net:_04318_ net:clknet_5_23__leaf_clk net:_05542_ net:clknet_leaf_76_clk net:net695 net:net215 net:message[101] net:message[164] net:message[229] net:message[55]
	comment: capacity:11 usage:12 overflow:1
	bbox = (172.5000, 607.2000) - (179.4000, 614.1000) on Layer -
violation type: Vertical congestion
	srcs: net:_00094_ net:net439 net:_05354_ net:_05611_ net:_05899_ net:_05908_ net:_05937_ net:_05986_ net:_06064_ net:clknet_leaf_77_clk net:_10474_ net:net139 net:message[377] net:message[505] net:w\[1\]\[23\] net:w\[3\]\[23\] net:w\[9\]\[31\]
	comment: capacity:16 usage:17 overflow:1
	bbox = (220.8000, 600.3000) - (227.7000, 607.2000) on Layer -
violation type: Vertical congestion
	srcs: net:_00217_ net:net542 net:net497 net:_03905_ net:_03907_ net:_03908_ net:_03909_ net:clknet_5_23__leaf_clk net:_05613_ net:_06134_ net:message[104] net:w\[13\]\[23\] net:w\[9\]\[23\]
	comment: capacity:11 usage:13 overflow:2
	bbox = (213.9000, 600.3000) - (220.8000, 607.2000) on Layer -
violation type: Vertical congestion
	srcs: net:_00064_ net:_00090_ net:_00368_ net:net527 net:_05269_ net:_05270_ net:_05271_ net:clknet_5_23__leaf_clk net:_05582_ net:_05583_ net:_05586_ net:clknet_leaf_77_clk net:net740 net:net139 net:message[101] net:message[37] net:message[96] net:w\[11\]\[23\]
	comment: capacity:16 usage:18 overflow:2
	bbox = (207.0000, 607.2000) - (213.9000, 614.1000) on Layer -
violation type: Vertical congestion
	srcs: net:_00094_ net:_02670_ net:_02671_ net:net631 net:net629 net:net626 net:net555 net:net536 net:net529 net:_05573_ net:_06055_ net:net697 net:w\[11\]\[30\] net:w\[13\]\[30\] net:w\[3\]\[6\] net:w\[7\]\[6\] net:w\[9\]\[30\]
	comment: capacity:16 usage:17 overflow:1
	bbox = (262.2000, 600.3000) - (269.1000, 607.2000) on Layer -
