violation type: Horizontal congestion
	srcs: net:_00116_ net:_01037_ net:net617 net:net560 net:net522 net:net433 net:_03681_ net:_05616_ net:_05780_ net:_05938_ net:net195 net:net78 net:net53
	comment: capacity:12 usage:13 overflow:1
	bbox = (172.5000, 27.6000) - (179.4000, 34.5000) on Layer -
violation type: Horizontal congestion
	srcs: net:_00096_ net:net511 net:net509 net:_03450_ net:clknet_leaf_268_clk net:_05877_ net:_07908_ net:net744 net:net57 net:net46 net:message[12] net:message[153] net:message[208] net:message[218] net:message[219] net:message[80] net:message[86] net:message[9]
	comment: capacity:17 usage:18 overflow:1
	bbox = (172.5000, 0.0000) - (179.4000, 6.9000) on Layer -
violation type: Horizontal congestion
	srcs: net:_00116_ net:_00123_ net:_00250_ net:_03382_ net:net442 net:_05003_ net:_06016_ net:_06022_ net:_10630_
	comment: capacity:8 usage:9 overflow:1
	bbox = (338.1000, 89.7000) - (345.0000, 96.6000) on Layer -
violation type: Horizontal congestion
	srcs: net:_00097_ net:net606 net:net599 net:_04084_ net:_04085_ net:_07942_ net:_07943_ net:w\[12\]\[15\] net:w\[6\]\[15\] net:w\[8\]\[15\]
	comment: capacity:9 usage:10 overflow:1
	bbox = (158.7000, 20.7000) - (165.6000, 27.6000) on Layer -
violation type: Horizontal congestion
	srcs: net:_00101_ net:_00103_ net:_02819_ net:net613 net:net609 net:net568 net:net483 net:_03769_ net:_05017_ net:_05019_ net:_05087_ net:_09309_
	comment: capacity:11 usage:12 overflow:1
	bbox = (186.3000, 151.8000) - (193.2000, 158.7000) on Layer -
violation type: Horizontal congestion
	srcs: net:_00064_ net:_00079_ net:_00094_ net:net22 net:net578 net:net577 net:net542 net:_04460_ net:_05315_ net:clknet_5_23__leaf_clk net:_05371_ net:_05977_ net:net300 net:_11695_
	comment: capacity:13 usage:14 overflow:1
	bbox = (158.7000, 607.2000) - (165.6000, 614.1000) on Layer -
violation type: Horizontal congestion
	srcs: net:_00068_ net:net637 net:net537 net:_03909_ net:_04394_ net:_04456_ net:_05937_ net:_07686_ net:_09120_ net:_09136_ net:_11564_ net:message[377]
	comment: capacity:11 usage:12 overflow:1
	bbox = (186.3000, 586.5000) - (193.2000, 593.4000) on Layer -
violation type: Horizontal congestion
	srcs: net:_00124_ net:_04363_ net:_05967_ net:net744 net:net245 net:_11487_ net:_11488_ net:message[193] net:message[201] net:message[330] net:message[394] net:message[457] net:message[9]
	comment: capacity:12 usage:13 overflow:1
	bbox = (227.7000, 0.0000) - (234.6000, 6.9000) on Layer -
violation type: Horizontal congestion
	srcs: net:_00124_ net:_00126_ net:_00179_ net:_03693_ net:_05224_ net:_05938_ net:clknet_leaf_226_clk net:_06016_ net:w\[14\]\[26\]
	comment: capacity:8 usage:9 overflow:1
	bbox = (338.1000, 6.9000) - (345.0000, 13.8000) on Layer -
violation type: Horizontal congestion
	srcs: net:_00125_ net:_00127_ net:net623 net:net615 net:_03138_ net:_03451_ net:_03452_ net:_03931_ net:clknet_5_2__leaf_clk net:_06111_ net:net178 net:message[272] net:message[282] net:message[410]
	comment: capacity:13 usage:14 overflow:1
	bbox = (172.5000, 6.9000) - (179.4000, 13.8000) on Layer -
violation type: Horizontal congestion
	srcs: net:_00122_ net:_02786_ net:net599 net:net563 net:net502 net:_03426_ net:_03427_ net:_03932_ net:_04364_ net:_07909_ net:_09091_ net:net734 net:w\[0\]\[12\] net:w\[16\]\[12\] net:w\[18\]\[12\] net:w\[20\]\[12\]
	comment: capacity:15 usage:16 overflow:1
	bbox = (186.3000, 34.5000) - (193.2000, 41.4000) on Layer -
violation type: Horizontal congestion
	srcs: net:_00125_ net:_00127_ net:_03138_ net:_03140_ net:_03682_ net:_03931_ net:clknet_5_0__leaf_clk net:clknet_leaf_269_clk net:net729 net:net178 net:message[272] net:message[278] net:message[282] net:message[346] net:message[474] net:message[80]
	comment: capacity:14 usage:16 overflow:2
	bbox = (158.7000, 6.9000) - (165.6000, 13.8000) on Layer -
violation type: Horizontal congestion
	srcs: net:_00070_ net:_00075_ net:_02377_ net:_02569_ net:net489 net:_05379_ net:_05387_ net:_05605_ net:clknet_leaf_103_clk net:_09111_ net:_12075_ net:_12086_ net:_12206_
	comment: capacity:12 usage:13 overflow:1
	bbox = (282.9000, 351.9000) - (289.8000, 358.8000) on Layer -
violation type: Horizontal congestion
	srcs: net:_02783_ net:_02785_ net:net617 net:net522 net:net433 net:_04362_ net:_05616_ net:_06016_ net:net726 net:net338 net:net195 net:net78 net:w\[4\]\[12\]
	comment: capacity:10 usage:13 overflow:3
	bbox = (186.3000, 27.6000) - (193.2000, 34.5000) on Layer -
violation type: Horizontal congestion
	srcs: net:net613 net:net611 net:_03137_ net:net433 net:_03684_ net:_03932_ net:_04984_ net:_07909_ net:_07946_ net:_09091_ net:net734 net:net195 net:net189 net:net61 net:w\[26\]\[15\] net:w\[30\]\[15\]
	comment: capacity:12 usage:16 overflow:4
	bbox = (158.7000, 34.5000) - (165.6000, 41.4000) on Layer -
violation type: Horizontal congestion
	srcs: net:_00072_ net:_00073_ net:_00087_ net:net640 net:net633 net:net590 net:net469 net:_04115_ net:_10110_ net:_10115_ net:_12043_
	comment: capacity:10 usage:11 overflow:1
	bbox = (144.9000, 351.9000) - (151.8000, 358.8000) on Layer -
violation type: Horizontal congestion
	srcs: net:_00117_ net:net501 net:_03139_ net:_03141_ net:_03453_ net:net432 net:net411 net:clknet_leaf_265_clk net:_07911_ net:_09276_ net:_11581_ net:_11585_
	comment: capacity:11 usage:12 overflow:1
	bbox = (186.3000, 75.9000) - (193.2000, 82.8000) on Layer -
violation type: Horizontal congestion
	srcs: net:_00184_ net:net433 net:_04984_ net:_05260_ net:clknet_leaf_264_clk net:_05938_ net:_06016_ net:_06045_ net:net317 net:net185 net:net114 net:message[129] net:message[266]
	comment: capacity:9 usage:13 overflow:4
	bbox = (227.7000, 13.8000) - (234.6000, 20.7000) on Layer -
violation type: Horizontal congestion
	srcs: net:_00049_ net:_00092_ net:_00094_ net:net430 net:clknet_leaf_73_clk net:_07658_ net:_07695_ net:_10418_ net:_10419_ net:_10480_ net:_11700_ net:w\[41\]\[26\] net:w\[43\]\[26\] net:w\[47\]\[26\]
	comment: capacity:13 usage:14 overflow:1
	bbox = (186.3000, 552.0000) - (193.2000, 558.9000) on Layer -
violation type: Horizontal congestion
	srcs: net:_00068_ net:net497 net:_03402_ net:_03404_ net:net439 net:_05739_ net:_06134_ net:net380 net:_10412_ net:net148 net:message[104] net:message[288]
	comment: capacity:10 usage:12 overflow:2
	bbox = (200.1000, 600.3000) - (207.0000, 607.2000) on Layer -
violation type: Horizontal congestion
	srcs: net:_00050_ net:_00051_ net:_00085_ net:_00086_ net:_00094_ net:_02646_ net:net419 net:_04229_ net:clknet_5_23__leaf_clk
	comment: capacity:8 usage:9 overflow:1
	bbox = (255.3000, 572.7000) - (262.2000, 579.6000) on Layer -
violation type: Horizontal congestion
	srcs: net:net522 net:_03451_ net:_05698_ net:_06094_ net:net247 net:net104 net:net62 net:_11490_ net:w\[16\]\[4\] net:w\[2\]\[4\] net:w\[4\]\[4\]
	comment: capacity:9 usage:11 overflow:2
	bbox = (213.9000, 20.7000) - (220.8000, 27.6000) on Layer -
violation type: Horizontal congestion
	srcs: net:_00124_ net:_00126_ net:_00127_ net:_04363_ net:clknet_leaf_265_clk net:net744 net:net245 net:_11487_ net:_11488_ net:message[201] net:message[202] net:message[223] net:message[31] net:message[95] net:message[9]
	comment: capacity:12 usage:15 overflow:3
	bbox = (241.5000, 0.0000) - (248.4000, 6.9000) on Layer -
violation type: Horizontal congestion
	srcs: net:_00097_ net:_00116_ net:_00121_ net:_02694_ net:_03426_ net:_03427_ net:_04364_ net:clknet_5_2__leaf_clk net:_05698_ net:_05860_ net:_09099_ net:net257 net:_11490_
	comment: capacity:11 usage:13 overflow:2
	bbox = (255.3000, 34.5000) - (262.2000, 41.4000) on Layer -
violation type: Horizontal congestion
	srcs: net:_00096_ net:_00125_ net:_00126_ net:_00127_ net:_03450_ net:net327 net:net42 net:count7_2\[2\] net:w\[10\]\[4\] net:w\[12\]\[4\] net:w\[14\]\[4\] net:w\[8\]\[4\]
	comment: capacity:10 usage:12 overflow:2
	bbox = (227.7000, 6.9000) - (234.6000, 13.8000) on Layer -
violation type: Horizontal congestion
	srcs: net:_00110_ net:_00123_ net:_00124_ net:_04383_ net:_04386_ net:_09244_ net:_09284_ net:_09907_ net:_09933_ net:_11525_ net:count_1\[3\] net:count_1\[4\] net:count_1\[5\]
	comment: capacity:12 usage:13 overflow:1
	bbox = (131.1000, 213.9000) - (138.0000, 220.8000) on Layer -
violation type: Horizontal congestion
	srcs: net:_05648_ net:_05892_ net:clknet_leaf_222_clk net:message[143] net:message[148] net:message[262] net:message[340] net:message[350] net:message[390] net:message[454] net:message[70] net:message[84] net:w\[10\]\[25\]
	comment: capacity:12 usage:13 overflow:1
	bbox = (393.3000, 0.0000) - (400.2000, 6.9000) on Layer -
violation type: Horizontal congestion
	srcs: net:_03449_ net:_03451_ net:_03929_ net:_05698_ net:_07906_ net:net408 net:net133 net:net125 net:w\[2\]\[12\] net:w\[6\]\[12\]
	comment: capacity:8 usage:10 overflow:2
	bbox = (186.3000, 20.7000) - (193.2000, 27.6000) on Layer -
violation type: Horizontal congestion
	srcs: net:_00084_ net:_00086_ net:_01352_ net:net587 net:net582 net:_05371_ net:_07659_ net:_07689_ net:_09120_ net:_09128_ net:_09144_ net:_10434_ net:_11263_
	comment: capacity:12 usage:13 overflow:1
	bbox = (144.9000, 579.6000) - (151.8000, 586.5000) on Layer -
violation type: Horizontal congestion
	srcs: net:_00079_ net:_00094_ net:net22 net:net578 net:net577 net:_04460_ net:_05315_ net:_05899_ net:_05977_ net:_06055_ net:clknet_leaf_76_clk net:net286 net:_11695_ net:message[183] net:w\[9\]\[26\]
	comment: capacity:14 usage:15 overflow:1
	bbox = (172.5000, 607.2000) - (179.4000, 614.1000) on Layer -
violation type: Horizontal congestion
	srcs: net:_00115_ net:_00119_ net:_00122_ net:_00123_ net:_03141_ net:net454 net:net446 net:_03683_ net:_09107_ net:_09124_
	comment: capacity:8 usage:10 overflow:2
	bbox = (158.7000, 55.2000) - (165.6000, 62.1000) on Layer -
violation type: Horizontal congestion
	srcs: net:_00097_ net:_00105_ net:_00126_ net:_00539_ net:_02784_ net:_05012_ net:clknet_leaf_268_clk net:clknet_leaf_264_clk net:_05860_ net:_05938_ net:_05945_ net:_06094_ net:net114
	comment: capacity:12 usage:13 overflow:1
	bbox = (200.1000, 13.8000) - (207.0000, 20.7000) on Layer -
violation type: Horizontal congestion
	srcs: net:_00051_ net:_00086_ net:_03619_ net:_03620_ net:_07659_ net:_07689_ net:_09144_ net:w\[25\]\[26\] net:w\[27\]\[26\] net:w\[29\]\[26\] net:w\[31\]\[26\]
	comment: capacity:10 usage:11 overflow:1
	bbox = (172.5000, 579.6000) - (179.4000, 586.5000) on Layer -
violation type: Horizontal congestion
	srcs: net:_00066_ net:net540 net:net460 net:net441 net:_03465_ net:_07409_ net:_07426_ net:_09321_ net:_09329_ net:_10098_ net:_11701_ net:w\[57\]\[3\]
	comment: capacity:11 usage:12 overflow:1
	bbox = (131.1000, 338.1000) - (138.0000, 345.0000) on Layer -
violation type: Horizontal congestion
	srcs: net:_00058_ net:_00075_ net:_00077_ net:_00081_ net:net542 net:_04110_ net:_09152_ net:_09201_ net:_09248_ net:_09264_ net:w\[45\]\[4\] net:w\[47\]\[4\]
	comment: capacity:11 usage:12 overflow:1
	bbox = (144.9000, 365.7000) - (151.8000, 372.6000) on Layer -
violation type: Horizontal congestion
	srcs: net:_00124_ net:_00126_ net:_00127_ net:_02682_ net:_04363_ net:_04984_ net:_05186_ net:clknet_leaf_265_clk net:clknet_leaf_263_clk net:net739 net:net245 net:_11487_ net:_11488_ net:message[159] net:message[202] net:message[308] net:message[436]
	comment: capacity:14 usage:17 overflow:3
	bbox = (255.3000, 0.0000) - (262.2000, 6.9000) on Layer -
violation type: Horizontal congestion
	srcs: net:_00068_ net:_00085_ net:_03909_ net:_04456_ net:_04457_ net:_07686_ net:_09120_ net:_09136_ net:_11564_ net:_11565_ net:w\[13\]\[26\]
	comment: capacity:9 usage:11 overflow:2
	bbox = (172.5000, 586.5000) - (179.4000, 593.4000) on Layer -
violation type: Horizontal congestion
	srcs: net:_00096_ net:net511 net:net509 net:_05877_ net:_07906_ net:_07908_ net:net57 net:net46 net:message[153] net:message[204] net:message[217] net:message[218] net:message[268] net:message[281] net:message[76] net:message[89]
	comment: capacity:14 usage:16 overflow:2
	bbox = (158.7000, 0.0000) - (165.6000, 6.9000) on Layer -
violation type: Horizontal congestion
	srcs: net:_00105_ net:_00123_ net:net561 net:net560 net:_03424_ net:_03425_ net:_05175_ net:_09020_ net:_09091_ net:_11127_
	comment: capacity:9 usage:10 overflow:1
	bbox = (255.3000, 55.2000) - (262.2000, 62.1000) on Layer -
violation type: Horizontal congestion
	srcs: net:net605 net:net572 net:net563 net:_03137_ net:_03428_ net:_04366_ net:_10035_ net:_11399_ net:_11402_ net:_11404_ net:_11584_ net:count7_2\[2\]
	comment: capacity:11 usage:12 overflow:1
	bbox = (186.3000, 96.6000) - (193.2000, 103.5000) on Layer -
violation type: Horizontal congestion
	srcs: net:_00117_ net:_00119_ net:net605 net:net501 net:_03139_ net:_03453_ net:_03917_ net:_03919_ net:_03920_ net:clknet_leaf_265_clk net:_09132_ net:_10657_
	comment: capacity:11 usage:12 overflow:1
	bbox = (213.9000, 75.9000) - (220.8000, 82.8000) on Layer -
violation type: Horizontal congestion
	srcs: net:_00118_ net:_00121_ net:_00122_ net:_00123_ net:net446 net:net411 net:net1088 net:_08109_ net:_09020_
	comment: capacity:8 usage:9 overflow:1
	bbox = (213.9000, 62.1000) - (220.8000, 69.0000) on Layer -
violation type: Horizontal congestion
	srcs: net:_00105_ net:_00124_ net:_00126_ net:_03929_ net:_05112_ net:_05860_ net:_06016_ net:_06094_ net:net405 net:message[400] net:w\[10\]\[15\] net:w\[14\]\[15\]
	comment: capacity:9 usage:12 overflow:3
	bbox = (158.7000, 13.8000) - (165.6000, 20.7000) on Layer -
violation type: Horizontal congestion
	srcs: net:_00064_ net:_00084_ net:_00087_ net:_00095_ net:_02671_ net:_06055_ net:_07727_ net:_09120_ net:_09136_ net:_09144_
	comment: capacity:8 usage:10 overflow:2
	bbox = (255.3000, 586.5000) - (262.2000, 593.4000) on Layer -
violation type: Horizontal congestion
	srcs: net:net603 net:_03426_ net:_03427_ net:net433 net:_04364_ net:_05260_ net:clknet_leaf_266_clk net:_08108_ net:_09099_ net:net257 net:_11490_
	comment: capacity:10 usage:11 overflow:1
	bbox = (227.7000, 34.5000) - (234.6000, 41.4000) on Layer -
violation type: Horizontal congestion
	srcs: net:_00093_ net:_00095_ net:_00339_ net:_03614_ net:net422 net:_04459_ net:_05542_ net:_05739_ net:_05751_ net:_05821_ net:_06134_ net:net660 net:net93 net:w\[15\]\[26\]
	comment: capacity:12 usage:14 overflow:2
	bbox = (172.5000, 593.4000) - (179.4000, 600.3000) on Layer -
violation type: Vertical congestion
	srcs: net:net587 net:net581 net:net555 net:net547 net:net537 net:net525 net:net422 net:_06055_ net:w\[13\]\[6\] net:w\[27\]\[31\] net:w\[29\]\[31\] net:w\[31\]\[31\]
	comment: capacity:11 usage:12 overflow:1
	bbox = (227.7000, 586.5000) - (234.6000, 593.4000) on Layer -
violation type: Vertical congestion
	srcs: net:_00097_ net:_00105_ net:_00116_ net:_00123_ net:net522 net:_05012_ net:clknet_leaf_268_clk net:_06094_ net:_06101_ net:_09020_ net:net734 net:net326 net:net111 net:message[19] net:message[275] net:w\[0\]\[12\] net:w\[20\]\[4\]
	comment: capacity:16 usage:17 overflow:1
	bbox = (207.0000, 20.7000) - (213.9000, 27.6000) on Layer -
violation type: Vertical congestion
	srcs: net:_04558_ net:_04609_ net:_04630_ net:_04632_ net:_04655_ net:_04656_ net:_04657_ net:_04658_ net:_04696_ net:_04697_ net:_06367_ net:_13121_
	comment: capacity:11 usage:12 overflow:1
	bbox = (538.2000, 448.5000) - (545.1000, 455.4000) on Layer -
violation type: Vertical congestion
	srcs: net:net561 net:net560 net:_05860_ net:_06016_ net:_06023_ net:net247 net:_11489_ net:_11490_ net:_11491_ net:message[475] net:w\[4\]\[4\] net:w\[6\]\[4\]
	comment: capacity:11 usage:12 overflow:1
	bbox = (213.9000, 13.8000) - (220.8000, 20.7000) on Layer -
violation type: Vertical congestion
	srcs: net:_00097_ net:_00527_ net:net502 net:net433 net:_05184_ net:_06045_ net:net678 net:net317 net:_10651_ net:count7_2\[2\] net:message[65] net:w\[10\]\[30\] net:w\[12\]\[30\]
	comment: capacity:11 usage:13 overflow:2
	bbox = (241.5000, 13.8000) - (248.4000, 20.7000) on Layer -
violation type: Vertical congestion
	srcs: net:_00113_ net:net561 net:_03498_ net:clknet_2_0_0_clk net:_09156_ net:_10675_ net:_11399_ net:_11402_ net:_11403_ net:_11404_ net:count16_1\[5\] net:w\[54\]\[15\]
	comment: capacity:11 usage:12 overflow:1
	bbox = (158.7000, 82.8000) - (165.6000, 89.7000) on Layer -
violation type: Vertical congestion
	srcs: net:_00014_ net:_00102_ net:_00104_ net:_00107_ net:_01866_ net:net19 net:net618 net:net594 net:net509 net:_04988_ net:clknet_5_3__leaf_clk net:clknet_2_0_0_clk net:clknet_leaf_260_clk net:_08032_ net:_10035_ net:_10986_ net:_10987_
	comment: capacity:16 usage:17 overflow:1
	bbox = (276.0000, 96.6000) - (282.9000, 103.5000) on Layer -
violation type: Vertical congestion
	srcs: net:_00064_ net:_00094_ net:_00095_ net:net439 net:_05268_ net:_05269_ net:_05908_ net:_05937_ net:_05986_ net:_06064_ net:clknet_leaf_77_clk net:_10474_ net:net238 net:message[377] net:w\[1\]\[23\] net:w\[3\]\[23\] net:w\[9\]\[31\]
	comment: capacity:16 usage:17 overflow:1
	bbox = (220.8000, 600.3000) - (227.7000, 607.2000) on Layer -
violation type: Vertical congestion
	srcs: net:_00085_ net:_00094_ net:_00095_ net:_01346_ net:net527 net:_05611_ net:_05937_ net:clknet_leaf_78_clk net:_09120_ net:_09136_ net:net655 net:_10474_ net:message[377] net:w\[1\]\[23\] net:w\[25\]\[31\] net:w\[3\]\[23\] net:w\[7\]\[23\]
	comment: capacity:16 usage:17 overflow:1
	bbox = (220.8000, 586.5000) - (227.7000, 593.4000) on Layer -
violation type: Vertical congestion
	srcs: net:net578 net:net577 net:_04393_ net:_04394_ net:_04395_ net:_04396_ net:net345 net:net148 net:_11691_ net:_11692_ net:_11693_ net:_11694_ net:message[288]
	comment: capacity:11 usage:13 overflow:2
	bbox = (186.3000, 607.2000) - (193.2000, 614.1000) on Layer -
violation type: Vertical congestion
	srcs: net:_00435_ net:net22 net:net6 net:net629 net:_03612_ net:_03613_ net:_04397_ net:_05542_ net:_05899_ net:_05937_ net:_05977_ net:_05986_ net:clknet_leaf_76_clk net:_11695_ net:message[104] net:message[377] net:w\[13\]\[26\]
	comment: capacity:16 usage:17 overflow:1
	bbox = (179.4000, 607.2000) - (186.3000, 614.1000) on Layer -
violation type: Vertical congestion
	srcs: net:_00116_ net:_00388_ net:_03140_ net:_03452_ net:_05087_ net:clknet_leaf_269_clk net:_05797_ net:_05938_ net:_05955_ net:_06016_ net:_06033_ net:net266 net:_10863_ net:net125 net:net61 net:_11577_ net:message[147]
	comment: capacity:16 usage:17 overflow:1
	bbox = (179.4000, 20.7000) - (186.3000, 27.6000) on Layer -
violation type: Vertical congestion
	srcs: net:_00097_ net:_00105_ net:_00116_ net:_05012_ net:clknet_leaf_268_clk net:_05698_ net:_05705_ net:_06094_ net:_06101_ net:net734 net:net326 net:net104 net:message[19] net:message[275] net:message[91] net:w\[0\]\[12\] net:w\[2\]\[4\]
	comment: capacity:16 usage:17 overflow:1
	bbox = (207.0000, 13.8000) - (213.9000, 20.7000) on Layer -
violation type: Vertical congestion
	srcs: net:net561 net:net560 net:_05012_ net:_05260_ net:_06023_ net:net734 net:net247 net:_11489_ net:_11490_ net:_11491_ net:message[475] net:w\[2\]\[4\]
	comment: capacity:11 usage:12 overflow:1
	bbox = (213.9000, 6.9000) - (220.8000, 13.8000) on Layer -
violation type: Vertical congestion
	srcs: net:net617 net:net615 net:net606 net:_04984_ net:clknet_5_0__leaf_clk net:clknet_leaf_269_clk net:_05698_ net:net346 net:net121 net:net78 net:net50 net:net34 net:count7_2\[2\] net:w\[0\]\[15\] net:w\[2\]\[15\] net:w\[4\]\[15\] net:w\[6\]\[15\]
	comment: capacity:16 usage:17 overflow:1
	bbox = (165.6000, 20.7000) - (172.5000, 27.6000) on Layer -
violation type: Vertical congestion
	srcs: net:net525 net:_03401_ net:_03402_ net:_03403_ net:_03404_ net:_03405_ net:_05273_ net:_05515_ net:_05584_ net:_05585_ net:clknet_leaf_77_clk net:net380
	comment: capacity:11 usage:12 overflow:1
	bbox = (200.1000, 607.2000) - (207.0000, 614.1000) on Layer -
violation type: Vertical congestion
	srcs: net:_00079_ net:_00090_ net:_00094_ net:_00211_ net:_00563_ net:net629 net:_03612_ net:_03613_ net:net422 net:_04397_ net:_05542_ net:_05937_ net:_05986_ net:_10413_ net:message[104] net:message[377] net:w\[13\]\[26\] net:w\[9\]\[26\]
	comment: capacity:16 usage:18 overflow:2
	bbox = (179.4000, 600.3000) - (186.3000, 607.2000) on Layer -
violation type: Vertical congestion
	srcs: net:net574 net:net525 net:_03401_ net:_03402_ net:_03404_ net:_03405_ net:_05273_ net:_05584_ net:_05585_ net:net380 net:w\[1\]\[26\] net:w\[5\]\[26\]
	comment: capacity:11 usage:12 overflow:1
	bbox = (200.1000, 600.3000) - (207.0000, 607.2000) on Layer -
violation type: Vertical congestion
	srcs: net:_00756_ net:clknet_5_27__leaf_clk net:_06462_ net:_06960_ net:_06963_ net:_06964_ net:_07015_ net:_07081_ net:_07083_ net:hashvalue[210] net:hashvalue[147] net:hashvalue[143] net:_12930_ net:_13744_ net:hash.CA2.b_dash\[15\] net:net754 net:net821
	comment: capacity:16 usage:17 overflow:1
	bbox = (600.3000, 448.5000) - (607.2000, 455.4000) on Layer -
