
==========================================================================
global place report_tns
--------------------------------------------------------------------------
tns -26.19

==========================================================================
global place report_wns
--------------------------------------------------------------------------
wns -1.83

==========================================================================
global place report_worst_slack
--------------------------------------------------------------------------
worst slack -1.83

==========================================================================
global place report_checks -path_delay min
--------------------------------------------------------------------------
Startpoint: ready_dash$_SDFF_PP0_
            (rising edge-triggered flip-flop clocked by core_clock)
Endpoint: ready$_DFF_P_ (rising edge-triggered flip-flop clocked by core_clock)
Path Group: core_clock
Path Type: min

Fanout     Cap    Slew   Delay    Time   Description
-----------------------------------------------------------------------------
                  0.00    0.00    0.00   clock core_clock (rise edge)
                          0.00    0.00   clock network delay (ideal)
                  0.00    0.00    0.00 ^ ready_dash$_SDFF_PP0_/CLK (sky130_fd_sc_hd__dfxtp_1)
     1    0.00    0.03    0.28    0.28 ^ ready_dash$_SDFF_PP0_/Q (sky130_fd_sc_hd__dfxtp_1)
                                         ready_dash (net)
                  0.03    0.00    0.28 ^ ready$_DFF_P_/D (sky130_fd_sc_hd__dfxtp_4)
                                  0.28   data arrival time

                  0.00    0.00    0.00   clock core_clock (rise edge)
                          0.00    0.00   clock network delay (ideal)
                          0.00    0.00   clock reconvergence pessimism
                                  0.00 ^ ready$_DFF_P_/CLK (sky130_fd_sc_hd__dfxtp_4)
                         -0.04   -0.04   library hold time
                                 -0.04   data required time
-----------------------------------------------------------------------------
                                 -0.04   data required time
                                 -0.28   data arrival time
-----------------------------------------------------------------------------
                                  0.31   slack (MET)



==========================================================================
global place report_checks -path_delay max
--------------------------------------------------------------------------
Startpoint: hash.p2_cap[25]$_DFF_P_
            (rising edge-triggered flip-flop clocked by core_clock)
Endpoint: hash.p3_cap[31]$_DFF_P_
          (rising edge-triggered flip-flop clocked by core_clock)
Path Group: core_clock
Path Type: max

Fanout     Cap    Slew   Delay    Time   Description
-----------------------------------------------------------------------------
                  0.00    0.00    0.00   clock core_clock (rise edge)
                          0.00    0.00   clock network delay (ideal)
                  0.00    0.00    0.00 ^ hash.p2_cap[25]$_DFF_P_/CLK (sky130_fd_sc_hd__dfxtp_4)
     8    0.06    0.10    0.39    0.39 v hash.p2_cap[25]$_DFF_P_/Q (sky130_fd_sc_hd__dfxtp_4)
                                         hash.CA2.S1.X[25] (net)
                  0.10    0.01    0.39 v _15161_/A (sky130_fd_sc_hd__xnor2_1)
     1    0.01    0.25    0.26    0.66 ^ _15161_/Y (sky130_fd_sc_hd__xnor2_1)
                                         _04553_ (net)
                  0.25    0.00    0.66 ^ _15162_/B (sky130_fd_sc_hd__xnor2_2)
     1    0.02    0.25    0.19    0.84 ^ _15162_/Y (sky130_fd_sc_hd__xnor2_2)
                                         _13398_ (net)
                  0.25    0.00    0.84 ^ _27949_/B (sky130_fd_sc_hd__ha_1)
     3    0.01    0.11    0.24    1.09 ^ _27949_/COUT (sky130_fd_sc_hd__ha_1)
                                         _13399_ (net)
                  0.11    0.00    1.09 ^ _19178_/A (sky130_fd_sc_hd__inv_1)
     1    0.01    0.05    0.07    1.16 v _19178_/Y (sky130_fd_sc_hd__inv_1)
                                         _12254_ (net)
                  0.05    0.00    1.16 v _27652_/A (sky130_fd_sc_hd__fa_1)
     2    0.01    0.10    0.45    1.61 v _27652_/COUT (sky130_fd_sc_hd__fa_1)
                                         _12257_ (net)
                  0.10    0.00    1.61 v _15307_/A (sky130_fd_sc_hd__nor2b_1)
     1    0.00    0.10    0.13    1.74 ^ _15307_/Y (sky130_fd_sc_hd__nor2b_1)
                                         _04679_ (net)
                  0.10    0.00    1.74 ^ _15308_/A2 (sky130_fd_sc_hd__o21ai_1)
     2    0.01    0.07    0.08    1.82 v _15308_/Y (sky130_fd_sc_hd__o21ai_1)
                                         _04680_ (net)
                  0.07    0.00    1.82 v _15309_/A2 (sky130_fd_sc_hd__a21boi_0)
     2    0.01    0.24    0.24    2.07 ^ _15309_/Y (sky130_fd_sc_hd__a21boi_0)
                                         _04681_ (net)
                  0.24    0.00    2.07 ^ _15365_/A2 (sky130_fd_sc_hd__o21ai_1)
     2    0.01    0.09    0.13    2.20 v _15365_/Y (sky130_fd_sc_hd__o21ai_1)
                                         _04729_ (net)
                  0.09    0.00    2.20 v _15423_/A1 (sky130_fd_sc_hd__a21oi_2)
     3    0.02    0.28    0.28    2.48 ^ _15423_/Y (sky130_fd_sc_hd__a21oi_2)
                                         _04779_ (net)
                  0.28    0.00    2.48 ^ _15499_/A1 (sky130_fd_sc_hd__a21oi_4)
     3    0.03    0.10    0.13    2.61 v _15499_/Y (sky130_fd_sc_hd__a21oi_4)
                                         _04839_ (net)
                  0.10    0.00    2.61 v _15543_/A1 (sky130_fd_sc_hd__o22ai_4)
     3    0.02    0.20    0.24    2.85 ^ _15543_/Y (sky130_fd_sc_hd__o22ai_4)
                                         _04867_ (net)
                  0.20    0.00    2.85 ^ _15570_/A3 (sky130_fd_sc_hd__a31o_1)
     1    0.00    0.05    0.17    3.02 ^ _15570_/X (sky130_fd_sc_hd__a31o_1)
                                         _04886_ (net)
                  0.05    0.00    3.02 ^ _15571_/A2 (sky130_fd_sc_hd__a21o_1)
     2    0.01    0.10    0.16    3.18 ^ _15571_/X (sky130_fd_sc_hd__a21o_1)
                                         _04887_ (net)
                  0.10    0.00    3.18 ^ _15593_/A2 (sky130_fd_sc_hd__a21oi_1)
     2    0.01    0.07    0.10    3.27 v _15593_/Y (sky130_fd_sc_hd__a21oi_1)
                                         _04901_ (net)
                  0.07    0.00    3.27 v _15615_/A1 (sky130_fd_sc_hd__o211ai_1)
     1    0.01    0.22    0.24    3.51 ^ _15615_/Y (sky130_fd_sc_hd__o211ai_1)
                                         _04915_ (net)
                  0.22    0.00    3.51 ^ _15616_/A2 (sky130_fd_sc_hd__a21oi_2)
     2    0.01    0.08    0.12    3.63 v _15616_/Y (sky130_fd_sc_hd__a21oi_2)
                                         _04916_ (net)
                  0.08    0.00    3.63 v _20670_/B (sky130_fd_sc_hd__xnor2_1)
     2    0.01    0.20    0.20    3.83 ^ _20670_/Y (sky130_fd_sc_hd__xnor2_1)
                                         _13554_ (net)
                  0.20    0.00    3.83 ^ _28035_/B (sky130_fd_sc_hd__ha_1)
     2    0.01    0.10    0.31    4.13 v _28035_/SUM (sky130_fd_sc_hd__ha_1)
                                         _13661_ (net)
                  0.10    0.00    4.13 v _18449_/A1 (sky130_fd_sc_hd__a21oi_1)
     1    0.00    0.12    0.15    4.28 ^ _18449_/Y (sky130_fd_sc_hd__a21oi_1)
                                         _06859_ (net)
                  0.12    0.00    4.28 ^ _18450_/B1 (sky130_fd_sc_hd__o21ai_0)
     1    0.00    0.08    0.10    4.38 v _18450_/Y (sky130_fd_sc_hd__o21ai_0)
                                         _06860_ (net)
                  0.08    0.00    4.38 v _18451_/B1 (sky130_fd_sc_hd__a21o_1)
     1    0.01    0.06    0.19    4.57 v _18451_/X (sky130_fd_sc_hd__a21o_1)
                                         _06861_ (net)
                  0.06    0.00    4.57 v _18452_/B1 (sky130_fd_sc_hd__a21oi_4)
     4    0.02    0.20    0.20    4.77 ^ _18452_/Y (sky130_fd_sc_hd__a21oi_4)
                                         _06862_ (net)
                  0.20    0.00    4.77 ^ _18474_/A1 (sky130_fd_sc_hd__o21ai_2)
     2    0.01    0.09    0.12    4.88 v _18474_/Y (sky130_fd_sc_hd__o21ai_2)
                                         _06880_ (net)
                  0.09    0.00    4.88 v _18475_/B (sky130_fd_sc_hd__xnor2_2)
     1    0.02    0.10    0.18    5.06 v _18475_/Y (sky130_fd_sc_hd__xnor2_2)
                                         _06881_ (net)
                  0.10    0.00    5.06 v _18476_/B (sky130_fd_sc_hd__nor2_8)
     9    0.09    0.35    0.31    5.37 ^ _18476_/Y (sky130_fd_sc_hd__nor2_8)
                                         hash.CA1.S1.X[25] (net)
                  0.35    0.00    5.37 ^ _18854_/A (sky130_fd_sc_hd__xnor2_2)
     1    0.02    0.25    0.21    5.58 ^ _18854_/Y (sky130_fd_sc_hd__xnor2_2)
                                         _14030_ (net)
                  0.25    0.00    5.58 ^ _28164_/B (sky130_fd_sc_hd__ha_1)
     3    0.02    0.16    0.28    5.86 ^ _28164_/COUT (sky130_fd_sc_hd__ha_1)
                                         _14031_ (net)
                  0.16    0.00    5.86 ^ _19198_/A (sky130_fd_sc_hd__inv_1)
     1    0.01    0.06    0.09    5.95 v _19198_/Y (sky130_fd_sc_hd__inv_1)
                                         _12671_ (net)
                  0.06    0.00    5.95 v _27748_/A (sky130_fd_sc_hd__fa_2)
     2    0.01    0.09    0.42    6.37 v _27748_/COUT (sky130_fd_sc_hd__fa_2)
                                         _12674_ (net)
                  0.09    0.00    6.37 v _18880_/A (sky130_fd_sc_hd__nor2b_1)
     1    0.00    0.09    0.12    6.50 ^ _18880_/Y (sky130_fd_sc_hd__nor2b_1)
                                         _07127_ (net)
                  0.09    0.00    6.50 ^ _18881_/A2 (sky130_fd_sc_hd__o21ai_1)
     2    0.01    0.08    0.08    6.58 v _18881_/Y (sky130_fd_sc_hd__o21ai_1)
                                         _07128_ (net)
                  0.08    0.00    6.58 v _18894_/A2 (sky130_fd_sc_hd__a21boi_0)
     1    0.01    0.22    0.23    6.81 ^ _18894_/Y (sky130_fd_sc_hd__a21boi_0)
                                         _07136_ (net)
                  0.22    0.00    6.81 ^ _18895_/A2 (sky130_fd_sc_hd__o21ai_2)
     3    0.02    0.10    0.13    6.94 v _18895_/Y (sky130_fd_sc_hd__o21ai_2)
                                         _07137_ (net)
                  0.10    0.00    6.94 v _18939_/A1 (sky130_fd_sc_hd__a211oi_4)
     3    0.02    0.31    0.34    7.28 ^ _18939_/Y (sky130_fd_sc_hd__a211oi_4)
                                         _07170_ (net)
                  0.31    0.00    7.28 ^ _18974_/A1 (sky130_fd_sc_hd__o21a_1)
     3    0.02    0.16    0.26    7.54 ^ _18974_/X (sky130_fd_sc_hd__o21a_1)
                                         _07198_ (net)
                  0.16    0.00    7.54 ^ _18975_/A2 (sky130_fd_sc_hd__a21o_1)
     2    0.01    0.08    0.16    7.71 ^ _18975_/X (sky130_fd_sc_hd__a21o_1)
                                         _07199_ (net)
                  0.08    0.00    7.71 ^ _19155_/B_N (sky130_fd_sc_hd__nor2b_1)
     2    0.01    0.18    0.20    7.91 ^ _19155_/Y (sky130_fd_sc_hd__nor2b_1)
                                         _07343_ (net)
                  0.18    0.00    7.91 ^ _19161_/A2 (sky130_fd_sc_hd__o21ai_0)
     1    0.00    0.08    0.10    8.01 v _19161_/Y (sky130_fd_sc_hd__o21ai_0)
                                         _07347_ (net)
                  0.08    0.00    8.01 v _19162_/B (sky130_fd_sc_hd__nand2b_1)
     1    0.00    0.06    0.08    8.10 ^ _19162_/Y (sky130_fd_sc_hd__nand2b_1)
                                         _07348_ (net)
                  0.06    0.00    8.10 ^ _19163_/A2 (sky130_fd_sc_hd__a21oi_1)
     2    0.01    0.10    0.10    8.20 v _19163_/Y (sky130_fd_sc_hd__a21oi_1)
                                         _07349_ (net)
                  0.10    0.00    8.20 v _20457_/B (sky130_fd_sc_hd__xnor2_1)
     1    0.01    0.09    0.17    8.37 v _20457_/Y (sky130_fd_sc_hd__xnor2_1)
                                         _12759_ (net)
                  0.09    0.00    8.37 v _27766_/A (sky130_fd_sc_hd__fa_1)
     1    0.01    0.08    0.56    8.93 ^ _27766_/SUM (sky130_fd_sc_hd__fa_1)
                                         _12763_ (net)
                  0.08    0.00    8.93 ^ _28217_/B (sky130_fd_sc_hd__ha_2)
     5    0.02    0.08    0.30    9.24 v _28217_/SUM (sky130_fd_sc_hd__ha_2)
                                         _14187_ (net)
                  0.08    0.00    9.24 v _23889_/B1 (sky130_fd_sc_hd__o21a_1)
     1    0.00    0.04    0.12    9.36 v _23889_/X (sky130_fd_sc_hd__o21a_1)
                                         _09685_ (net)
                  0.04    0.00    9.36 v _23890_/A2 (sky130_fd_sc_hd__o211ai_2)
     3    0.01    0.22    0.21    9.57 ^ _23890_/Y (sky130_fd_sc_hd__o211ai_2)
                                         _09686_ (net)
                  0.22    0.00    9.57 ^ _23895_/A1 (sky130_fd_sc_hd__o21ai_1)
     2    0.01    0.10    0.14    9.71 v _23895_/Y (sky130_fd_sc_hd__o21ai_1)
                                         _09691_ (net)
                  0.10    0.00    9.71 v _23896_/B1 (sky130_fd_sc_hd__a32o_2)
     3    0.03    0.11    0.31   10.02 v _23896_/X (sky130_fd_sc_hd__a32o_2)
                                         _09692_ (net)
                  0.11    0.00   10.02 v _23912_/D (sky130_fd_sc_hd__or4_1)
     2    0.01    0.11    0.45   10.47 v _23912_/X (sky130_fd_sc_hd__or4_1)
                                         _09704_ (net)
                  0.11    0.00   10.47 v _23927_/A2 (sky130_fd_sc_hd__a311oi_1)
     1    0.00    0.23    0.29   10.76 ^ _23927_/Y (sky130_fd_sc_hd__a311oi_1)
                                         _09717_ (net)
                  0.23    0.00   10.76 ^ _23929_/A (sky130_fd_sc_hd__nor2_1)
     3    0.02    0.11    0.15   10.91 v _23929_/Y (sky130_fd_sc_hd__nor2_1)
                                         _09719_ (net)
                  0.11    0.00   10.91 v _23951_/A1 (sky130_fd_sc_hd__o211a_1)
     2    0.01    0.06    0.27   11.18 v _23951_/X (sky130_fd_sc_hd__o211a_1)
                                         _09737_ (net)
                  0.06    0.00   11.18 v _23953_/C (sky130_fd_sc_hd__nor4b_1)
     1    0.00    0.30    0.29   11.46 ^ _23953_/Y (sky130_fd_sc_hd__nor4b_1)
                                         _09739_ (net)
                  0.30    0.00   11.46 ^ _23958_/B1 (sky130_fd_sc_hd__a211oi_1)
     1    0.00    0.09    0.10   11.57 v _23958_/Y (sky130_fd_sc_hd__a211oi_1)
                                         _09744_ (net)
                  0.09    0.00   11.57 v _23959_/B (sky130_fd_sc_hd__xnor2_1)
     1    0.00    0.06    0.13   11.70 v _23959_/Y (sky130_fd_sc_hd__xnor2_1)
                                         hash.CA1.p3[31] (net)
                  0.06    0.00   11.70 v hash.p3_cap[31]$_DFF_P_/D (sky130_fd_sc_hd__dfxtp_1)
                                 11.70   data arrival time

                  0.00   10.00   10.00   clock core_clock (rise edge)
                          0.00   10.00   clock network delay (ideal)
                          0.00   10.00   clock reconvergence pessimism
                                 10.00 ^ hash.p3_cap[31]$_DFF_P_/CLK (sky130_fd_sc_hd__dfxtp_1)
                         -0.13    9.87   library setup time
                                  9.87   data required time
-----------------------------------------------------------------------------
                                  9.87   data required time
                                -11.70   data arrival time
-----------------------------------------------------------------------------
                                 -1.83   slack (VIOLATED)



==========================================================================
global place report_checks -unconstrained
--------------------------------------------------------------------------
Startpoint: hash.p2_cap[25]$_DFF_P_
            (rising edge-triggered flip-flop clocked by core_clock)
Endpoint: hash.p3_cap[31]$_DFF_P_
          (rising edge-triggered flip-flop clocked by core_clock)
Path Group: core_clock
Path Type: max

Fanout     Cap    Slew   Delay    Time   Description
-----------------------------------------------------------------------------
                  0.00    0.00    0.00   clock core_clock (rise edge)
                          0.00    0.00   clock network delay (ideal)
                  0.00    0.00    0.00 ^ hash.p2_cap[25]$_DFF_P_/CLK (sky130_fd_sc_hd__dfxtp_4)
     8    0.06    0.10    0.39    0.39 v hash.p2_cap[25]$_DFF_P_/Q (sky130_fd_sc_hd__dfxtp_4)
                                         hash.CA2.S1.X[25] (net)
                  0.10    0.01    0.39 v _15161_/A (sky130_fd_sc_hd__xnor2_1)
     1    0.01    0.25    0.26    0.66 ^ _15161_/Y (sky130_fd_sc_hd__xnor2_1)
                                         _04553_ (net)
                  0.25    0.00    0.66 ^ _15162_/B (sky130_fd_sc_hd__xnor2_2)
     1    0.02    0.25    0.19    0.84 ^ _15162_/Y (sky130_fd_sc_hd__xnor2_2)
                                         _13398_ (net)
                  0.25    0.00    0.84 ^ _27949_/B (sky130_fd_sc_hd__ha_1)
     3    0.01    0.11    0.24    1.09 ^ _27949_/COUT (sky130_fd_sc_hd__ha_1)
                                         _13399_ (net)
                  0.11    0.00    1.09 ^ _19178_/A (sky130_fd_sc_hd__inv_1)
     1    0.01    0.05    0.07    1.16 v _19178_/Y (sky130_fd_sc_hd__inv_1)
                                         _12254_ (net)
                  0.05    0.00    1.16 v _27652_/A (sky130_fd_sc_hd__fa_1)
     2    0.01    0.10    0.45    1.61 v _27652_/COUT (sky130_fd_sc_hd__fa_1)
                                         _12257_ (net)
                  0.10    0.00    1.61 v _15307_/A (sky130_fd_sc_hd__nor2b_1)
     1    0.00    0.10    0.13    1.74 ^ _15307_/Y (sky130_fd_sc_hd__nor2b_1)
                                         _04679_ (net)
                  0.10    0.00    1.74 ^ _15308_/A2 (sky130_fd_sc_hd__o21ai_1)
     2    0.01    0.07    0.08    1.82 v _15308_/Y (sky130_fd_sc_hd__o21ai_1)
                                         _04680_ (net)
                  0.07    0.00    1.82 v _15309_/A2 (sky130_fd_sc_hd__a21boi_0)
     2    0.01    0.24    0.24    2.07 ^ _15309_/Y (sky130_fd_sc_hd__a21boi_0)
                                         _04681_ (net)
                  0.24    0.00    2.07 ^ _15365_/A2 (sky130_fd_sc_hd__o21ai_1)
     2    0.01    0.09    0.13    2.20 v _15365_/Y (sky130_fd_sc_hd__o21ai_1)
                                         _04729_ (net)
                  0.09    0.00    2.20 v _15423_/A1 (sky130_fd_sc_hd__a21oi_2)
     3    0.02    0.28    0.28    2.48 ^ _15423_/Y (sky130_fd_sc_hd__a21oi_2)
                                         _04779_ (net)
                  0.28    0.00    2.48 ^ _15499_/A1 (sky130_fd_sc_hd__a21oi_4)
     3    0.03    0.10    0.13    2.61 v _15499_/Y (sky130_fd_sc_hd__a21oi_4)
                                         _04839_ (net)
                  0.10    0.00    2.61 v _15543_/A1 (sky130_fd_sc_hd__o22ai_4)
     3    0.02    0.20    0.24    2.85 ^ _15543_/Y (sky130_fd_sc_hd__o22ai_4)
                                         _04867_ (net)
                  0.20    0.00    2.85 ^ _15570_/A3 (sky130_fd_sc_hd__a31o_1)
     1    0.00    0.05    0.17    3.02 ^ _15570_/X (sky130_fd_sc_hd__a31o_1)
                                         _04886_ (net)
                  0.05    0.00    3.02 ^ _15571_/A2 (sky130_fd_sc_hd__a21o_1)
     2    0.01    0.10    0.16    3.18 ^ _15571_/X (sky130_fd_sc_hd__a21o_1)
                                         _04887_ (net)
                  0.10    0.00    3.18 ^ _15593_/A2 (sky130_fd_sc_hd__a21oi_1)
     2    0.01    0.07    0.10    3.27 v _15593_/Y (sky130_fd_sc_hd__a21oi_1)
                                         _04901_ (net)
                  0.07    0.00    3.27 v _15615_/A1 (sky130_fd_sc_hd__o211ai_1)
     1    0.01    0.22    0.24    3.51 ^ _15615_/Y (sky130_fd_sc_hd__o211ai_1)
                                         _04915_ (net)
                  0.22    0.00    3.51 ^ _15616_/A2 (sky130_fd_sc_hd__a21oi_2)
     2    0.01    0.08    0.12    3.63 v _15616_/Y (sky130_fd_sc_hd__a21oi_2)
                                         _04916_ (net)
                  0.08    0.00    3.63 v _20670_/B (sky130_fd_sc_hd__xnor2_1)
     2    0.01    0.20    0.20    3.83 ^ _20670_/Y (sky130_fd_sc_hd__xnor2_1)
                                         _13554_ (net)
                  0.20    0.00    3.83 ^ _28035_/B (sky130_fd_sc_hd__ha_1)
     2    0.01    0.10    0.31    4.13 v _28035_/SUM (sky130_fd_sc_hd__ha_1)
                                         _13661_ (net)
                  0.10    0.00    4.13 v _18449_/A1 (sky130_fd_sc_hd__a21oi_1)
     1    0.00    0.12    0.15    4.28 ^ _18449_/Y (sky130_fd_sc_hd__a21oi_1)
                                         _06859_ (net)
                  0.12    0.00    4.28 ^ _18450_/B1 (sky130_fd_sc_hd__o21ai_0)
     1    0.00    0.08    0.10    4.38 v _18450_/Y (sky130_fd_sc_hd__o21ai_0)
                                         _06860_ (net)
                  0.08    0.00    4.38 v _18451_/B1 (sky130_fd_sc_hd__a21o_1)
     1    0.01    0.06    0.19    4.57 v _18451_/X (sky130_fd_sc_hd__a21o_1)
                                         _06861_ (net)
                  0.06    0.00    4.57 v _18452_/B1 (sky130_fd_sc_hd__a21oi_4)
     4    0.02    0.20    0.20    4.77 ^ _18452_/Y (sky130_fd_sc_hd__a21oi_4)
                                         _06862_ (net)
                  0.20    0.00    4.77 ^ _18474_/A1 (sky130_fd_sc_hd__o21ai_2)
     2    0.01    0.09    0.12    4.88 v _18474_/Y (sky130_fd_sc_hd__o21ai_2)
                                         _06880_ (net)
                  0.09    0.00    4.88 v _18475_/B (sky130_fd_sc_hd__xnor2_2)
     1    0.02    0.10    0.18    5.06 v _18475_/Y (sky130_fd_sc_hd__xnor2_2)
                                         _06881_ (net)
                  0.10    0.00    5.06 v _18476_/B (sky130_fd_sc_hd__nor2_8)
     9    0.09    0.35    0.31    5.37 ^ _18476_/Y (sky130_fd_sc_hd__nor2_8)
                                         hash.CA1.S1.X[25] (net)
                  0.35    0.00    5.37 ^ _18854_/A (sky130_fd_sc_hd__xnor2_2)
     1    0.02    0.25    0.21    5.58 ^ _18854_/Y (sky130_fd_sc_hd__xnor2_2)
                                         _14030_ (net)
                  0.25    0.00    5.58 ^ _28164_/B (sky130_fd_sc_hd__ha_1)
     3    0.02    0.16    0.28    5.86 ^ _28164_/COUT (sky130_fd_sc_hd__ha_1)
                                         _14031_ (net)
                  0.16    0.00    5.86 ^ _19198_/A (sky130_fd_sc_hd__inv_1)
     1    0.01    0.06    0.09    5.95 v _19198_/Y (sky130_fd_sc_hd__inv_1)
                                         _12671_ (net)
                  0.06    0.00    5.95 v _27748_/A (sky130_fd_sc_hd__fa_2)
     2    0.01    0.09    0.42    6.37 v _27748_/COUT (sky130_fd_sc_hd__fa_2)
                                         _12674_ (net)
                  0.09    0.00    6.37 v _18880_/A (sky130_fd_sc_hd__nor2b_1)
     1    0.00    0.09    0.12    6.50 ^ _18880_/Y (sky130_fd_sc_hd__nor2b_1)
                                         _07127_ (net)
                  0.09    0.00    6.50 ^ _18881_/A2 (sky130_fd_sc_hd__o21ai_1)
     2    0.01    0.08    0.08    6.58 v _18881_/Y (sky130_fd_sc_hd__o21ai_1)
                                         _07128_ (net)
                  0.08    0.00    6.58 v _18894_/A2 (sky130_fd_sc_hd__a21boi_0)
     1    0.01    0.22    0.23    6.81 ^ _18894_/Y (sky130_fd_sc_hd__a21boi_0)
                                         _07136_ (net)
                  0.22    0.00    6.81 ^ _18895_/A2 (sky130_fd_sc_hd__o21ai_2)
     3    0.02    0.10    0.13    6.94 v _18895_/Y (sky130_fd_sc_hd__o21ai_2)
                                         _07137_ (net)
                  0.10    0.00    6.94 v _18939_/A1 (sky130_fd_sc_hd__a211oi_4)
     3    0.02    0.31    0.34    7.28 ^ _18939_/Y (sky130_fd_sc_hd__a211oi_4)
                                         _07170_ (net)
                  0.31    0.00    7.28 ^ _18974_/A1 (sky130_fd_sc_hd__o21a_1)
     3    0.02    0.16    0.26    7.54 ^ _18974_/X (sky130_fd_sc_hd__o21a_1)
                                         _07198_ (net)
                  0.16    0.00    7.54 ^ _18975_/A2 (sky130_fd_sc_hd__a21o_1)
     2    0.01    0.08    0.16    7.71 ^ _18975_/X (sky130_fd_sc_hd__a21o_1)
                                         _07199_ (net)
                  0.08    0.00    7.71 ^ _19155_/B_N (sky130_fd_sc_hd__nor2b_1)
     2    0.01    0.18    0.20    7.91 ^ _19155_/Y (sky130_fd_sc_hd__nor2b_1)
                                         _07343_ (net)
                  0.18    0.00    7.91 ^ _19161_/A2 (sky130_fd_sc_hd__o21ai_0)
     1    0.00    0.08    0.10    8.01 v _19161_/Y (sky130_fd_sc_hd__o21ai_0)
                                         _07347_ (net)
                  0.08    0.00    8.01 v _19162_/B (sky130_fd_sc_hd__nand2b_1)
     1    0.00    0.06    0.08    8.10 ^ _19162_/Y (sky130_fd_sc_hd__nand2b_1)
                                         _07348_ (net)
                  0.06    0.00    8.10 ^ _19163_/A2 (sky130_fd_sc_hd__a21oi_1)
     2    0.01    0.10    0.10    8.20 v _19163_/Y (sky130_fd_sc_hd__a21oi_1)
                                         _07349_ (net)
                  0.10    0.00    8.20 v _20457_/B (sky130_fd_sc_hd__xnor2_1)
     1    0.01    0.09    0.17    8.37 v _20457_/Y (sky130_fd_sc_hd__xnor2_1)
                                         _12759_ (net)
                  0.09    0.00    8.37 v _27766_/A (sky130_fd_sc_hd__fa_1)
     1    0.01    0.08    0.56    8.93 ^ _27766_/SUM (sky130_fd_sc_hd__fa_1)
                                         _12763_ (net)
                  0.08    0.00    8.93 ^ _28217_/B (sky130_fd_sc_hd__ha_2)
     5    0.02    0.08    0.30    9.24 v _28217_/SUM (sky130_fd_sc_hd__ha_2)
                                         _14187_ (net)
                  0.08    0.00    9.24 v _23889_/B1 (sky130_fd_sc_hd__o21a_1)
     1    0.00    0.04    0.12    9.36 v _23889_/X (sky130_fd_sc_hd__o21a_1)
                                         _09685_ (net)
                  0.04    0.00    9.36 v _23890_/A2 (sky130_fd_sc_hd__o211ai_2)
     3    0.01    0.22    0.21    9.57 ^ _23890_/Y (sky130_fd_sc_hd__o211ai_2)
                                         _09686_ (net)
                  0.22    0.00    9.57 ^ _23895_/A1 (sky130_fd_sc_hd__o21ai_1)
     2    0.01    0.10    0.14    9.71 v _23895_/Y (sky130_fd_sc_hd__o21ai_1)
                                         _09691_ (net)
                  0.10    0.00    9.71 v _23896_/B1 (sky130_fd_sc_hd__a32o_2)
     3    0.03    0.11    0.31   10.02 v _23896_/X (sky130_fd_sc_hd__a32o_2)
                                         _09692_ (net)
                  0.11    0.00   10.02 v _23912_/D (sky130_fd_sc_hd__or4_1)
     2    0.01    0.11    0.45   10.47 v _23912_/X (sky130_fd_sc_hd__or4_1)
                                         _09704_ (net)
                  0.11    0.00   10.47 v _23927_/A2 (sky130_fd_sc_hd__a311oi_1)
     1    0.00    0.23    0.29   10.76 ^ _23927_/Y (sky130_fd_sc_hd__a311oi_1)
                                         _09717_ (net)
                  0.23    0.00   10.76 ^ _23929_/A (sky130_fd_sc_hd__nor2_1)
     3    0.02    0.11    0.15   10.91 v _23929_/Y (sky130_fd_sc_hd__nor2_1)
                                         _09719_ (net)
                  0.11    0.00   10.91 v _23951_/A1 (sky130_fd_sc_hd__o211a_1)
     2    0.01    0.06    0.27   11.18 v _23951_/X (sky130_fd_sc_hd__o211a_1)
                                         _09737_ (net)
                  0.06    0.00   11.18 v _23953_/C (sky130_fd_sc_hd__nor4b_1)
     1    0.00    0.30    0.29   11.46 ^ _23953_/Y (sky130_fd_sc_hd__nor4b_1)
                                         _09739_ (net)
                  0.30    0.00   11.46 ^ _23958_/B1 (sky130_fd_sc_hd__a211oi_1)
     1    0.00    0.09    0.10   11.57 v _23958_/Y (sky130_fd_sc_hd__a211oi_1)
                                         _09744_ (net)
                  0.09    0.00   11.57 v _23959_/B (sky130_fd_sc_hd__xnor2_1)
     1    0.00    0.06    0.13   11.70 v _23959_/Y (sky130_fd_sc_hd__xnor2_1)
                                         hash.CA1.p3[31] (net)
                  0.06    0.00   11.70 v hash.p3_cap[31]$_DFF_P_/D (sky130_fd_sc_hd__dfxtp_1)
                                 11.70   data arrival time

                  0.00   10.00   10.00   clock core_clock (rise edge)
                          0.00   10.00   clock network delay (ideal)
                          0.00   10.00   clock reconvergence pessimism
                                 10.00 ^ hash.p3_cap[31]$_DFF_P_/CLK (sky130_fd_sc_hd__dfxtp_1)
                         -0.13    9.87   library setup time
                                  9.87   data required time
-----------------------------------------------------------------------------
                                  9.87   data required time
                                -11.70   data arrival time
-----------------------------------------------------------------------------
                                 -1.83   slack (VIOLATED)



==========================================================================
global place report_power
--------------------------------------------------------------------------
Group                  Internal  Switching    Leakage      Total
                          Power      Power      Power      Power (Watts)
----------------------------------------------------------------
Sequential             2.42e-02   2.24e-03   2.77e-08   2.64e-02   5.1%
Combinational          2.02e-01   2.91e-01   6.73e-08   4.93e-01  94.9%
Clock                  0.00e+00   0.00e+00   0.00e+00   0.00e+00   0.0%
Macro                  0.00e+00   0.00e+00   0.00e+00   0.00e+00   0.0%
Pad                    0.00e+00   0.00e+00   0.00e+00   0.00e+00   0.0%
----------------------------------------------------------------
Total                  2.26e-01   2.93e-01   9.49e-08   5.19e-01 100.0%
                          43.6%      56.4%       0.0%
