OpenROAD v2.0-19814-g250e48e05 
Features included (+) or not (-): +GPU +GUI +Python
This program is licensed under the BSD-3 license. See the LICENSE file for details.
Components of this program may be licensed under more restrictive licenses which must be honored.
[INFO ORD-0030] Using 8 thread(s).
[WARNING FIN-0010] Skipping layer nwell.
[WARNING FIN-0010] Skipping layer pwell.
[WARNING FIN-0010] Skipping layer li1.
[WARNING FIN-0010] Skipping layer mcon.
[INFO FIN-0003] Filling layer met1.
[INFO FIN-0009] Filling 0 areas with non-OPC fill.
[INFO FIN-0004] Total fills: 0.
[WARNING FIN-0010] Skipping layer via.
[INFO FIN-0003] Filling layer met2.
[INFO FIN-0009] Filling 124 areas with non-OPC fill.
[INFO FIN-0004] Total fills: 16625.
[WARNING FIN-0010] Skipping layer via2.
[INFO FIN-0003] Filling layer met3.
[INFO FIN-0009] Filling 739 areas with non-OPC fill.
[INFO FIN-0004] Total fills: 40760.
[WARNING FIN-0010] Skipping layer via3.
[INFO FIN-0003] Filling layer met4.
[INFO FIN-0009] Filling 271 areas with non-OPC fill.
[INFO FIN-0004] Total fills: 74409.
[WARNING FIN-0010] Skipping layer via4.
[INFO FIN-0003] Filling layer met5.
[INFO FIN-0009] Filling 23 areas with non-OPC fill.
[INFO FIN-0004] Total fills: 80349.
Elapsed time: 0:03.16[h:]min:sec. CPU time: user 3.06 sys 0.09 (99%). Peak memory: 297888KB.
