OpenROAD v2.0-19814-g250e48e05 
Features included (+) or not (-): +GPU +GUI +Python
This program is licensed under the BSD-3 license. See the LICENSE file for details.
Components of this program may be licensed under more restrictive licenses which must be honored.
[INFO ORD-0030] Using 8 thread(s).
global_placement -skip_io -density 0.64 -pad_left 0 -pad_right 0
[INFO GPL-0002] DBU: 1000
[INFO GPL-0003] SiteSize: (  0.460  2.720 ) um
[INFO GPL-0004] CoreBBox: (  1.380  2.720 ) ( 755.780 753.440 ) um
[INFO GPL-0006] NumInstances:             23408
[INFO GPL-0007] NumPlaceInstances:        15902
[INFO GPL-0008] NumFixedInstances:         7506
[INFO GPL-0009] NumDummyInstances:            0
[INFO GPL-0010] NumNets:                  17419
[INFO GPL-0011] NumPins:                  68674
[INFO GPL-0012] DieBBox:  (  0.000  0.000 ) ( 757.070 757.070 ) um
[INFO GPL-0013] CoreBBox: (  1.380  2.720 ) ( 755.780 753.440 ) um
[INFO GPL-0016] CoreArea:            566343.168 um^2
[INFO GPL-0017] NonPlaceInstsArea:     9391.507 um^2
[INFO GPL-0018] PlaceInstsArea:      226474.707 um^2
[INFO GPL-0019] Util:                    40.663 %
[INFO GPL-0020] StdInstsArea:        226474.707 um^2
[INFO GPL-0021] MacroInstsArea:           0.000 um^2
[INFO GPL-0031] FillerInit:NumGCells:     25222
[INFO GPL-0032] FillerInit:NumGNets:      17419
[INFO GPL-0033] FillerInit:NumGPins:      68674
[INFO GPL-0023] TargetDensity:            0.640
[INFO GPL-0024] AvrgPlaceInstArea:       14.242 um^2
[INFO GPL-0025] IdealBinArea:            22.253 um^2
[INFO GPL-0026] IdealBinCnt:              25450
[INFO GPL-0027] TotalBinArea:        566343.168 um^2
[INFO GPL-0028] BinCnt:       128    128
[INFO GPL-0029] BinSize: (  5.894  5.865 )
[INFO GPL-0030] NumBins: 16384
[NesterovSolve] Iter:    1 overflow: 0.999 HPWL: 58748582
[NesterovSolve] Iter:   10 overflow: 0.999 HPWL: 26439292
[NesterovSolve] Iter:   20 overflow: 0.999 HPWL: 24926251
[NesterovSolve] Iter:   30 overflow: 0.999 HPWL: 24712061
[NesterovSolve] Iter:   40 overflow: 0.999 HPWL: 24571887
[NesterovSolve] Iter:   50 overflow: 0.999 HPWL: 24455556
[NesterovSolve] Iter:   60 overflow: 0.999 HPWL: 24369603
[NesterovSolve] Iter:   70 overflow: 0.999 HPWL: 24280227
[NesterovSolve] Iter:   80 overflow: 0.998 HPWL: 24199207
[NesterovSolve] Iter:   90 overflow: 0.998 HPWL: 24190596
[NesterovSolve] Iter:  100 overflow: 0.998 HPWL: 24370074
[NesterovSolve] Iter:  110 overflow: 0.998 HPWL: 24918003
[NesterovSolve] Iter:  120 overflow: 0.998 HPWL: 26063836
[NesterovSolve] Iter:  130 overflow: 0.998 HPWL: 28389227
[NesterovSolve] Iter:  140 overflow: 0.996 HPWL: 32886507
[NesterovSolve] Iter:  150 overflow: 0.994 HPWL: 42628701
[NesterovSolve] Iter:  160 overflow: 0.989 HPWL: 57008505
[NesterovSolve] Iter:  170 overflow: 0.982 HPWL: 77471884
[NesterovSolve] Iter:  180 overflow: 0.971 HPWL: 100372564
[NesterovSolve] Iter:  190 overflow: 0.959 HPWL: 122832654
[NesterovSolve] Iter:  200 overflow: 0.947 HPWL: 146230898
[NesterovSolve] Iter:  210 overflow: 0.930 HPWL: 169088992
[NesterovSolve] Iter:  220 overflow: 0.909 HPWL: 193117406
[NesterovSolve] Iter:  230 overflow: 0.883 HPWL: 221473836
[NesterovSolve] Iter:  240 overflow: 0.851 HPWL: 256675632
[NesterovSolve] Iter:  250 overflow: 0.815 HPWL: 289947983
[NesterovSolve] Iter:  260 overflow: 0.778 HPWL: 316663022
[NesterovSolve] Iter:  270 overflow: 0.737 HPWL: 339292792
[NesterovSolve] Iter:  280 overflow: 0.690 HPWL: 355079646
[NesterovSolve] Iter:  290 overflow: 0.646 HPWL: 369869276
[NesterovSolve] Iter:  300 overflow: 0.607 HPWL: 388679997
[NesterovSolve] Iter:  310 overflow: 0.566 HPWL: 408424213
[NesterovSolve] Iter:  320 overflow: 0.526 HPWL: 414703450
[NesterovSolve] Iter:  330 overflow: 0.482 HPWL: 417971429
[NesterovSolve] Iter:  340 overflow: 0.441 HPWL: 425651418
[NesterovSolve] Iter:  350 overflow: 0.397 HPWL: 430243004
[NesterovSolve] Iter:  360 overflow: 0.354 HPWL: 433103354
[NesterovSolve] Iter:  370 overflow: 0.320 HPWL: 436508564
[NesterovSolve] Iter:  380 overflow: 0.287 HPWL: 438717034
[NesterovSolve] Iter:  390 overflow: 0.256 HPWL: 441928481
[NesterovSolve] Iter:  400 overflow: 0.229 HPWL: 444874432
[NesterovSolve] Iter:  410 overflow: 0.205 HPWL: 447662817
[NesterovSolve] Iter:  420 overflow: 0.181 HPWL: 449865093
[NesterovSolve] Iter:  430 overflow: 0.159 HPWL: 452092870
[NesterovSolve] Iter:  440 overflow: 0.137 HPWL: 454151839
[NesterovSolve] Iter:  450 overflow: 0.116 HPWL: 456220094
[NesterovSolve] Finished with Overflow: 0.099034
Took 6 seconds: global_placement -skip_io -density 0.64 -pad_left 0 -pad_right 0
Elapsed time: 0:06.90[h:]min:sec. CPU time: user 51.28 sys 0.03 (743%). Peak memory: 194944KB.
