OpenROAD v2.0-19814-g250e48e05 
Features included (+) or not (-): +GPU +GUI +Python
This program is licensed under the BSD-3 license. See the LICENSE file for details.
Components of this program may be licensed under more restrictive licenses which must be honored.
[INFO ORD-0030] Using 8 thread(s).
Perform port buffering...
[INFO RSZ-0027] Inserted 513 input buffers.
[INFO RSZ-0028] Inserted 257 output buffers.
Perform buffer insertion and gate resizing...
repair_design -verbose -match_cell_footprint
[INFO RSZ-0058] Using max wire length 2154um.
Iteration |   Area    | Resized | Buffers | Nets repaired | Remaining
---------------------------------------------------------------------
        0 |     +0.0% |       0 |       0 |             0 |     18490
     1000 |     +0.0% |     164 |       0 |             0 |     17490
     2000 |     +0.0% |     301 |       0 |             0 |     16490
     3000 |     +0.0% |     354 |       0 |             0 |     15490
     4000 |     -0.0% |     455 |       0 |             0 |     14490
     5000 |     +0.0% |     597 |       0 |             0 |     13490
     6000 |     +0.0% |     815 |       0 |             0 |     12490
     7000 |     +0.1% |     992 |       0 |             0 |     11490
     8000 |     +0.1% |    1188 |       0 |             0 |     10490
     9000 |     +0.0% |    1442 |       0 |             0 |      9490
    10000 |     +0.1% |    1635 |       0 |             0 |      8490
    11000 |     +0.0% |    1837 |       0 |             0 |      7490
    12000 |     -0.0% |    2139 |       0 |             0 |      6490
    13000 |     -0.0% |    2242 |       0 |             0 |      5490
    14000 |     -0.3% |    2546 |       0 |             0 |      4490
    15000 |     -0.3% |    3125 |       0 |             0 |      3490
    16000 |     -0.3% |    4125 |       0 |             0 |      2490
    17000 |     -0.3% |    5055 |       0 |             0 |      1490
    18000 |     -0.3% |    5446 |       2 |            10 |       490
    final |     -0.3% |    5446 |       2 |            10 |         0
---------------------------------------------------------------------
[INFO RSZ-0034] Found 10 slew violations.
[INFO RSZ-0036] Found 1 capacitance violations.
[INFO RSZ-0039] Resized 5446 instances.
[INFO RSZ-0038] Inserted 2 buffers in 10 nets.
Repair tie lo fanout...
[INFO RSZ-0042] Inserted 243 tie sky130_fd_sc_hd__conb_1 instances.
Repair tie hi fanout...
[INFO RSZ-0042] Inserted 277 tie sky130_fd_sc_hd__conb_1 instances.
Floating nets: 
Report metrics stage 3, resizer...

==========================================================================
resizer report_design_area
--------------------------------------------------------------------------
Design area 255057 u^2 45% utilization.
Instance count before 23707, after 24997
Pin count before 69274, after 71854
Elapsed time: 0:13.71[h:]min:sec. CPU time: user 13.54 sys 0.17 (100%). Peak memory: 715420KB.
