OpenROAD v2.0-19814-g250e48e05 
Features included (+) or not (-): +GPU +GUI +Python
This program is licensed under the BSD-3 license. See the LICENSE file for details.
Components of this program may be licensed under more restrictive licenses which must be honored.
[INFO ORD-0030] Using 8 thread(s).
[INFO DRT-0149] Reading tech and libs.
[WARNING DRT-0349] LEF58_ENCLOSURE with no CUTCLASS is not supported. Skipping for layer mcon
[WARNING DRT-0349] LEF58_ENCLOSURE with no CUTCLASS is not supported. Skipping for layer mcon
[WARNING DRT-0349] LEF58_ENCLOSURE with no CUTCLASS is not supported. Skipping for layer via
[WARNING DRT-0349] LEF58_ENCLOSURE with no CUTCLASS is not supported. Skipping for layer via
[WARNING DRT-0349] LEF58_ENCLOSURE with no CUTCLASS is not supported. Skipping for layer via2
[WARNING DRT-0349] LEF58_ENCLOSURE with no CUTCLASS is not supported. Skipping for layer via2
[WARNING DRT-0349] LEF58_ENCLOSURE with no CUTCLASS is not supported. Skipping for layer via3
[WARNING DRT-0349] LEF58_ENCLOSURE with no CUTCLASS is not supported. Skipping for layer via3
[WARNING DRT-0349] LEF58_ENCLOSURE with no CUTCLASS is not supported. Skipping for layer via4
[WARNING DRT-0349] LEF58_ENCLOSURE with no CUTCLASS is not supported. Skipping for layer via4

Units:                1000
Number of layers:     13
Number of macros:     441
Number of vias:       29
Number of viarulegen: 25

[INFO DRT-0150] Reading design.
[WARNING DRT-0120] Large net select has 257 pins which may impact routing performance. Consider optimization.

Design:                   sha256_unrolled_pipelined
Die area:                 ( 0 0 ) ( 757070 757070 )
Number of track patterns: 12
Number of DEF vias:       0
Number of components:     25607
Number of terminals:      771
Number of snets:          2
Number of nets:           19345

[INFO DRT-0167] List of default vias:
  Layer via
    default via: M1M2_PR
  Layer via2
    default via: M2M3_PR
  Layer via3
    default via: M3M4_PR
  Layer via4
    default via: M4M5_PR
[INFO DRT-0162] Library cell analysis.
[INFO DRT-0163] Instance analysis.
[INFO DRT-0164] Number of unique instances = 356.
[INFO DRT-0168] Init region query.
[INFO DRT-0024]   Complete FR_MASTERSLICE.
[INFO DRT-0024]   Complete Fr_VIA.
[INFO DRT-0024]   Complete li1.
[INFO DRT-0024]   Complete mcon.
[INFO DRT-0024]   Complete met1.
[INFO DRT-0024]   Complete via.
[INFO DRT-0024]   Complete met2.
[INFO DRT-0024]   Complete via2.
[INFO DRT-0024]   Complete met3.
[INFO DRT-0024]   Complete via3.
[INFO DRT-0024]   Complete met4.
[INFO DRT-0024]   Complete via4.
[INFO DRT-0024]   Complete met5.
[INFO DRT-0033] FR_MASTERSLICE shape region query size = 0.
[INFO DRT-0033] FR_VIA shape region query size = 0.
[INFO DRT-0033] li1 shape region query size = 769323.
[INFO DRT-0033] mcon shape region query size = 502849.
[INFO DRT-0033] met1 shape region query size = 161489.
[INFO DRT-0033] via shape region query size = 38090.
[INFO DRT-0033] met2 shape region query size = 23234.
[INFO DRT-0033] via2 shape region query size = 30472.
[INFO DRT-0033] met3 shape region query size = 23245.
[INFO DRT-0033] via3 shape region query size = 30472.
[INFO DRT-0033] met4 shape region query size = 9186.
[INFO DRT-0033] via4 shape region query size = 1513.
[INFO DRT-0033] met5 shape region query size = 1568.
[INFO DRT-0165] Start pin access.
[INFO DRT-0076]   Complete 1000 pins.
[INFO DRT-0076]   Complete 2000 pins.
[INFO DRT-0078]   Complete 2937 pins.
[INFO DRT-0079]   Complete 100 unique inst patterns.
[INFO DRT-0079]   Complete 200 unique inst patterns.
[INFO DRT-0079]   Complete 300 unique inst patterns.
[INFO DRT-0081]   Complete 356 unique inst patterns.
[INFO DRT-0082]   Complete 10000 groups.
[INFO DRT-0084]   Complete 11781 groups.
#scanned instances     = 25607
#unique  instances     = 356
#stdCellGenAp          = 12633
#stdCellValidPlanarAp  = 176
#stdCellValidViaAp     = 8552
#stdCellPinNoAp        = 11
#stdCellPinCnt         = 72281
#instTermValidViaApCnt = 0
#macroGenAp            = 0
#macroValidPlanarAp    = 0
#macroValidViaAp       = 0
#macroNoAp             = 0
[INFO DRT-0166] Complete pin access.
[INFO DRT-0267] cpu time = 00:16:42, elapsed time = 00:02:12, memory = 306.02 (MB), peak = 322.34 (MB)
global_route -congestion_report_file ./reports/sky130hd/sha256_unrolled_pipelined/base/congestion.rpt -congestion_iterations 30 -congestion_report_iter_step 5 -verbose
[INFO GRT-0020] Min routing layer: met1
[INFO GRT-0021] Max routing layer: met5
[INFO GRT-0022] Global adjustment: 0%
[INFO GRT-0023] Grid origin: (0, 0)
[INFO GRT-0043] No OR_DEFAULT vias defined.
[INFO GRT-0088] Layer li1     Track-Pitch = 0.4600  line-2-Via Pitch: 0.3400
[INFO GRT-0088] Layer met1    Track-Pitch = 0.3400  line-2-Via Pitch: 0.3400
[INFO GRT-0088] Layer met2    Track-Pitch = 0.4600  line-2-Via Pitch: 0.3500
[INFO GRT-0088] Layer met3    Track-Pitch = 0.6800  line-2-Via Pitch: 0.6150
[INFO GRT-0088] Layer met4    Track-Pitch = 0.9200  line-2-Via Pitch: 1.0400
[INFO GRT-0088] Layer met5    Track-Pitch = 3.4000  line-2-Via Pitch: 3.1100
[INFO GRT-0003] Macros: 0
[INFO GRT-0043] No OR_DEFAULT vias defined.
[INFO GRT-0004] Blockages: 113497
[INFO GRT-0019] Found 335 clock nets.
[INFO GRT-0001] Minimum degree: 2
[INFO GRT-0002] Maximum degree: 257

[INFO GRT-0053] Routing resources analysis:
          Routing      Original      Derated      Resource
Layer     Direction    Resources     Resources    Reduction (%)
---------------------------------------------------------------
li1        Vertical            0             0          0.00%
met1       Horizontal     239146         98113          58.97%
met2       Vertical       179305        117504          34.47%
met3       Horizontal     119573         86940          27.29%
met4       Vertical        71940         41904          41.75%
met5       Horizontal      23871         11774          50.68%
---------------------------------------------------------------

[INFO GRT-0101] Running extra iterations to remove overflow.
[INFO GRT-0197] Via related to pin nodes: 132878
[INFO GRT-0198] Via related Steiner nodes: 4611
[INFO GRT-0199] Via filling finished.
[INFO GRT-0111] Final number of vias: 177897
[INFO GRT-0112] Final usage 3D: 677828

[INFO GRT-0096] Final congestion report:
Layer         Resource        Demand        Usage (%)    Max H / Max V / Total Overflow
---------------------------------------------------------------------------------------
li1                  0             0            0.00%             0 /  0 /  0
met1             98113         36940           37.65%             0 /  0 /  0
met2            117504         61170           52.06%             0 /  0 /  0
met3             86940         29455           33.88%             0 /  0 /  0
met4             41904         13974           33.35%             0 /  0 /  0
met5             11774          2598           22.07%             0 /  0 /  0
---------------------------------------------------------------------------------------
Total           356235        144137           40.46%             0 /  0 /  0

[INFO GRT-0018] Total wirelength: 1424097 um
[INFO GRT-0014] Routed nets: 19330
Perform buffer insertion and gate resizing...
repair_design -verbose
[INFO RSZ-0058] Using max wire length 2154um.
Iteration |   Area    | Resized | Buffers | Nets repaired | Remaining
---------------------------------------------------------------------
        0 |     +0.0% |       0 |       0 |             0 |     20138
     1000 |     +0.0% |       0 |       0 |             0 |     19138
     2000 |     +0.0% |       0 |       0 |             0 |     18138
     3000 |     +0.0% |       0 |       0 |             0 |     17138
     4000 |     +0.0% |       0 |       0 |             0 |     16138
     5000 |     +0.0% |       0 |       0 |             0 |     15138
     6000 |     +0.0% |       0 |       0 |             0 |     14138
     7000 |     +0.0% |       0 |       0 |             0 |     13138
     8000 |     +0.0% |       0 |       0 |             0 |     12138
     9000 |     +0.0% |       0 |       0 |             0 |     11138
    10000 |     +0.0% |       0 |       0 |             0 |     10138
    11000 |     +0.0% |       0 |       0 |             0 |      9138
    12000 |     +0.0% |       0 |       0 |             0 |      8138
    13000 |     +0.0% |       0 |       0 |             0 |      7138
    14000 |     +0.0% |       0 |       0 |             0 |      6138
    15000 |     +0.0% |       0 |       0 |             0 |      5138
    16000 |     +0.0% |       0 |       0 |             0 |      4138
    17000 |     +0.0% |       0 |       0 |             0 |      3138
    18000 |     +0.0% |       3 |       0 |             3 |      2138
    19000 |     +0.0% |       3 |       0 |             3 |      1138
    20000 |     +0.0% |       3 |       0 |             3 |       138
    final |     +0.0% |       3 |       0 |             3 |         0
---------------------------------------------------------------------
[INFO RSZ-0034] Found 3 slew violations.
[INFO RSZ-0039] Resized 3 instances.
global_route -start_incremental
detailed_placement
Placement Analysis
---------------------------------
total displacement          0.9 u
average displacement        0.0 u
max displacement            0.5 u
original HPWL          754863.5 u
legalized HPWL         754864.9 u
delta HPWL                    0 %

global_route -end_incremental -congestion_report_file ./reports/sky130hd/sha256_unrolled_pipelined/base/congestion_post_repair_design.rpt
Repair setup and hold violations...
repair_timing -verbose -setup_margin 0 -hold_margin 0 -repair_tns 100
[INFO RSZ-0094] Found 66 endpoints with setup violations.
[INFO RSZ-0099] Repairing 66 out of 66 (100.00%) violating endpoints...
   Iter   | Removed | Resized | Inserted | Cloned |  Pin  |   Area   |    WNS   |   TNS      |  Viol  | Worst
          | Buffers |  Gates  | Buffers  |  Gates | Swaps |          |          |            | Endpts | Endpt
--------------------------------------------------------------------------------------------------------------
        0 |       0 |       0 |        0 |      0 |     0 |    +0.0% |   -0.691 |      -16.6 |     66 | hash/p3_cap\[28\]$_DFF_P_/D
       10 |       0 |       7 |        2 |      0 |     1 |    +0.0% |   -0.581 |      -13.2 |     66 | hash/p3_cap\[28\]$_DFF_P_/D
       20 |       0 |      15 |        4 |      0 |     2 |    +0.0% |   -0.464 |      -11.5 |     66 | hash/p3_cap\[29\]$_DFF_P_/D
       30 |       0 |      17 |        4 |      0 |    10 |    +0.0% |   -0.538 |      -11.8 |     66 | hash/p3_cap\[28\]$_DFF_P_/D
       40 |       0 |      22 |        7 |      0 |    14 |    +0.0% |   -0.535 |      -12.9 |     66 | hash/p3_cap\[28\]$_DFF_P_/D
       50 |       0 |      29 |        7 |      0 |    17 |    +0.1% |   -0.449 |      -10.7 |     66 | hash/p3_cap\[28\]$_DFF_P_/D
       60 |       0 |      35 |        7 |      0 |    21 |    +0.1% |   -0.387 |       -9.9 |     66 | hash/p2_cap\[28\]$_DFF_P_/D
       70 |       0 |      37 |        7 |      0 |    29 |    +0.1% |   -0.497 |      -11.6 |     66 | hash/p3_cap\[31\]$_DFF_P_/D
       80 |       0 |      38 |        7 |      0 |    38 |    +0.1% |   -0.572 |      -14.6 |     66 | hash/p3_cap\[31\]$_DFF_P_/D
       90 |       0 |      42 |        7 |      0 |    44 |    +0.1% |   -0.567 |      -14.0 |     66 | hash/p3_cap\[31\]$_DFF_P_/D
      100 |       0 |      46 |        7 |      0 |    50 |    +0.1% |   -0.478 |      -12.4 |     66 | hash/p3_cap\[31\]$_DFF_P_/D
      100 |       0 |      37 |        7 |      0 |    21 |    +0.1% |   -0.383 |       -9.5 |     66 | hash/p3_cap\[29\]$_DFF_P_/D
      110 |       0 |      39 |        7 |      0 |    28 |    +0.1% |   -0.384 |       -9.6 |     66 | hash/p3_cap\[29\]$_DFF_P_/D
      120 |       0 |      43 |        7 |      0 |    34 |    +0.1% |   -0.376 |       -8.7 |     66 | hash/p3_cap\[29\]$_DFF_P_/D
      124 |       0 |      45 |        7 |      0 |    36 |    +0.1% |   -0.338 |       -8.0 |     66 | hash/p3_cap\[29\]$_DFF_P_/D
      129 |       0 |      46 |        7 |      0 |    39 |    +0.1% |   -0.338 |       -8.0 |     66 | hash/p3_cap\[29\]$_DFF_P_/D
      130 |       0 |      46 |        7 |      0 |    39 |    +0.1% |   -0.338 |       -8.0 |     66 | hash/p3_cap\[29\]$_DFF_P_/D
      134 |       0 |      48 |        7 |      0 |    40 |    +0.1% |   -0.330 |       -8.0 |     66 | hash/p3_cap\[29\]$_DFF_P_/D
      140 |       0 |      52 |        7 |      0 |    41 |    +0.1% |   -0.330 |       -7.7 |     66 | hash/p3_cap\[29\]$_DFF_P_/D
      146 |       0 |      53 |        9 |      0 |    45 |    +0.1% |   -0.328 |       -7.3 |     64 | hash/p3_cap\[29\]$_DFF_P_/D
      148 |       0 |      54 |        9 |      0 |    45 |    +0.1% |   -0.328 |       -7.2 |     64 | hash/p3_cap\[29\]$_DFF_P_/D
      150 |       0 |      55 |        9 |      0 |    45 |    +0.1% |   -0.328 |       -7.1 |     64 | hash/p3_cap\[29\]$_DFF_P_/D
      160 |       0 |      60 |        9 |      0 |    50 |    +0.1% |   -0.328 |       -7.0 |     64 | hash/p3_cap\[29\]$_DFF_P_/D
      167 |       0 |      60 |        9 |      0 |    51 |    +0.1% |   -0.328 |       -7.0 |     64 | hash/p3_cap\[29\]$_DFF_P_/D
      170 |       0 |      62 |        9 |      0 |    51 |    +0.1% |   -0.328 |       -6.8 |     63 | hash/p3_cap\[29\]$_DFF_P_/D
      170 |       0 |      62 |        9 |      0 |    51 |    +0.1% |   -0.328 |       -6.8 |     62 | hash/p3_cap\[29\]$_DFF_P_/D
      180 |       0 |      67 |        9 |      0 |    55 |    +0.1% |   -0.356 |       -6.8 |     62 | hash/p3_cap\[29\]$_DFF_P_/D
      181 |       0 |      62 |        9 |      0 |    51 |    +0.1% |   -0.328 |       -6.8 |     61 | hash/p3_cap\[29\]$_DFF_P_/D
      186 |       0 |      64 |        9 |      0 |    52 |    +0.1% |   -0.328 |       -6.7 |     61 | hash/p3_cap\[29\]$_DFF_P_/D
      187 |       0 |      64 |        9 |      0 |    52 |    +0.1% |   -0.328 |       -6.7 |     60 | hash/p3_cap\[29\]$_DFF_P_/D
      190 |       0 |      65 |        9 |      0 |    53 |    +0.1% |   -0.328 |       -6.7 |     60 | hash/p3_cap\[29\]$_DFF_P_/D
      200 |       0 |      72 |        9 |      0 |    56 |    +0.2% |   -0.328 |       -6.5 |     60 | hash/p3_cap\[29\]$_DFF_P_/D
      210 |       0 |      75 |        9 |      0 |    63 |    +0.2% |   -0.328 |       -6.5 |     60 | hash/p3_cap\[29\]$_DFF_P_/D
      220 |       0 |      79 |       11 |      0 |    68 |    +0.2% |   -0.328 |       -6.6 |     60 | hash/p3_cap\[29\]$_DFF_P_/D
      230 |       0 |      86 |       11 |      0 |    71 |    +0.2% |   -0.328 |       -6.5 |     60 | hash/p3_cap\[29\]$_DFF_P_/D
      240 |       0 |      95 |       11 |      0 |    72 |    +0.2% |   -0.335 |       -6.6 |     60 | hash/p3_cap\[29\]$_DFF_P_/D
      244 |       0 |      95 |       15 |      0 |    74 |    +0.2% |   -0.315 |       -6.3 |     58 | hash/p3_cap\[29\]$_DFF_P_/D
      250 |       0 |      99 |       15 |      0 |    75 |    +0.2% |   -0.343 |       -6.3 |     58 | hash/p3_cap\[29\]$_DFF_P_/D
      260 |       0 |     101 |       15 |      0 |    83 |    +0.2% |   -0.343 |       -6.3 |     58 | hash/p3_cap\[29\]$_DFF_P_/D
      263 |       0 |      98 |       15 |      0 |    74 |    +0.2% |   -0.315 |       -6.3 |     58 | hash/p3_cap\[29\]$_DFF_P_/D
      265 |       0 |      98 |       15 |      0 |    75 |    +0.2% |   -0.315 |       -6.3 |     58 | hash/p3_cap\[29\]$_DFF_P_/D
      269 |       0 |      98 |       15 |      0 |    76 |    +0.2% |   -0.315 |       -6.3 |     57 | hash/p3_cap\[29\]$_DFF_P_/D
      270 |       0 |      98 |       15 |      0 |    76 |    +0.2% |   -0.315 |       -6.3 |     57 | hash/p3_cap\[29\]$_DFF_P_/D
      270 |       0 |      98 |       15 |      0 |    76 |    +0.2% |   -0.315 |       -6.3 |     56 | hash/p3_cap\[29\]$_DFF_P_/D
      271 |       0 |      98 |       15 |      0 |    76 |    +0.2% |   -0.315 |       -6.3 |     55 | hash/p3_cap\[29\]$_DFF_P_/D
      272 |       0 |      98 |       15 |      0 |    76 |    +0.2% |   -0.315 |       -6.3 |     54 | hash/p3_cap\[29\]$_DFF_P_/D
      273 |       0 |      98 |       15 |      0 |    76 |    +0.2% |   -0.315 |       -6.3 |     53 | hash/p3_cap\[29\]$_DFF_P_/D
      277 |       0 |     100 |       15 |      1 |    76 |    +0.2% |   -0.315 |       -3.7 |     51 | hash/p3_cap\[29\]$_DFF_P_/D
      278 |       0 |     100 |       15 |      1 |    76 |    +0.2% |   -0.315 |       -3.7 |     50 | hash/p3_cap\[29\]$_DFF_P_/D
      279 |       0 |     100 |       15 |      1 |    76 |    +0.2% |   -0.315 |       -3.7 |     49 | hash/p3_cap\[29\]$_DFF_P_/D
      280 |       0 |     100 |       15 |      1 |    76 |    +0.2% |   -0.315 |       -3.7 |     49 | hash/p3_cap\[29\]$_DFF_P_/D
      290 |       0 |     107 |       17 |      1 |    78 |    +0.2% |   -0.315 |       -3.3 |     49 | hash/p3_cap\[29\]$_DFF_P_/D
      292 |       0 |     108 |       20 |      1 |    78 |    +0.2% |   -0.315 |       -3.3 |     47 | hash/p3_cap\[29\]$_DFF_P_/D
      293 |       0 |     108 |       20 |      1 |    78 |    +0.2% |   -0.315 |       -3.3 |     46 | hash/p3_cap\[29\]$_DFF_P_/D
      294 |       0 |     108 |       20 |      1 |    78 |    +0.2% |   -0.315 |       -3.3 |     45 | hash/p3_cap\[29\]$_DFF_P_/D
      295 |       0 |     108 |       20 |      1 |    78 |    +0.2% |   -0.315 |       -3.3 |     44 | hash/p3_cap\[29\]$_DFF_P_/D
      296 |       0 |     108 |       20 |      1 |    78 |    +0.2% |   -0.315 |       -3.3 |     43 | hash/p3_cap\[29\]$_DFF_P_/D
      297 |       0 |     108 |       20 |      1 |    78 |    +0.2% |   -0.315 |       -3.3 |     42 | hash/p3_cap\[29\]$_DFF_P_/D
      298 |       0 |     108 |       20 |      1 |    78 |    +0.2% |   -0.315 |       -3.3 |     41 | hash/p3_cap\[29\]$_DFF_P_/D
      299 |       0 |     108 |       20 |      1 |    78 |    +0.2% |   -0.315 |       -3.3 |     40 | hash/p3_cap\[29\]$_DFF_P_/D
      300 |       0 |     108 |       20 |      1 |    78 |    +0.2% |   -0.315 |       -3.3 |     40 | hash/p3_cap\[29\]$_DFF_P_/D
      300 |       0 |     108 |       20 |      1 |    78 |    +0.2% |   -0.315 |       -3.3 |     39 | hash/p3_cap\[29\]$_DFF_P_/D
      301 |       0 |     108 |       20 |      1 |    78 |    +0.2% |   -0.315 |       -3.3 |     38 | hash/p3_cap\[29\]$_DFF_P_/D
      302 |       0 |     108 |       20 |      1 |    78 |    +0.2% |   -0.315 |       -3.3 |     37 | hash/p3_cap\[29\]$_DFF_P_/D
      303 |       0 |     108 |       20 |      1 |    78 |    +0.2% |   -0.315 |       -3.3 |     36 | hash/p3_cap\[29\]$_DFF_P_/D
      304 |       0 |     108 |       20 |      1 |    78 |    +0.2% |   -0.315 |       -3.3 |     35 | hash/p3_cap\[29\]$_DFF_P_/D
      305 |       0 |     108 |       20 |      1 |    78 |    +0.2% |   -0.315 |       -3.3 |     34 | hash/p3_cap\[29\]$_DFF_P_/D
      306 |       0 |     108 |       20 |      1 |    78 |    +0.2% |   -0.315 |       -3.3 |     33 | hash/p3_cap\[29\]$_DFF_P_/D
      307 |       0 |     108 |       20 |      1 |    78 |    +0.2% |   -0.315 |       -3.3 |     32 | hash/p3_cap\[29\]$_DFF_P_/D
      308 |       0 |     108 |       20 |      1 |    78 |    +0.2% |   -0.315 |       -3.3 |     31 | hash/p3_cap\[29\]$_DFF_P_/D
      309 |       0 |     108 |       20 |      1 |    78 |    +0.2% |   -0.315 |       -3.3 |     30 | hash/p3_cap\[29\]$_DFF_P_/D
      310 |       0 |     108 |       20 |      1 |    78 |    +0.2% |   -0.315 |       -3.3 |     30 | hash/p3_cap\[29\]$_DFF_P_/D
      310 |       0 |     108 |       20 |      1 |    78 |    +0.2% |   -0.315 |       -3.3 |     29 | hash/p3_cap\[29\]$_DFF_P_/D
      311 |       0 |     108 |       20 |      1 |    78 |    +0.2% |   -0.315 |       -3.3 |     28 | hash/p3_cap\[29\]$_DFF_P_/D
      312 |       0 |     108 |       20 |      1 |    78 |    +0.2% |   -0.315 |       -3.3 |     27 | hash/p3_cap\[29\]$_DFF_P_/D
      313 |       0 |     108 |       20 |      1 |    78 |    +0.2% |   -0.315 |       -3.3 |     26 | hash/p3_cap\[29\]$_DFF_P_/D
      314 |       0 |     108 |       20 |      1 |    78 |    +0.2% |   -0.315 |       -3.3 |     25 | hash/p3_cap\[29\]$_DFF_P_/D
      315 |       0 |     108 |       20 |      1 |    78 |    +0.2% |   -0.315 |       -3.3 |     24 | hash/p3_cap\[29\]$_DFF_P_/D
      316 |       0 |     108 |       20 |      1 |    78 |    +0.2% |   -0.315 |       -3.3 |     23 | hash/p3_cap\[29\]$_DFF_P_/D
      318 |       0 |     109 |       20 |      1 |    78 |    +0.2% |   -0.315 |       -2.0 |     21 | hash/p3_cap\[29\]$_DFF_P_/D
      319 |       0 |     109 |       20 |      1 |    78 |    +0.2% |   -0.315 |       -2.0 |     20 | hash/p3_cap\[29\]$_DFF_P_/D
      320 |       0 |     109 |       20 |      1 |    78 |    +0.2% |   -0.315 |       -2.0 |     20 | hash/p3_cap\[29\]$_DFF_P_/D
      320 |       0 |     109 |       20 |      1 |    78 |    +0.2% |   -0.315 |       -2.0 |     19 | hash/p3_cap\[29\]$_DFF_P_/D
      321 |       0 |     109 |       20 |      1 |    78 |    +0.2% |   -0.315 |       -2.0 |     18 | hash/p3_cap\[29\]$_DFF_P_/D
      322 |       0 |     109 |       20 |      1 |    78 |    +0.2% |   -0.315 |       -2.0 |     17 | hash/p3_cap\[29\]$_DFF_P_/D
      323 |       0 |     109 |       20 |      1 |    78 |    +0.2% |   -0.315 |       -2.0 |     16 | hash/p3_cap\[29\]$_DFF_P_/D
      324 |       0 |     109 |       20 |      1 |    78 |    +0.2% |   -0.315 |       -2.0 |     15 | hash/p3_cap\[29\]$_DFF_P_/D
      325 |       0 |     109 |       20 |      1 |    78 |    +0.2% |   -0.315 |       -2.0 |     14 | hash/p3_cap\[29\]$_DFF_P_/D
      326 |       0 |     109 |       20 |      1 |    78 |    +0.2% |   -0.315 |       -2.0 |     13 | hash/p3_cap\[29\]$_DFF_P_/D
      327 |       0 |     109 |       20 |      1 |    78 |    +0.2% |   -0.315 |       -2.0 |     12 | hash/p3_cap\[29\]$_DFF_P_/D
      328 |       0 |     109 |       20 |      1 |    78 |    +0.2% |   -0.315 |       -2.0 |     11 | hash/p3_cap\[29\]$_DFF_P_/D
      329 |       0 |     109 |       20 |      1 |    78 |    +0.2% |   -0.315 |       -2.0 |     10 | hash/p3_cap\[29\]$_DFF_P_/D
      330 |       0 |     109 |       20 |      1 |    78 |    +0.2% |   -0.315 |       -2.0 |     10 | hash/p3_cap\[29\]$_DFF_P_/D
      330 |       0 |     109 |       20 |      1 |    78 |    +0.2% |   -0.315 |       -2.0 |      9 | hash/p3_cap\[29\]$_DFF_P_/D
      331 |       0 |     109 |       20 |      1 |    78 |    +0.2% |   -0.315 |       -2.0 |      8 | hash/p3_cap\[29\]$_DFF_P_/D
      332 |       0 |     109 |       20 |      1 |    78 |    +0.2% |   -0.315 |       -2.0 |      7 | hash/p3_cap\[29\]$_DFF_P_/D
      333 |       0 |     109 |       20 |      1 |    78 |    +0.2% |   -0.315 |       -2.0 |      6 | hash/p3_cap\[29\]$_DFF_P_/D
      334 |       0 |     109 |       20 |      1 |    78 |    +0.2% |   -0.315 |       -2.0 |      5 | hash/p3_cap\[29\]$_DFF_P_/D
      335 |       0 |     109 |       20 |      1 |    78 |    +0.2% |   -0.315 |       -2.0 |      4 | hash/p3_cap\[29\]$_DFF_P_/D
      336 |       0 |     109 |       20 |      1 |    78 |    +0.2% |   -0.315 |       -2.0 |      3 | hash/p3_cap\[29\]$_DFF_P_/D
     337* |       0 |     109 |       20 |      1 |    78 |    +0.2% |   -0.315 |       -2.0 |     11 | hash/p3_cap\[29\]$_DFF_P_/D
     338* |       0 |     109 |       20 |      1 |    78 |    +0.2% |   -0.315 |       -2.0 |     11 | hash/p3_cap\[29\]$_DFF_P_/D
     339* |       0 |     109 |       20 |      1 |    78 |    +0.2% |   -0.315 |       -2.0 |     11 | hash/p3_cap\[29\]$_DFF_P_/D
     340* |       0 |     109 |       20 |      1 |    78 |    +0.2% |   -0.315 |       -2.0 |     11 | hash/p3_cap\[29\]$_DFF_P_/D
     343* |       0 |     112 |       20 |      1 |    78 |    +0.2% |   -0.315 |       -1.8 |     11 | hash/p3_cap\[29\]$_DFF_P_/D
     344* |       0 |     112 |       20 |      1 |    78 |    +0.2% |   -0.315 |       -1.8 |     11 | hash/p3_cap\[29\]$_DFF_P_/D
     345* |       0 |     112 |       20 |      1 |    78 |    +0.2% |   -0.315 |       -1.8 |     11 | hash/p3_cap\[29\]$_DFF_P_/D
     346* |       0 |     112 |       20 |      1 |    78 |    +0.2% |   -0.315 |       -1.8 |     11 | hash/p3_cap\[29\]$_DFF_P_/D
     347* |       0 |     112 |       20 |      1 |    78 |    +0.2% |   -0.315 |       -1.8 |     11 | hash/p3_cap\[29\]$_DFF_P_/D
     348* |       0 |     112 |       20 |      1 |    78 |    +0.2% |   -0.315 |       -1.8 |     11 | hash/p3_cap\[29\]$_DFF_P_/D
     349* |       0 |     112 |       20 |      1 |    78 |    +0.2% |   -0.315 |       -1.8 |     11 | hash/p3_cap\[29\]$_DFF_P_/D
     350* |       0 |     112 |       20 |      1 |    78 |    +0.2% |   -0.315 |       -1.8 |     11 | hash/p3_cap\[29\]$_DFF_P_/D
     350* |       0 |     112 |       20 |      1 |    78 |    +0.2% |   -0.315 |       -1.8 |     11 | hash/p3_cap\[29\]$_DFF_P_/D
    final |       0 |     112 |       20 |      1 |    78 |    +0.2% |   -0.315 |       -1.8 |     11 | hash/p3_cap\[29\]$_DFF_P_/D
--------------------------------------------------------------------------------------------------------------
[INFO RSZ-0040] Inserted 11 buffers.
[INFO RSZ-0041] Resized 112 instances.
[INFO RSZ-0043] Swapped pins on 78 instances.
[INFO RSZ-0049] Cloned 1 instances.
[WARNING RSZ-0062] Unable to repair all setup violations.
[INFO RSZ-0033] No hold violations found.
Took 5 seconds: repair_timing -verbose -setup_margin 0 -hold_margin 0 -repair_tns 100
global_route -start_incremental
detailed_placement
Placement Analysis
---------------------------------
total displacement        569.5 u
average displacement        0.0 u
max displacement            8.7 u
original HPWL          755466.4 u
legalized HPWL         755895.8 u
delta HPWL                    0 %

global_route -end_incremental -congestion_report_file ./reports/sky130hd/sha256_unrolled_pipelined/base/congestion_post_repair_timing.rpt
global_route -start_incremental
Downsizing/switching to higher Vt for non critical gates for power recovery
Percent of paths optimized 100
tns -1.82
wns -0.31
Group                  Internal  Switching    Leakage      Total
                          Power      Power      Power      Power (Watts)
----------------------------------------------------------------
Sequential             1.86e-02   2.74e-03   2.80e-08   2.13e-02   5.4%
Combinational          1.46e-01   2.12e-01   6.57e-08   3.58e-01  91.2%
Clock                  7.21e-03   5.93e-03   5.38e-09   1.31e-02   3.3%
Macro                  0.00e+00   0.00e+00   0.00e+00   0.00e+00   0.0%
Pad                    0.00e+00   0.00e+00   0.00e+00   0.00e+00   0.0%
----------------------------------------------------------------
Total                  1.72e-01   2.21e-01   9.90e-08   3.92e-01 100.0%
                          43.8%      56.2%       0.0%
repair_timing -verbose -recover_power 100
Iteration |   Area    |  Resized |   WNS    | Endpt
---------------------------------------------------
        0 |     +0.0% |        0 |   -0.315 | hash/p3_cap\[29\]$_DFF_P_/D
      100 |     +0.0% |       40 |   -0.319 | hash/p3_cap\[29\]$_DFF_P_/D
      200 |     +0.0% |       45 |   -0.319 | hash/p3_cap\[29\]$_DFF_P_/D
      300 |     +0.0% |       62 |   -0.319 | hash/p3_cap\[29\]$_DFF_P_/D
      400 |     +0.0% |      100 |   -0.319 | hash/p3_cap\[29\]$_DFF_P_/D
      500 |     +0.0% |      135 |   -0.325 | hash/p3_cap\[29\]$_DFF_P_/D
      600 |     +0.0% |      142 |   -0.325 | hash/p3_cap\[29\]$_DFF_P_/D
      700 |     +0.0% |      154 |   -0.325 | hash/p3_cap\[29\]$_DFF_P_/D
      800 |     +0.0% |      183 |   -0.325 | hash/p3_cap\[29\]$_DFF_P_/D
      900 |     +0.0% |      199 |   -0.325 | hash/p3_cap\[29\]$_DFF_P_/D
     1000 |     +0.0% |      206 |   -0.325 | hash/p3_cap\[29\]$_DFF_P_/D
     1100 |     +0.0% |      211 |   -0.325 | hash/p3_cap\[29\]$_DFF_P_/D
     1200 |     +0.0% |      216 |   -0.325 | hash/p3_cap\[29\]$_DFF_P_/D
     1300 |     +0.0% |      224 |   -0.325 | hash/p3_cap\[29\]$_DFF_P_/D
     1400 |     +0.0% |      234 |   -0.325 | hash/p3_cap\[29\]$_DFF_P_/D
     1500 |     +0.0% |      243 |   -0.325 | hash/p3_cap\[29\]$_DFF_P_/D
     1600 |     +0.0% |      248 |   -0.325 | hash/p3_cap\[29\]$_DFF_P_/D
     1700 |     +0.0% |      257 |   -0.325 | hash/p3_cap\[29\]$_DFF_P_/D
     1800 |     +0.0% |      261 |   -0.325 | hash/p3_cap\[29\]$_DFF_P_/D
     1900 |     +0.0% |      265 |   -0.325 | hash/p3_cap\[29\]$_DFF_P_/D
     2000 |     +0.0% |      272 |   -0.325 | hash/p3_cap\[29\]$_DFF_P_/D
     2100 |     +0.0% |      273 |   -0.325 | hash/p3_cap\[29\]$_DFF_P_/D
     2200 |     +0.0% |      275 |   -0.325 | hash/p3_cap\[29\]$_DFF_P_/D
     2300 |     +0.0% |      275 |   -0.325 | hash/p3_cap\[29\]$_DFF_P_/D
     2400 |     +0.0% |      278 |   -0.325 | hash/p3_cap\[29\]$_DFF_P_/D
     2500 |     +0.0% |      281 |   -0.325 | hash/p3_cap\[29\]$_DFF_P_/D
     2600 |     +0.0% |      283 |   -0.339 | hash/p3_cap\[29\]$_DFF_P_/D
     2700 |     +0.0% |      287 |   -0.339 | hash/p3_cap\[29\]$_DFF_P_/D
     2800 |     +0.0% |      294 |   -0.339 | hash/p3_cap\[29\]$_DFF_P_/D
     2900 |     +0.0% |      324 |   -0.339 | hash/p3_cap\[29\]$_DFF_P_/D
     3000 |     +0.0% |      378 |   -0.339 | hash/p3_cap\[29\]$_DFF_P_/D
     3100 |     +0.0% |      448 |   -0.310 | hash/p3_cap\[29\]$_DFF_P_/D
[INFO RSZ-0142] 500 successive tries yielded negative slack. Ending power recovery
    final |     -0.0% |      501 |   -0.405 | hash/p3_cap\[29\]$_DFF_P_/D
---------------------------------------------------
[INFO RSZ-0141] Resized 501 instances.
Took 72 seconds: repair_timing -verbose -recover_power 100
tns -3.23
wns -0.41
Group                  Internal  Switching    Leakage      Total
                          Power      Power      Power      Power (Watts)
----------------------------------------------------------------
Sequential             1.86e-02   2.74e-03   2.80e-08   2.13e-02   5.4%
Combinational          1.46e-01   2.12e-01   6.57e-08   3.58e-01  91.2%
Clock                  7.21e-03   5.93e-03   5.38e-09   1.31e-02   3.3%
Macro                  0.00e+00   0.00e+00   0.00e+00   0.00e+00   0.0%
Pad                    0.00e+00   0.00e+00   0.00e+00   0.00e+00   0.0%
----------------------------------------------------------------
Total                  1.72e-01   2.21e-01   9.90e-08   3.92e-01 100.0%
                          43.8%      56.2%       0.0%
global_route -end_incremental -congestion_report_file ./reports/sky130hd/sha256_unrolled_pipelined/base/congestion_post_recover_power.rpt
Repair antennas...
[INFO GRT-0012] Found 85 antenna violations.
[INFO GRT-0302] Inserted 50 jumpers for 49 nets.
[INFO GRT-0012] Found 39 antenna violations.
[INFO GRT-0015] Inserted 150 diodes.
[INFO GRT-0012] Found 8 antenna violations.
[INFO GRT-0302] Inserted 0 jumpers for 0 nets.
[INFO GRT-0012] Found 8 antenna violations.
[INFO GRT-0015] Inserted 36 diodes.
[INFO GRT-0012] Found 0 antenna violations.
[INFO ANT-0002] Found 0 net violations.
[INFO ANT-0001] Found 0 pin violations.
Estimate parasitics...
Report metrics stage 5, global route...

==========================================================================
global route report_design_area
--------------------------------------------------------------------------
Design area 267376 u^2 47% utilization.
[INFO FLW-0007] clock core_clock period 10.000000
[INFO FLW-0008] Clock core_clock period 9.860
[INFO FLW-0009] Clock core_clock slack -0.379
[INFO FLW-0011] Path endpoint path count 5933
Elapsed time: 4:45.23[h:]min:sec. CPU time: user 1388.18 sys 0.89 (486%). Peak memory: 1301024KB.
