
==========================================================================
global place report_tns
--------------------------------------------------------------------------
tns -12.46

==========================================================================
global place report_wns
--------------------------------------------------------------------------
wns -0.84

==========================================================================
global place report_worst_slack
--------------------------------------------------------------------------
worst slack -0.84

==========================================================================
global place report_checks -path_delay min
--------------------------------------------------------------------------
Startpoint: ready_dash$_SDFF_PP0_
            (rising edge-triggered flip-flop clocked by core_clock)
Endpoint: ready$_DFF_P_ (rising edge-triggered flip-flop clocked by core_clock)
Path Group: core_clock
Path Type: min

Fanout     Cap    Slew   Delay    Time   Description
-----------------------------------------------------------------------------
                  0.00    0.00    0.00   clock core_clock (rise edge)
                          0.00    0.00   clock network delay (ideal)
                  0.00    0.00    0.00 ^ ready_dash$_SDFF_PP0_/CLK (sky130_fd_sc_hd__dfxtp_1)
     1    0.00    0.04    0.28    0.28 ^ ready_dash$_SDFF_PP0_/Q (sky130_fd_sc_hd__dfxtp_1)
                                         ready_dash (net)
                  0.04    0.00    0.28 ^ ready$_DFF_P_/D (sky130_fd_sc_hd__dfxtp_1)
                                  0.28   data arrival time

                  0.00    0.00    0.00   clock core_clock (rise edge)
                          0.00    0.00   clock network delay (ideal)
                          0.00    0.00   clock reconvergence pessimism
                                  0.00 ^ ready$_DFF_P_/CLK (sky130_fd_sc_hd__dfxtp_1)
                         -0.04   -0.04   library hold time
                                 -0.04   data required time
-----------------------------------------------------------------------------
                                 -0.04   data required time
                                 -0.28   data arrival time
-----------------------------------------------------------------------------
                                  0.32   slack (MET)



==========================================================================
global place report_checks -path_delay max
--------------------------------------------------------------------------
Startpoint: hash/p2_cap[11]$_DFF_P_
            (rising edge-triggered flip-flop clocked by core_clock)
Endpoint: hash/p3_cap[31]$_DFF_P_
          (rising edge-triggered flip-flop clocked by core_clock)
Path Group: core_clock
Path Type: max

Fanout     Cap    Slew   Delay    Time   Description
-----------------------------------------------------------------------------
                  0.00    0.00    0.00   clock core_clock (rise edge)
                          0.00    0.00   clock network delay (ideal)
                  0.00    0.00    0.00 ^ hash/p2_cap[11]$_DFF_P_/CLK (sky130_fd_sc_hd__dfxtp_1)
     5    0.04    0.34    0.50    0.50 ^ hash/p2_cap[11]$_DFF_P_/Q (sky130_fd_sc_hd__dfxtp_1)
                                         hash/p2_cap[11] (net)
                  0.34    0.00    0.50 ^ hash/CA2/S1/_00_/A (sky130_fd_sc_hd__xor3_1)
     1    0.01    0.10    0.53    1.03 v hash/CA2/S1/_00_/X (sky130_fd_sc_hd__xor3_1)
                                         hash/CA2/s1[0] (net)
                  0.10    0.00    1.03 v hash/CA2/_2242_/A (sky130_fd_sc_hd__ha_4)
     3    0.02    0.04    0.20    1.22 v hash/CA2/_2242_/COUT (sky130_fd_sc_hd__ha_4)
                                         hash/CA2/_0615_ (net)
                  0.04    0.00    1.22 v hash/CA2/_2147_/B (sky130_fd_sc_hd__fa_1)
     2    0.01    0.10    0.43    1.65 v hash/CA2/_2147_/COUT (sky130_fd_sc_hd__fa_1)
                                         hash/CA2/_0617_ (net)
                  0.10    0.00    1.65 v hash/CA2/_1225_/A2 (sky130_fd_sc_hd__a21o_1)
     1    0.01    0.05    0.21    1.86 v hash/CA2/_1225_/X (sky130_fd_sc_hd__a21o_1)
                                         hash/CA2/_0525_ (net)
                  0.05    0.00    1.86 v hash/CA2/_1226_/A2 (sky130_fd_sc_hd__a21oi_2)
     3    0.02    0.21    0.22    2.08 ^ hash/CA2/_1226_/Y (sky130_fd_sc_hd__a21oi_2)
                                         hash/CA2/_0526_ (net)
                  0.21    0.00    2.08 ^ hash/CA2/_1758_/A2 (sky130_fd_sc_hd__o21bai_1)
     1    0.00    0.05    0.09    2.17 v hash/CA2/_1758_/Y (sky130_fd_sc_hd__o21bai_1)
                                         hash/CA2/_0231_ (net)
                  0.05    0.00    2.17 v hash/CA2/_1759_/A2 (sky130_fd_sc_hd__a21oi_1)
     1    0.01    0.15    0.17    2.34 ^ hash/CA2/_1759_/Y (sky130_fd_sc_hd__a21oi_1)
                                         hash/CA2/_0232_ (net)
                  0.15    0.00    2.34 ^ hash/CA2/_1760_/B (sky130_fd_sc_hd__xnor2_1)
     2    0.02    0.14    0.16    2.51 v hash/CA2/_1760_/Y (sky130_fd_sc_hd__xnor2_1)
                                         hash/CA2/_0669_ (net)
                  0.14    0.00    2.51 v hash/CA2/_2254_/B (sky130_fd_sc_hd__ha_1)
     3    0.01    0.07    0.25    2.76 v hash/CA2/_2254_/COUT (sky130_fd_sc_hd__ha_1)
                                         hash/CA2/_0961_ (net)
                  0.07    0.00    2.76 v hash/CA2/_2003_/C (sky130_fd_sc_hd__or4_1)
     1    0.01    0.10    0.49    3.25 v hash/CA2/_2003_/X (sky130_fd_sc_hd__or4_1)
                                         hash/CA2/_0409_ (net)
                  0.10    0.00    3.25 v hash/CA2/_2004_/C1 (sky130_fd_sc_hd__a311oi_1)
     1    0.01    0.39    0.35    3.60 ^ hash/CA2/_2004_/Y (sky130_fd_sc_hd__a311oi_1)
                                         hash/CA2/_0410_ (net)
                  0.39    0.00    3.60 ^ hash/CA2/_2005_/B1 (sky130_fd_sc_hd__a211oi_2)
     3    0.02    0.12    0.14    3.74 v hash/CA2/_2005_/Y (sky130_fd_sc_hd__a211oi_2)
                                         hash/CA2/_0411_ (net)
                  0.12    0.00    3.74 v hash/CA2/_2047_/A2 (sky130_fd_sc_hd__o211ai_1)
     2    0.01    0.28    0.29    4.03 ^ hash/CA2/_2047_/Y (sky130_fd_sc_hd__o211ai_1)
                                         hash/CA2/_0445_ (net)
                  0.28    0.00    4.03 ^ hash/CA2/_2063_/A1 (sky130_fd_sc_hd__a21oi_1)
     1    0.01    0.10    0.14    4.17 v hash/CA2/_2063_/Y (sky130_fd_sc_hd__a21oi_1)
                                         hash/CA2/_0459_ (net)
                  0.10    0.00    4.17 v hash/CA2/_2064_/C1 (sky130_fd_sc_hd__a211o_4)
     4    0.02    0.08    0.32    4.49 v hash/CA2/_2064_/X (sky130_fd_sc_hd__a211o_4)
                                         hash/CA2/_0460_ (net)
                  0.08    0.00    4.49 v hash/CA2/_2086_/A1 (sky130_fd_sc_hd__a311o_1)
     1    0.00    0.06    0.28    4.77 v hash/CA2/_2086_/X (sky130_fd_sc_hd__a311o_1)
                                         hash/CA2/_0478_ (net)
                  0.06    0.00    4.77 v hash/CA2/_2087_/A2 (sky130_fd_sc_hd__a21oi_1)
     1    0.01    0.16    0.18    4.95 ^ hash/CA2/_2087_/Y (sky130_fd_sc_hd__a21oi_1)
                                         hash/CA2/_0479_ (net)
                  0.16    0.00    4.95 ^ hash/CA2/_2088_/B (sky130_fd_sc_hd__xnor2_1)
     1    0.01    0.07    0.11    5.06 v hash/CA2/_2088_/Y (sky130_fd_sc_hd__xnor2_1)
                                         hash/e_new[25] (net)
                  0.07    0.00    5.06 v hash/_3540_/A0 (sky130_fd_sc_hd__mux2_8)
     6    0.05    0.09    0.36    5.42 v hash/_3540_/X (sky130_fd_sc_hd__mux2_8)
                                         hash/e[25] (net)
                  0.09    0.00    5.42 v hash/CA1/S1/_00_/C (sky130_fd_sc_hd__xor3_1)
     1    0.00    0.07    0.21    5.64 ^ hash/CA1/S1/_00_/X (sky130_fd_sc_hd__xor3_1)
                                         hash/CA1/s1[0] (net)
                  0.07    0.00    5.64 ^ hash/CA1/_3621_/A (sky130_fd_sc_hd__ha_1)
     3    0.01    0.12    0.20    5.84 ^ hash/CA1/_3621_/COUT (sky130_fd_sc_hd__ha_1)
                                         hash/CA1/_1631_ (net)
                  0.12    0.00    5.84 ^ hash/CA1/_2333_/A (sky130_fd_sc_hd__inv_1)
     1    0.01    0.05    0.08    5.92 v hash/CA1/_2333_/Y (sky130_fd_sc_hd__inv_1)
                                         hash/CA1/_1056_ (net)
                  0.05    0.00    5.92 v hash/CA1/_3433_/B (sky130_fd_sc_hd__fa_1)
     2    0.01    0.12    0.45    6.37 v hash/CA1/_3433_/COUT (sky130_fd_sc_hd__fa_1)
                                         hash/CA1/_1058_ (net)
                  0.12    0.00    6.37 v hash/CA1/_1984_/A (sky130_fd_sc_hd__nor2b_1)
     1    0.01    0.14    0.17    6.54 ^ hash/CA1/_1984_/Y (sky130_fd_sc_hd__nor2b_1)
                                         hash/CA1/_0005_ (net)
                  0.14    0.00    6.54 ^ hash/CA1/_1985_/A2 (sky130_fd_sc_hd__o21ai_2)
     1    0.01    0.07    0.09    6.63 v hash/CA1/_1985_/Y (sky130_fd_sc_hd__o21ai_2)
                                         hash/CA1/_0006_ (net)
                  0.07    0.00    6.63 v hash/CA1/_1986_/B (sky130_fd_sc_hd__nand2b_4)
     2    0.01    0.07    0.09    6.72 ^ hash/CA1/_1986_/Y (sky130_fd_sc_hd__nand2b_4)
                                         hash/CA1/_0007_ (net)
                  0.07    0.00    6.72 ^ hash/CA1/_2009_/A2 (sky130_fd_sc_hd__a21oi_2)
     3    0.01    0.07    0.08    6.80 v hash/CA1/_2009_/Y (sky130_fd_sc_hd__a21oi_2)
                                         hash/CA1/_0021_ (net)
                  0.07    0.00    6.80 v hash/CA1/_2071_/A1 (sky130_fd_sc_hd__o211a_4)
     1    0.01    0.05    0.26    7.06 v hash/CA1/_2071_/X (sky130_fd_sc_hd__o211a_4)
                                         hash/CA1/_0065_ (net)
                  0.05    0.00    7.06 v hash/CA1/_2074_/A (sky130_fd_sc_hd__nor2_4)
     4    0.03    0.21    0.21    7.27 ^ hash/CA1/_2074_/Y (sky130_fd_sc_hd__nor2_4)
                                         hash/CA1/_0068_ (net)
                  0.21    0.00    7.27 ^ hash/CA1/_2133_/A3 (sky130_fd_sc_hd__a41oi_2)
     2    0.01    0.16    0.20    7.47 v hash/CA1/_2133_/Y (sky130_fd_sc_hd__a41oi_2)
                                         hash/CA1/_0111_ (net)
                  0.16    0.00    7.47 v hash/CA1/_2134_/B (sky130_fd_sc_hd__xnor2_2)
     2    0.02    0.31    0.31    7.78 ^ hash/CA1/_2134_/Y (sky130_fd_sc_hd__xnor2_2)
                                         hash/CA1/_1311_ (net)
                  0.31    0.00    7.79 ^ hash/CA1/_2135_/A (sky130_fd_sc_hd__inv_1)
     1    0.01    0.09    0.10    7.89 v hash/CA1/_2135_/Y (sky130_fd_sc_hd__inv_1)
                                         hash/CA1/_1133_ (net)
                  0.09    0.00    7.89 v hash/CA1/_3449_/B (sky130_fd_sc_hd__fa_1)
     1    0.00    0.06    0.52    8.41 ^ hash/CA1/_3449_/SUM (sky130_fd_sc_hd__fa_1)
                                         hash/CA1/_1136_ (net)
                  0.06    0.00    8.41 ^ hash/CA1/_2380_/A (sky130_fd_sc_hd__inv_1)
     1    0.00    0.03    0.04    8.45 v hash/CA1/_2380_/Y (sky130_fd_sc_hd__inv_1)
                                         hash/CA1/_1755_ (net)
                  0.03    0.00    8.45 v hash/CA1/_3668_/A (sky130_fd_sc_hd__ha_1)
     6    0.03    0.16    0.40    8.86 v hash/CA1/_3668_/SUM (sky130_fd_sc_hd__ha_1)
                                         hash/CA1/_1757_ (net)
                  0.16    0.00    8.86 v hash/CA1/_3125_/A1 (sky130_fd_sc_hd__a21oi_1)
     2    0.01    0.22    0.25    9.11 ^ hash/CA1/_3125_/Y (sky130_fd_sc_hd__a21oi_1)
                                         hash/CA1/_0762_ (net)
                  0.22    0.00    9.11 ^ hash/CA1/_3132_/A2 (sky130_fd_sc_hd__o21bai_1)
     1    0.00    0.05    0.09    9.19 v hash/CA1/_3132_/Y (sky130_fd_sc_hd__o21bai_1)
                                         hash/CA1/_0767_ (net)
                  0.05    0.00    9.19 v hash/CA1/_3133_/A2 (sky130_fd_sc_hd__a21o_1)
     2    0.01    0.06    0.21    9.40 v hash/CA1/_3133_/X (sky130_fd_sc_hd__a21o_1)
                                         hash/CA1/_0768_ (net)
                  0.06    0.00    9.40 v hash/CA1/_3143_/A2 (sky130_fd_sc_hd__a21o_1)
     1    0.01    0.05    0.19    9.59 v hash/CA1/_3143_/X (sky130_fd_sc_hd__a21o_1)
                                         hash/CA1/_0776_ (net)
                  0.05    0.00    9.59 v hash/CA1/_3144_/A2 (sky130_fd_sc_hd__a21oi_2)
     2    0.01    0.14    0.17    9.76 ^ hash/CA1/_3144_/Y (sky130_fd_sc_hd__a21oi_2)
                                         hash/CA1/_0777_ (net)
                  0.14    0.00    9.76 ^ hash/CA1/_3172_/A1 (sky130_fd_sc_hd__o21ai_0)
     1    0.01    0.10    0.13    9.89 v hash/CA1/_3172_/Y (sky130_fd_sc_hd__o21ai_0)
                                         hash/CA1/_0801_ (net)
                  0.10    0.00    9.89 v hash/CA1/_3173_/B1 (sky130_fd_sc_hd__a21oi_2)
     2    0.01    0.20    0.21   10.10 ^ hash/CA1/_3173_/Y (sky130_fd_sc_hd__a21oi_2)
                                         hash/CA1/_0802_ (net)
                  0.20    0.00   10.10 ^ hash/CA1/_3188_/A1 (sky130_fd_sc_hd__o21ai_2)
     4    0.02    0.10    0.14   10.24 v hash/CA1/_3188_/Y (sky130_fd_sc_hd__o21ai_2)
                                         hash/CA1/_0815_ (net)
                  0.10    0.00   10.24 v hash/CA1/_3212_/A1 (sky130_fd_sc_hd__a221oi_1)
     1    0.01    0.33    0.35   10.59 ^ hash/CA1/_3212_/Y (sky130_fd_sc_hd__a221oi_1)
                                         hash/CA1/_0835_ (net)
                  0.33    0.00   10.59 ^ hash/CA1/_3214_/A (sky130_fd_sc_hd__xnor2_1)
     1    0.00    0.07    0.11   10.71 v hash/CA1/_3214_/Y (sky130_fd_sc_hd__xnor2_1)
                                         hash/p3[31] (net)
                  0.07    0.00   10.71 v hash/p3_cap[31]$_DFF_P_/D (sky130_fd_sc_hd__dfxtp_1)
                                 10.71   data arrival time

                  0.00   10.00   10.00   clock core_clock (rise edge)
                          0.00   10.00   clock network delay (ideal)
                          0.00   10.00   clock reconvergence pessimism
                                 10.00 ^ hash/p3_cap[31]$_DFF_P_/CLK (sky130_fd_sc_hd__dfxtp_1)
                         -0.13    9.87   library setup time
                                  9.87   data required time
-----------------------------------------------------------------------------
                                  9.87   data required time
                                -10.71   data arrival time
-----------------------------------------------------------------------------
                                 -0.84   slack (VIOLATED)



==========================================================================
global place report_checks -unconstrained
--------------------------------------------------------------------------
Startpoint: hash/p2_cap[11]$_DFF_P_
            (rising edge-triggered flip-flop clocked by core_clock)
Endpoint: hash/p3_cap[31]$_DFF_P_
          (rising edge-triggered flip-flop clocked by core_clock)
Path Group: core_clock
Path Type: max

Fanout     Cap    Slew   Delay    Time   Description
-----------------------------------------------------------------------------
                  0.00    0.00    0.00   clock core_clock (rise edge)
                          0.00    0.00   clock network delay (ideal)
                  0.00    0.00    0.00 ^ hash/p2_cap[11]$_DFF_P_/CLK (sky130_fd_sc_hd__dfxtp_1)
     5    0.04    0.34    0.50    0.50 ^ hash/p2_cap[11]$_DFF_P_/Q (sky130_fd_sc_hd__dfxtp_1)
                                         hash/p2_cap[11] (net)
                  0.34    0.00    0.50 ^ hash/CA2/S1/_00_/A (sky130_fd_sc_hd__xor3_1)
     1    0.01    0.10    0.53    1.03 v hash/CA2/S1/_00_/X (sky130_fd_sc_hd__xor3_1)
                                         hash/CA2/s1[0] (net)
                  0.10    0.00    1.03 v hash/CA2/_2242_/A (sky130_fd_sc_hd__ha_4)
     3    0.02    0.04    0.20    1.22 v hash/CA2/_2242_/COUT (sky130_fd_sc_hd__ha_4)
                                         hash/CA2/_0615_ (net)
                  0.04    0.00    1.22 v hash/CA2/_2147_/B (sky130_fd_sc_hd__fa_1)
     2    0.01    0.10    0.43    1.65 v hash/CA2/_2147_/COUT (sky130_fd_sc_hd__fa_1)
                                         hash/CA2/_0617_ (net)
                  0.10    0.00    1.65 v hash/CA2/_1225_/A2 (sky130_fd_sc_hd__a21o_1)
     1    0.01    0.05    0.21    1.86 v hash/CA2/_1225_/X (sky130_fd_sc_hd__a21o_1)
                                         hash/CA2/_0525_ (net)
                  0.05    0.00    1.86 v hash/CA2/_1226_/A2 (sky130_fd_sc_hd__a21oi_2)
     3    0.02    0.21    0.22    2.08 ^ hash/CA2/_1226_/Y (sky130_fd_sc_hd__a21oi_2)
                                         hash/CA2/_0526_ (net)
                  0.21    0.00    2.08 ^ hash/CA2/_1758_/A2 (sky130_fd_sc_hd__o21bai_1)
     1    0.00    0.05    0.09    2.17 v hash/CA2/_1758_/Y (sky130_fd_sc_hd__o21bai_1)
                                         hash/CA2/_0231_ (net)
                  0.05    0.00    2.17 v hash/CA2/_1759_/A2 (sky130_fd_sc_hd__a21oi_1)
     1    0.01    0.15    0.17    2.34 ^ hash/CA2/_1759_/Y (sky130_fd_sc_hd__a21oi_1)
                                         hash/CA2/_0232_ (net)
                  0.15    0.00    2.34 ^ hash/CA2/_1760_/B (sky130_fd_sc_hd__xnor2_1)
     2    0.02    0.14    0.16    2.51 v hash/CA2/_1760_/Y (sky130_fd_sc_hd__xnor2_1)
                                         hash/CA2/_0669_ (net)
                  0.14    0.00    2.51 v hash/CA2/_2254_/B (sky130_fd_sc_hd__ha_1)
     3    0.01    0.07    0.25    2.76 v hash/CA2/_2254_/COUT (sky130_fd_sc_hd__ha_1)
                                         hash/CA2/_0961_ (net)
                  0.07    0.00    2.76 v hash/CA2/_2003_/C (sky130_fd_sc_hd__or4_1)
     1    0.01    0.10    0.49    3.25 v hash/CA2/_2003_/X (sky130_fd_sc_hd__or4_1)
                                         hash/CA2/_0409_ (net)
                  0.10    0.00    3.25 v hash/CA2/_2004_/C1 (sky130_fd_sc_hd__a311oi_1)
     1    0.01    0.39    0.35    3.60 ^ hash/CA2/_2004_/Y (sky130_fd_sc_hd__a311oi_1)
                                         hash/CA2/_0410_ (net)
                  0.39    0.00    3.60 ^ hash/CA2/_2005_/B1 (sky130_fd_sc_hd__a211oi_2)
     3    0.02    0.12    0.14    3.74 v hash/CA2/_2005_/Y (sky130_fd_sc_hd__a211oi_2)
                                         hash/CA2/_0411_ (net)
                  0.12    0.00    3.74 v hash/CA2/_2047_/A2 (sky130_fd_sc_hd__o211ai_1)
     2    0.01    0.28    0.29    4.03 ^ hash/CA2/_2047_/Y (sky130_fd_sc_hd__o211ai_1)
                                         hash/CA2/_0445_ (net)
                  0.28    0.00    4.03 ^ hash/CA2/_2063_/A1 (sky130_fd_sc_hd__a21oi_1)
     1    0.01    0.10    0.14    4.17 v hash/CA2/_2063_/Y (sky130_fd_sc_hd__a21oi_1)
                                         hash/CA2/_0459_ (net)
                  0.10    0.00    4.17 v hash/CA2/_2064_/C1 (sky130_fd_sc_hd__a211o_4)
     4    0.02    0.08    0.32    4.49 v hash/CA2/_2064_/X (sky130_fd_sc_hd__a211o_4)
                                         hash/CA2/_0460_ (net)
                  0.08    0.00    4.49 v hash/CA2/_2086_/A1 (sky130_fd_sc_hd__a311o_1)
     1    0.00    0.06    0.28    4.77 v hash/CA2/_2086_/X (sky130_fd_sc_hd__a311o_1)
                                         hash/CA2/_0478_ (net)
                  0.06    0.00    4.77 v hash/CA2/_2087_/A2 (sky130_fd_sc_hd__a21oi_1)
     1    0.01    0.16    0.18    4.95 ^ hash/CA2/_2087_/Y (sky130_fd_sc_hd__a21oi_1)
                                         hash/CA2/_0479_ (net)
                  0.16    0.00    4.95 ^ hash/CA2/_2088_/B (sky130_fd_sc_hd__xnor2_1)
     1    0.01    0.07    0.11    5.06 v hash/CA2/_2088_/Y (sky130_fd_sc_hd__xnor2_1)
                                         hash/e_new[25] (net)
                  0.07    0.00    5.06 v hash/_3540_/A0 (sky130_fd_sc_hd__mux2_8)
     6    0.05    0.09    0.36    5.42 v hash/_3540_/X (sky130_fd_sc_hd__mux2_8)
                                         hash/e[25] (net)
                  0.09    0.00    5.42 v hash/CA1/S1/_00_/C (sky130_fd_sc_hd__xor3_1)
     1    0.00    0.07    0.21    5.64 ^ hash/CA1/S1/_00_/X (sky130_fd_sc_hd__xor3_1)
                                         hash/CA1/s1[0] (net)
                  0.07    0.00    5.64 ^ hash/CA1/_3621_/A (sky130_fd_sc_hd__ha_1)
     3    0.01    0.12    0.20    5.84 ^ hash/CA1/_3621_/COUT (sky130_fd_sc_hd__ha_1)
                                         hash/CA1/_1631_ (net)
                  0.12    0.00    5.84 ^ hash/CA1/_2333_/A (sky130_fd_sc_hd__inv_1)
     1    0.01    0.05    0.08    5.92 v hash/CA1/_2333_/Y (sky130_fd_sc_hd__inv_1)
                                         hash/CA1/_1056_ (net)
                  0.05    0.00    5.92 v hash/CA1/_3433_/B (sky130_fd_sc_hd__fa_1)
     2    0.01    0.12    0.45    6.37 v hash/CA1/_3433_/COUT (sky130_fd_sc_hd__fa_1)
                                         hash/CA1/_1058_ (net)
                  0.12    0.00    6.37 v hash/CA1/_1984_/A (sky130_fd_sc_hd__nor2b_1)
     1    0.01    0.14    0.17    6.54 ^ hash/CA1/_1984_/Y (sky130_fd_sc_hd__nor2b_1)
                                         hash/CA1/_0005_ (net)
                  0.14    0.00    6.54 ^ hash/CA1/_1985_/A2 (sky130_fd_sc_hd__o21ai_2)
     1    0.01    0.07    0.09    6.63 v hash/CA1/_1985_/Y (sky130_fd_sc_hd__o21ai_2)
                                         hash/CA1/_0006_ (net)
                  0.07    0.00    6.63 v hash/CA1/_1986_/B (sky130_fd_sc_hd__nand2b_4)
     2    0.01    0.07    0.09    6.72 ^ hash/CA1/_1986_/Y (sky130_fd_sc_hd__nand2b_4)
                                         hash/CA1/_0007_ (net)
                  0.07    0.00    6.72 ^ hash/CA1/_2009_/A2 (sky130_fd_sc_hd__a21oi_2)
     3    0.01    0.07    0.08    6.80 v hash/CA1/_2009_/Y (sky130_fd_sc_hd__a21oi_2)
                                         hash/CA1/_0021_ (net)
                  0.07    0.00    6.80 v hash/CA1/_2071_/A1 (sky130_fd_sc_hd__o211a_4)
     1    0.01    0.05    0.26    7.06 v hash/CA1/_2071_/X (sky130_fd_sc_hd__o211a_4)
                                         hash/CA1/_0065_ (net)
                  0.05    0.00    7.06 v hash/CA1/_2074_/A (sky130_fd_sc_hd__nor2_4)
     4    0.03    0.21    0.21    7.27 ^ hash/CA1/_2074_/Y (sky130_fd_sc_hd__nor2_4)
                                         hash/CA1/_0068_ (net)
                  0.21    0.00    7.27 ^ hash/CA1/_2133_/A3 (sky130_fd_sc_hd__a41oi_2)
     2    0.01    0.16    0.20    7.47 v hash/CA1/_2133_/Y (sky130_fd_sc_hd__a41oi_2)
                                         hash/CA1/_0111_ (net)
                  0.16    0.00    7.47 v hash/CA1/_2134_/B (sky130_fd_sc_hd__xnor2_2)
     2    0.02    0.31    0.31    7.78 ^ hash/CA1/_2134_/Y (sky130_fd_sc_hd__xnor2_2)
                                         hash/CA1/_1311_ (net)
                  0.31    0.00    7.79 ^ hash/CA1/_2135_/A (sky130_fd_sc_hd__inv_1)
     1    0.01    0.09    0.10    7.89 v hash/CA1/_2135_/Y (sky130_fd_sc_hd__inv_1)
                                         hash/CA1/_1133_ (net)
                  0.09    0.00    7.89 v hash/CA1/_3449_/B (sky130_fd_sc_hd__fa_1)
     1    0.00    0.06    0.52    8.41 ^ hash/CA1/_3449_/SUM (sky130_fd_sc_hd__fa_1)
                                         hash/CA1/_1136_ (net)
                  0.06    0.00    8.41 ^ hash/CA1/_2380_/A (sky130_fd_sc_hd__inv_1)
     1    0.00    0.03    0.04    8.45 v hash/CA1/_2380_/Y (sky130_fd_sc_hd__inv_1)
                                         hash/CA1/_1755_ (net)
                  0.03    0.00    8.45 v hash/CA1/_3668_/A (sky130_fd_sc_hd__ha_1)
     6    0.03    0.16    0.40    8.86 v hash/CA1/_3668_/SUM (sky130_fd_sc_hd__ha_1)
                                         hash/CA1/_1757_ (net)
                  0.16    0.00    8.86 v hash/CA1/_3125_/A1 (sky130_fd_sc_hd__a21oi_1)
     2    0.01    0.22    0.25    9.11 ^ hash/CA1/_3125_/Y (sky130_fd_sc_hd__a21oi_1)
                                         hash/CA1/_0762_ (net)
                  0.22    0.00    9.11 ^ hash/CA1/_3132_/A2 (sky130_fd_sc_hd__o21bai_1)
     1    0.00    0.05    0.09    9.19 v hash/CA1/_3132_/Y (sky130_fd_sc_hd__o21bai_1)
                                         hash/CA1/_0767_ (net)
                  0.05    0.00    9.19 v hash/CA1/_3133_/A2 (sky130_fd_sc_hd__a21o_1)
     2    0.01    0.06    0.21    9.40 v hash/CA1/_3133_/X (sky130_fd_sc_hd__a21o_1)
                                         hash/CA1/_0768_ (net)
                  0.06    0.00    9.40 v hash/CA1/_3143_/A2 (sky130_fd_sc_hd__a21o_1)
     1    0.01    0.05    0.19    9.59 v hash/CA1/_3143_/X (sky130_fd_sc_hd__a21o_1)
                                         hash/CA1/_0776_ (net)
                  0.05    0.00    9.59 v hash/CA1/_3144_/A2 (sky130_fd_sc_hd__a21oi_2)
     2    0.01    0.14    0.17    9.76 ^ hash/CA1/_3144_/Y (sky130_fd_sc_hd__a21oi_2)
                                         hash/CA1/_0777_ (net)
                  0.14    0.00    9.76 ^ hash/CA1/_3172_/A1 (sky130_fd_sc_hd__o21ai_0)
     1    0.01    0.10    0.13    9.89 v hash/CA1/_3172_/Y (sky130_fd_sc_hd__o21ai_0)
                                         hash/CA1/_0801_ (net)
                  0.10    0.00    9.89 v hash/CA1/_3173_/B1 (sky130_fd_sc_hd__a21oi_2)
     2    0.01    0.20    0.21   10.10 ^ hash/CA1/_3173_/Y (sky130_fd_sc_hd__a21oi_2)
                                         hash/CA1/_0802_ (net)
                  0.20    0.00   10.10 ^ hash/CA1/_3188_/A1 (sky130_fd_sc_hd__o21ai_2)
     4    0.02    0.10    0.14   10.24 v hash/CA1/_3188_/Y (sky130_fd_sc_hd__o21ai_2)
                                         hash/CA1/_0815_ (net)
                  0.10    0.00   10.24 v hash/CA1/_3212_/A1 (sky130_fd_sc_hd__a221oi_1)
     1    0.01    0.33    0.35   10.59 ^ hash/CA1/_3212_/Y (sky130_fd_sc_hd__a221oi_1)
                                         hash/CA1/_0835_ (net)
                  0.33    0.00   10.59 ^ hash/CA1/_3214_/A (sky130_fd_sc_hd__xnor2_1)
     1    0.00    0.07    0.11   10.71 v hash/CA1/_3214_/Y (sky130_fd_sc_hd__xnor2_1)
                                         hash/p3[31] (net)
                  0.07    0.00   10.71 v hash/p3_cap[31]$_DFF_P_/D (sky130_fd_sc_hd__dfxtp_1)
                                 10.71   data arrival time

                  0.00   10.00   10.00   clock core_clock (rise edge)
                          0.00   10.00   clock network delay (ideal)
                          0.00   10.00   clock reconvergence pessimism
                                 10.00 ^ hash/p3_cap[31]$_DFF_P_/CLK (sky130_fd_sc_hd__dfxtp_1)
                         -0.13    9.87   library setup time
                                  9.87   data required time
-----------------------------------------------------------------------------
                                  9.87   data required time
                                -10.71   data arrival time
-----------------------------------------------------------------------------
                                 -0.84   slack (VIOLATED)



==========================================================================
global place report_power
--------------------------------------------------------------------------
Group                  Internal  Switching    Leakage      Total
                          Power      Power      Power      Power (Watts)
----------------------------------------------------------------
Sequential             1.89e-02   2.25e-03   2.80e-08   2.11e-02   6.0%
Combinational          1.41e-01   1.89e-01   6.39e-08   3.30e-01  94.0%
Clock                  0.00e+00   0.00e+00   0.00e+00   0.00e+00   0.0%
Macro                  0.00e+00   0.00e+00   0.00e+00   0.00e+00   0.0%
Pad                    0.00e+00   0.00e+00   0.00e+00   0.00e+00   0.0%
----------------------------------------------------------------
Total                  1.60e-01   1.91e-01   9.18e-08   3.51e-01 100.0%
                          45.6%      54.4%       0.0%
