
==========================================================================
detailed place report_tns
--------------------------------------------------------------------------
tns -9.85

==========================================================================
detailed place report_wns
--------------------------------------------------------------------------
wns -0.73

==========================================================================
detailed place report_worst_slack
--------------------------------------------------------------------------
worst slack -0.73

==========================================================================
detailed place report_checks -path_delay min
--------------------------------------------------------------------------
Startpoint: ready_dash$_SDFF_PP0_
            (rising edge-triggered flip-flop clocked by core_clock)
Endpoint: ready$_DFF_P_ (rising edge-triggered flip-flop clocked by core_clock)
Path Group: core_clock
Path Type: min

Fanout     Cap    Slew   Delay    Time   Description
-----------------------------------------------------------------------------
                  0.00    0.00    0.00   clock core_clock (rise edge)
                          0.00    0.00   clock network delay (ideal)
                  0.00    0.00    0.00 ^ ready_dash$_SDFF_PP0_/CLK (sky130_fd_sc_hd__dfxtp_1)
     1    0.00    0.04    0.28    0.28 ^ ready_dash$_SDFF_PP0_/Q (sky130_fd_sc_hd__dfxtp_1)
                                         ready_dash (net)
                  0.04    0.00    0.28 ^ ready$_DFF_P_/D (sky130_fd_sc_hd__dfxtp_1)
                                  0.28   data arrival time

                  0.00    0.00    0.00   clock core_clock (rise edge)
                          0.00    0.00   clock network delay (ideal)
                          0.00    0.00   clock reconvergence pessimism
                                  0.00 ^ ready$_DFF_P_/CLK (sky130_fd_sc_hd__dfxtp_1)
                         -0.04   -0.04   library hold time
                                 -0.04   data required time
-----------------------------------------------------------------------------
                                 -0.04   data required time
                                 -0.28   data arrival time
-----------------------------------------------------------------------------
                                  0.32   slack (MET)



==========================================================================
detailed place report_checks -path_delay max
--------------------------------------------------------------------------
Startpoint: hash/p2_cap[11]$_DFF_P_
            (rising edge-triggered flip-flop clocked by core_clock)
Endpoint: hash/p3_cap[28]$_DFF_P_
          (rising edge-triggered flip-flop clocked by core_clock)
Path Group: core_clock
Path Type: max

Fanout     Cap    Slew   Delay    Time   Description
-----------------------------------------------------------------------------
                  0.00    0.00    0.00   clock core_clock (rise edge)
                          0.00    0.00   clock network delay (ideal)
                  0.00    0.00    0.00 ^ hash/p2_cap[11]$_DFF_P_/CLK (sky130_fd_sc_hd__dfxtp_1)
     5    0.03    0.30    0.47    0.47 ^ hash/p2_cap[11]$_DFF_P_/Q (sky130_fd_sc_hd__dfxtp_1)
                                         hash/p2_cap[11] (net)
                  0.30    0.00    0.47 ^ hash/CA2/S1/_00_/A (sky130_fd_sc_hd__xor3_1)
     1    0.01    0.11    0.52    0.99 v hash/CA2/S1/_00_/X (sky130_fd_sc_hd__xor3_1)
                                         hash/CA2/s1[0] (net)
                  0.11    0.00    0.99 v hash/CA2/_2242_/A (sky130_fd_sc_hd__ha_4)
     3    0.02    0.04    0.20    1.19 v hash/CA2/_2242_/COUT (sky130_fd_sc_hd__ha_4)
                                         hash/CA2/_0615_ (net)
                  0.04    0.00    1.19 v hash/CA2/_2147_/B (sky130_fd_sc_hd__fa_1)
     2    0.01    0.10    0.43    1.62 v hash/CA2/_2147_/COUT (sky130_fd_sc_hd__fa_1)
                                         hash/CA2/_0617_ (net)
                  0.10    0.00    1.62 v hash/CA2/_1225_/A2 (sky130_fd_sc_hd__a21o_1)
     1    0.01    0.05    0.21    1.83 v hash/CA2/_1225_/X (sky130_fd_sc_hd__a21o_1)
                                         hash/CA2/_0525_ (net)
                  0.05    0.00    1.83 v hash/CA2/_1226_/A2 (sky130_fd_sc_hd__a21oi_2)
     3    0.02    0.21    0.22    2.05 ^ hash/CA2/_1226_/Y (sky130_fd_sc_hd__a21oi_2)
                                         hash/CA2/_0526_ (net)
                  0.21    0.00    2.05 ^ hash/CA2/_1758_/A2 (sky130_fd_sc_hd__o21bai_1)
     1    0.00    0.05    0.09    2.14 v hash/CA2/_1758_/Y (sky130_fd_sc_hd__o21bai_1)
                                         hash/CA2/_0231_ (net)
                  0.05    0.00    2.14 v hash/CA2/_1759_/A2 (sky130_fd_sc_hd__a21oi_1)
     1    0.01    0.17    0.19    2.33 ^ hash/CA2/_1759_/Y (sky130_fd_sc_hd__a21oi_1)
                                         hash/CA2/_0232_ (net)
                  0.17    0.00    2.33 ^ hash/CA2/_1760_/B (sky130_fd_sc_hd__xnor2_1)
     2    0.02    0.16    0.18    2.51 v hash/CA2/_1760_/Y (sky130_fd_sc_hd__xnor2_1)
                                         hash/CA2/_0669_ (net)
                  0.16    0.00    2.51 v hash/CA2/_2254_/B (sky130_fd_sc_hd__ha_1)
     3    0.01    0.08    0.26    2.77 v hash/CA2/_2254_/COUT (sky130_fd_sc_hd__ha_1)
                                         hash/CA2/_0961_ (net)
                  0.08    0.00    2.77 v hash/CA2/_2003_/C (sky130_fd_sc_hd__or4_4)
     1    0.01    0.09    0.49    3.26 v hash/CA2/_2003_/X (sky130_fd_sc_hd__or4_4)
                                         hash/CA2/_0409_ (net)
                  0.09    0.00    3.26 v hash/CA2/_2004_/C1 (sky130_fd_sc_hd__a311oi_2)
     1    0.01    0.35    0.32    3.59 ^ hash/CA2/_2004_/Y (sky130_fd_sc_hd__a311oi_2)
                                         hash/CA2/_0410_ (net)
                  0.35    0.00    3.59 ^ hash/CA2/_2005_/B1 (sky130_fd_sc_hd__a211oi_4)
     3    0.02    0.10    0.11    3.69 v hash/CA2/_2005_/Y (sky130_fd_sc_hd__a211oi_4)
                                         hash/CA2/_0411_ (net)
                  0.10    0.00    3.70 v hash/CA2/_2047_/A2 (sky130_fd_sc_hd__o211ai_1)
     2    0.01    0.29    0.29    3.99 ^ hash/CA2/_2047_/Y (sky130_fd_sc_hd__o211ai_1)
                                         hash/CA2/_0445_ (net)
                  0.29    0.00    3.99 ^ hash/CA2/_2063_/A1 (sky130_fd_sc_hd__a21oi_1)
     1    0.01    0.10    0.14    4.13 v hash/CA2/_2063_/Y (sky130_fd_sc_hd__a21oi_1)
                                         hash/CA2/_0459_ (net)
                  0.10    0.00    4.13 v hash/CA2/_2064_/C1 (sky130_fd_sc_hd__a211o_4)
     4    0.02    0.08    0.32    4.45 v hash/CA2/_2064_/X (sky130_fd_sc_hd__a211o_4)
                                         hash/CA2/_0460_ (net)
                  0.08    0.00    4.45 v hash/CA2/_2086_/A1 (sky130_fd_sc_hd__a311o_1)
     1    0.00    0.06    0.28    4.73 v hash/CA2/_2086_/X (sky130_fd_sc_hd__a311o_1)
                                         hash/CA2/_0478_ (net)
                  0.06    0.00    4.73 v hash/CA2/_2087_/A2 (sky130_fd_sc_hd__a21oi_1)
     1    0.01    0.17    0.19    4.92 ^ hash/CA2/_2087_/Y (sky130_fd_sc_hd__a21oi_1)
                                         hash/CA2/_0479_ (net)
                  0.17    0.00    4.92 ^ hash/CA2/_2088_/B (sky130_fd_sc_hd__xnor2_1)
     1    0.01    0.10    0.13    5.05 v hash/CA2/_2088_/Y (sky130_fd_sc_hd__xnor2_1)
                                         hash/e_new[25] (net)
                  0.10    0.00    5.05 v hash/_3540_/A0 (sky130_fd_sc_hd__mux2_8)
     6    0.04    0.08    0.36    5.42 v hash/_3540_/X (sky130_fd_sc_hd__mux2_8)
                                         hash/e[25] (net)
                  0.08    0.00    5.42 v hash/CA1/S1/_00_/C (sky130_fd_sc_hd__xor3_1)
     1    0.01    0.10    0.24    5.65 ^ hash/CA1/S1/_00_/X (sky130_fd_sc_hd__xor3_1)
                                         hash/CA1/s1[0] (net)
                  0.10    0.00    5.65 ^ hash/CA1/_3621_/A (sky130_fd_sc_hd__ha_1)
     3    0.01    0.12    0.21    5.86 ^ hash/CA1/_3621_/COUT (sky130_fd_sc_hd__ha_1)
                                         hash/CA1/_1631_ (net)
                  0.12    0.00    5.86 ^ hash/CA1/_2333_/A (sky130_fd_sc_hd__inv_1)
     1    0.01    0.05    0.07    5.93 v hash/CA1/_2333_/Y (sky130_fd_sc_hd__inv_1)
                                         hash/CA1/_1056_ (net)
                  0.05    0.00    5.93 v hash/CA1/_3433_/B (sky130_fd_sc_hd__fa_1)
     2    0.01    0.12    0.45    6.38 v hash/CA1/_3433_/COUT (sky130_fd_sc_hd__fa_1)
                                         hash/CA1/_1058_ (net)
                  0.12    0.00    6.38 v hash/CA1/_1984_/A (sky130_fd_sc_hd__nor2b_1)
     1    0.01    0.13    0.17    6.55 ^ hash/CA1/_1984_/Y (sky130_fd_sc_hd__nor2b_1)
                                         hash/CA1/_0005_ (net)
                  0.13    0.00    6.55 ^ hash/CA1/_1985_/A2 (sky130_fd_sc_hd__o21ai_2)
     1    0.01    0.08    0.08    6.63 v hash/CA1/_1985_/Y (sky130_fd_sc_hd__o21ai_2)
                                         hash/CA1/_0006_ (net)
                  0.08    0.00    6.63 v hash/CA1/_1986_/B (sky130_fd_sc_hd__nand2b_4)
     2    0.02    0.09    0.11    6.74 ^ hash/CA1/_1986_/Y (sky130_fd_sc_hd__nand2b_4)
                                         hash/CA1/_0007_ (net)
                  0.09    0.00    6.74 ^ hash/CA1/_2009_/A2 (sky130_fd_sc_hd__a21oi_2)
     3    0.02    0.07    0.09    6.83 v hash/CA1/_2009_/Y (sky130_fd_sc_hd__a21oi_2)
                                         hash/CA1/_0021_ (net)
                  0.07    0.00    6.83 v hash/CA1/_2071_/A1 (sky130_fd_sc_hd__o211a_4)
     1    0.01    0.04    0.26    7.10 v hash/CA1/_2071_/X (sky130_fd_sc_hd__o211a_4)
                                         hash/CA1/_0065_ (net)
                  0.04    0.00    7.10 v hash/CA1/_2074_/A (sky130_fd_sc_hd__nor2_4)
     4    0.03    0.21    0.21    7.30 ^ hash/CA1/_2074_/Y (sky130_fd_sc_hd__nor2_4)
                                         hash/CA1/_0068_ (net)
                  0.21    0.00    7.30 ^ hash/CA1/_2133_/A3 (sky130_fd_sc_hd__a41oi_2)
     2    0.01    0.16    0.20    7.50 v hash/CA1/_2133_/Y (sky130_fd_sc_hd__a41oi_2)
                                         hash/CA1/_0111_ (net)
                  0.16    0.00    7.50 v hash/CA1/_2164_/A2 (sky130_fd_sc_hd__o21bai_1)
     1    0.01    0.18    0.21    7.72 ^ hash/CA1/_2164_/Y (sky130_fd_sc_hd__o21bai_1)
                                         hash/CA1/_0133_ (net)
                  0.18    0.00    7.72 ^ hash/CA1/_2165_/A2 (sky130_fd_sc_hd__a21oi_2)
     2    0.02    0.08    0.12    7.83 v hash/CA1/_2165_/Y (sky130_fd_sc_hd__a21oi_2)
                                         hash/CA1/_0134_ (net)
                  0.08    0.00    7.83 v hash/CA1/_2166_/B (sky130_fd_sc_hd__xor2_2)
     1    0.02    0.13    0.20    8.03 v hash/CA1/_2166_/X (sky130_fd_sc_hd__xor2_2)
                                         hash/CA1/_1143_ (net)
                  0.13    0.00    8.03 v hash/CA1/_3451_/B (sky130_fd_sc_hd__fa_1)
     1    0.00    0.06    0.53    8.56 ^ hash/CA1/_3451_/SUM (sky130_fd_sc_hd__fa_1)
                                         hash/CA1/_1146_ (net)
                  0.06    0.00    8.56 ^ hash/CA1/_2652_/A (sky130_fd_sc_hd__inv_1)
     1    0.00    0.03    0.04    8.61 v hash/CA1/_2652_/Y (sky130_fd_sc_hd__inv_1)
                                         hash/CA1/_1773_ (net)
                  0.03    0.00    8.61 v hash/CA1/_3674_/B (sky130_fd_sc_hd__ha_1)
     5    0.02    0.15    0.37    8.97 v hash/CA1/_3674_/SUM (sky130_fd_sc_hd__ha_1)
                                         hash/CA1/_1775_ (net)
                  0.15    0.00    8.97 v hash/CA1/_3138_/A1 (sky130_fd_sc_hd__a21oi_1)
     2    0.01    0.20    0.23    9.21 ^ hash/CA1/_3138_/Y (sky130_fd_sc_hd__a21oi_1)
                                         hash/CA1/_0772_ (net)
                  0.20    0.00    9.21 ^ hash/CA1/_3152_/A2 (sky130_fd_sc_hd__o21bai_1)
     1    0.00    0.05    0.09    9.29 v hash/CA1/_3152_/Y (sky130_fd_sc_hd__o21bai_1)
                                         hash/CA1/_0784_ (net)
                  0.05    0.00    9.29 v hash/CA1/_3153_/A2 (sky130_fd_sc_hd__a21oi_1)
     1    0.00    0.15    0.17    9.46 ^ hash/CA1/_3153_/Y (sky130_fd_sc_hd__a21oi_1)
                                         hash/CA1/_0785_ (net)
                  0.15    0.00    9.46 ^ hash/CA1/_3154_/A (sky130_fd_sc_hd__nor2b_2)
     2    0.01    0.05    0.07    9.54 v hash/CA1/_3154_/Y (sky130_fd_sc_hd__nor2b_2)
                                         hash/CA1/_0786_ (net)
                  0.05    0.00    9.54 v hash/CA1/_3183_/D1 (sky130_fd_sc_hd__a2111oi_1)
     1    0.01    0.56    0.46   10.00 ^ hash/CA1/_3183_/Y (sky130_fd_sc_hd__a2111oi_1)
                                         hash/CA1/_0811_ (net)
                  0.56    0.00   10.00 ^ hash/CA1/_3184_/C1 (sky130_fd_sc_hd__a211oi_2)
     3    0.01    0.14    0.13   10.13 v hash/CA1/_3184_/Y (sky130_fd_sc_hd__a211oi_2)
                                         hash/CA1/_0812_ (net)
                  0.14    0.00   10.13 v hash/CA1/_3190_/A2 (sky130_fd_sc_hd__a21o_1)
     1    0.00    0.04    0.21   10.34 v hash/CA1/_3190_/X (sky130_fd_sc_hd__a21o_1)
                                         hash/CA1/_0816_ (net)
                  0.04    0.00   10.34 v hash/CA1/_3191_/A2 (sky130_fd_sc_hd__a21oi_1)
     1    0.01    0.15    0.17   10.50 ^ hash/CA1/_3191_/Y (sky130_fd_sc_hd__a21oi_1)
                                         hash/CA1/_0817_ (net)
                  0.15    0.00   10.50 ^ hash/CA1/_3192_/B (sky130_fd_sc_hd__xnor2_1)
     1    0.00    0.15    0.15   10.65 ^ hash/CA1/_3192_/Y (sky130_fd_sc_hd__xnor2_1)
                                         hash/p3[28] (net)
                  0.15    0.00   10.65 ^ hash/p3_cap[28]$_DFF_P_/D (sky130_fd_sc_hd__dfxtp_1)
                                 10.65   data arrival time

                  0.00   10.00   10.00   clock core_clock (rise edge)
                          0.00   10.00   clock network delay (ideal)
                          0.00   10.00   clock reconvergence pessimism
                                 10.00 ^ hash/p3_cap[28]$_DFF_P_/CLK (sky130_fd_sc_hd__dfxtp_1)
                         -0.08    9.92   library setup time
                                  9.92   data required time
-----------------------------------------------------------------------------
                                  9.92   data required time
                                -10.65   data arrival time
-----------------------------------------------------------------------------
                                 -0.73   slack (VIOLATED)



==========================================================================
detailed place report_checks -unconstrained
--------------------------------------------------------------------------
Startpoint: hash/p2_cap[11]$_DFF_P_
            (rising edge-triggered flip-flop clocked by core_clock)
Endpoint: hash/p3_cap[28]$_DFF_P_
          (rising edge-triggered flip-flop clocked by core_clock)
Path Group: core_clock
Path Type: max

Fanout     Cap    Slew   Delay    Time   Description
-----------------------------------------------------------------------------
                  0.00    0.00    0.00   clock core_clock (rise edge)
                          0.00    0.00   clock network delay (ideal)
                  0.00    0.00    0.00 ^ hash/p2_cap[11]$_DFF_P_/CLK (sky130_fd_sc_hd__dfxtp_1)
     5    0.03    0.30    0.47    0.47 ^ hash/p2_cap[11]$_DFF_P_/Q (sky130_fd_sc_hd__dfxtp_1)
                                         hash/p2_cap[11] (net)
                  0.30    0.00    0.47 ^ hash/CA2/S1/_00_/A (sky130_fd_sc_hd__xor3_1)
     1    0.01    0.11    0.52    0.99 v hash/CA2/S1/_00_/X (sky130_fd_sc_hd__xor3_1)
                                         hash/CA2/s1[0] (net)
                  0.11    0.00    0.99 v hash/CA2/_2242_/A (sky130_fd_sc_hd__ha_4)
     3    0.02    0.04    0.20    1.19 v hash/CA2/_2242_/COUT (sky130_fd_sc_hd__ha_4)
                                         hash/CA2/_0615_ (net)
                  0.04    0.00    1.19 v hash/CA2/_2147_/B (sky130_fd_sc_hd__fa_1)
     2    0.01    0.10    0.43    1.62 v hash/CA2/_2147_/COUT (sky130_fd_sc_hd__fa_1)
                                         hash/CA2/_0617_ (net)
                  0.10    0.00    1.62 v hash/CA2/_1225_/A2 (sky130_fd_sc_hd__a21o_1)
     1    0.01    0.05    0.21    1.83 v hash/CA2/_1225_/X (sky130_fd_sc_hd__a21o_1)
                                         hash/CA2/_0525_ (net)
                  0.05    0.00    1.83 v hash/CA2/_1226_/A2 (sky130_fd_sc_hd__a21oi_2)
     3    0.02    0.21    0.22    2.05 ^ hash/CA2/_1226_/Y (sky130_fd_sc_hd__a21oi_2)
                                         hash/CA2/_0526_ (net)
                  0.21    0.00    2.05 ^ hash/CA2/_1758_/A2 (sky130_fd_sc_hd__o21bai_1)
     1    0.00    0.05    0.09    2.14 v hash/CA2/_1758_/Y (sky130_fd_sc_hd__o21bai_1)
                                         hash/CA2/_0231_ (net)
                  0.05    0.00    2.14 v hash/CA2/_1759_/A2 (sky130_fd_sc_hd__a21oi_1)
     1    0.01    0.17    0.19    2.33 ^ hash/CA2/_1759_/Y (sky130_fd_sc_hd__a21oi_1)
                                         hash/CA2/_0232_ (net)
                  0.17    0.00    2.33 ^ hash/CA2/_1760_/B (sky130_fd_sc_hd__xnor2_1)
     2    0.02    0.16    0.18    2.51 v hash/CA2/_1760_/Y (sky130_fd_sc_hd__xnor2_1)
                                         hash/CA2/_0669_ (net)
                  0.16    0.00    2.51 v hash/CA2/_2254_/B (sky130_fd_sc_hd__ha_1)
     3    0.01    0.08    0.26    2.77 v hash/CA2/_2254_/COUT (sky130_fd_sc_hd__ha_1)
                                         hash/CA2/_0961_ (net)
                  0.08    0.00    2.77 v hash/CA2/_2003_/C (sky130_fd_sc_hd__or4_4)
     1    0.01    0.09    0.49    3.26 v hash/CA2/_2003_/X (sky130_fd_sc_hd__or4_4)
                                         hash/CA2/_0409_ (net)
                  0.09    0.00    3.26 v hash/CA2/_2004_/C1 (sky130_fd_sc_hd__a311oi_2)
     1    0.01    0.35    0.32    3.59 ^ hash/CA2/_2004_/Y (sky130_fd_sc_hd__a311oi_2)
                                         hash/CA2/_0410_ (net)
                  0.35    0.00    3.59 ^ hash/CA2/_2005_/B1 (sky130_fd_sc_hd__a211oi_4)
     3    0.02    0.10    0.11    3.69 v hash/CA2/_2005_/Y (sky130_fd_sc_hd__a211oi_4)
                                         hash/CA2/_0411_ (net)
                  0.10    0.00    3.70 v hash/CA2/_2047_/A2 (sky130_fd_sc_hd__o211ai_1)
     2    0.01    0.29    0.29    3.99 ^ hash/CA2/_2047_/Y (sky130_fd_sc_hd__o211ai_1)
                                         hash/CA2/_0445_ (net)
                  0.29    0.00    3.99 ^ hash/CA2/_2063_/A1 (sky130_fd_sc_hd__a21oi_1)
     1    0.01    0.10    0.14    4.13 v hash/CA2/_2063_/Y (sky130_fd_sc_hd__a21oi_1)
                                         hash/CA2/_0459_ (net)
                  0.10    0.00    4.13 v hash/CA2/_2064_/C1 (sky130_fd_sc_hd__a211o_4)
     4    0.02    0.08    0.32    4.45 v hash/CA2/_2064_/X (sky130_fd_sc_hd__a211o_4)
                                         hash/CA2/_0460_ (net)
                  0.08    0.00    4.45 v hash/CA2/_2086_/A1 (sky130_fd_sc_hd__a311o_1)
     1    0.00    0.06    0.28    4.73 v hash/CA2/_2086_/X (sky130_fd_sc_hd__a311o_1)
                                         hash/CA2/_0478_ (net)
                  0.06    0.00    4.73 v hash/CA2/_2087_/A2 (sky130_fd_sc_hd__a21oi_1)
     1    0.01    0.17    0.19    4.92 ^ hash/CA2/_2087_/Y (sky130_fd_sc_hd__a21oi_1)
                                         hash/CA2/_0479_ (net)
                  0.17    0.00    4.92 ^ hash/CA2/_2088_/B (sky130_fd_sc_hd__xnor2_1)
     1    0.01    0.10    0.13    5.05 v hash/CA2/_2088_/Y (sky130_fd_sc_hd__xnor2_1)
                                         hash/e_new[25] (net)
                  0.10    0.00    5.05 v hash/_3540_/A0 (sky130_fd_sc_hd__mux2_8)
     6    0.04    0.08    0.36    5.42 v hash/_3540_/X (sky130_fd_sc_hd__mux2_8)
                                         hash/e[25] (net)
                  0.08    0.00    5.42 v hash/CA1/S1/_00_/C (sky130_fd_sc_hd__xor3_1)
     1    0.01    0.10    0.24    5.65 ^ hash/CA1/S1/_00_/X (sky130_fd_sc_hd__xor3_1)
                                         hash/CA1/s1[0] (net)
                  0.10    0.00    5.65 ^ hash/CA1/_3621_/A (sky130_fd_sc_hd__ha_1)
     3    0.01    0.12    0.21    5.86 ^ hash/CA1/_3621_/COUT (sky130_fd_sc_hd__ha_1)
                                         hash/CA1/_1631_ (net)
                  0.12    0.00    5.86 ^ hash/CA1/_2333_/A (sky130_fd_sc_hd__inv_1)
     1    0.01    0.05    0.07    5.93 v hash/CA1/_2333_/Y (sky130_fd_sc_hd__inv_1)
                                         hash/CA1/_1056_ (net)
                  0.05    0.00    5.93 v hash/CA1/_3433_/B (sky130_fd_sc_hd__fa_1)
     2    0.01    0.12    0.45    6.38 v hash/CA1/_3433_/COUT (sky130_fd_sc_hd__fa_1)
                                         hash/CA1/_1058_ (net)
                  0.12    0.00    6.38 v hash/CA1/_1984_/A (sky130_fd_sc_hd__nor2b_1)
     1    0.01    0.13    0.17    6.55 ^ hash/CA1/_1984_/Y (sky130_fd_sc_hd__nor2b_1)
                                         hash/CA1/_0005_ (net)
                  0.13    0.00    6.55 ^ hash/CA1/_1985_/A2 (sky130_fd_sc_hd__o21ai_2)
     1    0.01    0.08    0.08    6.63 v hash/CA1/_1985_/Y (sky130_fd_sc_hd__o21ai_2)
                                         hash/CA1/_0006_ (net)
                  0.08    0.00    6.63 v hash/CA1/_1986_/B (sky130_fd_sc_hd__nand2b_4)
     2    0.02    0.09    0.11    6.74 ^ hash/CA1/_1986_/Y (sky130_fd_sc_hd__nand2b_4)
                                         hash/CA1/_0007_ (net)
                  0.09    0.00    6.74 ^ hash/CA1/_2009_/A2 (sky130_fd_sc_hd__a21oi_2)
     3    0.02    0.07    0.09    6.83 v hash/CA1/_2009_/Y (sky130_fd_sc_hd__a21oi_2)
                                         hash/CA1/_0021_ (net)
                  0.07    0.00    6.83 v hash/CA1/_2071_/A1 (sky130_fd_sc_hd__o211a_4)
     1    0.01    0.04    0.26    7.10 v hash/CA1/_2071_/X (sky130_fd_sc_hd__o211a_4)
                                         hash/CA1/_0065_ (net)
                  0.04    0.00    7.10 v hash/CA1/_2074_/A (sky130_fd_sc_hd__nor2_4)
     4    0.03    0.21    0.21    7.30 ^ hash/CA1/_2074_/Y (sky130_fd_sc_hd__nor2_4)
                                         hash/CA1/_0068_ (net)
                  0.21    0.00    7.30 ^ hash/CA1/_2133_/A3 (sky130_fd_sc_hd__a41oi_2)
     2    0.01    0.16    0.20    7.50 v hash/CA1/_2133_/Y (sky130_fd_sc_hd__a41oi_2)
                                         hash/CA1/_0111_ (net)
                  0.16    0.00    7.50 v hash/CA1/_2164_/A2 (sky130_fd_sc_hd__o21bai_1)
     1    0.01    0.18    0.21    7.72 ^ hash/CA1/_2164_/Y (sky130_fd_sc_hd__o21bai_1)
                                         hash/CA1/_0133_ (net)
                  0.18    0.00    7.72 ^ hash/CA1/_2165_/A2 (sky130_fd_sc_hd__a21oi_2)
     2    0.02    0.08    0.12    7.83 v hash/CA1/_2165_/Y (sky130_fd_sc_hd__a21oi_2)
                                         hash/CA1/_0134_ (net)
                  0.08    0.00    7.83 v hash/CA1/_2166_/B (sky130_fd_sc_hd__xor2_2)
     1    0.02    0.13    0.20    8.03 v hash/CA1/_2166_/X (sky130_fd_sc_hd__xor2_2)
                                         hash/CA1/_1143_ (net)
                  0.13    0.00    8.03 v hash/CA1/_3451_/B (sky130_fd_sc_hd__fa_1)
     1    0.00    0.06    0.53    8.56 ^ hash/CA1/_3451_/SUM (sky130_fd_sc_hd__fa_1)
                                         hash/CA1/_1146_ (net)
                  0.06    0.00    8.56 ^ hash/CA1/_2652_/A (sky130_fd_sc_hd__inv_1)
     1    0.00    0.03    0.04    8.61 v hash/CA1/_2652_/Y (sky130_fd_sc_hd__inv_1)
                                         hash/CA1/_1773_ (net)
                  0.03    0.00    8.61 v hash/CA1/_3674_/B (sky130_fd_sc_hd__ha_1)
     5    0.02    0.15    0.37    8.97 v hash/CA1/_3674_/SUM (sky130_fd_sc_hd__ha_1)
                                         hash/CA1/_1775_ (net)
                  0.15    0.00    8.97 v hash/CA1/_3138_/A1 (sky130_fd_sc_hd__a21oi_1)
     2    0.01    0.20    0.23    9.21 ^ hash/CA1/_3138_/Y (sky130_fd_sc_hd__a21oi_1)
                                         hash/CA1/_0772_ (net)
                  0.20    0.00    9.21 ^ hash/CA1/_3152_/A2 (sky130_fd_sc_hd__o21bai_1)
     1    0.00    0.05    0.09    9.29 v hash/CA1/_3152_/Y (sky130_fd_sc_hd__o21bai_1)
                                         hash/CA1/_0784_ (net)
                  0.05    0.00    9.29 v hash/CA1/_3153_/A2 (sky130_fd_sc_hd__a21oi_1)
     1    0.00    0.15    0.17    9.46 ^ hash/CA1/_3153_/Y (sky130_fd_sc_hd__a21oi_1)
                                         hash/CA1/_0785_ (net)
                  0.15    0.00    9.46 ^ hash/CA1/_3154_/A (sky130_fd_sc_hd__nor2b_2)
     2    0.01    0.05    0.07    9.54 v hash/CA1/_3154_/Y (sky130_fd_sc_hd__nor2b_2)
                                         hash/CA1/_0786_ (net)
                  0.05    0.00    9.54 v hash/CA1/_3183_/D1 (sky130_fd_sc_hd__a2111oi_1)
     1    0.01    0.56    0.46   10.00 ^ hash/CA1/_3183_/Y (sky130_fd_sc_hd__a2111oi_1)
                                         hash/CA1/_0811_ (net)
                  0.56    0.00   10.00 ^ hash/CA1/_3184_/C1 (sky130_fd_sc_hd__a211oi_2)
     3    0.01    0.14    0.13   10.13 v hash/CA1/_3184_/Y (sky130_fd_sc_hd__a211oi_2)
                                         hash/CA1/_0812_ (net)
                  0.14    0.00   10.13 v hash/CA1/_3190_/A2 (sky130_fd_sc_hd__a21o_1)
     1    0.00    0.04    0.21   10.34 v hash/CA1/_3190_/X (sky130_fd_sc_hd__a21o_1)
                                         hash/CA1/_0816_ (net)
                  0.04    0.00   10.34 v hash/CA1/_3191_/A2 (sky130_fd_sc_hd__a21oi_1)
     1    0.01    0.15    0.17   10.50 ^ hash/CA1/_3191_/Y (sky130_fd_sc_hd__a21oi_1)
                                         hash/CA1/_0817_ (net)
                  0.15    0.00   10.50 ^ hash/CA1/_3192_/B (sky130_fd_sc_hd__xnor2_1)
     1    0.00    0.15    0.15   10.65 ^ hash/CA1/_3192_/Y (sky130_fd_sc_hd__xnor2_1)
                                         hash/p3[28] (net)
                  0.15    0.00   10.65 ^ hash/p3_cap[28]$_DFF_P_/D (sky130_fd_sc_hd__dfxtp_1)
                                 10.65   data arrival time

                  0.00   10.00   10.00   clock core_clock (rise edge)
                          0.00   10.00   clock network delay (ideal)
                          0.00   10.00   clock reconvergence pessimism
                                 10.00 ^ hash/p3_cap[28]$_DFF_P_/CLK (sky130_fd_sc_hd__dfxtp_1)
                         -0.08    9.92   library setup time
                                  9.92   data required time
-----------------------------------------------------------------------------
                                  9.92   data required time
                                -10.65   data arrival time
-----------------------------------------------------------------------------
                                 -0.73   slack (VIOLATED)



==========================================================================
detailed place report_check_types -max_slew -max_cap -max_fanout -violators
--------------------------------------------------------------------------

==========================================================================
detailed place max_slew_check_slack
--------------------------------------------------------------------------
0.11909906566143036

==========================================================================
detailed place max_slew_check_limit
--------------------------------------------------------------------------
1.4979510307312012

==========================================================================
detailed place max_slew_check_slack_limit
--------------------------------------------------------------------------
0.0795

==========================================================================
detailed place max_fanout_check_slack
--------------------------------------------------------------------------
1.0000000150474662e+30

==========================================================================
detailed place max_fanout_check_limit
--------------------------------------------------------------------------
1.0000000150474662e+30

==========================================================================
detailed place max_capacitance_check_slack
--------------------------------------------------------------------------
0.012326453812420368

==========================================================================
detailed place max_capacitance_check_limit
--------------------------------------------------------------------------
0.021067000925540924

==========================================================================
detailed place max_capacitance_check_slack_limit
--------------------------------------------------------------------------
0.5851

==========================================================================
detailed place max_slew_violation_count
--------------------------------------------------------------------------
max slew violation count 0

==========================================================================
detailed place max_fanout_violation_count
--------------------------------------------------------------------------
max fanout violation count 0

==========================================================================
detailed place max_cap_violation_count
--------------------------------------------------------------------------
max cap violation count 0

==========================================================================
detailed place setup_violation_count
--------------------------------------------------------------------------
setup violation count 29

==========================================================================
detailed place hold_violation_count
--------------------------------------------------------------------------
hold violation count 0

==========================================================================
detailed place report_checks -path_delay max reg to reg
--------------------------------------------------------------------------
Startpoint: hash/p2_cap[11]$_DFF_P_
            (rising edge-triggered flip-flop clocked by core_clock)
Endpoint: hash/p3_cap[28]$_DFF_P_
          (rising edge-triggered flip-flop clocked by core_clock)
Path Group: core_clock
Path Type: max

  Delay    Time   Description
---------------------------------------------------------
   0.00    0.00   clock core_clock (rise edge)
   0.00    0.00   clock network delay (ideal)
   0.00    0.00 ^ hash/p2_cap[11]$_DFF_P_/CLK (sky130_fd_sc_hd__dfxtp_1)
   0.47    0.47 ^ hash/p2_cap[11]$_DFF_P_/Q (sky130_fd_sc_hd__dfxtp_1)
   0.52    0.99 v hash/CA2/S1/_00_/X (sky130_fd_sc_hd__xor3_1)
   0.20    1.19 v hash/CA2/_2242_/COUT (sky130_fd_sc_hd__ha_4)
   0.43    1.62 v hash/CA2/_2147_/COUT (sky130_fd_sc_hd__fa_1)
   0.21    1.83 v hash/CA2/_1225_/X (sky130_fd_sc_hd__a21o_1)
   0.22    2.05 ^ hash/CA2/_1226_/Y (sky130_fd_sc_hd__a21oi_2)
   0.09    2.14 v hash/CA2/_1758_/Y (sky130_fd_sc_hd__o21bai_1)
   0.19    2.33 ^ hash/CA2/_1759_/Y (sky130_fd_sc_hd__a21oi_1)
   0.18    2.51 v hash/CA2/_1760_/Y (sky130_fd_sc_hd__xnor2_1)
   0.26    2.77 v hash/CA2/_2254_/COUT (sky130_fd_sc_hd__ha_1)
   0.49    3.26 v hash/CA2/_2003_/X (sky130_fd_sc_hd__or4_4)
   0.32    3.59 ^ hash/CA2/_2004_/Y (sky130_fd_sc_hd__a311oi_2)
   0.11    3.69 v hash/CA2/_2005_/Y (sky130_fd_sc_hd__a211oi_4)
   0.29    3.99 ^ hash/CA2/_2047_/Y (sky130_fd_sc_hd__o211ai_1)
   0.14    4.13 v hash/CA2/_2063_/Y (sky130_fd_sc_hd__a21oi_1)
   0.32    4.45 v hash/CA2/_2064_/X (sky130_fd_sc_hd__a211o_4)
   0.28    4.73 v hash/CA2/_2086_/X (sky130_fd_sc_hd__a311o_1)
   0.19    4.92 ^ hash/CA2/_2087_/Y (sky130_fd_sc_hd__a21oi_1)
   0.13    5.05 v hash/CA2/_2088_/Y (sky130_fd_sc_hd__xnor2_1)
   0.36    5.42 v hash/_3540_/X (sky130_fd_sc_hd__mux2_8)
   0.24    5.65 ^ hash/CA1/S1/_00_/X (sky130_fd_sc_hd__xor3_1)
   0.21    5.86 ^ hash/CA1/_3621_/COUT (sky130_fd_sc_hd__ha_1)
   0.07    5.93 v hash/CA1/_2333_/Y (sky130_fd_sc_hd__inv_1)
   0.45    6.38 v hash/CA1/_3433_/COUT (sky130_fd_sc_hd__fa_1)
   0.17    6.55 ^ hash/CA1/_1984_/Y (sky130_fd_sc_hd__nor2b_1)
   0.08    6.63 v hash/CA1/_1985_/Y (sky130_fd_sc_hd__o21ai_2)
   0.11    6.74 ^ hash/CA1/_1986_/Y (sky130_fd_sc_hd__nand2b_4)
   0.09    6.83 v hash/CA1/_2009_/Y (sky130_fd_sc_hd__a21oi_2)
   0.26    7.10 v hash/CA1/_2071_/X (sky130_fd_sc_hd__o211a_4)
   0.21    7.30 ^ hash/CA1/_2074_/Y (sky130_fd_sc_hd__nor2_4)
   0.20    7.50 v hash/CA1/_2133_/Y (sky130_fd_sc_hd__a41oi_2)
   0.21    7.72 ^ hash/CA1/_2164_/Y (sky130_fd_sc_hd__o21bai_1)
   0.12    7.83 v hash/CA1/_2165_/Y (sky130_fd_sc_hd__a21oi_2)
   0.20    8.03 v hash/CA1/_2166_/X (sky130_fd_sc_hd__xor2_2)
   0.53    8.56 ^ hash/CA1/_3451_/SUM (sky130_fd_sc_hd__fa_1)
   0.04    8.61 v hash/CA1/_2652_/Y (sky130_fd_sc_hd__inv_1)
   0.37    8.97 v hash/CA1/_3674_/SUM (sky130_fd_sc_hd__ha_1)
   0.23    9.21 ^ hash/CA1/_3138_/Y (sky130_fd_sc_hd__a21oi_1)
   0.09    9.29 v hash/CA1/_3152_/Y (sky130_fd_sc_hd__o21bai_1)
   0.17    9.46 ^ hash/CA1/_3153_/Y (sky130_fd_sc_hd__a21oi_1)
   0.07    9.54 v hash/CA1/_3154_/Y (sky130_fd_sc_hd__nor2b_2)
   0.46   10.00 ^ hash/CA1/_3183_/Y (sky130_fd_sc_hd__a2111oi_1)
   0.13   10.13 v hash/CA1/_3184_/Y (sky130_fd_sc_hd__a211oi_2)
   0.21   10.34 v hash/CA1/_3190_/X (sky130_fd_sc_hd__a21o_1)
   0.17   10.50 ^ hash/CA1/_3191_/Y (sky130_fd_sc_hd__a21oi_1)
   0.15   10.65 ^ hash/CA1/_3192_/Y (sky130_fd_sc_hd__xnor2_1)
   0.00   10.65 ^ hash/p3_cap[28]$_DFF_P_/D (sky130_fd_sc_hd__dfxtp_1)
          10.65   data arrival time

  10.00   10.00   clock core_clock (rise edge)
   0.00   10.00   clock network delay (ideal)
   0.00   10.00   clock reconvergence pessimism
          10.00 ^ hash/p3_cap[28]$_DFF_P_/CLK (sky130_fd_sc_hd__dfxtp_1)
  -0.08    9.92   library setup time
           9.92   data required time
---------------------------------------------------------
           9.92   data required time
         -10.65   data arrival time
---------------------------------------------------------
          -0.73   slack (VIOLATED)



==========================================================================
detailed place report_checks -path_delay min reg to reg
--------------------------------------------------------------------------
Startpoint: ready_dash$_SDFF_PP0_
            (rising edge-triggered flip-flop clocked by core_clock)
Endpoint: ready$_DFF_P_ (rising edge-triggered flip-flop clocked by core_clock)
Path Group: core_clock
Path Type: min

  Delay    Time   Description
---------------------------------------------------------
   0.00    0.00   clock core_clock (rise edge)
   0.00    0.00   clock network delay (ideal)
   0.00    0.00 ^ ready_dash$_SDFF_PP0_/CLK (sky130_fd_sc_hd__dfxtp_1)
   0.28    0.28 ^ ready_dash$_SDFF_PP0_/Q (sky130_fd_sc_hd__dfxtp_1)
   0.00    0.28 ^ ready$_DFF_P_/D (sky130_fd_sc_hd__dfxtp_1)
           0.28   data arrival time

   0.00    0.00   clock core_clock (rise edge)
   0.00    0.00   clock network delay (ideal)
   0.00    0.00   clock reconvergence pessimism
           0.00 ^ ready$_DFF_P_/CLK (sky130_fd_sc_hd__dfxtp_1)
  -0.04   -0.04   library hold time
          -0.04   data required time
---------------------------------------------------------
          -0.04   data required time
          -0.28   data arrival time
---------------------------------------------------------
           0.32   slack (MET)



==========================================================================
detailed place critical path target clock latency max path
--------------------------------------------------------------------------
0.0000

==========================================================================
detailed place critical path target clock latency min path
--------------------------------------------------------------------------
0.0000

==========================================================================
detailed place critical path source clock latency min path
--------------------------------------------------------------------------
0.0000

==========================================================================
detailed place critical path delay
--------------------------------------------------------------------------
10.6499

==========================================================================
detailed place critical path slack
--------------------------------------------------------------------------
-0.7343

==========================================================================
detailed place slack div critical path delay
--------------------------------------------------------------------------
-6.894900

==========================================================================
detailed place report_power
--------------------------------------------------------------------------
Group                  Internal  Switching    Leakage      Total
                          Power      Power      Power      Power (Watts)
----------------------------------------------------------------
Sequential             1.87e-02   2.28e-03   2.80e-08   2.10e-02   6.0%
Combinational          1.41e-01   1.90e-01   6.60e-08   3.32e-01  94.0%
Clock                  0.00e+00   0.00e+00   0.00e+00   0.00e+00   0.0%
Macro                  0.00e+00   0.00e+00   0.00e+00   0.00e+00   0.0%
Pad                    0.00e+00   0.00e+00   0.00e+00   0.00e+00   0.0%
----------------------------------------------------------------
Total                  1.60e-01   1.93e-01   9.40e-08   3.53e-01 100.0%
                          45.4%      54.6%       0.0%
