
==========================================================================
resizer report_tns
--------------------------------------------------------------------------
tns -10.11

==========================================================================
resizer report_wns
--------------------------------------------------------------------------
wns -0.73

==========================================================================
resizer report_worst_slack
--------------------------------------------------------------------------
worst slack -0.73

==========================================================================
resizer report_checks -path_delay min
--------------------------------------------------------------------------
Startpoint: ready_dash$_SDFF_PP0_
            (rising edge-triggered flip-flop clocked by core_clock)
Endpoint: ready$_DFF_P_ (rising edge-triggered flip-flop clocked by core_clock)
Path Group: core_clock
Path Type: min

Fanout     Cap    Slew   Delay    Time   Description
-----------------------------------------------------------------------------
                  0.00    0.00    0.00   clock core_clock (rise edge)
                          0.00    0.00   clock network delay (ideal)
                  0.00    0.00    0.00 ^ ready_dash$_SDFF_PP0_/CLK (sky130_fd_sc_hd__dfxtp_1)
     1    0.00    0.04    0.28    0.28 ^ ready_dash$_SDFF_PP0_/Q (sky130_fd_sc_hd__dfxtp_1)
                                         ready_dash (net)
                  0.04    0.00    0.28 ^ ready$_DFF_P_/D (sky130_fd_sc_hd__dfxtp_1)
                                  0.28   data arrival time

                  0.00    0.00    0.00   clock core_clock (rise edge)
                          0.00    0.00   clock network delay (ideal)
                          0.00    0.00   clock reconvergence pessimism
                                  0.00 ^ ready$_DFF_P_/CLK (sky130_fd_sc_hd__dfxtp_1)
                         -0.04   -0.04   library hold time
                                 -0.04   data required time
-----------------------------------------------------------------------------
                                 -0.04   data required time
                                 -0.28   data arrival time
-----------------------------------------------------------------------------
                                  0.31   slack (MET)



==========================================================================
resizer report_checks -path_delay max
--------------------------------------------------------------------------
Startpoint: hash/p2_cap[16]$_DFF_P_
            (rising edge-triggered flip-flop clocked by core_clock)
Endpoint: hash/p3_cap[31]$_DFF_P_
          (rising edge-triggered flip-flop clocked by core_clock)
Path Group: core_clock
Path Type: max

Fanout     Cap    Slew   Delay    Time   Description
-----------------------------------------------------------------------------
                  0.00    0.00    0.00   clock core_clock (rise edge)
                          0.00    0.00   clock network delay (ideal)
                  0.00    0.00    0.00 ^ hash/p2_cap[16]$_DFF_P_/CLK (sky130_fd_sc_hd__dfxtp_1)
     5    0.04    0.36    0.51    0.51 ^ hash/p2_cap[16]$_DFF_P_/Q (sky130_fd_sc_hd__dfxtp_1)
                                         hash/p2_cap[16] (net)
                  0.36    0.00    0.51 ^ hash/CA2/S1/_01_/A (sky130_fd_sc_hd__xor3_1)
     1    0.01    0.10    0.53    1.04 v hash/CA2/S1/_01_/X (sky130_fd_sc_hd__xor3_1)
                                         hash/CA2/s1[10] (net)
                  0.10    0.00    1.04 v hash/CA2/_2261_/A (sky130_fd_sc_hd__ha_1)
     4    0.03    0.15    0.42    1.46 v hash/CA2/_2261_/SUM (sky130_fd_sc_hd__ha_1)
                                         hash/CA2/_0981_ (net)
                  0.15    0.00    1.46 v hash/CA2/_1262_/C (sky130_fd_sc_hd__and3_4)
     4    0.02    0.05    0.24    1.71 v hash/CA2/_1262_/X (sky130_fd_sc_hd__and3_4)
                                         hash/CA2/_0547_ (net)
                  0.05    0.00    1.71 v hash/CA2/_1267_/A3 (sky130_fd_sc_hd__a31oi_1)
     1    0.01    0.20    0.21    1.91 ^ hash/CA2/_1267_/Y (sky130_fd_sc_hd__a31oi_1)
                                         hash/CA2/_0552_ (net)
                  0.20    0.00    1.91 ^ hash/CA2/_1268_/B (sky130_fd_sc_hd__nand2_2)
     2    0.01    0.08    0.11    2.02 v hash/CA2/_1268_/Y (sky130_fd_sc_hd__nand2_2)
                                         hash/CA2/_0553_ (net)
                  0.08    0.00    2.02 v hash/CA2/_1310_/A2 (sky130_fd_sc_hd__o21ai_4)
     3    0.02    0.20    0.20    2.22 ^ hash/CA2/_1310_/Y (sky130_fd_sc_hd__o21ai_4)
                                         hash/CA2/_0577_ (net)
                  0.20    0.00    2.22 ^ hash/CA2/_1312_/A1 (sky130_fd_sc_hd__a21oi_1)
     1    0.01    0.08    0.11    2.34 v hash/CA2/_1312_/Y (sky130_fd_sc_hd__a21oi_1)
                                         hash/CA2/_0579_ (net)
                  0.08    0.00    2.34 v hash/CA2/_1313_/A2 (sky130_fd_sc_hd__o21ai_2)
     2    0.01    0.16    0.17    2.51 ^ hash/CA2/_1313_/Y (sky130_fd_sc_hd__o21ai_2)
                                         hash/CA2/_0580_ (net)
                  0.16    0.00    2.51 ^ hash/CA2/_1325_/A2 (sky130_fd_sc_hd__a21oi_2)
     2    0.01    0.06    0.09    2.61 v hash/CA2/_1325_/Y (sky130_fd_sc_hd__a21oi_2)
                                         hash/CA2/_0586_ (net)
                  0.06    0.00    2.61 v hash/CA2/_1345_/A1 (sky130_fd_sc_hd__o31ai_2)
     2    0.01    0.35    0.38    2.98 ^ hash/CA2/_1345_/Y (sky130_fd_sc_hd__o31ai_2)
                                         hash/CA2/_0600_ (net)
                  0.35    0.00    2.98 ^ hash/CA2/_1346_/B (sky130_fd_sc_hd__xnor2_1)
     2    0.02    0.43    0.28    3.26 ^ hash/CA2/_1346_/Y (sky130_fd_sc_hd__xnor2_1)
                                         hash/CA2/_1047_ (net)
                  0.43    0.00    3.26 ^ hash/CA2/_2284_/B (sky130_fd_sc_hd__ha_1)
     4    0.02    0.12    0.38    3.64 v hash/CA2/_2284_/SUM (sky130_fd_sc_hd__ha_1)
                                         hash/CA2/_1049_ (net)
                  0.12    0.00    3.64 v hash/CA2/_2068_/A1 (sky130_fd_sc_hd__a21oi_4)
     5    0.02    0.19    0.22    3.86 ^ hash/CA2/_2068_/Y (sky130_fd_sc_hd__a21oi_4)
                                         hash/CA2/_0463_ (net)
                  0.19    0.00    3.86 ^ hash/CA2/_2097_/A1 (sky130_fd_sc_hd__o21ai_0)
     1    0.00    0.10    0.13    3.99 v hash/CA2/_2097_/Y (sky130_fd_sc_hd__o21ai_0)
                                         hash/CA2/_0487_ (net)
                  0.10    0.00    3.99 v hash/CA2/_2098_/A2 (sky130_fd_sc_hd__a21o_1)
     1    0.00    0.03    0.19    4.19 v hash/CA2/_2098_/X (sky130_fd_sc_hd__a21o_1)
                                         hash/CA2/_0488_ (net)
                  0.03    0.00    4.19 v hash/CA2/_2099_/A2 (sky130_fd_sc_hd__a21o_1)
     1    0.00    0.04    0.17    4.36 v hash/CA2/_2099_/X (sky130_fd_sc_hd__a21o_1)
                                         hash/CA2/_0489_ (net)
                  0.04    0.00    4.36 v hash/CA2/_2100_/A2 (sky130_fd_sc_hd__a21oi_1)
     1    0.01    0.16    0.18    4.53 ^ hash/CA2/_2100_/Y (sky130_fd_sc_hd__a21oi_1)
                                         hash/CA2/_0490_ (net)
                  0.16    0.00    4.53 ^ hash/CA2/_2101_/A (sky130_fd_sc_hd__clkinv_1)
     2    0.01    0.09    0.13    4.66 v hash/CA2/_2101_/Y (sky130_fd_sc_hd__clkinv_1)
                                         hash/CA2/_0491_ (net)
                  0.09    0.00    4.66 v hash/CA2/_2102_/B1 (sky130_fd_sc_hd__a41o_4)
     4    0.02    0.06    0.28    4.94 v hash/CA2/_2102_/X (sky130_fd_sc_hd__a41o_4)
                                         hash/CA2/_0492_ (net)
                  0.06    0.00    4.94 v hash/CA2/_2127_/A1 (sky130_fd_sc_hd__o211ai_1)
     1    0.01    0.21    0.22    5.16 ^ hash/CA2/_2127_/Y (sky130_fd_sc_hd__o211ai_1)
                                         hash/CA2/_0512_ (net)
                  0.21    0.00    5.16 ^ hash/CA2/_2128_/B (sky130_fd_sc_hd__xor2_1)
     2    0.01    0.31    0.31    5.48 ^ hash/CA2/_2128_/X (sky130_fd_sc_hd__xor2_1)
                                         hash/e_new[31] (net)
                  0.31    0.00    5.48 ^ hash/_2830_/A0 (sky130_fd_sc_hd__mux2_8)
     5    0.02    0.07    0.26    5.73 ^ hash/_2830_/X (sky130_fd_sc_hd__mux2_8)
                                         hash/e[31] (net)
                  0.07    0.00    5.73 ^ hash/CA1/S1/_28_/C (sky130_fd_sc_hd__xor3_1)
     1    0.01    0.10    0.26    5.99 v hash/CA1/S1/_28_/X (sky130_fd_sc_hd__xor3_1)
                                         hash/CA1/s1[6] (net)
                  0.10    0.00    5.99 v hash/CA1/_3637_/A (sky130_fd_sc_hd__ha_1)
     5    0.02    0.14    0.41    6.40 v hash/CA1/_3637_/SUM (sky130_fd_sc_hd__ha_1)
                                         hash/CA1/_1672_ (net)
                  0.14    0.00    6.40 v hash/CA1/_2011_/A1 (sky130_fd_sc_hd__a21oi_2)
     4    0.02    0.22    0.26    6.66 ^ hash/CA1/_2011_/Y (sky130_fd_sc_hd__a21oi_2)
                                         hash/CA1/_0023_ (net)
                  0.22    0.00    6.66 ^ hash/CA1/_2027_/B1 (sky130_fd_sc_hd__o211ai_1)
     2    0.01    0.14    0.18    6.84 v hash/CA1/_2027_/Y (sky130_fd_sc_hd__o211ai_1)
                                         hash/CA1/_0034_ (net)
                  0.14    0.00    6.84 v hash/CA1/_2088_/B (sky130_fd_sc_hd__nand3b_1)
     2    0.01    0.15    0.18    7.02 ^ hash/CA1/_2088_/Y (sky130_fd_sc_hd__nand3b_1)
                                         hash/CA1/_0077_ (net)
                  0.15    0.00    7.02 ^ hash/CA1/_2091_/B (sky130_fd_sc_hd__nand3_2)
     2    0.02    0.12    0.14    7.17 v hash/CA1/_2091_/Y (sky130_fd_sc_hd__nand3_2)
                                         hash/CA1/_0080_ (net)
                  0.12    0.00    7.17 v hash/CA1/_2146_/A3 (sky130_fd_sc_hd__a31oi_2)
     3    0.02    0.29    0.33    7.50 ^ hash/CA1/_2146_/Y (sky130_fd_sc_hd__a31oi_2)
                                         hash/CA1/_0119_ (net)
                  0.29    0.00    7.50 ^ hash/CA1/_2147_/A2 (sky130_fd_sc_hd__o21bai_1)
     1    0.01    0.08    0.12    7.62 v hash/CA1/_2147_/Y (sky130_fd_sc_hd__o21bai_1)
                                         hash/CA1/_0120_ (net)
                  0.08    0.00    7.62 v hash/CA1/_2148_/A2 (sky130_fd_sc_hd__a21oi_2)
     1    0.01    0.15    0.19    7.81 ^ hash/CA1/_2148_/Y (sky130_fd_sc_hd__a21oi_2)
                                         hash/CA1/_0121_ (net)
                  0.15    0.00    7.81 ^ hash/CA1/_2149_/B (sky130_fd_sc_hd__xor2_2)
     2    0.03    0.36    0.33    8.14 ^ hash/CA1/_2149_/X (sky130_fd_sc_hd__xor2_2)
                                         hash/CA1/_1139_ (net)
                  0.36    0.00    8.14 ^ hash/CA1/_3450_/CIN (sky130_fd_sc_hd__fa_1)
     1    0.00    0.08    0.48    8.62 v hash/CA1/_3450_/SUM (sky130_fd_sc_hd__fa_1)
                                         hash/CA1/_1141_ (net)
                  0.08    0.00    8.62 v hash/CA1/_2651_/A (sky130_fd_sc_hd__inv_1)
     1    0.01    0.06    0.08    8.70 ^ hash/CA1/_2651_/Y (sky130_fd_sc_hd__inv_1)
                                         hash/CA1/_1764_ (net)
                  0.06    0.00    8.70 ^ hash/CA1/_3671_/B (sky130_fd_sc_hd__ha_1)
     3    0.01    0.10    0.26    8.97 v hash/CA1/_3671_/SUM (sky130_fd_sc_hd__ha_1)
                                         hash/CA1/_1766_ (net)
                  0.10    0.00    8.97 v hash/CA1/_3124_/A (sky130_fd_sc_hd__clkinv_1)
     3    0.01    0.08    0.10    9.07 ^ hash/CA1/_3124_/Y (sky130_fd_sc_hd__clkinv_1)
                                         hash/CA1/_0761_ (net)
                  0.08    0.00    9.07 ^ hash/CA1/_3132_/A1 (sky130_fd_sc_hd__o21bai_1)
     1    0.00    0.06    0.09    9.16 v hash/CA1/_3132_/Y (sky130_fd_sc_hd__o21bai_1)
                                         hash/CA1/_0767_ (net)
                  0.06    0.00    9.16 v hash/CA1/_3133_/A2 (sky130_fd_sc_hd__a21o_4)
     2    0.01    0.04    0.23    9.39 v hash/CA1/_3133_/X (sky130_fd_sc_hd__a21o_4)
                                         hash/CA1/_0768_ (net)
                  0.04    0.00    9.39 v hash/CA1/_3143_/A2 (sky130_fd_sc_hd__a21o_1)
     1    0.01    0.05    0.19    9.58 v hash/CA1/_3143_/X (sky130_fd_sc_hd__a21o_1)
                                         hash/CA1/_0776_ (net)
                  0.05    0.00    9.58 v hash/CA1/_3144_/A2 (sky130_fd_sc_hd__a21oi_2)
     2    0.01    0.16    0.19    9.77 ^ hash/CA1/_3144_/Y (sky130_fd_sc_hd__a21oi_2)
                                         hash/CA1/_0777_ (net)
                  0.16    0.00    9.77 ^ hash/CA1/_3172_/A1 (sky130_fd_sc_hd__o21ai_2)
     1    0.01    0.07    0.10    9.87 v hash/CA1/_3172_/Y (sky130_fd_sc_hd__o21ai_2)
                                         hash/CA1/_0801_ (net)
                  0.07    0.00    9.87 v hash/CA1/_3173_/B1 (sky130_fd_sc_hd__a21oi_4)
     2    0.02    0.19    0.19   10.05 ^ hash/CA1/_3173_/Y (sky130_fd_sc_hd__a21oi_4)
                                         hash/CA1/_0802_ (net)
                  0.19    0.00   10.05 ^ hash/CA1/_3188_/A1 (sky130_fd_sc_hd__o21ai_4)
     4    0.02    0.09    0.11   10.16 v hash/CA1/_3188_/Y (sky130_fd_sc_hd__o21ai_4)
                                         hash/CA1/_0815_ (net)
                  0.09    0.00   10.16 v hash/CA1/_3212_/A1 (sky130_fd_sc_hd__a221oi_1)
     1    0.01    0.31    0.33   10.49 ^ hash/CA1/_3212_/Y (sky130_fd_sc_hd__a221oi_1)
                                         hash/CA1/_0835_ (net)
                  0.31    0.00   10.49 ^ hash/CA1/_3214_/A (sky130_fd_sc_hd__xnor2_1)
     1    0.00    0.06    0.11   10.60 v hash/CA1/_3214_/Y (sky130_fd_sc_hd__xnor2_1)
                                         hash/p3[31] (net)
                  0.06    0.00   10.60 v hash/p3_cap[31]$_DFF_P_/D (sky130_fd_sc_hd__dfxtp_1)
                                 10.60   data arrival time

                  0.00   10.00   10.00   clock core_clock (rise edge)
                          0.00   10.00   clock network delay (ideal)
                          0.00   10.00   clock reconvergence pessimism
                                 10.00 ^ hash/p3_cap[31]$_DFF_P_/CLK (sky130_fd_sc_hd__dfxtp_1)
                         -0.13    9.87   library setup time
                                  9.87   data required time
-----------------------------------------------------------------------------
                                  9.87   data required time
                                -10.60   data arrival time
-----------------------------------------------------------------------------
                                 -0.73   slack (VIOLATED)



==========================================================================
resizer report_checks -unconstrained
--------------------------------------------------------------------------
Startpoint: hash/p2_cap[16]$_DFF_P_
            (rising edge-triggered flip-flop clocked by core_clock)
Endpoint: hash/p3_cap[31]$_DFF_P_
          (rising edge-triggered flip-flop clocked by core_clock)
Path Group: core_clock
Path Type: max

Fanout     Cap    Slew   Delay    Time   Description
-----------------------------------------------------------------------------
                  0.00    0.00    0.00   clock core_clock (rise edge)
                          0.00    0.00   clock network delay (ideal)
                  0.00    0.00    0.00 ^ hash/p2_cap[16]$_DFF_P_/CLK (sky130_fd_sc_hd__dfxtp_1)
     5    0.04    0.36    0.51    0.51 ^ hash/p2_cap[16]$_DFF_P_/Q (sky130_fd_sc_hd__dfxtp_1)
                                         hash/p2_cap[16] (net)
                  0.36    0.00    0.51 ^ hash/CA2/S1/_01_/A (sky130_fd_sc_hd__xor3_1)
     1    0.01    0.10    0.53    1.04 v hash/CA2/S1/_01_/X (sky130_fd_sc_hd__xor3_1)
                                         hash/CA2/s1[10] (net)
                  0.10    0.00    1.04 v hash/CA2/_2261_/A (sky130_fd_sc_hd__ha_1)
     4    0.03    0.15    0.42    1.46 v hash/CA2/_2261_/SUM (sky130_fd_sc_hd__ha_1)
                                         hash/CA2/_0981_ (net)
                  0.15    0.00    1.46 v hash/CA2/_1262_/C (sky130_fd_sc_hd__and3_4)
     4    0.02    0.05    0.24    1.71 v hash/CA2/_1262_/X (sky130_fd_sc_hd__and3_4)
                                         hash/CA2/_0547_ (net)
                  0.05    0.00    1.71 v hash/CA2/_1267_/A3 (sky130_fd_sc_hd__a31oi_1)
     1    0.01    0.20    0.21    1.91 ^ hash/CA2/_1267_/Y (sky130_fd_sc_hd__a31oi_1)
                                         hash/CA2/_0552_ (net)
                  0.20    0.00    1.91 ^ hash/CA2/_1268_/B (sky130_fd_sc_hd__nand2_2)
     2    0.01    0.08    0.11    2.02 v hash/CA2/_1268_/Y (sky130_fd_sc_hd__nand2_2)
                                         hash/CA2/_0553_ (net)
                  0.08    0.00    2.02 v hash/CA2/_1310_/A2 (sky130_fd_sc_hd__o21ai_4)
     3    0.02    0.20    0.20    2.22 ^ hash/CA2/_1310_/Y (sky130_fd_sc_hd__o21ai_4)
                                         hash/CA2/_0577_ (net)
                  0.20    0.00    2.22 ^ hash/CA2/_1312_/A1 (sky130_fd_sc_hd__a21oi_1)
     1    0.01    0.08    0.11    2.34 v hash/CA2/_1312_/Y (sky130_fd_sc_hd__a21oi_1)
                                         hash/CA2/_0579_ (net)
                  0.08    0.00    2.34 v hash/CA2/_1313_/A2 (sky130_fd_sc_hd__o21ai_2)
     2    0.01    0.16    0.17    2.51 ^ hash/CA2/_1313_/Y (sky130_fd_sc_hd__o21ai_2)
                                         hash/CA2/_0580_ (net)
                  0.16    0.00    2.51 ^ hash/CA2/_1325_/A2 (sky130_fd_sc_hd__a21oi_2)
     2    0.01    0.06    0.09    2.61 v hash/CA2/_1325_/Y (sky130_fd_sc_hd__a21oi_2)
                                         hash/CA2/_0586_ (net)
                  0.06    0.00    2.61 v hash/CA2/_1345_/A1 (sky130_fd_sc_hd__o31ai_2)
     2    0.01    0.35    0.38    2.98 ^ hash/CA2/_1345_/Y (sky130_fd_sc_hd__o31ai_2)
                                         hash/CA2/_0600_ (net)
                  0.35    0.00    2.98 ^ hash/CA2/_1346_/B (sky130_fd_sc_hd__xnor2_1)
     2    0.02    0.43    0.28    3.26 ^ hash/CA2/_1346_/Y (sky130_fd_sc_hd__xnor2_1)
                                         hash/CA2/_1047_ (net)
                  0.43    0.00    3.26 ^ hash/CA2/_2284_/B (sky130_fd_sc_hd__ha_1)
     4    0.02    0.12    0.38    3.64 v hash/CA2/_2284_/SUM (sky130_fd_sc_hd__ha_1)
                                         hash/CA2/_1049_ (net)
                  0.12    0.00    3.64 v hash/CA2/_2068_/A1 (sky130_fd_sc_hd__a21oi_4)
     5    0.02    0.19    0.22    3.86 ^ hash/CA2/_2068_/Y (sky130_fd_sc_hd__a21oi_4)
                                         hash/CA2/_0463_ (net)
                  0.19    0.00    3.86 ^ hash/CA2/_2097_/A1 (sky130_fd_sc_hd__o21ai_0)
     1    0.00    0.10    0.13    3.99 v hash/CA2/_2097_/Y (sky130_fd_sc_hd__o21ai_0)
                                         hash/CA2/_0487_ (net)
                  0.10    0.00    3.99 v hash/CA2/_2098_/A2 (sky130_fd_sc_hd__a21o_1)
     1    0.00    0.03    0.19    4.19 v hash/CA2/_2098_/X (sky130_fd_sc_hd__a21o_1)
                                         hash/CA2/_0488_ (net)
                  0.03    0.00    4.19 v hash/CA2/_2099_/A2 (sky130_fd_sc_hd__a21o_1)
     1    0.00    0.04    0.17    4.36 v hash/CA2/_2099_/X (sky130_fd_sc_hd__a21o_1)
                                         hash/CA2/_0489_ (net)
                  0.04    0.00    4.36 v hash/CA2/_2100_/A2 (sky130_fd_sc_hd__a21oi_1)
     1    0.01    0.16    0.18    4.53 ^ hash/CA2/_2100_/Y (sky130_fd_sc_hd__a21oi_1)
                                         hash/CA2/_0490_ (net)
                  0.16    0.00    4.53 ^ hash/CA2/_2101_/A (sky130_fd_sc_hd__clkinv_1)
     2    0.01    0.09    0.13    4.66 v hash/CA2/_2101_/Y (sky130_fd_sc_hd__clkinv_1)
                                         hash/CA2/_0491_ (net)
                  0.09    0.00    4.66 v hash/CA2/_2102_/B1 (sky130_fd_sc_hd__a41o_4)
     4    0.02    0.06    0.28    4.94 v hash/CA2/_2102_/X (sky130_fd_sc_hd__a41o_4)
                                         hash/CA2/_0492_ (net)
                  0.06    0.00    4.94 v hash/CA2/_2127_/A1 (sky130_fd_sc_hd__o211ai_1)
     1    0.01    0.21    0.22    5.16 ^ hash/CA2/_2127_/Y (sky130_fd_sc_hd__o211ai_1)
                                         hash/CA2/_0512_ (net)
                  0.21    0.00    5.16 ^ hash/CA2/_2128_/B (sky130_fd_sc_hd__xor2_1)
     2    0.01    0.31    0.31    5.48 ^ hash/CA2/_2128_/X (sky130_fd_sc_hd__xor2_1)
                                         hash/e_new[31] (net)
                  0.31    0.00    5.48 ^ hash/_2830_/A0 (sky130_fd_sc_hd__mux2_8)
     5    0.02    0.07    0.26    5.73 ^ hash/_2830_/X (sky130_fd_sc_hd__mux2_8)
                                         hash/e[31] (net)
                  0.07    0.00    5.73 ^ hash/CA1/S1/_28_/C (sky130_fd_sc_hd__xor3_1)
     1    0.01    0.10    0.26    5.99 v hash/CA1/S1/_28_/X (sky130_fd_sc_hd__xor3_1)
                                         hash/CA1/s1[6] (net)
                  0.10    0.00    5.99 v hash/CA1/_3637_/A (sky130_fd_sc_hd__ha_1)
     5    0.02    0.14    0.41    6.40 v hash/CA1/_3637_/SUM (sky130_fd_sc_hd__ha_1)
                                         hash/CA1/_1672_ (net)
                  0.14    0.00    6.40 v hash/CA1/_2011_/A1 (sky130_fd_sc_hd__a21oi_2)
     4    0.02    0.22    0.26    6.66 ^ hash/CA1/_2011_/Y (sky130_fd_sc_hd__a21oi_2)
                                         hash/CA1/_0023_ (net)
                  0.22    0.00    6.66 ^ hash/CA1/_2027_/B1 (sky130_fd_sc_hd__o211ai_1)
     2    0.01    0.14    0.18    6.84 v hash/CA1/_2027_/Y (sky130_fd_sc_hd__o211ai_1)
                                         hash/CA1/_0034_ (net)
                  0.14    0.00    6.84 v hash/CA1/_2088_/B (sky130_fd_sc_hd__nand3b_1)
     2    0.01    0.15    0.18    7.02 ^ hash/CA1/_2088_/Y (sky130_fd_sc_hd__nand3b_1)
                                         hash/CA1/_0077_ (net)
                  0.15    0.00    7.02 ^ hash/CA1/_2091_/B (sky130_fd_sc_hd__nand3_2)
     2    0.02    0.12    0.14    7.17 v hash/CA1/_2091_/Y (sky130_fd_sc_hd__nand3_2)
                                         hash/CA1/_0080_ (net)
                  0.12    0.00    7.17 v hash/CA1/_2146_/A3 (sky130_fd_sc_hd__a31oi_2)
     3    0.02    0.29    0.33    7.50 ^ hash/CA1/_2146_/Y (sky130_fd_sc_hd__a31oi_2)
                                         hash/CA1/_0119_ (net)
                  0.29    0.00    7.50 ^ hash/CA1/_2147_/A2 (sky130_fd_sc_hd__o21bai_1)
     1    0.01    0.08    0.12    7.62 v hash/CA1/_2147_/Y (sky130_fd_sc_hd__o21bai_1)
                                         hash/CA1/_0120_ (net)
                  0.08    0.00    7.62 v hash/CA1/_2148_/A2 (sky130_fd_sc_hd__a21oi_2)
     1    0.01    0.15    0.19    7.81 ^ hash/CA1/_2148_/Y (sky130_fd_sc_hd__a21oi_2)
                                         hash/CA1/_0121_ (net)
                  0.15    0.00    7.81 ^ hash/CA1/_2149_/B (sky130_fd_sc_hd__xor2_2)
     2    0.03    0.36    0.33    8.14 ^ hash/CA1/_2149_/X (sky130_fd_sc_hd__xor2_2)
                                         hash/CA1/_1139_ (net)
                  0.36    0.00    8.14 ^ hash/CA1/_3450_/CIN (sky130_fd_sc_hd__fa_1)
     1    0.00    0.08    0.48    8.62 v hash/CA1/_3450_/SUM (sky130_fd_sc_hd__fa_1)
                                         hash/CA1/_1141_ (net)
                  0.08    0.00    8.62 v hash/CA1/_2651_/A (sky130_fd_sc_hd__inv_1)
     1    0.01    0.06    0.08    8.70 ^ hash/CA1/_2651_/Y (sky130_fd_sc_hd__inv_1)
                                         hash/CA1/_1764_ (net)
                  0.06    0.00    8.70 ^ hash/CA1/_3671_/B (sky130_fd_sc_hd__ha_1)
     3    0.01    0.10    0.26    8.97 v hash/CA1/_3671_/SUM (sky130_fd_sc_hd__ha_1)
                                         hash/CA1/_1766_ (net)
                  0.10    0.00    8.97 v hash/CA1/_3124_/A (sky130_fd_sc_hd__clkinv_1)
     3    0.01    0.08    0.10    9.07 ^ hash/CA1/_3124_/Y (sky130_fd_sc_hd__clkinv_1)
                                         hash/CA1/_0761_ (net)
                  0.08    0.00    9.07 ^ hash/CA1/_3132_/A1 (sky130_fd_sc_hd__o21bai_1)
     1    0.00    0.06    0.09    9.16 v hash/CA1/_3132_/Y (sky130_fd_sc_hd__o21bai_1)
                                         hash/CA1/_0767_ (net)
                  0.06    0.00    9.16 v hash/CA1/_3133_/A2 (sky130_fd_sc_hd__a21o_4)
     2    0.01    0.04    0.23    9.39 v hash/CA1/_3133_/X (sky130_fd_sc_hd__a21o_4)
                                         hash/CA1/_0768_ (net)
                  0.04    0.00    9.39 v hash/CA1/_3143_/A2 (sky130_fd_sc_hd__a21o_1)
     1    0.01    0.05    0.19    9.58 v hash/CA1/_3143_/X (sky130_fd_sc_hd__a21o_1)
                                         hash/CA1/_0776_ (net)
                  0.05    0.00    9.58 v hash/CA1/_3144_/A2 (sky130_fd_sc_hd__a21oi_2)
     2    0.01    0.16    0.19    9.77 ^ hash/CA1/_3144_/Y (sky130_fd_sc_hd__a21oi_2)
                                         hash/CA1/_0777_ (net)
                  0.16    0.00    9.77 ^ hash/CA1/_3172_/A1 (sky130_fd_sc_hd__o21ai_2)
     1    0.01    0.07    0.10    9.87 v hash/CA1/_3172_/Y (sky130_fd_sc_hd__o21ai_2)
                                         hash/CA1/_0801_ (net)
                  0.07    0.00    9.87 v hash/CA1/_3173_/B1 (sky130_fd_sc_hd__a21oi_4)
     2    0.02    0.19    0.19   10.05 ^ hash/CA1/_3173_/Y (sky130_fd_sc_hd__a21oi_4)
                                         hash/CA1/_0802_ (net)
                  0.19    0.00   10.05 ^ hash/CA1/_3188_/A1 (sky130_fd_sc_hd__o21ai_4)
     4    0.02    0.09    0.11   10.16 v hash/CA1/_3188_/Y (sky130_fd_sc_hd__o21ai_4)
                                         hash/CA1/_0815_ (net)
                  0.09    0.00   10.16 v hash/CA1/_3212_/A1 (sky130_fd_sc_hd__a221oi_1)
     1    0.01    0.31    0.33   10.49 ^ hash/CA1/_3212_/Y (sky130_fd_sc_hd__a221oi_1)
                                         hash/CA1/_0835_ (net)
                  0.31    0.00   10.49 ^ hash/CA1/_3214_/A (sky130_fd_sc_hd__xnor2_1)
     1    0.00    0.06    0.11   10.60 v hash/CA1/_3214_/Y (sky130_fd_sc_hd__xnor2_1)
                                         hash/p3[31] (net)
                  0.06    0.00   10.60 v hash/p3_cap[31]$_DFF_P_/D (sky130_fd_sc_hd__dfxtp_1)
                                 10.60   data arrival time

                  0.00   10.00   10.00   clock core_clock (rise edge)
                          0.00   10.00   clock network delay (ideal)
                          0.00   10.00   clock reconvergence pessimism
                                 10.00 ^ hash/p3_cap[31]$_DFF_P_/CLK (sky130_fd_sc_hd__dfxtp_1)
                         -0.13    9.87   library setup time
                                  9.87   data required time
-----------------------------------------------------------------------------
                                  9.87   data required time
                                -10.60   data arrival time
-----------------------------------------------------------------------------
                                 -0.73   slack (VIOLATED)



==========================================================================
resizer report_check_types -max_slew -max_cap -max_fanout -violators
--------------------------------------------------------------------------

==========================================================================
resizer max_slew_check_slack
--------------------------------------------------------------------------
0.1224365085363388

==========================================================================
resizer max_slew_check_limit
--------------------------------------------------------------------------
1.4979510307312012

==========================================================================
resizer max_slew_check_slack_limit
--------------------------------------------------------------------------
0.0817

==========================================================================
resizer max_fanout_check_slack
--------------------------------------------------------------------------
1.0000000150474662e+30

==========================================================================
resizer max_fanout_check_limit
--------------------------------------------------------------------------
1.0000000150474662e+30

==========================================================================
resizer max_capacitance_check_slack
--------------------------------------------------------------------------
0.012721540406346321

==========================================================================
resizer max_capacitance_check_limit
--------------------------------------------------------------------------
0.1620579957962036

==========================================================================
resizer max_capacitance_check_slack_limit
--------------------------------------------------------------------------
0.0785

==========================================================================
resizer max_slew_violation_count
--------------------------------------------------------------------------
max slew violation count 0

==========================================================================
resizer max_fanout_violation_count
--------------------------------------------------------------------------
max fanout violation count 0

==========================================================================
resizer max_cap_violation_count
--------------------------------------------------------------------------
max cap violation count 0

==========================================================================
resizer setup_violation_count
--------------------------------------------------------------------------
setup violation count 30

==========================================================================
resizer hold_violation_count
--------------------------------------------------------------------------
hold violation count 0

==========================================================================
resizer report_checks -path_delay max reg to reg
--------------------------------------------------------------------------
Startpoint: hash/p2_cap[16]$_DFF_P_
            (rising edge-triggered flip-flop clocked by core_clock)
Endpoint: hash/p3_cap[31]$_DFF_P_
          (rising edge-triggered flip-flop clocked by core_clock)
Path Group: core_clock
Path Type: max

  Delay    Time   Description
---------------------------------------------------------
   0.00    0.00   clock core_clock (rise edge)
   0.00    0.00   clock network delay (ideal)
   0.00    0.00 ^ hash/p2_cap[16]$_DFF_P_/CLK (sky130_fd_sc_hd__dfxtp_1)
   0.51    0.51 ^ hash/p2_cap[16]$_DFF_P_/Q (sky130_fd_sc_hd__dfxtp_1)
   0.53    1.04 v hash/CA2/S1/_01_/X (sky130_fd_sc_hd__xor3_1)
   0.42    1.46 v hash/CA2/_2261_/SUM (sky130_fd_sc_hd__ha_1)
   0.24    1.71 v hash/CA2/_1262_/X (sky130_fd_sc_hd__and3_4)
   0.21    1.91 ^ hash/CA2/_1267_/Y (sky130_fd_sc_hd__a31oi_1)
   0.11    2.02 v hash/CA2/_1268_/Y (sky130_fd_sc_hd__nand2_2)
   0.20    2.22 ^ hash/CA2/_1310_/Y (sky130_fd_sc_hd__o21ai_4)
   0.12    2.34 v hash/CA2/_1312_/Y (sky130_fd_sc_hd__a21oi_1)
   0.17    2.51 ^ hash/CA2/_1313_/Y (sky130_fd_sc_hd__o21ai_2)
   0.09    2.61 v hash/CA2/_1325_/Y (sky130_fd_sc_hd__a21oi_2)
   0.38    2.98 ^ hash/CA2/_1345_/Y (sky130_fd_sc_hd__o31ai_2)
   0.28    3.26 ^ hash/CA2/_1346_/Y (sky130_fd_sc_hd__xnor2_1)
   0.38    3.64 v hash/CA2/_2284_/SUM (sky130_fd_sc_hd__ha_1)
   0.22    3.86 ^ hash/CA2/_2068_/Y (sky130_fd_sc_hd__a21oi_4)
   0.13    3.99 v hash/CA2/_2097_/Y (sky130_fd_sc_hd__o21ai_0)
   0.19    4.19 v hash/CA2/_2098_/X (sky130_fd_sc_hd__a21o_1)
   0.17    4.36 v hash/CA2/_2099_/X (sky130_fd_sc_hd__a21o_1)
   0.18    4.53 ^ hash/CA2/_2100_/Y (sky130_fd_sc_hd__a21oi_1)
   0.13    4.66 v hash/CA2/_2101_/Y (sky130_fd_sc_hd__clkinv_1)
   0.28    4.94 v hash/CA2/_2102_/X (sky130_fd_sc_hd__a41o_4)
   0.22    5.16 ^ hash/CA2/_2127_/Y (sky130_fd_sc_hd__o211ai_1)
   0.31    5.48 ^ hash/CA2/_2128_/X (sky130_fd_sc_hd__xor2_1)
   0.26    5.73 ^ hash/_2830_/X (sky130_fd_sc_hd__mux2_8)
   0.26    5.99 v hash/CA1/S1/_28_/X (sky130_fd_sc_hd__xor3_1)
   0.41    6.40 v hash/CA1/_3637_/SUM (sky130_fd_sc_hd__ha_1)
   0.26    6.66 ^ hash/CA1/_2011_/Y (sky130_fd_sc_hd__a21oi_2)
   0.18    6.84 v hash/CA1/_2027_/Y (sky130_fd_sc_hd__o211ai_1)
   0.18    7.02 ^ hash/CA1/_2088_/Y (sky130_fd_sc_hd__nand3b_1)
   0.14    7.17 v hash/CA1/_2091_/Y (sky130_fd_sc_hd__nand3_2)
   0.33    7.50 ^ hash/CA1/_2146_/Y (sky130_fd_sc_hd__a31oi_2)
   0.12    7.62 v hash/CA1/_2147_/Y (sky130_fd_sc_hd__o21bai_1)
   0.19    7.81 ^ hash/CA1/_2148_/Y (sky130_fd_sc_hd__a21oi_2)
   0.33    8.14 ^ hash/CA1/_2149_/X (sky130_fd_sc_hd__xor2_2)
   0.48    8.62 v hash/CA1/_3450_/SUM (sky130_fd_sc_hd__fa_1)
   0.08    8.70 ^ hash/CA1/_2651_/Y (sky130_fd_sc_hd__inv_1)
   0.26    8.97 v hash/CA1/_3671_/SUM (sky130_fd_sc_hd__ha_1)
   0.10    9.07 ^ hash/CA1/_3124_/Y (sky130_fd_sc_hd__clkinv_1)
   0.09    9.16 v hash/CA1/_3132_/Y (sky130_fd_sc_hd__o21bai_1)
   0.23    9.39 v hash/CA1/_3133_/X (sky130_fd_sc_hd__a21o_4)
   0.19    9.58 v hash/CA1/_3143_/X (sky130_fd_sc_hd__a21o_1)
   0.19    9.77 ^ hash/CA1/_3144_/Y (sky130_fd_sc_hd__a21oi_2)
   0.10    9.87 v hash/CA1/_3172_/Y (sky130_fd_sc_hd__o21ai_2)
   0.19   10.05 ^ hash/CA1/_3173_/Y (sky130_fd_sc_hd__a21oi_4)
   0.11   10.16 v hash/CA1/_3188_/Y (sky130_fd_sc_hd__o21ai_4)
   0.33   10.49 ^ hash/CA1/_3212_/Y (sky130_fd_sc_hd__a221oi_1)
   0.11   10.60 v hash/CA1/_3214_/Y (sky130_fd_sc_hd__xnor2_1)
   0.00   10.60 v hash/p3_cap[31]$_DFF_P_/D (sky130_fd_sc_hd__dfxtp_1)
          10.60   data arrival time

  10.00   10.00   clock core_clock (rise edge)
   0.00   10.00   clock network delay (ideal)
   0.00   10.00   clock reconvergence pessimism
          10.00 ^ hash/p3_cap[31]$_DFF_P_/CLK (sky130_fd_sc_hd__dfxtp_1)
  -0.13    9.87   library setup time
           9.87   data required time
---------------------------------------------------------
           9.87   data required time
         -10.60   data arrival time
---------------------------------------------------------
          -0.73   slack (VIOLATED)



==========================================================================
resizer report_checks -path_delay min reg to reg
--------------------------------------------------------------------------
Startpoint: ready_dash$_SDFF_PP0_
            (rising edge-triggered flip-flop clocked by core_clock)
Endpoint: ready$_DFF_P_ (rising edge-triggered flip-flop clocked by core_clock)
Path Group: core_clock
Path Type: min

  Delay    Time   Description
---------------------------------------------------------
   0.00    0.00   clock core_clock (rise edge)
   0.00    0.00   clock network delay (ideal)
   0.00    0.00 ^ ready_dash$_SDFF_PP0_/CLK (sky130_fd_sc_hd__dfxtp_1)
   0.28    0.28 ^ ready_dash$_SDFF_PP0_/Q (sky130_fd_sc_hd__dfxtp_1)
   0.00    0.28 ^ ready$_DFF_P_/D (sky130_fd_sc_hd__dfxtp_1)
           0.28   data arrival time

   0.00    0.00   clock core_clock (rise edge)
   0.00    0.00   clock network delay (ideal)
   0.00    0.00   clock reconvergence pessimism
           0.00 ^ ready$_DFF_P_/CLK (sky130_fd_sc_hd__dfxtp_1)
  -0.04   -0.04   library hold time
          -0.04   data required time
---------------------------------------------------------
          -0.04   data required time
          -0.28   data arrival time
---------------------------------------------------------
           0.31   slack (MET)



==========================================================================
resizer critical path target clock latency max path
--------------------------------------------------------------------------
0.0000

==========================================================================
resizer critical path target clock latency min path
--------------------------------------------------------------------------
0.0000

==========================================================================
resizer critical path source clock latency min path
--------------------------------------------------------------------------
0.0000

==========================================================================
resizer critical path delay
--------------------------------------------------------------------------
10.5980

==========================================================================
resizer critical path slack
--------------------------------------------------------------------------
-0.7273

==========================================================================
resizer slack div critical path delay
--------------------------------------------------------------------------
-6.862616

==========================================================================
resizer report_power
--------------------------------------------------------------------------
Group                  Internal  Switching    Leakage      Total
                          Power      Power      Power      Power (Watts)
----------------------------------------------------------------
Sequential             1.86e-02   2.25e-03   2.80e-08   2.09e-02   5.9%
Combinational          1.41e-01   1.91e-01   6.60e-08   3.32e-01  94.1%
Clock                  0.00e+00   0.00e+00   0.00e+00   0.00e+00   0.0%
Macro                  0.00e+00   0.00e+00   0.00e+00   0.00e+00   0.0%
Pad                    0.00e+00   0.00e+00   0.00e+00   0.00e+00   0.0%
----------------------------------------------------------------
Total                  1.60e-01   1.94e-01   9.40e-08   3.53e-01 100.0%
                          45.2%      54.8%       0.0%
